-14
━━━━━━━━━━━━━━━━━━━━━━━━━━━━━━━━━━━━━━━━
-14
━━━━━━━━━━━━━━━━━━━━━━━━━━━━━━━━━━━━━━━━
-14
━━━━━━━━━━━━━━━━━━━━━━━━━━━━━━━━━━━━━━━━
-14
━━━━━━━━━━━━━━━━━━━━━━━━━━━━━━━━━━━━━━━━
-14
━━━━━━━━━━━━━━━━━━━━━━━━━━━━━━━━━━━━━━━━
-14
━━━━━━━━━━━━━━━━━━━━━━━━━━━━━━━━━━━━━━━━
        Procedure : frmInterface - Private Sub cmdRun()

     Error Source : MSComm

     Error Number : 8002

Error Description : 포트 번호가 잘못되었습니다.

             Date : 2004년 10월 27일 월요일

             Time : 오전 2:10:18
━━━━━━━━━━━━━━━━━━━━━━━━━━━━━━━━━━━━━━━━
        Procedure : frmInterface - Private Sub cmdRun()

     Error Source : MSComm

     Error Number : 8002

Error Description : 포트 번호가 잘못되었습니다.

             Date : 2004년 10월 27일 월요일

             Time : 오전 9:38:25
━━━━━━━━━━━━━━━━━━━━━━━━━━━━━━━━━━━━━━━━
        Procedure : frmInterface - Private Sub cmdRun()

     Error Source : MSComm

     Error Number : 8002

Error Description : 포트 번호가 잘못되었습니다.

             Date : 2004년 10월 27일 월요일

             Time : 오전 9:44:29
━━━━━━━━━━━━━━━━━━━━━━━━━━━━━━━━━━━━━━━━
        Procedure : frmInterface - Private Sub cmdRun()

     Error Source : MSComm

     Error Number : 8002

Error Description : 포트 번호가 잘못되었습니다.

             Date : 2004년 10월 27일 월요일

             Time : 오전 9:44:37
━━━━━━━━━━━━━━━━━━━━━━━━━━━━━━━━━━━━━━━━
