        Procedure : frmInterface - Privete sub psDataDefine()

     Error Source : KX21

     Error Number : 9

Error Description : 첨자 사용이 잘못되었습니다.

             Date : 2005년 9월 9일 월요일

             Time : 오전 10:08:31
━━━━━━━━━━━━━━━━━━━━━━━━━━━━━━━━━━━━━━━━
        Procedure : frmInterface - Privete sub psDataDefine()

     Error Source : KX21

     Error Number : 9

Error Description : 첨자 사용이 잘못되었습니다.

             Date : 2005년 9월 9일 월요일

             Time : 오전 11:12:35
━━━━━━━━━━━━━━━━━━━━━━━━━━━━━━━━━━━━━━━━
        Procedure : frmInterface - Privete sub psDataDefine()

     Error Source : KX21

     Error Number : 9

Error Description : 첨자 사용이 잘못되었습니다.

             Date : 2005년 9월 9일 월요일

             Time : 오전 11:20:02
━━━━━━━━━━━━━━━━━━━━━━━━━━━━━━━━━━━━━━━━
        Procedure : frmInterface - Privete sub psDataDefine()

     Error Source : KX21

     Error Number : 9

Error Description : 첨자 사용이 잘못되었습니다.

             Date : 2005년 9월 9일 월요일

             Time : 오전 11:21:23
━━━━━━━━━━━━━━━━━━━━━━━━━━━━━━━━━━━━━━━━
        Procedure : clsCommon - Public Function f_subSet_WorkList() As ADODB.Recordset

     Error Source : KX21

     Error Number : 91

Error Description : 개체 변수 또는 With 문의 변수가 설정되어 있지 않습니다.

             Date : 2005년 9월 9일 월요일

             Time : 오후 1:34:47
━━━━━━━━━━━━━━━━━━━━━━━━━━━━━━━━━━━━━━━━
        Procedure : clsCommon - Public Function f_subSet_WorkList() As ADODB.Recordset

     Error Source : KX21

     Error Number : 91

Error Description : 개체 변수 또는 With 문의 변수가 설정되어 있지 않습니다.

             Date : 2005년 9월 9일 월요일

             Time : 오후 1:35:26
━━━━━━━━━━━━━━━━━━━━━━━━━━━━━━━━━━━━━━━━
