        Procedure : Private Sub MDIForm_Tool()

     Error Source : ADODB.Recordset

     Error Number : 3709

Error Description : 檜 濛機擊 熱чж朝 等 翱唸擊 餌辨й 熱 橈蝗棲棻. 檜 鐘臢蝶お縑憮 翱唸檜 殘⑵ 氈剪釭 澀跤腎歷蝗棲棻.

             Date : 2004喇 11錯 11橾 錯蹂橾

             Time : 螃 1:11:43
收收收收收收收收收收收收收收收收收收收收收收收收收收收收收收收收收收收收收收收收
        Procedure : Private Sub MDIForm_Tool()

     Error Source : ADODB.Recordset

     Error Number : 3704

Error Description : 偃羹陛 殘⑵氈戲賊 濛機檜 ъ辨腎雖 彊蝗棲棻.

             Date : 2004喇 11錯 11橾 錯蹂橾

             Time : 螃 1:11:44
收收收收收收收收收收收收收收收收收收收收收收收收收收收收收收收收收收收收收收收收
        Procedure : Private Sub MDIForm_Tool()

     Error Source : ADODB.Recordset

     Error Number : 3704

Error Description : 偃羹陛 殘⑵氈戲賊 濛機檜 ъ辨腎雖 彊蝗棲棻.

             Date : 2004喇 11錯 11橾 錯蹂橾

             Time : 螃 1:11:45
收收收收收收收收收收收收收收收收收收收收收收收收收收收收收收收收收收收收收收收收
        Procedure : Private Sub MDIForm_Tool()

     Error Source : ADODB.Recordset

     Error Number : 3704

Error Description : 偃羹陛 殘⑵氈戲賊 濛機檜 ъ辨腎雖 彊蝗棲棻.

             Date : 2004喇 11錯 11橾 錯蹂橾

             Time : 螃 1:11:45
收收收收收收收收收收收收收收收收收收收收收收收收收收收收收收收收收收收收收收收收
        Procedure : Private Sub MDIForm_Tool()

     Error Source : ADODB.Fields

     Error Number : 3265

Error Description : 蹂羶и 檜葷 傳朝 憮熱縑 п渡ж朝 鏽滓暮縑憮 о跡擊 瓊擊 熱 橈蝗棲棻.

             Date : 2004喇 11錯 11橾 錯蹂橾

             Time : 螃 1:11:46
收收收收收收收收收收收收收收收收收收收收收收收收收收收收收收收收收收收收收收收收
        Procedure : Private Sub MDIForm_Tool()

     Error Source : ADODB.Recordset

     Error Number : 3704

Error Description : 偃羹陛 殘⑵氈戲賊 濛機檜 ъ辨腎雖 彊蝗棲棻.

             Date : 2004喇 11錯 11橾 錯蹂橾

             Time : 螃 1:11:46
收收收收收收收收收收收收收收收收收收收收收收收收收收收收收收收收收收收收收收收收
        Procedure : Private Sub MDIForm_Tool()

     Error Source : ADODB.Recordset

     Error Number : 3709

Error Description : 檜 濛機擊 熱чж朝 等 翱唸擊 餌辨й 熱 橈蝗棲棻. 檜 鐘臢蝶お縑憮 翱唸檜 殘⑵ 氈剪釭 澀跤腎歷蝗棲棻.

             Date : 2004喇 11錯 11橾 錯蹂橾

             Time : 螃 1:11:46
收收收收收收收收收收收收收收收收收收收收收收收收收收收收收收收收收收收收收收收收
        Procedure : Private Sub MDIForm_Tool()

     Error Source : ADODB.Recordset

     Error Number : 3704

Error Description : 偃羹陛 殘⑵氈戲賊 濛機檜 ъ辨腎雖 彊蝗棲棻.

             Date : 2004喇 11錯 11橾 錯蹂橾

             Time : 螃 1:11:46
收收收收收收收收收收收收收收收收收收收收收收收收收收收收收收收收收收收收收收收收
        Procedure : Private Sub MDIForm_Tool()

     Error Source : ADODB.Recordset

     Error Number : 3704

Error Description : 偃羹陛 殘⑵氈戲賊 濛機檜 ъ辨腎雖 彊蝗棲棻.

             Date : 2004喇 11錯 11橾 錯蹂橾

             Time : 螃 1:11:46
收收收收收收收收收收收收收收收收收收收收收收收收收收收收收收收收收收收收收收收收
        Procedure : Private Sub MDIForm_Tool()

     Error Source : ADODB.Recordset

     Error Number : 3704

Error Description : 偃羹陛 殘⑵氈戲賊 濛機檜 ъ辨腎雖 彊蝗棲棻.

             Date : 2004喇 11錯 11橾 錯蹂橾

             Time : 螃 1:11:47
收收收收收收收收收收收收收收收收收收收收收收收收收收收收收收收收收收收收收收收收
        Procedure : Private Sub MDIForm_Tool()

     Error Source : ADODB.Fields

     Error Number : 3265

Error Description : 蹂羶и 檜葷 傳朝 憮熱縑 п渡ж朝 鏽滓暮縑憮 о跡擊 瓊擊 熱 橈蝗棲棻.

             Date : 2004喇 11錯 11橾 錯蹂橾

             Time : 螃 1:11:47
收收收收收收收收收收收收收收收收收收收收收收收收收收收收收收收收收收收收收收收收
        Procedure : Private Sub MDIForm_Tool()

     Error Source : ADODB.Recordset

     Error Number : 3704

Error Description : 偃羹陛 殘⑵氈戲賊 濛機檜 ъ辨腎雖 彊蝗棲棻.

             Date : 2004喇 11錯 11橾 錯蹂橾

             Time : 螃 1:11:47
收收收收收收收收收收收收收收收收收收收收收收收收收收收收收收收收收收收收收收收收
        Procedure : frmInterface - Private Sub cmdRun()

     Error Source : MSComm

     Error Number : 8002

Error Description : んお 廓ㄟ 澀跤腎歷蝗棲棻.

             Date : 2004喇 11錯 11橾 錯蹂橾

             Time : 螃 1:12:32
收收收收收收收收收收收收收收收收收收收收收收收收收收收收收收收收收收收收收收收收
        Procedure : frmInterface - Private Sub cmdRun()

     Error Source : MSComm

     Error Number : 8002

Error Description : んお 廓ㄟ 澀跤腎歷蝗棲棻.

             Date : 2004喇 11錯 11橾 錯蹂橾

             Time : 螃 1:12:40
收收收收收收收收收收收收收收收收收收收收收收收收收收收收收收收收收收收收收收收收
        Procedure : frmInterface - Private Sub cmdRun()

     Error Source : MSComm

     Error Number : 8002

Error Description : んお 廓ㄟ 澀跤腎歷蝗棲棻.

             Date : 2004喇 11錯 11橾 錯蹂橾

             Time : 螃 1:13:17
收收收收收收收收收收收收收收收收收收收收收收收收收收收收收收收收收收收收收收收收
