        Procedure : 

     Error Source : Microsoft OLE DB Provider for SQL Server

     Error Number : -2147217865

Error Description : 개체 이름 'LAB_Machine_Coda'이(가) 잘못되었습니다.

             Date : 2008년 2월 19일 월요일

             Time : 오후 1:51:27
━━━━━━━━━━━━━━━━━━━━━━━━━━━━━━━━━━━━━━━━
        Procedure : 

     Error Source : Microsoft OLE DB Provider for SQL Server

     Error Number : -2147217865

Error Description : 개체 이름 'LAB_Machine_Coda'이(가) 잘못되었습니다.

             Date : 2008년 2월 19일 월요일

             Time : 오후 1:52:45
━━━━━━━━━━━━━━━━━━━━━━━━━━━━━━━━━━━━━━━━
        Procedure : frmInterface - Private Sub cmdRun()

     Error Source : MSComm

     Error Number : 8002

Error Description : 포트 번호가 잘못되었습니다.

             Date : 2008년 2월 19일 월요일

             Time : 오후 1:52:54
━━━━━━━━━━━━━━━━━━━━━━━━━━━━━━━━━━━━━━━━
