        Procedure : frmInterface - Private Sub cmdRun()

     Error Source : MSComm

     Error Number : 8002

Error Description : 포트 번호가 잘못되었습니다.

             Date : 2012년 4월 4일 월요일

             Time : 오전 9:18:16
━━━━━━━━━━━━━━━━━━━━━━━━━━━━━━━━━━━━━━━━
        Procedure : clsCommon - Public Function f_subSet_WorkList_Barcode() As ADODB.Recordset

     Error Source : Microsoft OLE DB Provider for Oracle

     Error Number : -2147217865

Error Description : ORA-00942: 테이블 또는 뷰가 존재하지 않습니다


             Date : 2012년 4월 4일 월요일

             Time : 오후 2:01:43
━━━━━━━━━━━━━━━━━━━━━━━━━━━━━━━━━━━━━━━━
        Procedure : 

     Error Source : ADODB.Recordset

     Error Number : 3709

Error Description : 이 작업을 수행하는 데 연결을 사용할 수 없습니다. 이 컨텍스트에서 연결이 닫혀 있거나 잘못되었습니다.

             Date : 2012년 4월 4일 월요일

             Time : 오후 4:46:16
━━━━━━━━━━━━━━━━━━━━━━━━━━━━━━━━━━━━━━━━
        Procedure : frmInterface - Private Sub cmdRun()

     Error Source : MSComm

     Error Number : 8002

Error Description : 포트 번호가 잘못되었습니다.

             Date : 2012년 4월 4일 월요일

             Time : 오후 6:19:03
━━━━━━━━━━━━━━━━━━━━━━━━━━━━━━━━━━━━━━━━
