## IISErrors Version History ##

## 버  전: 1.0.0
## 작성일: 2003-12-03

## 버  전: 1.0.0
## 적용일: 2004-09-30
## 병  원: 동국대학교 경주병원

## 버  전: 1.0.1
## 수정일: 2004-11-18
## 내  용:
    1. "R016" 해결방법 상수 추가(Vitek 장비에서 이용)
       - clsIISIntError

## 버  전: 1.0.1
## 적용일: 2004-12-09
## 병  원: 전주예수병원

## 버  전: 1.0.1
## 적용일: 2005-01-28
## 병  원: 동국대학교 경주병원

## 버  전: 1.0.2
## 수정일: 2005-09-14
## 내  용:
    1. R017, R018, R019, R020 코드추가(BEP III 장비에서 사용)
       - clsIISIntError

## 버  전: 1.0.3
## 수정일: 2005-09-15
## 내  용:
    1. R021, R022, R023 코드추가(LASC-HST 장비에서 사용)
       - clsIISIntError

## 버  전: 1.0.3
## 적용일: 2005-09-06
## 병  원: 단국대병원
