## ACL 9000 Version History ##

## 버  전: 1.0.0
## 작성일: 2005-02-23

## 버  전: 1.0.0
## 적용일: 2005-03-25
## 병  원: 동국대학교 경주병원

## 버  전: 1.0.1
## 수정일: 2005-06-24
## 내  용:
   1. 한 PC에서 같은장비를 2대 사용할수 있도록 수정
      - clsIISACL9000 - ShowForm, Class_Terminate, 멤버변수 추가
   2. tblResult에 결과표시 버그수정
      - frmIISACL9000 - tblComplete_Click

## 버  전: 1.0.1
## 적용일: 2005-07-30
## 병  원: 동국대학교 경주병원

## 버  전: 1.0.2
## 수정일: 2005-08-10
## 내  용:
   1. 장비가 자동으로 희석시 장비기준 검사명이 변경됨, 이것을 원래의 장비기준 검사명으로 변경
      - frmIISACL9000 - EditRcvData
## 병  원: 동국대학교 경주병원

## 버  전: 1.0.3
## 수정일: 2005-09-08
## 내  용:
   1. 장비가 바코드의 Check Digts를 읽어도 처리할수 있도록 수정
      - frmIISACL9000 - EditRcvData

## 버  전: 1.0.3
## 적용일: 2005-09-09
## 병  원: 단국대병원
