360 행: CaptionBar1 컨트롤의 HSCotrol.CaptionBar 클래스는 로드한 컨트롤 클래스가 아닙니다.
1163 행: pnlCom2 컨트롤의 HSCotrol.UserPanel 클래스는 로드한 컨트롤 클래스가 아닙니다.
1213 행: cmdChksum 컨트롤의 HSCotrol.CButton 클래스는 로드한 컨트롤 클래스가 아닙니다.
1235 행: cmdCOMOutput2 컨트롤의 HSCotrol.CButton 클래스는 로드한 컨트롤 클래스가 아닙니다.
1257 행: cmdCOMClear2 컨트롤의 HSCotrol.CButton 클래스는 로드한 컨트롤 클래스가 아닙니다.
1280 행: cmdCOMInput2 컨트롤의 HSCotrol.CButton 클래스는 로드한 컨트롤 클래스가 아닙니다.
1302 행: cmdCOMLoad 컨트롤의 HSCotrol.CButton 클래스는 로드한 컨트롤 클래스가 아닙니다.
1325 행: cmdACK 컨트롤의 HSCotrol.CButton 클래스는 로드한 컨트롤 클래스가 아닙니다.
1347 행: cmdENQ 컨트롤의 HSCotrol.CButton 클래스는 로드한 컨트롤 클래스가 아닙니다.
1870 행: pnlCom 컨트롤의 HSCotrol.UserPanel 클래스는 로드한 컨트롤 클래스가 아닙니다.
1915 행: cmdCOMSave 컨트롤의 HSCotrol.CButton 클래스는 로드한 컨트롤 클래스가 아닙니다.
1938 행: cmdCOMOutput 컨트롤의 HSCotrol.CButton 클래스는 로드한 컨트롤 클래스가 아닙니다.
1960 행: cmdCOMClear 컨트롤의 HSCotrol.CButton 클래스는 로드한 컨트롤 클래스가 아닙니다.
1983 행: cmdCOMInput 컨트롤의 HSCotrol.CButton 클래스는 로드한 컨트롤 클래스가 아닙니다.
203 행: cmdAction 컨트롤을 로드할 수 없습니다.
367 행: CaptionBar1의 _ExtentX 속성 이름이 잘못되었습니다. 
368 행: CaptionBar1의 _ExtentY 속성 이름이 잘못되었습니다. 
369 행: CaptionBar1의 Border 속성 이름이 잘못되었습니다. 
370 행: CaptionBar1의 CaptionBackColor 속성 이름이 잘못되었습니다. 
371 행: CaptionBar1의 Caption 속성 이름이 잘못되었습니다. 
372 행: CaptionBar1의 SubCaption 속성 이름이 잘못되었습니다. 
390 행: CaptionBar1의 SubCaptionFont 속성 이름이 잘못되었습니다. 
413 행: cmdAppend 컨트롤을 로드할 수 없습니다.
611 행: cmdWorkList 컨트롤을 로드할 수 없습니다.
666 행: spdResult1 컨트롤을 로드할 수 없습니다. 사용 권한을 찾을 수 없습니다.
706 행: cmdPrevious 컨트롤을 로드할 수 없습니다.
730 행: cmdNext 컨트롤을 로드할 수 없습니다.
764 행: cmdPosNo 컨트롤을 로드할 수 없습니다.
786 행: cmdOrder 컨트롤을 로드할 수 없습니다.
865 행: spdResult2 컨트롤을 로드할 수 없습니다. 사용 권한을 찾을 수 없습니다.
1013 행: cmdEot 컨트롤을 로드할 수 없습니다.
1035 행: cmdWordQuery 컨트롤을 로드할 수 없습니다.
1057 행: cmdRackNo 컨트롤을 로드할 수 없습니다.
1079 행: spdRstview 컨트롤을 로드할 수 없습니다. 사용 권한을 찾을 수 없습니다.
1133 행: cmdRequist 컨트롤을 로드할 수 없습니다.
1170 행: pnlCom2의 _ExtentX 속성 이름이 잘못되었습니다. 
1171 행: pnlCom2의 _ExtentY 속성 이름이 잘못되었습니다. 
1172 행: pnlCom2의 Bevel 속성 이름이 잘못되었습니다. 
1219 행: cmdChksum의 _ExtentX 속성 이름이 잘못되었습니다. 
1220 행: cmdChksum의 _ExtentY 속성 이름이 잘못되었습니다. 
1221 행: cmdChksum의 Caption 속성 이름이 잘못되었습니다. 
1231 행: cmdChksum의 MaskColor 속성 이름이 잘못되었습니다. 
1233 행: cmdChksum의 BorderColor 속성 이름이 잘못되었습니다. 
1241 행: cmdCOMOutput2의 _ExtentX 속성 이름이 잘못되었습니다. 
1242 행: cmdCOMOutput2의 _ExtentY 속성 이름이 잘못되었습니다. 
1243 행: cmdCOMOutput2의 Caption 속성 이름이 잘못되었습니다. 
1253 행: cmdCOMOutput2의 MaskColor 속성 이름이 잘못되었습니다. 
1255 행: cmdCOMOutput2의 BorderColor 속성 이름이 잘못되었습니다. 
1264 행: cmdCOMClear2의 _ExtentX 속성 이름이 잘못되었습니다. 
1265 행: cmdCOMClear2의 _ExtentY 속성 이름이 잘못되었습니다. 
1266 행: cmdCOMClear2의 Caption 속성 이름이 잘못되었습니다. 
1276 행: cmdCOMClear2의 MaskColor 속성 이름이 잘못되었습니다. 
1278 행: cmdCOMClear2의 BorderColor 속성 이름이 잘못되었습니다. 
1286 행: cmdCOMInput2의 _ExtentX 속성 이름이 잘못되었습니다. 
1287 행: cmdCOMInput2의 _ExtentY 속성 이름이 잘못되었습니다. 
1288 행: cmdCOMInput2의 Caption 속성 이름이 잘못되었습니다. 
1298 행: cmdCOMInput2의 MaskColor 속성 이름이 잘못되었습니다. 
1300 행: cmdCOMInput2의 BorderColor 속성 이름이 잘못되었습니다. 
1309 행: cmdCOMLoad의 _ExtentX 속성 이름이 잘못되었습니다. 
1310 행: cmdCOMLoad의 _ExtentY 속성 이름이 잘못되었습니다. 
1311 행: cmdCOMLoad의 Caption 속성 이름이 잘못되었습니다. 
1321 행: cmdCOMLoad의 MaskColor 속성 이름이 잘못되었습니다. 
1323 행: cmdCOMLoad의 BorderColor 속성 이름이 잘못되었습니다. 
1331 행: cmdACK의 _ExtentX 속성 이름이 잘못되었습니다. 
1332 행: cmdACK의 _ExtentY 속성 이름이 잘못되었습니다. 
1333 행: cmdACK의 Caption 속성 이름이 잘못되었습니다. 
1343 행: cmdACK의 MaskColor 속성 이름이 잘못되었습니다. 
1345 행: cmdACK의 BorderColor 속성 이름이 잘못되었습니다. 
1353 행: cmdENQ의 _ExtentX 속성 이름이 잘못되었습니다. 
1354 행: cmdENQ의 _ExtentY 속성 이름이 잘못되었습니다. 
1355 행: cmdENQ의 Caption 속성 이름이 잘못되었습니다. 
1365 행: cmdENQ의 MaskColor 속성 이름이 잘못되었습니다. 
1367 행: cmdENQ의 BorderColor 속성 이름이 잘못되었습니다. 
1380 행: spdWorklist 컨트롤을 로드할 수 없습니다. 사용 권한을 찾을 수 없습니다.
1414 행: cmdSearch 컨트롤을 로드할 수 없습니다.
1435 행: cmdStartNo 컨트롤을 로드할 수 없습니다.
1457 행: cmdPrint 컨트롤을 로드할 수 없습니다.
1656 행: cmdExcel 컨트롤을 로드할 수 없습니다.
1678 행: cmdRstQuery 컨트롤을 로드할 수 없습니다.
1848 행: tblexcel 컨트롤을 로드할 수 없습니다. 사용 권한을 찾을 수 없습니다.
1877 행: pnlCom의 _ExtentX 속성 이름이 잘못되었습니다. 
1878 행: pnlCom의 _ExtentY 속성 이름이 잘못되었습니다. 
1879 행: pnlCom의 Bevel 속성 이름이 잘못되었습니다. 
1880 행: pnlCom의 Moveble 속성 이름이 잘못되었습니다. 
1881 행: pnlCom의 CloseEnabled 속성 이름이 잘못되었습니다. 
1922 행: cmdCOMSave의 _ExtentX 속성 이름이 잘못되었습니다. 
1923 행: cmdCOMSave의 _ExtentY 속성 이름이 잘못되었습니다. 
1924 행: cmdCOMSave의 Caption 속성 이름이 잘못되었습니다. 
1934 행: cmdCOMSave의 MaskColor 속성 이름이 잘못되었습니다. 
1936 행: cmdCOMSave의 BorderColor 속성 이름이 잘못되었습니다. 
1944 행: cmdCOMOutput의 _ExtentX 속성 이름이 잘못되었습니다. 
1945 행: cmdCOMOutput의 _ExtentY 속성 이름이 잘못되었습니다. 
1946 행: cmdCOMOutput의 Caption 속성 이름이 잘못되었습니다. 
1956 행: cmdCOMOutput의 MaskColor 속성 이름이 잘못되었습니다. 
1958 행: cmdCOMOutput의 BorderColor 속성 이름이 잘못되었습니다. 
1967 행: cmdCOMClear의 _ExtentX 속성 이름이 잘못되었습니다. 
1968 행: cmdCOMClear의 _ExtentY 속성 이름이 잘못되었습니다. 
1969 행: cmdCOMClear의 Caption 속성 이름이 잘못되었습니다. 
1979 행: cmdCOMClear의 MaskColor 속성 이름이 잘못되었습니다. 
1981 행: cmdCOMClear의 BorderColor 속성 이름이 잘못되었습니다. 
1989 행: cmdCOMInput의 _ExtentX 속성 이름이 잘못되었습니다. 
1990 행: cmdCOMInput의 _ExtentY 속성 이름이 잘못되었습니다. 
1991 행: cmdCOMInput의 Caption 속성 이름이 잘못되었습니다. 
2001 행: cmdCOMInput의 MaskColor 속성 이름이 잘못되었습니다. 
2003 행: cmdCOMInput의 BorderColor 속성 이름이 잘못되었습니다. 
