30 행: grpMain 컨트롤의 XLibrary_XGroupBox.XGroupBox 클래스는 로드한 컨트롤 클래스가 아닙니다.
210 행: grpFind 컨트롤의 XLibrary_XGroupBox.XGroupBox 클래스는 로드한 컨트롤 클래스가 아닙니다.
270 행: cboOper 컨트롤의 XLibrary_XComboBox.XComboBox 클래스는 로드한 컨트롤 클래스가 아닙니다.
317 행: XLabel11 컨트롤의 XLibrary_XLabel.XLabel 클래스는 로드한 컨트롤 클래스가 아닙니다.
358 행: txtEqpcd 컨트롤의 XLibrary_XTextBox.XTextBox 클래스는 로드한 컨트롤 클래스가 아닙니다.
404 행: XLabel4 컨트롤의 XLibrary_XLabel.XLabel 클래스는 로드한 컨트롤 클래스가 아닙니다.
445 행: txtEqpNm 컨트롤의 XLibrary_XTextBox.XTextBox 클래스는 로드한 컨트롤 클래스가 아닙니다.
35 행: grpMain의 _ExtentX 속성 이름이 잘못되었습니다. 
36 행: grpMain의 _ExtentY 속성 이름이 잘못되었습니다. 
38 행: grpMain의 BorderColor 속성 이름이 잘못되었습니다. 
39 행: grpMain의 BorderRoundNum 속성 이름이 잘못되었습니다. 
41 행: grpMain의 TextColor 속성 이름이 잘못되었습니다. 
50 행: grpMain의 TextFont 속성 이름이 잘못되었습니다. 
51 행: grpMain의 Text 속성 이름이 잘못되었습니다. 
52 행: grpMain의 TextPosition 속성 이름이 잘못되었습니다. 
53 행: grpMain의 TextCustomMargin 속성 이름이 잘못되었습니다. 
54 행: grpMain의 GroupBoxStyle 속성 이름이 잘못되었습니다. 
55 행: grpMain의 TextBarColor1 속성 이름이 잘못되었습니다. 
56 행: grpMain의 TextBarStyle 속성 이름이 잘못되었습니다. 
57 행: grpMain의 TextBarColor2 속성 이름이 잘못되었습니다. 
58 행: grpMain의 TextBarSymbol 속성 이름이 잘못되었습니다. 
59 행: grpMain의 TextBarSymbolColor 속성 이름이 잘못되었습니다. 
60 행: grpMain의 TextBarHeightMargin 속성 이름이 잘못되었습니다. 
61 행: grpMain의 MouseCursor 속성 이름이 잘못되었습니다. 
62 행: grpMain의 TextBarMouseCursor 속성 이름이 잘못되었습니다. 
63 행: grpMain의 IconandTextMargin 속성 이름이 잘못되었습니다. 
64 행: grpMain의 BodyColor 속성 이름이 잘못되었습니다. 
215 행: grpFind의 _ExtentX 속성 이름이 잘못되었습니다. 
216 행: grpFind의 _ExtentY 속성 이름이 잘못되었습니다. 
218 행: grpFind의 BorderColor 속성 이름이 잘못되었습니다. 
219 행: grpFind의 BorderRoundNum 속성 이름이 잘못되었습니다. 
221 행: grpFind의 TextColor 속성 이름이 잘못되었습니다. 
230 행: grpFind의 TextFont 속성 이름이 잘못되었습니다. 
231 행: grpFind의 Text 속성 이름이 잘못되었습니다. 
232 행: grpFind의 TextPosition 속성 이름이 잘못되었습니다. 
233 행: grpFind의 TextCustomMargin 속성 이름이 잘못되었습니다. 
234 행: grpFind의 GroupBoxStyle 속성 이름이 잘못되었습니다. 
235 행: grpFind의 TextBarColor1 속성 이름이 잘못되었습니다. 
236 행: grpFind의 TextBarStyle 속성 이름이 잘못되었습니다. 
237 행: grpFind의 TextBarColor2 속성 이름이 잘못되었습니다. 
238 행: grpFind의 TextBarSymbol 속성 이름이 잘못되었습니다. 
239 행: grpFind의 TextBarSymbolColor 속성 이름이 잘못되었습니다. 
240 행: grpFind의 TextBarHeightMargin 속성 이름이 잘못되었습니다. 
241 행: grpFind의 MouseCursor 속성 이름이 잘못되었습니다. 
242 행: grpFind의 TextBarMouseCursor 속성 이름이 잘못되었습니다. 
243 행: grpFind의 IconandTextMargin 속성 이름이 잘못되었습니다. 
244 행: grpFind의 BodyColor 속성 이름이 잘못되었습니다. 
276 행: cboOper의 _ExtentX 속성 이름이 잘못되었습니다. 
277 행: cboOper의 _ExtentY 속성 이름이 잘못되었습니다. 
279 행: cboOper의 BorderColor 속성 이름이 잘못되었습니다. 
280 행: cboOper의 BtnBackColor1 속성 이름이 잘못되었습니다. 
281 행: cboOper의 BtnBackStyle 속성 이름이 잘못되었습니다. 
282 행: cboOper의 Text 속성 이름이 잘못되었습니다. 
283 행: cboOper의 BtnBorderColor 속성 이름이 잘못되었습니다. 
284 행: cboOper의 BtnBorderStyle 속성 이름이 잘못되었습니다. 
285 행: cboOper의 BtnBackColor2 속성 이름이 잘못되었습니다. 
286 행: cboOper의 BtnSymbolColor 속성 이름이 잘못되었습니다. 
287 행: cboOper의 BtnSymbolStyle 속성 이름이 잘못되었습니다. 
288 행: cboOper의 UpListShow 속성 이름이 잘못되었습니다. 
297 행: cboOper의 TextFont 속성 이름이 잘못되었습니다. 
298 행: cboOper의 ShowItemNum 속성 이름이 잘못되었습니다. 
299 행: cboOper의 AutoSel 속성 이름이 잘못되었습니다. 
300 행: cboOper의 TextEdit 속성 이름이 잘못되었습니다. 
301 행: cboOper의 BtnMouseCursor 속성 이름이 잘못되었습니다. 
302 행: cboOper의 ToolTipIcon 속성 이름이 잘못되었습니다. 
303 행: cboOper의 ToolTipPopupTime 속성 이름이 잘못되었습니다. 
304 행: cboOper의 ToolTipHoverTime 속성 이름이 잘못되었습니다. 
305 행: cboOper의 ToolTipBackColor 속성 이름이 잘못되었습니다. 
306 행: cboOper의 ToolTipForeColor 속성 이름이 잘못되었습니다. 
307 행: cboOper의 ToolTipOpacity 속성 이름이 잘못되었습니다. 
308 행: cboOper의 ToolTipStyle 속성 이름이 잘못되었습니다. 
309 행: cboOper의 ToolTipCentered 속성 이름이 잘못되었습니다. 
310 행: cboOper의 ToolTipTitleText 속성 이름이 잘못되었습니다. 
311 행: cboOper의 ToolTipBodyText 속성 이름이 잘못되었습니다. 
312 행: cboOper의 TextColor 속성 이름이 잘못되었습니다. 
313 행: cboOper의 ListBgColor 속성 이름이 잘못되었습니다. 
314 행: cboOper의 ListTextColor 속성 이름이 잘못되었습니다. 
323 행: XLabel11의 _ExtentX 속성 이름이 잘못되었습니다. 
324 행: XLabel11의 _ExtentY 속성 이름이 잘못되었습니다. 
326 행: XLabel11의 Text 속성 이름이 잘못되었습니다. 
335 행: XLabel11의 TextFont 속성 이름이 잘못되었습니다. 
336 행: XLabel11의 TextColor 속성 이름이 잘못되었습니다. 
337 행: XLabel11의 IconAndTextMargin 속성 이름이 잘못되었습니다. 
338 행: XLabel11의 TextAlign 속성 이름이 잘못되었습니다. 
339 행: XLabel11의 TextAlignMargin 속성 이름이 잘못되었습니다. 
340 행: XLabel11의 Focus 속성 이름이 잘못되었습니다. 
341 행: XLabel11의 MouseCursor 속성 이름이 잘못되었습니다. 
342 행: XLabel11의 ToolTipIcon 속성 이름이 잘못되었습니다. 
343 행: XLabel11의 ToolTipPopupTime 속성 이름이 잘못되었습니다. 
344 행: XLabel11의 ToolTipHoverTime 속성 이름이 잘못되었습니다. 
345 행: XLabel11의 ToolTipBackColor 속성 이름이 잘못되었습니다. 
346 행: XLabel11의 ToolTipForeColor 속성 이름이 잘못되었습니다. 
347 행: XLabel11의 ToolTipOpacity 속성 이름이 잘못되었습니다. 
348 행: XLabel11의 ToolTipStyle 속성 이름이 잘못되었습니다. 
349 행: XLabel11의 ToolTipCentered 속성 이름이 잘못되었습니다. 
350 행: XLabel11의 ToolTipTitleText 속성 이름이 잘못되었습니다. 
351 행: XLabel11의 ToolTipBodyText 속성 이름이 잘못되었습니다. 
352 행: XLabel11의 TextBackColor1 속성 이름이 잘못되었습니다. 
353 행: XLabel11의 TextBackColor2 속성 이름이 잘못되었습니다. 
354 행: XLabel11의 TextBackMargin 속성 이름이 잘못되었습니다. 
355 행: XLabel11의 TextBackStyle 속성 이름이 잘못되었습니다. 
364 행: txtEqpcd의 _ExtentX 속성 이름이 잘못되었습니다. 
365 행: txtEqpcd의 _ExtentY 속성 이름이 잘못되었습니다. 
367 행: txtEqpcd의 BorderColor 속성 이름이 잘못되었습니다. 
376 행: txtEqpcd의 TextFont 속성 이름이 잘못되었습니다. 
377 행: txtEqpcd의 Text 속성 이름이 잘못되었습니다. 
378 행: txtEqpcd의 BorderTextMargin 속성 이름이 잘못되었습니다. 
379 행: txtEqpcd의 PasswordChar 속성 이름이 잘못되었습니다. 
380 행: txtEqpcd의 MaxLength 속성 이름이 잘못되었습니다. 
381 행: txtEqpcd의 MouseCursor 속성 이름이 잘못되었습니다. 
382 행: txtEqpcd의 TextColor 속성 이름이 잘못되었습니다. 
383 행: txtEqpcd의 ToolTipOpacity 속성 이름이 잘못되었습니다. 
384 행: txtEqpcd의 ToolTipIcon 속성 이름이 잘못되었습니다. 
385 행: txtEqpcd의 ToolTipPopupTime 속성 이름이 잘못되었습니다. 
386 행: txtEqpcd의 ToolTipHoverTime 속성 이름이 잘못되었습니다. 
387 행: txtEqpcd의 ToolTipBackColor 속성 이름이 잘못되었습니다. 
388 행: txtEqpcd의 ToolTipForeColor 속성 이름이 잘못되었습니다. 
389 행: txtEqpcd의 ToolTipStyle 속성 이름이 잘못되었습니다. 
390 행: txtEqpcd의 ToolTipCentered 속성 이름이 잘못되었습니다. 
391 행: txtEqpcd의 ToolTipTitleText 속성 이름이 잘못되었습니다. 
392 행: txtEqpcd의 ToolTipBodyText 속성 이름이 잘못되었습니다. 
393 행: txtEqpcd의 Locked 속성 이름이 잘못되었습니다. 
394 행: txtEqpcd의 Mask 속성 이름이 잘못되었습니다. 
395 행: txtEqpcd의 PromptChar 속성 이름이 잘못되었습니다. 
396 행: txtEqpcd의 WrongSound 속성 이름이 잘못되었습니다. 
397 행: txtEqpcd의 CustomSound 속성 이름이 잘못되었습니다. 
398 행: txtEqpcd의 MaskShow 속성 이름이 잘못되었습니다. 
399 행: txtEqpcd의 MaskColor 속성 이름이 잘못되었습니다. 
400 행: txtEqpcd의 CustomMask 속성 이름이 잘못되었습니다. 
401 행: txtEqpcd의 TextAlign 속성 이름이 잘못되었습니다. 
410 행: XLabel4의 _ExtentX 속성 이름이 잘못되었습니다. 
411 행: XLabel4의 _ExtentY 속성 이름이 잘못되었습니다. 
413 행: XLabel4의 Text 속성 이름이 잘못되었습니다. 
422 행: XLabel4의 TextFont 속성 이름이 잘못되었습니다. 
423 행: XLabel4의 TextColor 속성 이름이 잘못되었습니다. 
424 행: XLabel4의 IconAndTextMargin 속성 이름이 잘못되었습니다. 
425 행: XLabel4의 TextAlign 속성 이름이 잘못되었습니다. 
426 행: XLabel4의 TextAlignMargin 속성 이름이 잘못되었습니다. 
427 행: XLabel4의 Focus 속성 이름이 잘못되었습니다. 
428 행: XLabel4의 MouseCursor 속성 이름이 잘못되었습니다. 
429 행: XLabel4의 ToolTipIcon 속성 이름이 잘못되었습니다. 
430 행: XLabel4의 ToolTipPopupTime 속성 이름이 잘못되었습니다. 
431 행: XLabel4의 ToolTipHoverTime 속성 이름이 잘못되었습니다. 
432 행: XLabel4의 ToolTipBackColor 속성 이름이 잘못되었습니다. 
433 행: XLabel4의 ToolTipForeColor 속성 이름이 잘못되었습니다. 
434 행: XLabel4의 ToolTipOpacity 속성 이름이 잘못되었습니다. 
435 행: XLabel4의 ToolTipStyle 속성 이름이 잘못되었습니다. 
436 행: XLabel4의 ToolTipCentered 속성 이름이 잘못되었습니다. 
437 행: XLabel4의 ToolTipTitleText 속성 이름이 잘못되었습니다. 
438 행: XLabel4의 ToolTipBodyText 속성 이름이 잘못되었습니다. 
439 행: XLabel4의 TextBackColor1 속성 이름이 잘못되었습니다. 
440 행: XLabel4의 TextBackColor2 속성 이름이 잘못되었습니다. 
441 행: XLabel4의 TextBackMargin 속성 이름이 잘못되었습니다. 
442 행: XLabel4의 TextBackStyle 속성 이름이 잘못되었습니다. 
451 행: txtEqpNm의 _ExtentX 속성 이름이 잘못되었습니다. 
452 행: txtEqpNm의 _ExtentY 속성 이름이 잘못되었습니다. 
454 행: txtEqpNm의 BorderColor 속성 이름이 잘못되었습니다. 
463 행: txtEqpNm의 TextFont 속성 이름이 잘못되었습니다. 
464 행: txtEqpNm의 Text 속성 이름이 잘못되었습니다. 
465 행: txtEqpNm의 BorderTextMargin 속성 이름이 잘못되었습니다. 
466 행: txtEqpNm의 PasswordChar 속성 이름이 잘못되었습니다. 
467 행: txtEqpNm의 MaxLength 속성 이름이 잘못되었습니다. 
468 행: txtEqpNm의 MouseCursor 속성 이름이 잘못되었습니다. 
469 행: txtEqpNm의 TextColor 속성 이름이 잘못되었습니다. 
470 행: txtEqpNm의 ToolTipOpacity 속성 이름이 잘못되었습니다. 
471 행: txtEqpNm의 ToolTipIcon 속성 이름이 잘못되었습니다. 
472 행: txtEqpNm의 ToolTipPopupTime 속성 이름이 잘못되었습니다. 
473 행: txtEqpNm의 ToolTipHoverTime 속성 이름이 잘못되었습니다. 
474 행: txtEqpNm의 ToolTipBackColor 속성 이름이 잘못되었습니다. 
475 행: txtEqpNm의 ToolTipForeColor 속성 이름이 잘못되었습니다. 
476 행: txtEqpNm의 ToolTipStyle 속성 이름이 잘못되었습니다. 
477 행: txtEqpNm의 ToolTipCentered 속성 이름이 잘못되었습니다. 
478 행: txtEqpNm의 ToolTipTitleText 속성 이름이 잘못되었습니다. 
479 행: txtEqpNm의 ToolTipBodyText 속성 이름이 잘못되었습니다. 
480 행: txtEqpNm의 Locked 속성 이름이 잘못되었습니다. 
481 행: txtEqpNm의 Mask 속성 이름이 잘못되었습니다. 
482 행: txtEqpNm의 PromptChar 속성 이름이 잘못되었습니다. 
483 행: txtEqpNm의 WrongSound 속성 이름이 잘못되었습니다. 
484 행: txtEqpNm의 CustomSound 속성 이름이 잘못되었습니다. 
485 행: txtEqpNm의 MaskShow 속성 이름이 잘못되었습니다. 
486 행: txtEqpNm의 MaskColor 속성 이름이 잘못되었습니다. 
487 행: txtEqpNm의 CustomMask 속성 이름이 잘못되었습니다. 
488 행: txtEqpNm의 TextAlign 속성 이름이 잘못되었습니다. 
