        Procedure : frmInterface - Private Sub cmdRun()

     Error Source : MSComm

     Error Number : 8005

Error Description : 포트가 이미 열려 있습니다.

             Date : 2003년 7월 30일 월요일

             Time : 오후 2:35:12
━━━━━━━━━━━━━━━━━━━━━━━━━━━━━━━━━━━━━━━━
        Procedure : frmInterface - Private Sub f_subSet_ItemList()

     Error Source : Toshiba

     Error Number : 5

Error Description : 프로시저 호출 또는 인수가 잘못되었습니다.

             Date : 2003년 7월 30일 월요일

             Time : 오후 6:43:08
━━━━━━━━━━━━━━━━━━━━━━━━━━━━━━━━━━━━━━━━
        Procedure : frmInterface - Private Sub f_subSet_ItemList()

     Error Source : Toshiba

     Error Number : 5

Error Description : 프로시저 호출 또는 인수가 잘못되었습니다.

             Date : 2003년 7월 30일 월요일

             Time : 오후 6:43:16
━━━━━━━━━━━━━━━━━━━━━━━━━━━━━━━━━━━━━━━━
        Procedure : frmInterface - Private Sub f_subSet_ItemList()

     Error Source : Toshiba

     Error Number : 5

Error Description : 프로시저 호출 또는 인수가 잘못되었습니다.

             Date : 2003년 7월 30일 월요일

             Time : 오후 6:43:46
━━━━━━━━━━━━━━━━━━━━━━━━━━━━━━━━━━━━━━━━
        Procedure : frmInterface - Private Sub f_subSet_ItemList()

     Error Source : Toshiba

     Error Number : 5

Error Description : 프로시저 호출 또는 인수가 잘못되었습니다.

             Date : 2003년 7월 30일 월요일

             Time : 오후 6:44:19
━━━━━━━━━━━━━━━━━━━━━━━━━━━━━━━━━━━━━━━━
        Procedure : frmInterface - Private Sub f_subSet_ItemList()

     Error Source : Toshiba

     Error Number : 6

Error Description : 숫자가 너무 큽니다.

             Date : 2003년 7월 30일 월요일

             Time : 오후 6:44:27
━━━━━━━━━━━━━━━━━━━━━━━━━━━━━━━━━━━━━━━━
        Procedure : frmInterface - Private Sub f_subSet_ItemList()

     Error Source : Toshiba

     Error Number : 6

Error Description : 숫자가 너무 큽니다.

             Date : 2003년 7월 30일 월요일

             Time : 오후 6:45:02
━━━━━━━━━━━━━━━━━━━━━━━━━━━━━━━━━━━━━━━━
        Procedure : frmInterface - Private Sub f_subSet_ItemList()

     Error Source : Toshiba

     Error Number : 6

Error Description : 숫자가 너무 큽니다.

             Date : 2003년 7월 30일 월요일

             Time : 오후 6:45:15
━━━━━━━━━━━━━━━━━━━━━━━━━━━━━━━━━━━━━━━━
