        Procedure : frmComm - Private Sub cmdAppend_Click()

     Error Source : Toshiba

     Error Number : 458

Error Description : 변수가 Visual Basic에서 지원하지 않는 자동화 형식을 사용하고 있습니다.

             Date : 2003년 8월 1일 월요일

             Time : 오후 12:22:47
━━━━━━━━━━━━━━━━━━━━━━━━━━━━━━━━━━━━━━━━
        Procedure : frmComm - Private Sub cmdAppend_Click()

     Error Source : Toshiba

     Error Number : 458

Error Description : 변수가 Visual Basic에서 지원하지 않는 자동화 형식을 사용하고 있습니다.

             Date : 2003년 8월 1일 월요일

             Time : 오후 12:23:20
━━━━━━━━━━━━━━━━━━━━━━━━━━━━━━━━━━━━━━━━
        Procedure : frmInterface - Private Sub cmdRun()

     Error Source : MSComm

     Error Number : 8005

Error Description : 포트가 이미 열려 있습니다.

             Date : 2003년 8월 1일 월요일

             Time : 오후 7:08:35
━━━━━━━━━━━━━━━━━━━━━━━━━━━━━━━━━━━━━━━━
