        Procedure : frmInterface - Private Sub f_subSet_ItemList()

     Error Source : ListViewCtrl

     Error Number : 35613

Error Description : ImageList는 사용하기 전에 초기화해야 합니다. 

             Date : 2003년 8월 29일 월요일

             Time : 오전 11:49:40
━━━━━━━━━━━━━━━━━━━━━━━━━━━━━━━━━━━━━━━━
        Procedure : frmInterface - Private Sub f_subSet_ItemList()

     Error Source : Toshiba

     Error Number : 9

Error Description : 첨자 사용이 잘못되었습니다.

             Date : 2003년 8월 29일 월요일

             Time : 오전 11:49:48
━━━━━━━━━━━━━━━━━━━━━━━━━━━━━━━━━━━━━━━━
        Procedure : frmInterface - Private Sub f_subSet_ItemList()

     Error Source : ListViewCtrl

     Error Number : 35613

Error Description : ImageList는 사용하기 전에 초기화해야 합니다. 

             Date : 2003년 8월 29일 월요일

             Time : 오전 11:49:52
━━━━━━━━━━━━━━━━━━━━━━━━━━━━━━━━━━━━━━━━
        Procedure : frmInterface - Private Sub f_subSet_ItemList()

     Error Source : Toshiba

     Error Number : 9

Error Description : 첨자 사용이 잘못되었습니다.

             Date : 2003년 8월 29일 월요일

             Time : 오전 11:49:56
━━━━━━━━━━━━━━━━━━━━━━━━━━━━━━━━━━━━━━━━
        Procedure : frmInterface - Private Sub f_subSet_ItemList()

     Error Source : ListViewCtrl

     Error Number : 35613

Error Description : ImageList는 사용하기 전에 초기화해야 합니다. 

             Date : 2003년 8월 29일 월요일

             Time : 오전 11:50:40
━━━━━━━━━━━━━━━━━━━━━━━━━━━━━━━━━━━━━━━━
        Procedure : frmInterface - Private Sub f_subSet_ItemList()

     Error Source : ListViewCtrl

     Error Number : 35613

Error Description : ImageList는 사용하기 전에 초기화해야 합니다. 

             Date : 2003년 8월 29일 월요일

             Time : 오전 11:50:50
━━━━━━━━━━━━━━━━━━━━━━━━━━━━━━━━━━━━━━━━
        Procedure : frmInterface - Private Sub f_subSet_ItemList()

     Error Source : ListViewCtrl

     Error Number : 35613

Error Description : ImageList는 사용하기 전에 초기화해야 합니다. 

             Date : 2003년 8월 29일 월요일

             Time : 오전 11:51:27
━━━━━━━━━━━━━━━━━━━━━━━━━━━━━━━━━━━━━━━━
        Procedure : frmInterface - Private Sub f_subSet_ItemList()

     Error Source : ListViewCtrl

     Error Number : 35613

Error Description : ImageList는 사용하기 전에 초기화해야 합니다. 

             Date : 2003년 8월 29일 월요일

             Time : 오전 11:51:32
━━━━━━━━━━━━━━━━━━━━━━━━━━━━━━━━━━━━━━━━
        Procedure : frmInterface - Private Sub f_subSet_ItemList()

     Error Source : ListViewCtrl

     Error Number : 35613

Error Description : ImageList는 사용하기 전에 초기화해야 합니다. 

             Date : 2003년 8월 29일 월요일

             Time : 오전 11:51:49
━━━━━━━━━━━━━━━━━━━━━━━━━━━━━━━━━━━━━━━━
        Procedure : frmInterface - Private Sub f_subSet_ItemList()

     Error Source : ListViewCtrl

     Error Number : 35613

Error Description : ImageList는 사용하기 전에 초기화해야 합니다. 

             Date : 2003년 8월 29일 월요일

             Time : 오전 11:54:49
━━━━━━━━━━━━━━━━━━━━━━━━━━━━━━━━━━━━━━━━
        Procedure : frmInterface - Private Sub f_subSet_ItemList()

     Error Source : ListViewCtrl

     Error Number : 35613

Error Description : ImageList는 사용하기 전에 초기화해야 합니다. 

             Date : 2003년 8월 29일 월요일

             Time : 오전 11:55:25
━━━━━━━━━━━━━━━━━━━━━━━━━━━━━━━━━━━━━━━━
        Procedure : frmInterface - Private Sub f_subSet_ItemList()

     Error Source : ListViewCtrl

     Error Number : 35613

Error Description : ImageList는 사용하기 전에 초기화해야 합니다. 

             Date : 2003년 8월 29일 월요일

             Time : 오전 11:56:26
━━━━━━━━━━━━━━━━━━━━━━━━━━━━━━━━━━━━━━━━
        Procedure : frmInterface - Private Sub f_subSet_ItemList()

     Error Source : ListViewCtrl

     Error Number : 35613

Error Description : ImageList는 사용하기 전에 초기화해야 합니다. 

             Date : 2003년 8월 29일 월요일

             Time : 오전 11:56:33
━━━━━━━━━━━━━━━━━━━━━━━━━━━━━━━━━━━━━━━━
