        Procedure : Private Sub MDIForm_Tool()

     Error Source : ADODB.Recordset

     Error Number : 3709

Error Description : 殘⑵ 氈剪釭 澀跤脹 翱唸 偃羹蒂 霤褻ж朝 偃羹縑憮 濛機擊 ъ辨ж雖 彊蝗棲棻.

             Date : 2003喇 7錯 28橾 錯蹂橾

             Time : 螃 4:05:29
收收收收收收收收收收收收收收收收收收收收收收收收收收收收收收收收收收收收收收收收
        Procedure : Private Sub MDIForm_Tool()

     Error Source : ADODB.Recordset

     Error Number : 3704

Error Description : 偃羹陛 殘⑵氈戲賊 濛機檜 ъ辨腎雖 彊蝗棲棻.

             Date : 2003喇 7錯 28橾 錯蹂橾

             Time : 螃 4:05:32
收收收收收收收收收收收收收收收收收收收收收收收收收收收收收收收收收收收收收收收收
        Procedure : Private Sub MDIForm_Tool()

     Error Source : ADODB.Recordset

     Error Number : 3704

Error Description : 偃羹陛 殘⑵氈戲賊 濛機檜 ъ辨腎雖 彊蝗棲棻.

             Date : 2003喇 7錯 28橾 錯蹂橾

             Time : 螃 4:05:33
收收收收收收收收收收收收收收收收收收收收收收收收收收收收收收收收收收收收收收收收
        Procedure : Private Sub MDIForm_Tool()

     Error Source : ADODB.Recordset

     Error Number : 3704

Error Description : 偃羹陛 殘⑵氈戲賊 濛機檜 ъ辨腎雖 彊蝗棲棻.

             Date : 2003喇 7錯 28橾 錯蹂橾

             Time : 螃 4:05:34
收收收收收收收收收收收收收收收收收收收收收收收收收收收收收收收收收收收收收收收收
        Procedure : Private Sub MDIForm_Tool()

     Error Source : ADODB.Fields

     Error Number : 3265

Error Description : 蹂羶и 檜葷 傳朝 憮熱縑 п渡ж朝 鏽滓暮縑憮 о跡擊 瓊擊 熱 橈蝗棲棻.

             Date : 2003喇 7錯 28橾 錯蹂橾

             Time : 螃 4:05:35
收收收收收收收收收收收收收收收收收收收收收收收收收收收收收收收收收收收收收收收收
        Procedure : Private Sub MDIForm_Tool()

     Error Source : ADODB.Recordset

     Error Number : 3704

Error Description : 偃羹陛 殘⑵氈戲賊 濛機檜 ъ辨腎雖 彊蝗棲棻.

             Date : 2003喇 7錯 28橾 錯蹂橾

             Time : 螃 4:05:36
收收收收收收收收收收收收收收收收收收收收收收收收收收收收收收收收收收收收收收收收
        Procedure : Private Sub MDIForm_Tool()

     Error Source : ADODB.Recordset

     Error Number : 3709

Error Description : 殘⑵ 氈剪釭 澀跤脹 翱唸 偃羹蒂 霤褻ж朝 偃羹縑憮 濛機擊 ъ辨ж雖 彊蝗棲棻.

             Date : 2003喇 7錯 28橾 錯蹂橾

             Time : 螃 4:05:36
收收收收收收收收收收收收收收收收收收收收收收收收收收收收收收收收收收收收收收收收
        Procedure : Private Sub MDIForm_Tool()

     Error Source : ADODB.Recordset

     Error Number : 3704

Error Description : 偃羹陛 殘⑵氈戲賊 濛機檜 ъ辨腎雖 彊蝗棲棻.

             Date : 2003喇 7錯 28橾 錯蹂橾

             Time : 螃 4:05:36
收收收收收收收收收收收收收收收收收收收收收收收收收收收收收收收收收收收收收收收收
        Procedure : Private Sub MDIForm_Tool()

     Error Source : ADODB.Recordset

     Error Number : 3704

Error Description : 偃羹陛 殘⑵氈戲賊 濛機檜 ъ辨腎雖 彊蝗棲棻.

             Date : 2003喇 7錯 28橾 錯蹂橾

             Time : 螃 4:05:36
收收收收收收收收收收收收收收收收收收收收收收收收收收收收收收收收收收收收收收收收
        Procedure : Private Sub MDIForm_Tool()

     Error Source : ADODB.Recordset

     Error Number : 3704

Error Description : 偃羹陛 殘⑵氈戲賊 濛機檜 ъ辨腎雖 彊蝗棲棻.

             Date : 2003喇 7錯 28橾 錯蹂橾

             Time : 螃 4:05:36
收收收收收收收收收收收收收收收收收收收收收收收收收收收收收收收收收收收收收收收收
        Procedure : Private Sub MDIForm_Tool()

     Error Source : ADODB.Fields

     Error Number : 3265

Error Description : 蹂羶и 檜葷 傳朝 憮熱縑 п渡ж朝 鏽滓暮縑憮 о跡擊 瓊擊 熱 橈蝗棲棻.

             Date : 2003喇 7錯 28橾 錯蹂橾

             Time : 螃 4:05:37
收收收收收收收收收收收收收收收收收收收收收收收收收收收收收收收收收收收收收收收收
        Procedure : Private Sub MDIForm_Tool()

     Error Source : ADODB.Recordset

     Error Number : 3704

Error Description : 偃羹陛 殘⑵氈戲賊 濛機檜 ъ辨腎雖 彊蝗棲棻.

             Date : 2003喇 7錯 28橾 錯蹂橾

             Time : 螃 4:05:37
收收收收收收收收收收收收收收收收收收收收收收收收收收收收收收收收收收收收收收收收
        Procedure : frmInterface - Private Sub f_subSet_ItemList()

     Error Source : ADODB.Recordset

     Error Number : 3709

Error Description : 殘⑵ 氈剪釭 澀跤脹 翱唸 偃羹蒂 霤褻ж朝 偃羹縑憮 濛機擊 ъ辨ж雖 彊蝗棲棻.

             Date : 2003喇 7錯 28橾 錯蹂橾

             Time : 螃 4:05:37
收收收收收收收收收收收收收收收收收收收收收收收收收收收收收收收收收收收收收收收收
        Procedure : clsCommon - Public Function Get_EqpProperty(ByVal strEqpCd As String) As ADODB.Recordset

     Error Source : Toshiba

     Error Number : 91

Error Description : 偃羹 滲熱 傳朝 With 僥曖 滲熱陛 撲薑腎橫 氈雖 彊蝗棲棻.

             Date : 2003喇 7錯 28橾 錯蹂橾

             Time : 螃 4:05:37
收收收收收收收收收收收收收收收收收收收收收收收收收收收收收收收收收收收收收收收收
        Procedure : frmInterface - Private Sub cmdRun()

     Error Source : Toshiba

     Error Number : 91

Error Description : 偃羹 滲熱 傳朝 With 僥曖 滲熱陛 撲薑腎橫 氈雖 彊蝗棲棻.

             Date : 2003喇 7錯 28橾 錯蹂橾

             Time : 螃 4:05:39
收收收收收收收收收收收收收收收收收收收收收收收收收收收收收收收收收收收收收收收收
        Procedure : frmInterface - Private Sub cmdRun()

     Error Source : MSComm

     Error Number : 8005

Error Description : んお陛 檜嘐 翮溥 氈蝗棲棻.

             Date : 2003喇 7錯 28橾 錯蹂橾

             Time : 螃 5:30:22
收收收收收收收收收收收收收收收收收收收收收收收收收收收收收收收收收收收收收收收收
