        Procedure : frmInterface - Private Sub f_subSet_ItemList()

     Error Source : Microsoft JET Database Engine

     Error Number : -2147217900

Error Description : 'TESTCD  LEFT(TESTCD_EQP,1) = 'C'' 쿼리식의 연산자가 없는 구문 오류입니다.

             Date : 2003년 7월 26일 월요일

             Time : 오후 1:44:58
━━━━━━━━━━━━━━━━━━━━━━━━━━━━━━━━━━━━━━━━
        Procedure : frmInterface - Private Sub f_subSet_ItemList()

     Error Source : ListViewCtrl

     Error Number : 35613

Error Description : ImageList는 사용하기 전에 초기화해야 합니다. 

             Date : 2003년 7월 26일 월요일

             Time : 오후 1:47:59
━━━━━━━━━━━━━━━━━━━━━━━━━━━━━━━━━━━━━━━━
        Procedure : frmInterface - Private Sub f_subSet_ItemList()

     Error Source : ListViewCtrl

     Error Number : 35613

Error Description : ImageList는 사용하기 전에 초기화해야 합니다. 

             Date : 2003년 7월 26일 월요일

             Time : 오후 1:48:32
━━━━━━━━━━━━━━━━━━━━━━━━━━━━━━━━━━━━━━━━
        Procedure : frmInterface - Private Sub f_subSet_ItemList()

     Error Source : ListViewCtrl

     Error Number : 35613

Error Description : ImageList는 사용하기 전에 초기화해야 합니다. 

             Date : 2003년 7월 26일 월요일

             Time : 오후 1:52:15
━━━━━━━━━━━━━━━━━━━━━━━━━━━━━━━━━━━━━━━━
