        Procedure : clsCommon - Public Function Get_RoomList() As ADODB.Recordset

     Error Source : XE2100

     Error Number : 91

Error Description : 개체 변수 또는 With 문의 변수가 설정되어 있지 않습니다.

             Date : 2003년 7월 19일 월요일

             Time : 오전 10:47:29
━━━━━━━━━━━━━━━━━━━━━━━━━━━━━━━━━━━━━━━━
        Procedure : clsCommon - Public Function Get_InstrumentList() As ADODB.Recordset

     Error Source : XE2100

     Error Number : 91

Error Description : 개체 변수 또는 With 문의 변수가 설정되어 있지 않습니다.

             Date : 2003년 7월 19일 월요일

             Time : 오전 10:47:38
━━━━━━━━━━━━━━━━━━━━━━━━━━━━━━━━━━━━━━━━
        Procedure : clsCommon - Public Function Get_InstrumentList() As ADODB.Recordset

     Error Source : XE2100

     Error Number : 91

Error Description : 개체 변수 또는 With 문의 변수가 설정되어 있지 않습니다.

             Date : 2003년 7월 19일 월요일

             Time : 오전 11:07:24
━━━━━━━━━━━━━━━━━━━━━━━━━━━━━━━━━━━━━━━━
        Procedure : clsCommon - Public Function Get_InstrumentList() As ADODB.Recordset

     Error Source : XE2100

     Error Number : 91

Error Description : 개체 변수 또는 With 문의 변수가 설정되어 있지 않습니다.

             Date : 2003년 7월 19일 월요일

             Time : 오전 11:08:25
━━━━━━━━━━━━━━━━━━━━━━━━━━━━━━━━━━━━━━━━
        Procedure : clsCommon - Public Function Get_InstrumentList() As ADODB.Recordset

     Error Source : XE2100

     Error Number : 91

Error Description : 개체 변수 또는 With 문의 변수가 설정되어 있지 않습니다.

             Date : 2003년 7월 19일 월요일

             Time : 오전 11:08:28
━━━━━━━━━━━━━━━━━━━━━━━━━━━━━━━━━━━━━━━━
        Procedure : clsCommon - Public Function Get_InstrumentList() As ADODB.Recordset

     Error Source : XE2100

     Error Number : 91

Error Description : 개체 변수 또는 With 문의 변수가 설정되어 있지 않습니다.

             Date : 2003년 7월 19일 월요일

             Time : 오전 11:10:06
━━━━━━━━━━━━━━━━━━━━━━━━━━━━━━━━━━━━━━━━
        Procedure : clsCommon - Public Function Get_InstrumentList() As ADODB.Recordset

     Error Source : XE2100

     Error Number : 91

Error Description : 개체 변수 또는 With 문의 변수가 설정되어 있지 않습니다.

             Date : 2003년 7월 19일 월요일

             Time : 오전 11:11:03
━━━━━━━━━━━━━━━━━━━━━━━━━━━━━━━━━━━━━━━━
        Procedure : clsCommon - Public Function Get_InstrumentList() As ADODB.Recordset

     Error Source : XE2100

     Error Number : 91

Error Description : 개체 변수 또는 With 문의 변수가 설정되어 있지 않습니다.

             Date : 2003년 7월 19일 월요일

             Time : 오전 11:12:45
━━━━━━━━━━━━━━━━━━━━━━━━━━━━━━━━━━━━━━━━
        Procedure : clsCommon - Public Function Get_TestItem() As ADODB.Recordset

     Error Source : XE2100

     Error Number : 91

Error Description : 개체 변수 또는 With 문의 변수가 설정되어 있지 않습니다.

             Date : 2003년 7월 19일 월요일

             Time : 오전 11:29:31
━━━━━━━━━━━━━━━━━━━━━━━━━━━━━━━━━━━━━━━━
        Procedure : frmInterface - Private Sub cmdRun()

     Error Source : MSComm

     Error Number : 8002

Error Description : 포트 번호가 잘못되었습니다.

             Date : 2003년 7월 19일 월요일

             Time : 오전 11:29:40
━━━━━━━━━━━━━━━━━━━━━━━━━━━━━━━━━━━━━━━━
        Procedure : clsCommon - Public Function Get_RoomList() As ADODB.Recordset

     Error Source : XE2100

     Error Number : 91

Error Description : 개체 변수 또는 With 문의 변수가 설정되어 있지 않습니다.

             Date : 2003년 7월 19일 월요일

             Time : 오전 11:30:56
━━━━━━━━━━━━━━━━━━━━━━━━━━━━━━━━━━━━━━━━
        Procedure : clsCommon - Public Function Get_StationList() As ADODB.Recordset

     Error Source : XE2100

     Error Number : 91

Error Description : 개체 변수 또는 With 문의 변수가 설정되어 있지 않습니다.

             Date : 2003년 7월 19일 월요일

             Time : 오전 11:31:02
━━━━━━━━━━━━━━━━━━━━━━━━━━━━━━━━━━━━━━━━
        Procedure : clsCommon - Public Function Get_TestItem() As ADODB.Recordset

     Error Source : XE2100

     Error Number : 91

Error Description : 개체 변수 또는 With 문의 변수가 설정되어 있지 않습니다.

             Date : 2003년 7월 19일 월요일

             Time : 오전 11:39:15
━━━━━━━━━━━━━━━━━━━━━━━━━━━━━━━━━━━━━━━━
        Procedure : clsCommon - Public Function Get_TestItem() As ADODB.Recordset

     Error Source : XE2100

     Error Number : 91

Error Description : 개체 변수 또는 With 문의 변수가 설정되어 있지 않습니다.

             Date : 2003년 7월 19일 월요일

             Time : 오전 11:45:18
━━━━━━━━━━━━━━━━━━━━━━━━━━━━━━━━━━━━━━━━
    Procedure : clsCommon - Public Function LetEqp_MatchItem(ByVal MatchItem As Scripting.Dictionary) As Boolean

 Error Number : -2147217833

  Description : 필드가 너무 작아서 추가하려는 데이터 양을 받아 들일 수 없습니다. 삽입하거나 붙여 넣을 데이터 양을 줄이십시오.

       Source : Microsoft JET Database Engine

    SQL State : 3163

 Native Error : -68551703

   SQL String : UPDATE INTERFACE002 SET TESTNM_EQP = 'WBC', OUT_SEQ = 0, TESTCD = '001', TESTNM = 'WBC', AUTOVERIFY = '12.0', REMARK = '4.0',                        REFL = '4.0', REFH = '12.0', DELTA = '0', DELTAGBN = '0', PANICL = '0', PANICH = '0' WHERE (EQP_CD = 'XE2100') AND (TESTCD_EQP = '001')

         Date : 2003년 7월 19일 월요일

         Time : 오후 12:12:51
━━━━━━━━━━━━━━━━━━━━━━━━━━━━━━━━━━━━━━━━
    Procedure : clsCommon - Public Function LetEqp_MatchItem(ByVal MatchItem As Scripting.Dictionary) As Boolean

 Error Number : -2147217833

  Description : 필드가 너무 작아서 추가하려는 데이터 양을 받아 들일 수 없습니다. 삽입하거나 붙여 넣을 데이터 양을 줄이십시오.

       Source : Microsoft JET Database Engine

    SQL State : 3163

 Native Error : -68551703

   SQL String : UPDATE INTERFACE002 SET TESTNM_EQP = 'WBC', OUT_SEQ = 0, TESTCD = '001', TESTNM = 'WBC', AUTOVERIFY = '12.0', REMARK = '4.0',                        REFL = '4.0', REFH = '12.0', DELTA = '0', DELTAGBN = '0', PANICL = '0', PANICH = '0' WHERE (EQP_CD = 'XE2100') AND (TESTCD_EQP = '001')

         Date : 2003년 7월 19일 월요일

         Time : 오후 12:13:44
━━━━━━━━━━━━━━━━━━━━━━━━━━━━━━━━━━━━━━━━
        Procedure : Private Sub MDIForm_Tool()

     Error Source : XE2100

     Error Number : 713

Error Description : 클래스가 등록되지 않았습니다.
CLSID을(를) 가진 개체를 찾는 중:{BDC217C5-ED16-11CD-956C-0000C04E4C0A}

             Date : 2003년 7월 19일 월요일

             Time : 오후 1:07:50
━━━━━━━━━━━━━━━━━━━━━━━━━━━━━━━━━━━━━━━━
    Procedure : clsCommon - Public Function LetEqp_MatchItem(ByVal MatchItem As Scripting.Dictionary) As Boolean

 Error Number : -2147217833

  Description : 필드가 너무 작아서 추가하려는 데이터 양을 받아 들일 수 없습니다. 삽입하거나 붙여 넣을 데이터 양을 줄이십시오.

       Source : Microsoft JET Database Engine

    SQL State : 3163

 Native Error : -68551703

   SQL String : UPDATE INTERFACE002 SET TESTNM_EQP = 'WBC', OUT_SEQ = 0, TESTCD = '001', TESTNM = 'WBC', AUTOVERIFY = '12.0', REMARK = '0',                        REFL = '4.0', REFH = '12.0', DELTA = '0', DELTAGBN = '0', PANICL = '0', PANICH = '0' WHERE (EQP_CD = 'XE2100') AND (TESTCD_EQP = '001')

         Date : 2003년 7월 19일 월요일

         Time : 오후 1:09:00
━━━━━━━━━━━━━━━━━━━━━━━━━━━━━━━━━━━━━━━━
    Procedure : clsCommon - Public Function LetEqp_MatchItem(ByVal MatchItem As Scripting.Dictionary) As Boolean

 Error Number : -2147217833

  Description : 필드가 너무 작아서 추가하려는 데이터 양을 받아 들일 수 없습니다. 삽입하거나 붙여 넣을 데이터 양을 줄이십시오.

       Source : Microsoft JET Database Engine

    SQL State : 3163

 Native Error : -68551703

   SQL String : UPDATE INTERFACE002 SET TESTNM_EQP = 'RBC', OUT_SEQ = 0, TESTCD = '002', TESTNM = 'RBC', AUTOVERIFY = '6.5', REMARK = '0',                        REFL = '3.9', REFH = '6.5', DELTA = '0', DELTAGBN = '0', PANICL = '0', PANICH = '0' WHERE (EQP_CD = 'XE2100') AND (TESTCD_EQP = '002')

         Date : 2003년 7월 19일 월요일

         Time : 오후 1:09:01
━━━━━━━━━━━━━━━━━━━━━━━━━━━━━━━━━━━━━━━━
    Procedure : clsCommon - Public Function LetEqp_MatchItem(ByVal MatchItem As Scripting.Dictionary) As Boolean

 Error Number : -2147217833

  Description : 필드가 너무 작아서 추가하려는 데이터 양을 받아 들일 수 없습니다. 삽입하거나 붙여 넣을 데이터 양을 줄이십시오.

       Source : Microsoft JET Database Engine

    SQL State : 3163

 Native Error : -68551703

   SQL String : UPDATE INTERFACE002 SET TESTNM_EQP = 'WBC', OUT_SEQ = 0, TESTCD = '001', TESTNM = 'WBC', AUTOVERIFY = '10.0', REMARK = '0',                        REFL = '4.0', REFH = '10.0', DELTA = '0', DELTAGBN = '0', PANICL = '0', PANICH = '0' WHERE (EQP_CD = 'XE2100') AND (TESTCD_EQP = '001')

         Date : 2003년 7월 19일 월요일

         Time : 오후 1:11:43
━━━━━━━━━━━━━━━━━━━━━━━━━━━━━━━━━━━━━━━━
        Procedure : frmComm - Private Sub cmdQuery_Click()

     Error Source : XE2100

     Error Number : 6

Error Description : 숫자가 너무 큽니다.

             Date : 2003년 7월 19일 월요일

             Time : 오후 1:37:26
━━━━━━━━━━━━━━━━━━━━━━━━━━━━━━━━━━━━━━━━
        Procedure : frmInterface - Privete sub f_subSet_Result()

     Error Source : Microsoft JET Database Engine

     Error Number : -2147217833

Error Description : 필드가 너무 작아서 추가하려는 데이터 양을 받아 들일 수 없습니다. 삽입하거나 붙여 넣을 데이터 양을 줄이십시오.

             Date : 2003년 7월 19일 월요일

             Time : 오후 5:17:00
━━━━━━━━━━━━━━━━━━━━━━━━━━━━━━━━━━━━━━━━
        Procedure : frmInterface - Privete sub f_subSet_Result()

     Error Source : Microsoft JET Database Engine

     Error Number : -2147217833

Error Description : 필드가 너무 작아서 추가하려는 데이터 양을 받아 들일 수 없습니다. 삽입하거나 붙여 넣을 데이터 양을 줄이십시오.

             Date : 2003년 7월 19일 월요일

             Time : 오후 5:17:03
━━━━━━━━━━━━━━━━━━━━━━━━━━━━━━━━━━━━━━━━
        Procedure : frmInterface - Privete sub f_subSet_Result()

     Error Source : Microsoft JET Database Engine

     Error Number : -2147217833

Error Description : 필드가 너무 작아서 추가하려는 데이터 양을 받아 들일 수 없습니다. 삽입하거나 붙여 넣을 데이터 양을 줄이십시오.

             Date : 2003년 7월 19일 월요일

             Time : 오후 5:17:04
━━━━━━━━━━━━━━━━━━━━━━━━━━━━━━━━━━━━━━━━
        Procedure : frmInterface - Privete sub f_subSet_Result()

     Error Source : Microsoft JET Database Engine

     Error Number : -2147217833

Error Description : 필드가 너무 작아서 추가하려는 데이터 양을 받아 들일 수 없습니다. 삽입하거나 붙여 넣을 데이터 양을 줄이십시오.

             Date : 2003년 7월 19일 월요일

             Time : 오후 5:17:04
━━━━━━━━━━━━━━━━━━━━━━━━━━━━━━━━━━━━━━━━
        Procedure : frmInterface - Privete sub f_subSet_Result()

     Error Source : Microsoft JET Database Engine

     Error Number : -2147217833

Error Description : 필드가 너무 작아서 추가하려는 데이터 양을 받아 들일 수 없습니다. 삽입하거나 붙여 넣을 데이터 양을 줄이십시오.

             Date : 2003년 7월 19일 월요일

             Time : 오후 5:17:05
━━━━━━━━━━━━━━━━━━━━━━━━━━━━━━━━━━━━━━━━
        Procedure : frmInterface - Private Sub f_subSet_ItemList()

     Error Source : XE2100

     Error Number : 9

Error Description : 첨자 사용이 잘못되었습니다.

             Date : 2003년 7월 19일 월요일

             Time : 오후 5:53:26
━━━━━━━━━━━━━━━━━━━━━━━━━━━━━━━━━━━━━━━━
        Procedure : frmInterface - Private Sub f_subSet_ItemList()

     Error Source : XE2100

     Error Number : 9

Error Description : 첨자 사용이 잘못되었습니다.

             Date : 2003년 7월 19일 월요일

             Time : 오후 5:53:39
━━━━━━━━━━━━━━━━━━━━━━━━━━━━━━━━━━━━━━━━
        Procedure : frmInterface - Privete sub f_subSet_Result()

     Error Source : Microsoft JET Database Engine

     Error Number : -2147217833

Error Description : 필드가 너무 작아서 추가하려는 데이터 양을 받아 들일 수 없습니다. 삽입하거나 붙여 넣을 데이터 양을 줄이십시오.

             Date : 2003년 7월 19일 월요일

             Time : 오후 5:54:25
━━━━━━━━━━━━━━━━━━━━━━━━━━━━━━━━━━━━━━━━
        Procedure : frmInterface - Privete sub f_subSet_Result()

     Error Source : Microsoft JET Database Engine

     Error Number : -2147217833

Error Description : 필드가 너무 작아서 추가하려는 데이터 양을 받아 들일 수 없습니다. 삽입하거나 붙여 넣을 데이터 양을 줄이십시오.

             Date : 2003년 7월 19일 월요일

             Time : 오후 5:54:27
━━━━━━━━━━━━━━━━━━━━━━━━━━━━━━━━━━━━━━━━
        Procedure : frmInterface - Privete sub f_subSet_Result()

     Error Source : Microsoft JET Database Engine

     Error Number : -2147217833

Error Description : 필드가 너무 작아서 추가하려는 데이터 양을 받아 들일 수 없습니다. 삽입하거나 붙여 넣을 데이터 양을 줄이십시오.

             Date : 2003년 7월 19일 월요일

             Time : 오후 5:54:28
━━━━━━━━━━━━━━━━━━━━━━━━━━━━━━━━━━━━━━━━
        Procedure : frmInterface - Privete sub f_subSet_Result()

     Error Source : Microsoft JET Database Engine

     Error Number : -2147217833

Error Description : 필드가 너무 작아서 추가하려는 데이터 양을 받아 들일 수 없습니다. 삽입하거나 붙여 넣을 데이터 양을 줄이십시오.

             Date : 2003년 7월 19일 월요일

             Time : 오후 5:54:29
━━━━━━━━━━━━━━━━━━━━━━━━━━━━━━━━━━━━━━━━
        Procedure : frmInterface - Privete sub f_subSet_Result()

     Error Source : Microsoft JET Database Engine

     Error Number : -2147217833

Error Description : 필드가 너무 작아서 추가하려는 데이터 양을 받아 들일 수 없습니다. 삽입하거나 붙여 넣을 데이터 양을 줄이십시오.

             Date : 2003년 7월 19일 월요일

             Time : 오후 5:54:29
━━━━━━━━━━━━━━━━━━━━━━━━━━━━━━━━━━━━━━━━
