[2015-11-02 오전 11:09:23]
Project Name   : IISLibrary
Class Name     : clsIISInterface
Procedure Name : GetIntTestCds
Description    : E02 장비에 장비별 검사항목이 설정되지 않었습니다.

[2015-11-02 오전 11:09:23]
Project Name   : IISLibrary
Class Name     : clsIISInterface
Procedure Name : GetEqpComm
Description    : E02 장비에 대한 통신설정이 되어 있지 않습니다.

[2015-11-02 오전 11:17:22]
Project Name   : IISLibrary
Class Name     : clsIISInterface
Procedure Name : GetIntTestCds
Description    : E02 장비에 장비별 검사항목이 설정되지 않었습니다.

[2015-11-02 오전 11:17:22]
Project Name   : IISLibrary
Class Name     : clsIISInterface
Procedure Name : GetEqpComm
Description    : E02 장비에 대한 통신설정이 되어 있지 않습니다.

[2015-11-02 오전 11:48:05]
Project Name   : IISLibrary
Class Name     : clsIISInterface
Procedure Name : GetEqpComm
Description    : E03 장비에 대한 통신설정이 되어 있지 않습니다.

[2015-11-02 오후 1:27:19]
Project Name   : IISLibrary
Class Name     : clsIISAccInfo
Procedure Name : GetAccInfo
Description    : ORA-00942: 테이블 또는 뷰가 존재하지 않습니다


[2015-11-02 오후 1:27:20]
Project Name   : IISLibrary
Class Name     : clsIISInterface
Procedure Name : GetAccInfo
Description    : 바코드번호:2에 대한 접수내역이 없습니다.

[2015-11-02 오후 1:28:19]
Project Name   : IISLibrary
Class Name     : clsIISAccInfo
Procedure Name : GetAccInfo
Description    : ORA-00942: 테이블 또는 뷰가 존재하지 않습니다


[2015-11-02 오후 1:28:20]
Project Name   : IISLibrary
Class Name     : clsIISInterface
Procedure Name : GetAccInfo
Description    : 바코드번호:2에 대한 접수내역이 없습니다.

[2015-11-02 오후 1:30:38]
Project Name   : IISLibrary
Class Name     : clsIISAccInfo
Procedure Name : GetAccInfo
Description    : ORA-00942: 테이블 또는 뷰가 존재하지 않습니다


[2015-11-02 오후 1:30:39]
Project Name   : IISLibrary
Class Name     : clsIISInterface
Procedure Name : GetAccInfo
Description    : 바코드번호:C150000008에 대한 접수내역이 없습니다.

[2015-11-02 오후 2:01:44]
Project Name   : IISLibrary
Class Name     : clsIISAccInfo
Procedure Name : GetAccInfoByPtID
Description    : 형식이 일치하지 않습니다.

[2015-11-02 오후 2:01:49]
Project Name   : IISLibrary
Class Name     : clsIISInterface
Procedure Name : GetAccInfo
Description    : 바코드번호:C150000008에 대한 접수내역이 없습니다.

[2015-11-02 오후 2:02:59]
Project Name   : IISLibrary
Class Name     : clsIISInterface
Procedure Name : GetAccInfo
Description    : 바코드번호: C150000008는 장비로 검사할 항목이 없습니다.

[2015-11-02 오후 2:04:20]
Project Name   : IISLibrary
Class Name     : clsIISInterface
Procedure Name : GetAccInfo
Description    : 바코드번호: C150000008는 장비로 검사할 항목이 없습니다.

[2015-11-02 오후 2:08:21]
Project Name   : IISLibrary
Class Name     : clsIISInterface
Procedure Name : GetAccInfo
Description    : 바코드번호: C150000008는 장비로 검사할 항목이 없습니다.

[2015-11-02 오후 2:10:17]
Project Name   : IISLibrary
Class Name     : clsIISInterface
Procedure Name : GetAccInfo
Description    : 바코드번호: C150000008는 장비로 검사할 항목이 없습니다.

[2015-11-02 오후 2:14:48]
Project Name   : IISLibrary
Class Name     : clsIISAccInfo
Procedure Name : GetResultInfo
Description    : Null의 사용이 잘못되었습니다.

[2015-11-02 오후 2:15:20]
Project Name   : IISLibrary
Class Name     : clsIISAccInfo
Procedure Name : GetResultInfo
Description    : Null의 사용이 잘못되었습니다.

[2015-11-02 오후 2:15:20]
Project Name   : IISLibrary
Class Name     : clsIISInterface
Procedure Name : GetAccInfo
Description    : 바코드번호:C150000008에 대한 결과내역이 없습니다.

[2015-11-02 오후 2:17:13]
Project Name   : IISLibrary
Class Name     : clsIISAccInfo
Procedure Name : GetResultInfo
Description    : Null의 사용이 잘못되었습니다.

[2015-11-02 오후 2:17:13]
Project Name   : IISLibrary
Class Name     : clsIISInterface
Procedure Name : GetAccInfo
Description    : 바코드번호:C150000008에 대한 결과내역이 없습니다.

[2015-11-02 오후 2:19:49]
Project Name   : IISLibrary
Class Name     : clsIISAccInfo
Procedure Name : GetResultInfo
Description    : Null의 사용이 잘못되었습니다.

[2015-11-02 오후 2:19:50]
Project Name   : IISLibrary
Class Name     : clsIISInterface
Procedure Name : GetAccInfo
Description    : 바코드번호:C150000008에 대한 결과내역이 없습니다.

[2015-11-02 오후 2:19:58]
Project Name   : IISLibrary
Class Name     : clsIISAccInfo
Procedure Name : GetResultInfo
Description    : Null의 사용이 잘못되었습니다.

[2015-11-02 오후 2:19:59]
Project Name   : IISLibrary
Class Name     : clsIISInterface
Procedure Name : GetAccInfo
Description    : 바코드번호:C150000008에 대한 결과내역이 없습니다.

[2015-11-02 오후 2:22:48]
Project Name   : IISLibrary
Class Name     : clsIISAccInfo
Procedure Name : GetResultInfo
Description    : Null의 사용이 잘못되었습니다.

[2015-11-02 오후 2:22:50]
Project Name   : IISLibrary
Class Name     : clsIISInterface
Procedure Name : GetAccInfo
Description    : 바코드번호:C150000008에 대한 결과내역이 없습니다.

[2015-11-02 오후 2:24:14]
Project Name   : IISLibrary
Class Name     : clsIISAccInfo
Procedure Name : GetResultInfo
Description    : Null의 사용이 잘못되었습니다.

[2015-11-02 오후 2:24:15]
Project Name   : IISLibrary
Class Name     : clsIISInterface
Procedure Name : GetAccInfo
Description    : 바코드번호:C150000008에 대한 결과내역이 없습니다.

[2015-11-02 오후 2:26:12]
Project Name   : IISLibrary
Class Name     : clsIISAccInfo
Procedure Name : GetResultInfo
Description    : Null의 사용이 잘못되었습니다.

[2015-11-02 오후 2:26:13]
Project Name   : IISLibrary
Class Name     : clsIISInterface
Procedure Name : GetAccInfo
Description    : 바코드번호:C150000008에 대한 결과내역이 없습니다.

[2015-11-02 오후 2:48:14]
Project Name   : IISLibrary
Class Name     : clsIISAccInfo
Procedure Name : GetAccInfo
Description    : ORA-00942: 테이블 또는 뷰가 존재하지 않습니다


[2015-11-02 오후 3:14:11]
Project Name   : IISLibrary
Class Name     : clsIISAccInfo
Procedure Name : GetAccInfoByPtID
Description    : 요청한 이름 또는 서수에 해당하는 컬렉션에서 항목을 찾을 수 없습니다.

[2015-11-02 오후 3:14:13]
Project Name   : IISLibrary
Class Name     : clsIISInterface
Procedure Name : GetAccInfo
Description    : 바코드번호:C150000008에 대한 접수내역이 없습니다.

[2015-11-02 오후 4:39:53]
Project Name   : IISLibrary
Class Name     : clsIISCAccInfo
Procedure Name : SaveClientDb
Description    : 필드가 너무 작아서 추가하려는 데이터 양을 받아 들일 수 없습니다. 삽입하거나 붙여 넣을 데이터 양을 줄이십시오.

[2015-11-02 오후 4:39:53]
Project Name   : IISLibrary
Class Name     : clsIISCAccInfo
Procedure Name : SaveClientDb
Description    : SQL:  INSERT INTO ACC203 (itemseq, spcno, ptid, name, sex, ageday, doctnm, deptnm,     wardnm, spccd, spcnm, statfg, qcfg, spcpos, eqpcd, transdt, transtm) VALUES (107995, 'C150000008050000008', 'C150000008', '테스트',     'M', 50000, '', '',     '', 'J10', 'Serum F', '',     '0', '', 'E01', '20151102', '163953')

[2015-11-02 오후 4:39:53]
Project Name   : IISLibrary
Class Name     : clsIISInterface
Procedure Name : SaveClientDb
Description    : 바코드번호: C150000008050000008의 ClientDb 저장에 실패했습니다.

[2015-11-02 오후 4:39:53]
Project Name   : IISLibrary
Class Name     : clsIISAccInfo
Procedure Name : IISSaveServerNoVfy
Description    : ORA-12899: "M2ILAB"."S2LAB306"."SPCYY" 열에 대한 값이 너무 큼(실제: 10, 최대값: 2)


[2015-11-02 오후 4:39:53]
Project Name   : IISLibrary
Class Name     : clsIISAccInfo
Procedure Name : IISSaveServerNoVfy
Description    : SQL:  INSERT INTO s2lab306 (eqpcd, transdt, transtm, spcyy, spcno, transno) VALUES ('E01', '20151102', '163953',     'C150000008', 50000008, '')

[2015-11-02 오후 4:39:53]
Project Name   : IISLibrary
Class Name     : clsIISInterface
Procedure Name : SaveResult
Description    : 바코드번호: C150000008050000008의 서버 결과저장에 실패했습니다.

[2015-11-02 오후 4:42:24]
Project Name   : IISLibrary
Class Name     : clsIISCAccInfo
Procedure Name : SaveClientDb
Description    : 필드가 너무 작아서 추가하려는 데이터 양을 받아 들일 수 없습니다. 삽입하거나 붙여 넣을 데이터 양을 줄이십시오.

[2015-11-02 오후 4:42:24]
Project Name   : IISLibrary
Class Name     : clsIISCAccInfo
Procedure Name : SaveClientDb
Description    : SQL:  INSERT INTO ACC203 (itemseq, spcno, ptid, name, sex, ageday, doctnm, deptnm,     wardnm, spccd, spcnm, statfg, qcfg, spcpos, eqpcd, transdt, transtm) VALUES (107995, 'C150000008050000008', 'C150000008', '테스트',     'M', 50000, '', '',     '', 'J10', 'Serum F', '',     '0', '', 'E01', '20151102', '164224')

[2015-11-02 오후 4:42:24]
Project Name   : IISLibrary
Class Name     : clsIISInterface
Procedure Name : SaveClientDb
Description    : 바코드번호: C150000008050000008의 ClientDb 저장에 실패했습니다.

[2015-11-02 오후 4:42:24]
Project Name   : IISLibrary
Class Name     : clsIISAccInfo
Procedure Name : IISSaveServerNoVfy
Description    : ORA-12899: "M2ILAB"."S2LAB306"."SPCYY" 열에 대한 값이 너무 큼(실제: 10, 최대값: 2)


[2015-11-02 오후 4:42:24]
Project Name   : IISLibrary
Class Name     : clsIISAccInfo
Procedure Name : IISSaveServerNoVfy
Description    : SQL:  INSERT INTO s2lab306 (eqpcd, transdt, transtm, spcyy, spcno, transno) VALUES ('E01', '20151102', '164224',     'C150000008', 50000008, '')

[2015-11-02 오후 4:42:24]
Project Name   : IISLibrary
Class Name     : clsIISInterface
Procedure Name : SaveResult
Description    : 바코드번호: C150000008050000008의 서버 결과저장에 실패했습니다.

[2015-11-02 오후 5:00:51]
Project Name   : IISLibrary
Class Name     : clsIISCAccInfo
Procedure Name : SaveClientDb
Description    : 필드가 너무 작아서 추가하려는 데이터 양을 받아 들일 수 없습니다. 삽입하거나 붙여 넣을 데이터 양을 줄이십시오.

[2015-11-02 오후 5:00:51]
Project Name   : IISLibrary
Class Name     : clsIISCAccInfo
Procedure Name : SaveClientDb
Description    : SQL:  INSERT INTO ACC203 (itemseq, spcno, ptid, name, sex, ageday, doctnm, deptnm,     wardnm, spccd, spcnm, statfg, qcfg, spcpos, eqpcd, transdt, transtm) VALUES (107995, 'C150000008', 'C150000008', '테스트',     'M', 50000, '', '',     '', 'J10', 'Serum F', '',     '0', '', 'E01', '20151102', '170051')

[2015-11-02 오후 5:00:51]
Project Name   : IISLibrary
Class Name     : clsIISInterface
Procedure Name : SaveClientDb
Description    : 바코드번호: C150000008의 ClientDb 저장에 실패했습니다.

[2015-11-02 오후 5:00:51]
Project Name   : IISLibrary
Class Name     : clsIISAccInfo
Procedure Name : IISSaveServerNoVfy
Description    : ORA-12899: "M2ILAB"."S2LAB306"."SPCYY" 열에 대한 값이 너무 큼(실제: 10, 최대값: 2)


[2015-11-02 오후 5:00:51]
Project Name   : IISLibrary
Class Name     : clsIISAccInfo
Procedure Name : IISSaveServerNoVfy
Description    : SQL:  INSERT INTO s2lab306 (eqpcd, transdt, transtm, spcyy, spcno, transno) VALUES ('E01', '20151102', '170051',     'C150000008', 50000008, '')

[2015-11-02 오후 5:00:51]
Project Name   : IISLibrary
Class Name     : clsIISInterface
Procedure Name : SaveResult
Description    : 바코드번호: C150000008의 서버 결과저장에 실패했습니다.

[2015-11-02 오후 5:02:56]
Project Name   : IISLibrary
Class Name     : clsIISCAccInfo
Procedure Name : SaveClientDb
Description    : 필드가 너무 작아서 추가하려는 데이터 양을 받아 들일 수 없습니다. 삽입하거나 붙여 넣을 데이터 양을 줄이십시오.

[2015-11-02 오후 5:02:56]
Project Name   : IISLibrary
Class Name     : clsIISCAccInfo
Procedure Name : SaveClientDb
Description    : SQL:  INSERT INTO ACC203 (itemseq, spcno, ptid, name, sex, ageday, doctnm, deptnm,     wardnm, spccd, spcnm, statfg, qcfg, spcpos, eqpcd, transdt, transtm) VALUES (107995, 'C150000008', 'C150000008', '테스트',     'M', 50000, '', '',     '', 'J10', 'Serum F', '',     '0', '', 'E01', '20151102', '170256')

[2015-11-02 오후 5:02:56]
Project Name   : IISLibrary
Class Name     : clsIISInterface
Procedure Name : SaveClientDb
Description    : 바코드번호: C150000008의 ClientDb 저장에 실패했습니다.

[2015-11-02 오후 5:02:56]
Project Name   : IISLibrary
Class Name     : clsIISAccInfo
Procedure Name : IISSaveServerNoVfy
Description    : ORA-12899: "M2ILAB"."S2LAB306"."SPCYY" 열에 대한 값이 너무 큼(실제: 10, 최대값: 2)


[2015-11-02 오후 5:02:56]
Project Name   : IISLibrary
Class Name     : clsIISAccInfo
Procedure Name : IISSaveServerNoVfy
Description    : SQL:  INSERT INTO s2lab306 (eqpcd, transdt, transtm, spcyy, spcno, transno) VALUES ('E01', '20151102', '170256',     'C150000008', 50000008, '1/60356')

[2015-11-02 오후 5:02:56]
Project Name   : IISLibrary
Class Name     : clsIISInterface
Procedure Name : SaveResult
Description    : 바코드번호: C150000008의 서버 결과저장에 실패했습니다.

[2015-11-02 오후 5:04:01]
Project Name   : IISLibrary
Class Name     : clsIISCAccInfo
Procedure Name : SaveClientDb
Description    : 필드가 너무 작아서 추가하려는 데이터 양을 받아 들일 수 없습니다. 삽입하거나 붙여 넣을 데이터 양을 줄이십시오.

[2015-11-02 오후 5:04:01]
Project Name   : IISLibrary
Class Name     : clsIISCAccInfo
Procedure Name : SaveClientDb
Description    : SQL:  INSERT INTO ACC203 (itemseq, spcno, ptid, name, sex, ageday, doctnm, deptnm,     wardnm, spccd, spcnm, statfg, qcfg, spcpos, eqpcd, transdt, transtm) VALUES (107995, 'C150000008', 'C150000008', '테스트',     'M', 50000, '', '',     '', 'J10', 'Serum F', '',     '0', '', 'E01', '20151102', '170401')

[2015-11-02 오후 5:04:01]
Project Name   : IISLibrary
Class Name     : clsIISInterface
Procedure Name : SaveClientDb
Description    : 바코드번호: C150000008의 ClientDb 저장에 실패했습니다.

[2015-11-02 오후 5:04:05]
Project Name   : IISLibrary
Class Name     : clsIISAccInfo
Procedure Name : IISSaveServerNoVfy
Description    : ORA-12899: "M2ILAB"."S2LAB306"."SPCYY" 열에 대한 값이 너무 큼(실제: 10, 최대값: 2)


[2015-11-02 오후 5:04:05]
Project Name   : IISLibrary
Class Name     : clsIISAccInfo
Procedure Name : IISSaveServerNoVfy
Description    : SQL:  INSERT INTO s2lab306 (eqpcd, transdt, transtm, spcyy, spcno, transno) VALUES ('E01', '20151102', '170405',     'C150000008', 50000008, '1/60356')

[2015-11-02 오후 5:10:19]
Project Name   : IISLibrary
Class Name     : clsIISAccInfo
Procedure Name : IISSaveServerNoVfy
Description    : ORA-12899: "M2ILAB"."S2LAB306"."SPCYY" 열에 대한 값이 너무 큼(실제: 10, 최대값: 2)


[2015-11-02 오후 5:10:19]
Project Name   : IISLibrary
Class Name     : clsIISAccInfo
Procedure Name : IISSaveServerNoVfy
Description    : SQL:  INSERT INTO s2lab306 (eqpcd, transdt, transtm, spcyy, spcno, transno) VALUES ('E01', '20151102', '170416',     'C150000008', 50000008, '1/60356')

[2015-11-02 오후 5:10:19]
Project Name   : IISLibrary
Class Name     : clsIISInterface
Procedure Name : SaveResult
Description    : 바코드번호: C150000008의 서버 결과저장에 실패했습니다.

[2015-11-02 오후 5:11:28]
Project Name   : IISLibrary
Class Name     : clsIISCAccInfo
Procedure Name : SaveClientDb
Description    : 필드가 너무 작아서 추가하려는 데이터 양을 받아 들일 수 없습니다. 삽입하거나 붙여 넣을 데이터 양을 줄이십시오.

[2015-11-02 오후 5:11:28]
Project Name   : IISLibrary
Class Name     : clsIISCAccInfo
Procedure Name : SaveClientDb
Description    : SQL:  INSERT INTO ACC203 (itemseq, spcno, ptid, name, sex, ageday, doctnm, deptnm,     wardnm, spccd, spcnm, statfg, qcfg, spcpos, eqpcd, transdt, transtm) VALUES (107995, 'C150000008', 'C150000008', '테스트',     'M', 50000, '', '',     '', 'J10', 'Serum F', '',     '0', '', 'E01', '20151102', '171128')

[2015-11-02 오후 5:11:28]
Project Name   : IISLibrary
Class Name     : clsIISInterface
Procedure Name : SaveClientDb
Description    : 바코드번호: C150000008의 ClientDb 저장에 실패했습니다.

[2015-11-02 오후 5:12:43]
Project Name   : IISLibrary
Class Name     : clsIISCAccInfo
Procedure Name : SaveClientDb
Description    : 필드가 너무 작아서 추가하려는 데이터 양을 받아 들일 수 없습니다. 삽입하거나 붙여 넣을 데이터 양을 줄이십시오.

[2015-11-02 오후 5:12:43]
Project Name   : IISLibrary
Class Name     : clsIISCAccInfo
Procedure Name : SaveClientDb
Description    : SQL:  INSERT INTO ACC203 (itemseq, spcno, ptid, name, sex, ageday, doctnm, deptnm,     wardnm, spccd, spcnm, statfg, qcfg, spcpos, eqpcd, transdt, transtm) VALUES (107995, 'C150000008', 'C150000008', '테스트',     'M', 50000, '', '',     '', 'J10', 'Serum F', '',     '0', '', 'E01', '20151102', '171243')

[2015-11-02 오후 5:12:43]
Project Name   : IISLibrary
Class Name     : clsIISInterface
Procedure Name : SaveClientDb
Description    : 바코드번호: C150000008의 ClientDb 저장에 실패했습니다.

[2015-11-02 오후 5:13:41]
Project Name   : IISLibrary
Class Name     : clsIISCAccInfo
Procedure Name : SaveClientDb
Description    : 필드가 너무 작아서 추가하려는 데이터 양을 받아 들일 수 없습니다. 삽입하거나 붙여 넣을 데이터 양을 줄이십시오.

[2015-11-02 오후 5:13:41]
Project Name   : IISLibrary
Class Name     : clsIISCAccInfo
Procedure Name : SaveClientDb
Description    : SQL:  INSERT INTO ACC203 (itemseq, spcno, ptid, name, sex, ageday, doctnm, deptnm,     wardnm, spccd, spcnm, statfg, qcfg, spcpos, eqpcd, transdt, transtm) VALUES (107995, 'C150000008', 'C150000008', '테스트',     'M', 50000, '', '',     '', 'J10', 'Serum F', '',     '0', '', 'E01', '20151102', '171341')

[2015-11-02 오후 5:13:41]
Project Name   : IISLibrary
Class Name     : clsIISInterface
Procedure Name : SaveClientDb
Description    : 바코드번호: C150000008의 ClientDb 저장에 실패했습니다.

[2015-11-02 오후 5:14:40]
Project Name   : IISLibrary
Class Name     : clsIISCAccInfo
Procedure Name : SaveClientDb
Description    : 필드가 너무 작아서 추가하려는 데이터 양을 받아 들일 수 없습니다. 삽입하거나 붙여 넣을 데이터 양을 줄이십시오.

[2015-11-02 오후 5:14:40]
Project Name   : IISLibrary
Class Name     : clsIISCAccInfo
Procedure Name : SaveClientDb
Description    : SQL:  INSERT INTO ACC203 (itemseq, spcno, ptid, name, sex, ageday, doctnm, deptnm,     wardnm, spccd, spcnm, statfg, qcfg, spcpos, eqpcd, transdt, transtm) VALUES (107995, 'C150000008', 'C150000008', '테스트',     'M', 50000, '', '',     '', 'J10', 'Serum F', '',     '0', '', 'E01', '20151102', '171440')

[2015-11-02 오후 5:14:40]
Project Name   : IISLibrary
Class Name     : clsIISInterface
Procedure Name : SaveClientDb
Description    : 바코드번호: C150000008의 ClientDb 저장에 실패했습니다.

[2015-11-02 오후 5:14:53]
Project Name   : IISLibrary
Class Name     : clsIISCAccInfo
Procedure Name : SaveClientDb
Description    : 필드가 너무 작아서 추가하려는 데이터 양을 받아 들일 수 없습니다. 삽입하거나 붙여 넣을 데이터 양을 줄이십시오.

[2015-11-02 오후 5:14:53]
Project Name   : IISLibrary
Class Name     : clsIISCAccInfo
Procedure Name : SaveClientDb
Description    : SQL:  INSERT INTO ACC203 (itemseq, spcno, ptid, name, sex, ageday, doctnm, deptnm,     wardnm, spccd, spcnm, statfg, qcfg, spcpos, eqpcd, transdt, transtm) VALUES (107995, 'C150000008', 'C150000008', '테스트',     'M', 50000, '', '',     '', 'J10', 'Serum F', '',     '0', '', 'E01', '20151102', '171453')

[2015-11-02 오후 5:14:53]
Project Name   : IISLibrary
Class Name     : clsIISInterface
Procedure Name : SaveClientDb
Description    : 바코드번호: C150000008의 ClientDb 저장에 실패했습니다.

[2015-11-02 오후 5:23:08]
Project Name   : IISLibrary
Class Name     : clsIISCAccInfo
Procedure Name : SaveClientDb
Description    : 필드가 너무 작아서 추가하려는 데이터 양을 받아 들일 수 없습니다. 삽입하거나 붙여 넣을 데이터 양을 줄이십시오.

[2015-11-02 오후 5:23:08]
Project Name   : IISLibrary
Class Name     : clsIISCAccInfo
Procedure Name : SaveClientDb
Description    : SQL:  INSERT INTO ACC203 (itemseq, spcno, ptid, name, sex, ageday, doctnm, deptnm,     wardnm, spccd, spcnm, statfg, qcfg, spcpos, eqpcd, transdt, transtm) VALUES (107995, 'C150000008', 'C150000008', '테스트',     'M', 50000, '', '',     '', 'J10', 'Serum F', '',     '0', '', 'E01', '20151102', '172308')

[2015-11-02 오후 5:23:08]
Project Name   : IISLibrary
Class Name     : clsIISInterface
Procedure Name : SaveClientDb
Description    : 바코드번호: C150000008의 ClientDb 저장에 실패했습니다.

