        Procedure : frmInterface - Private Sub cmdRun()

     Error Source : MSComm

     Error Number : 8002

Error Description : 포트 번호가 잘못되었습니다.

             Date : 2008년 9월 10일 월요일

             Time : 오후 1:39:37
━━━━━━━━━━━━━━━━━━━━━━━━━━━━━━━━━━━━━━━━
        Procedure : frmInterface - Private Sub cmdRun()

     Error Source : MSComm

     Error Number : 8002

Error Description : 포트 번호가 잘못되었습니다.

             Date : 2008년 9월 10일 월요일

             Time : 오후 1:40:48
━━━━━━━━━━━━━━━━━━━━━━━━━━━━━━━━━━━━━━━━
    Procedure : Public Function Get_Date() As String

 Error Number : -2147467259

  Description : [DBNETLIB][ConnectionWrite (send()).]일반 네트워크 오류입니다. 네트워크 설명서를 참조하십시오.

       Source : Microsoft OLE DB Provider for SQL Server

    SQL State : 08S01

 Native Error : 11

   SQL String : SELECT GETDATE()

         Date : 2008년 9월 10일 월요일

         Time : 오후 10:24:18
━━━━━━━━━━━━━━━━━━━━━━━━━━━━━━━━━━━━━━━━
        Procedure : frmInterface - Private Sub cmdRun()

     Error Source : MSComm

     Error Number : 8002

Error Description : 포트 번호가 잘못되었습니다.

             Date : 2008년 9월 10일 월요일

             Time : 오후 10:24:20
━━━━━━━━━━━━━━━━━━━━━━━━━━━━━━━━━━━━━━━━
    Procedure : Public Function Get_Date() As String

 Error Number : -2147467259

  Description : 연결을 실패했습니다.

       Source : Microsoft OLE DB Provider for SQL Server

    SQL State : 08S01

 Native Error : 0

   SQL String : SELECT GETDATE()

         Date : 2008년 9월 10일 월요일

         Time : 오후 10:24:57
━━━━━━━━━━━━━━━━━━━━━━━━━━━━━━━━━━━━━━━━
        Procedure : frmInterface - Private Sub cmdRun()

     Error Source : MSComm

     Error Number : 8002

Error Description : 포트 번호가 잘못되었습니다.

             Date : 2008년 9월 10일 월요일

             Time : 오후 10:24:59
━━━━━━━━━━━━━━━━━━━━━━━━━━━━━━━━━━━━━━━━
