        Procedure : frmInterface - Private Sub cmdRun()

     Error Source : MSComm

     Error Number : 8005

Error Description : 포트가 이미 열려 있습니다.

             Date : 2011년 2월 28일 월요일

             Time : 오후 2:26:05
━━━━━━━━━━━━━━━━━━━━━━━━━━━━━━━━━━━━━━━━
        Procedure : frmInterface - Private Sub cmdRun()

     Error Source : MSComm

     Error Number : 8005

Error Description : 포트가 이미 열려 있습니다.

             Date : 2011년 2월 28일 월요일

             Time : 오후 3:05:31
━━━━━━━━━━━━━━━━━━━━━━━━━━━━━━━━━━━━━━━━
        Procedure : frmInterface - Private Sub cmdRun()

     Error Source : MSComm

     Error Number : 8005

Error Description : 포트가 이미 열려 있습니다.

             Date : 2011년 2월 28일 월요일

             Time : 오후 3:13:18
━━━━━━━━━━━━━━━━━━━━━━━━━━━━━━━━━━━━━━━━
        Procedure : clsCommon - Public Function f_subSet_WorkList() As ADODB.Recordset

     Error Source : ADODB.Recordset

     Error Number : 3709

Error Description : 이 작업을 수행하는 데 연결을 사용할 수 없습니다. 이 컨텍스트에서 연결이 닫혀 있거나 잘못되었습니다.

             Date : 2011년 2월 28일 월요일

             Time : 오후 3:15:02
━━━━━━━━━━━━━━━━━━━━━━━━━━━━━━━━━━━━━━━━
