## BN II Version History ##

## 버  전: 1.0.0
## 작성일: 2005-01-27

## 버  전: 1.0.0
## 적용일: 2005-01-28
## 병  원: 동국대학교 경주병원

## 버  전: 1.0.1
## 수정일: 2005-01-31
## 내  용:
   1. 지수변환함수(GetNumber) 대신 Val 함수 사용
      - frmIISBNII - EditRcvData

## 버  전: 1.0.2
## 수정일: 2005-02-01
## 내  용:
   1. Rack No 6자리중 가운데 2자리만 표시하도록 수정
      - frmIISBNII - EditRcvData

## 버  전: 1.0.3
## 수정일: 2005-02-07
## 내  용:
   1. 일반검체와 QC검체 구분에 따라 성별을 나누어 전송하도록 수정
      - clsIISIntOrder - GetOrder

## 버  전: 1.0.4
## 수정일: 2005-02-14
## 내  용:
   1. Control Result 수신에 대한처리 추가
      - frmIISBNII - EditRcvData
## 병  원: 동국대학교 경주병원

## 버  전: 1.0.5
## 수정일: 2005-02-21
## 내  용:
   1. 일반검체와 QC검체 구분에 따라 응급유무를 나누어 전송하도록 수정
      - clsIISIntOrder - GetOrder
## 병  원: 동국대학교 경주병원

## 버  전: 1.0.6
## 수정일: 2005-06-24
## 내  용:
   1. tblResult에 결과표시시 버그수정
      - frmIISBNII - tblComplete_Click

## 버  전: 1.0.6
## 적용일: 2005-07-28
## 병  원: 동국대학교 경주병원

## 버  전: 1.0.7
## 수정일: 2005-09-08
## 내  용:
   1. 장비가 바코드의 Check Digts를 읽어도 처리할수 있도록 수정
      - frmIISACL9000 - EditRcvData

## 버  전: 1.0.7
## 적용일: 2005-09-09
## 병  원: 단국대병원
