    Procedure : clsCommon - Public Function Get_InstrumentList() As ADODB.Recordset

 Error Number : -2147217865

  Description : 개체 이름 'LIMAS032'이(가) 잘못되었습니다.

       Source : Microsoft OLE DB Provider for SQL Server

    SQL State : 42S02

 Native Error : 208

   SQL String : SELECT CDVAL1 AS EQPCD , FIELD1 AS EQPNM FROM LIMAS032 WHERE CDDIV = 'C209' ORDER BY FIELD1

         Date : 2003년 6월 9일 월요일

         Time : 오후 1:55:37
━━━━━━━━━━━━━━━━━━━━━━━━━━━━━━━━━━━━━━━━
    Procedure : clsCommon - Public Function Get_InstrumentList() As ADODB.Recordset

 Error Number : -2147217865

  Description : 개체 이름 'LIMAS032'이(가) 잘못되었습니다.

       Source : Microsoft OLE DB Provider for SQL Server

    SQL State : 42S02

 Native Error : 208

   SQL String : SELECT CDVAL1 AS EQPCD , FIELD1 AS EQPNM FROM LIMAS032 WHERE CDDIV = 'C209' ORDER BY FIELD1

         Date : 2003년 6월 9일 월요일

         Time : 오후 1:56:13
━━━━━━━━━━━━━━━━━━━━━━━━━━━━━━━━━━━━━━━━
    Procedure : clsCommon - Public Function Get_RoomList() As ADODB.Recordset

 Error Number : -2147217865

  Description : 개체 이름 'LIMAS032'이(가) 잘못되었습니다.

       Source : Microsoft OLE DB Provider for SQL Server

    SQL State : 42S02

 Native Error : 208

   SQL String : SELECT CDVAL1 AS ROOMCD , FIELD1 AS ROOMNM FROM LIMAS032 WHERE CDDIV = 'C252' ORDER BY FIELD1

         Date : 2003년 6월 9일 월요일

         Time : 오후 1:56:15
━━━━━━━━━━━━━━━━━━━━━━━━━━━━━━━━━━━━━━━━
    Procedure : clsCommon - Public Function Get_StationList() As ADODB.Recordset

 Error Number : -2147217865

  Description : 개체 이름 'LIMAS032'이(가) 잘못되었습니다.

       Source : Microsoft OLE DB Provider for SQL Server

    SQL State : 42S02

 Native Error : 208

   SQL String : SELECT CDVAL1 AS STACD , FIELD1 AS STANM FROM LIMAS032 WHERE CDDIV = 'C202' ORDER BY FIELD1

         Date : 2003년 6월 9일 월요일

         Time : 오후 1:56:18
━━━━━━━━━━━━━━━━━━━━━━━━━━━━━━━━━━━━━━━━
        Procedure : clsCommon - Public Function Get_WorkList() As ADODB.Recordset

     Error Source : G7

     Error Number : 91

Error Description : 개체 변수 또는 With 문의 변수가 설정되어 있지 않습니다.

             Date : 2003년 6월 9일 월요일

             Time : 오후 2:06:15
━━━━━━━━━━━━━━━━━━━━━━━━━━━━━━━━━━━━━━━━
        Procedure : clsCommon - Public Function Get_WorkList() As ADODB.Recordset

     Error Source : G7

     Error Number : 91

Error Description : 개체 변수 또는 With 문의 변수가 설정되어 있지 않습니다.

             Date : 2003년 6월 9일 월요일

             Time : 오후 2:06:36
━━━━━━━━━━━━━━━━━━━━━━━━━━━━━━━━━━━━━━━━
        Procedure : clsCommon - Public Function Get_WorkList() As ADODB.Recordset

     Error Source : G7

     Error Number : 91

Error Description : 개체 변수 또는 With 문의 변수가 설정되어 있지 않습니다.

             Date : 2003년 6월 9일 월요일

             Time : 오후 2:06:43
━━━━━━━━━━━━━━━━━━━━━━━━━━━━━━━━━━━━━━━━
        Procedure : clsCommon - Public Function Get_WorkList() As ADODB.Recordset

     Error Source : G7

     Error Number : 91

Error Description : 개체 변수 또는 With 문의 변수가 설정되어 있지 않습니다.

             Date : 2003년 6월 9일 월요일

             Time : 오후 2:08:06
━━━━━━━━━━━━━━━━━━━━━━━━━━━━━━━━━━━━━━━━
        Procedure : clsCommon - Public Function Get_WorkList() As ADODB.Recordset

     Error Source : G7

     Error Number : 91

Error Description : 개체 변수 또는 With 문의 변수가 설정되어 있지 않습니다.

             Date : 2003년 6월 9일 월요일

             Time : 오후 2:08:39
━━━━━━━━━━━━━━━━━━━━━━━━━━━━━━━━━━━━━━━━
        Procedure : clsCommon - Public Function Get_WorkList() As ADODB.Recordset

     Error Source : G7

     Error Number : 91

Error Description : 개체 변수 또는 With 문의 변수가 설정되어 있지 않습니다.

             Date : 2003년 6월 9일 월요일

             Time : 오후 2:09:52
━━━━━━━━━━━━━━━━━━━━━━━━━━━━━━━━━━━━━━━━
        Procedure : clsCommon - Public Function Get_WorkList() As ADODB.Recordset

     Error Source : G7

     Error Number : 91

Error Description : 개체 변수 또는 With 문의 변수가 설정되어 있지 않습니다.

             Date : 2003년 6월 9일 월요일

             Time : 오후 2:10:10
━━━━━━━━━━━━━━━━━━━━━━━━━━━━━━━━━━━━━━━━
        Procedure : 

     Error Source : G7

     Error Number : 91

Error Description : 개체 변수 또는 With 문의 변수가 설정되어 있지 않습니다.

             Date : 2003년 6월 9일 월요일

             Time : 오후 2:10:24
━━━━━━━━━━━━━━━━━━━━━━━━━━━━━━━━━━━━━━━━
        Procedure : clsCommon - Public Function Get_WorkList() As ADODB.Recordset

     Error Source : ADODB.Recordset

     Error Number : 3709

Error Description : 이 작업을 수행하는 데 연결을 사용할 수 없습니다. 이 컨텍스트에서 연결이 닫혀 있거나 잘못되었습니다.

             Date : 2003년 6월 9일 월요일

             Time : 오후 2:11:12
━━━━━━━━━━━━━━━━━━━━━━━━━━━━━━━━━━━━━━━━
        Procedure : clsCommon - Public Function Get_WorkList() As ADODB.Recordset

     Error Source : ADODB.Recordset

     Error Number : 3709

Error Description : 이 작업을 수행하는 데 연결을 사용할 수 없습니다. 이 컨텍스트에서 연결이 닫혀 있거나 잘못되었습니다.

             Date : 2003년 6월 9일 월요일

             Time : 오후 2:11:21
━━━━━━━━━━━━━━━━━━━━━━━━━━━━━━━━━━━━━━━━
        Procedure : clsCommon - Public Function Get_WorkList() As ADODB.Recordset

     Error Source : Microsoft JET Database Engine

     Error Number : -2147217865

Error Description : Microsoft Jet 데이터베이스 엔진에서 입력 테이블이나 'InterfaceBarcode_SELECT_ins' 쿼리를 찾을 수 없습니다. 테이블이나 쿼리가 있는지, 이름을 정확히 입력했는지를 확인하십시오.

             Date : 2003년 6월 9일 월요일

             Time : 오후 2:12:43
━━━━━━━━━━━━━━━━━━━━━━━━━━━━━━━━━━━━━━━━
    Procedure : clsCommon - Public Function Get_InstrumentList() As ADODB.Recordset

 Error Number : -2147217865

  Description : 개체 이름 'LIMAS032'이(가) 잘못되었습니다.

       Source : Microsoft OLE DB Provider for SQL Server

    SQL State : 42S02

 Native Error : 208

   SQL String : SELECT CDVAL1 AS EQPCD , FIELD1 AS EQPNM FROM LIMAS032 WHERE CDDIV = 'C209' ORDER BY FIELD1

         Date : 2003년 6월 9일 월요일

         Time : 오후 2:13:14
━━━━━━━━━━━━━━━━━━━━━━━━━━━━━━━━━━━━━━━━
        Procedure : 

     Error Source : ADODB.Recordset

     Error Number : 3709

Error Description : 이 작업을 수행하는 데 연결을 사용할 수 없습니다. 이 컨텍스트에서 연결이 닫혀 있거나 잘못되었습니다.

             Date : 2003년 6월 9일 월요일

             Time : 오후 2:17:59
━━━━━━━━━━━━━━━━━━━━━━━━━━━━━━━━━━━━━━━━
        Procedure : clsCommon - Public Function Get_InstrumentList() As ADODB.Recordset

     Error Source : ADODB.Recordset

     Error Number : 3709

Error Description : 이 작업을 수행하는 데 연결을 사용할 수 없습니다. 이 컨텍스트에서 연결이 닫혀 있거나 잘못되었습니다.

             Date : 2003년 6월 9일 월요일

             Time : 오후 2:18:35
━━━━━━━━━━━━━━━━━━━━━━━━━━━━━━━━━━━━━━━━
        Procedure : clsCommon - Public Function Get_InstrumentList() As ADODB.Recordset

     Error Source : ADODB.Recordset

     Error Number : 3709

Error Description : 이 작업을 수행하는 데 연결을 사용할 수 없습니다. 이 컨텍스트에서 연결이 닫혀 있거나 잘못되었습니다.

             Date : 2003년 6월 9일 월요일

             Time : 오후 2:19:46
━━━━━━━━━━━━━━━━━━━━━━━━━━━━━━━━━━━━━━━━
        Procedure : clsCommon - Public Function Get_InstrumentList() As ADODB.Recordset

     Error Source : ADODB.Recordset

     Error Number : 3709

Error Description : 이 작업을 수행하는 데 연결을 사용할 수 없습니다. 이 컨텍스트에서 연결이 닫혀 있거나 잘못되었습니다.

             Date : 2003년 6월 9일 월요일

             Time : 오후 2:20:16
━━━━━━━━━━━━━━━━━━━━━━━━━━━━━━━━━━━━━━━━
        Procedure : clsCommon - Public Function Get_InstrumentList() As ADODB.Recordset

     Error Source : ADODB.Recordset

     Error Number : 3704

Error Description : 개체가 닫혀있으면 작업이 허용되지 않습니다.

             Date : 2003년 6월 9일 월요일

             Time : 오후 2:23:54
━━━━━━━━━━━━━━━━━━━━━━━━━━━━━━━━━━━━━━━━
        Procedure : clsCommon - Public Function Get_InstrumentList() As ADODB.Recordset

     Error Source : ADODB.Recordset

     Error Number : 3709

Error Description : 이 작업을 수행하는 데 연결을 사용할 수 없습니다. 이 컨텍스트에서 연결이 닫혀 있거나 잘못되었습니다.

             Date : 2003년 6월 9일 월요일

             Time : 오후 2:24:20
━━━━━━━━━━━━━━━━━━━━━━━━━━━━━━━━━━━━━━━━
    Procedure : clsCommon - Public Function Get_RoomList() As ADODB.Recordset

 Error Number : -2147217865

  Description : 개체 이름 'LIMAS032'이(가) 잘못되었습니다.

       Source : Microsoft OLE DB Provider for SQL Server

    SQL State : 42S02

 Native Error : 208

   SQL String : SELECT CDVAL1 AS ROOMCD , FIELD1 AS ROOMNM FROM LIMAS032 WHERE CDDIV = 'C252' ORDER BY FIELD1

         Date : 2003년 6월 9일 월요일

         Time : 오후 2:26:08
━━━━━━━━━━━━━━━━━━━━━━━━━━━━━━━━━━━━━━━━
        Procedure : clsCommon - Public Function Get_InstrumentList() As ADODB.Recordset

     Error Source : ADODB.Recordset

     Error Number : 3709

Error Description : 이 작업을 수행하는 데 연결을 사용할 수 없습니다. 이 컨텍스트에서 연결이 닫혀 있거나 잘못되었습니다.

             Date : 2003년 6월 9일 월요일

             Time : 오후 2:26:43
━━━━━━━━━━━━━━━━━━━━━━━━━━━━━━━━━━━━━━━━
        Procedure : clsCommon - Public Function Get_InstrumentList() As ADODB.Recordset

     Error Source : ADODB.Recordset

     Error Number : 3709

Error Description : 이 작업을 수행하는 데 연결을 사용할 수 없습니다. 이 컨텍스트에서 연결이 닫혀 있거나 잘못되었습니다.

             Date : 2003년 6월 9일 월요일

             Time : 오후 2:27:45
━━━━━━━━━━━━━━━━━━━━━━━━━━━━━━━━━━━━━━━━
        Procedure : clsCommon - Public Function Get_InstrumentList() As ADODB.Recordset

     Error Source : ADODB.Recordset

     Error Number : 3709

Error Description : 이 작업을 수행하는 데 연결을 사용할 수 없습니다. 이 컨텍스트에서 연결이 닫혀 있거나 잘못되었습니다.

             Date : 2003년 6월 9일 월요일

             Time : 오후 2:31:33
━━━━━━━━━━━━━━━━━━━━━━━━━━━━━━━━━━━━━━━━
        Procedure : clsCommon - Public Function Get_InstrumentList() As ADODB.Recordset

     Error Source : ADODB.Recordset

     Error Number : 3709

Error Description : 이 작업을 수행하는 데 연결을 사용할 수 없습니다. 이 컨텍스트에서 연결이 닫혀 있거나 잘못되었습니다.

             Date : 2003년 6월 9일 월요일

             Time : 오후 2:32:08
━━━━━━━━━━━━━━━━━━━━━━━━━━━━━━━━━━━━━━━━
        Procedure : clsCommon - Public Function Get_InstrumentList() As ADODB.Recordset

     Error Source : ADODB.Recordset

     Error Number : 3709

Error Description : 이 작업을 수행하는 데 연결을 사용할 수 없습니다. 이 컨텍스트에서 연결이 닫혀 있거나 잘못되었습니다.

             Date : 2003년 6월 9일 월요일

             Time : 오후 2:32:33
━━━━━━━━━━━━━━━━━━━━━━━━━━━━━━━━━━━━━━━━
        Procedure : clsCommon - Public Function Get_InstrumentList() As ADODB.Recordset

     Error Source : ADODB.Recordset

     Error Number : 3709

Error Description : 이 작업을 수행하는 데 연결을 사용할 수 없습니다. 이 컨텍스트에서 연결이 닫혀 있거나 잘못되었습니다.

             Date : 2003년 6월 9일 월요일

             Time : 오후 2:32:40
━━━━━━━━━━━━━━━━━━━━━━━━━━━━━━━━━━━━━━━━
        Procedure : clsCommon - Public Function Get_InstrumentList() As ADODB.Recordset

     Error Source : ADODB.Recordset

     Error Number : 3709

Error Description : 이 작업을 수행하는 데 연결을 사용할 수 없습니다. 이 컨텍스트에서 연결이 닫혀 있거나 잘못되었습니다.

             Date : 2003년 6월 9일 월요일

             Time : 오후 2:33:50
━━━━━━━━━━━━━━━━━━━━━━━━━━━━━━━━━━━━━━━━
    Procedure : clsCommon - Public Function Get_RoomList() As ADODB.Recordset

 Error Number : -2147217865

  Description : 개체 이름 'LIMAS032'이(가) 잘못되었습니다.

       Source : Microsoft OLE DB Provider for SQL Server

    SQL State : 42S02

 Native Error : 208

   SQL String : SELECT CDVAL1 AS ROOMCD , FIELD1 AS ROOMNM FROM LIMAS032 WHERE CDDIV = 'C252' ORDER BY FIELD1

         Date : 2003년 6월 9일 월요일

         Time : 오후 2:37:50
━━━━━━━━━━━━━━━━━━━━━━━━━━━━━━━━━━━━━━━━
        Procedure : clsCommon - Public Function Get_InstrumentList() As ADODB.Recordset

     Error Source : ADODB.Recordset

     Error Number : 3709

Error Description : 이 작업을 수행하는 데 연결을 사용할 수 없습니다. 이 컨텍스트에서 연결이 닫혀 있거나 잘못되었습니다.

             Date : 2003년 6월 9일 월요일

             Time : 오후 2:38:33
━━━━━━━━━━━━━━━━━━━━━━━━━━━━━━━━━━━━━━━━
        Procedure : clsCommon - Public Function Get_InstrumentList() As ADODB.Recordset

     Error Source : ADODB.Recordset

     Error Number : 3709

Error Description : 이 작업을 수행하는 데 연결을 사용할 수 없습니다. 이 컨텍스트에서 연결이 닫혀 있거나 잘못되었습니다.

             Date : 2003년 6월 9일 월요일

             Time : 오후 2:39:50
━━━━━━━━━━━━━━━━━━━━━━━━━━━━━━━━━━━━━━━━
        Procedure : clsCommon - Public Function Get_InstrumentList() As ADODB.Recordset

     Error Source : ADODB.Recordset

     Error Number : 3709

Error Description : 이 작업을 수행하는 데 연결을 사용할 수 없습니다. 이 컨텍스트에서 연결이 닫혀 있거나 잘못되었습니다.

             Date : 2003년 6월 9일 월요일

             Time : 오후 2:47:30
━━━━━━━━━━━━━━━━━━━━━━━━━━━━━━━━━━━━━━━━
        Procedure : clsCommon - Public Function Get_InstrumentList() As ADODB.Recordset

     Error Source : ADODB.Recordset

     Error Number : 3709

Error Description : 이 작업을 수행하는 데 연결을 사용할 수 없습니다. 이 컨텍스트에서 연결이 닫혀 있거나 잘못되었습니다.

             Date : 2003년 6월 9일 월요일

             Time : 오후 2:54:53
━━━━━━━━━━━━━━━━━━━━━━━━━━━━━━━━━━━━━━━━
        Procedure : clsCommon - Public Function Get_InstrumentList() As ADODB.Recordset

     Error Source : ADODB.Recordset

     Error Number : 3709

Error Description : 이 작업을 수행하는 데 연결을 사용할 수 없습니다. 이 컨텍스트에서 연결이 닫혀 있거나 잘못되었습니다.

             Date : 2003년 6월 9일 월요일

             Time : 오후 2:55:03
━━━━━━━━━━━━━━━━━━━━━━━━━━━━━━━━━━━━━━━━
        Procedure : clsCommon - Public Function Get_InstrumentList() As ADODB.Recordset

     Error Source : ADODB.Recordset

     Error Number : 3709

Error Description : 이 작업을 수행하는 데 연결을 사용할 수 없습니다. 이 컨텍스트에서 연결이 닫혀 있거나 잘못되었습니다.

             Date : 2003년 6월 9일 월요일

             Time : 오후 2:56:06
━━━━━━━━━━━━━━━━━━━━━━━━━━━━━━━━━━━━━━━━
        Procedure : clsCommon - Public Function Get_InstrumentList() As ADODB.Recordset

     Error Source : ADODB.Recordset

     Error Number : 3709

Error Description : 이 작업을 수행하는 데 연결을 사용할 수 없습니다. 이 컨텍스트에서 연결이 닫혀 있거나 잘못되었습니다.

             Date : 2003년 6월 9일 월요일

             Time : 오후 2:56:25
━━━━━━━━━━━━━━━━━━━━━━━━━━━━━━━━━━━━━━━━
        Procedure : clsCommon - Public Function Get_InstrumentList() As ADODB.Recordset

     Error Source : G7

     Error Number : 91

Error Description : 개체 변수 또는 With 문의 변수가 설정되어 있지 않습니다.

             Date : 2003년 6월 9일 월요일

             Time : 오후 2:59:24
━━━━━━━━━━━━━━━━━━━━━━━━━━━━━━━━━━━━━━━━
        Procedure : clsCommon - Public Function Get_InstrumentList() As ADODB.Recordset

     Error Source : ADODB.Recordset

     Error Number : 3705

Error Description : 개체가 열려있으면 작업이 허용되지 않습니다.

             Date : 2003년 6월 9일 월요일

             Time : 오후 3:17:27
━━━━━━━━━━━━━━━━━━━━━━━━━━━━━━━━━━━━━━━━
        Procedure : clsCommon - Public Function Get_InstrumentList() As ADODB.Recordset

     Error Source : ADODB.Recordset

     Error Number : 3705

Error Description : 개체가 열려있으면 작업이 허용되지 않습니다.

             Date : 2003년 6월 9일 월요일

             Time : 오후 3:17:54
━━━━━━━━━━━━━━━━━━━━━━━━━━━━━━━━━━━━━━━━
        Procedure : clsCommon - Public Function Get_InstrumentList() As ADODB.Recordset

     Error Source : G7

     Error Number : 91

Error Description : 개체 변수 또는 With 문의 변수가 설정되어 있지 않습니다.

             Date : 2003년 6월 9일 월요일

             Time : 오후 3:18:08
━━━━━━━━━━━━━━━━━━━━━━━━━━━━━━━━━━━━━━━━
        Procedure : 

     Error Source : G7

     Error Number : 91

Error Description : 개체 변수 또는 With 문의 변수가 설정되어 있지 않습니다.

             Date : 2003년 6월 9일 월요일

             Time : 오후 3:18:59
━━━━━━━━━━━━━━━━━━━━━━━━━━━━━━━━━━━━━━━━
        Procedure : clsCommon - Public Function Get_InstrumentList() As ADODB.Recordset

     Error Source : G7

     Error Number : 91

Error Description : 개체 변수 또는 With 문의 변수가 설정되어 있지 않습니다.

             Date : 2003년 6월 9일 월요일

             Time : 오후 3:19:42
━━━━━━━━━━━━━━━━━━━━━━━━━━━━━━━━━━━━━━━━
        Procedure : clsCommon - Public Function Get_InstrumentList() As ADODB.Recordset

     Error Source : ADODB.Recordset

     Error Number : 3709

Error Description : 이 작업을 수행하는 데 연결을 사용할 수 없습니다. 이 컨텍스트에서 연결이 닫혀 있거나 잘못되었습니다.

             Date : 2003년 6월 9일 월요일

             Time : 오후 3:19:54
━━━━━━━━━━━━━━━━━━━━━━━━━━━━━━━━━━━━━━━━
    Procedure : clsCommon - Public Function Get_InstrumentList() As ADODB.Recordset

 Error Number : -2147217908

  Description : 명령 텍스트가 명령 개체에 대하여 설정되지 않았습니다.

       Source : Microsoft OLE DB Provider for SQL Server

    SQL State : 

 Native Error : 0

   SQL String : 

         Date : 2003년 6월 9일 월요일

         Time : 오후 3:21:14
━━━━━━━━━━━━━━━━━━━━━━━━━━━━━━━━━━━━━━━━
        Procedure : clsCommon - Public Function Get_InstrumentList() As ADODB.Recordset

     Error Source : ADODB.Recordset

     Error Number : 3709

Error Description : 이 작업을 수행하는 데 연결을 사용할 수 없습니다. 이 컨텍스트에서 연결이 닫혀 있거나 잘못되었습니다.

             Date : 2003년 6월 9일 월요일

             Time : 오후 3:21:48
━━━━━━━━━━━━━━━━━━━━━━━━━━━━━━━━━━━━━━━━
    Procedure : clsCommon - Public Function Get_RoomList() As ADODB.Recordset

 Error Number : -2147217865

  Description : 개체 이름 'LIMAS032'이(가) 잘못되었습니다.

       Source : Microsoft OLE DB Provider for SQL Server

    SQL State : 42S02

 Native Error : 208

   SQL String : SELECT CDVAL1 AS ROOMCD , FIELD1 AS ROOMNM FROM LIMAS032 WHERE CDDIV = 'C252' ORDER BY FIELD1

         Date : 2003년 6월 9일 월요일

         Time : 오후 3:40:40
━━━━━━━━━━━━━━━━━━━━━━━━━━━━━━━━━━━━━━━━
        Procedure : clsCommon - Public Function Get_InstrumentList() As ADODB.Recordset

     Error Source : G7

     Error Number : 91

Error Description : 개체 변수 또는 With 문의 변수가 설정되어 있지 않습니다.

             Date : 2003년 6월 9일 월요일

             Time : 오후 3:41:24
━━━━━━━━━━━━━━━━━━━━━━━━━━━━━━━━━━━━━━━━
    Procedure : clsCommon - Public Function Get_StationList() As ADODB.Recordset

 Error Number : -2147217865

  Description : 개체 이름 'LIMAS032'이(가) 잘못되었습니다.

       Source : Microsoft OLE DB Provider for SQL Server

    SQL State : 42S02

 Native Error : 208

   SQL String : SELECT CDVAL1 AS STACD , FIELD1 AS STANM FROM LIMAS032 WHERE CDDIV = 'C202' ORDER BY FIELD1

         Date : 2003년 6월 9일 월요일

         Time : 오후 3:43:57
━━━━━━━━━━━━━━━━━━━━━━━━━━━━━━━━━━━━━━━━
    Procedure : clsCommon - Public Function Get_RoomList() As ADODB.Recordset

 Error Number : -2147217865

  Description : 개체 이름 'LIMAS032'이(가) 잘못되었습니다.

       Source : Microsoft OLE DB Provider for SQL Server

    SQL State : 42S02

 Native Error : 208

   SQL String : SELECT CDVAL1 AS ROOMCD , FIELD1 AS ROOMNM FROM LIMAS032 WHERE CDDIV = 'C252' ORDER BY FIELD1

         Date : 2003년 6월 9일 월요일

         Time : 오후 3:46:13
━━━━━━━━━━━━━━━━━━━━━━━━━━━━━━━━━━━━━━━━
        Procedure : clsCommon - Public Function Get_WorkList() As ADODB.Recordset

     Error Source : ADODB.Recordset

     Error Number : 3709

Error Description : 이 작업을 수행하는 데 연결을 사용할 수 없습니다. 이 컨텍스트에서 연결이 닫혀 있거나 잘못되었습니다.

             Date : 2003년 6월 9일 월요일

             Time : 오후 3:49:06
━━━━━━━━━━━━━━━━━━━━━━━━━━━━━━━━━━━━━━━━
        Procedure : clsCommon - Public Function Get_WorkList() As ADODB.Recordset

     Error Source : ADODB.Recordset

     Error Number : 3709

Error Description : 이 작업을 수행하는 데 연결을 사용할 수 없습니다. 이 컨텍스트에서 연결이 닫혀 있거나 잘못되었습니다.

             Date : 2003년 6월 9일 월요일

             Time : 오후 4:01:29
━━━━━━━━━━━━━━━━━━━━━━━━━━━━━━━━━━━━━━━━
        Procedure : clsCommon - Public Function Get_WorkList() As ADODB.Recordset

     Error Source : ADODB.Recordset

     Error Number : 3709

Error Description : 이 작업을 수행하는 데 연결을 사용할 수 없습니다. 이 컨텍스트에서 연결이 닫혀 있거나 잘못되었습니다.

             Date : 2003년 6월 9일 월요일

             Time : 오후 4:01:37
━━━━━━━━━━━━━━━━━━━━━━━━━━━━━━━━━━━━━━━━
    Procedure : clsCommon - Public Function Get_RoomList() As ADODB.Recordset

 Error Number : -2147217865

  Description : 개체 이름 'LIMAS032'이(가) 잘못되었습니다.

       Source : Microsoft OLE DB Provider for SQL Server

    SQL State : 42S02

 Native Error : 208

   SQL String : SELECT CDVAL1 AS ROOMCD , FIELD1 AS ROOMNM FROM LIMAS032 WHERE CDDIV = 'C252' ORDER BY FIELD1

         Date : 2003년 6월 9일 월요일

         Time : 오후 4:03:02
━━━━━━━━━━━━━━━━━━━━━━━━━━━━━━━━━━━━━━━━
        Procedure : clsCommon - Public Function Get_WorkList() As ADODB.Recordset

     Error Source : Microsoft JET Database Engine

     Error Number : -2147217865

Error Description : Microsoft Jet 데이터베이스 엔진에서 입력 테이블이나 'InterfaceBarcode_SELECT_sp' 쿼리를 찾을 수 없습니다. 테이블이나 쿼리가 있는지, 이름을 정확히 입력했는지를 확인하십시오.

             Date : 2003년 6월 9일 월요일

             Time : 오후 4:05:35
━━━━━━━━━━━━━━━━━━━━━━━━━━━━━━━━━━━━━━━━
        Procedure : clsCommon - Public Function Get_WorkList() As ADODB.Recordset

     Error Source : Microsoft JET Database Engine

     Error Number : -2147217865

Error Description : Microsoft Jet 데이터베이스 엔진에서 입력 테이블이나 'InterfaceBarcode_SELECT_sp' 쿼리를 찾을 수 없습니다. 테이블이나 쿼리가 있는지, 이름을 정확히 입력했는지를 확인하십시오.

             Date : 2003년 6월 9일 월요일

             Time : 오후 4:06:23
━━━━━━━━━━━━━━━━━━━━━━━━━━━━━━━━━━━━━━━━
        Procedure : clsCommon - Public Function Get_WorkList() As ADODB.Recordset

     Error Source : ADODB.Recordset

     Error Number : 3709

Error Description : 이 작업을 수행하는 데 연결을 사용할 수 없습니다. 이 컨텍스트에서 연결이 닫혀 있거나 잘못되었습니다.

             Date : 2003년 6월 9일 월요일

             Time : 오후 4:07:21
━━━━━━━━━━━━━━━━━━━━━━━━━━━━━━━━━━━━━━━━
        Procedure : clsCommon - Public Function Get_WorkList() As ADODB.Recordset

     Error Source : Microsoft JET Database Engine

     Error Number : -2147217865

Error Description : Microsoft Jet 데이터베이스 엔진에서 입력 테이블이나 'InterfaceBarcode_SELECT_sp' 쿼리를 찾을 수 없습니다. 테이블이나 쿼리가 있는지, 이름을 정확히 입력했는지를 확인하십시오.

             Date : 2003년 6월 9일 월요일

             Time : 오후 4:07:43
━━━━━━━━━━━━━━━━━━━━━━━━━━━━━━━━━━━━━━━━
        Procedure : clsCommon - Public Function Get_WorkList() As ADODB.Recordset

     Error Source : Microsoft JET Database Engine

     Error Number : -2147217865

Error Description : Microsoft Jet 데이터베이스 엔진에서 입력 테이블이나 'InterfaceBarcode_SELECT_sp' 쿼리를 찾을 수 없습니다. 테이블이나 쿼리가 있는지, 이름을 정확히 입력했는지를 확인하십시오.

             Date : 2003년 6월 9일 월요일

             Time : 오후 4:08:22
━━━━━━━━━━━━━━━━━━━━━━━━━━━━━━━━━━━━━━━━
        Procedure : clsCommon - Public Function Get_WorkList() As ADODB.Recordset

     Error Source : Microsoft JET Database Engine

     Error Number : -2147217865

Error Description : Microsoft Jet 데이터베이스 엔진에서 입력 테이블이나 'InterfaceBarcode_SELECT_sp' 쿼리를 찾을 수 없습니다. 테이블이나 쿼리가 있는지, 이름을 정확히 입력했는지를 확인하십시오.

             Date : 2003년 6월 9일 월요일

             Time : 오후 4:09:24
━━━━━━━━━━━━━━━━━━━━━━━━━━━━━━━━━━━━━━━━
        Procedure : clsCommon - Public Function Get_WorkList() As ADODB.Recordset

     Error Source : Microsoft JET Database Engine

     Error Number : -2147217865

Error Description : Microsoft Jet 데이터베이스 엔진에서 입력 테이블이나 'InterfaceBarcode_SELECT_sp' 쿼리를 찾을 수 없습니다. 테이블이나 쿼리가 있는지, 이름을 정확히 입력했는지를 확인하십시오.

             Date : 2003년 6월 9일 월요일

             Time : 오후 4:11:33
━━━━━━━━━━━━━━━━━━━━━━━━━━━━━━━━━━━━━━━━
        Procedure : clsCommon - Public Function Get_WorkList() As ADODB.Recordset

     Error Source : Microsoft JET Database Engine

     Error Number : -2147217865

Error Description : Microsoft Jet 데이터베이스 엔진에서 입력 테이블이나 'InterfaceBarcode_SELECT_sp' 쿼리를 찾을 수 없습니다. 테이블이나 쿼리가 있는지, 이름을 정확히 입력했는지를 확인하십시오.

             Date : 2003년 6월 9일 월요일

             Time : 오후 4:22:16
━━━━━━━━━━━━━━━━━━━━━━━━━━━━━━━━━━━━━━━━
        Procedure : clsCommon - Public Function Get_WorkList() As ADODB.Recordset

     Error Source : Microsoft JET Database Engine

     Error Number : -2147217865

Error Description : Microsoft Jet 데이터베이스 엔진에서 입력 테이블이나 'InterfaceBarcode_SELECT_sp' 쿼리를 찾을 수 없습니다. 테이블이나 쿼리가 있는지, 이름을 정확히 입력했는지를 확인하십시오.

             Date : 2003년 6월 9일 월요일

             Time : 오후 4:23:05
━━━━━━━━━━━━━━━━━━━━━━━━━━━━━━━━━━━━━━━━
        Procedure : clsCommon - Public Function Get_WorkList() As ADODB.Recordset

     Error Source : ADODB.Recordset

     Error Number : 3709

Error Description : 이 작업을 수행하는 데 연결을 사용할 수 없습니다. 이 컨텍스트에서 연결이 닫혀 있거나 잘못되었습니다.

             Date : 2003년 6월 9일 월요일

             Time : 오후 4:24:01
━━━━━━━━━━━━━━━━━━━━━━━━━━━━━━━━━━━━━━━━
        Procedure : clsCommon - Public Function Get_WorkList() As ADODB.Recordset

     Error Source : Microsoft JET Database Engine

     Error Number : -2147217865

Error Description : Microsoft Jet 데이터베이스 엔진에서 입력 테이블이나 'InterfaceBarcode_SELECT_sp' 쿼리를 찾을 수 없습니다. 테이블이나 쿼리가 있는지, 이름을 정확히 입력했는지를 확인하십시오.

             Date : 2003년 6월 9일 월요일

             Time : 오후 4:24:47
━━━━━━━━━━━━━━━━━━━━━━━━━━━━━━━━━━━━━━━━
        Procedure : clsCommon - Public Function Get_WorkList() As ADODB.Recordset

     Error Source : Microsoft JET Database Engine

     Error Number : -2147217865

Error Description : Microsoft Jet 데이터베이스 엔진에서 입력 테이블이나 'InterfaceBarcode_SELECT_sp' 쿼리를 찾을 수 없습니다. 테이블이나 쿼리가 있는지, 이름을 정확히 입력했는지를 확인하십시오.

             Date : 2003년 6월 9일 월요일

             Time : 오후 4:28:09
━━━━━━━━━━━━━━━━━━━━━━━━━━━━━━━━━━━━━━━━
        Procedure : clsCommon - Public Function Get_WorkList() As ADODB.Recordset

     Error Source : Microsoft JET Database Engine

     Error Number : -2147217865

Error Description : Microsoft Jet 데이터베이스 엔진에서 입력 테이블이나 'InterfaceBarcode_SELECT_sp' 쿼리를 찾을 수 없습니다. 테이블이나 쿼리가 있는지, 이름을 정확히 입력했는지를 확인하십시오.

             Date : 2003년 6월 9일 월요일

             Time : 오후 4:28:40
━━━━━━━━━━━━━━━━━━━━━━━━━━━━━━━━━━━━━━━━
        Procedure : clsCommon - Public Function Get_WorkList() As ADODB.Recordset

     Error Source : Microsoft JET Database Engine

     Error Number : -2147217865

Error Description : Microsoft Jet 데이터베이스 엔진에서 입력 테이블이나 'InterfaceBarcode_SELECT_sp' 쿼리를 찾을 수 없습니다. 테이블이나 쿼리가 있는지, 이름을 정확히 입력했는지를 확인하십시오.

             Date : 2003년 6월 9일 월요일

             Time : 오후 4:29:11
━━━━━━━━━━━━━━━━━━━━━━━━━━━━━━━━━━━━━━━━
        Procedure : clsCommon - Public Function Get_WorkList() As ADODB.Recordset

     Error Source : ADODB.Recordset

     Error Number : 3709

Error Description : 이 작업을 수행하는 데 연결을 사용할 수 없습니다. 이 컨텍스트에서 연결이 닫혀 있거나 잘못되었습니다.

             Date : 2003년 6월 9일 월요일

             Time : 오후 4:29:33
━━━━━━━━━━━━━━━━━━━━━━━━━━━━━━━━━━━━━━━━
        Procedure : clsCommon - Public Function Get_WorkList() As ADODB.Recordset

     Error Source : ADODB.Recordset

     Error Number : 3709

Error Description : 이 작업을 수행하는 데 연결을 사용할 수 없습니다. 이 컨텍스트에서 연결이 닫혀 있거나 잘못되었습니다.

             Date : 2003년 6월 9일 월요일

             Time : 오후 4:32:44
━━━━━━━━━━━━━━━━━━━━━━━━━━━━━━━━━━━━━━━━
        Procedure : clsCommon - Public Function Get_WorkList() As ADODB.Recordset

     Error Source : ADODB.Recordset

     Error Number : 3709

Error Description : 이 작업을 수행하는 데 연결을 사용할 수 없습니다. 이 컨텍스트에서 연결이 닫혀 있거나 잘못되었습니다.

             Date : 2003년 6월 9일 월요일

             Time : 오후 4:33:07
━━━━━━━━━━━━━━━━━━━━━━━━━━━━━━━━━━━━━━━━
        Procedure : clsCommon - Public Function Get_WorkList() As ADODB.Recordset

     Error Source : Microsoft JET Database Engine

     Error Number : -2147217865

Error Description : Microsoft Jet 데이터베이스 엔진에서 입력 테이블이나 'InterfaceBarcode_SELECT_sp' 쿼리를 찾을 수 없습니다. 테이블이나 쿼리가 있는지, 이름을 정확히 입력했는지를 확인하십시오.

             Date : 2003년 6월 9일 월요일

             Time : 오후 4:33:18
━━━━━━━━━━━━━━━━━━━━━━━━━━━━━━━━━━━━━━━━
        Procedure : clsCommon - Public Function Get_WorkList() As ADODB.Recordset

     Error Source : Microsoft JET Database Engine

     Error Number : -2147217865

Error Description : Microsoft Jet 데이터베이스 엔진에서 입력 테이블이나 'InterfaceBarcode_SELECT_sp' 쿼리를 찾을 수 없습니다. 테이블이나 쿼리가 있는지, 이름을 정확히 입력했는지를 확인하십시오.

             Date : 2003년 6월 9일 월요일

             Time : 오후 4:36:28
━━━━━━━━━━━━━━━━━━━━━━━━━━━━━━━━━━━━━━━━
        Procedure : clsCommon - Public Function Get_WorkList() As ADODB.Recordset

     Error Source : Microsoft JET Database Engine

     Error Number : -2147217900

Error Description : SQL 문이 잘못되었습니다. 'DELETE', 'INSERT', 'PROCEDURE', 'SELECT' 또는 'UPDATE'가 필요합니다.

             Date : 2003년 6월 9일 월요일

             Time : 오후 4:39:52
━━━━━━━━━━━━━━━━━━━━━━━━━━━━━━━━━━━━━━━━
        Procedure : clsCommon - Public Function Get_WorkList() As ADODB.Recordset

     Error Source : Microsoft JET Database Engine

     Error Number : -2147217865

Error Description : Microsoft Jet 데이터베이스 엔진에서 입력 테이블이나 'InterfaceBarcode_SELECT_sp' 쿼리를 찾을 수 없습니다. 테이블이나 쿼리가 있는지, 이름을 정확히 입력했는지를 확인하십시오.

             Date : 2003년 6월 9일 월요일

             Time : 오후 4:40:26
━━━━━━━━━━━━━━━━━━━━━━━━━━━━━━━━━━━━━━━━
        Procedure : clsCommon - Public Function Get_WorkList() As ADODB.Recordset

     Error Source : Microsoft JET Database Engine

     Error Number : -2147217900

Error Description : Microsoft Jet 데이터베이스 엔진에서 'InterfaceBarcode_SELECT_sp' 개체를 찾을 수 없습니다. 이 개체가 있는지, 그리고 개체 이름과 경로를 올바로 입력하였는지 확인하십시오.

             Date : 2003년 6월 9일 월요일

             Time : 오후 4:48:48
━━━━━━━━━━━━━━━━━━━━━━━━━━━━━━━━━━━━━━━━
        Procedure : clsCommon - Public Function Get_WorkList() As ADODB.Recordset

     Error Source : Microsoft JET Database Engine

     Error Number : -2147217900

Error Description : Microsoft Jet 데이터베이스 엔진에서 'InterfaceBarcode_SELECT_sp' 개체를 찾을 수 없습니다. 이 개체가 있는지, 그리고 개체 이름과 경로를 올바로 입력하였는지 확인하십시오.

             Date : 2003년 6월 9일 월요일

             Time : 오후 4:49:02
━━━━━━━━━━━━━━━━━━━━━━━━━━━━━━━━━━━━━━━━
        Procedure : clsCommon - Public Function Get_WorkList() As ADODB.Recordset

     Error Source : Microsoft JET Database Engine

     Error Number : -2147217865

Error Description : Microsoft Jet 데이터베이스 엔진에서 입력 테이블이나 'InterfaceBarcode_SELECT_sp' 쿼리를 찾을 수 없습니다. 테이블이나 쿼리가 있는지, 이름을 정확히 입력했는지를 확인하십시오.

             Date : 2003년 6월 9일 월요일

             Time : 오후 4:49:22
━━━━━━━━━━━━━━━━━━━━━━━━━━━━━━━━━━━━━━━━
        Procedure : clsCommon - Public Function Get_WorkList() As ADODB.Recordset

     Error Source : Microsoft JET Database Engine

     Error Number : -2147217900

Error Description : Microsoft Jet 데이터베이스 엔진에서 'InterfaceBarcode_SELECT_sp' 개체를 찾을 수 없습니다. 이 개체가 있는지, 그리고 개체 이름과 경로를 올바로 입력하였는지 확인하십시오.

             Date : 2003년 6월 9일 월요일

             Time : 오후 4:49:56
━━━━━━━━━━━━━━━━━━━━━━━━━━━━━━━━━━━━━━━━
        Procedure : clsCommon - Public Function Get_WorkList() As ADODB.Recordset

     Error Source : Microsoft JET Database Engine

     Error Number : -2147217865

Error Description : Microsoft Jet 데이터베이스 엔진에서 입력 테이블이나 'InterfaceBarcode_SELECT_sp' 쿼리를 찾을 수 없습니다. 테이블이나 쿼리가 있는지, 이름을 정확히 입력했는지를 확인하십시오.

             Date : 2003년 6월 9일 월요일

             Time : 오후 4:56:21
━━━━━━━━━━━━━━━━━━━━━━━━━━━━━━━━━━━━━━━━
        Procedure : clsCommon - Public Function Get_WorkList() As ADODB.Recordset

     Error Source : Microsoft JET Database Engine

     Error Number : -2147217865

Error Description : Microsoft Jet 데이터베이스 엔진에서 입력 테이블이나 'InterfaceBarcode_SELECT_sp' 쿼리를 찾을 수 없습니다. 테이블이나 쿼리가 있는지, 이름을 정확히 입력했는지를 확인하십시오.

             Date : 2003년 6월 9일 월요일

             Time : 오후 4:56:50
━━━━━━━━━━━━━━━━━━━━━━━━━━━━━━━━━━━━━━━━
        Procedure : clsCommon - Public Function Get_WorkList() As ADODB.Recordset

     Error Source : Microsoft JET Database Engine

     Error Number : -2147217900

Error Description : Microsoft Jet 데이터베이스 엔진에서 'InterfaceBarcode_SELECT_sp' 개체를 찾을 수 없습니다. 이 개체가 있는지, 그리고 개체 이름과 경로를 올바로 입력하였는지 확인하십시오.

             Date : 2003년 6월 9일 월요일

             Time : 오후 4:57:27
━━━━━━━━━━━━━━━━━━━━━━━━━━━━━━━━━━━━━━━━
        Procedure : clsCommon - Public Function Get_WorkList() As ADODB.Recordset

     Error Source : Microsoft JET Database Engine

     Error Number : -2147217900

Error Description : Microsoft Jet 데이터베이스 엔진에서 'InterfaceBarcode_SELECT_sp' 개체를 찾을 수 없습니다. 이 개체가 있는지, 그리고 개체 이름과 경로를 올바로 입력하였는지 확인하십시오.

             Date : 2003년 6월 9일 월요일

             Time : 오후 5:07:39
━━━━━━━━━━━━━━━━━━━━━━━━━━━━━━━━━━━━━━━━
        Procedure : clsCommon - Public Function Get_WorkList() As ADODB.Recordset

     Error Source : Microsoft JET Database Engine

     Error Number : -2147217900

Error Description : Microsoft Jet 데이터베이스 엔진에서 'InterfaceBarcode_SELECT_sp' 개체를 찾을 수 없습니다. 이 개체가 있는지, 그리고 개체 이름과 경로를 올바로 입력하였는지 확인하십시오.

             Date : 2003년 6월 9일 월요일

             Time : 오후 5:08:01
━━━━━━━━━━━━━━━━━━━━━━━━━━━━━━━━━━━━━━━━
        Procedure : clsCommon - Public Function Get_WorkList() As ADODB.Recordset

     Error Source : ADODB.Recordset

     Error Number : 3001

Error Description : 잘못된 형식이거나 올바른 범위 밖에 있거나 서로 충돌하는 인수입니다.

             Date : 2003년 6월 9일 월요일

             Time : 오후 5:10:58
━━━━━━━━━━━━━━━━━━━━━━━━━━━━━━━━━━━━━━━━
        Procedure : clsCommon - Public Function Get_WorkList() As ADODB.Recordset

     Error Source : ADODB.Recordset

     Error Number : 3709

Error Description : 이 작업을 수행하는 데 연결을 사용할 수 없습니다. 이 컨텍스트에서 연결이 닫혀 있거나 잘못되었습니다.

             Date : 2003년 6월 9일 월요일

             Time : 오후 5:11:28
━━━━━━━━━━━━━━━━━━━━━━━━━━━━━━━━━━━━━━━━
        Procedure : clsCommon - Public Function Get_WorkList() As ADODB.Recordset

     Error Source : Microsoft JET Database Engine

     Error Number : -2147217900

Error Description : Microsoft Jet 데이터베이스 엔진에서 'InterfaceBarcode_SELECT_sp' 개체를 찾을 수 없습니다. 이 개체가 있는지, 그리고 개체 이름과 경로를 올바로 입력하였는지 확인하십시오.

             Date : 2003년 6월 9일 월요일

             Time : 오후 5:12:21
━━━━━━━━━━━━━━━━━━━━━━━━━━━━━━━━━━━━━━━━
        Procedure : clsCommon - Public Function Get_WorkList() As ADODB.Recordset

     Error Source : Microsoft JET Database Engine

     Error Number : -2147217900

Error Description : Microsoft Jet 데이터베이스 엔진에서 'InterfaceBarcode_SELECT_sp' 개체를 찾을 수 없습니다. 이 개체가 있는지, 그리고 개체 이름과 경로를 올바로 입력하였는지 확인하십시오.

             Date : 2003년 6월 9일 월요일

             Time : 오후 5:13:52
━━━━━━━━━━━━━━━━━━━━━━━━━━━━━━━━━━━━━━━━
        Procedure : clsCommon - Public Function Get_WorkList() As ADODB.Recordset

     Error Source : Microsoft JET Database Engine

     Error Number : -2147217900

Error Description : Microsoft Jet 데이터베이스 엔진에서 'InterfaceBarcode_SELECT_sp' 개체를 찾을 수 없습니다. 이 개체가 있는지, 그리고 개체 이름과 경로를 올바로 입력하였는지 확인하십시오.

             Date : 2003년 6월 9일 월요일

             Time : 오후 5:14:04
━━━━━━━━━━━━━━━━━━━━━━━━━━━━━━━━━━━━━━━━
        Procedure : 

     Error Source : Microsoft JET Database Engine

     Error Number : -2147217900

Error Description : Microsoft Jet 데이터베이스 엔진에서 'InterfaceBarcode_SELECT_sp' 개체를 찾을 수 없습니다. 이 개체가 있는지, 그리고 개체 이름과 경로를 올바로 입력하였는지 확인하십시오.

             Date : 2003년 6월 9일 월요일

             Time : 오후 5:14:25
━━━━━━━━━━━━━━━━━━━━━━━━━━━━━━━━━━━━━━━━
        Procedure : clsCommon - Public Function Get_WorkList() As ADODB.Recordset

     Error Source : Microsoft OLE DB Provider for SQL Server

     Error Number : -2147217900

Error Description : 줄 1: ',' 근처의 구문이 잘못되었습니다.

             Date : 2003년 6월 9일 월요일

             Time : 오후 5:16:54
━━━━━━━━━━━━━━━━━━━━━━━━━━━━━━━━━━━━━━━━
        Procedure : clsCommon - Public Function Get_TestItemList() As ADODB.Recordset

     Error Source : Microsoft JET Database Engine

     Error Number : -2147217865

Error Description : Microsoft Jet 데이터베이스 엔진에서 입력 테이블이나 'Interface_item_WS_SELECT_sp' 쿼리를 찾을 수 없습니다. 테이블이나 쿼리가 있는지, 이름을 정확히 입력했는지를 확인하십시오.

             Date : 2003년 6월 9일 월요일

             Time : 오후 5:21:50
━━━━━━━━━━━━━━━━━━━━━━━━━━━━━━━━━━━━━━━━
        Procedure : clsCommon - Public Function Get_TestItemList() As ADODB.Recordset

     Error Source : Microsoft JET Database Engine

     Error Number : -2147217865

Error Description : Microsoft Jet 데이터베이스 엔진에서 입력 테이블이나 'Interface_item_WS_SELECT_sp' 쿼리를 찾을 수 없습니다. 테이블이나 쿼리가 있는지, 이름을 정확히 입력했는지를 확인하십시오.

             Date : 2003년 6월 9일 월요일

             Time : 오후 5:21:52
━━━━━━━━━━━━━━━━━━━━━━━━━━━━━━━━━━━━━━━━
        Procedure : clsCommon - Public Function Get_TestItemList() As ADODB.Recordset

     Error Source : Microsoft JET Database Engine

     Error Number : -2147217865

Error Description : Microsoft Jet 데이터베이스 엔진에서 입력 테이블이나 'Interface_item_WS_SELECT_sp' 쿼리를 찾을 수 없습니다. 테이블이나 쿼리가 있는지, 이름을 정확히 입력했는지를 확인하십시오.

             Date : 2003년 6월 9일 월요일

             Time : 오후 5:21:54
━━━━━━━━━━━━━━━━━━━━━━━━━━━━━━━━━━━━━━━━
        Procedure : clsCommon - Public Function Get_TestItemList() As ADODB.Recordset

     Error Source : Microsoft OLE DB Provider for SQL Server

     Error Number : -2147217900

Error Description : 저장 프로시저 'Interface_item_WS_SELECT_sp'을(를) 찾을 수 없습니다.

             Date : 2003년 6월 9일 월요일

             Time : 오후 5:21:56
━━━━━━━━━━━━━━━━━━━━━━━━━━━━━━━━━━━━━━━━
        Procedure : clsCommon - Public Function Get_TestItemList() As ADODB.Recordset

     Error Source : Microsoft JET Database Engine

     Error Number : -2147217865

Error Description : Microsoft Jet 데이터베이스 엔진에서 입력 테이블이나 'Interface_item_WS_SELECT_sp' 쿼리를 찾을 수 없습니다. 테이블이나 쿼리가 있는지, 이름을 정확히 입력했는지를 확인하십시오.

             Date : 2003년 6월 9일 월요일

             Time : 오후 5:22:21
━━━━━━━━━━━━━━━━━━━━━━━━━━━━━━━━━━━━━━━━
        Procedure : clsCommon - Public Function Get_TestItemList() As ADODB.Recordset

     Error Source : Microsoft JET Database Engine

     Error Number : -2147217865

Error Description : Microsoft Jet 데이터베이스 엔진에서 입력 테이블이나 'Interface_item_WS_SELECT_sp' 쿼리를 찾을 수 없습니다. 테이블이나 쿼리가 있는지, 이름을 정확히 입력했는지를 확인하십시오.

             Date : 2003년 6월 9일 월요일

             Time : 오후 5:22:35
━━━━━━━━━━━━━━━━━━━━━━━━━━━━━━━━━━━━━━━━
        Procedure : clsCommon - Public Function Get_TestItemList() As ADODB.Recordset

     Error Source : Microsoft JET Database Engine

     Error Number : -2147217865

Error Description : Microsoft Jet 데이터베이스 엔진에서 입력 테이블이나 'Interface_item_WS_SELECT_sp' 쿼리를 찾을 수 없습니다. 테이블이나 쿼리가 있는지, 이름을 정확히 입력했는지를 확인하십시오.

             Date : 2003년 6월 9일 월요일

             Time : 오후 5:22:40
━━━━━━━━━━━━━━━━━━━━━━━━━━━━━━━━━━━━━━━━
        Procedure : clsCommon - Public Function Get_TestItemList() As ADODB.Recordset

     Error Source : Microsoft OLE DB Provider for SQL Server

     Error Number : -2147217900

Error Description : 저장 프로시저 'Interface_item_WS_SELECT_sp'을(를) 찾을 수 없습니다.

             Date : 2003년 6월 9일 월요일

             Time : 오후 5:23:19
━━━━━━━━━━━━━━━━━━━━━━━━━━━━━━━━━━━━━━━━
        Procedure : clsCommon - Public Function Get_TestItemList() As ADODB.Recordset

     Error Source : Microsoft JET Database Engine

     Error Number : -2147217865

Error Description : Microsoft Jet 데이터베이스 엔진에서 입력 테이블이나 'Interface_item_WS_SELECT_sp' 쿼리를 찾을 수 없습니다. 테이블이나 쿼리가 있는지, 이름을 정확히 입력했는지를 확인하십시오.

             Date : 2003년 6월 9일 월요일

             Time : 오후 5:23:33
━━━━━━━━━━━━━━━━━━━━━━━━━━━━━━━━━━━━━━━━
        Procedure : clsCommon - Public Function Get_TestItemList() As ADODB.Recordset

     Error Source : Microsoft JET Database Engine

     Error Number : -2147217865

Error Description : Microsoft Jet 데이터베이스 엔진에서 입력 테이블이나 'Interface_item_WS_SELECT_sp' 쿼리를 찾을 수 없습니다. 테이블이나 쿼리가 있는지, 이름을 정확히 입력했는지를 확인하십시오.

             Date : 2003년 6월 9일 월요일

             Time : 오후 5:25:54
━━━━━━━━━━━━━━━━━━━━━━━━━━━━━━━━━━━━━━━━
        Procedure : clsCommon - Public Function Get_TestItemList() As ADODB.Recordset

     Error Source : Microsoft JET Database Engine

     Error Number : -2147217865

Error Description : Microsoft Jet 데이터베이스 엔진에서 입력 테이블이나 'Interface_item_WS_SELECT_sp' 쿼리를 찾을 수 없습니다. 테이블이나 쿼리가 있는지, 이름을 정확히 입력했는지를 확인하십시오.

             Date : 2003년 6월 9일 월요일

             Time : 오후 5:26:27
━━━━━━━━━━━━━━━━━━━━━━━━━━━━━━━━━━━━━━━━
        Procedure : clsCommon - Public Function Get_TestItemList() As ADODB.Recordset

     Error Source : Microsoft OLE DB Provider for SQL Server

     Error Number : -2147217900

Error Description : 저장 프로시저 'Interface_item_WS_SELECT_sp'을(를) 찾을 수 없습니다.

             Date : 2003년 6월 9일 월요일

             Time : 오후 5:26:38
━━━━━━━━━━━━━━━━━━━━━━━━━━━━━━━━━━━━━━━━
        Procedure : clsCommon - Public Function Get_TestItemList() As ADODB.Recordset

     Error Source : Microsoft OLE DB Provider for SQL Server

     Error Number : -2147217900

Error Description : 저장 프로시저 'Interface_item_WS_SELECT_sp'을(를) 찾을 수 없습니다.

             Date : 2003년 6월 9일 월요일

             Time : 오후 5:26:48
━━━━━━━━━━━━━━━━━━━━━━━━━━━━━━━━━━━━━━━━
        Procedure : clsCommon - Public Function Get_TestItemList() As ADODB.Recordset

     Error Source : Microsoft OLE DB Provider for SQL Server

     Error Number : -2147217900

Error Description : 저장 프로시저 'Interface_item_WS_SELECT_sp'을(를) 찾을 수 없습니다.

             Date : 2003년 6월 9일 월요일

             Time : 오후 5:27:14
━━━━━━━━━━━━━━━━━━━━━━━━━━━━━━━━━━━━━━━━
        Procedure : clsCommon - Public Function Get_TestItemList() As ADODB.Recordset

     Error Source : Microsoft OLE DB Provider for SQL Server

     Error Number : -2147217900

Error Description : 저장 프로시저 'Interface_item_WS_SELECT_sp'을(를) 찾을 수 없습니다.

             Date : 2003년 6월 9일 월요일

             Time : 오후 5:28:33
━━━━━━━━━━━━━━━━━━━━━━━━━━━━━━━━━━━━━━━━
        Procedure : clsCommon - Public Function Get_TestItemList() As ADODB.Recordset

     Error Source : Microsoft OLE DB Provider for SQL Server

     Error Number : -2147217900

Error Description : 저장 프로시저 'Interface_item_WS_SELECT_sp'을(를) 찾을 수 없습니다.

             Date : 2003년 6월 9일 월요일

             Time : 오후 5:28:35
━━━━━━━━━━━━━━━━━━━━━━━━━━━━━━━━━━━━━━━━
        Procedure : clsCommon - Public Function Get_TestItemList() As ADODB.Recordset

     Error Source : Microsoft OLE DB Provider for SQL Server

     Error Number : -2147217900

Error Description : 저장 프로시저 'Interface_item_WS_SELECT_sp'을(를) 찾을 수 없습니다.

             Date : 2003년 6월 9일 월요일

             Time : 오후 5:28:38
━━━━━━━━━━━━━━━━━━━━━━━━━━━━━━━━━━━━━━━━
        Procedure : clsCommon - Public Function Get_TestItemList() As ADODB.Recordset

     Error Source : Microsoft OLE DB Provider for SQL Server

     Error Number : -2147217900

Error Description : 저장 프로시저 'Interface_item_WS_SELECT_sp'을(를) 찾을 수 없습니다.

             Date : 2003년 6월 9일 월요일

             Time : 오후 5:29:59
━━━━━━━━━━━━━━━━━━━━━━━━━━━━━━━━━━━━━━━━
        Procedure : clsCommon - Public Function Get_TestItemList() As ADODB.Recordset

     Error Source : Microsoft OLE DB Provider for SQL Server

     Error Number : -2147217900

Error Description : 저장 프로시저 'Interface_item_WS_SELECT_sp'을(를) 찾을 수 없습니다.

             Date : 2003년 6월 9일 월요일

             Time : 오후 5:32:05
━━━━━━━━━━━━━━━━━━━━━━━━━━━━━━━━━━━━━━━━
        Procedure : clsCommon - Public Function Get_TestItemList() As ADODB.Recordset

     Error Source : Microsoft OLE DB Provider for SQL Server

     Error Number : -2147217900

Error Description : 저장 프로시저 'Interface_item_WS_SELECT_sp'을(를) 찾을 수 없습니다.

             Date : 2003년 6월 9일 월요일

             Time : 오후 5:32:28
━━━━━━━━━━━━━━━━━━━━━━━━━━━━━━━━━━━━━━━━
        Procedure : clsCommon - Public Function Get_TestItemList() As ADODB.Recordset

     Error Source : Microsoft OLE DB Provider for SQL Server

     Error Number : -2147217900

Error Description : 저장 프로시저 'Interface_item_WS_SELECT_sp'을(를) 찾을 수 없습니다.

             Date : 2003년 6월 9일 월요일

             Time : 오후 5:32:30
━━━━━━━━━━━━━━━━━━━━━━━━━━━━━━━━━━━━━━━━
        Procedure : clsCommon - Public Function Get_TestItemList() As ADODB.Recordset

     Error Source : Microsoft OLE DB Provider for SQL Server

     Error Number : -2147217900

Error Description : 저장 프로시저 'Interface_item_WS_SELECT_sp'을(를) 찾을 수 없습니다.

             Date : 2003년 6월 9일 월요일

             Time : 오후 5:32:47
━━━━━━━━━━━━━━━━━━━━━━━━━━━━━━━━━━━━━━━━
        Procedure : clsCommon - Public Function Get_TestItemList() As ADODB.Recordset

     Error Source : Microsoft OLE DB Provider for SQL Server

     Error Number : -2147217900

Error Description : 저장 프로시저 'Interface_item_WS_SELECT_sp'을(를) 찾을 수 없습니다.

             Date : 2003년 6월 9일 월요일

             Time : 오후 5:33:28
━━━━━━━━━━━━━━━━━━━━━━━━━━━━━━━━━━━━━━━━
        Procedure : clsCommon - Public Function Get_TestItemList() As ADODB.Recordset

     Error Source : Microsoft OLE DB Provider for SQL Server

     Error Number : -2147217900

Error Description : 저장 프로시저 'Interface_item_WS_SELECT_sp'을(를) 찾을 수 없습니다.

             Date : 2003년 6월 9일 월요일

             Time : 오후 5:33:29
━━━━━━━━━━━━━━━━━━━━━━━━━━━━━━━━━━━━━━━━
        Procedure : clsCommon - Public Function Get_TestItemList() As ADODB.Recordset

     Error Source : Microsoft OLE DB Provider for SQL Server

     Error Number : -2147217900

Error Description : 저장 프로시저 'Interface_item_WS_SELECT_sp'을(를) 찾을 수 없습니다.

             Date : 2003년 6월 9일 월요일

             Time : 오후 5:33:30
━━━━━━━━━━━━━━━━━━━━━━━━━━━━━━━━━━━━━━━━
        Procedure : clsCommon - Public Function Get_TestItemList() As ADODB.Recordset

     Error Source : Microsoft OLE DB Provider for SQL Server

     Error Number : -2147217900

Error Description : 저장 프로시저 'Interface_item_WS_SELECT_sp'을(를) 찾을 수 없습니다.

             Date : 2003년 6월 9일 월요일

             Time : 오후 5:33:30
━━━━━━━━━━━━━━━━━━━━━━━━━━━━━━━━━━━━━━━━
        Procedure : clsCommon - Public Function Get_TestItemList() As ADODB.Recordset

     Error Source : Microsoft OLE DB Provider for SQL Server

     Error Number : -2147217900

Error Description : 저장 프로시저 'Interface_item_WS_SELECT_sp'을(를) 찾을 수 없습니다.

             Date : 2003년 6월 9일 월요일

             Time : 오후 5:34:01
━━━━━━━━━━━━━━━━━━━━━━━━━━━━━━━━━━━━━━━━
        Procedure : clsCommon - Public Function Get_TestItemList() As ADODB.Recordset

     Error Source : Microsoft OLE DB Provider for SQL Server

     Error Number : -2147217900

Error Description : 저장 프로시저 'Interface_item_WS_SELECT_sp'을(를) 찾을 수 없습니다.

             Date : 2003년 6월 9일 월요일

             Time : 오후 5:34:02
━━━━━━━━━━━━━━━━━━━━━━━━━━━━━━━━━━━━━━━━
        Procedure : clsCommon - Public Function Get_TestItemList() As ADODB.Recordset

     Error Source : Microsoft OLE DB Provider for SQL Server

     Error Number : -2147217900

Error Description : 저장 프로시저 'Interface_item_WS_SELECT_sp'을(를) 찾을 수 없습니다.

             Date : 2003년 6월 9일 월요일

             Time : 오후 5:34:03
━━━━━━━━━━━━━━━━━━━━━━━━━━━━━━━━━━━━━━━━
        Procedure : clsCommon - Public Function Get_TestItemList() As ADODB.Recordset

     Error Source : Microsoft OLE DB Provider for SQL Server

     Error Number : -2147217900

Error Description : 저장 프로시저 'Interface_item_WS_SELECT_sp'을(를) 찾을 수 없습니다.

             Date : 2003년 6월 9일 월요일

             Time : 오후 5:34:03
━━━━━━━━━━━━━━━━━━━━━━━━━━━━━━━━━━━━━━━━
        Procedure : clsCommon - Public Function Get_TestItemList() As ADODB.Recordset

     Error Source : Microsoft OLE DB Provider for SQL Server

     Error Number : -2147217900

Error Description : 저장 프로시저 'Instrument_item_WS_SELECT_sp'을(를) 찾을 수 없습니다.

             Date : 2003년 6월 9일 월요일

             Time : 오후 5:36:39
━━━━━━━━━━━━━━━━━━━━━━━━━━━━━━━━━━━━━━━━
        Procedure : clsCommon - Public Function Get_TestItemList() As ADODB.Recordset

     Error Source : Microsoft OLE DB Provider for SQL Server

     Error Number : -2147217900

Error Description : 저장 프로시저 'Instrument_item_WS_SELECT_sp'을(를) 찾을 수 없습니다.

             Date : 2003년 6월 9일 월요일

             Time : 오후 5:36:42
━━━━━━━━━━━━━━━━━━━━━━━━━━━━━━━━━━━━━━━━
        Procedure : clsCommon - Public Function Get_TestItemList() As ADODB.Recordset

     Error Source : Microsoft OLE DB Provider for SQL Server

     Error Number : -2147217900

Error Description : 저장 프로시저 'Instrument_item_WS_SELECT_sp'을(를) 찾을 수 없습니다.

             Date : 2003년 6월 9일 월요일

             Time : 오후 5:36:43
━━━━━━━━━━━━━━━━━━━━━━━━━━━━━━━━━━━━━━━━
        Procedure : clsCommon - Public Function Get_TestItemList() As ADODB.Recordset

     Error Source : Microsoft OLE DB Provider for SQL Server

     Error Number : -2147217900

Error Description : 저장 프로시저 'Instrument_item_WS_SELECT_sp'을(를) 찾을 수 없습니다.

             Date : 2003년 6월 9일 월요일

             Time : 오후 5:36:44
━━━━━━━━━━━━━━━━━━━━━━━━━━━━━━━━━━━━━━━━
        Procedure : clsCommon - Public Function Get_TestItemList() As ADODB.Recordset

     Error Source : Microsoft OLE DB Provider for SQL Server

     Error Number : -2147217900

Error Description : 저장 프로시저 'Instrument_item_WS_SELECT_sp'을(를) 찾을 수 없습니다.

             Date : 2003년 6월 9일 월요일

             Time : 오후 5:36:45
━━━━━━━━━━━━━━━━━━━━━━━━━━━━━━━━━━━━━━━━
        Procedure : clsCommon - Public Function Get_TestItemList() As ADODB.Recordset

     Error Source : Microsoft OLE DB Provider for SQL Server

     Error Number : -2147217900

Error Description : 저장 프로시저 'Instrument_item_WS_SELECT_sp'을(를) 찾을 수 없습니다.

             Date : 2003년 6월 9일 월요일

             Time : 오후 5:36:46
━━━━━━━━━━━━━━━━━━━━━━━━━━━━━━━━━━━━━━━━
        Procedure : clsCommon - Public Function Get_TestItemList() As ADODB.Recordset

     Error Source : Microsoft OLE DB Provider for SQL Server

     Error Number : -2147217900

Error Description : 저장 프로시저 'Instrument_item_WS_SELECT_sp'을(를) 찾을 수 없습니다.

             Date : 2003년 6월 9일 월요일

             Time : 오후 5:36:47
━━━━━━━━━━━━━━━━━━━━━━━━━━━━━━━━━━━━━━━━
        Procedure : clsCommon - Public Function Get_TestItemList() As ADODB.Recordset

     Error Source : Microsoft OLE DB Provider for SQL Server

     Error Number : -2147217900

Error Description : 저장 프로시저 'Instrument_item_WS_SELECT_sp'을(를) 찾을 수 없습니다.

             Date : 2003년 6월 9일 월요일

             Time : 오후 5:36:48
━━━━━━━━━━━━━━━━━━━━━━━━━━━━━━━━━━━━━━━━
        Procedure : clsCommon - Public Function Get_TestItemList() As ADODB.Recordset

     Error Source : Microsoft OLE DB Provider for SQL Server

     Error Number : -2147217900

Error Description : 저장 프로시저 'Instrument_item_WS_SELECT_sp'을(를) 찾을 수 없습니다.

             Date : 2003년 6월 9일 월요일

             Time : 오후 5:36:48
━━━━━━━━━━━━━━━━━━━━━━━━━━━━━━━━━━━━━━━━
        Procedure : clsCommon - Public Function Get_TestItemList() As ADODB.Recordset

     Error Source : Microsoft OLE DB Provider for SQL Server

     Error Number : -2147217900

Error Description : 저장 프로시저 'Instrument_item_WS_SELECT_sp'을(를) 찾을 수 없습니다.

             Date : 2003년 6월 9일 월요일

             Time : 오후 5:36:49
━━━━━━━━━━━━━━━━━━━━━━━━━━━━━━━━━━━━━━━━
        Procedure : clsCommon - Public Function Get_TestItemList() As ADODB.Recordset

     Error Source : Microsoft OLE DB Provider for SQL Server

     Error Number : -2147217900

Error Description : 저장 프로시저 'Instrument_item_WS_SELECT_sp'을(를) 찾을 수 없습니다.

             Date : 2003년 6월 9일 월요일

             Time : 오후 5:36:50
━━━━━━━━━━━━━━━━━━━━━━━━━━━━━━━━━━━━━━━━
        Procedure : clsCommon - Public Function Get_TestItemList() As ADODB.Recordset

     Error Source : Microsoft OLE DB Provider for SQL Server

     Error Number : -2147217900

Error Description : 저장 프로시저 'Instrument_item_WS_SELECT_sp'을(를) 찾을 수 없습니다.

             Date : 2003년 6월 9일 월요일

             Time : 오후 5:36:51
━━━━━━━━━━━━━━━━━━━━━━━━━━━━━━━━━━━━━━━━
        Procedure : clsCommon - Public Function Get_TestItemList() As ADODB.Recordset

     Error Source : Microsoft OLE DB Provider for SQL Server

     Error Number : -2147217900

Error Description : 저장 프로시저 'Instrument_item_WS_SELECT_sp'을(를) 찾을 수 없습니다.

             Date : 2003년 6월 9일 월요일

             Time : 오후 5:37:01
━━━━━━━━━━━━━━━━━━━━━━━━━━━━━━━━━━━━━━━━
        Procedure : clsCommon - Public Function Get_TestItemList() As ADODB.Recordset

     Error Source : Microsoft OLE DB Provider for SQL Server

     Error Number : -2147217900

Error Description : 저장 프로시저 'Instrument_item_WS_SELECT_sp'을(를) 찾을 수 없습니다.

             Date : 2003년 6월 9일 월요일

             Time : 오후 5:37:01
━━━━━━━━━━━━━━━━━━━━━━━━━━━━━━━━━━━━━━━━
        Procedure : clsCommon - Public Function Get_TestItemList() As ADODB.Recordset

     Error Source : Microsoft OLE DB Provider for SQL Server

     Error Number : -2147217900

Error Description : 저장 프로시저 'Instrument_item_WS_SELECT_sp'을(를) 찾을 수 없습니다.

             Date : 2003년 6월 9일 월요일

             Time : 오후 5:37:02
━━━━━━━━━━━━━━━━━━━━━━━━━━━━━━━━━━━━━━━━
        Procedure : clsCommon - Public Function Get_TestItemList() As ADODB.Recordset

     Error Source : Microsoft OLE DB Provider for SQL Server

     Error Number : -2147217900

Error Description : 저장 프로시저 'Instrument_item_WS_SELECT_sp'을(를) 찾을 수 없습니다.

             Date : 2003년 6월 9일 월요일

             Time : 오후 5:37:03
━━━━━━━━━━━━━━━━━━━━━━━━━━━━━━━━━━━━━━━━
        Procedure : clsCommon - Public Function Get_TestItemList() As ADODB.Recordset

     Error Source : Microsoft OLE DB Provider for SQL Server

     Error Number : -2147217900

Error Description : 저장 프로시저 'Instrument_item_WS_SELECT_sp'을(를) 찾을 수 없습니다.

             Date : 2003년 6월 9일 월요일

             Time : 오후 5:37:04
━━━━━━━━━━━━━━━━━━━━━━━━━━━━━━━━━━━━━━━━
        Procedure : clsCommon - Public Function Get_TestItemList() As ADODB.Recordset

     Error Source : Microsoft OLE DB Provider for SQL Server

     Error Number : -2147217900

Error Description : 저장 프로시저 'Instrument_item_WS_SELECT_sp'을(를) 찾을 수 없습니다.

             Date : 2003년 6월 9일 월요일

             Time : 오후 5:37:05
━━━━━━━━━━━━━━━━━━━━━━━━━━━━━━━━━━━━━━━━
        Procedure : clsCommon - Public Function Get_TestItemList() As ADODB.Recordset

     Error Source : Microsoft OLE DB Provider for SQL Server

     Error Number : -2147217900

Error Description : 저장 프로시저 'Instrument_item_WS_SELECT_sp'을(를) 찾을 수 없습니다.

             Date : 2003년 6월 9일 월요일

             Time : 오후 5:37:05
━━━━━━━━━━━━━━━━━━━━━━━━━━━━━━━━━━━━━━━━
        Procedure : clsCommon - Public Function Get_TestItemList() As ADODB.Recordset

     Error Source : Microsoft OLE DB Provider for SQL Server

     Error Number : -2147217900

Error Description : 저장 프로시저 'Instrument_item_WS_SELECT_sp'을(를) 찾을 수 없습니다.

             Date : 2003년 6월 9일 월요일

             Time : 오후 5:37:06
━━━━━━━━━━━━━━━━━━━━━━━━━━━━━━━━━━━━━━━━
        Procedure : clsCommon - Public Function Get_TestItemList() As ADODB.Recordset

     Error Source : Microsoft OLE DB Provider for SQL Server

     Error Number : -2147217900

Error Description : 저장 프로시저 'Instrument_item_WS_SELECT_sp'을(를) 찾을 수 없습니다.

             Date : 2003년 6월 9일 월요일

             Time : 오후 5:37:06
━━━━━━━━━━━━━━━━━━━━━━━━━━━━━━━━━━━━━━━━
        Procedure : clsCommon - Public Function Get_TestItemList() As ADODB.Recordset

     Error Source : Microsoft OLE DB Provider for SQL Server

     Error Number : -2147217900

Error Description : 저장 프로시저 'Instrument_item_WS_SELECT_sp'을(를) 찾을 수 없습니다.

             Date : 2003년 6월 9일 월요일

             Time : 오후 5:37:07
━━━━━━━━━━━━━━━━━━━━━━━━━━━━━━━━━━━━━━━━
        Procedure : clsCommon - Public Function Get_TestItemList() As ADODB.Recordset

     Error Source : Microsoft OLE DB Provider for SQL Server

     Error Number : -2147217900

Error Description : 저장 프로시저 'Instrument_item_WS_SELECT_sp'을(를) 찾을 수 없습니다.

             Date : 2003년 6월 9일 월요일

             Time : 오후 5:37:07
━━━━━━━━━━━━━━━━━━━━━━━━━━━━━━━━━━━━━━━━
        Procedure : clsCommon - Public Function Get_TestItemList() As ADODB.Recordset

     Error Source : Microsoft OLE DB Provider for SQL Server

     Error Number : -2147217900

Error Description : 저장 프로시저 'Instrument_item_WS_SELECT_sp'을(를) 찾을 수 없습니다.

             Date : 2003년 6월 9일 월요일

             Time : 오후 5:37:08
━━━━━━━━━━━━━━━━━━━━━━━━━━━━━━━━━━━━━━━━
        Procedure : clsCommon - Public Function Get_TestItemList() As ADODB.Recordset

     Error Source : Microsoft OLE DB Provider for SQL Server

     Error Number : -2147217900

Error Description : 저장 프로시저 'Instrument_item_WS_SELECT_sp'을(를) 찾을 수 없습니다.

             Date : 2003년 6월 9일 월요일

             Time : 오후 5:37:08
━━━━━━━━━━━━━━━━━━━━━━━━━━━━━━━━━━━━━━━━
        Procedure : clsCommon - Public Function Get_TestItemList() As ADODB.Recordset

     Error Source : Microsoft OLE DB Provider for SQL Server

     Error Number : -2147217900

Error Description : 저장 프로시저 'Instrument_item_WS_SELECT_sp'을(를) 찾을 수 없습니다.

             Date : 2003년 6월 9일 월요일

             Time : 오후 5:37:09
━━━━━━━━━━━━━━━━━━━━━━━━━━━━━━━━━━━━━━━━
        Procedure : clsCommon - Public Function Get_TestItemList() As ADODB.Recordset

     Error Source : Microsoft JET Database Engine

     Error Number : -2147217865

Error Description : Microsoft Jet 데이터베이스 엔진에서 입력 테이블이나 'Instrument_item_SELECT_sp' 쿼리를 찾을 수 없습니다. 테이블이나 쿼리가 있는지, 이름을 정확히 입력했는지를 확인하십시오.

             Date : 2003년 6월 9일 월요일

             Time : 오후 5:38:57
━━━━━━━━━━━━━━━━━━━━━━━━━━━━━━━━━━━━━━━━
        Procedure : frmInterface - Private Sub SetItem_List()

     Error Source : ADODB.Fields

     Error Number : 3265

Error Description : 요청한 이름 또는 서수에 해당하는 컬렉션에서 항목을 찾을 수 없습니다.

             Date : 2003년 6월 9일 월요일

             Time : 오후 5:52:46
━━━━━━━━━━━━━━━━━━━━━━━━━━━━━━━━━━━━━━━━
    Procedure : clsCommon - Public Function Spc_Exists(ByVal Spcno As String) As Boolean

 Error Number : -2147217865

  Description : 개체 이름 'LIMAS201'이(가) 잘못되었습니다.

       Source : Microsoft OLE DB Provider for SQL Server

    SQL State : 42S02

 Native Error : 208

   SQL String : SELECT COUNT(SPCNO) AS CNT FROM LIMAS201 WHERE SPCNO = 'M0306090021'

         Date : 2003년 6월 9일 월요일

         Time : 오후 8:54:11
━━━━━━━━━━━━━━━━━━━━━━━━━━━━━━━━━━━━━━━━
        Procedure : frmComm - Private Sub Result_Update(ByVal Result As clsResult)

     Error Source : ColumnHeaders

     Error Number : 35601

Error Description : 요소를 찾을 수 없습니다.

             Date : 2003년 6월 9일 월요일

             Time : 오후 8:54:16
━━━━━━━━━━━━━━━━━━━━━━━━━━━━━━━━━━━━━━━━
    Procedure : clsCommon - Public Function Spc_Exists(ByVal Spcno As String) As Boolean

 Error Number : -2147217865

  Description : 개체 이름 'LIMAS201'이(가) 잘못되었습니다.

       Source : Microsoft OLE DB Provider for SQL Server

    SQL State : 42S02

 Native Error : 208

   SQL String : SELECT COUNT(SPCNO) AS CNT FROM LIMAS201 WHERE SPCNO = 'M0306090021'

         Date : 2003년 6월 9일 월요일

         Time : 오후 8:54:29
━━━━━━━━━━━━━━━━━━━━━━━━━━━━━━━━━━━━━━━━
        Procedure : frmComm - Private Sub Result_Update(ByVal Result As clsResult)

     Error Source : ColumnHeaders

     Error Number : 35601

Error Description : 요소를 찾을 수 없습니다.

             Date : 2003년 6월 9일 월요일

             Time : 오후 8:54:31
━━━━━━━━━━━━━━━━━━━━━━━━━━━━━━━━━━━━━━━━
        Procedure : frmComm - Private Sub Result_Update(ByVal Result As clsResult)

     Error Source : ColumnHeaders

     Error Number : 35601

Error Description : 요소를 찾을 수 없습니다.

             Date : 2003년 6월 9일 월요일

             Time : 오후 8:58:37
━━━━━━━━━━━━━━━━━━━━━━━━━━━━━━━━━━━━━━━━
        Procedure : frmComm - Private Sub Result_Update(ByVal Result As clsResult)

     Error Source : ColumnHeaders

     Error Number : 35601

Error Description : 요소를 찾을 수 없습니다.

             Date : 2003년 6월 9일 월요일

             Time : 오후 9:00:24
━━━━━━━━━━━━━━━━━━━━━━━━━━━━━━━━━━━━━━━━
        Procedure : frmComm - Private Sub Result_Update(ByVal Result As clsResult)

     Error Source : ColumnHeaders

     Error Number : 35601

Error Description : 요소를 찾을 수 없습니다.

             Date : 2003년 6월 9일 월요일

             Time : 오후 9:01:47
━━━━━━━━━━━━━━━━━━━━━━━━━━━━━━━━━━━━━━━━
        Procedure : frmComm - Private Sub Result_Update(ByVal Result As clsResult)

     Error Source : G7

     Error Number : 13

Error Description : 형식이 일치하지 않습니다.

             Date : 2003년 6월 9일 월요일

             Time : 오후 9:55:13
━━━━━━━━━━━━━━━━━━━━━━━━━━━━━━━━━━━━━━━━
        Procedure : frmComm - Private Sub Result_Update(ByVal Result As clsResult)

     Error Source : G7

     Error Number : 13

Error Description : 형식이 일치하지 않습니다.

             Date : 2003년 6월 9일 월요일

             Time : 오후 9:55:50
━━━━━━━━━━━━━━━━━━━━━━━━━━━━━━━━━━━━━━━━
        Procedure : frmComm - Private Sub Result_Update(ByVal Result As clsResult)

     Error Source : G7

     Error Number : 13

Error Description : 형식이 일치하지 않습니다.

             Date : 2003년 6월 9일 월요일

             Time : 오후 9:57:48
━━━━━━━━━━━━━━━━━━━━━━━━━━━━━━━━━━━━━━━━
        Procedure : clsEqpResult - Private Sub Set_EqpResoult(ByVal EqpRst As Collection)

     Error Source : G7

     Error Number : 91

Error Description : 개체 변수 또는 With 문의 변수가 설정되어 있지 않습니다.

             Date : 2003년 6월 9일 월요일

             Time : 오후 10:33:21
━━━━━━━━━━━━━━━━━━━━━━━━━━━━━━━━━━━━━━━━
        Procedure : clsEqpResult - Private Sub Set_EqpResoult(ByVal EqpRst As Collection)

     Error Source : G7

     Error Number : 91

Error Description : 개체 변수 또는 With 문의 변수가 설정되어 있지 않습니다.

             Date : 2003년 6월 9일 월요일

             Time : 오후 10:45:14
━━━━━━━━━━━━━━━━━━━━━━━━━━━━━━━━━━━━━━━━
        Procedure : clsEqpResult - Private Sub Set_EqpResoult(ByVal EqpRst As Collection)

     Error Source : G7

     Error Number : 91

Error Description : 개체 변수 또는 With 문의 변수가 설정되어 있지 않습니다.

             Date : 2003년 6월 9일 월요일

             Time : 오후 10:49:28
━━━━━━━━━━━━━━━━━━━━━━━━━━━━━━━━━━━━━━━━
        Procedure : clsEqpResult - Private Sub Set_EqpResoult(ByVal EqpRst As Collection)

     Error Source : G7

     Error Number : 91

Error Description : 개체 변수 또는 With 문의 변수가 설정되어 있지 않습니다.

             Date : 2003년 6월 9일 월요일

             Time : 오후 10:49:40
━━━━━━━━━━━━━━━━━━━━━━━━━━━━━━━━━━━━━━━━
        Procedure : clsEqpResult - Private Sub Set_EqpResoult(ByVal EqpRst As Collection)

     Error Source : ADODB.Connection

     Error Number : 3704

Error Description : 개체가 닫혀있으면 작업이 허용되지 않습니다.

             Date : 2003년 6월 9일 월요일

             Time : 오후 10:54:33
━━━━━━━━━━━━━━━━━━━━━━━━━━━━━━━━━━━━━━━━
        Procedure : clsEqpResult - Private Sub Set_EqpResoult(ByVal EqpRst As Collection)

     Error Source : ADODB.Connection

     Error Number : 3704

Error Description : 개체가 닫혀있으면 작업이 허용되지 않습니다.

             Date : 2003년 6월 9일 월요일

             Time : 오후 10:54:47
━━━━━━━━━━━━━━━━━━━━━━━━━━━━━━━━━━━━━━━━
        Procedure : clsEqpResult - Private Sub Set_EqpResoult(ByVal EqpRst As Collection)

     Error Source : ADODB.Connection

     Error Number : 3704

Error Description : 개체가 닫혀있으면 작업이 허용되지 않습니다.

             Date : 2003년 6월 9일 월요일

             Time : 오후 10:57:49
━━━━━━━━━━━━━━━━━━━━━━━━━━━━━━━━━━━━━━━━
        Procedure : clsEqpResult - Private Sub Set_EqpResoult(ByVal EqpRst As Collection)

     Error Source : G7

     Error Number : 91

Error Description : 개체 변수 또는 With 문의 변수가 설정되어 있지 않습니다.

             Date : 2003년 6월 9일 월요일

             Time : 오후 10:59:01
━━━━━━━━━━━━━━━━━━━━━━━━━━━━━━━━━━━━━━━━
        Procedure : clsEqpResult - Private Sub Set_EqpResoult(ByVal EqpRst As Collection)

     Error Source : ADODB.Connection

     Error Number : 3704

Error Description : 개체가 닫혀있으면 작업이 허용되지 않습니다.

             Date : 2003년 6월 9일 월요일

             Time : 오후 10:59:55
━━━━━━━━━━━━━━━━━━━━━━━━━━━━━━━━━━━━━━━━
        Procedure : clsEqpResult - Private Sub Set_EqpResoult(ByVal EqpRst As Collection)

     Error Source : G7

     Error Number : 91

Error Description : 개체 변수 또는 With 문의 변수가 설정되어 있지 않습니다.

             Date : 2003년 6월 9일 월요일

             Time : 오후 11:00:02
━━━━━━━━━━━━━━━━━━━━━━━━━━━━━━━━━━━━━━━━
        Procedure : clsEqpResult - Private Sub Set_EqpResoult(ByVal EqpRst As Collection)

     Error Source : ADODB.Connection

     Error Number : 3704

Error Description : 개체가 닫혀있으면 작업이 허용되지 않습니다.

             Date : 2003년 6월 9일 월요일

             Time : 오후 11:00:24
━━━━━━━━━━━━━━━━━━━━━━━━━━━━━━━━━━━━━━━━
        Procedure : clsEqpResult - Private Sub Set_EqpResoult(ByVal EqpRst As Collection)

     Error Source : G7

     Error Number : 91

Error Description : 개체 변수 또는 With 문의 변수가 설정되어 있지 않습니다.

             Date : 2003년 6월 9일 월요일

             Time : 오후 11:02:14
━━━━━━━━━━━━━━━━━━━━━━━━━━━━━━━━━━━━━━━━
        Procedure : clsEqpResult - Private Sub Set_EqpResoult(ByVal EqpRst As Collection)

     Error Source : G7

     Error Number : 91

Error Description : 개체 변수 또는 With 문의 변수가 설정되어 있지 않습니다.

             Date : 2003년 6월 9일 월요일

             Time : 오후 11:03:01
━━━━━━━━━━━━━━━━━━━━━━━━━━━━━━━━━━━━━━━━
        Procedure : clsEqpResult - Private Sub Set_EqpResoult(ByVal EqpRst As Collection)

     Error Source : G7

     Error Number : 91

Error Description : 개체 변수 또는 With 문의 변수가 설정되어 있지 않습니다.

             Date : 2003년 6월 9일 월요일

             Time : 오후 11:07:38
━━━━━━━━━━━━━━━━━━━━━━━━━━━━━━━━━━━━━━━━
        Procedure : clsEqpResult - Private Sub Set_EqpResoult(ByVal EqpRst As Collection)

     Error Source : ADODB.Recordset

     Error Number : 3001

Error Description : 잘못된 형식이거나 올바른 범위 밖에 있거나 서로 충돌하는 인수입니다.

             Date : 2003년 6월 9일 월요일

             Time : 오후 11:10:54
━━━━━━━━━━━━━━━━━━━━━━━━━━━━━━━━━━━━━━━━
    Procedure : clsCommon - Public Function Get_RoomList() As ADODB.Recordset

 Error Number : -2147217865

  Description : 개체 이름 'LIMAS032'이(가) 잘못되었습니다.

       Source : Microsoft OLE DB Provider for SQL Server

    SQL State : 42S02

 Native Error : 208

   SQL String : SELECT CDVAL1 AS ROOMCD , FIELD1 AS ROOMNM FROM LIMAS032 WHERE CDDIV = 'C252' ORDER BY FIELD1

         Date : 2003년 6월 9일 월요일

         Time : 오후 11:24:40
━━━━━━━━━━━━━━━━━━━━━━━━━━━━━━━━━━━━━━━━
