        Procedure : clsCommon - Public Function Get_TestItemList() As ADODB.Recordset

     Error Source : G7

     Error Number : 91

Error Description : 偃羹 滲熱 傳朝 With 僥曖 滲熱陛 撲薑腎橫 氈雖 彊蝗棲棻.

             Date : 2003喇 9錯 18橾 錯蹂橾

             Time : 螃瞪 10:53:36
收收收收收收收收收收收收收收收收收收收收收收收收收收收收收收收收收收收收收收收收
        Procedure : clsCommon - Public Function Get_TestItemList() As ADODB.Recordset

     Error Source : G7

     Error Number : 91

Error Description : 偃羹 滲熱 傳朝 With 僥曖 滲熱陛 撲薑腎橫 氈雖 彊蝗棲棻.

             Date : 2003喇 9錯 18橾 錯蹂橾

             Time : 螃瞪 10:53:38
收收收收收收收收收收收收收收收收收收收收收收收收收收收收收收收收收收收收收收收收
        Procedure : clsCommon - Public Function Get_TestItemList() As ADODB.Recordset

     Error Source : G7

     Error Number : 91

Error Description : 偃羹 滲熱 傳朝 With 僥曖 滲熱陛 撲薑腎橫 氈雖 彊蝗棲棻.

             Date : 2003喇 9錯 18橾 錯蹂橾

             Time : 螃瞪 10:53:39
收收收收收收收收收收收收收收收收收收收收收收收收收收收收收收收收收收收收收收收收
        Procedure : clsCommon - Public Function Get_TestItemList() As ADODB.Recordset

     Error Source : G7

     Error Number : 91

Error Description : 偃羹 滲熱 傳朝 With 僥曖 滲熱陛 撲薑腎橫 氈雖 彊蝗棲棻.

             Date : 2003喇 9錯 18橾 錯蹂橾

             Time : 螃瞪 10:53:39
收收收收收收收收收收收收收收收收收收收收收收收收收收收收收收收收收收收收收收收收
        Procedure : clsCommon - Public Function Get_TestItemList() As ADODB.Recordset

     Error Source : G7

     Error Number : 91

Error Description : 偃羹 滲熱 傳朝 With 僥曖 滲熱陛 撲薑腎橫 氈雖 彊蝗棲棻.

             Date : 2003喇 9錯 18橾 錯蹂橾

             Time : 螃瞪 10:53:40
收收收收收收收收收收收收收收收收收收收收收收收收收收收收收收收收收收收收收收收收
        Procedure : clsCommon - Public Function Get_TestItemList() As ADODB.Recordset

     Error Source : G7

     Error Number : 91

Error Description : 偃羹 滲熱 傳朝 With 僥曖 滲熱陛 撲薑腎橫 氈雖 彊蝗棲棻.

             Date : 2003喇 9錯 18橾 錯蹂橾

             Time : 螃瞪 10:53:40
收收收收收收收收收收收收收收收收收收收收收收收收收收收收收收收收收收收收收收收收
        Procedure : clsCommon - Public Function Get_TestItemList() As ADODB.Recordset

     Error Source : G7

     Error Number : 91

Error Description : 偃羹 滲熱 傳朝 With 僥曖 滲熱陛 撲薑腎橫 氈雖 彊蝗棲棻.

             Date : 2003喇 9錯 18橾 錯蹂橾

             Time : 螃瞪 10:53:40
收收收收收收收收收收收收收收收收收收收收收收收收收收收收收收收收收收收收收收收收
        Procedure : clsCommon - Public Function Get_TestItemList() As ADODB.Recordset

     Error Source : G7

     Error Number : 91

Error Description : 偃羹 滲熱 傳朝 With 僥曖 滲熱陛 撲薑腎橫 氈雖 彊蝗棲棻.

             Date : 2003喇 9錯 18橾 錯蹂橾

             Time : 螃瞪 10:53:41
收收收收收收收收收收收收收收收收收收收收收收收收收收收收收收收收收收收收收收收收
        Procedure : clsCommon - Public Function Get_TestItemList() As ADODB.Recordset

     Error Source : G7

     Error Number : 91

Error Description : 偃羹 滲熱 傳朝 With 僥曖 滲熱陛 撲薑腎橫 氈雖 彊蝗棲棻.

             Date : 2003喇 9錯 18橾 錯蹂橾

             Time : 螃瞪 10:53:41
收收收收收收收收收收收收收收收收收收收收收收收收收收收收收收收收收收收收收收收收
        Procedure : clsCommon - Public Function Get_TestItemList() As ADODB.Recordset

     Error Source : G7

     Error Number : 91

Error Description : 偃羹 滲熱 傳朝 With 僥曖 滲熱陛 撲薑腎橫 氈雖 彊蝗棲棻.

             Date : 2003喇 9錯 18橾 錯蹂橾

             Time : 螃瞪 10:53:41
收收收收收收收收收收收收收收收收收收收收收收收收收收收收收收收收收收收收收收收收
        Procedure : clsCommon - Public Function Get_TestItemList() As ADODB.Recordset

     Error Source : G7

     Error Number : 91

Error Description : 偃羹 滲熱 傳朝 With 僥曖 滲熱陛 撲薑腎橫 氈雖 彊蝗棲棻.

             Date : 2003喇 9錯 18橾 錯蹂橾

             Time : 螃瞪 10:53:41
收收收收收收收收收收收收收收收收收收收收收收收收收收收收收收收收收收收收收收收收
        Procedure : clsCommon - Public Function Get_TestItemList() As ADODB.Recordset

     Error Source : G7

     Error Number : 91

Error Description : 偃羹 滲熱 傳朝 With 僥曖 滲熱陛 撲薑腎橫 氈雖 彊蝗棲棻.

             Date : 2003喇 9錯 18橾 錯蹂橾

             Time : 螃瞪 10:53:41
收收收收收收收收收收收收收收收收收收收收收收收收收收收收收收收收收收收收收收收收
        Procedure : clsCommon - Public Function Get_TestItemList() As ADODB.Recordset

     Error Source : G7

     Error Number : 91

Error Description : 偃羹 滲熱 傳朝 With 僥曖 滲熱陛 撲薑腎橫 氈雖 彊蝗棲棻.

             Date : 2003喇 9錯 18橾 錯蹂橾

             Time : 螃瞪 10:53:41
收收收收收收收收收收收收收收收收收收收收收收收收收收收收收收收收收收收收收收收收
        Procedure : clsCommon - Public Function Get_TestItemList() As ADODB.Recordset

     Error Source : G7

     Error Number : 91

Error Description : 偃羹 滲熱 傳朝 With 僥曖 滲熱陛 撲薑腎橫 氈雖 彊蝗棲棻.

             Date : 2003喇 9錯 18橾 錯蹂橾

             Time : 螃瞪 10:53:42
收收收收收收收收收收收收收收收收收收收收收收收收收收收收收收收收收收收收收收收收
        Procedure : clsCommon - Public Function Get_TestItemList() As ADODB.Recordset

     Error Source : G7

     Error Number : 91

Error Description : 偃羹 滲熱 傳朝 With 僥曖 滲熱陛 撲薑腎橫 氈雖 彊蝗棲棻.

             Date : 2003喇 9錯 18橾 錯蹂橾

             Time : 螃瞪 10:53:42
收收收收收收收收收收收收收收收收收收收收收收收收收收收收收收收收收收收收收收收收
        Procedure : clsCommon - Public Function Get_TestItemList() As ADODB.Recordset

     Error Source : G7

     Error Number : 91

Error Description : 偃羹 滲熱 傳朝 With 僥曖 滲熱陛 撲薑腎橫 氈雖 彊蝗棲棻.

             Date : 2003喇 9錯 18橾 錯蹂橾

             Time : 螃瞪 10:53:42
收收收收收收收收收收收收收收收收收收收收收收收收收收收收收收收收收收收收收收收收
        Procedure : clsCommon - Public Function Get_TestItemList() As ADODB.Recordset

     Error Source : G7

     Error Number : 91

Error Description : 偃羹 滲熱 傳朝 With 僥曖 滲熱陛 撲薑腎橫 氈雖 彊蝗棲棻.

             Date : 2003喇 9錯 18橾 錯蹂橾

             Time : 螃瞪 10:53:43
收收收收收收收收收收收收收收收收收收收收收收收收收收收收收收收收收收收收收收收收
        Procedure : clsCommon - Public Function Get_TestItemList() As ADODB.Recordset

     Error Source : G7

     Error Number : 91

Error Description : 偃羹 滲熱 傳朝 With 僥曖 滲熱陛 撲薑腎橫 氈雖 彊蝗棲棻.

             Date : 2003喇 9錯 18橾 錯蹂橾

             Time : 螃瞪 10:53:44
收收收收收收收收收收收收收收收收收收收收收收收收收收收收收收收收收收收收收收收收
        Procedure : clsCommon - Public Function Get_TestItemList() As ADODB.Recordset

     Error Source : G7

     Error Number : 91

Error Description : 偃羹 滲熱 傳朝 With 僥曖 滲熱陛 撲薑腎橫 氈雖 彊蝗棲棻.

             Date : 2003喇 9錯 18橾 錯蹂橾

             Time : 螃瞪 10:53:44
收收收收收收收收收收收收收收收收收收收收收收收收收收收收收收收收收收收收收收收收
        Procedure : clsCommon - Public Function Get_TestItemList() As ADODB.Recordset

     Error Source : G7

     Error Number : 91

Error Description : 偃羹 滲熱 傳朝 With 僥曖 滲熱陛 撲薑腎橫 氈雖 彊蝗棲棻.

             Date : 2003喇 9錯 18橾 錯蹂橾

             Time : 螃瞪 10:53:44
收收收收收收收收收收收收收收收收收收收收收收收收收收收收收收收收收收收收收收收收
        Procedure : clsCommon - Public Function Get_TestItemList() As ADODB.Recordset

     Error Source : G7

     Error Number : 91

Error Description : 偃羹 滲熱 傳朝 With 僥曖 滲熱陛 撲薑腎橫 氈雖 彊蝗棲棻.

             Date : 2003喇 9錯 18橾 錯蹂橾

             Time : 螃瞪 10:53:44
收收收收收收收收收收收收收收收收收收收收收收收收收收收收收收收收收收收收收收收收
        Procedure : clsCommon - Public Function Get_TestItemList() As ADODB.Recordset

     Error Source : G7

     Error Number : 91

Error Description : 偃羹 滲熱 傳朝 With 僥曖 滲熱陛 撲薑腎橫 氈雖 彊蝗棲棻.

             Date : 2003喇 9錯 18橾 錯蹂橾

             Time : 螃瞪 10:53:45
收收收收收收收收收收收收收收收收收收收收收收收收收收收收收收收收收收收收收收收收
        Procedure : clsCommon - Public Function Get_TestItemList() As ADODB.Recordset

     Error Source : G7

     Error Number : 91

Error Description : 偃羹 滲熱 傳朝 With 僥曖 滲熱陛 撲薑腎橫 氈雖 彊蝗棲棻.

             Date : 2003喇 9錯 18橾 錯蹂橾

             Time : 螃瞪 10:53:45
收收收收收收收收收收收收收收收收收收收收收收收收收收收收收收收收收收收收收收收收
        Procedure : clsCommon - Public Function Get_TestItemList() As ADODB.Recordset

     Error Source : G7

     Error Number : 91

Error Description : 偃羹 滲熱 傳朝 With 僥曖 滲熱陛 撲薑腎橫 氈雖 彊蝗棲棻.

             Date : 2003喇 9錯 18橾 錯蹂橾

             Time : 螃瞪 10:53:45
收收收收收收收收收收收收收收收收收收收收收收收收收收收收收收收收收收收收收收收收
        Procedure : clsCommon - Public Function Get_TestItemList() As ADODB.Recordset

     Error Source : G7

     Error Number : 91

Error Description : 偃羹 滲熱 傳朝 With 僥曖 滲熱陛 撲薑腎橫 氈雖 彊蝗棲棻.

             Date : 2003喇 9錯 18橾 錯蹂橾

             Time : 螃瞪 10:53:45
收收收收收收收收收收收收收收收收收收收收收收收收收收收收收收收收收收收收收收收收
        Procedure : clsCommon - Public Function Get_TestItemList() As ADODB.Recordset

     Error Source : G7

     Error Number : 91

Error Description : 偃羹 滲熱 傳朝 With 僥曖 滲熱陛 撲薑腎橫 氈雖 彊蝗棲棻.

             Date : 2003喇 9錯 18橾 錯蹂橾

             Time : 螃瞪 10:53:46
收收收收收收收收收收收收收收收收收收收收收收收收收收收收收收收收收收收收收收收收
        Procedure : clsCommon - Public Function Get_TestItemList() As ADODB.Recordset

     Error Source : G7

     Error Number : 91

Error Description : 偃羹 滲熱 傳朝 With 僥曖 滲熱陛 撲薑腎橫 氈雖 彊蝗棲棻.

             Date : 2003喇 9錯 18橾 錯蹂橾

             Time : 螃瞪 10:53:46
收收收收收收收收收收收收收收收收收收收收收收收收收收收收收收收收收收收收收收收收
        Procedure : clsCommon - Public Function Get_TestItemList() As ADODB.Recordset

     Error Source : G7

     Error Number : 91

Error Description : 偃羹 滲熱 傳朝 With 僥曖 滲熱陛 撲薑腎橫 氈雖 彊蝗棲棻.

             Date : 2003喇 9錯 18橾 錯蹂橾

             Time : 螃瞪 10:53:46
收收收收收收收收收收收收收收收收收收收收收收收收收收收收收收收收收收收收收收收收
        Procedure : clsCommon - Public Function Get_TestItemList() As ADODB.Recordset

     Error Source : G7

     Error Number : 91

Error Description : 偃羹 滲熱 傳朝 With 僥曖 滲熱陛 撲薑腎橫 氈雖 彊蝗棲棻.

             Date : 2003喇 9錯 18橾 錯蹂橾

             Time : 螃瞪 10:53:46
收收收收收收收收收收收收收收收收收收收收收收收收收收收收收收收收收收收收收收收收
        Procedure : clsCommon - Public Function Get_TestItemList() As ADODB.Recordset

     Error Source : G7

     Error Number : 91

Error Description : 偃羹 滲熱 傳朝 With 僥曖 滲熱陛 撲薑腎橫 氈雖 彊蝗棲棻.

             Date : 2003喇 9錯 18橾 錯蹂橾

             Time : 螃瞪 10:53:46
收收收收收收收收收收收收收收收收收收收收收收收收收收收收收收收收收收收收收收收收
        Procedure : clsCommon - Public Function Get_TestItemList() As ADODB.Recordset

     Error Source : G7

     Error Number : 91

Error Description : 偃羹 滲熱 傳朝 With 僥曖 滲熱陛 撲薑腎橫 氈雖 彊蝗棲棻.

             Date : 2003喇 9錯 18橾 錯蹂橾

             Time : 螃瞪 10:53:47
收收收收收收收收收收收收收收收收收收收收收收收收收收收收收收收收收收收收收收收收
        Procedure : clsCommon - Public Function Get_TestItemList() As ADODB.Recordset

     Error Source : G7

     Error Number : 91

Error Description : 偃羹 滲熱 傳朝 With 僥曖 滲熱陛 撲薑腎橫 氈雖 彊蝗棲棻.

             Date : 2003喇 9錯 18橾 錯蹂橾

             Time : 螃瞪 10:53:47
收收收收收收收收收收收收收收收收收收收收收收收收收收收收收收收收收收收收收收收收
        Procedure : clsCommon - Public Function Get_TestItemList() As ADODB.Recordset

     Error Source : G7

     Error Number : 91

Error Description : 偃羹 滲熱 傳朝 With 僥曖 滲熱陛 撲薑腎橫 氈雖 彊蝗棲棻.

             Date : 2003喇 9錯 18橾 錯蹂橾

             Time : 螃瞪 10:53:47
收收收收收收收收收收收收收收收收收收收收收收收收收收收收收收收收收收收收收收收收
        Procedure : clsCommon - Public Function Get_TestItemList() As ADODB.Recordset

     Error Source : G7

     Error Number : 91

Error Description : 偃羹 滲熱 傳朝 With 僥曖 滲熱陛 撲薑腎橫 氈雖 彊蝗棲棻.

             Date : 2003喇 9錯 18橾 錯蹂橾

             Time : 螃瞪 10:53:47
收收收收收收收收收收收收收收收收收收收收收收收收收收收收收收收收收收收收收收收收
        Procedure : clsCommon - Public Function Get_TestItemList() As ADODB.Recordset

     Error Source : G7

     Error Number : 91

Error Description : 偃羹 滲熱 傳朝 With 僥曖 滲熱陛 撲薑腎橫 氈雖 彊蝗棲棻.

             Date : 2003喇 9錯 18橾 錯蹂橾

             Time : 螃瞪 10:53:47
收收收收收收收收收收收收收收收收收收收收收收收收收收收收收收收收收收收收收收收收
