        Procedure : frmInterface - Private Sub cmdRun()

     Error Source : MSComm

     Error Number : 8002

Error Description : んお 廓ㄟ 澀跤腎歷蝗棲棻.

             Date : 2007喇 1錯 26橾 錯蹂橾

             Time : 螃瞪 11:06:25
收收收收收收收收收收收收收收收收收收收收收收收收收收收收收收收收收收收收收收收收
        Procedure : frmInterface - Private Sub cmdRun()

     Error Source : MSComm

     Error Number : 8002

Error Description : んお 廓ㄟ 澀跤腎歷蝗棲棻.

             Date : 2007喇 1錯 26橾 錯蹂橾

             Time : 螃瞪 11:12:45
收收收收收收收收收收收收收收收收收收收收收收收收收收收收收收收收收收收收收收收收
        Procedure : frmInterface - Private Sub cmdRun()

     Error Source : MSComm

     Error Number : 8002

Error Description : んお 廓ㄟ 澀跤腎歷蝗棲棻.

             Date : 2007喇 1錯 26橾 錯蹂橾

             Time : 螃瞪 11:16:17
收收收收收收收收收收收收收收收收收收收收收收收收收收收收收收收收收收收收收收收收
        Procedure : frmInterface - Private Sub cmdRun()

     Error Source : MSComm

     Error Number : 8002

Error Description : んお 廓ㄟ 澀跤腎歷蝗棲棻.

             Date : 2007喇 1錯 26橾 錯蹂橾

             Time : 螃 12:05:26
收收收收收收收收收收收收收收收收收收收收收收收收收收收收收收收收收收收收收收收收
        Procedure : frmInterface - Private Sub cmdRun()

     Error Source : MSComm

     Error Number : 8002

Error Description : んお 廓ㄟ 澀跤腎歷蝗棲棻.

             Date : 2007喇 1錯 26橾 錯蹂橾

             Time : 螃 2:01:11
收收收收收收收收收收收收收收收收收收收收收收收收收收收收收收收收收收收收收收收收
        Procedure : frmInterface - Private Sub cmdRun()

     Error Source : MSComm

     Error Number : 8002

Error Description : んお 廓ㄟ 澀跤腎歷蝗棲棻.

             Date : 2007喇 1錯 26橾 錯蹂橾

             Time : 螃 2:08:20
收收收收收收收收收收收收收收收收收收收收收收收收收收收收收收收收收收收收收收收收
        Procedure : frmInterface - Private Sub cmdRun()

     Error Source : MSComm

     Error Number : 8002

Error Description : んお 廓ㄟ 澀跤腎歷蝗棲棻.

             Date : 2007喇 1錯 26橾 錯蹂橾

             Time : 螃 2:14:11
收收收收收收收收收收收收收收收收收收收收收收收收收收收收收收收收收收收收收收收收
        Procedure : frmInterface - Private Sub cmdRun()

     Error Source : MSComm

     Error Number : 8002

Error Description : んお 廓ㄟ 澀跤腎歷蝗棲棻.

             Date : 2007喇 1錯 26橾 錯蹂橾

             Time : 螃 2:18:45
收收收收收收收收收收收收收收收收收收收收收收收收收收收收收收收收收收收收收收收收
        Procedure : frmInterface - Private Sub cmdRun()

     Error Source : MSComm

     Error Number : 8002

Error Description : んお 廓ㄟ 澀跤腎歷蝗棲棻.

             Date : 2007喇 1錯 26橾 錯蹂橾

             Time : 螃 2:29:22
收收收收收收收收收收收收收收收收收收收收收收收收收收收收收收收收收收收收收收收收
        Procedure : frmInterface - Private Sub cmdRun()

     Error Source : MSComm

     Error Number : 8002

Error Description : んお 廓ㄟ 澀跤腎歷蝗棲棻.

             Date : 2007喇 1錯 26橾 錯蹂橾

             Time : 螃 2:54:08
收收收收收收收收收收收收收收收收收收收收收收收收收收收收收收收收收收收收收收收收
        Procedure : frmInterface - Private Sub cmdRun()

     Error Source : MSComm

     Error Number : 8002

Error Description : んお 廓ㄟ 澀跤腎歷蝗棲棻.

             Date : 2007喇 1錯 26橾 錯蹂橾

             Time : 螃 3:07:20
收收收收收收收收收收收收收收收收收收收收收收收收收收收收收收收收收收收收收收收收
        Procedure : frmInterface - Private Sub cmdRun()

     Error Source : MSComm

     Error Number : 8002

Error Description : んお 廓ㄟ 澀跤腎歷蝗棲棻.

             Date : 2007喇 1錯 26橾 錯蹂橾

             Time : 螃 3:08:00
收收收收收收收收收收收收收收收收收收收收收收收收收收收收收收收收收收收收收收收收
        Procedure : frmInterface - Private Sub cmdRun()

     Error Source : MSComm

     Error Number : 8002

Error Description : んお 廓ㄟ 澀跤腎歷蝗棲棻.

             Date : 2007喇 1錯 26橾 錯蹂橾

             Time : 螃 3:09:38
收收收收收收收收收收收收收收收收收收收收收收收收收收收收收收收收收收收收收收收收
        Procedure : frmInterface - Private Sub cmdRun()

     Error Source : MSComm

     Error Number : 8002

Error Description : んお 廓ㄟ 澀跤腎歷蝗棲棻.

             Date : 2007喇 1錯 26橾 錯蹂橾

             Time : 螃 3:10:43
收收收收收收收收收收收收收收收收收收收收收收收收收收收收收收收收收收收收收收收收
        Procedure : frmInterface - Private Sub cmdRun()

     Error Source : MSComm

     Error Number : 8002

Error Description : んお 廓ㄟ 澀跤腎歷蝗棲棻.

             Date : 2007喇 1錯 26橾 錯蹂橾

             Time : 螃 3:11:14
收收收收收收收收收收收收收收收收收收收收收收收收收收收收收收收收收收收收收收收收
        Procedure : frmInterface - Private Sub cmdRun()

     Error Source : MSComm

     Error Number : 8002

Error Description : んお 廓ㄟ 澀跤腎歷蝗棲棻.

             Date : 2007喇 1錯 26橾 錯蹂橾

             Time : 螃 3:12:13
收收收收收收收收收收收收收收收收收收收收收收收收收收收收收收收收收收收收收收收收
        Procedure : frmInterface - Private Sub cmdRun()

     Error Source : MSComm

     Error Number : 8002

Error Description : んお 廓ㄟ 澀跤腎歷蝗棲棻.

             Date : 2007喇 1錯 26橾 錯蹂橾

             Time : 螃 3:12:43
收收收收收收收收收收收收收收收收收收收收收收收收收收收收收收收收收收收收收收收收
        Procedure : frmInterface - Private Sub cmdRun()

     Error Source : MSComm

     Error Number : 8002

Error Description : んお 廓ㄟ 澀跤腎歷蝗棲棻.

             Date : 2007喇 1錯 26橾 錯蹂橾

             Time : 螃 3:57:36
收收收收收收收收收收收收收收收收收收收收收收收收收收收收收收收收收收收收收收收收
        Procedure : frmInterface - Private Sub cmdRun()

     Error Source : MSComm

     Error Number : 8002

Error Description : んお 廓ㄟ 澀跤腎歷蝗棲棻.

             Date : 2007喇 1錯 26橾 錯蹂橾

             Time : 螃 4:00:59
收收收收收收收收收收收收收收收收收收收收收收收收收收收收收收收收收收收收收收收收
