        Procedure : clsCommon - Public Function f_subSet_DateOrder() As ADODB.Recordset

     Error Source : Urometer720

     Error Number : 438

Error Description : 偃羹陛 檜 樓撩 傳朝 詭憮萄蒂 雖錳ж雖 彊蝗棲棻.

             Date : 2007喇 1錯 24橾 錯蹂橾

             Time : 螃瞪 11:23:43
收收收收收收收收收收收收收收收收收收收收收收收收收收收收收收收收收收收收收收收收
        Procedure : clsCommon - Public Function f_subSet_DateOrder() As ADODB.Recordset

     Error Source : Urometer720

     Error Number : 438

Error Description : 偃羹陛 檜 樓撩 傳朝 詭憮萄蒂 雖錳ж雖 彊蝗棲棻.

             Date : 2007喇 1錯 24橾 錯蹂橾

             Time : 螃瞪 11:27:33
收收收收收收收收收收收收收收收收收收收收收收收收收收收收收收收收收收收收收收收收
        Procedure : clsCommon - Public Function f_subSet_DateOrder() As ADODB.Recordset

     Error Source : Urometer720

     Error Number : 438

Error Description : 偃羹陛 檜 樓撩 傳朝 詭憮萄蒂 雖錳ж雖 彊蝗棲棻.

             Date : 2007喇 1錯 24橾 錯蹂橾

             Time : 螃瞪 11:28:13
收收收收收收收收收收收收收收收收收收收收收收收收收收收收收收收收收收收收收收收收
        Procedure : clsCommon - Public Function f_subSet_DateOrder() As ADODB.Recordset

     Error Source : Urometer720

     Error Number : 438

Error Description : 偃羹陛 檜 樓撩 傳朝 詭憮萄蒂 雖錳ж雖 彊蝗棲棻.

             Date : 2007喇 1錯 24橾 錯蹂橾

             Time : 螃瞪 11:29:21
收收收收收收收收收收收收收收收收收收收收收收收收收收收收收收收收收收收收收收收收
        Procedure : clsCommon - Public Function f_subSet_DateOrder() As ADODB.Recordset

     Error Source : Urometer720

     Error Number : 438

Error Description : 偃羹陛 檜 樓撩 傳朝 詭憮萄蒂 雖錳ж雖 彊蝗棲棻.

             Date : 2007喇 1錯 24橾 錯蹂橾

             Time : 螃瞪 11:29:59
收收收收收收收收收收收收收收收收收收收收收收收收收收收收收收收收收收收收收收收收
        Procedure : clsCommon - Public Function f_subSet_DateOrder() As ADODB.Recordset

     Error Source : Urometer720

     Error Number : 438

Error Description : 偃羹陛 檜 樓撩 傳朝 詭憮萄蒂 雖錳ж雖 彊蝗棲棻.

             Date : 2007喇 1錯 24橾 錯蹂橾

             Time : 螃瞪 11:31:06
收收收收收收收收收收收收收收收收收收收收收收收收收收收收收收收收收收收收收收收收
        Procedure : clsCommon - Public Function f_subSet_DateOrder() As ADODB.Recordset

     Error Source : CrystalReport

     Error Number : 20553

Error Description : Invalid parameter field name

             Date : 2007喇 1錯 24橾 錯蹂橾

             Time : 螃瞪 11:32:33
收收收收收收收收收收收收收收收收收收收收收收收收收收收收收收收收收收收收收收收收
        Procedure : clsCommon - Public Function f_subSet_DateOrder() As ADODB.Recordset

     Error Source : CrystalReport

     Error Number : 20553

Error Description : Invalid parameter field name

             Date : 2007喇 1錯 24橾 錯蹂橾

             Time : 螃瞪 11:32:44
收收收收收收收收收收收收收收收收收收收收收收收收收收收收收收收收收收收收收收收收
        Procedure : clsCommon - Public Function f_subSet_DateOrder() As ADODB.Recordset

     Error Source : CrystalReport

     Error Number : 20553

Error Description : Invalid parameter field name

             Date : 2007喇 1錯 24橾 錯蹂橾

             Time : 螃瞪 11:33:40
收收收收收收收收收收收收收收收收收收收收收收收收收收收收收收收收收收收收收收收收
        Procedure : clsCommon - Public Function f_subSet_DateOrder() As ADODB.Recordset

     Error Source : Urometer720

     Error Number : 438

Error Description : 偃羹陛 檜 樓撩 傳朝 詭憮萄蒂 雖錳ж雖 彊蝗棲棻.

             Date : 2007喇 1錯 24橾 錯蹂橾

             Time : 螃瞪 11:40:00
收收收收收收收收收收收收收收收收收收收收收收收收收收收收收收收收收收收收收收收收
        Procedure : clsCommon - Public Function f_subSet_DateOrder() As ADODB.Recordset

     Error Source : Urometer720

     Error Number : 438

Error Description : 偃羹陛 檜 樓撩 傳朝 詭憮萄蒂 雖錳ж雖 彊蝗棲棻.

             Date : 2007喇 1錯 24橾 錯蹂橾

             Time : 螃瞪 11:41:02
收收收收收收收收收收收收收收收收收收收收收收收收收收收收收收收收收收收收收收收收
        Procedure : clsCommon - Public Function f_subSet_DateOrder() As ADODB.Recordset

     Error Source : Urometer720

     Error Number : 438

Error Description : 偃羹陛 檜 樓撩 傳朝 詭憮萄蒂 雖錳ж雖 彊蝗棲棻.

             Date : 2007喇 1錯 24橾 錯蹂橾

             Time : 螃瞪 11:41:53
收收收收收收收收收收收收收收收收收收收收收收收收收收收收收收收收收收收收收收收收
        Procedure : clsCommon - Public Function f_subSet_DateOrder() As ADODB.Recordset

     Error Source : Urometer720

     Error Number : 438

Error Description : 偃羹陛 檜 樓撩 傳朝 詭憮萄蒂 雖錳ж雖 彊蝗棲棻.

             Date : 2007喇 1錯 24橾 錯蹂橾

             Time : 螃瞪 11:42:22
收收收收收收收收收收收收收收收收收收收收收收收收收收收收收收收收收收收收收收收收
        Procedure : clsCommon - Public Function f_subSet_DateOrder() As ADODB.Recordset

     Error Source : CrystalReport

     Error Number : 20553

Error Description : Invalid parameter field name

             Date : 2007喇 1錯 24橾 錯蹂橾

             Time : 螃瞪 11:45:10
收收收收收收收收收收收收收收收收收收收收收收收收收收收收收收收收收收收收收收收收
        Procedure : clsCommon - Public Function f_subSet_DateOrder() As ADODB.Recordset

     Error Source : CrystalReport

     Error Number : 20553

Error Description : Invalid parameter field name

             Date : 2007喇 1錯 24橾 錯蹂橾

             Time : 螃瞪 11:46:11
收收收收收收收收收收收收收收收收收收收收收收收收收收收收收收收收收收收收收收收收
        Procedure : clsCommon - Public Function f_subSet_DateOrder() As ADODB.Recordset

     Error Source : CrystalReport

     Error Number : 20553

Error Description : Invalid parameter field name

             Date : 2007喇 1錯 24橾 錯蹂橾

             Time : 螃瞪 11:53:06
收收收收收收收收收收收收收收收收收收收收收收收收收收收收收收收收收收收收收收收收
        Procedure : clsCommon - Public Function f_subSet_DateOrder() As ADODB.Recordset

     Error Source : ADODB.Property

     Error Number : -2147217887

Error Description : 檗晦 瞪辨 樓撩 高擊 撲薑ж雖 彊懊蝗棲棻.

             Date : 2007喇 1錯 24橾 錯蹂橾

             Time : 螃 4:36:03
收收收收收收收收收收收收收收收收收收收收收收收收收收收收收收收收收收收收收收收收
        Procedure : clsCommon - Public Function f_subSet_DateOrder() As ADODB.Recordset

     Error Source : ADODB.Property

     Error Number : -2147217887

Error Description : 檗晦 瞪辨 樓撩 高擊 撲薑ж雖 彊懊蝗棲棻.

             Date : 2007喇 1錯 24橾 錯蹂橾

             Time : 螃 4:36:17
收收收收收收收收收收收收收收收收收收收收收收收收收收收收收收收收收收收收收收收收
        Procedure : clsCommon - Public Function f_subSet_DateOrder() As ADODB.Recordset

     Error Source : ADODB.Property

     Error Number : -2147217887

Error Description : 檗晦 瞪辨 樓撩 高擊 撲薑ж雖 彊懊蝗棲棻.

             Date : 2007喇 1錯 24橾 錯蹂橾

             Time : 螃 4:37:30
收收收收收收收收收收收收收收收收收收收收收收收收收收收收收收收收收收收收收收收收
        Procedure : clsCommon - Public Function f_subSet_DateOrder() As ADODB.Recordset

     Error Source : ADODB.Property

     Error Number : -2147217887

Error Description : 檗晦 瞪辨 樓撩 高擊 撲薑ж雖 彊懊蝗棲棻.

             Date : 2007喇 1錯 24橾 錯蹂橾

             Time : 螃 4:38:02
收收收收收收收收收收收收收收收收收收收收收收收收收收收收收收收收收收收收收收收收
        Procedure : clsCommon - Public Function f_subSet_DateOrder() As ADODB.Recordset

     Error Source : ADODB.Property

     Error Number : -2147217887

Error Description : 檗晦 瞪辨 樓撩 高擊 撲薑ж雖 彊懊蝗棲棻.

             Date : 2007喇 1錯 24橾 錯蹂橾

             Time : 螃 4:39:20
收收收收收收收收收收收收收收收收收收收收收收收收收收收收收收收收收收收收收收收收
        Procedure : clsCommon - Public Function f_subSet_DateOrder() As ADODB.Recordset

     Error Source : CrystalReport

     Error Number : 20599

Error Description : Cannot open SQL server.

             Date : 2007喇 1錯 24橾 錯蹂橾

             Time : 螃 6:44:10
收收收收收收收收收收收收收收收收收收收收收收收收收收收收收收收收收收收收收收收收
        Procedure : clsCommon - Public Function f_subSet_DateOrder() As ADODB.Recordset

     Error Source : CrystalReport

     Error Number : 20599

Error Description : Cannot open SQL server.

             Date : 2007喇 1錯 24橾 錯蹂橾

             Time : 螃 6:44:24
收收收收收收收收收收收收收收收收收收收收收收收收收收收收收收收收收收收收收收收收
