389 행: tblBloodPaper 컨트롤의 FPSpread.vaSpread 클래스는 로드한 컨트롤 클래스가 아닙니다.
396 행: tblBloodPaper의 _Version 속성 이름이 잘못되었습니다. 
397 행: tblBloodPaper의 _ExtentX 속성 이름이 잘못되었습니다. 
398 행: tblBloodPaper의 _ExtentY 속성 이름이 잘못되었습니다. 
399 행: tblBloodPaper의 _StockProps 속성 이름이 잘못되었습니다. 
400 행: tblBloodPaper의 BackColorStyle 속성 이름이 잘못되었습니다. 
401 행: tblBloodPaper의 ButtonDrawMode 속성 이름이 잘못되었습니다. 
402 행: tblBloodPaper의 DisplayRowHeaders 속성 이름이 잘못되었습니다. 
403 행: tblBloodPaper의 EditModeReplace 속성 이름이 잘못되었습니다. 
413 행: tblBloodPaper의 GrayAreaBackColor 속성 이름이 잘못되었습니다. 
414 행: tblBloodPaper의 GridShowVert 속성 이름이 잘못되었습니다. 
415 행: tblBloodPaper의 MaxCols 속성 이름이 잘못되었습니다. 
416 행: tblBloodPaper의 MaxRows 속성 이름이 잘못되었습니다. 
417 행: tblBloodPaper의 OperationMode 속성 이름이 잘못되었습니다. 
418 행: tblBloodPaper의 ScrollBars 속성 이름이 잘못되었습니다. 
419 행: tblBloodPaper의 SelectBlockOptions 속성 이름이 잘못되었습니다. 
420 행: tblBloodPaper의 ShadowColor 속성 이름이 잘못되었습니다. 
421 행: tblBloodPaper의 ShadowDark 속성 이름이 잘못되었습니다. 
422 행: tblBloodPaper의 ShadowText 속성 이름이 잘못되었습니다. 
423 행: tblBloodPaper의 SpreadDesigner 속성 이름이 잘못되었습니다. 
