 
  !000a02 02HSHC  1212020304091              4 0101             FF01.000  66
  !001c                                                                                              D5
  !002d                                                                            97
  !003fTSH      0.664mIU/L       008D
  !004fFT4       12.5pmol/L      00E2
  !005fTT3       1.93nmol/L      00F3
  !006fTT4       84.8nmol/L      00FC
  !007fFerr      73.6ng/mL       0038
  !008fPSA      0.338ng/mL       00BC
  !009fAFP       1.68IU/mL       006A
  !010fCA199      0.0U/ml        004A
  !011fCEA       1.42ng/mL       0084
  !012faHCV      0.09            Q0E4
  !013gT3/T4    0.023            07D
  !014h  02C0
  
  !000a02  03HSHC  1218420304092              4 0201             FF01.000  73
  !001c                                                                                              D5
  !002d                                                                            97
  !003fTSH       1.80mIU/L       0076
  !004fFT4       11.8pmol/L      00E4
  !005fTT3       2.37nmol/L      00F2
  !006fTT4       81.5nmol/L      00F6
  !007fFerr       324ng/mL       0023
  !008fPSA      0.967ng/mL       00C4
  !009fAFP       1.68IU/mL       006A
  !010fCA199      0.7U/ml        0051
  !011fCEA       0.59ng/mL       008B
  !012faHCV      0.14            Q0E0
  !013gT3/T4    0.029            083
  !014h  03C1
  
  !000a02  04HSHC  1225220304093              4 0301             FF01.000  72
  !001c                                                                                              D5
  !002d                                                                            97
  !003fTSH       1.42mIU/L       0074
  !004fFT4       10.7pmol/L      00E2
  !005fTT3       2.20nmol/L      00EA
  !006fTT4       75.3nmol/L      00F7
  !007fFerr       118ng/mL       0024
  !008fPSA      0.623ng/mL       00B9
  !009fAFP       1.08IU/mL       0064
  !010fCA199      2.7U/ml        0053
  !011fCEA       1.06ng/mL       0084
  !012faHCV      0.08            Q0E3
  !013gT3/T4    0.029            083
  !014h  04C2
  
  !000a02  05HSHC  1252420304094              4 0401             FF01.000  77
  !001c                                                                                              D5
  !002d                                                                            97
  !003fTSH       1.54mIU/L       0077
  !004fFT4       12.4pmol/L      00E1
  !005fTT3       2.07nmol/L      00EF
  !006fTT4       91.3nmol/L      00F5
  !007fFerr      73.8ng/mL       003A
  !008fPSA      0.746ng/mL       00BF
  !009fAFP       2.53IU/mL       0065
  !010fCA199      2.9U/ml        0055
  !011fCEA       0.25ng/mL       0084
  !012faHCV      0.13            Q0DF
  !013gT3/T4    0.023            07D
  !014h  05C3
  

