207 행: vasOrder 컨트롤의 FPSpread.vaSpread 클래스는 로드한 컨트롤 클래스가 아닙니다.
341 행: monvCal 컨트롤의 MSComCtl2.MonthView 클래스는 로드한 컨트롤 클래스가 아닙니다.
365 행: vasList 컨트롤의 FPSpread.vaSpread 클래스는 로드한 컨트롤 클래스가 아닙니다.
474 행: SSPanel4 컨트롤의 Threed.SSPanel 클래스는 로드한 컨트롤 클래스가 아닙니다.
496 행: SSPanel5 컨트롤의 Threed.SSPanel 클래스는 로드한 컨트롤 클래스가 아닙니다.
519 행: SSPanel1 컨트롤의 Threed.SSPanel 클래스는 로드한 컨트롤 클래스가 아닙니다.
586 행: SSPanel2 컨트롤의 Threed.SSPanel 클래스는 로드한 컨트롤 클래스가 아닙니다.
846 행: vasPrint 컨트롤의 FPSpread.vaSpread 클래스는 로드한 컨트롤 클래스가 아닙니다.
876 행: vasCode 컨트롤의 FPSpread.vaSpread 클래스는 로드한 컨트롤 클래스가 아닙니다.
213 행: vasOrder의 _Version 속성 이름이 잘못되었습니다. 
214 행: vasOrder의 _ExtentX 속성 이름이 잘못되었습니다. 
215 행: vasOrder의 _ExtentY 속성 이름이 잘못되었습니다. 
216 행: vasOrder의 _StockProps 속성 이름이 잘못되었습니다. 
217 행: vasOrder의 ColHeaderDisplay 속성 이름이 잘못되었습니다. 
227 행: vasOrder의 MaxCols 속성 이름이 잘못되었습니다. 
228 행: vasOrder의 MaxRows 속성 이름이 잘못되었습니다. 
229 행: vasOrder의 ScrollBars 속성 이름이 잘못되었습니다. 
230 행: vasOrder의 SpreadDesigner 속성 이름이 잘못되었습니다. 
348 행: monvCal의 _ExtentX 속성 이름이 잘못되었습니다. 
349 행: monvCal의 _ExtentY 속성 이름이 잘못되었습니다. 
350 행: monvCal의 _Version 속성 이름이 잘못되었습니다. 
354 행: monvCal의 StartOfWeek 속성 이름이 잘못되었습니다. 
355 행: monvCal의 CurrentDate 속성 이름이 잘못되었습니다. 
371 행: vasList의 _Version 속성 이름이 잘못되었습니다. 
372 행: vasList의 _ExtentX 속성 이름이 잘못되었습니다. 
373 행: vasList의 _ExtentY 속성 이름이 잘못되었습니다. 
374 행: vasList의 _StockProps 속성 이름이 잘못되었습니다. 
375 행: vasList의 ColHeaderDisplay 속성 이름이 잘못되었습니다. 
385 행: vasList의 GrayAreaBackColor 속성 이름이 잘못되었습니다. 
386 행: vasList의 MaxCols 속성 이름이 잘못되었습니다. 
387 행: vasList의 MaxRows 속성 이름이 잘못되었습니다. 
388 행: vasList의 RetainSelBlock 속성 이름이 잘못되었습니다. 
389 행: vasList의 ScrollBars 속성 이름이 잘못되었습니다. 
390 행: vasList의 ShadowColor 속성 이름이 잘못되었습니다. 
391 행: vasList의 ShadowDark 속성 이름이 잘못되었습니다. 
392 행: vasList의 SpreadDesigner 속성 이름이 잘못되었습니다. 
480 행: SSPanel4의 _Version 속성 이름이 잘못되었습니다. 
481 행: SSPanel4의 _ExtentX 속성 이름이 잘못되었습니다. 
482 행: SSPanel4의 _ExtentY 속성 이름이 잘못되었습니다. 
483 행: SSPanel4의 _StockProps 속성 이름이 잘못되었습니다. 
484 행: SSPanel4의 Caption 속성 이름이 잘못되었습니다. 
502 행: SSPanel5의 _Version 속성 이름이 잘못되었습니다. 
503 행: SSPanel5의 _ExtentX 속성 이름이 잘못되었습니다. 
504 행: SSPanel5의 _ExtentY 속성 이름이 잘못되었습니다. 
505 행: SSPanel5의 _StockProps 속성 이름이 잘못되었습니다. 
506 행: SSPanel5의 Caption 속성 이름이 잘못되었습니다. 
526 행: SSPanel1의 _Version 속성 이름이 잘못되었습니다. 
527 행: SSPanel1의 _ExtentX 속성 이름이 잘못되었습니다. 
528 행: SSPanel1의 _ExtentY 속성 이름이 잘못되었습니다. 
529 행: SSPanel1의 _StockProps 속성 이름이 잘못되었습니다. 
540 행: SSPanel1의 BevelInner 속성 이름이 잘못되었습니다. 
592 행: SSPanel2의 _Version 속성 이름이 잘못되었습니다. 
593 행: SSPanel2의 _ExtentX 속성 이름이 잘못되었습니다. 
594 행: SSPanel2의 _ExtentY 속성 이름이 잘못되었습니다. 
595 행: SSPanel2의 _StockProps 속성 이름이 잘못되었습니다. 
606 행: SSPanel2의 BevelInner 속성 이름이 잘못되었습니다. 
853 행: vasPrint의 _Version 속성 이름이 잘못되었습니다. 
854 행: vasPrint의 _ExtentX 속성 이름이 잘못되었습니다. 
855 행: vasPrint의 _ExtentY 속성 이름이 잘못되었습니다. 
856 행: vasPrint의 _StockProps 속성 이름이 잘못되었습니다. 
857 행: vasPrint의 ColHeaderDisplay 속성 이름이 잘못되었습니다. 
867 행: vasPrint의 GrayAreaBackColor 속성 이름이 잘못되었습니다. 
868 행: vasPrint의 MaxCols 속성 이름이 잘못되었습니다. 
869 행: vasPrint의 MaxRows 속성 이름이 잘못되었습니다. 
870 행: vasPrint의 RetainSelBlock 속성 이름이 잘못되었습니다. 
871 행: vasPrint의 ScrollBars 속성 이름이 잘못되었습니다. 
872 행: vasPrint의 ShadowColor 속성 이름이 잘못되었습니다. 
873 행: vasPrint의 ShadowDark 속성 이름이 잘못되었습니다. 
874 행: vasPrint의 SpreadDesigner 속성 이름이 잘못되었습니다. 
883 행: vasCode의 _Version 속성 이름이 잘못되었습니다. 
884 행: vasCode의 _ExtentX 속성 이름이 잘못되었습니다. 
885 행: vasCode의 _ExtentY 속성 이름이 잘못되었습니다. 
886 행: vasCode의 _StockProps 속성 이름이 잘못되었습니다. 
896 행: vasCode의 SpreadDesigner 속성 이름이 잘못되었습니다. 
