        Procedure : frmInterface - Private Sub cmdRun()

     Error Source : MSComm

     Error Number : 8015

Error Description : Could not set comm state, there may be one or more invalid communications parameters.

             Date : 2011년 11월 24일 월요일

             Time : 오전 9:33:55
━━━━━━━━━━━━━━━━━━━━━━━━━━━━━━━━━━━━━━━━
        Procedure : frmInterface - Private Sub cmdRun()

     Error Source : MSComm

     Error Number : 8015

Error Description : Could not set comm state, there may be one or more invalid communications parameters.

             Date : 2011년 11월 24일 월요일

             Time : 오전 9:34:11
━━━━━━━━━━━━━━━━━━━━━━━━━━━━━━━━━━━━━━━━
        Procedure : frmInterface - Private Sub cmdRun()

     Error Source : MSComm

     Error Number : 8015

Error Description : Could not set comm state, there may be one or more invalid communications parameters.

             Date : 2011년 11월 24일 월요일

             Time : 오전 9:34:29
━━━━━━━━━━━━━━━━━━━━━━━━━━━━━━━━━━━━━━━━
        Procedure : frmInterface - Private Sub cmdRun()

     Error Source : MSComm

     Error Number : 8002

Error Description : Invalid port number

             Date : 2011년 11월 24일 월요일

             Time : 오전 11:25:46
━━━━━━━━━━━━━━━━━━━━━━━━━━━━━━━━━━━━━━━━
        Procedure : frmInterface - Private Sub cmdRun()

     Error Source : MSComm

     Error Number : 8002

Error Description : Invalid port number

             Date : 2011년 11월 24일 월요일

             Time : 오전 11:28:10
━━━━━━━━━━━━━━━━━━━━━━━━━━━━━━━━━━━━━━━━
        Procedure : frmInterface - Private Sub cmdRun()

     Error Source : MSComm

     Error Number : 8002

Error Description : Invalid port number

             Date : 2011년 11월 24일 월요일

             Time : 오후 2:57:58
━━━━━━━━━━━━━━━━━━━━━━━━━━━━━━━━━━━━━━━━
        Procedure : frmInterface - Private Sub cmdRun()

     Error Source : MSComm

     Error Number : 8002

Error Description : Invalid port number

             Date : 2011년 11월 24일 월요일

             Time : 오후 2:58:05
━━━━━━━━━━━━━━━━━━━━━━━━━━━━━━━━━━━━━━━━
        Procedure : frmInterface - Private Sub cmdRun()

     Error Source : MSComm

     Error Number : 8002

Error Description : Invalid port number

             Date : 2011년 11월 24일 월요일

             Time : 오후 2:58:56
━━━━━━━━━━━━━━━━━━━━━━━━━━━━━━━━━━━━━━━━
