130 행: cmdWordQuery 컨트롤을 로드할 수 없습니다.
152 행: cmdRequist 컨트롤을 로드할 수 없습니다.
175 행: pnlCom2 컨트롤을 로드할 수 없습니다.
207 행: cmdChksum 컨트롤을 로드할 수 없습니다.
229 행: cmdCOMOutput2 컨트롤을 로드할 수 없습니다.
251 행: cmdCOMClear2 컨트롤을 로드할 수 없습니다.
274 행: cmdCOMInput2 컨트롤을 로드할 수 없습니다.
296 행: cmdCOMLoad 컨트롤을 로드할 수 없습니다.
319 행: cmdACK 컨트롤을 로드할 수 없습니다.
341 행: cmdENQ 컨트롤을 로드할 수 없습니다.
730 행: cmdLocal 컨트롤을 로드할 수 없습니다.
843 행: cmdPrevious 컨트롤을 로드할 수 없습니다.
868 행: cmdNext 컨트롤을 로드할 수 없습니다.
894 행: cmdPosNo 컨트롤을 로드할 수 없습니다.
916 행: cmdOrder 컨트롤을 로드할 수 없습니다.
986 행: cmdExcel 컨트롤을 로드할 수 없습니다.
1007 행: cmdWorkList 컨트롤을 로드할 수 없습니다.
1256 행: cmdRstQuery 컨트롤을 로드할 수 없습니다.
1296 행: cmdAppend 컨트롤을 로드할 수 없습니다.
1341 행: cmdSearch 컨트롤을 로드할 수 없습니다.
1362 행: cmdEot 컨트롤을 로드할 수 없습니다.
1384 행: cmdStartNo 컨트롤을 로드할 수 없습니다.
1406 행: cmdRackNo 컨트롤을 로드할 수 없습니다.
1448 행: cmdPrint 컨트롤을 로드할 수 없습니다.
1477 행: pnlCom 컨트롤을 로드할 수 없습니다.
1523 행: cmdCOMSave 컨트롤을 로드할 수 없습니다.
1546 행: cmdCOMOutput 컨트롤을 로드할 수 없습니다.
1568 행: cmdCOMClear 컨트롤을 로드할 수 없습니다.
1591 행: cmdCOMInput 컨트롤을 로드할 수 없습니다.
2019 행: cmdAction 컨트롤을 로드할 수 없습니다.
2159 행: CaptionBar1 컨트롤을 로드할 수 없습니다.
