

***********************************************************************
Fatal NI connect error 12203, connecting to:
 (DESCRIPTION=(ADDRESS_LIST=(ADDRESS=(PROTOCOL=BEQ)(PROGRAM=oracle80)(ARGV0=oracle80ORCL)(ARGS='(DESCRIPTION=(LOCAL=YES)(ADDRESS=(PROTOCOL=beq)))')))(CONNECT_DATA=(SID=ORCL)(CID=(PROGRAM=D:\Program Files\Microsoft Visual Studio\VB98\vb6.exe)(HOST=OHSEWON)(USER=Administrator))))

  VERSION INFORMATION:
	TNS for 32-bit Windows: Version 8.0.5.0.0 - Production
	Oracle Bequeath NT Protocol Adapter for 32-bit Windows: Version 8.0.5.0.0 - Production
  Time: 05-NOV-03 09:31:27
  Tracing not turned on.
  Tns error struct:
    nr err code: 12203
    TNS-12203: TNS:수신지에 연결할 수 없습니다
    ns main err code: 12560
    TNS-12560: TNS:프로토콜 어댑터 오류
    ns secondary err code: 0
    nt main err code: 530
    TNS-00530: 프로토콜 어댑터 오류입니다
    nt secondary err code: 0
    nt OS err code: 0


***********************************************************************
Fatal NI connect error 12203, connecting to:
 (DESCRIPTION=(ADDRESS_LIST=(ADDRESS=(PROTOCOL=BEQ)(PROGRAM=oracle80)(ARGV0=oracle80ORCL)(ARGS='(DESCRIPTION=(LOCAL=YES)(ADDRESS=(PROTOCOL=beq)))')))(CONNECT_DATA=(SID=ORCL)(CID=(PROGRAM=D:\Program Files\Microsoft Visual Studio\VB98\vb6.exe)(HOST=OHSEWON)(USER=Administrator))))

  VERSION INFORMATION:
	TNS for 32-bit Windows: Version 8.0.5.0.0 - Production
	Oracle Bequeath NT Protocol Adapter for 32-bit Windows: Version 8.0.5.0.0 - Production
  Time: 05-NOV-03 10:53:03
  Tracing not turned on.
  Tns error struct:
    nr err code: 12203
    TNS-12203: TNS:수신지에 연결할 수 없습니다
    ns main err code: 12560
    TNS-12560: TNS:프로토콜 어댑터 오류
    ns secondary err code: 0
    nt main err code: 530
    TNS-00530: 프로토콜 어댑터 오류입니다
    nt secondary err code: 0
    nt OS err code: 0


***********************************************************************
Fatal NI connect error 12203, connecting to:
 (DESCRIPTION=(ADDRESS_LIST=(ADDRESS=(PROTOCOL=BEQ)(PROGRAM=oracle80)(ARGV0=oracle80ORCL)(ARGS='(DESCRIPTION=(LOCAL=YES)(ADDRESS=(PROTOCOL=beq)))')))(CONNECT_DATA=(SID=ORCL)(CID=(PROGRAM=D:\Program Files\Microsoft Visual Studio\VB98\vb6.exe)(HOST=OHSEWON)(USER=Administrator))))

  VERSION INFORMATION:
	TNS for 32-bit Windows: Version 8.0.5.0.0 - Production
	Oracle Bequeath NT Protocol Adapter for 32-bit Windows: Version 8.0.5.0.0 - Production
  Time: 05-NOV-03 10:53:55
  Tracing not turned on.
  Tns error struct:
    nr err code: 12203
    TNS-12203: TNS:수신지에 연결할 수 없습니다
    ns main err code: 12560
    TNS-12560: TNS:프로토콜 어댑터 오류
    ns secondary err code: 0
    nt main err code: 530
    TNS-00530: 프로토콜 어댑터 오류입니다
    nt secondary err code: 0
    nt OS err code: 0


***********************************************************************
Fatal NI connect error 12203, connecting to:
 (DESCRIPTION=(ADDRESS_LIST=(ADDRESS=(PROTOCOL=BEQ)(PROGRAM=oracle80)(ARGV0=oracle80ORCL)(ARGS='(DESCRIPTION=(LOCAL=YES)(ADDRESS=(PROTOCOL=beq)))')))(CONNECT_DATA=(SID=ORCL)(CID=(PROGRAM=D:\Program Files\Microsoft Visual Studio\VB98\vb6.exe)(HOST=OHSEWON)(USER=Administrator))))

  VERSION INFORMATION:
	TNS for 32-bit Windows: Version 8.0.5.0.0 - Production
	Oracle Bequeath NT Protocol Adapter for 32-bit Windows: Version 8.0.5.0.0 - Production
  Time: 05-NOV-03 10:55:04
  Tracing not turned on.
  Tns error struct:
    nr err code: 12203
    TNS-12203: TNS:수신지에 연결할 수 없습니다
    ns main err code: 12560
    TNS-12560: TNS:프로토콜 어댑터 오류
    ns secondary err code: 0
    nt main err code: 530
    TNS-00530: 프로토콜 어댑터 오류입니다
    nt secondary err code: 0
    nt OS err code: 0


***********************************************************************
Fatal NI connect error 12203, connecting to:
 (DESCRIPTION=(ADDRESS_LIST=(ADDRESS=(PROTOCOL=BEQ)(PROGRAM=oracle80)(ARGV0=oracle80ORCL)(ARGS='(DESCRIPTION=(LOCAL=YES)(ADDRESS=(PROTOCOL=beq)))')))(CONNECT_DATA=(SID=ORCL)(CID=(PROGRAM=C:\Program Files\Microsoft Visual Studio\VB98\vb6.exe)(HOST=MAJESTIC)(USER=dev))))

  VERSION INFORMATION:
	TNS for 32-bit Windows: Version 8.0.5.0.0 - Production
	Oracle Bequeath NT Protocol Adapter for 32-bit Windows: Version 8.0.5.0.0 - Production
  Time: 25-APR-04 22:29:34
  Tracing not turned on.
  Tns error struct:
    nr err code: 12203
    TNS-12203: TNS:수신지에 연결할 수 없습니다
    ns main err code: 12560
    TNS-12560: TNS:프로토콜 어댑터 오류
    ns secondary err code: 0
    nt main err code: 530
    TNS-00530: 프로토콜 어댑터 오류입니다
    nt secondary err code: 0
    nt OS err code: 0
