오전 9:45:02 [Use Proc => PG_SRL.SLP91_S03 ]<Table><QID><![CDATA[PG_SRL.SLP91_S03]]></QID><QTYPE><![CDATA[Package]]></QTYPE><USERID><![CDATA[SUADEV]]></USERID><EXECTYPE><![CDATA[FILL]]></EXECTYPE><TABLENAME><![CDATA[]]></TABLENAME><P0><![CDATA[10011400013]]></P0><P1><![CDATA[]]></P1></Table>
오전 9:45:02 [Return Proc => PG_SRL.SLP91_S03 ]<?xml version='1.0' encoding='euc-kr'?>
<NewDataSet>
	<Table0>
		<TST_CD><![CDATA[L8005]]></TST_CD>
		<TST_NM><![CDATA[Routine]]></TST_NM>
		<TST_FRCT_CD><![CDATA[L80]]></TST_FRCT_CD>
		<ACPTNO_1><![CDATA[3001]]></ACPTNO_1>
		<PT_NO><![CDATA[31320289]]></PT_NO>
		<PT_NM><![CDATA[박경숙]]></PT_NM>
		<SEX><![CDATA[F]]></SEX>
		<SPC_CD_1><![CDATA[1RUR]]></SPC_CD_1>
		<ORD_SITE><![CDATA[SVIC]]></ORD_SITE>
		<TST_CLS><![CDATA[P]]></TST_CLS>
		<RERUN><![CDATA[N]]></RERUN>
		<TST_FRCT_CD1><![CDATA[L80]]></TST_FRCT_CD1>
		<HSP_CLS><![CDATA[8]]></HSP_CLS>
		<ACPT_DTETM><![CDATA[2010-01-14 16:43:43]]></ACPT_DTETM>
		<AGE><![CDATA[52]]></AGE>
	</Table0>
	<Table0>
		<TST_CD><![CDATA[L8018]]></TST_CD>
		<TST_NM><![CDATA[UA/MICRO]]></TST_NM>
		<TST_FRCT_CD><![CDATA[L80]]></TST_FRCT_CD>
		<ACPTNO_1><![CDATA[3001]]></ACPTNO_1>
		<PT_NO><![CDATA[31320289]]></PT_NO>
		<PT_NM><![CDATA[박경숙]]></PT_NM>
		<SEX><![CDATA[F]]></SEX>
		<SPC_CD_1><![CDATA[1RUR]]></SPC_CD_1>
		<ORD_SITE><![CDATA[SVIC]]></ORD_SITE>
		<TST_CLS><![CDATA[P]]></TST_CLS>
		<RERUN><![CDATA[N]]></RERUN>
		<TST_FRCT_CD1><![CDATA[L80]]></TST_FRCT_CD1>
		<HSP_CLS><![CDATA[8]]></HSP_CLS>
		<ACPT_DTETM><![CDATA[2010-01-14 16:43:43]]></ACPT_DTETM>
		<AGE><![CDATA[52]]></AGE>
	</Table0>
</NewDataSet>

오전 9:47:46 [Use Proc => PG_SRL.SLP91_S03 ]<Table><QID><![CDATA[PG_SRL.SLP91_S03]]></QID><QTYPE><![CDATA[Package]]></QTYPE><USERID><![CDATA[SUADEV]]></USERID><EXECTYPE><![CDATA[FILL]]></EXECTYPE><TABLENAME><![CDATA[]]></TABLENAME><P0><![CDATA[10011400013]]></P0><P1><![CDATA[]]></P1></Table>
오전 9:47:46 [Return Proc => PG_SRL.SLP91_S03 ]<?xml version='1.0' encoding='euc-kr'?>
<NewDataSet>
	<Table0>
		<TST_CD><![CDATA[L8005]]></TST_CD>
		<TST_NM><![CDATA[Routine]]></TST_NM>
		<TST_FRCT_CD><![CDATA[L80]]></TST_FRCT_CD>
		<ACPTNO_1><![CDATA[3001]]></ACPTNO_1>
		<PT_NO><![CDATA[31320289]]></PT_NO>
		<PT_NM><![CDATA[박경숙]]></PT_NM>
		<SEX><![CDATA[F]]></SEX>
		<SPC_CD_1><![CDATA[1RUR]]></SPC_CD_1>
		<ORD_SITE><![CDATA[SVIC]]></ORD_SITE>
		<TST_CLS><![CDATA[P]]></TST_CLS>
		<RERUN><![CDATA[N]]></RERUN>
		<TST_FRCT_CD1><![CDATA[L80]]></TST_FRCT_CD1>
		<HSP_CLS><![CDATA[8]]></HSP_CLS>
		<ACPT_DTETM><![CDATA[2010-01-14 16:43:43]]></ACPT_DTETM>
		<AGE><![CDATA[52]]></AGE>
	</Table0>
	<Table0>
		<TST_CD><![CDATA[L8018]]></TST_CD>
		<TST_NM><![CDATA[UA/MICRO]]></TST_NM>
		<TST_FRCT_CD><![CDATA[L80]]></TST_FRCT_CD>
		<ACPTNO_1><![CDATA[3001]]></ACPTNO_1>
		<PT_NO><![CDATA[31320289]]></PT_NO>
		<PT_NM><![CDATA[박경숙]]></PT_NM>
		<SEX><![CDATA[F]]></SEX>
		<SPC_CD_1><![CDATA[1RUR]]></SPC_CD_1>
		<ORD_SITE><![CDATA[SVIC]]></ORD_SITE>
		<TST_CLS><![CDATA[P]]></TST_CLS>
		<RERUN><![CDATA[N]]></RERUN>
		<TST_FRCT_CD1><![CDATA[L80]]></TST_FRCT_CD1>
		<HSP_CLS><![CDATA[8]]></HSP_CLS>
		<ACPT_DTETM><![CDATA[2010-01-14 16:43:43]]></ACPT_DTETM>
		<AGE><![CDATA[52]]></AGE>
	</Table0>
</NewDataSet>

오전 9:48:54 [Use Proc => PG_SRL.SLP91_S03 ]<Table><QID><![CDATA[PG_SRL.SLP91_S03]]></QID><QTYPE><![CDATA[Package]]></QTYPE><USERID><![CDATA[SUADEV]]></USERID><EXECTYPE><![CDATA[FILL]]></EXECTYPE><TABLENAME><![CDATA[]]></TABLENAME><P0><![CDATA[10011400013]]></P0><P1><![CDATA[]]></P1></Table>
오전 9:48:54 [Return Proc => PG_SRL.SLP91_S03 ]<?xml version='1.0' encoding='euc-kr'?>
<NewDataSet>
	<Table0>
		<TST_CD><![CDATA[L8005]]></TST_CD>
		<TST_NM><![CDATA[Routine]]></TST_NM>
		<TST_FRCT_CD><![CDATA[L80]]></TST_FRCT_CD>
		<ACPTNO_1><![CDATA[3001]]></ACPTNO_1>
		<PT_NO><![CDATA[31320289]]></PT_NO>
		<PT_NM><![CDATA[박경숙]]></PT_NM>
		<SEX><![CDATA[F]]></SEX>
		<SPC_CD_1><![CDATA[1RUR]]></SPC_CD_1>
		<ORD_SITE><![CDATA[SVIC]]></ORD_SITE>
		<TST_CLS><![CDATA[P]]></TST_CLS>
		<RERUN><![CDATA[N]]></RERUN>
		<TST_FRCT_CD1><![CDATA[L80]]></TST_FRCT_CD1>
		<HSP_CLS><![CDATA[8]]></HSP_CLS>
		<ACPT_DTETM><![CDATA[2010-01-14 16:43:43]]></ACPT_DTETM>
		<AGE><![CDATA[52]]></AGE>
	</Table0>
	<Table0>
		<TST_CD><![CDATA[L8018]]></TST_CD>
		<TST_NM><![CDATA[UA/MICRO]]></TST_NM>
		<TST_FRCT_CD><![CDATA[L80]]></TST_FRCT_CD>
		<ACPTNO_1><![CDATA[3001]]></ACPTNO_1>
		<PT_NO><![CDATA[31320289]]></PT_NO>
		<PT_NM><![CDATA[박경숙]]></PT_NM>
		<SEX><![CDATA[F]]></SEX>
		<SPC_CD_1><![CDATA[1RUR]]></SPC_CD_1>
		<ORD_SITE><![CDATA[SVIC]]></ORD_SITE>
		<TST_CLS><![CDATA[P]]></TST_CLS>
		<RERUN><![CDATA[N]]></RERUN>
		<TST_FRCT_CD1><![CDATA[L80]]></TST_FRCT_CD1>
		<HSP_CLS><![CDATA[8]]></HSP_CLS>
		<ACPT_DTETM><![CDATA[2010-01-14 16:43:43]]></ACPT_DTETM>
		<AGE><![CDATA[52]]></AGE>
	</Table0>
</NewDataSet>

오전 9:53:48 [Save Result]<NewDataSet><Table><QID><![CDATA[PG_SRL.SLP91_P03]]></QID><QTYPE><![CDATA[Package]]></QTYPE><USERID><![CDATA[SUADEV]]></USERID><EXECTYPE><![CDATA[FILL]]></EXECTYPE><TABLENAME><![CDATA[]]></TABLENAME><P0><![CDATA[10011400013]]></P0><P1><![CDATA[L8007]]></P1><P2><![CDATA[1.025]]></P2><P3><![CDATA[]]></P3><P4><![CDATA[Clinitek]]></P4><P5><![CDATA[]]></P5><P6><![CDATA[]]></P6><P7><![CDATA[]]></P7><P8><![CDATA[]]></P8><P9><![CDATA[]]></P9></Table><Table><QID><![CDATA[PG_SRL.SLP91_P03]]></QID><QTYPE><![CDATA[Package]]></QTYPE><USERID><![CDATA[SUADEV]]></USERID><EXECTYPE><![CDATA[FILL]]></EXECTYPE><TABLENAME><![CDATA[]]></TABLENAME><P0><![CDATA[10011400013]]></P0><P1><![CDATA[L8008]]></P1><P2><![CDATA[6.0]]></P2><P3><![CDATA[]]></P3><P4><![CDATA[Clinitek]]></P4><P5><![CDATA[]]></P5><P6><![CDATA[]]></P6><P7><![CDATA[]]></P7><P8><![CDATA[]]></P8><P9><![CDATA[]]></P9></Table><Table><QID><![CDATA[PG_SRL.SLP91_P03]]></QID><QTYPE><![CDATA[Package]]></QTYPE><USERID><![CDATA[SUADEV]]></USERID><EXECTYPE><![CDATA[FILL]]></EXECTYPE><TABLENAME><![CDATA[]]></TABLENAME><P0><![CDATA[10011400013]]></P0><P1><![CDATA[L8009]]></P1><P2><![CDATA[+/-]]></P2><P3><![CDATA[]]></P3><P4><![CDATA[Clinitek]]></P4><P5><![CDATA[]]></P5><P6><![CDATA[]]></P6><P7><![CDATA[]]></P7><P8><![CDATA[]]></P8><P9><![CDATA[]]></P9></Table><Table><QID><![CDATA[PG_SRL.SLP91_P03]]></QID><QTYPE><![CDATA[Package]]></QTYPE><USERID><![CDATA[SUADEV]]></USERID><EXECTYPE><![CDATA[FILL]]></EXECTYPE><TABLENAME><![CDATA[]]></TABLENAME><P0><![CDATA[10011400013]]></P0><P1><![CDATA[L8010]]></P1><P2><![CDATA[-]]></P2><P3><![CDATA[]]></P3><P4><![CDATA[Clinitek]]></P4><P5><![CDATA[]]></P5><P6><![CDATA[]]></P6><P7><![CDATA[]]></P7><P8><![CDATA[]]></P8><P9><![CDATA[]]></P9></Table><Table><QID><![CDATA[PG_SRL.SLP91_P03]]></QID><QTYPE><![CDATA[Package]]></QTYPE><USERID><![CDATA[SUADEV]]></USERID><EXECTYPE><![CDATA[FILL]]></EXECTYPE><TABLENAME><![CDATA[]]></TABLENAME><P0><![CDATA[10011400013]]></P0><P1><![CDATA[L8011]]></P1><P2><![CDATA[-]]></P2><P3><![CDATA[]]></P3><P4><![CDATA[Clinitek]]></P4><P5><![CDATA[]]></P5><P6><![CDATA[]]></P6><P7><![CDATA[]]></P7><P8><![CDATA[]]></P8><P9><![CDATA[]]></P9></Table><Table><QID><![CDATA[PG_SRL.SLP91_P03]]></QID><QTYPE><![CDATA[Package]]></QTYPE><USERID><![CDATA[SUADEV]]></USERID><EXECTYPE><![CDATA[FILL]]></EXECTYPE><TABLENAME><![CDATA[]]></TABLENAME><P0><![CDATA[10011400013]]></P0><P1><![CDATA[L8012]]></P1><P2><![CDATA[-]]></P2><P3><![CDATA[]]></P3><P4><![CDATA[Clinitek]]></P4><P5><![CDATA[]]></P5><P6><![CDATA[]]></P6><P7><![CDATA[]]></P7><P8><![CDATA[]]></P8><P9><![CDATA[]]></P9></Table><Table><QID><![CDATA[PG_SRL.SLP91_P03]]></QID><QTYPE><![CDATA[Package]]></QTYPE><USERID><![CDATA[SUADEV]]></USERID><EXECTYPE><![CDATA[FILL]]></EXECTYPE><TABLENAME><![CDATA[]]></TABLENAME><P0><![CDATA[10011400013]]></P0><P1><![CDATA[L8013]]></P1><P2><![CDATA[-]]></P2><P3><![CDATA[]]></P3><P4><![CDATA[Clinitek]]></P4><P5><![CDATA[]]></P5><P6><![CDATA[]]></P6><P7><![CDATA[]]></P7><P8><![CDATA[]]></P8><P9><![CDATA[]]></P9></Table><Table><QID><![CDATA[PG_SRL.SLP91_P03]]></QID><QTYPE><![CDATA[Package]]></QTYPE><USERID><![CDATA[SUADEV]]></USERID><EXECTYPE><![CDATA[FILL]]></EXECTYPE><TABLENAME><![CDATA[]]></TABLENAME><P0><![CDATA[10011400013]]></P0><P1><![CDATA[L8014]]></P1><P2><![CDATA[0.2]]></P2><P3><![CDATA[]]></P3><P4><![CDATA[Clinitek]]></P4><P5><![CDATA[]]></P5><P6><![CDATA[]]></P6><P7><![CDATA[]]></P7><P8><![CDATA[]]></P8><P9><![CDATA[]]></P9></Table><Table><QID><![CDATA[PG_SRL.SLP91_P03]]></QID><QTYPE><![CDATA[Package]]></QTYPE><USERID><![CDATA[SUADEV]]></USERID><EXECTYPE><![CDATA[FILL]]></EXECTYPE><TABLENAME><![CDATA[]]></TABLENAME><P0><![CDATA[10011400013]]></P0><P1><![CDATA[L8015]]></P1><P2><![CDATA[-]]></P2><P3><![CDATA[]]></P3><P4><![CDATA[Clinitek]]></P4><P5><![CDATA[]]></P5><P6><![CDATA[]]></P6><P7><![CDATA[]]></P7><P8><![CDATA[]]></P8><P9><![CDATA[]]></P9></Table><Table><QID><![CDATA[PG_SRL.SLP91_P03]]></QID><QTYPE><![CDATA[Package]]></QTYPE><USERID><![CDATA[SUADEV]]></USERID><EXECTYPE><![CDATA[FILL]]></EXECTYPE><TABLENAME><![CDATA[]]></TABLENAME><P0><![CDATA[10011400013]]></P0><P1><![CDATA[L8017]]></P1><P2><![CDATA[-]]></P2><P3><![CDATA[]]></P3><P4><![CDATA[Clinitek]]></P4><P5><![CDATA[]]></P5><P6><![CDATA[]]></P6><P7><![CDATA[]]></P7><P8><![CDATA[]]></P8><P9><![CDATA[]]></P9></Table></NewDataSet>
오전 9:53:51 [Save Result => Return]<?xml version='1.0' encoding='euc-kr'?>
<NewDataSet>
	<Table00>
		<Value><![CDATA[]]></Value>
	</Table00>
	<Table00>
		<Value><![CDATA[]]></Value>
	</Table00>
	<Table10>
		<Value><![CDATA[]]></Value>
	</Table10>
	<Table10>
		<Value><![CDATA[]]></Value>
	</Table10>
	<Table20>
		<Value><![CDATA[]]></Value>
	</Table20>
	<Table20>
		<Value><![CDATA[]]></Value>
	</Table20>
	<Table30>
		<Value><![CDATA[]]></Value>
	</Table30>
	<Table30>
		<Value><![CDATA[]]></Value>
	</Table30>
	<Table40>
		<Value><![CDATA[]]></Value>
	</Table40>
	<Table40>
		<Value><![CDATA[]]></Value>
	</Table40>
	<Table50>
		<Value><![CDATA[]]></Value>
	</Table50>
	<Table50>
		<Value><![CDATA[]]></Value>
	</Table50>
	<Table60>
		<Value><![CDATA[]]></Value>
	</Table60>
	<Table60>
		<Value><![CDATA[]]></Value>
	</Table60>
	<Table70>
		<Value><![CDATA[]]></Value>
	</Table70>
	<Table70>
		<Value><![CDATA[]]></Value>
	</Table70>
	<Table80>
		<Value><![CDATA[]]></Value>
	</Table80>
	<Table80>
		<Value><![CDATA[]]></Value>
	</Table80>
	<Table90>
		<Value><![CDATA[]]></Value>
	</Table90>
	<Table90>
		<Value><![CDATA[]]></Value>
	</Table90>
</NewDataSet>

