        Procedure : frmInterface - Private Sub cmdRun()

     Error Source : MSComm

     Error Number : 8002

Error Description : Invalid port number

             Date : 2011년 12월 6일 월요일

             Time : 오전 10:25:50
━━━━━━━━━━━━━━━━━━━━━━━━━━━━━━━━━━━━━━━━
        Procedure : clsCommon - Public Function f_subSet_WorkList() As ADODB.Recordset

     Error Source : UroMeter720

     Error Number : 424

Error Description : 개체가 필요합니다.

             Date : 2011년 12월 6일 월요일

             Time : 오전 10:37:21
━━━━━━━━━━━━━━━━━━━━━━━━━━━━━━━━━━━━━━━━
        Procedure : clsCommon - Public Function f_subSet_WorkList() As ADODB.Recordset

     Error Source : UroMeter720

     Error Number : 424

Error Description : 개체가 필요합니다.

             Date : 2011년 12월 6일 월요일

             Time : 오전 10:38:33
━━━━━━━━━━━━━━━━━━━━━━━━━━━━━━━━━━━━━━━━
        Procedure : clsCommon - Public Function f_subSet_WorkList() As ADODB.Recordset

     Error Source : UroMeter720

     Error Number : 424

Error Description : 개체가 필요합니다.

             Date : 2011년 12월 6일 월요일

             Time : 오전 10:40:16
━━━━━━━━━━━━━━━━━━━━━━━━━━━━━━━━━━━━━━━━
        Procedure : clsCommon - Public Function f_subSet_RefVal() As ADODB.Recordset

     Error Source : UroMeter720

     Error Number : 91

Error Description : 개체 변수 또는 With 문의 변수가 설정되어 있지 않습니다.

             Date : 2011년 12월 6일 월요일

             Time : 오후 12:38:23
━━━━━━━━━━━━━━━━━━━━━━━━━━━━━━━━━━━━━━━━
        Procedure : clsCommon - Public Function f_subSet_RefVal() As ADODB.Recordset

     Error Source : Microsoft OLE DB Provider for Oracle

     Error Number : -2147467259

Error Description : ORA-01407: NULL로 ("EMR"."LRESULT"."HLFL")을 갱신할 수 없습니다


             Date : 2011년 12월 6일 월요일

             Time : 오후 1:00:43
━━━━━━━━━━━━━━━━━━━━━━━━━━━━━━━━━━━━━━━━
        Procedure : clsCommon - Public Function f_subSet_RefVal() As ADODB.Recordset

     Error Source : Microsoft OLE DB Provider for Oracle

     Error Number : -2147467259

Error Description : ORA-01407: NULL로 ("EMR"."LRESULT"."HLFL")을 갱신할 수 없습니다


             Date : 2011년 12월 6일 월요일

             Time : 오후 1:01:36
━━━━━━━━━━━━━━━━━━━━━━━━━━━━━━━━━━━━━━━━
        Procedure : clsCommon - Public Function f_subSet_RefVal() As ADODB.Recordset

     Error Source : Microsoft OLE DB Provider for Oracle

     Error Number : -2147467259

Error Description : ORA-01407: NULL로 ("EMR"."LRESULT"."HLFL")을 갱신할 수 없습니다


             Date : 2011년 12월 6일 월요일

             Time : 오후 1:01:48
━━━━━━━━━━━━━━━━━━━━━━━━━━━━━━━━━━━━━━━━
        Procedure : clsCommon - Public Function f_subSet_RefVal() As ADODB.Recordset

     Error Source : Microsoft JET Database Engine

     Error Number : -2147217900

Error Description : UPDATE 문의 구문 오류입니다.

             Date : 2011년 12월 6일 월요일

             Time : 오후 1:40:31
━━━━━━━━━━━━━━━━━━━━━━━━━━━━━━━━━━━━━━━━
