        Procedure : clsCommon - Public Function f_subSet_WorkList() As ADODB.Recordset

     Error Source : TBA20FR

     Error Number : 91

Error Description : 偃羹 滲熱 傳朝 With 僥曖 滲熱陛 撲薑腎橫 氈雖 彊蝗棲棻.

             Date : 2007喇 3錯 17橾 錯蹂橾

             Time : 螃瞪 9:45:21
收收收收收收收收收收收收收收收收收收收收收收收收收收收收收收收收收收收收收收收收
        Procedure : clsCommon - Public Function f_subSet_WorkList() As ADODB.Recordset

     Error Source : TBA20FR

     Error Number : 91

Error Description : 偃羹 滲熱 傳朝 With 僥曖 滲熱陛 撲薑腎橫 氈雖 彊蝗棲棻.

             Date : 2007喇 3錯 17橾 錯蹂橾

             Time : 螃瞪 10:31:36
收收收收收收收收收收收收收收收收收收收收收收收收收收收收收收收收收收收收收收收收
        Procedure : clsCommon - Public Function f_subSet_WorkList() As ADODB.Recordset

     Error Source : Microsoft OLE DB Provider for SQL Server

     Error Number : -2147217913

Error Description : 等檜攪 ⑽衝 varchar擊(蒂) numeric(戲)煎 滲納炴 醞 螃盟陛 嫦儅ц蝗棲棻.

             Date : 2007喇 3錯 17橾 錯蹂橾

             Time : 螃瞪 10:33:19
收收收收收收收收收收收收收收收收收收收收收收收收收收收收收收收收收收收收收收收收
        Procedure : clsCommon - Public Function f_subSet_WorkList() As ADODB.Recordset

     Error Source : Microsoft OLE DB Provider for SQL Server

     Error Number : -2147168237

Error Description : 檜 撮暮縑憮朝 お楠燮暮擊 渦 檜鼻 衛濛й 熱 橈蝗棲棻.

             Date : 2007喇 3錯 17橾 錯蹂橾

             Time : 螃瞪 10:34:08
收收收收收收收收收收收收收收收收收收收收收收收收收收收收收收收收收收收收收收收收
        Procedure : clsCommon - Public Function f_subSet_WorkList() As ADODB.Recordset

     Error Source : Microsoft OLE DB Provider for SQL Server

     Error Number : -2147168237

Error Description : 檜 撮暮縑憮朝 お楠燮暮擊 渦 檜鼻 衛濛й 熱 橈蝗棲棻.

             Date : 2007喇 3錯 17橾 錯蹂橾

             Time : 螃瞪 10:35:36
收收收收收收收收收收收收收收收收收收收收收收收收收收收收收收收收收收收收收收收收
        Procedure : clsCommon - Public Function f_subSet_WorkList() As ADODB.Recordset

     Error Source : Microsoft OLE DB Provider for SQL Server

     Error Number : -2147217913

Error Description : 等檜攪 ⑽衝 varchar擊(蒂) numeric(戲)煎 滲納炴 醞 螃盟陛 嫦儅ц蝗棲棻.

             Date : 2007喇 3錯 17橾 錯蹂橾

             Time : 螃瞪 10:39:29
收收收收收收收收收收收收收收收收收收收收收收收收收收收收收收收收收收收收收收收收
        Procedure : clsCommon - Public Function f_subSet_WorkList() As ADODB.Recordset

     Error Source : Microsoft OLE DB Provider for SQL Server

     Error Number : -2147168237

Error Description : 檜 撮暮縑憮朝 お楠燮暮擊 渦 檜鼻 衛濛й 熱 橈蝗棲棻.

             Date : 2007喇 3錯 17橾 錯蹂橾

             Time : 螃瞪 10:41:09
收收收收收收收收收收收收收收收收收收收收收收收收收收收收收收收收收收收收收收收收
        Procedure : frmInterface - Private Sub cmdRun()

     Error Source : MSComm

     Error Number : 8002

Error Description : んお 廓ㄟ 澀跤腎歷蝗棲棻.

             Date : 2007喇 3錯 17橾 錯蹂橾

             Time : 螃 5:35:17
收收收收收收收收收收收收收收收收收收收收收收收收收收收收收收收收收收收收收收收收
        Procedure : frmInterface - Private Sub cmdRun()

     Error Source : MSComm

     Error Number : 8002

Error Description : んお 廓ㄟ 澀跤腎歷蝗棲棻.

             Date : 2007喇 3錯 17橾 錯蹂橾

             Time : 螃 5:38:54
收收收收收收收收收收收收收收收收收收收收收收收收收收收收收收收收收收收收收收收收
        Procedure : frmInterface - Private Sub cmdRun()

     Error Source : MSComm

     Error Number : 8002

Error Description : んお 廓ㄟ 澀跤腎歷蝗棲棻.

             Date : 2007喇 3錯 17橾 錯蹂橾

             Time : 螃 5:39:07
收收收收收收收收收收收收收收收收收收收收收收收收收收收收收收收收收收收收收收收收
        Procedure : frmInterface - Private Sub cmdRun()

     Error Source : MSComm

     Error Number : 8002

Error Description : んお 廓ㄟ 澀跤腎歷蝗棲棻.

             Date : 2007喇 3錯 17橾 錯蹂橾

             Time : 螃 5:41:19
收收收收收收收收收收收收收收收收收收收收收收收收收收收收收收收收收收收收收收收收
        Procedure : frmInterface - Private Sub cmdRun()

     Error Source : MSComm

     Error Number : 8002

Error Description : んお 廓ㄟ 澀跤腎歷蝗棲棻.

             Date : 2007喇 3錯 17橾 錯蹂橾

             Time : 螃 5:41:55
收收收收收收收收收收收收收收收收收收收收收收收收收收收收收收收收收收收收收收收收
        Procedure : frmInterface - Private Sub cmdRun()

     Error Source : MSComm

     Error Number : 8002

Error Description : んお 廓ㄟ 澀跤腎歷蝗棲棻.

             Date : 2007喇 3錯 17橾 錯蹂橾

             Time : 螃 5:43:25
收收收收收收收收收收收收收收收收收收收收收收收收收收收收收收收收收收收收收收收收
        Procedure : frmInterface - Private Sub cmdRun()

     Error Source : MSComm

     Error Number : 8002

Error Description : んお 廓ㄟ 澀跤腎歷蝗棲棻.

             Date : 2007喇 3錯 17橾 錯蹂橾

             Time : 螃 5:43:49
收收收收收收收收收收收收收收收收收收收收收收收收收收收收收收收收收收收收收收收收
        Procedure : frmInterface - Private Sub cmdRun()

     Error Source : MSComm

     Error Number : 8002

Error Description : んお 廓ㄟ 澀跤腎歷蝗棲棻.

             Date : 2007喇 3錯 17橾 錯蹂橾

             Time : 螃 5:44:42
收收收收收收收收收收收收收收收收收收收收收收收收收收收收收收收收收收收收收收收收
        Procedure : frmInterface - Private Sub cmdRun()

     Error Source : MSComm

     Error Number : 8002

Error Description : んお 廓ㄟ 澀跤腎歷蝗棲棻.

             Date : 2007喇 3錯 17橾 錯蹂橾

             Time : 螃 5:45:53
收收收收收收收收收收收收收收收收收收收收收收收收收收收收收收收收收收收收收收收收
        Procedure : frmInterface - Private Sub cmdRun()

     Error Source : MSComm

     Error Number : 8002

Error Description : んお 廓ㄟ 澀跤腎歷蝗棲棻.

             Date : 2007喇 3錯 17橾 錯蹂橾

             Time : 螃 5:46:08
收收收收收收收收收收收收收收收收收收收收收收收收收收收收收收收收收收收收收收收收
        Procedure : frmInterface - Private Sub cmdRun()

     Error Source : MSComm

     Error Number : 8002

Error Description : んお 廓ㄟ 澀跤腎歷蝗棲棻.

             Date : 2007喇 3錯 17橾 錯蹂橾

             Time : 螃 5:46:28
收收收收收收收收收收收收收收收收收收收收收收收收收收收收收收收收收收收收收收收收
        Procedure : frmInterface - Private Sub cmdRun()

     Error Source : MSComm

     Error Number : 8002

Error Description : んお 廓ㄟ 澀跤腎歷蝗棲棻.

             Date : 2007喇 3錯 17橾 錯蹂橾

             Time : 螃 5:48:20
收收收收收收收收收收收收收收收收收收收收收收收收收收收收收收收收收收收收收收收收
        Procedure : frmInterface - Private Sub cmdRun()

     Error Source : MSComm

     Error Number : 8002

Error Description : んお 廓ㄟ 澀跤腎歷蝗棲棻.

             Date : 2007喇 3錯 17橾 錯蹂橾

             Time : 螃 6:30:14
收收收收收收收收收收收收收收收收收收收收收收收收收收收收收收收收收收收收收收收收
        Procedure : frmInterface - Private Sub cmdRun()

     Error Source : MSComm

     Error Number : 8002

Error Description : んお 廓ㄟ 澀跤腎歷蝗棲棻.

             Date : 2007喇 3錯 17橾 錯蹂橾

             Time : 螃 6:30:40
收收收收收收收收收收收收收收收收收收收收收收收收收收收收收收收收收收收收收收收收
        Procedure : frmInterface - Private Sub cmdRun()

     Error Source : MSComm

     Error Number : 8002

Error Description : んお 廓ㄟ 澀跤腎歷蝗棲棻.

             Date : 2007喇 3錯 17橾 錯蹂橾

             Time : 螃 6:31:06
收收收收收收收收收收收收收收收收收收收收收收收收收收收收收收收收收收收收收收收收
        Procedure : frmInterface - Private Sub cmdRun()

     Error Source : MSComm

     Error Number : 8002

Error Description : んお 廓ㄟ 澀跤腎歷蝗棲棻.

             Date : 2007喇 3錯 17橾 錯蹂橾

             Time : 螃 6:31:21
收收收收收收收收收收收收收收收收收收收收收收收收收收收收收收收收收收收收收收收收
        Procedure : frmInterface - Private Sub cmdRun()

     Error Source : MSComm

     Error Number : 8002

Error Description : んお 廓ㄟ 澀跤腎歷蝗棲棻.

             Date : 2007喇 3錯 17橾 錯蹂橾

             Time : 螃 6:34:46
收收收收收收收收收收收收收收收收收收收收收收收收收收收收收收收收收收收收收收收收
        Procedure : frmInterface - Private Sub cmdRun()

     Error Source : MSComm

     Error Number : 8002

Error Description : んお 廓ㄟ 澀跤腎歷蝗棲棻.

             Date : 2007喇 3錯 17橾 錯蹂橾

             Time : 螃 6:35:56
收收收收收收收收收收收收收收收收收收收收收收收收收收收收收收收收收收收收收收收收
        Procedure : frmInterface - Private Sub cmdRun()

     Error Source : MSComm

     Error Number : 8002

Error Description : んお 廓ㄟ 澀跤腎歷蝗棲棻.

             Date : 2007喇 3錯 17橾 錯蹂橾

             Time : 螃 6:37:02
收收收收收收收收收收收收收收收收收收收收收收收收收收收收收收收收收收收收收收收收
        Procedure : frmInterface - Private Sub cmdRun()

     Error Source : MSComm

     Error Number : 8002

Error Description : んお 廓ㄟ 澀跤腎歷蝗棲棻.

             Date : 2007喇 3錯 17橾 錯蹂橾

             Time : 螃 6:39:40
收收收收收收收收收收收收收收收收收收收收收收收收收收收收收收收收收收收收收收收收
        Procedure : frmInterface - Private Sub cmdRun()

     Error Source : MSComm

     Error Number : 8002

Error Description : んお 廓ㄟ 澀跤腎歷蝗棲棻.

             Date : 2007喇 3錯 17橾 錯蹂橾

             Time : 螃 6:41:33
收收收收收收收收收收收收收收收收收收收收收收收收收收收收收收收收收收收收收收收收
        Procedure : frmInterface - Private Sub cmdRun()

     Error Source : MSComm

     Error Number : 8002

Error Description : んお 廓ㄟ 澀跤腎歷蝗棲棻.

             Date : 2007喇 3錯 17橾 錯蹂橾

             Time : 螃 6:43:30
收收收收收收收收收收收收收收收收收收收收收收收收收收收收收收收收收收收收收收收收
        Procedure : frmInterface - Private Sub cmdRun()

     Error Source : MSComm

     Error Number : 8002

Error Description : んお 廓ㄟ 澀跤腎歷蝗棲棻.

             Date : 2007喇 3錯 17橾 錯蹂橾

             Time : 螃 6:49:55
收收收收收收收收收收收收收收收收收收收收收收收收收收收收收收收收收收收收收收收收
        Procedure : frmInterface - Private Sub cmdRun()

     Error Source : MSComm

     Error Number : 8002

Error Description : んお 廓ㄟ 澀跤腎歷蝗棲棻.

             Date : 2007喇 3錯 17橾 錯蹂橾

             Time : 螃 6:50:35
收收收收收收收收收收收收收收收收收收收收收收收收收收收收收收收收收收收收收收收收
        Procedure : frmInterface - Private Sub cmdRun()

     Error Source : MSComm

     Error Number : 8002

Error Description : んお 廓ㄟ 澀跤腎歷蝗棲棻.

             Date : 2007喇 3錯 17橾 錯蹂橾

             Time : 螃 6:52:00
收收收收收收收收收收收收收收收收收收收收收收收收收收收收收收收收收收收收收收收收
