        Procedure : frmInterface - Private Sub cmdRun()

     Error Source : MSComm

     Error Number : 8002

Error Description : Invalid port number

             Date : 2012년 3월 19일 월요일

             Time : 오후 2:45:29
━━━━━━━━━━━━━━━━━━━━━━━━━━━━━━━━━━━━━━━━
        Procedure : frmInterface - Private Sub cmdRun()

     Error Source : MSComm

     Error Number : 8002

Error Description : Invalid port number

             Date : 2012년 3월 19일 월요일

             Time : 오후 2:46:40
━━━━━━━━━━━━━━━━━━━━━━━━━━━━━━━━━━━━━━━━
        Procedure : frmInterface - Private Sub cmdRun()

     Error Source : MSComm

     Error Number : 8002

Error Description : Invalid port number

             Date : 2012년 3월 19일 월요일

             Time : 오후 2:46:56
━━━━━━━━━━━━━━━━━━━━━━━━━━━━━━━━━━━━━━━━
        Procedure : frmInterface - Private Sub cmdRun()

     Error Source : MSComm

     Error Number : 8002

Error Description : Invalid port number

             Date : 2012년 3월 19일 월요일

             Time : 오후 3:40:52
━━━━━━━━━━━━━━━━━━━━━━━━━━━━━━━━━━━━━━━━
