        Procedure : frmInterface - Private Sub cmdRun()

     Error Source : MSComm

     Error Number : 8002

Error Description : Invalid port number

             Date : 2011년 12월 31일 월요일

             Time : 오후 12:01:42
━━━━━━━━━━━━━━━━━━━━━━━━━━━━━━━━━━━━━━━━
        Procedure : frmInterface - Private Sub cmdRun()

     Error Source : MSComm

     Error Number : 8002

Error Description : Invalid port number

             Date : 2011년 12월 31일 월요일

             Time : 오후 12:03:04
━━━━━━━━━━━━━━━━━━━━━━━━━━━━━━━━━━━━━━━━
        Procedure : frmInterface - Private Sub cmdRun()

     Error Source : MSComm

     Error Number : 8002

Error Description : Invalid port number

             Date : 2011년 12월 31일 월요일

             Time : 오후 12:04:03
━━━━━━━━━━━━━━━━━━━━━━━━━━━━━━━━━━━━━━━━
        Procedure : frmInterface - Private Sub cmdRun()

     Error Source : MSComm

     Error Number : 8002

Error Description : Invalid port number

             Date : 2011년 12월 31일 월요일

             Time : 오후 12:08:30
━━━━━━━━━━━━━━━━━━━━━━━━━━━━━━━━━━━━━━━━
        Procedure : frmInterface - Private Sub cmdRun()

     Error Source : MSComm

     Error Number : 8002

Error Description : Invalid port number

             Date : 2011년 12월 31일 월요일

             Time : 오후 12:08:50
━━━━━━━━━━━━━━━━━━━━━━━━━━━━━━━━━━━━━━━━
        Procedure : frmInterface - Private Sub cmdRun()

     Error Source : MSComm

     Error Number : 8002

Error Description : Invalid port number

             Date : 2011년 12월 31일 월요일

             Time : 오후 12:11:41
━━━━━━━━━━━━━━━━━━━━━━━━━━━━━━━━━━━━━━━━
        Procedure : frmInterface - Private Sub cmdRun()

     Error Source : MSComm

     Error Number : 8002

Error Description : Invalid port number

             Date : 2011년 12월 31일 월요일

             Time : 오후 12:14:16
━━━━━━━━━━━━━━━━━━━━━━━━━━━━━━━━━━━━━━━━
        Procedure : clsCommon - Public Function f_subSet_WorkList() As ADODB.Recordset

     Error Source : ADODB.Recordset

     Error Number : 3709

Error Description : 이 작업을 수행하는 데 연결을 사용할 수 없습니다. 이 컨텍스트에서 연결이 닫혀 있거나 잘못되었습니다.

             Date : 2011년 12월 31일 월요일

             Time : 오후 12:25:18
━━━━━━━━━━━━━━━━━━━━━━━━━━━━━━━━━━━━━━━━
        Procedure : clsCommon - Public Function f_subSet_WorkList() As ADODB.Recordset

     Error Source : BioPlex2200

     Error Number : 424

Error Description : 개체가 필요합니다.

             Date : 2011년 12월 31일 월요일

             Time : 오후 12:25:20
━━━━━━━━━━━━━━━━━━━━━━━━━━━━━━━━━━━━━━━━
        Procedure : clsCommon - Public Function f_subSet_WorkList() As ADODB.Recordset

     Error Source : ADODB.Fields

     Error Number : 3265

Error Description : 요청한 이름 또는 서수에 해당하는 컬렉션에서 항목을 찾을 수 없습니다.

             Date : 2011년 12월 31일 월요일

             Time : 오후 12:32:01
━━━━━━━━━━━━━━━━━━━━━━━━━━━━━━━━━━━━━━━━
        Procedure : frmInterface - Private Sub cmdRun()

     Error Source : MSComm

     Error Number : 8002

Error Description : Invalid port number

             Date : 2011년 12월 31일 월요일

             Time : 오후 1:56:03
━━━━━━━━━━━━━━━━━━━━━━━━━━━━━━━━━━━━━━━━
        Procedure : frmInterface - Private Sub cmdRun()

     Error Source : MSComm

     Error Number : 8002

Error Description : Invalid port number

             Date : 2011년 12월 31일 월요일

             Time : 오후 2:02:28
━━━━━━━━━━━━━━━━━━━━━━━━━━━━━━━━━━━━━━━━
