        Procedure : frmInterface - Private Sub cmdRun()

     Error Source : MSComm

     Error Number : 8002

Error Description : 포트 번호가 잘못되었습니다.

             Date : 2012년 3월 29일 월요일

             Time : 오전 10:37:47
━━━━━━━━━━━━━━━━━━━━━━━━━━━━━━━━━━━━━━━━
        Procedure : frmInterface - Private Sub cmdRun()

     Error Source : MSComm

     Error Number : 8002

Error Description : 포트 번호가 잘못되었습니다.

             Date : 2012년 3월 29일 월요일

             Time : 오후 2:59:25
━━━━━━━━━━━━━━━━━━━━━━━━━━━━━━━━━━━━━━━━
        Procedure : frmInterface - Private Sub cmdRun()

     Error Source : MSComm

     Error Number : 8002

Error Description : 포트 번호가 잘못되었습니다.

             Date : 2012년 3월 29일 월요일

             Time : 오후 3:00:19
━━━━━━━━━━━━━━━━━━━━━━━━━━━━━━━━━━━━━━━━
        Procedure : frmInterface - Private Sub cmdRun()

     Error Source : MSComm

     Error Number : 8002

Error Description : 포트 번호가 잘못되었습니다.

             Date : 2012년 3월 29일 월요일

             Time : 오후 3:00:56
━━━━━━━━━━━━━━━━━━━━━━━━━━━━━━━━━━━━━━━━
        Procedure : frmInterface - Private Sub cmdRun()

     Error Source : MSComm

     Error Number : 8002

Error Description : 포트 번호가 잘못되었습니다.

             Date : 2012년 3월 29일 월요일

             Time : 오후 3:01:58
━━━━━━━━━━━━━━━━━━━━━━━━━━━━━━━━━━━━━━━━
        Procedure : frmInterface - Private Sub cmdRun()

     Error Source : MSComm

     Error Number : 8002

Error Description : 포트 번호가 잘못되었습니다.

             Date : 2012년 3월 29일 월요일

             Time : 오후 3:13:49
━━━━━━━━━━━━━━━━━━━━━━━━━━━━━━━━━━━━━━━━
        Procedure : frmComm - Private Sub cmdAppend_Click()

     Error Source : ADODB.Parameter

     Error Number : 3421

Error Description : 응용 프로그램이 현재 작업에 대해 잘못된 형식을 가진 값을 사용하고 있습니다.

             Date : 2012년 3월 29일 월요일

             Time : 오후 6:23:41
━━━━━━━━━━━━━━━━━━━━━━━━━━━━━━━━━━━━━━━━
        Procedure : frmComm - Private Sub cmdAppend_Click()

     Error Source : ADODB.Command

     Error Number : 3421

Error Description : 응용 프로그램이 현재 작업에 대해 잘못된 형식을 가진 값을 사용하고 있습니다.

             Date : 2012년 3월 29일 월요일

             Time : 오후 6:25:45
━━━━━━━━━━━━━━━━━━━━━━━━━━━━━━━━━━━━━━━━
        Procedure : frmComm - Private Sub cmdAppend_Click()

     Error Source : Microsoft OLE DB Provider for ODBC Drivers

     Error Number : -2147217865

Error Description : [IBM][iSeries Access ODBC Driver][DB2 UDB]SQL0204 - PMCV027RM21 in MCLISOLIB type *N not found.

             Date : 2012년 3월 29일 월요일

             Time : 오후 6:26:26
━━━━━━━━━━━━━━━━━━━━━━━━━━━━━━━━━━━━━━━━
        Procedure : frmComm - Private Sub cmdAppend_Click()

     Error Source : Microsoft OLE DB Provider for ODBC Drivers

     Error Number : -2147217865

Error Description : [IBM][iSeries Access ODBC Driver][DB2 UDB]SQL7967 - PREPARE of statement QZ95F64A16B4AEF000 completed.

             Date : 2012년 3월 29일 월요일

             Time : 오후 6:26:46
━━━━━━━━━━━━━━━━━━━━━━━━━━━━━━━━━━━━━━━━
        Procedure : frmComm - Private Sub cmdAppend_Click()

     Error Source : Microsoft OLE DB Provider for ODBC Drivers

     Error Number : -2147217865

Error Description : [IBM][iSeries Access ODBC Driver][DB2 UDB]SQL7967 - PREPARE of statement QZ95F64A16B4AEF000 completed.

             Date : 2012년 3월 29일 월요일

             Time : 오후 6:28:40
━━━━━━━━━━━━━━━━━━━━━━━━━━━━━━━━━━━━━━━━
        Procedure : frmComm - Private Sub cmdAppend_Click()

     Error Source : Microsoft OLE DB Provider for ODBC Drivers

     Error Number : -2147217865

Error Description : [IBM][iSeries Access ODBC Driver][DB2 UDB]SQL7967 - PREPARE of statement QZ95F64A16B4AEF000 completed.

             Date : 2012년 3월 29일 월요일

             Time : 오후 6:29:42
━━━━━━━━━━━━━━━━━━━━━━━━━━━━━━━━━━━━━━━━
        Procedure : frmComm - Private Sub cmdAppend_Click()

     Error Source : Microsoft OLE DB Provider for ODBC Drivers

     Error Number : -2147217865

Error Description : [IBM][iSeries Access ODBC Driver][DB2 UDB]SQL7967 - PREPARE of statement QZ95F64A16B4AEF000 completed.

             Date : 2012년 3월 29일 월요일

             Time : 오후 6:30:05
━━━━━━━━━━━━━━━━━━━━━━━━━━━━━━━━━━━━━━━━
        Procedure : frmComm - Private Sub cmdAppend_Click()

     Error Source : ADODB.Parameter

     Error Number : 3421

Error Description : 응용 프로그램이 현재 작업에 대해 잘못된 형식을 가진 값을 사용하고 있습니다.

             Date : 2012년 3월 29일 월요일

             Time : 오후 6:38:12
━━━━━━━━━━━━━━━━━━━━━━━━━━━━━━━━━━━━━━━━
        Procedure : frmComm - Private Sub cmdAppend_Click()

     Error Source : ADODB.Parameter

     Error Number : 3421

Error Description : 응용 프로그램이 현재 작업에 대해 잘못된 형식을 가진 값을 사용하고 있습니다.

             Date : 2012년 3월 29일 월요일

             Time : 오후 6:39:53
━━━━━━━━━━━━━━━━━━━━━━━━━━━━━━━━━━━━━━━━
        Procedure : frmComm - Private Sub cmdAppend_Click()

     Error Source : Microsoft OLE DB Provider for ODBC Drivers

     Error Number : -2147467259

Error Description : [IBM][iSeries Access ODBC Driver][DB2 UDB]SQL0440 - Routine PMCV027RM21 in SQLLIB not found with specified parameters.

             Date : 2012년 3월 29일 월요일

             Time : 오후 6:59:25
━━━━━━━━━━━━━━━━━━━━━━━━━━━━━━━━━━━━━━━━
        Procedure : frmComm - Private Sub cmdAppend_Click()

     Error Source : ADODB.Parameter

     Error Number : 3421

Error Description : 응용 프로그램이 현재 작업에 대해 잘못된 형식을 가진 값을 사용하고 있습니다.

             Date : 2012년 3월 29일 월요일

             Time : 오후 7:07:36
━━━━━━━━━━━━━━━━━━━━━━━━━━━━━━━━━━━━━━━━
        Procedure : frmComm - Private Sub cmdAppend_Click()

     Error Source : Microsoft OLE DB Provider for ODBC Drivers

     Error Number : -2147217887

Error Description : 여러 단계 OLE DB 작업을 하는 동안 오류가 발생했습니다. 각 OLE DB 상태 값이 있으면 확인해 보십시오. 완료된 작업이 없습니다.

             Date : 2012년 3월 29일 월요일

             Time : 오후 7:17:27
━━━━━━━━━━━━━━━━━━━━━━━━━━━━━━━━━━━━━━━━
        Procedure : frmComm - Private Sub cmdAppend_Click()

     Error Source : Microsoft OLE DB Provider for ODBC Drivers

     Error Number : -2147217887

Error Description : 여러 단계 OLE DB 작업을 하는 동안 오류가 발생했습니다. 각 OLE DB 상태 값이 있으면 확인해 보십시오. 완료된 작업이 없습니다.

             Date : 2012년 3월 29일 월요일

             Time : 오후 7:18:04
━━━━━━━━━━━━━━━━━━━━━━━━━━━━━━━━━━━━━━━━
        Procedure : frmComm - Private Sub cmdAppend_Click()

     Error Source : Microsoft OLE DB Provider for ODBC Drivers

     Error Number : -2147217887

Error Description : 여러 단계 OLE DB 작업을 하는 동안 오류가 발생했습니다. 각 OLE DB 상태 값이 있으면 확인해 보십시오. 완료된 작업이 없습니다.

             Date : 2012년 3월 29일 월요일

             Time : 오후 7:18:37
━━━━━━━━━━━━━━━━━━━━━━━━━━━━━━━━━━━━━━━━
        Procedure : frmComm - Private Sub cmdAppend_Click()

     Error Source : Microsoft OLE DB Provider for ODBC Drivers

     Error Number : -2147217887

Error Description : 여러 단계 OLE DB 작업을 하는 동안 오류가 발생했습니다. 각 OLE DB 상태 값이 있으면 확인해 보십시오. 완료된 작업이 없습니다.

             Date : 2012년 3월 29일 월요일

             Time : 오후 7:18:52
━━━━━━━━━━━━━━━━━━━━━━━━━━━━━━━━━━━━━━━━
        Procedure : frmComm - Private Sub cmdAppend_Click()

     Error Source : Microsoft OLE DB Provider for ODBC Drivers

     Error Number : -2147217887

Error Description : 여러 단계 OLE DB 작업을 하는 동안 오류가 발생했습니다. 각 OLE DB 상태 값이 있으면 확인해 보십시오. 완료된 작업이 없습니다.

             Date : 2012년 3월 29일 월요일

             Time : 오후 7:18:59
━━━━━━━━━━━━━━━━━━━━━━━━━━━━━━━━━━━━━━━━
        Procedure : frmComm - Private Sub cmdAppend_Click()

     Error Source : Microsoft OLE DB Provider for ODBC Drivers

     Error Number : -2147217865

Error Description : [IBM][iSeries Access ODBC Driver][DB2 UDB]SQL0204 - INTERFACE003 in ODBCBIOP type *FILE not found.

             Date : 2012년 3월 29일 월요일

             Time : 오후 7:19:24
━━━━━━━━━━━━━━━━━━━━━━━━━━━━━━━━━━━━━━━━
        Procedure : frmComm - Private Sub cmdAppend_Click()

     Error Source : Microsoft OLE DB Provider for ODBC Drivers

     Error Number : -2147217887

Error Description : 여러 단계 OLE DB 작업을 하는 동안 오류가 발생했습니다. 각 OLE DB 상태 값이 있으면 확인해 보십시오. 완료된 작업이 없습니다.

             Date : 2012년 3월 29일 월요일

             Time : 오후 7:20:54
━━━━━━━━━━━━━━━━━━━━━━━━━━━━━━━━━━━━━━━━
        Procedure : frmComm - Private Sub cmdAppend_Click()

     Error Source : Microsoft OLE DB Provider for ODBC Drivers

     Error Number : -2147217887

Error Description : 여러 단계 OLE DB 작업을 하는 동안 오류가 발생했습니다. 각 OLE DB 상태 값이 있으면 확인해 보십시오. 완료된 작업이 없습니다.

             Date : 2012년 3월 29일 월요일

             Time : 오후 7:22:36
━━━━━━━━━━━━━━━━━━━━━━━━━━━━━━━━━━━━━━━━
        Procedure : frmComm - Private Sub cmdAppend_Click()

     Error Source : Microsoft OLE DB Provider for ODBC Drivers

     Error Number : -2147217887

Error Description : 여러 단계 OLE DB 작업을 하는 동안 오류가 발생했습니다. 각 OLE DB 상태 값이 있으면 확인해 보십시오. 완료된 작업이 없습니다.

             Date : 2012년 3월 29일 월요일

             Time : 오후 7:24:21
━━━━━━━━━━━━━━━━━━━━━━━━━━━━━━━━━━━━━━━━
        Procedure : frmComm - Private Sub cmdAppend_Click()

     Error Source : Microsoft OLE DB Provider for ODBC Drivers

     Error Number : -2147217887

Error Description : 여러 단계 OLE DB 작업을 하는 동안 오류가 발생했습니다. 각 OLE DB 상태 값이 있으면 확인해 보십시오. 완료된 작업이 없습니다.

             Date : 2012년 3월 29일 월요일

             Time : 오후 7:25:49
━━━━━━━━━━━━━━━━━━━━━━━━━━━━━━━━━━━━━━━━
        Procedure : frmComm - Private Sub cmdAppend_Click()

     Error Source : Microsoft OLE DB Provider for ODBC Drivers

     Error Number : -2147217887

Error Description : 여러 단계 OLE DB 작업을 하는 동안 오류가 발생했습니다. 각 OLE DB 상태 값이 있으면 확인해 보십시오. 완료된 작업이 없습니다.

             Date : 2012년 3월 29일 월요일

             Time : 오후 7:26:32
━━━━━━━━━━━━━━━━━━━━━━━━━━━━━━━━━━━━━━━━
        Procedure : frmComm - Private Sub cmdAppend_Click()

     Error Source : Microsoft OLE DB Provider for ODBC Drivers

     Error Number : -2147217887

Error Description : 여러 단계 OLE DB 작업을 하는 동안 오류가 발생했습니다. 각 OLE DB 상태 값이 있으면 확인해 보십시오. 완료된 작업이 없습니다.

             Date : 2012년 3월 29일 월요일

             Time : 오후 7:31:41
━━━━━━━━━━━━━━━━━━━━━━━━━━━━━━━━━━━━━━━━
        Procedure : frmComm - Private Sub cmdAppend_Click()

     Error Source : Microsoft OLE DB Provider for ODBC Drivers

     Error Number : -2147217887

Error Description : 여러 단계 OLE DB 작업을 하는 동안 오류가 발생했습니다. 각 OLE DB 상태 값이 있으면 확인해 보십시오. 완료된 작업이 없습니다.

             Date : 2012년 3월 29일 월요일

             Time : 오후 7:32:17
━━━━━━━━━━━━━━━━━━━━━━━━━━━━━━━━━━━━━━━━
        Procedure : frmComm - Private Sub cmdAppend_Click()

     Error Source : Microsoft OLE DB Provider for ODBC Drivers

     Error Number : -2147217887

Error Description : 여러 단계 OLE DB 작업을 하는 동안 오류가 발생했습니다. 각 OLE DB 상태 값이 있으면 확인해 보십시오. 완료된 작업이 없습니다.

             Date : 2012년 3월 29일 월요일

             Time : 오후 7:45:35
━━━━━━━━━━━━━━━━━━━━━━━━━━━━━━━━━━━━━━━━
        Procedure : frmComm - Private Sub cmdAppend_Click()

     Error Source : Microsoft OLE DB Provider for ODBC Drivers

     Error Number : -2147217887

Error Description : 여러 단계 OLE DB 작업을 하는 동안 오류가 발생했습니다. 각 OLE DB 상태 값이 있으면 확인해 보십시오. 완료된 작업이 없습니다.

             Date : 2012년 3월 29일 월요일

             Time : 오후 7:47:15
━━━━━━━━━━━━━━━━━━━━━━━━━━━━━━━━━━━━━━━━
        Procedure : frmComm - Private Sub cmdAppend_Click()

     Error Source : Microsoft OLE DB Provider for ODBC Drivers

     Error Number : -2147217887

Error Description : 여러 단계 OLE DB 작업을 하는 동안 오류가 발생했습니다. 각 OLE DB 상태 값이 있으면 확인해 보십시오. 완료된 작업이 없습니다.

             Date : 2012년 3월 29일 월요일

             Time : 오후 7:52:08
━━━━━━━━━━━━━━━━━━━━━━━━━━━━━━━━━━━━━━━━
        Procedure : frmComm - Private Sub cmdAppend_Click()

     Error Source : Microsoft OLE DB Provider for ODBC Drivers

     Error Number : -2147217887

Error Description : 여러 단계 OLE DB 작업을 하는 동안 오류가 발생했습니다. 각 OLE DB 상태 값이 있으면 확인해 보십시오. 완료된 작업이 없습니다.

             Date : 2012년 3월 29일 월요일

             Time : 오후 7:54:26
━━━━━━━━━━━━━━━━━━━━━━━━━━━━━━━━━━━━━━━━
        Procedure : frmComm - Private Sub cmdAppend_Click()

     Error Source : Microsoft OLE DB Provider for ODBC Drivers

     Error Number : -2147217887

Error Description : 여러 단계 OLE DB 작업을 하는 동안 오류가 발생했습니다. 각 OLE DB 상태 값이 있으면 확인해 보십시오. 완료된 작업이 없습니다.

             Date : 2012년 3월 29일 월요일

             Time : 오후 7:55:45
━━━━━━━━━━━━━━━━━━━━━━━━━━━━━━━━━━━━━━━━
        Procedure : frmComm - Private Sub cmdAppend_Click()

     Error Source : Microsoft OLE DB Provider for ODBC Drivers

     Error Number : -2147217887

Error Description : 여러 단계 OLE DB 작업을 하는 동안 오류가 발생했습니다. 각 OLE DB 상태 값이 있으면 확인해 보십시오. 완료된 작업이 없습니다.

             Date : 2012년 3월 29일 월요일

             Time : 오후 7:57:29
━━━━━━━━━━━━━━━━━━━━━━━━━━━━━━━━━━━━━━━━
        Procedure : frmComm - Private Sub cmdAppend_Click()

     Error Source : Microsoft OLE DB Provider for ODBC Drivers

     Error Number : -2147217887

Error Description : 여러 단계 OLE DB 작업을 하는 동안 오류가 발생했습니다. 각 OLE DB 상태 값이 있으면 확인해 보십시오. 완료된 작업이 없습니다.

             Date : 2012년 3월 29일 월요일

             Time : 오후 7:58:40
━━━━━━━━━━━━━━━━━━━━━━━━━━━━━━━━━━━━━━━━
        Procedure : frmComm - Private Sub cmdAppend_Click()

     Error Source : Microsoft OLE DB Provider for ODBC Drivers

     Error Number : -2147217887

Error Description : 여러 단계 OLE DB 작업을 하는 동안 오류가 발생했습니다. 각 OLE DB 상태 값이 있으면 확인해 보십시오. 완료된 작업이 없습니다.

             Date : 2012년 3월 29일 월요일

             Time : 오후 8:00:13
━━━━━━━━━━━━━━━━━━━━━━━━━━━━━━━━━━━━━━━━
        Procedure : frmComm - Private Sub cmdAppend_Click()

     Error Source : Microsoft OLE DB Provider for ODBC Drivers

     Error Number : -2147217887

Error Description : 여러 단계 OLE DB 작업을 하는 동안 오류가 발생했습니다. 각 OLE DB 상태 값이 있으면 확인해 보십시오. 완료된 작업이 없습니다.

             Date : 2012년 3월 29일 월요일

             Time : 오후 8:02:38
━━━━━━━━━━━━━━━━━━━━━━━━━━━━━━━━━━━━━━━━
        Procedure : frmComm - Private Sub cmdAppend_Click()

     Error Source : Microsoft OLE DB Provider for ODBC Drivers

     Error Number : -2147217887

Error Description : 여러 단계 OLE DB 작업을 하는 동안 오류가 발생했습니다. 각 OLE DB 상태 값이 있으면 확인해 보십시오. 완료된 작업이 없습니다.

             Date : 2012년 3월 29일 월요일

             Time : 오후 8:05:56
━━━━━━━━━━━━━━━━━━━━━━━━━━━━━━━━━━━━━━━━
        Procedure : frmComm - Private Sub cmdAppend_Click()

     Error Source : Microsoft OLE DB Provider for ODBC Drivers

     Error Number : -2147217887

Error Description : 여러 단계 OLE DB 작업을 하는 동안 오류가 발생했습니다. 각 OLE DB 상태 값이 있으면 확인해 보십시오. 완료된 작업이 없습니다.

             Date : 2012년 3월 29일 월요일

             Time : 오후 8:06:17
━━━━━━━━━━━━━━━━━━━━━━━━━━━━━━━━━━━━━━━━
        Procedure : frmComm - Private Sub cmdAppend_Click()

     Error Source : Microsoft OLE DB Provider for ODBC Drivers

     Error Number : -2147217887

Error Description : 여러 단계 OLE DB 작업을 하는 동안 오류가 발생했습니다. 각 OLE DB 상태 값이 있으면 확인해 보십시오. 완료된 작업이 없습니다.

             Date : 2012년 3월 29일 월요일

             Time : 오후 8:09:23
━━━━━━━━━━━━━━━━━━━━━━━━━━━━━━━━━━━━━━━━
        Procedure : frmComm - Private Sub cmdAppend_Click()

     Error Source : Microsoft OLE DB Provider for ODBC Drivers

     Error Number : -2147217887

Error Description : 여러 단계 OLE DB 작업을 하는 동안 오류가 발생했습니다. 각 OLE DB 상태 값이 있으면 확인해 보십시오. 완료된 작업이 없습니다.

             Date : 2012년 3월 29일 월요일

             Time : 오후 8:09:48
━━━━━━━━━━━━━━━━━━━━━━━━━━━━━━━━━━━━━━━━
        Procedure : frmComm - Private Sub cmdAppend_Click()

     Error Source : Microsoft OLE DB Provider for ODBC Drivers

     Error Number : -2147217887

Error Description : 여러 단계 OLE DB 작업을 하는 동안 오류가 발생했습니다. 각 OLE DB 상태 값이 있으면 확인해 보십시오. 완료된 작업이 없습니다.

             Date : 2012년 3월 29일 월요일

             Time : 오후 8:38:04
━━━━━━━━━━━━━━━━━━━━━━━━━━━━━━━━━━━━━━━━
        Procedure : frmComm - Private Sub cmdAppend_Click()

     Error Source : Microsoft OLE DB Provider for ODBC Drivers

     Error Number : -2147217887

Error Description : 여러 단계 OLE DB 작업을 하는 동안 오류가 발생했습니다. 각 OLE DB 상태 값이 있으면 확인해 보십시오. 완료된 작업이 없습니다.

             Date : 2012년 3월 29일 월요일

             Time : 오후 8:38:34
━━━━━━━━━━━━━━━━━━━━━━━━━━━━━━━━━━━━━━━━
        Procedure : frmComm - Private Sub cmdAppend_Click()

     Error Source : Microsoft OLE DB Provider for ODBC Drivers

     Error Number : -2147217887

Error Description : 여러 단계 OLE DB 작업을 하는 동안 오류가 발생했습니다. 각 OLE DB 상태 값이 있으면 확인해 보십시오. 완료된 작업이 없습니다.

             Date : 2012년 3월 29일 월요일

             Time : 오후 8:38:42
━━━━━━━━━━━━━━━━━━━━━━━━━━━━━━━━━━━━━━━━
        Procedure : frmComm - Private Sub cmdAppend_Click()

     Error Source : Microsoft OLE DB Provider for ODBC Drivers

     Error Number : -2147217887

Error Description : 여러 단계 OLE DB 작업을 하는 동안 오류가 발생했습니다. 각 OLE DB 상태 값이 있으면 확인해 보십시오. 완료된 작업이 없습니다.

             Date : 2012년 3월 29일 월요일

             Time : 오후 8:45:07
━━━━━━━━━━━━━━━━━━━━━━━━━━━━━━━━━━━━━━━━
        Procedure : frmComm - Private Sub cmdAppend_Click()

     Error Source : Microsoft OLE DB Provider for ODBC Drivers

     Error Number : -2147217887

Error Description : 여러 단계 OLE DB 작업을 하는 동안 오류가 발생했습니다. 각 OLE DB 상태 값이 있으면 확인해 보십시오. 완료된 작업이 없습니다.

             Date : 2012년 3월 29일 월요일

             Time : 오후 8:45:13
━━━━━━━━━━━━━━━━━━━━━━━━━━━━━━━━━━━━━━━━
        Procedure : frmComm - Private Sub cmdAppend_Click()

     Error Source : Microsoft OLE DB Provider for ODBC Drivers

     Error Number : -2147217887

Error Description : 여러 단계 OLE DB 작업을 하는 동안 오류가 발생했습니다. 각 OLE DB 상태 값이 있으면 확인해 보십시오. 완료된 작업이 없습니다.

             Date : 2012년 3월 29일 월요일

             Time : 오후 8:45:54
━━━━━━━━━━━━━━━━━━━━━━━━━━━━━━━━━━━━━━━━
        Procedure : frmComm - Private Sub cmdAppend_Click()

     Error Source : Microsoft OLE DB Provider for ODBC Drivers

     Error Number : -2147217887

Error Description : 여러 단계 OLE DB 작업을 하는 동안 오류가 발생했습니다. 각 OLE DB 상태 값이 있으면 확인해 보십시오. 완료된 작업이 없습니다.

             Date : 2012년 3월 29일 월요일

             Time : 오후 8:46:59
━━━━━━━━━━━━━━━━━━━━━━━━━━━━━━━━━━━━━━━━
        Procedure : frmComm - Private Sub cmdAppend_Click()

     Error Source : Microsoft OLE DB Provider for ODBC Drivers

     Error Number : -2147217887

Error Description : 여러 단계 OLE DB 작업을 하는 동안 오류가 발생했습니다. 각 OLE DB 상태 값이 있으면 확인해 보십시오. 완료된 작업이 없습니다.

             Date : 2012년 3월 29일 월요일

             Time : 오후 8:49:10
━━━━━━━━━━━━━━━━━━━━━━━━━━━━━━━━━━━━━━━━
        Procedure : frmComm - Private Sub cmdAppend_Click()

     Error Source : BioPlex2200

     Error Number : 424

Error Description : 개체가 필요합니다.

             Date : 2012년 3월 29일 월요일

             Time : 오후 8:50:21
━━━━━━━━━━━━━━━━━━━━━━━━━━━━━━━━━━━━━━━━
        Procedure : frmComm - Private Sub cmdAppend_Click()

     Error Source : ADODB.Parameters

     Error Number : 3708

Error Description : 매개 변수 개체를 잘못 정의했습니다. 제공된 정보가 일치하지 않거나 완전하지 않습니다.

             Date : 2012년 3월 29일 월요일

             Time : 오후 8:50:35
━━━━━━━━━━━━━━━━━━━━━━━━━━━━━━━━━━━━━━━━
        Procedure : frmComm - Private Sub cmdAppend_Click()

     Error Source : ADODB.Parameters

     Error Number : 3708

Error Description : 매개 변수 개체를 잘못 정의했습니다. 제공된 정보가 일치하지 않거나 완전하지 않습니다.

             Date : 2012년 3월 29일 월요일

             Time : 오후 8:51:11
━━━━━━━━━━━━━━━━━━━━━━━━━━━━━━━━━━━━━━━━
        Procedure : frmComm - Private Sub cmdAppend_Click()

     Error Source : Microsoft OLE DB Provider for ODBC Drivers

     Error Number : -2147217887

Error Description : 여러 단계 OLE DB 작업을 하는 동안 오류가 발생했습니다. 각 OLE DB 상태 값이 있으면 확인해 보십시오. 완료된 작업이 없습니다.

             Date : 2012년 3월 29일 월요일

             Time : 오후 8:52:25
━━━━━━━━━━━━━━━━━━━━━━━━━━━━━━━━━━━━━━━━
        Procedure : frmComm - Private Sub cmdAppend_Click()

     Error Source : Microsoft OLE DB Provider for ODBC Drivers

     Error Number : -2147217887

Error Description : 여러 단계 OLE DB 작업을 하는 동안 오류가 발생했습니다. 각 OLE DB 상태 값이 있으면 확인해 보십시오. 완료된 작업이 없습니다.

             Date : 2012년 3월 29일 월요일

             Time : 오후 8:53:02
━━━━━━━━━━━━━━━━━━━━━━━━━━━━━━━━━━━━━━━━
