        Procedure : frmInterface - Private Sub cmdRun()

     Error Source : MSComm

     Error Number : 8002

Error Description : Invalid port number

             Date : 2012년 2월 27일 월요일

             Time : 오후 3:13:40
━━━━━━━━━━━━━━━━━━━━━━━━━━━━━━━━━━━━━━━━
        Procedure : frmInterface - Private Sub cmdRun()

     Error Source : MSComm

     Error Number : 8002

Error Description : Invalid port number

             Date : 2012년 2월 27일 월요일

             Time : 오후 3:14:06
━━━━━━━━━━━━━━━━━━━━━━━━━━━━━━━━━━━━━━━━
        Procedure : frmInterface - Private Sub cmdRun()

     Error Source : MSComm

     Error Number : 8002

Error Description : Invalid port number

             Date : 2012년 2월 27일 월요일

             Time : 오후 3:45:37
━━━━━━━━━━━━━━━━━━━━━━━━━━━━━━━━━━━━━━━━
