        Procedure : frmInterface - Private Sub cmdRun()

     Error Source : MSComm

     Error Number : 8005

Error Description : んお陛 檜嘐 翮溥 氈蝗棲棻.

             Date : 2012喇 3錯 30橾 錯蹂橾

             Time : 螃瞪 8:25:42
收收收收收收收收收收收收收收收收收收收收收收收收收收收收收收收收收收收收收收收收
        Procedure : frmInterface - Private Sub cmdRun()

     Error Source : MSComm

     Error Number : 8005

Error Description : んお陛 檜嘐 翮溥 氈蝗棲棻.

             Date : 2012喇 3錯 30橾 錯蹂橾

             Time : 螃瞪 8:46:26
收收收收收收收收收收收收收收收收收收收收收收收收收收收收收收收收收收收收收收收收
        Procedure : frmInterface - Private Sub cmdRun()

     Error Source : MSComm

     Error Number : 8002

Error Description : んお 廓ㄟ 澀跤腎歷蝗棲棻.

             Date : 2012喇 3錯 30橾 錯蹂橾

             Time : 螃瞪 8:46:53
收收收收收收收收收收收收收收收收收收收收收收收收收收收收收收收收收收收收收收收收
        Procedure : frmInterface - Private Sub cmdRun()

     Error Source : MSComm

     Error Number : 8002

Error Description : んお 廓ㄟ 澀跤腎歷蝗棲棻.

             Date : 2012喇 3錯 30橾 錯蹂橾

             Time : 螃瞪 9:03:15
收收收收收收收收收收收收收收收收收收收收收收收收收收收收收收收收收收收收收收收收
        Procedure : frmComm - Private Sub cmdAppend_Click()

     Error Source : Microsoft OLE DB Provider for ODBC Drivers

     Error Number : -2147217887

Error Description : 罹楝 欽啗 OLE DB 濛機擊 ж朝 翕寰 螃盟陛 嫦儅ц蝗棲棻. 陝 OLE DB 鼻鷓 高檜 氈戲賊 挫恉 爾褊衛螃. 諫猿脹 濛機檜 橈蝗棲棻.

             Date : 2012喇 3錯 30橾 錯蹂橾

             Time : 螃瞪 9:20:32
收收收收收收收收收收收收收收收收收收收收收收收收收收收收收收收收收收收收收收收收
        Procedure : frmComm - Private Sub cmdAppend_Click()

     Error Source : Microsoft OLE DB Provider for ODBC Drivers

     Error Number : -2147217887

Error Description : 罹楝 欽啗 OLE DB 濛機擊 ж朝 翕寰 螃盟陛 嫦儅ц蝗棲棻. 陝 OLE DB 鼻鷓 高檜 氈戲賊 挫恉 爾褊衛螃. 諫猿脹 濛機檜 橈蝗棲棻.

             Date : 2012喇 3錯 30橾 錯蹂橾

             Time : 螃瞪 10:10:17
收收收收收收收收收收收收收收收收收收收收收收收收收收收收收收收收收收收收收收收收
        Procedure : frmComm - Private Sub cmdAppend_Click()

     Error Source : Microsoft OLE DB Provider for ODBC Drivers

     Error Number : -2147217887

Error Description : 罹楝 欽啗 OLE DB 濛機擊 ж朝 翕寰 螃盟陛 嫦儅ц蝗棲棻. 陝 OLE DB 鼻鷓 高檜 氈戲賊 挫恉 爾褊衛螃. 諫猿脹 濛機檜 橈蝗棲棻.

             Date : 2012喇 3錯 30橾 錯蹂橾

             Time : 螃瞪 10:55:33
收收收收收收收收收收收收收收收收收收收收收收收收收收收收收收收收收收收收收收收收
        Procedure : frmComm - Private Sub cmdAppend_Click()

     Error Source : Microsoft OLE DB Provider for ODBC Drivers

     Error Number : -2147217887

Error Description : 罹楝 欽啗 OLE DB 濛機擊 ж朝 翕寰 螃盟陛 嫦儅ц蝗棲棻. 陝 OLE DB 鼻鷓 高檜 氈戲賊 挫恉 爾褊衛螃. 諫猿脹 濛機檜 橈蝗棲棻.

             Date : 2012喇 3錯 30橾 錯蹂橾

             Time : 螃瞪 10:55:58
收收收收收收收收收收收收收收收收收收收收收收收收收收收收收收收收收收收收收收收收
        Procedure : frmComm - Private Sub cmdAppend_Click()

     Error Source : Microsoft OLE DB Provider for ODBC Drivers

     Error Number : -2147217887

Error Description : 罹楝 欽啗 OLE DB 濛機擊 ж朝 翕寰 螃盟陛 嫦儅ц蝗棲棻. 陝 OLE DB 鼻鷓 高檜 氈戲賊 挫恉 爾褊衛螃. 諫猿脹 濛機檜 橈蝗棲棻.

             Date : 2012喇 3錯 30橾 錯蹂橾

             Time : 螃瞪 10:57:46
收收收收收收收收收收收收收收收收收收收收收收收收收收收收收收收收收收收收收收收收
        Procedure : frmComm - Private Sub cmdAppend_Click()

     Error Source : Microsoft OLE DB Provider for ODBC Drivers

     Error Number : -2147467259

Error Description : [IBM][iSeries Access ODBC Driver]Communication link failure. comm rc=10054 - CWBCO1047 - The iSeries server application  disconnected the connection

             Date : 2012喇 3錯 30橾 錯蹂橾

             Time : 螃 1:41:52
收收收收收收收收收收收收收收收收收收收收收收收收收收收收收收收收收收收收收收收收
        Procedure : frmComm - Private Sub cmdAppend_Click()

     Error Source : Microsoft OLE DB Provider for ODBC Drivers

     Error Number : -2147467259

Error Description : [IBM][iSeries Access ODBC Driver]Communication link failure. comm rc=10054 - CWBCO1047 - The iSeries server application  disconnected the connection

             Date : 2012喇 3錯 30橾 錯蹂橾

             Time : 螃 1:42:33
收收收收收收收收收收收收收收收收收收收收收收收收收收收收收收收收收收收收收收收收
        Procedure : frmComm - Private Sub cmdAppend_Click()

     Error Source : Microsoft OLE DB Provider for ODBC Drivers

     Error Number : -2147467259

Error Description : [IBM][iSeries Access ODBC Driver]Communication link failure. comm rc=10054 - CWBCO1047 - The iSeries server application  disconnected the connection

             Date : 2012喇 3錯 30橾 錯蹂橾

             Time : 螃 1:43:22
收收收收收收收收收收收收收收收收收收收收收收收收收收收收收收收收收收收收收收收收
        Procedure : frmComm - Private Sub cmdAppend_Click()

     Error Source : Microsoft OLE DB Provider for ODBC Drivers

     Error Number : -2147467259

Error Description : [IBM][iSeries Access ODBC Driver]Communication link failure. comm rc=10054 - CWBCO1047 - The iSeries server application  disconnected the connection

             Date : 2012喇 3錯 30橾 錯蹂橾

             Time : 螃 1:43:35
收收收收收收收收收收收收收收收收收收收收收收收收收收收收收收收收收收收收收收收收
        Procedure : frmComm - Private Sub cmdAppend_Click()

     Error Source : Microsoft OLE DB Provider for ODBC Drivers

     Error Number : -2147217887

Error Description : 罹楝 欽啗 OLE DB 濛機擊 ж朝 翕寰 螃盟陛 嫦儅ц蝗棲棻. 陝 OLE DB 鼻鷓 高檜 氈戲賊 挫恉 爾褊衛螃. 諫猿脹 濛機檜 橈蝗棲棻.

             Date : 2012喇 3錯 30橾 錯蹂橾

             Time : 螃 1:44:55
收收收收收收收收收收收收收收收收收收收收收收收收收收收收收收收收收收收收收收收收
        Procedure : frmComm - Private Sub cmdAppend_Click()

     Error Source : Microsoft OLE DB Provider for ODBC Drivers

     Error Number : -2147217887

Error Description : 罹楝 欽啗 OLE DB 濛機擊 ж朝 翕寰 螃盟陛 嫦儅ц蝗棲棻. 陝 OLE DB 鼻鷓 高檜 氈戲賊 挫恉 爾褊衛螃. 諫猿脹 濛機檜 橈蝗棲棻.

             Date : 2012喇 3錯 30橾 錯蹂橾

             Time : 螃 1:45:20
收收收收收收收收收收收收收收收收收收收收收收收收收收收收收收收收收收收收收收收收
        Procedure : frmComm - Private Sub cmdAppend_Click()

     Error Source : Microsoft OLE DB Provider for ODBC Drivers

     Error Number : -2147217887

Error Description : 罹楝 欽啗 OLE DB 濛機擊 ж朝 翕寰 螃盟陛 嫦儅ц蝗棲棻. 陝 OLE DB 鼻鷓 高檜 氈戲賊 挫恉 爾褊衛螃. 諫猿脹 濛機檜 橈蝗棲棻.

             Date : 2012喇 3錯 30橾 錯蹂橾

             Time : 螃 1:45:50
收收收收收收收收收收收收收收收收收收收收收收收收收收收收收收收收收收收收收收收收
        Procedure : frmComm - Private Sub cmdAppend_Click()

     Error Source : Microsoft OLE DB Provider for ODBC Drivers

     Error Number : -2147467259

Error Description : [IBM][iSeries Access ODBC Driver]Communication link failure. comm rc=10054 - CWBCO1047 - The iSeries server application  disconnected the connection

             Date : 2012喇 3錯 30橾 錯蹂橾

             Time : 螃 1:46:15
收收收收收收收收收收收收收收收收收收收收收收收收收收收收收收收收收收收收收收收收
        Procedure : frmComm - Private Sub cmdAppend_Click()

     Error Source : Microsoft OLE DB Provider for ODBC Drivers

     Error Number : -2147217887

Error Description : 罹楝 欽啗 OLE DB 濛機擊 ж朝 翕寰 螃盟陛 嫦儅ц蝗棲棻. 陝 OLE DB 鼻鷓 高檜 氈戲賊 挫恉 爾褊衛螃. 諫猿脹 濛機檜 橈蝗棲棻.

             Date : 2012喇 3錯 30橾 錯蹂橾

             Time : 螃 1:50:20
收收收收收收收收收收收收收收收收收收收收收收收收收收收收收收收收收收收收收收收收
        Procedure : frmComm - Private Sub cmdAppend_Click()

     Error Source : Microsoft OLE DB Provider for ODBC Drivers

     Error Number : -2147217887

Error Description : 罹楝 欽啗 OLE DB 濛機擊 ж朝 翕寰 螃盟陛 嫦儅ц蝗棲棻. 陝 OLE DB 鼻鷓 高檜 氈戲賊 挫恉 爾褊衛螃. 諫猿脹 濛機檜 橈蝗棲棻.

             Date : 2012喇 3錯 30橾 錯蹂橾

             Time : 螃 7:21:35
收收收收收收收收收收收收收收收收收收收收收收收收收收收收收收收收收收收收收收收收
        Procedure : frmComm - Private Sub cmdAppend_Click()

     Error Source : Microsoft OLE DB Provider for ODBC Drivers

     Error Number : -2147217887

Error Description : 罹楝 欽啗 OLE DB 濛機擊 ж朝 翕寰 螃盟陛 嫦儅ц蝗棲棻. 陝 OLE DB 鼻鷓 高檜 氈戲賊 挫恉 爾褊衛螃. 諫猿脹 濛機檜 橈蝗棲棻.

             Date : 2012喇 3錯 30橾 錯蹂橾

             Time : 螃 7:24:12
收收收收收收收收收收收收收收收收收收收收收收收收收收收收收收收收收收收收收收收收
        Procedure : frmComm - Private Sub cmdAppend_Click()

     Error Source : Microsoft OLE DB Provider for ODBC Drivers

     Error Number : -2147217887

Error Description : 罹楝 欽啗 OLE DB 濛機擊 ж朝 翕寰 螃盟陛 嫦儅ц蝗棲棻. 陝 OLE DB 鼻鷓 高檜 氈戲賊 挫恉 爾褊衛螃. 諫猿脹 濛機檜 橈蝗棲棻.

             Date : 2012喇 3錯 30橾 錯蹂橾

             Time : 螃 7:26:26
收收收收收收收收收收收收收收收收收收收收收收收收收收收收收收收收收收收收收收收收
        Procedure : frmComm - Private Sub cmdAppend_Click()

     Error Source : Microsoft OLE DB Provider for ODBC Drivers

     Error Number : -2147217887

Error Description : 罹楝 欽啗 OLE DB 濛機擊 ж朝 翕寰 螃盟陛 嫦儅ц蝗棲棻. 陝 OLE DB 鼻鷓 高檜 氈戲賊 挫恉 爾褊衛螃. 諫猿脹 濛機檜 橈蝗棲棻.

             Date : 2012喇 3錯 30橾 錯蹂橾

             Time : 螃 7:27:25
收收收收收收收收收收收收收收收收收收收收收收收收收收收收收收收收收收收收收收收收
        Procedure : frmComm - Private Sub cmdAppend_Click()

     Error Source : Microsoft OLE DB Provider for ODBC Drivers

     Error Number : -2147217887

Error Description : 罹楝 欽啗 OLE DB 濛機擊 ж朝 翕寰 螃盟陛 嫦儅ц蝗棲棻. 陝 OLE DB 鼻鷓 高檜 氈戲賊 挫恉 爾褊衛螃. 諫猿脹 濛機檜 橈蝗棲棻.

             Date : 2012喇 3錯 30橾 錯蹂橾

             Time : 螃 7:27:36
收收收收收收收收收收收收收收收收收收收收收收收收收收收收收收收收收收收收收收收收
