28 행: fpSpread_Tot_Ag 컨트롤을 로드할 수 없습니다. 사용 권한을 찾을 수 없습니다.
51 행: fpSpread_Tot_Usn 컨트롤을 로드할 수 없습니다. 사용 권한을 찾을 수 없습니다.
203 행: sprRDCP 컨트롤을 로드할 수 없습니다. 사용 권한을 찾을 수 없습니다.
229 행: spdWeather 컨트롤을 로드할 수 없습니다. 사용 권한을 찾을 수 없습니다.
255 행: spdTidal 컨트롤을 로드할 수 없습니다. 사용 권한을 찾을 수 없습니다.
281 행: spdWQ 컨트롤을 로드할 수 없습니다. 사용 권한을 찾을 수 없습니다.
307 행: spdWQA 컨트롤을 로드할 수 없습니다. 사용 권한을 찾을 수 없습니다.
333 행: spdCT 컨트롤을 로드할 수 없습니다. 사용 권한을 찾을 수 없습니다.
1289 행: SSPanel6 컨트롤을 로드할 수 없습니다. 사용 권한을 찾을 수 없습니다.
1340 행: Panel_Time_Tot 컨트롤을 로드할 수 없습니다. 사용 권한을 찾을 수 없습니다.
1679 행: fpSpread_Tot_Rt 컨트롤을 로드할 수 없습니다. 사용 권한을 찾을 수 없습니다.
1700 행: fpSpread_Tot_Tw 컨트롤을 로드할 수 없습니다. 사용 권한을 찾을 수 없습니다.
1721 행: fpSpread_DtLog 컨트롤을 로드할 수 없습니다. 사용 권한을 찾을 수 없습니다.
1742 행: fpSpread_Tot_DtCDMA 컨트롤을 로드할 수 없습니다. 사용 권한을 찾을 수 없습니다.
1764 행: fpSpread_Tot_DtVPN 컨트롤을 로드할 수 없습니다. 사용 권한을 찾을 수 없습니다.
1836 행: Panel_Time_Dt 컨트롤을 로드할 수 없습니다. 사용 권한을 찾을 수 없습니다.
1862 행: fpSpread_TwLog 컨트롤을 로드할 수 없습니다. 사용 권한을 찾을 수 없습니다.
1934 행: Panel_Time_Tw 컨트롤을 로드할 수 없습니다. 사용 권한을 찾을 수 없습니다.
1960 행: fpSpread_RtLog 컨트롤을 로드할 수 없습니다. 사용 권한을 찾을 수 없습니다.
2032 행: Panel_Time_Rt 컨트롤을 로드할 수 없습니다. 사용 권한을 찾을 수 없습니다.
2058 행: fpSpread_AgLog 컨트롤을 로드할 수 없습니다. 사용 권한을 찾을 수 없습니다.
2130 행: Panel_Time_Ag 컨트롤을 로드할 수 없습니다. 사용 권한을 찾을 수 없습니다.
2156 행: fpSpread_UsnLog 컨트롤을 로드할 수 없습니다. 사용 권한을 찾을 수 없습니다.
2228 행: Panel_Time_Usn 컨트롤을 로드할 수 없습니다. 사용 권한을 찾을 수 없습니다.
2254 행: fpSpread2 컨트롤을 로드할 수 없습니다. 사용 권한을 찾을 수 없습니다.
2277 행: ss_Tw 컨트롤을 로드할 수 없습니다. 사용 권한을 찾을 수 없습니다.
