09:22:01 : 프린터 상태를 확인하세요.:헤드열림
   위치: IdifCommon.frmExcelPrintBase.PrintStart()
   위치: IdifCommon.frmExcelPrintBase.PrintStart()
   위치: IdifCommon.frmExcelPrintBase.cmdPrintStart_Click(Object sender, EventArgs e)

09:23:03 : 프린터 상태를 확인하세요.:응답없음
   위치: IdifCommon.frmExcelPrintBase.PrintStart()
   위치: IdifCommon.frmExcelPrintBase.PrintStart()
   위치: IdifCommon.frmExcelPrintBase.cmdPrintStart_Click(Object sender, EventArgs e)

10:35:06 : 프린터 상태를 확인하세요.:응답없음
   위치: IdifCommon.frmExcelPrintBase.PrintStart()
   위치: IdifCommon.frmExcelPrintBase.PrintStart()
   위치: IdifCommon.frmExcelPrintBase.cmdPrintStart_Click(Object sender, EventArgs e)

10:50:50 : 프린터 상태를 확인하세요.:응답없음
   위치: IdifCommon.frmExcelPrintBase.PrintStart()
   위치: IdifCommon.frmExcelPrintBase.PrintStart()
   위치: IdifCommon.frmExcelPrintBase.cmdPrintStart_Click(Object sender, EventArgs e)

10:55:02 : 개체 참조가 개체의 인스턴스로 설정되지 않았습니다.
   위치: HanhuengPrint2008.frmExcelPrint.CalculatePrintQty()

10:56:27 : 프린터 상태를 확인하세요.:응답없음
   위치: IdifCommon.frmExcelPrintBase.PrintStart()
   위치: IdifCommon.frmExcelPrintBase.PrintStart()
   위치: IdifCommon.frmExcelPrintBase.cmdPrintStart_Click(Object sender, EventArgs e)

11:03:21 : 프린터 상태를 확인하세요.:응답없음
   위치: IdifCommon.frmExcelPrintBase.PrintStart()
   위치: IdifCommon.frmExcelPrintBase.PrintStart()
   위치: IdifCommon.frmExcelPrintBase.cmdPrintStart_Click(Object sender, EventArgs e)

11:26:44 : 프린터 상태를 확인하세요.:응답없음
   위치: IdifCommon.frmExcelPrintBase.PrintStart()
   위치: IdifCommon.frmExcelPrintBase.PrintStart()
   위치: IdifCommon.frmExcelPrintBase.cmdPrintStart_Click(Object sender, EventArgs e)

12:11:27 : 프린터 상태를 확인하세요.:응답없음
   위치: IdifCommon.frmExcelPrintBase.PrintStart()
   위치: IdifCommon.frmExcelPrintBase.PrintStart()
   위치: IdifCommon.frmExcelPrintBase.cmdPrintStart_Click(Object sender, EventArgs e)

12:16:41 : Invalid row index: 1 (must be between 0 and 0)
   위치: FarPoint.Win.Spread.Cells.get_Item(Int32 row, Int32 column)
   위치: HanhuengPrint2008.frmExcelPrint.CalculatePrintQty()

12:35:27 : 프린터 상태를 확인하세요.:응답없음
   위치: IdifCommon.frmExcelPrintBase.PrintStart()
   위치: IdifCommon.frmExcelPrintBase.PrintStart()
   위치: IdifCommon.frmExcelPrintBase.cmdPrintStart_Click(Object sender, EventArgs e)

12:48:51 : 프린터 상태를 확인하세요.:응답없음
   위치: IdifCommon.frmExcelPrintBase.PrintStart()
   위치: IdifCommon.frmExcelPrintBase.PrintStart()
   위치: IdifCommon.frmExcelPrintBase.cmdPrintStart_Click(Object sender, EventArgs e)

12:52:59 : 프린터 상태를 확인하세요.:응답없음
   위치: IdifCommon.frmExcelPrintBase.PrintStart()
   위치: IdifCommon.frmExcelPrintBase.PrintStart()
   위치: IdifCommon.frmExcelPrintBase.cmdPrintStart_Click(Object sender, EventArgs e)

13:02:18 : 프린터 상태를 확인하세요.:응답없음
   위치: IdifCommon.frmExcelPrintBase.PrintStart()
   위치: IdifCommon.frmExcelPrintBase.PrintStart()
   위치: IdifCommon.frmExcelPrintBase.cmdPrintStart_Click(Object sender, EventArgs e)

13:57:26 : 프린터 상태를 확인하세요.:응답없음
   위치: IdifCommon.frmExcelPrintBase.PrintStart()
   위치: IdifCommon.frmExcelPrintBase.PrintStart()
   위치: IdifCommon.frmExcelPrintBase.cmdPrintStart_Click(Object sender, EventArgs e)

14:44:54 : 프린터 상태를 확인하세요.:응답없음
   위치: IdifCommon.frmExcelPrintBase.PrintStart()
   위치: IdifCommon.frmExcelPrintBase.PrintStart()
   위치: IdifCommon.frmExcelPrintBase.cmdPrintStart_Click(Object sender, EventArgs e)

15:12:50 : 프린터 상태를 확인하세요.:응답없음
   위치: IdifCommon.frmExcelPrintBase.PrintStart()
   위치: IdifCommon.frmExcelPrintBase.PrintStart()
   위치: IdifCommon.frmExcelPrintBase.cmdPrintStart_Click(Object sender, EventArgs e)

15:20:16 : 프린터 상태를 확인하세요.:응답없음
   위치: IdifCommon.frmExcelPrintBase.PrintStart()
   위치: IdifCommon.frmExcelPrintBase.PrintStart()
   위치: IdifCommon.frmExcelPrintBase.cmdPrintStart_Click(Object sender, EventArgs e)

15:27:07 : 프린터 상태를 확인하세요.:응답없음
   위치: IdifCommon.frmExcelPrintBase.PrintStart()
   위치: IdifCommon.frmExcelPrintBase.PrintStart()
   위치: IdifCommon.frmExcelPrintBase.cmdPrintStart_Click(Object sender, EventArgs e)

15:32:01 : 프린터 상태를 확인하세요.:응답없음
   위치: IdifCommon.frmExcelPrintBase.PrintStart()
   위치: IdifCommon.frmExcelPrintBase.PrintStart()
   위치: IdifCommon.frmExcelPrintBase.cmdPrintStart_Click(Object sender, EventArgs e)

16:03:56 : 프린터 상태를 확인하세요.:응답없음
   위치: IdifCommon.frmExcelPrintBase.PrintStart()
   위치: IdifCommon.frmExcelPrintBase.PrintStart()
   위치: IdifCommon.frmExcelPrintBase.cmdPrintStart_Click(Object sender, EventArgs e)

16:35:09 : 프린터 상태를 확인하세요.:응답없음
   위치: IdifCommon.frmExcelPrintBase.PrintStart()
   위치: IdifCommon.frmExcelPrintBase.PrintStart()
   위치: IdifCommon.frmExcelPrintBase.cmdPrintStart_Click(Object sender, EventArgs e)

16:50:22 : 프린터 상태를 확인하세요.:응답없음
   위치: IdifCommon.frmExcelPrintBase.PrintStart()
   위치: IdifCommon.frmExcelPrintBase.PrintStart()
   위치: IdifCommon.frmExcelPrintBase.cmdPrintStart_Click(Object sender, EventArgs e)

17:22:08 : 프린터 상태를 확인하세요.:응답없음
   위치: IdifCommon.frmExcelPrintBase.PrintStart()
   위치: IdifCommon.frmExcelPrintBase.PrintStart()
   위치: IdifCommon.frmExcelPrintBase.cmdPrintStart_Click(Object sender, EventArgs e)

17:44:26 : 프린터 상태를 확인하세요.:응답없음
   위치: IdifCommon.frmExcelPrintBase.PrintStart()
   위치: IdifCommon.frmExcelPrintBase.PrintStart()
   위치: IdifCommon.frmExcelPrintBase.cmdPrintStart_Click(Object sender, EventArgs e)

17:52:23 : 프린터 상태를 확인하세요.:응답없음
   위치: IdifCommon.frmExcelPrintBase.PrintStart()
   위치: IdifCommon.frmExcelPrintBase.PrintStart()
   위치: IdifCommon.frmExcelPrintBase.cmdPrintStart_Click(Object sender, EventArgs e)

18:07:53 : 프린터 상태를 확인하세요.:응답없음
   위치: IdifCommon.frmExcelPrintBase.PrintStart()
   위치: IdifCommon.frmExcelPrintBase.PrintStart()
   위치: IdifCommon.frmExcelPrintBase.cmdPrintStart_Click(Object sender, EventArgs e)

18:38:34 : 프린터 상태를 확인하세요.:버퍼FULL
   위치: IdifCommon.frmExcelPrintBase.PrintStart()
   위치: IdifCommon.frmExcelPrintBase.PrintStart()
   위치: IdifCommon.frmExcelPrintBase.cmdPrintStart_Click(Object sender, EventArgs e)

18:52:01 : 프린터 상태를 확인하세요.:응답없음
   위치: IdifCommon.frmExcelPrintBase.PrintStart()
   위치: IdifCommon.frmExcelPrintBase.PrintStart()
   위치: IdifCommon.frmExcelPrintBase.cmdPrintStart_Click(Object sender, EventArgs e)

