        Procedure : Private Sub MDIForm_Tool()

     Error Source : ADODB.Recordset

     Error Number : 3709

Error Description : 이 작업을 수행하는 데 연결을 사용할 수 없습니다. 이 컨텍스트에서 연결이 닫혀 있거나 잘못되었습니다.

             Date : 2003년 7월 28일 월요일

             Time : 오후 1:48:43
━━━━━━━━━━━━━━━━━━━━━━━━━━━━━━━━━━━━━━━━
        Procedure : Private Sub MDIForm_Tool()

     Error Source : ADODB.Recordset

     Error Number : 3704

Error Description : 개체가 닫혀있으면 작업이 허용되지 않습니다.

             Date : 2003년 7월 28일 월요일

             Time : 오후 1:48:49
━━━━━━━━━━━━━━━━━━━━━━━━━━━━━━━━━━━━━━━━
        Procedure : Private Sub MDIForm_Tool()

     Error Source : ADODB.Recordset

     Error Number : 3704

Error Description : 개체가 닫혀있으면 작업이 허용되지 않습니다.

             Date : 2003년 7월 28일 월요일

             Time : 오후 1:48:50
━━━━━━━━━━━━━━━━━━━━━━━━━━━━━━━━━━━━━━━━
        Procedure : Private Sub MDIForm_Tool()

     Error Source : ADODB.Recordset

     Error Number : 3704

Error Description : 개체가 닫혀있으면 작업이 허용되지 않습니다.

             Date : 2003년 7월 28일 월요일

             Time : 오후 1:48:51
━━━━━━━━━━━━━━━━━━━━━━━━━━━━━━━━━━━━━━━━
        Procedure : Private Sub MDIForm_Tool()

     Error Source : ADODB.Fields

     Error Number : 3265

Error Description : 요청한 이름 또는 서수에 해당하는 컬렉션에서 항목을 찾을 수 없습니다.

             Date : 2003년 7월 28일 월요일

             Time : 오후 1:48:52
━━━━━━━━━━━━━━━━━━━━━━━━━━━━━━━━━━━━━━━━
        Procedure : Private Sub MDIForm_Tool()

     Error Source : ADODB.Recordset

     Error Number : 3709

Error Description : 이 작업을 수행하는 데 연결을 사용할 수 없습니다. 이 컨텍스트에서 연결이 닫혀 있거나 잘못되었습니다.

             Date : 2003년 7월 28일 월요일

             Time : 오후 1:49:29
━━━━━━━━━━━━━━━━━━━━━━━━━━━━━━━━━━━━━━━━
        Procedure : Private Sub MDIForm_Tool()

     Error Source : ADODB.Recordset

     Error Number : 3704

Error Description : 개체가 닫혀있으면 작업이 허용되지 않습니다.

             Date : 2003년 7월 28일 월요일

             Time : 오후 1:49:35
━━━━━━━━━━━━━━━━━━━━━━━━━━━━━━━━━━━━━━━━
        Procedure : Private Sub MDIForm_Tool()

     Error Source : ADODB.Recordset

     Error Number : 3704

Error Description : 개체가 닫혀있으면 작업이 허용되지 않습니다.

             Date : 2003년 7월 28일 월요일

             Time : 오후 1:50:00
━━━━━━━━━━━━━━━━━━━━━━━━━━━━━━━━━━━━━━━━
        Procedure : Private Sub MDIForm_Tool()

     Error Source : ADODB.Recordset

     Error Number : 3704

Error Description : 개체가 닫혀있으면 작업이 허용되지 않습니다.

             Date : 2003년 7월 28일 월요일

             Time : 오후 1:50:01
━━━━━━━━━━━━━━━━━━━━━━━━━━━━━━━━━━━━━━━━
        Procedure : Private Sub MDIForm_Tool()

     Error Source : ADODB.Fields

     Error Number : 3265

Error Description : 요청한 이름 또는 서수에 해당하는 컬렉션에서 항목을 찾을 수 없습니다.

             Date : 2003년 7월 28일 월요일

             Time : 오후 1:50:02
━━━━━━━━━━━━━━━━━━━━━━━━━━━━━━━━━━━━━━━━
        Procedure : Private Sub MDIForm_Tool()

     Error Source : ADODB.Recordset

     Error Number : 3704

Error Description : 개체가 닫혀있으면 작업이 허용되지 않습니다.

             Date : 2003년 7월 28일 월요일

             Time : 오후 1:50:02
━━━━━━━━━━━━━━━━━━━━━━━━━━━━━━━━━━━━━━━━
        Procedure : Private Sub MDIForm_Tool()

     Error Source : ADODB.Recordset

     Error Number : 3709

Error Description : 이 작업을 수행하는 데 연결을 사용할 수 없습니다. 이 컨텍스트에서 연결이 닫혀 있거나 잘못되었습니다.

             Date : 2003년 7월 28일 월요일

             Time : 오후 1:50:03
━━━━━━━━━━━━━━━━━━━━━━━━━━━━━━━━━━━━━━━━
        Procedure : Private Sub MDIForm_Tool()

     Error Source : ADODB.Recordset

     Error Number : 3704

Error Description : 개체가 닫혀있으면 작업이 허용되지 않습니다.

             Date : 2003년 7월 28일 월요일

             Time : 오후 1:50:03
━━━━━━━━━━━━━━━━━━━━━━━━━━━━━━━━━━━━━━━━
        Procedure : Private Sub MDIForm_Tool()

     Error Source : ADODB.Recordset

     Error Number : 3704

Error Description : 개체가 닫혀있으면 작업이 허용되지 않습니다.

             Date : 2003년 7월 28일 월요일

             Time : 오후 1:50:03
━━━━━━━━━━━━━━━━━━━━━━━━━━━━━━━━━━━━━━━━
        Procedure : Private Sub MDIForm_Tool()

     Error Source : ADODB.Recordset

     Error Number : 3704

Error Description : 개체가 닫혀있으면 작업이 허용되지 않습니다.

             Date : 2003년 7월 28일 월요일

             Time : 오후 1:50:03
━━━━━━━━━━━━━━━━━━━━━━━━━━━━━━━━━━━━━━━━
        Procedure : Private Sub MDIForm_Tool()

     Error Source : ADODB.Fields

     Error Number : 3265

Error Description : 요청한 이름 또는 서수에 해당하는 컬렉션에서 항목을 찾을 수 없습니다.

             Date : 2003년 7월 28일 월요일

             Time : 오후 1:50:04
━━━━━━━━━━━━━━━━━━━━━━━━━━━━━━━━━━━━━━━━
        Procedure : Private Sub MDIForm_Tool()

     Error Source : ADODB.Recordset

     Error Number : 3704

Error Description : 개체가 닫혀있으면 작업이 허용되지 않습니다.

             Date : 2003년 7월 28일 월요일

             Time : 오후 1:50:04
━━━━━━━━━━━━━━━━━━━━━━━━━━━━━━━━━━━━━━━━
        Procedure : frmInterface - Private Sub f_subSet_ItemList()

     Error Source : ADODB.Recordset

     Error Number : 3709

Error Description : 이 작업을 수행하는 데 연결을 사용할 수 없습니다. 이 컨텍스트에서 연결이 닫혀 있거나 잘못되었습니다.

             Date : 2003년 7월 28일 월요일

             Time : 오후 1:50:04
━━━━━━━━━━━━━━━━━━━━━━━━━━━━━━━━━━━━━━━━
        Procedure : clsCommon - Public Function Get_EqpProperty(ByVal strEqpCd As String) As ADODB.Recordset

     Error Source : Uriscan

     Error Number : 91

Error Description : 개체 변수 또는 With 문의 변수가 설정되어 있지 않습니다.

             Date : 2003년 7월 28일 월요일

             Time : 오후 1:50:05
━━━━━━━━━━━━━━━━━━━━━━━━━━━━━━━━━━━━━━━━
        Procedure : Private Sub MDIForm_Tool()

     Error Source : ADODB.Recordset

     Error Number : 3709

Error Description : 이 작업을 수행하는 데 연결을 사용할 수 없습니다. 이 컨텍스트에서 연결이 닫혀 있거나 잘못되었습니다.

             Date : 2003년 7월 28일 월요일

             Time : 오후 1:52:03
━━━━━━━━━━━━━━━━━━━━━━━━━━━━━━━━━━━━━━━━
        Procedure : Private Sub MDIForm_Tool()

     Error Source : ADODB.Recordset

     Error Number : 3704

Error Description : 개체가 닫혀있으면 작업이 허용되지 않습니다.

             Date : 2003년 7월 28일 월요일

             Time : 오후 1:52:06
━━━━━━━━━━━━━━━━━━━━━━━━━━━━━━━━━━━━━━━━
        Procedure : Private Sub MDIForm_Tool()

     Error Source : ADODB.Recordset

     Error Number : 3704

Error Description : 개체가 닫혀있으면 작업이 허용되지 않습니다.

             Date : 2003년 7월 28일 월요일

             Time : 오후 1:52:07
━━━━━━━━━━━━━━━━━━━━━━━━━━━━━━━━━━━━━━━━
        Procedure : Private Sub MDIForm_Tool()

     Error Source : ADODB.Recordset

     Error Number : 3704

Error Description : 개체가 닫혀있으면 작업이 허용되지 않습니다.

             Date : 2003년 7월 28일 월요일

             Time : 오후 1:52:07
━━━━━━━━━━━━━━━━━━━━━━━━━━━━━━━━━━━━━━━━
        Procedure : Private Sub MDIForm_Tool()

     Error Source : ADODB.Fields

     Error Number : 3265

Error Description : 요청한 이름 또는 서수에 해당하는 컬렉션에서 항목을 찾을 수 없습니다.

             Date : 2003년 7월 28일 월요일

             Time : 오후 1:52:07
━━━━━━━━━━━━━━━━━━━━━━━━━━━━━━━━━━━━━━━━
        Procedure : Private Sub MDIForm_Tool()

     Error Source : ADODB.Recordset

     Error Number : 3704

Error Description : 개체가 닫혀있으면 작업이 허용되지 않습니다.

             Date : 2003년 7월 28일 월요일

             Time : 오후 1:52:08
━━━━━━━━━━━━━━━━━━━━━━━━━━━━━━━━━━━━━━━━
        Procedure : Private Sub MDIForm_Tool()

     Error Source : ADODB.Recordset

     Error Number : 3709

Error Description : 이 작업을 수행하는 데 연결을 사용할 수 없습니다. 이 컨텍스트에서 연결이 닫혀 있거나 잘못되었습니다.

             Date : 2003년 7월 28일 월요일

             Time : 오후 1:52:08
━━━━━━━━━━━━━━━━━━━━━━━━━━━━━━━━━━━━━━━━
        Procedure : Private Sub MDIForm_Tool()

     Error Source : ADODB.Recordset

     Error Number : 3704

Error Description : 개체가 닫혀있으면 작업이 허용되지 않습니다.

             Date : 2003년 7월 28일 월요일

             Time : 오후 1:52:08
━━━━━━━━━━━━━━━━━━━━━━━━━━━━━━━━━━━━━━━━
        Procedure : Private Sub MDIForm_Tool()

     Error Source : ADODB.Recordset

     Error Number : 3704

Error Description : 개체가 닫혀있으면 작업이 허용되지 않습니다.

             Date : 2003년 7월 28일 월요일

             Time : 오후 1:52:08
━━━━━━━━━━━━━━━━━━━━━━━━━━━━━━━━━━━━━━━━
        Procedure : Private Sub MDIForm_Tool()

     Error Source : ADODB.Recordset

     Error Number : 3704

Error Description : 개체가 닫혀있으면 작업이 허용되지 않습니다.

             Date : 2003년 7월 28일 월요일

             Time : 오후 1:52:09
━━━━━━━━━━━━━━━━━━━━━━━━━━━━━━━━━━━━━━━━
        Procedure : Private Sub MDIForm_Tool()

     Error Source : ADODB.Fields

     Error Number : 3265

Error Description : 요청한 이름 또는 서수에 해당하는 컬렉션에서 항목을 찾을 수 없습니다.

             Date : 2003년 7월 28일 월요일

             Time : 오후 1:52:09
━━━━━━━━━━━━━━━━━━━━━━━━━━━━━━━━━━━━━━━━
        Procedure : Private Sub MDIForm_Tool()

     Error Source : ADODB.Recordset

     Error Number : 3704

Error Description : 개체가 닫혀있으면 작업이 허용되지 않습니다.

             Date : 2003년 7월 28일 월요일

             Time : 오후 1:52:09
━━━━━━━━━━━━━━━━━━━━━━━━━━━━━━━━━━━━━━━━
        Procedure : frmInterface - Private Sub f_subSet_ItemList()

     Error Source : ADODB.Recordset

     Error Number : 3709

Error Description : 이 작업을 수행하는 데 연결을 사용할 수 없습니다. 이 컨텍스트에서 연결이 닫혀 있거나 잘못되었습니다.

             Date : 2003년 7월 28일 월요일

             Time : 오후 1:52:10
━━━━━━━━━━━━━━━━━━━━━━━━━━━━━━━━━━━━━━━━
        Procedure : clsCommon - Public Function Get_EqpProperty(ByVal strEqpCd As String) As ADODB.Recordset

     Error Source : Uriscan

     Error Number : 91

Error Description : 개체 변수 또는 With 문의 변수가 설정되어 있지 않습니다.

             Date : 2003년 7월 28일 월요일

             Time : 오후 1:52:10
━━━━━━━━━━━━━━━━━━━━━━━━━━━━━━━━━━━━━━━━
        Procedure : frmInterface - Private Sub cmdRun()

     Error Source : Uriscan

     Error Number : 91

Error Description : 개체 변수 또는 With 문의 변수가 설정되어 있지 않습니다.

             Date : 2003년 7월 28일 월요일

             Time : 오후 1:52:23
━━━━━━━━━━━━━━━━━━━━━━━━━━━━━━━━━━━━━━━━
        Procedure : clsCommon - Public Function Get_EqpProperty(ByVal strEqpCd As String) As ADODB.Recordset

     Error Source : Uriscan

     Error Number : 91

Error Description : 개체 변수 또는 With 문의 변수가 설정되어 있지 않습니다.

             Date : 2003년 7월 28일 월요일

             Time : 오후 1:52:26
━━━━━━━━━━━━━━━━━━━━━━━━━━━━━━━━━━━━━━━━
