28 행: LisLabel1 컨트롤의 MedControls1.LisLabel 클래스는 로드한 컨트롤 클래스가 아닙니다.
87 행: lblPtId 컨트롤의 MedControls1.LisLabel 클래스는 로드한 컨트롤 클래스가 아닙니다.
110 행: lblDoctNm 컨트롤의 MedControls1.LisLabel 클래스는 로드한 컨트롤 클래스가 아닙니다.
133 행: lblStatFg 컨트롤의 MedControls1.LisLabel 클래스는 로드한 컨트롤 클래스가 아닙니다.
156 행: lblName 컨트롤의 MedControls1.LisLabel 클래스는 로드한 컨트롤 클래스가 아닙니다.
179 행: lblDeptNm 컨트롤의 MedControls1.LisLabel 클래스는 로드한 컨트롤 클래스가 아닙니다.
202 행: lblSpcNm 컨트롤의 MedControls1.LisLabel 클래스는 로드한 컨트롤 클래스가 아닙니다.
225 행: lblSexAge 컨트롤의 MedControls1.LisLabel 클래스는 로드한 컨트롤 클래스가 아닙니다.
248 행: lblWardNm 컨트롤의 MedControls1.LisLabel 클래스는 로드한 컨트롤 클래스가 아닙니다.
437 행: MDIActiveX 컨트롤의 MDIControls.MDIActiveX 클래스는 로드한 컨트롤 클래스가 아닙니다.
502 행: LisLabel2 컨트롤의 MedControls1.LisLabel 클래스는 로드한 컨트롤 클래스가 아닙니다.
524 행: LisLabel3 컨트롤의 MedControls1.LisLabel 클래스는 로드한 컨트롤 클래스가 아닙니다.
35 행: LisLabel1의 _ExtentX 속성 이름이 잘못되었습니다. 
36 행: LisLabel1의 _ExtentY 속성 이름이 잘못되었습니다. 
47 행: LisLabel1의 Caption 속성 이름이 잘못되었습니다. 
93 행: lblPtId의 _ExtentX 속성 이름이 잘못되었습니다. 
94 행: lblPtId의 _ExtentY 속성 이름이 잘못되었습니다. 
106 행: lblPtId의 Alignment 속성 이름이 잘못되었습니다. 
107 행: lblPtId의 Caption 속성 이름이 잘못되었습니다. 
116 행: lblDoctNm의 _ExtentX 속성 이름이 잘못되었습니다. 
117 행: lblDoctNm의 _ExtentY 속성 이름이 잘못되었습니다. 
129 행: lblDoctNm의 Alignment 속성 이름이 잘못되었습니다. 
130 행: lblDoctNm의 Caption 속성 이름이 잘못되었습니다. 
139 행: lblStatFg의 _ExtentX 속성 이름이 잘못되었습니다. 
140 행: lblStatFg의 _ExtentY 속성 이름이 잘못되었습니다. 
152 행: lblStatFg의 Alignment 속성 이름이 잘못되었습니다. 
153 행: lblStatFg의 Caption 속성 이름이 잘못되었습니다. 
162 행: lblName의 _ExtentX 속성 이름이 잘못되었습니다. 
163 행: lblName의 _ExtentY 속성 이름이 잘못되었습니다. 
175 행: lblName의 Alignment 속성 이름이 잘못되었습니다. 
176 행: lblName의 Caption 속성 이름이 잘못되었습니다. 
185 행: lblDeptNm의 _ExtentX 속성 이름이 잘못되었습니다. 
186 행: lblDeptNm의 _ExtentY 속성 이름이 잘못되었습니다. 
198 행: lblDeptNm의 Alignment 속성 이름이 잘못되었습니다. 
199 행: lblDeptNm의 Caption 속성 이름이 잘못되었습니다. 
208 행: lblSpcNm의 _ExtentX 속성 이름이 잘못되었습니다. 
209 행: lblSpcNm의 _ExtentY 속성 이름이 잘못되었습니다. 
221 행: lblSpcNm의 Alignment 속성 이름이 잘못되었습니다. 
222 행: lblSpcNm의 Caption 속성 이름이 잘못되었습니다. 
231 행: lblSexAge의 _ExtentX 속성 이름이 잘못되었습니다. 
232 행: lblSexAge의 _ExtentY 속성 이름이 잘못되었습니다. 
244 행: lblSexAge의 Alignment 속성 이름이 잘못되었습니다. 
245 행: lblSexAge의 Caption 속성 이름이 잘못되었습니다. 
254 행: lblWardNm의 _ExtentX 속성 이름이 잘못되었습니다. 
255 행: lblWardNm의 _ExtentY 속성 이름이 잘못되었습니다. 
267 행: lblWardNm의 Alignment 속성 이름이 잘못되었습니다. 
268 행: lblWardNm의 Caption 속성 이름이 잘못되었습니다. 
440 행: MDIActiveX의 _ExtentX 속성 이름이 잘못되었습니다. 
441 행: MDIActiveX의 _ExtentY 속성 이름이 잘못되었습니다. 
509 행: LisLabel2의 _ExtentX 속성 이름이 잘못되었습니다. 
510 행: LisLabel2의 _ExtentY 속성 이름이 잘못되었습니다. 
521 행: LisLabel2의 Caption 속성 이름이 잘못되었습니다. 
531 행: LisLabel3의 _ExtentX 속성 이름이 잘못되었습니다. 
532 행: LisLabel3의 _ExtentY 속성 이름이 잘못되었습니다. 
543 행: LisLabel3의 Caption 속성 이름이 잘못되었습니다. 
