        Procedure : frmInterface - Private Sub cmdRun()

     Error Source : MSComm

     Error Number : 8002

Error Description : 포트 번호가 잘못되었습니다.

             Date : 2007년 3월 7일 월요일

             Time : 오후 7:56:38
━━━━━━━━━━━━━━━━━━━━━━━━━━━━━━━━━━━━━━━━
        Procedure : frmInterface - Private Sub cmdRun()

     Error Source : MSComm

     Error Number : 8002

Error Description : 포트 번호가 잘못되었습니다.

             Date : 2007년 3월 7일 월요일

             Time : 오후 7:56:48
━━━━━━━━━━━━━━━━━━━━━━━━━━━━━━━━━━━━━━━━
        Procedure : frmInterface - Private Sub cmdRun()

     Error Source : MSComm

     Error Number : 8002

Error Description : 포트 번호가 잘못되었습니다.

             Date : 2007년 3월 7일 월요일

             Time : 오후 7:58:28
━━━━━━━━━━━━━━━━━━━━━━━━━━━━━━━━━━━━━━━━
    Procedure : Public Function Get_Date() As String

 Error Number : -2147467259

  Description : [DBNETLIB][ConnectionWrite (send()).]일반 네트워크 오류입니다. 네트워크 설명서를 참조하십시오.

       Source : Microsoft OLE DB Provider for SQL Server

    SQL State : 08S01

 Native Error : 11

   SQL String : SELECT GETDATE()

         Date : 2007년 3월 7일 월요일

         Time : 오후 9:15:23
━━━━━━━━━━━━━━━━━━━━━━━━━━━━━━━━━━━━━━━━
        Procedure : frmInterface - Private Sub cmdRun()

     Error Source : MSComm

     Error Number : 8012

Error Description : 장치가 열리지 않습니다.

             Date : 2007년 3월 7일 월요일

             Time : 오후 9:15:25
━━━━━━━━━━━━━━━━━━━━━━━━━━━━━━━━━━━━━━━━
