617 행: cmdStation 컨트롤의 HSCotrol.CButton 클래스는 로드한 컨트롤 클래스가 아닙니다.
641 행: cmdWS_CD 컨트롤의 HSCotrol.CButton 클래스는 로드한 컨트롤 클래스가 아닙니다.
785 행: CaptionBar1 컨트롤의 HSCotrol.CaptionBar 클래스는 로드한 컨트롤 클래스가 아닙니다.
833 행: cmdAction 컨트롤의 HSCotrol.CButton 클래스는 로드한 컨트롤 클래스가 아닙니다.
857 행: cmdAction 컨트롤의 HSCotrol.CButton 클래스는 로드한 컨트롤 클래스가 아닙니다.
880 행: cmdAction 컨트롤의 HSCotrol.CButton 클래스는 로드한 컨트롤 클래스가 아닙니다.
903 행: cmdAction 컨트롤의 HSCotrol.CButton 클래스는 로드한 컨트롤 클래스가 아닙니다.
927 행: cmdEQP 컨트롤의 HSCotrol.CButton 클래스는 로드한 컨트롤 클래스가 아닙니다.
951 행: pnlPoplist 컨트롤의 HSCotrol.UserPanel 클래스는 로드한 컨트롤 클래스가 아닙니다.
623 행: cmdStation의 _ExtentX 속성 이름이 잘못되었습니다. 
624 행: cmdStation의 _ExtentY 속성 이름이 잘못되었습니다. 
625 행: cmdStation의 Caption 속성 이름이 잘못되었습니다. 
636 행: cmdStation의 MaskColor 속성 이름이 잘못되었습니다. 
637 행: cmdStation의 PicCapAlign 속성 이름이 잘못되었습니다. 
639 행: cmdStation의 BorderColor 속성 이름이 잘못되었습니다. 
617 행: cmdStation의 Picture 속성을 설정할 수 없습니다.
647 행: cmdWS_CD의 _ExtentX 속성 이름이 잘못되었습니다. 
648 행: cmdWS_CD의 _ExtentY 속성 이름이 잘못되었습니다. 
649 행: cmdWS_CD의 Caption 속성 이름이 잘못되었습니다. 
660 행: cmdWS_CD의 MaskColor 속성 이름이 잘못되었습니다. 
661 행: cmdWS_CD의 PicCapAlign 속성 이름이 잘못되었습니다. 
663 행: cmdWS_CD의 BorderColor 속성 이름이 잘못되었습니다. 
641 행: cmdWS_CD의 Picture 속성을 설정할 수 없습니다.
792 행: CaptionBar1의 _ExtentX 속성 이름이 잘못되었습니다. 
793 행: CaptionBar1의 _ExtentY 속성 이름이 잘못되었습니다. 
794 행: CaptionBar1의 Border 속성 이름이 잘못되었습니다. 
795 행: CaptionBar1의 CaptionBackColor 속성 이름이 잘못되었습니다. 
797 행: CaptionBar1의 Caption 속성 이름이 잘못되었습니다. 
798 행: CaptionBar1의 SubCaption 속성 이름이 잘못되었습니다. 
816 행: CaptionBar1의 SubCaptionFont 속성 이름이 잘못되었습니다. 
785 행: CaptionBar1의 Picture 속성을 설정할 수 없습니다.
841 행: cmdAction의 _ExtentX 속성 이름이 잘못되었습니다. 
842 행: cmdAction의 _ExtentY 속성 이름이 잘못되었습니다. 
843 행: cmdAction의 Caption 속성 이름이 잘못되었습니다. 
853 행: cmdAction의 MaskColor 속성 이름이 잘못되었습니다. 
855 행: cmdAction의 BorderColor 속성 이름이 잘못되었습니다. 
864 행: cmdAction의 _ExtentX 속성 이름이 잘못되었습니다. 
865 행: cmdAction의 _ExtentY 속성 이름이 잘못되었습니다. 
866 행: cmdAction의 Caption 속성 이름이 잘못되었습니다. 
876 행: cmdAction의 MaskColor 속성 이름이 잘못되었습니다. 
878 행: cmdAction의 BorderColor 속성 이름이 잘못되었습니다. 
887 행: cmdAction의 _ExtentX 속성 이름이 잘못되었습니다. 
888 행: cmdAction의 _ExtentY 속성 이름이 잘못되었습니다. 
889 행: cmdAction의 Caption 속성 이름이 잘못되었습니다. 
899 행: cmdAction의 MaskColor 속성 이름이 잘못되었습니다. 
901 행: cmdAction의 BorderColor 속성 이름이 잘못되었습니다. 
910 행: cmdAction의 _ExtentX 속성 이름이 잘못되었습니다. 
911 행: cmdAction의 _ExtentY 속성 이름이 잘못되었습니다. 
912 행: cmdAction의 Caption 속성 이름이 잘못되었습니다. 
922 행: cmdAction의 MaskColor 속성 이름이 잘못되었습니다. 
924 행: cmdAction의 BorderColor 속성 이름이 잘못되었습니다. 
933 행: cmdEQP의 _ExtentX 속성 이름이 잘못되었습니다. 
934 행: cmdEQP의 _ExtentY 속성 이름이 잘못되었습니다. 
935 행: cmdEQP의 Caption 속성 이름이 잘못되었습니다. 
946 행: cmdEQP의 MaskColor 속성 이름이 잘못되었습니다. 
947 행: cmdEQP의 PicCapAlign 속성 이름이 잘못되었습니다. 
949 행: cmdEQP의 BorderColor 속성 이름이 잘못되었습니다. 
927 행: cmdEQP의 Picture 속성을 설정할 수 없습니다.
959 행: pnlPoplist의 _ExtentX 속성 이름이 잘못되었습니다. 
960 행: pnlPoplist의 _ExtentY 속성 이름이 잘못되었습니다. 
961 행: pnlPoplist의 Bevel 속성 이름이 잘못되었습니다. 
962 행: pnlPoplist의 Moveble 속성 이름이 잘못되었습니다. 
963 행: pnlPoplist의 CloseEnabled 속성 이름이 잘못되었습니다. 
