09:51:10 : 프린터 상태를 확인하세요.:응답없음
   위치: IdifCommon.frmExcelPrintBase.PrintStart()
   위치: IdifCommon.frmExcelPrintBase.PrintStart()
   위치: IdifCommon.frmExcelPrintBase.cmdPrintStart_Click(Object sender, EventArgs e)

12:02:04 : '(비 매 품)*0.001'의 토큰이 잘못되었습니다.((비 매 품)*0.001)
   위치: MS.Internal.Xml.XPath.XPathParser.CheckToken(LexKind t)
   위치: MS.Internal.Xml.XPath.XPathParser.ParsePrimaryExpr(AstNode qyInput)
   위치: MS.Internal.Xml.XPath.XPathParser.ParseFilterExpr(AstNode qyInput)
   위치: MS.Internal.Xml.XPath.XPathParser.ParsePathExpr(AstNode qyInput)
   위치: MS.Internal.Xml.XPath.XPathParser.ParseUnionExpr(AstNode qyInput)
   위치: MS.Internal.Xml.XPath.XPathParser.ParseUnaryExpr(AstNode qyInput)
   위치: MS.Internal.Xml.XPath.XPathParser.ParseMultiplicativeExpr(AstNode qyInput)
   위치: MS.Internal.Xml.XPath.XPathParser.ParseAdditiveExpr(AstNode qyInput)
   위치: MS.Internal.Xml.XPath.XPathParser.ParseRelationalExpr(AstNode qyInput)
   위치: MS.Internal.Xml.XPath.XPathParser.ParseEqualityExpr(AstNode qyInput)
   위치: MS.Internal.Xml.XPath.XPathParser.ParseAndExpr(AstNode qyInput)
   위치: MS.Internal.Xml.XPath.XPathParser.ParseOrExpr(AstNode qyInput)
   위치: MS.Internal.Xml.XPath.XPathParser.ParseXPathExpresion(String xpathExpresion)
   위치: System.Xml.XPath.XPathExpression.Compile(String xpath, IXmlNamespaceResolver nsResolver)
   위치: System.Xml.XPath.XPathNavigator.Evaluate(String xpath)
   위치: IdifCommon.clsCommon.Evaluate(String prmText)
   위치: IdifCommon.clsCommon.Evaluate(String prmText)
   위치: IdifCommon.clsLabel.MakePrintData(String prmTemplateData, Int32 prmHomeX, Int32 prmHomeY, SheetView prmSpreadSheet, Int32 prmRowIndex, Int32 prmPrintQty)
   위치: IdifCommon.clsLabel.MakePrintData(String prmTemplateData, Int32 prmHomeX, Int32 prmHomeY, SheetView prmSpreadSheet, Int32 prmRowIndex, Int32 prmPrintQty)
   위치: IdifCommon.frmExcelPrintBase.PrintStart()
   위치: IdifCommon.frmExcelPrintBase.PrintStart()
   위치: IdifCommon.frmExcelPrintBase.cmdPrintStart_Click(Object sender, EventArgs e)

12:05:35 : Format처리 필드 이상((비매품)):수치형이 안닙니다.
   위치: IdifCommon.clsLabel.MakePrintData(String prmTemplateData, Int32 prmHomeX, Int32 prmHomeY, SheetView prmSpreadSheet, Int32 prmRowIndex, Int32 prmPrintQty)
   위치: IdifCommon.clsLabel.MakePrintData(String prmTemplateData, Int32 prmHomeX, Int32 prmHomeY, SheetView prmSpreadSheet, Int32 prmRowIndex, Int32 prmPrintQty)
   위치: IdifCommon.frmExcelPrintBase.PrintStart()
   위치: IdifCommon.frmExcelPrintBase.PrintStart()
   위치: IdifCommon.frmExcelPrintBase.cmdPrintStart_Click(Object sender, EventArgs e)

12:10:38 : '(비 매 품)*0.001'의 토큰이 잘못되었습니다.((비 매 품)*0.001)
   위치: MS.Internal.Xml.XPath.XPathParser.CheckToken(LexKind t)
   위치: MS.Internal.Xml.XPath.XPathParser.ParsePrimaryExpr(AstNode qyInput)
   위치: MS.Internal.Xml.XPath.XPathParser.ParseFilterExpr(AstNode qyInput)
   위치: MS.Internal.Xml.XPath.XPathParser.ParsePathExpr(AstNode qyInput)
   위치: MS.Internal.Xml.XPath.XPathParser.ParseUnionExpr(AstNode qyInput)
   위치: MS.Internal.Xml.XPath.XPathParser.ParseUnaryExpr(AstNode qyInput)
   위치: MS.Internal.Xml.XPath.XPathParser.ParseMultiplicativeExpr(AstNode qyInput)
   위치: MS.Internal.Xml.XPath.XPathParser.ParseAdditiveExpr(AstNode qyInput)
   위치: MS.Internal.Xml.XPath.XPathParser.ParseRelationalExpr(AstNode qyInput)
   위치: MS.Internal.Xml.XPath.XPathParser.ParseEqualityExpr(AstNode qyInput)
   위치: MS.Internal.Xml.XPath.XPathParser.ParseAndExpr(AstNode qyInput)
   위치: MS.Internal.Xml.XPath.XPathParser.ParseOrExpr(AstNode qyInput)
   위치: MS.Internal.Xml.XPath.XPathParser.ParseXPathExpresion(String xpathExpresion)
   위치: System.Xml.XPath.XPathExpression.Compile(String xpath, IXmlNamespaceResolver nsResolver)
   위치: System.Xml.XPath.XPathNavigator.Evaluate(String xpath)
   위치: IdifCommon.clsCommon.Evaluate(String prmText)
   위치: IdifCommon.clsCommon.Evaluate(String prmText)
   위치: IdifCommon.clsLabel.MakePrintData(String prmTemplateData, Int32 prmHomeX, Int32 prmHomeY, SheetView prmSpreadSheet, Int32 prmRowIndex, Int32 prmPrintQty)
   위치: IdifCommon.clsLabel.MakePrintData(String prmTemplateData, Int32 prmHomeX, Int32 prmHomeY, SheetView prmSpreadSheet, Int32 prmRowIndex, Int32 prmPrintQty)
   위치: IdifCommon.frmExcelPrintBase.PrintStart()
   위치: IdifCommon.frmExcelPrintBase.PrintStart()
   위치: IdifCommon.frmExcelPrintBase.cmdPrintStart_Click(Object sender, EventArgs e)

12:10:43 : '(비 매 품)*0.001'의 토큰이 잘못되었습니다.((비 매 품)*0.001)
   위치: MS.Internal.Xml.XPath.XPathParser.CheckToken(LexKind t)
   위치: MS.Internal.Xml.XPath.XPathParser.ParsePrimaryExpr(AstNode qyInput)
   위치: MS.Internal.Xml.XPath.XPathParser.ParseFilterExpr(AstNode qyInput)
   위치: MS.Internal.Xml.XPath.XPathParser.ParsePathExpr(AstNode qyInput)
   위치: MS.Internal.Xml.XPath.XPathParser.ParseUnionExpr(AstNode qyInput)
   위치: MS.Internal.Xml.XPath.XPathParser.ParseUnaryExpr(AstNode qyInput)
   위치: MS.Internal.Xml.XPath.XPathParser.ParseMultiplicativeExpr(AstNode qyInput)
   위치: MS.Internal.Xml.XPath.XPathParser.ParseAdditiveExpr(AstNode qyInput)
   위치: MS.Internal.Xml.XPath.XPathParser.ParseRelationalExpr(AstNode qyInput)
   위치: MS.Internal.Xml.XPath.XPathParser.ParseEqualityExpr(AstNode qyInput)
   위치: MS.Internal.Xml.XPath.XPathParser.ParseAndExpr(AstNode qyInput)
   위치: MS.Internal.Xml.XPath.XPathParser.ParseOrExpr(AstNode qyInput)
   위치: MS.Internal.Xml.XPath.XPathParser.ParseXPathExpresion(String xpathExpresion)
   위치: System.Xml.XPath.XPathExpression.Compile(String xpath, IXmlNamespaceResolver nsResolver)
   위치: System.Xml.XPath.XPathNavigator.Evaluate(String xpath)
   위치: IdifCommon.clsCommon.Evaluate(String prmText)
   위치: IdifCommon.clsCommon.Evaluate(String prmText)
   위치: IdifCommon.clsLabel.MakePrintData(String prmTemplateData, Int32 prmHomeX, Int32 prmHomeY, SheetView prmSpreadSheet, Int32 prmRowIndex, Int32 prmPrintQty)
   위치: IdifCommon.clsLabel.MakePrintData(String prmTemplateData, Int32 prmHomeX, Int32 prmHomeY, SheetView prmSpreadSheet, Int32 prmRowIndex, Int32 prmPrintQty)
   위치: IdifCommon.frmExcelPrintBase.PrintStart()
   위치: IdifCommon.frmExcelPrintBase.PrintStart()
   위치: IdifCommon.frmExcelPrintBase.cmdPrintStart_Click(Object sender, EventArgs e)

12:11:10 : '(비 매 품)*0.001'의 토큰이 잘못되었습니다.((비 매 품)*0.001)
   위치: MS.Internal.Xml.XPath.XPathParser.CheckToken(LexKind t)
   위치: MS.Internal.Xml.XPath.XPathParser.ParsePrimaryExpr(AstNode qyInput)
   위치: MS.Internal.Xml.XPath.XPathParser.ParseFilterExpr(AstNode qyInput)
   위치: MS.Internal.Xml.XPath.XPathParser.ParsePathExpr(AstNode qyInput)
   위치: MS.Internal.Xml.XPath.XPathParser.ParseUnionExpr(AstNode qyInput)
   위치: MS.Internal.Xml.XPath.XPathParser.ParseUnaryExpr(AstNode qyInput)
   위치: MS.Internal.Xml.XPath.XPathParser.ParseMultiplicativeExpr(AstNode qyInput)
   위치: MS.Internal.Xml.XPath.XPathParser.ParseAdditiveExpr(AstNode qyInput)
   위치: MS.Internal.Xml.XPath.XPathParser.ParseRelationalExpr(AstNode qyInput)
   위치: MS.Internal.Xml.XPath.XPathParser.ParseEqualityExpr(AstNode qyInput)
   위치: MS.Internal.Xml.XPath.XPathParser.ParseAndExpr(AstNode qyInput)
   위치: MS.Internal.Xml.XPath.XPathParser.ParseOrExpr(AstNode qyInput)
   위치: MS.Internal.Xml.XPath.XPathParser.ParseXPathExpresion(String xpathExpresion)
   위치: System.Xml.XPath.XPathExpression.Compile(String xpath, IXmlNamespaceResolver nsResolver)
   위치: System.Xml.XPath.XPathNavigator.Evaluate(String xpath)
   위치: IdifCommon.clsCommon.Evaluate(String prmText)
   위치: IdifCommon.clsCommon.Evaluate(String prmText)
   위치: IdifCommon.clsLabel.MakePrintData(String prmTemplateData, Int32 prmHomeX, Int32 prmHomeY, SheetView prmSpreadSheet, Int32 prmRowIndex, Int32 prmPrintQty)
   위치: IdifCommon.clsLabel.MakePrintData(String prmTemplateData, Int32 prmHomeX, Int32 prmHomeY, SheetView prmSpreadSheet, Int32 prmRowIndex, Int32 prmPrintQty)
   위치: IdifCommon.frmExcelPrintBase.PrintStart()
   위치: IdifCommon.frmExcelPrintBase.PrintStart()
   위치: IdifCommon.frmExcelPrintBase.cmdPrintStart_Click(Object sender, EventArgs e)

12:32:23 : '(비 매 품)*0.001'의 토큰이 잘못되었습니다.((비 매 품)*0.001)
   위치: MS.Internal.Xml.XPath.XPathParser.CheckToken(LexKind t)
   위치: MS.Internal.Xml.XPath.XPathParser.ParsePrimaryExpr(AstNode qyInput)
   위치: MS.Internal.Xml.XPath.XPathParser.ParseFilterExpr(AstNode qyInput)
   위치: MS.Internal.Xml.XPath.XPathParser.ParsePathExpr(AstNode qyInput)
   위치: MS.Internal.Xml.XPath.XPathParser.ParseUnionExpr(AstNode qyInput)
   위치: MS.Internal.Xml.XPath.XPathParser.ParseUnaryExpr(AstNode qyInput)
   위치: MS.Internal.Xml.XPath.XPathParser.ParseMultiplicativeExpr(AstNode qyInput)
   위치: MS.Internal.Xml.XPath.XPathParser.ParseAdditiveExpr(AstNode qyInput)
   위치: MS.Internal.Xml.XPath.XPathParser.ParseRelationalExpr(AstNode qyInput)
   위치: MS.Internal.Xml.XPath.XPathParser.ParseEqualityExpr(AstNode qyInput)
   위치: MS.Internal.Xml.XPath.XPathParser.ParseAndExpr(AstNode qyInput)
   위치: MS.Internal.Xml.XPath.XPathParser.ParseOrExpr(AstNode qyInput)
   위치: MS.Internal.Xml.XPath.XPathParser.ParseXPathExpresion(String xpathExpresion)
   위치: System.Xml.XPath.XPathExpression.Compile(String xpath, IXmlNamespaceResolver nsResolver)
   위치: System.Xml.XPath.XPathNavigator.Evaluate(String xpath)
   위치: IdifCommon.clsCommon.Evaluate(String prmText)
   위치: IdifCommon.clsCommon.Evaluate(String prmText)
   위치: IdifCommon.clsLabel.MakePrintData(String prmTemplateData, Int32 prmHomeX, Int32 prmHomeY, SheetView prmSpreadSheet, Int32 prmRowIndex, Int32 prmPrintQty)
   위치: IdifCommon.clsLabel.MakePrintData(String prmTemplateData, Int32 prmHomeX, Int32 prmHomeY, SheetView prmSpreadSheet, Int32 prmRowIndex, Int32 prmPrintQty)
   위치: IdifCommon.frmExcelPrintBase.PrintStart()
   위치: IdifCommon.frmExcelPrintBase.PrintStart()
   위치: IdifCommon.frmExcelPrintBase.cmdPrintStart_Click(Object sender, EventArgs e)

12:37:26 : 프린터 상태를 확인하세요.:응답없음
   위치: IdifCommon.frmExcelPrintBase.PrintStart()
   위치: IdifCommon.frmExcelPrintBase.PrintStart()
   위치: IdifCommon.frmExcelPrintBase.cmdPrintStart_Click(Object sender, EventArgs e)

12:42:47 : 프린터 상태를 확인하세요.:버퍼FULL
   위치: IdifCommon.frmExcelPrintBase.PrintStart()
   위치: IdifCommon.frmExcelPrintBase.PrintStart()
   위치: IdifCommon.frmExcelPrintBase.cmdPrintStart_Click(Object sender, EventArgs e)

