63 행: pnlCom2 컨트롤의 HSCotrol.UserPanel 클래스는 로드한 컨트롤 클래스가 아닙니다.
94 행: cmdChksum 컨트롤의 HSCotrol.CButton 클래스는 로드한 컨트롤 클래스가 아닙니다.
116 행: cmdCOMOutput2 컨트롤의 HSCotrol.CButton 클래스는 로드한 컨트롤 클래스가 아닙니다.
138 행: cmdCOMClear2 컨트롤의 HSCotrol.CButton 클래스는 로드한 컨트롤 클래스가 아닙니다.
161 행: cmdCOMInput2 컨트롤의 HSCotrol.CButton 클래스는 로드한 컨트롤 클래스가 아닙니다.
183 행: cmdCOMLoad 컨트롤의 HSCotrol.CButton 클래스는 로드한 컨트롤 클래스가 아닙니다.
206 행: cmdACK 컨트롤의 HSCotrol.CButton 클래스는 로드한 컨트롤 클래스가 아닙니다.
228 행: cmdENQ 컨트롤의 HSCotrol.CButton 클래스는 로드한 컨트롤 클래스가 아닙니다.
270 행: pnlCom 컨트롤의 HSCotrol.UserPanel 클래스는 로드한 컨트롤 클래스가 아닙니다.
294 행: cmdCOMSave 컨트롤의 HSCotrol.CButton 클래스는 로드한 컨트롤 클래스가 아닙니다.
317 행: cmdCOMOutput 컨트롤의 HSCotrol.CButton 클래스는 로드한 컨트롤 클래스가 아닙니다.
339 행: cmdCOMClear 컨트롤의 HSCotrol.CButton 클래스는 로드한 컨트롤 클래스가 아닙니다.
362 행: cmdCOMInput 컨트롤의 HSCotrol.CButton 클래스는 로드한 컨트롤 클래스가 아닙니다.
475 행: cmdOk 컨트롤의 HSCotrol.CButton 클래스는 로드한 컨트롤 클래스가 아닙니다.
652 행: cmdAction 컨트롤의 HSCotrol.CButton 클래스는 로드한 컨트롤 클래스가 아닙니다.
675 행: cmdAction 컨트롤의 HSCotrol.CButton 클래스는 로드한 컨트롤 클래스가 아닙니다.
698 행: cmdAction 컨트롤의 HSCotrol.CButton 클래스는 로드한 컨트롤 클래스가 아닙니다.
721 행: cmdAction 컨트롤의 HSCotrol.CButton 클래스는 로드한 컨트롤 클래스가 아닙니다.
782 행: CaptionBar1 컨트롤의 HSCotrol.CaptionBar 클래스는 로드한 컨트롤 클래스가 아닙니다.
70 행: pnlCom2의 _ExtentX 속성 이름이 잘못되었습니다. 
71 행: pnlCom2의 _ExtentY 속성 이름이 잘못되었습니다. 
100 행: cmdChksum의 _ExtentX 속성 이름이 잘못되었습니다. 
101 행: cmdChksum의 _ExtentY 속성 이름이 잘못되었습니다. 
102 행: cmdChksum의 Caption 속성 이름이 잘못되었습니다. 
112 행: cmdChksum의 MaskColor 속성 이름이 잘못되었습니다. 
114 행: cmdChksum의 BorderColor 속성 이름이 잘못되었습니다. 
122 행: cmdCOMOutput2의 _ExtentX 속성 이름이 잘못되었습니다. 
123 행: cmdCOMOutput2의 _ExtentY 속성 이름이 잘못되었습니다. 
124 행: cmdCOMOutput2의 Caption 속성 이름이 잘못되었습니다. 
134 행: cmdCOMOutput2의 MaskColor 속성 이름이 잘못되었습니다. 
136 행: cmdCOMOutput2의 BorderColor 속성 이름이 잘못되었습니다. 
145 행: cmdCOMClear2의 _ExtentX 속성 이름이 잘못되었습니다. 
146 행: cmdCOMClear2의 _ExtentY 속성 이름이 잘못되었습니다. 
147 행: cmdCOMClear2의 Caption 속성 이름이 잘못되었습니다. 
157 행: cmdCOMClear2의 MaskColor 속성 이름이 잘못되었습니다. 
159 행: cmdCOMClear2의 BorderColor 속성 이름이 잘못되었습니다. 
167 행: cmdCOMInput2의 _ExtentX 속성 이름이 잘못되었습니다. 
168 행: cmdCOMInput2의 _ExtentY 속성 이름이 잘못되었습니다. 
169 행: cmdCOMInput2의 Caption 속성 이름이 잘못되었습니다. 
179 행: cmdCOMInput2의 MaskColor 속성 이름이 잘못되었습니다. 
181 행: cmdCOMInput2의 BorderColor 속성 이름이 잘못되었습니다. 
190 행: cmdCOMLoad의 _ExtentX 속성 이름이 잘못되었습니다. 
191 행: cmdCOMLoad의 _ExtentY 속성 이름이 잘못되었습니다. 
192 행: cmdCOMLoad의 Caption 속성 이름이 잘못되었습니다. 
202 행: cmdCOMLoad의 MaskColor 속성 이름이 잘못되었습니다. 
204 행: cmdCOMLoad의 BorderColor 속성 이름이 잘못되었습니다. 
212 행: cmdACK의 _ExtentX 속성 이름이 잘못되었습니다. 
213 행: cmdACK의 _ExtentY 속성 이름이 잘못되었습니다. 
214 행: cmdACK의 Caption 속성 이름이 잘못되었습니다. 
224 행: cmdACK의 MaskColor 속성 이름이 잘못되었습니다. 
226 행: cmdACK의 BorderColor 속성 이름이 잘못되었습니다. 
234 행: cmdENQ의 _ExtentX 속성 이름이 잘못되었습니다. 
235 행: cmdENQ의 _ExtentY 속성 이름이 잘못되었습니다. 
236 행: cmdENQ의 Caption 속성 이름이 잘못되었습니다. 
246 행: cmdENQ의 MaskColor 속성 이름이 잘못되었습니다. 
248 행: cmdENQ의 BorderColor 속성 이름이 잘못되었습니다. 
277 행: pnlCom의 _ExtentX 속성 이름이 잘못되었습니다. 
278 행: pnlCom의 _ExtentY 속성 이름이 잘못되었습니다. 
301 행: cmdCOMSave의 _ExtentX 속성 이름이 잘못되었습니다. 
302 행: cmdCOMSave의 _ExtentY 속성 이름이 잘못되었습니다. 
303 행: cmdCOMSave의 Caption 속성 이름이 잘못되었습니다. 
313 행: cmdCOMSave의 MaskColor 속성 이름이 잘못되었습니다. 
315 행: cmdCOMSave의 BorderColor 속성 이름이 잘못되었습니다. 
323 행: cmdCOMOutput의 _ExtentX 속성 이름이 잘못되었습니다. 
324 행: cmdCOMOutput의 _ExtentY 속성 이름이 잘못되었습니다. 
325 행: cmdCOMOutput의 Caption 속성 이름이 잘못되었습니다. 
335 행: cmdCOMOutput의 MaskColor 속성 이름이 잘못되었습니다. 
337 행: cmdCOMOutput의 BorderColor 속성 이름이 잘못되었습니다. 
346 행: cmdCOMClear의 _ExtentX 속성 이름이 잘못되었습니다. 
347 행: cmdCOMClear의 _ExtentY 속성 이름이 잘못되었습니다. 
348 행: cmdCOMClear의 Caption 속성 이름이 잘못되었습니다. 
358 행: cmdCOMClear의 MaskColor 속성 이름이 잘못되었습니다. 
360 행: cmdCOMClear의 BorderColor 속성 이름이 잘못되었습니다. 
368 행: cmdCOMInput의 _ExtentX 속성 이름이 잘못되었습니다. 
369 행: cmdCOMInput의 _ExtentY 속성 이름이 잘못되었습니다. 
370 행: cmdCOMInput의 Caption 속성 이름이 잘못되었습니다. 
380 행: cmdCOMInput의 MaskColor 속성 이름이 잘못되었습니다. 
382 행: cmdCOMInput의 BorderColor 속성 이름이 잘못되었습니다. 
481 행: cmdOk의 _ExtentX 속성 이름이 잘못되었습니다. 
482 행: cmdOk의 _ExtentY 속성 이름이 잘못되었습니다. 
483 행: cmdOk의 Caption 속성 이름이 잘못되었습니다. 
493 행: cmdOk의 MaskColor 속성 이름이 잘못되었습니다. 
495 행: cmdOk의 BorderColor 속성 이름이 잘못되었습니다. 
659 행: cmdAction의 _ExtentX 속성 이름이 잘못되었습니다. 
660 행: cmdAction의 _ExtentY 속성 이름이 잘못되었습니다. 
661 행: cmdAction의 Caption 속성 이름이 잘못되었습니다. 
671 행: cmdAction의 MaskColor 속성 이름이 잘못되었습니다. 
673 행: cmdAction의 BorderColor 속성 이름이 잘못되었습니다. 
682 행: cmdAction의 _ExtentX 속성 이름이 잘못되었습니다. 
683 행: cmdAction의 _ExtentY 속성 이름이 잘못되었습니다. 
684 행: cmdAction의 Caption 속성 이름이 잘못되었습니다. 
694 행: cmdAction의 MaskColor 속성 이름이 잘못되었습니다. 
696 행: cmdAction의 BorderColor 속성 이름이 잘못되었습니다. 
705 행: cmdAction의 _ExtentX 속성 이름이 잘못되었습니다. 
706 행: cmdAction의 _ExtentY 속성 이름이 잘못되었습니다. 
707 행: cmdAction의 Caption 속성 이름이 잘못되었습니다. 
717 행: cmdAction의 MaskColor 속성 이름이 잘못되었습니다. 
719 행: cmdAction의 BorderColor 속성 이름이 잘못되었습니다. 
728 행: cmdAction의 _ExtentX 속성 이름이 잘못되었습니다. 
729 행: cmdAction의 _ExtentY 속성 이름이 잘못되었습니다. 
730 행: cmdAction의 Caption 속성 이름이 잘못되었습니다. 
740 행: cmdAction의 MaskColor 속성 이름이 잘못되었습니다. 
742 행: cmdAction의 BorderColor 속성 이름이 잘못되었습니다. 
789 행: CaptionBar1의 _ExtentX 속성 이름이 잘못되었습니다. 
790 행: CaptionBar1의 _ExtentY 속성 이름이 잘못되었습니다. 
791 행: CaptionBar1의 Border 속성 이름이 잘못되었습니다. 
792 행: CaptionBar1의 CaptionBackColor 속성 이름이 잘못되었습니다. 
794 행: CaptionBar1의 Caption 속성 이름이 잘못되었습니다. 
795 행: CaptionBar1의 SubCaption 속성 이름이 잘못되었습니다. 
813 행: CaptionBar1의 SubCaptionFont 속성 이름이 잘못되었습니다. 
782 행: CaptionBar1의 Picture 속성을 설정할 수 없습니다.
