오후 2:02:08 [Use Proc => GETQUERY ]<?xml version='1.0' encoding='UTF-8'?>
<NewDataSet>
<Table>
<QID><![CDATA[PKG_LAB.INTERFACE_S23]]></QID>
<QTYPE><![CDATA[Package]]></QTYPE>
<USERID><![CDATA[HIS]]></USERID>
<EXECTYPE><![CDATA[FILL]]></EXECTYPE>
<TABLENAME><![CDATA[]]></TABLENAME>
<P0><![CDATA[20200608]]></P0>
<P1><![CDATA[20200608]]></P1>
<P2><![CDATA[1]]></P2>
<P3><![CDATA[L25]]></P3>
<P4><![CDATA[YYYYY,ZZZZZ,XXXXX,L25617,L25616]]></P4>
<P5><![CDATA[0]]></P5>
<P6><![CDATA[9999]]></P6>
<P7><![CDATA[1,2]]></P7>
<P8><![CDATA[]]></P8>
</Table>
</NewDataSet>

오후 2:02:08 [Return Proc => GETQUERY ]<?xml version='1.0' encoding='utf-8'?>
<NewDataSet>
	<Table0>
		<ACPT_DTE><![CDATA[2020-06-08 오전 12:00:00]]></ACPT_DTE>
		<ACPTNO_1><![CDATA[405]]></ACPTNO_1>
		<PT_NO><![CDATA[B0000000]]></PT_NO>
		<PATNAME><![CDATA[테스트환자]]></PATNAME>
		<SEX><![CDATA[F]]></SEX>
		<AGE><![CDATA[15]]></AGE>
		<SPC_NO><![CDATA[20060816137]]></SPC_NO>
		<ORD_SITE><![CDATA[CP]]></ORD_SITE>
		<WRK_UNT_CD><![CDATA[VIRUS]]></WRK_UNT_CD>
		<TST_CD><![CDATA[L25616]]></TST_CD>
		<TST_SNM><![CDATA[2019-nCoV]]></TST_SNM>
		<SPC_NM><![CDATA[Nasopharyngeal Swab]]></SPC_NM>
		<TST_STAT><![CDATA[1]]></TST_STAT>
		<ACPT_DTETM><![CDATA[2020-06-08 오후 2:37:23]]></ACPT_DTETM>
		<DOCTORNOTE_YN><![CDATA[N]]></DOCTORNOTE_YN>
		<TSNO><![CDATA[]]></TSNO>
		<DEXM_YENU><![CDATA[]]></DEXM_YENU>
	</Table0>
</NewDataSet>

오후 2:02:14 [Use Proc => GETQUERY ]<?xml version='1.0' encoding='UTF-8'?>
<NewDataSet>
<Table>
<QID><![CDATA[PKG_LAB.INTERFACE_S32]]></QID>
<QTYPE><![CDATA[Package]]></QTYPE>
<USERID><![CDATA[HIS]]></USERID>
<EXECTYPE><![CDATA[FILL]]></EXECTYPE>
<TABLENAME><![CDATA[]]></TABLENAME>
<P0><![CDATA[20060816137]]></P0>
<P1><![CDATA[]]></P1>
</Table>
</NewDataSet>

오후 2:02:14 [Return Proc => GETQUERY ]<?xml version='1.0' encoding='utf-8'?>
<NewDataSet>
	<Table0>
		<ACPT_DTE><![CDATA[2020-06-08 오전 12:00:00]]></ACPT_DTE>
		<ACPTNO_1><![CDATA[405]]></ACPTNO_1>
		<PT_NO><![CDATA[B0000000]]></PT_NO>
		<PATNAME><![CDATA[테스트환자]]></PATNAME>
		<SEX><![CDATA[F]]></SEX>
		<AGE><![CDATA[15]]></AGE>
		<SPC_NO><![CDATA[20060816137]]></SPC_NO>
		<ORD_SITE><![CDATA[CP]]></ORD_SITE>
		<WRK_UNT_CD><![CDATA[VIRUS]]></WRK_UNT_CD>
		<TST_CD><![CDATA[L25616]]></TST_CD>
		<TST_SNM><![CDATA[2019-nCoV]]></TST_SNM>
		<SPC_NM><![CDATA[Nasopharyngeal Swab]]></SPC_NM>
		<TST_STAT><![CDATA[1]]></TST_STAT>
		<ACPT_DTETM><![CDATA[2020-06-08 오후 2:37:23]]></ACPT_DTETM>
		<DOCTORNOTE_YN><![CDATA[N]]></DOCTORNOTE_YN>
		<TSNO><![CDATA[]]></TSNO>
		<DEXM_YENU><![CDATA[]]></DEXM_YENU>
	</Table0>
	<Table0>
		<ACPT_DTE><![CDATA[2020-06-08 오전 12:00:00]]></ACPT_DTE>
		<ACPTNO_1><![CDATA[405]]></ACPTNO_1>
		<PT_NO><![CDATA[B0000000]]></PT_NO>
		<PATNAME><![CDATA[테스트환자]]></PATNAME>
		<SEX><![CDATA[F]]></SEX>
		<AGE><![CDATA[15]]></AGE>
		<SPC_NO><![CDATA[20060816137]]></SPC_NO>
		<ORD_SITE><![CDATA[CP]]></ORD_SITE>
		<WRK_UNT_CD><![CDATA[VIRUS]]></WRK_UNT_CD>
		<TST_CD><![CDATA[L25617]]></TST_CD>
		<TST_SNM><![CDATA[2019-nCoV[비급여]]]></TST_SNM>
		<SPC_NM><![CDATA[Nasopharyngeal Swab]]></SPC_NM>
		<TST_STAT><![CDATA[4]]></TST_STAT>
		<ACPT_DTETM><![CDATA[2020-06-08 오후 2:37:23]]></ACPT_DTETM>
		<DOCTORNOTE_YN><![CDATA[N]]></DOCTORNOTE_YN>
		<TSNO><![CDATA[]]></TSNO>
		<DEXM_YENU><![CDATA[]]></DEXM_YENU>
	</Table0>
</NewDataSet>

오후 2:02:14 [Use Proc => GETQUERY ]<?xml version='1.0' encoding='UTF-8'?>
<NewDataSet>
<Table>
<QID><![CDATA[PKG_LAB.INTERFACE_S32]]></QID>
<QTYPE><![CDATA[Package]]></QTYPE>
<USERID><![CDATA[HIS]]></USERID>
<EXECTYPE><![CDATA[FILL]]></EXECTYPE>
<TABLENAME><![CDATA[]]></TABLENAME>
<P0><![CDATA[09]]></P0>
<P1><![CDATA[]]></P1>
</Table>
</NewDataSet>

오후 2:02:14 [Return Proc => GETQUERY ]<?xml version='1.0' encoding='utf-8'?>
<NewDataSet>
</NewDataSet>

오후 2:02:14 [Use Proc => GETQUERY ]<?xml version='1.0' encoding='UTF-8'?>
<NewDataSet>
<Table>
<QID><![CDATA[PKG_LAB.INTERFACE_S32]]></QID>
<QTYPE><![CDATA[Package]]></QTYPE>
<USERID><![CDATA[HIS]]></USERID>
<EXECTYPE><![CDATA[FILL]]></EXECTYPE>
<TABLENAME><![CDATA[]]></TABLENAME>
<P0><![CDATA[17]]></P0>
<P1><![CDATA[]]></P1>
</Table>
</NewDataSet>

오후 2:02:14 [Return Proc => GETQUERY ]<?xml version='1.0' encoding='utf-8'?>
<NewDataSet>
</NewDataSet>

오후 2:02:14 [Use Proc => GETQUERY ]<?xml version='1.0' encoding='UTF-8'?>
<NewDataSet>
<Table>
<QID><![CDATA[PKG_LAB.INTERFACE_S32]]></QID>
<QTYPE><![CDATA[Package]]></QTYPE>
<USERID><![CDATA[HIS]]></USERID>
<EXECTYPE><![CDATA[FILL]]></EXECTYPE>
<TABLENAME><![CDATA[]]></TABLENAME>
<P0><![CDATA[22-YTH]]></P0>
<P1><![CDATA[]]></P1>
</Table>
</NewDataSet>

오후 2:02:14 [Return Proc => GETQUERY ]<?xml version='1.0' encoding='utf-8'?>
<NewDataSet>
</NewDataSet>

오후 2:02:14 [Use Proc => GETQUERY ]<?xml version='1.0' encoding='UTF-8'?>
<NewDataSet>
<Table>
<QID><![CDATA[PKG_LAB.INTERFACE_S32]]></QID>
<QTYPE><![CDATA[Package]]></QTYPE>
<USERID><![CDATA[HIS]]></USERID>
<EXECTYPE><![CDATA[FILL]]></EXECTYPE>
<TABLENAME><![CDATA[]]></TABLENAME>
<P0><![CDATA[02]]></P0>
<P1><![CDATA[]]></P1>
</Table>
</NewDataSet>

오후 2:02:14 [Return Proc => GETQUERY ]<?xml version='1.0' encoding='utf-8'?>
<NewDataSet>
</NewDataSet>

오후 2:02:14 [Use Proc => GETQUERY ]<?xml version='1.0' encoding='UTF-8'?>
<NewDataSet>
<Table>
<QID><![CDATA[PKG_LAB.INTERFACE_S32]]></QID>
<QTYPE><![CDATA[Package]]></QTYPE>
<USERID><![CDATA[HIS]]></USERID>
<EXECTYPE><![CDATA[FILL]]></EXECTYPE>
<TABLENAME><![CDATA[]]></TABLENAME>
<P0><![CDATA[10]]></P0>
<P1><![CDATA[]]></P1>
</Table>
</NewDataSet>

오후 2:02:14 [Return Proc => GETQUERY ]<?xml version='1.0' encoding='utf-8'?>
<NewDataSet>
</NewDataSet>

오후 2:02:14 [Use Proc => GETQUERY ]<?xml version='1.0' encoding='UTF-8'?>
<NewDataSet>
<Table>
<QID><![CDATA[PKG_LAB.INTERFACE_S32]]></QID>
<QTYPE><![CDATA[Package]]></QTYPE>
<USERID><![CDATA[HIS]]></USERID>
<EXECTYPE><![CDATA[FILL]]></EXECTYPE>
<TABLENAME><![CDATA[]]></TABLENAME>
<P0><![CDATA[18]]></P0>
<P1><![CDATA[]]></P1>
</Table>
</NewDataSet>

오후 2:02:14 [Return Proc => GETQUERY ]<?xml version='1.0' encoding='utf-8'?>
<NewDataSet>
</NewDataSet>

오후 2:02:14 [Use Proc => GETQUERY ]<?xml version='1.0' encoding='UTF-8'?>
<NewDataSet>
<Table>
<QID><![CDATA[PKG_LAB.INTERFACE_S32]]></QID>
<QTYPE><![CDATA[Package]]></QTYPE>
<USERID><![CDATA[HIS]]></USERID>
<EXECTYPE><![CDATA[FILL]]></EXECTYPE>
<TABLENAME><![CDATA[]]></TABLENAME>
<P0><![CDATA[23-LBS]]></P0>
<P1><![CDATA[]]></P1>
</Table>
</NewDataSet>

오후 2:02:14 [Return Proc => GETQUERY ]<?xml version='1.0' encoding='utf-8'?>
<NewDataSet>
</NewDataSet>

오후 2:02:14 [Use Proc => GETQUERY ]<?xml version='1.0' encoding='UTF-8'?>
<NewDataSet>
<Table>
<QID><![CDATA[PKG_LAB.INTERFACE_S32]]></QID>
<QTYPE><![CDATA[Package]]></QTYPE>
<USERID><![CDATA[HIS]]></USERID>
<EXECTYPE><![CDATA[FILL]]></EXECTYPE>
<TABLENAME><![CDATA[]]></TABLENAME>
<P0><![CDATA[03]]></P0>
<P1><![CDATA[]]></P1>
</Table>
</NewDataSet>

오후 2:02:15 [Return Proc => GETQUERY ]<?xml version='1.0' encoding='utf-8'?>
<NewDataSet>
</NewDataSet>

오후 2:02:15 [Use Proc => GETQUERY ]<?xml version='1.0' encoding='UTF-8'?>
<NewDataSet>
<Table>
<QID><![CDATA[PKG_LAB.INTERFACE_S32]]></QID>
<QTYPE><![CDATA[Package]]></QTYPE>
<USERID><![CDATA[HIS]]></USERID>
<EXECTYPE><![CDATA[FILL]]></EXECTYPE>
<TABLENAME><![CDATA[]]></TABLENAME>
<P0><![CDATA[11]]></P0>
<P1><![CDATA[]]></P1>
</Table>
</NewDataSet>

오후 2:02:15 [Return Proc => GETQUERY ]<?xml version='1.0' encoding='utf-8'?>
<NewDataSet>
</NewDataSet>

오후 2:02:15 [Use Proc => GETQUERY ]<?xml version='1.0' encoding='UTF-8'?>
<NewDataSet>
<Table>
<QID><![CDATA[PKG_LAB.INTERFACE_S32]]></QID>
<QTYPE><![CDATA[Package]]></QTYPE>
<USERID><![CDATA[HIS]]></USERID>
<EXECTYPE><![CDATA[FILL]]></EXECTYPE>
<TABLENAME><![CDATA[]]></TABLENAME>
<P0><![CDATA[19]]></P0>
<P1><![CDATA[]]></P1>
</Table>
</NewDataSet>

오후 2:02:15 [Return Proc => GETQUERY ]<?xml version='1.0' encoding='utf-8'?>
<NewDataSet>
</NewDataSet>

오후 2:02:15 [Use Proc => GETQUERY ]<?xml version='1.0' encoding='UTF-8'?>
<NewDataSet>
<Table>
<QID><![CDATA[PKG_LAB.INTERFACE_S32]]></QID>
<QTYPE><![CDATA[Package]]></QTYPE>
<USERID><![CDATA[HIS]]></USERID>
<EXECTYPE><![CDATA[FILL]]></EXECTYPE>
<TABLENAME><![CDATA[]]></TABLENAME>
<P0><![CDATA[24-CYJ]]></P0>
<P1><![CDATA[]]></P1>
</Table>
</NewDataSet>

오후 2:02:15 [Return Proc => GETQUERY ]<?xml version='1.0' encoding='utf-8'?>
<NewDataSet>
</NewDataSet>

오후 2:02:15 [Use Proc => GETQUERY ]<?xml version='1.0' encoding='UTF-8'?>
<NewDataSet>
<Table>
<QID><![CDATA[PKG_LAB.INTERFACE_S32]]></QID>
<QTYPE><![CDATA[Package]]></QTYPE>
<USERID><![CDATA[HIS]]></USERID>
<EXECTYPE><![CDATA[FILL]]></EXECTYPE>
<TABLENAME><![CDATA[]]></TABLENAME>
<P0><![CDATA[04]]></P0>
<P1><![CDATA[]]></P1>
</Table>
</NewDataSet>

오후 2:02:15 [Return Proc => GETQUERY ]<?xml version='1.0' encoding='utf-8'?>
<NewDataSet>
</NewDataSet>

오후 2:02:15 [Use Proc => GETQUERY ]<?xml version='1.0' encoding='UTF-8'?>
<NewDataSet>
<Table>
<QID><![CDATA[PKG_LAB.INTERFACE_S32]]></QID>
<QTYPE><![CDATA[Package]]></QTYPE>
<USERID><![CDATA[HIS]]></USERID>
<EXECTYPE><![CDATA[FILL]]></EXECTYPE>
<TABLENAME><![CDATA[]]></TABLENAME>
<P0><![CDATA[12]]></P0>
<P1><![CDATA[]]></P1>
</Table>
</NewDataSet>

오후 2:02:15 [Return Proc => GETQUERY ]<?xml version='1.0' encoding='utf-8'?>
<NewDataSet>
</NewDataSet>

오후 2:02:15 [Use Proc => GETQUERY ]<?xml version='1.0' encoding='UTF-8'?>
<NewDataSet>
<Table>
<QID><![CDATA[PKG_LAB.INTERFACE_S32]]></QID>
<QTYPE><![CDATA[Package]]></QTYPE>
<USERID><![CDATA[HIS]]></USERID>
<EXECTYPE><![CDATA[FILL]]></EXECTYPE>
<TABLENAME><![CDATA[]]></TABLENAME>
<P0><![CDATA[20]]></P0>
<P1><![CDATA[]]></P1>
</Table>
</NewDataSet>

오후 2:02:15 [Return Proc => GETQUERY ]<?xml version='1.0' encoding='utf-8'?>
<NewDataSet>
</NewDataSet>

오후 2:02:15 [Use Proc => GETQUERY ]<?xml version='1.0' encoding='UTF-8'?>
<NewDataSet>
<Table>
<QID><![CDATA[PKG_LAB.INTERFACE_S32]]></QID>
<QTYPE><![CDATA[Package]]></QTYPE>
<USERID><![CDATA[HIS]]></USERID>
<EXECTYPE><![CDATA[FILL]]></EXECTYPE>
<TABLENAME><![CDATA[]]></TABLENAME>
<P0><![CDATA[25-PHS-NAS]]></P0>
<P1><![CDATA[]]></P1>
</Table>
</NewDataSet>

오후 2:02:15 [Return Proc => GETQUERY ]<?xml version='1.0' encoding='utf-8'?>
<NewDataSet>
</NewDataSet>

오후 2:02:15 [Use Proc => GETQUERY ]<?xml version='1.0' encoding='UTF-8'?>
<NewDataSet>
<Table>
<QID><![CDATA[PKG_LAB.INTERFACE_S32]]></QID>
<QTYPE><![CDATA[Package]]></QTYPE>
<USERID><![CDATA[HIS]]></USERID>
<EXECTYPE><![CDATA[FILL]]></EXECTYPE>
<TABLENAME><![CDATA[]]></TABLENAME>
<P0><![CDATA[05]]></P0>
<P1><![CDATA[]]></P1>
</Table>
</NewDataSet>

오후 2:02:15 [Return Proc => GETQUERY ]<?xml version='1.0' encoding='utf-8'?>
<NewDataSet>
</NewDataSet>

오후 2:02:15 [Use Proc => GETQUERY ]<?xml version='1.0' encoding='UTF-8'?>
<NewDataSet>
<Table>
<QID><![CDATA[PKG_LAB.INTERFACE_S32]]></QID>
<QTYPE><![CDATA[Package]]></QTYPE>
<USERID><![CDATA[HIS]]></USERID>
<EXECTYPE><![CDATA[FILL]]></EXECTYPE>
<TABLENAME><![CDATA[]]></TABLENAME>
<P0><![CDATA[13]]></P0>
<P1><![CDATA[]]></P1>
</Table>
</NewDataSet>

오후 2:02:15 [Return Proc => GETQUERY ]<?xml version='1.0' encoding='utf-8'?>
<NewDataSet>
</NewDataSet>

오후 2:02:15 [Use Proc => GETQUERY ]<?xml version='1.0' encoding='UTF-8'?>
<NewDataSet>
<Table>
<QID><![CDATA[PKG_LAB.INTERFACE_S32]]></QID>
<QTYPE><![CDATA[Package]]></QTYPE>
<USERID><![CDATA[HIS]]></USERID>
<EXECTYPE><![CDATA[FILL]]></EXECTYPE>
<TABLENAME><![CDATA[]]></TABLENAME>
<P0><![CDATA[21]]></P0>
<P1><![CDATA[]]></P1>
</Table>
</NewDataSet>

오후 2:02:15 [Return Proc => GETQUERY ]<?xml version='1.0' encoding='utf-8'?>
<NewDataSet>
</NewDataSet>

오후 2:02:16 [Use Proc => GETQUERY ]<?xml version='1.0' encoding='UTF-8'?>
<NewDataSet>
<Table>
<QID><![CDATA[PKG_LAB.INTERFACE_S32]]></QID>
<QTYPE><![CDATA[Package]]></QTYPE>
<USERID><![CDATA[HIS]]></USERID>
<EXECTYPE><![CDATA[FILL]]></EXECTYPE>
<TABLENAME><![CDATA[]]></TABLENAME>
<P0><![CDATA[26-PHS-SPU]]></P0>
<P1><![CDATA[]]></P1>
</Table>
</NewDataSet>

오후 2:02:16 [Return Proc => GETQUERY ]<?xml version='1.0' encoding='utf-8'?>
<NewDataSet>
</NewDataSet>

오후 2:02:16 [Use Proc => GETQUERY ]<?xml version='1.0' encoding='UTF-8'?>
<NewDataSet>
<Table>
<QID><![CDATA[PKG_LAB.INTERFACE_S32]]></QID>
<QTYPE><![CDATA[Package]]></QTYPE>
<USERID><![CDATA[HIS]]></USERID>
<EXECTYPE><![CDATA[FILL]]></EXECTYPE>
<TABLENAME><![CDATA[]]></TABLENAME>
<P0><![CDATA[06]]></P0>
<P1><![CDATA[]]></P1>
</Table>
</NewDataSet>

오후 2:02:16 [Return Proc => GETQUERY ]<?xml version='1.0' encoding='utf-8'?>
<NewDataSet>
</NewDataSet>

오후 2:02:16 [Use Proc => GETQUERY ]<?xml version='1.0' encoding='UTF-8'?>
<NewDataSet>
<Table>
<QID><![CDATA[PKG_LAB.INTERFACE_S32]]></QID>
<QTYPE><![CDATA[Package]]></QTYPE>
<USERID><![CDATA[HIS]]></USERID>
<EXECTYPE><![CDATA[FILL]]></EXECTYPE>
<TABLENAME><![CDATA[]]></TABLENAME>
<P0><![CDATA[14]]></P0>
<P1><![CDATA[]]></P1>
</Table>
</NewDataSet>

오후 2:02:16 [Return Proc => GETQUERY ]<?xml version='1.0' encoding='utf-8'?>
<NewDataSet>
</NewDataSet>

오후 2:02:16 [Use Proc => GETQUERY ]<?xml version='1.0' encoding='UTF-8'?>
<NewDataSet>
<Table>
<QID><![CDATA[PKG_LAB.INTERFACE_S32]]></QID>
<QTYPE><![CDATA[Package]]></QTYPE>
<USERID><![CDATA[HIS]]></USERID>
<EXECTYPE><![CDATA[FILL]]></EXECTYPE>
<TABLENAME><![CDATA[]]></TABLENAME>
<P0><![CDATA[27-JJH-SPU]]></P0>
<P1><![CDATA[]]></P1>
</Table>
</NewDataSet>

오후 2:02:16 [Return Proc => GETQUERY ]<?xml version='1.0' encoding='utf-8'?>
<NewDataSet>
</NewDataSet>

오후 2:02:16 [Use Proc => GETQUERY ]<?xml version='1.0' encoding='UTF-8'?>
<NewDataSet>
<Table>
<QID><![CDATA[PKG_LAB.INTERFACE_S32]]></QID>
<QTYPE><![CDATA[Package]]></QTYPE>
<USERID><![CDATA[HIS]]></USERID>
<EXECTYPE><![CDATA[FILL]]></EXECTYPE>
<TABLENAME><![CDATA[]]></TABLENAME>
<P0><![CDATA[07]]></P0>
<P1><![CDATA[]]></P1>
</Table>
</NewDataSet>

오후 2:02:16 [Return Proc => GETQUERY ]<?xml version='1.0' encoding='utf-8'?>
<NewDataSet>
</NewDataSet>

오후 2:02:16 [Use Proc => GETQUERY ]<?xml version='1.0' encoding='UTF-8'?>
<NewDataSet>
<Table>
<QID><![CDATA[PKG_LAB.INTERFACE_S32]]></QID>
<QTYPE><![CDATA[Package]]></QTYPE>
<USERID><![CDATA[HIS]]></USERID>
<EXECTYPE><![CDATA[FILL]]></EXECTYPE>
<TABLENAME><![CDATA[]]></TABLENAME>
<P0><![CDATA[15]]></P0>
<P1><![CDATA[]]></P1>
</Table>
</NewDataSet>

오후 2:02:16 [Return Proc => GETQUERY ]<?xml version='1.0' encoding='utf-8'?>
<NewDataSet>
</NewDataSet>

오후 2:02:16 [Use Proc => GETQUERY ]<?xml version='1.0' encoding='UTF-8'?>
<NewDataSet>
<Table>
<QID><![CDATA[PKG_LAB.INTERFACE_S32]]></QID>
<QTYPE><![CDATA[Package]]></QTYPE>
<USERID><![CDATA[HIS]]></USERID>
<EXECTYPE><![CDATA[FILL]]></EXECTYPE>
<TABLENAME><![CDATA[]]></TABLENAME>
<P0><![CDATA[NC]]></P0>
<P1><![CDATA[]]></P1>
</Table>
</NewDataSet>

오후 2:02:16 [Return Proc => GETQUERY ]<?xml version='1.0' encoding='utf-8'?>
<NewDataSet>
</NewDataSet>

오후 2:02:16 [Use Proc => GETQUERY ]<?xml version='1.0' encoding='UTF-8'?>
<NewDataSet>
<Table>
<QID><![CDATA[PKG_LAB.INTERFACE_S32]]></QID>
<QTYPE><![CDATA[Package]]></QTYPE>
<USERID><![CDATA[HIS]]></USERID>
<EXECTYPE><![CDATA[FILL]]></EXECTYPE>
<TABLENAME><![CDATA[]]></TABLENAME>
<P0><![CDATA[08]]></P0>
<P1><![CDATA[]]></P1>
</Table>
</NewDataSet>

오후 2:02:16 [Return Proc => GETQUERY ]<?xml version='1.0' encoding='utf-8'?>
<NewDataSet>
</NewDataSet>

오후 2:02:16 [Use Proc => GETQUERY ]<?xml version='1.0' encoding='UTF-8'?>
<NewDataSet>
<Table>
<QID><![CDATA[PKG_LAB.INTERFACE_S32]]></QID>
<QTYPE><![CDATA[Package]]></QTYPE>
<USERID><![CDATA[HIS]]></USERID>
<EXECTYPE><![CDATA[FILL]]></EXECTYPE>
<TABLENAME><![CDATA[]]></TABLENAME>
<P0><![CDATA[16]]></P0>
<P1><![CDATA[]]></P1>
</Table>
</NewDataSet>

오후 2:02:17 [Return Proc => GETQUERY ]<?xml version='1.0' encoding='utf-8'?>
<NewDataSet>
</NewDataSet>

오후 2:02:17 [Use Proc => GETQUERY ]<?xml version='1.0' encoding='UTF-8'?>
<NewDataSet>
<Table>
<QID><![CDATA[PKG_LAB.INTERFACE_S32]]></QID>
<QTYPE><![CDATA[Package]]></QTYPE>
<USERID><![CDATA[HIS]]></USERID>
<EXECTYPE><![CDATA[FILL]]></EXECTYPE>
<TABLENAME><![CDATA[]]></TABLENAME>
<P0><![CDATA[PC]]></P0>
<P1><![CDATA[]]></P1>
</Table>
</NewDataSet>

오후 2:02:17 [Return Proc => GETQUERY ]<?xml version='1.0' encoding='utf-8'?>
<NewDataSet>
</NewDataSet>

오후 2:02:17 [Use Proc => GETQUERY ]<?xml version='1.0' encoding='UTF-8'?>
<NewDataSet>
<Table>
<QID><![CDATA[PKG_LAB.INTERFACE_S32]]></QID>
<QTYPE><![CDATA[Package]]></QTYPE>
<USERID><![CDATA[HIS]]></USERID>
<EXECTYPE><![CDATA[FILL]]></EXECTYPE>
<TABLENAME><![CDATA[]]></TABLENAME>
<P0><![CDATA[NC]]></P0>
<P1><![CDATA[]]></P1>
</Table>
</NewDataSet>

오후 2:02:17 [Return Proc => GETQUERY ]<?xml version='1.0' encoding='utf-8'?>
<NewDataSet>
</NewDataSet>

오후 2:02:17 [Use Proc => GETQUERY ]<?xml version='1.0' encoding='UTF-8'?>
<NewDataSet>
<Table>
<QID><![CDATA[PKG_LAB.INTERFACE_S32]]></QID>
<QTYPE><![CDATA[Package]]></QTYPE>
<USERID><![CDATA[HIS]]></USERID>
<EXECTYPE><![CDATA[FILL]]></EXECTYPE>
<TABLENAME><![CDATA[]]></TABLENAME>
<P0><![CDATA[PC]]></P0>
<P1><![CDATA[]]></P1>
</Table>
</NewDataSet>

오후 2:02:17 [Return Proc => GETQUERY ]<?xml version='1.0' encoding='utf-8'?>
<NewDataSet>
</NewDataSet>

오후 2:02:17 [Use Proc => GETQUERY ]<?xml version='1.0' encoding='UTF-8'?>
<NewDataSet>
<Table>
<QID><![CDATA[PKG_LAB.INTERFACE_S32]]></QID>
<QTYPE><![CDATA[Package]]></QTYPE>
<USERID><![CDATA[HIS]]></USERID>
<EXECTYPE><![CDATA[FILL]]></EXECTYPE>
<TABLENAME><![CDATA[]]></TABLENAME>
<P0><![CDATA[NC]]></P0>
<P1><![CDATA[]]></P1>
</Table>
</NewDataSet>

오후 2:02:17 [Return Proc => GETQUERY ]<?xml version='1.0' encoding='utf-8'?>
<NewDataSet>
</NewDataSet>

오후 2:02:17 [Use Proc => GETQUERY ]<?xml version='1.0' encoding='UTF-8'?>
<NewDataSet>
<Table>
<QID><![CDATA[PKG_LAB.INTERFACE_S32]]></QID>
<QTYPE><![CDATA[Package]]></QTYPE>
<USERID><![CDATA[HIS]]></USERID>
<EXECTYPE><![CDATA[FILL]]></EXECTYPE>
<TABLENAME><![CDATA[]]></TABLENAME>
<P0><![CDATA[20060816137]]></P0>
<P1><![CDATA[]]></P1>
</Table>
</NewDataSet>

오후 2:02:17 [Return Proc => GETQUERY ]<?xml version='1.0' encoding='utf-8'?>
<NewDataSet>
	<Table0>
		<ACPT_DTE><![CDATA[2020-06-08 오전 12:00:00]]></ACPT_DTE>
		<ACPTNO_1><![CDATA[405]]></ACPTNO_1>
		<PT_NO><![CDATA[B0000000]]></PT_NO>
		<PATNAME><![CDATA[테스트환자]]></PATNAME>
		<SEX><![CDATA[F]]></SEX>
		<AGE><![CDATA[15]]></AGE>
		<SPC_NO><![CDATA[20060816137]]></SPC_NO>
		<ORD_SITE><![CDATA[CP]]></ORD_SITE>
		<WRK_UNT_CD><![CDATA[VIRUS]]></WRK_UNT_CD>
		<TST_CD><![CDATA[L25616]]></TST_CD>
		<TST_SNM><![CDATA[2019-nCoV]]></TST_SNM>
		<SPC_NM><![CDATA[Nasopharyngeal Swab]]></SPC_NM>
		<TST_STAT><![CDATA[1]]></TST_STAT>
		<ACPT_DTETM><![CDATA[2020-06-08 오후 2:37:23]]></ACPT_DTETM>
		<DOCTORNOTE_YN><![CDATA[N]]></DOCTORNOTE_YN>
		<TSNO><![CDATA[]]></TSNO>
		<DEXM_YENU><![CDATA[]]></DEXM_YENU>
	</Table0>
	<Table0>
		<ACPT_DTE><![CDATA[2020-06-08 오전 12:00:00]]></ACPT_DTE>
		<ACPTNO_1><![CDATA[405]]></ACPTNO_1>
		<PT_NO><![CDATA[B0000000]]></PT_NO>
		<PATNAME><![CDATA[테스트환자]]></PATNAME>
		<SEX><![CDATA[F]]></SEX>
		<AGE><![CDATA[15]]></AGE>
		<SPC_NO><![CDATA[20060816137]]></SPC_NO>
		<ORD_SITE><![CDATA[CP]]></ORD_SITE>
		<WRK_UNT_CD><![CDATA[VIRUS]]></WRK_UNT_CD>
		<TST_CD><![CDATA[L25617]]></TST_CD>
		<TST_SNM><![CDATA[2019-nCoV[비급여]]]></TST_SNM>
		<SPC_NM><![CDATA[Nasopharyngeal Swab]]></SPC_NM>
		<TST_STAT><![CDATA[4]]></TST_STAT>
		<ACPT_DTETM><![CDATA[2020-06-08 오후 2:37:23]]></ACPT_DTETM>
		<DOCTORNOTE_YN><![CDATA[N]]></DOCTORNOTE_YN>
		<TSNO><![CDATA[]]></TSNO>
		<DEXM_YENU><![CDATA[]]></DEXM_YENU>
	</Table0>
</NewDataSet>

오후 2:02:17 [Use Proc => GETQUERY ]<?xml version='1.0' encoding='UTF-8'?>
<NewDataSet>
<Table>
<QID><![CDATA[PKG_LAB.INTERFACE_S32]]></QID>
<QTYPE><![CDATA[Package]]></QTYPE>
<USERID><![CDATA[HIS]]></USERID>
<EXECTYPE><![CDATA[FILL]]></EXECTYPE>
<TABLENAME><![CDATA[]]></TABLENAME>
<P0><![CDATA[09]]></P0>
<P1><![CDATA[]]></P1>
</Table>
</NewDataSet>

오후 2:02:17 [Return Proc => GETQUERY ]<?xml version='1.0' encoding='utf-8'?>
<NewDataSet>
</NewDataSet>

오후 2:02:17 [Use Proc => GETQUERY ]<?xml version='1.0' encoding='UTF-8'?>
<NewDataSet>
<Table>
<QID><![CDATA[PKG_LAB.INTERFACE_S32]]></QID>
<QTYPE><![CDATA[Package]]></QTYPE>
<USERID><![CDATA[HIS]]></USERID>
<EXECTYPE><![CDATA[FILL]]></EXECTYPE>
<TABLENAME><![CDATA[]]></TABLENAME>
<P0><![CDATA[17]]></P0>
<P1><![CDATA[]]></P1>
</Table>
</NewDataSet>

오후 2:02:17 [Return Proc => GETQUERY ]<?xml version='1.0' encoding='utf-8'?>
<NewDataSet>
</NewDataSet>

오후 2:02:17 [Use Proc => GETQUERY ]<?xml version='1.0' encoding='UTF-8'?>
<NewDataSet>
<Table>
<QID><![CDATA[PKG_LAB.INTERFACE_S32]]></QID>
<QTYPE><![CDATA[Package]]></QTYPE>
<USERID><![CDATA[HIS]]></USERID>
<EXECTYPE><![CDATA[FILL]]></EXECTYPE>
<TABLENAME><![CDATA[]]></TABLENAME>
<P0><![CDATA[22-YTH]]></P0>
<P1><![CDATA[]]></P1>
</Table>
</NewDataSet>

오후 2:02:17 [Return Proc => GETQUERY ]<?xml version='1.0' encoding='utf-8'?>
<NewDataSet>
</NewDataSet>

오후 2:02:17 [Use Proc => GETQUERY ]<?xml version='1.0' encoding='UTF-8'?>
<NewDataSet>
<Table>
<QID><![CDATA[PKG_LAB.INTERFACE_S32]]></QID>
<QTYPE><![CDATA[Package]]></QTYPE>
<USERID><![CDATA[HIS]]></USERID>
<EXECTYPE><![CDATA[FILL]]></EXECTYPE>
<TABLENAME><![CDATA[]]></TABLENAME>
<P0><![CDATA[02]]></P0>
<P1><![CDATA[]]></P1>
</Table>
</NewDataSet>

오후 2:02:17 [Return Proc => GETQUERY ]<?xml version='1.0' encoding='utf-8'?>
<NewDataSet>
</NewDataSet>

오후 2:02:18 [Use Proc => GETQUERY ]<?xml version='1.0' encoding='UTF-8'?>
<NewDataSet>
<Table>
<QID><![CDATA[PKG_LAB.INTERFACE_S32]]></QID>
<QTYPE><![CDATA[Package]]></QTYPE>
<USERID><![CDATA[HIS]]></USERID>
<EXECTYPE><![CDATA[FILL]]></EXECTYPE>
<TABLENAME><![CDATA[]]></TABLENAME>
<P0><![CDATA[10]]></P0>
<P1><![CDATA[]]></P1>
</Table>
</NewDataSet>

오후 2:02:18 [Return Proc => GETQUERY ]<?xml version='1.0' encoding='utf-8'?>
<NewDataSet>
</NewDataSet>

오후 2:02:18 [Use Proc => GETQUERY ]<?xml version='1.0' encoding='UTF-8'?>
<NewDataSet>
<Table>
<QID><![CDATA[PKG_LAB.INTERFACE_S32]]></QID>
<QTYPE><![CDATA[Package]]></QTYPE>
<USERID><![CDATA[HIS]]></USERID>
<EXECTYPE><![CDATA[FILL]]></EXECTYPE>
<TABLENAME><![CDATA[]]></TABLENAME>
<P0><![CDATA[18]]></P0>
<P1><![CDATA[]]></P1>
</Table>
</NewDataSet>

오후 2:02:18 [Return Proc => GETQUERY ]<?xml version='1.0' encoding='utf-8'?>
<NewDataSet>
</NewDataSet>

오후 2:02:18 [Use Proc => GETQUERY ]<?xml version='1.0' encoding='UTF-8'?>
<NewDataSet>
<Table>
<QID><![CDATA[PKG_LAB.INTERFACE_S32]]></QID>
<QTYPE><![CDATA[Package]]></QTYPE>
<USERID><![CDATA[HIS]]></USERID>
<EXECTYPE><![CDATA[FILL]]></EXECTYPE>
<TABLENAME><![CDATA[]]></TABLENAME>
<P0><![CDATA[23-LBS]]></P0>
<P1><![CDATA[]]></P1>
</Table>
</NewDataSet>

오후 2:02:18 [Return Proc => GETQUERY ]<?xml version='1.0' encoding='utf-8'?>
<NewDataSet>
</NewDataSet>

오후 2:02:18 [Use Proc => GETQUERY ]<?xml version='1.0' encoding='UTF-8'?>
<NewDataSet>
<Table>
<QID><![CDATA[PKG_LAB.INTERFACE_S32]]></QID>
<QTYPE><![CDATA[Package]]></QTYPE>
<USERID><![CDATA[HIS]]></USERID>
<EXECTYPE><![CDATA[FILL]]></EXECTYPE>
<TABLENAME><![CDATA[]]></TABLENAME>
<P0><![CDATA[03]]></P0>
<P1><![CDATA[]]></P1>
</Table>
</NewDataSet>

오후 2:02:18 [Return Proc => GETQUERY ]<?xml version='1.0' encoding='utf-8'?>
<NewDataSet>
</NewDataSet>

오후 2:02:18 [Use Proc => GETQUERY ]<?xml version='1.0' encoding='UTF-8'?>
<NewDataSet>
<Table>
<QID><![CDATA[PKG_LAB.INTERFACE_S32]]></QID>
<QTYPE><![CDATA[Package]]></QTYPE>
<USERID><![CDATA[HIS]]></USERID>
<EXECTYPE><![CDATA[FILL]]></EXECTYPE>
<TABLENAME><![CDATA[]]></TABLENAME>
<P0><![CDATA[11]]></P0>
<P1><![CDATA[]]></P1>
</Table>
</NewDataSet>

오후 2:02:18 [Return Proc => GETQUERY ]<?xml version='1.0' encoding='utf-8'?>
<NewDataSet>
</NewDataSet>

오후 2:02:18 [Use Proc => GETQUERY ]<?xml version='1.0' encoding='UTF-8'?>
<NewDataSet>
<Table>
<QID><![CDATA[PKG_LAB.INTERFACE_S32]]></QID>
<QTYPE><![CDATA[Package]]></QTYPE>
<USERID><![CDATA[HIS]]></USERID>
<EXECTYPE><![CDATA[FILL]]></EXECTYPE>
<TABLENAME><![CDATA[]]></TABLENAME>
<P0><![CDATA[19]]></P0>
<P1><![CDATA[]]></P1>
</Table>
</NewDataSet>

오후 2:02:18 [Return Proc => GETQUERY ]<?xml version='1.0' encoding='utf-8'?>
<NewDataSet>
</NewDataSet>

오후 2:02:18 [Use Proc => GETQUERY ]<?xml version='1.0' encoding='UTF-8'?>
<NewDataSet>
<Table>
<QID><![CDATA[PKG_LAB.INTERFACE_S32]]></QID>
<QTYPE><![CDATA[Package]]></QTYPE>
<USERID><![CDATA[HIS]]></USERID>
<EXECTYPE><![CDATA[FILL]]></EXECTYPE>
<TABLENAME><![CDATA[]]></TABLENAME>
<P0><![CDATA[24-CYJ]]></P0>
<P1><![CDATA[]]></P1>
</Table>
</NewDataSet>

오후 2:02:18 [Return Proc => GETQUERY ]<?xml version='1.0' encoding='utf-8'?>
<NewDataSet>
</NewDataSet>

오후 2:02:18 [Use Proc => GETQUERY ]<?xml version='1.0' encoding='UTF-8'?>
<NewDataSet>
<Table>
<QID><![CDATA[PKG_LAB.INTERFACE_S32]]></QID>
<QTYPE><![CDATA[Package]]></QTYPE>
<USERID><![CDATA[HIS]]></USERID>
<EXECTYPE><![CDATA[FILL]]></EXECTYPE>
<TABLENAME><![CDATA[]]></TABLENAME>
<P0><![CDATA[04]]></P0>
<P1><![CDATA[]]></P1>
</Table>
</NewDataSet>

오후 2:02:18 [Return Proc => GETQUERY ]<?xml version='1.0' encoding='utf-8'?>
<NewDataSet>
</NewDataSet>

오후 2:02:18 [Use Proc => GETQUERY ]<?xml version='1.0' encoding='UTF-8'?>
<NewDataSet>
<Table>
<QID><![CDATA[PKG_LAB.INTERFACE_S32]]></QID>
<QTYPE><![CDATA[Package]]></QTYPE>
<USERID><![CDATA[HIS]]></USERID>
<EXECTYPE><![CDATA[FILL]]></EXECTYPE>
<TABLENAME><![CDATA[]]></TABLENAME>
<P0><![CDATA[12]]></P0>
<P1><![CDATA[]]></P1>
</Table>
</NewDataSet>

오후 2:02:18 [Return Proc => GETQUERY ]<?xml version='1.0' encoding='utf-8'?>
<NewDataSet>
</NewDataSet>

오후 2:02:18 [Use Proc => GETQUERY ]<?xml version='1.0' encoding='UTF-8'?>
<NewDataSet>
<Table>
<QID><![CDATA[PKG_LAB.INTERFACE_S32]]></QID>
<QTYPE><![CDATA[Package]]></QTYPE>
<USERID><![CDATA[HIS]]></USERID>
<EXECTYPE><![CDATA[FILL]]></EXECTYPE>
<TABLENAME><![CDATA[]]></TABLENAME>
<P0><![CDATA[20]]></P0>
<P1><![CDATA[]]></P1>
</Table>
</NewDataSet>

오후 2:02:18 [Return Proc => GETQUERY ]<?xml version='1.0' encoding='utf-8'?>
<NewDataSet>
</NewDataSet>

오후 2:02:18 [Use Proc => GETQUERY ]<?xml version='1.0' encoding='UTF-8'?>
<NewDataSet>
<Table>
<QID><![CDATA[PKG_LAB.INTERFACE_S32]]></QID>
<QTYPE><![CDATA[Package]]></QTYPE>
<USERID><![CDATA[HIS]]></USERID>
<EXECTYPE><![CDATA[FILL]]></EXECTYPE>
<TABLENAME><![CDATA[]]></TABLENAME>
<P0><![CDATA[25-PHS-NAS]]></P0>
<P1><![CDATA[]]></P1>
</Table>
</NewDataSet>

오후 2:02:18 [Return Proc => GETQUERY ]<?xml version='1.0' encoding='utf-8'?>
<NewDataSet>
</NewDataSet>

오후 2:02:18 [Use Proc => GETQUERY ]<?xml version='1.0' encoding='UTF-8'?>
<NewDataSet>
<Table>
<QID><![CDATA[PKG_LAB.INTERFACE_S32]]></QID>
<QTYPE><![CDATA[Package]]></QTYPE>
<USERID><![CDATA[HIS]]></USERID>
<EXECTYPE><![CDATA[FILL]]></EXECTYPE>
<TABLENAME><![CDATA[]]></TABLENAME>
<P0><![CDATA[05]]></P0>
<P1><![CDATA[]]></P1>
</Table>
</NewDataSet>

오후 2:02:18 [Return Proc => GETQUERY ]<?xml version='1.0' encoding='utf-8'?>
<NewDataSet>
</NewDataSet>

오후 2:02:18 [Use Proc => GETQUERY ]<?xml version='1.0' encoding='UTF-8'?>
<NewDataSet>
<Table>
<QID><![CDATA[PKG_LAB.INTERFACE_S32]]></QID>
<QTYPE><![CDATA[Package]]></QTYPE>
<USERID><![CDATA[HIS]]></USERID>
<EXECTYPE><![CDATA[FILL]]></EXECTYPE>
<TABLENAME><![CDATA[]]></TABLENAME>
<P0><![CDATA[13]]></P0>
<P1><![CDATA[]]></P1>
</Table>
</NewDataSet>

오후 2:02:18 [Return Proc => GETQUERY ]<?xml version='1.0' encoding='utf-8'?>
<NewDataSet>
</NewDataSet>

오후 2:02:18 [Use Proc => GETQUERY ]<?xml version='1.0' encoding='UTF-8'?>
<NewDataSet>
<Table>
<QID><![CDATA[PKG_LAB.INTERFACE_S32]]></QID>
<QTYPE><![CDATA[Package]]></QTYPE>
<USERID><![CDATA[HIS]]></USERID>
<EXECTYPE><![CDATA[FILL]]></EXECTYPE>
<TABLENAME><![CDATA[]]></TABLENAME>
<P0><![CDATA[21]]></P0>
<P1><![CDATA[]]></P1>
</Table>
</NewDataSet>

오후 2:02:18 [Return Proc => GETQUERY ]<?xml version='1.0' encoding='utf-8'?>
<NewDataSet>
</NewDataSet>

오후 2:02:18 [Use Proc => GETQUERY ]<?xml version='1.0' encoding='UTF-8'?>
<NewDataSet>
<Table>
<QID><![CDATA[PKG_LAB.INTERFACE_S32]]></QID>
<QTYPE><![CDATA[Package]]></QTYPE>
<USERID><![CDATA[HIS]]></USERID>
<EXECTYPE><![CDATA[FILL]]></EXECTYPE>
<TABLENAME><![CDATA[]]></TABLENAME>
<P0><![CDATA[26-PHS-SPU]]></P0>
<P1><![CDATA[]]></P1>
</Table>
</NewDataSet>

오후 2:02:18 [Return Proc => GETQUERY ]<?xml version='1.0' encoding='utf-8'?>
<NewDataSet>
</NewDataSet>

오후 2:02:18 [Use Proc => GETQUERY ]<?xml version='1.0' encoding='UTF-8'?>
<NewDataSet>
<Table>
<QID><![CDATA[PKG_LAB.INTERFACE_S32]]></QID>
<QTYPE><![CDATA[Package]]></QTYPE>
<USERID><![CDATA[HIS]]></USERID>
<EXECTYPE><![CDATA[FILL]]></EXECTYPE>
<TABLENAME><![CDATA[]]></TABLENAME>
<P0><![CDATA[06]]></P0>
<P1><![CDATA[]]></P1>
</Table>
</NewDataSet>

오후 2:02:19 [Return Proc => GETQUERY ]<?xml version='1.0' encoding='utf-8'?>
<NewDataSet>
</NewDataSet>

오후 2:02:19 [Use Proc => GETQUERY ]<?xml version='1.0' encoding='UTF-8'?>
<NewDataSet>
<Table>
<QID><![CDATA[PKG_LAB.INTERFACE_S32]]></QID>
<QTYPE><![CDATA[Package]]></QTYPE>
<USERID><![CDATA[HIS]]></USERID>
<EXECTYPE><![CDATA[FILL]]></EXECTYPE>
<TABLENAME><![CDATA[]]></TABLENAME>
<P0><![CDATA[14]]></P0>
<P1><![CDATA[]]></P1>
</Table>
</NewDataSet>

오후 2:02:19 [Return Proc => GETQUERY ]<?xml version='1.0' encoding='utf-8'?>
<NewDataSet>
</NewDataSet>

오후 2:02:19 [Use Proc => GETQUERY ]<?xml version='1.0' encoding='UTF-8'?>
<NewDataSet>
<Table>
<QID><![CDATA[PKG_LAB.INTERFACE_S32]]></QID>
<QTYPE><![CDATA[Package]]></QTYPE>
<USERID><![CDATA[HIS]]></USERID>
<EXECTYPE><![CDATA[FILL]]></EXECTYPE>
<TABLENAME><![CDATA[]]></TABLENAME>
<P0><![CDATA[27-JJH-SPU]]></P0>
<P1><![CDATA[]]></P1>
</Table>
</NewDataSet>

오후 2:02:19 [Return Proc => GETQUERY ]<?xml version='1.0' encoding='utf-8'?>
<NewDataSet>
</NewDataSet>

오후 2:02:19 [Use Proc => GETQUERY ]<?xml version='1.0' encoding='UTF-8'?>
<NewDataSet>
<Table>
<QID><![CDATA[PKG_LAB.INTERFACE_S32]]></QID>
<QTYPE><![CDATA[Package]]></QTYPE>
<USERID><![CDATA[HIS]]></USERID>
<EXECTYPE><![CDATA[FILL]]></EXECTYPE>
<TABLENAME><![CDATA[]]></TABLENAME>
<P0><![CDATA[07]]></P0>
<P1><![CDATA[]]></P1>
</Table>
</NewDataSet>

오후 2:02:19 [Return Proc => GETQUERY ]<?xml version='1.0' encoding='utf-8'?>
<NewDataSet>
</NewDataSet>

오후 2:02:19 [Use Proc => GETQUERY ]<?xml version='1.0' encoding='UTF-8'?>
<NewDataSet>
<Table>
<QID><![CDATA[PKG_LAB.INTERFACE_S32]]></QID>
<QTYPE><![CDATA[Package]]></QTYPE>
<USERID><![CDATA[HIS]]></USERID>
<EXECTYPE><![CDATA[FILL]]></EXECTYPE>
<TABLENAME><![CDATA[]]></TABLENAME>
<P0><![CDATA[15]]></P0>
<P1><![CDATA[]]></P1>
</Table>
</NewDataSet>

오후 2:02:19 [Return Proc => GETQUERY ]<?xml version='1.0' encoding='utf-8'?>
<NewDataSet>
</NewDataSet>

오후 2:02:19 [Use Proc => GETQUERY ]<?xml version='1.0' encoding='UTF-8'?>
<NewDataSet>
<Table>
<QID><![CDATA[PKG_LAB.INTERFACE_S32]]></QID>
<QTYPE><![CDATA[Package]]></QTYPE>
<USERID><![CDATA[HIS]]></USERID>
<EXECTYPE><![CDATA[FILL]]></EXECTYPE>
<TABLENAME><![CDATA[]]></TABLENAME>
<P0><![CDATA[NC]]></P0>
<P1><![CDATA[]]></P1>
</Table>
</NewDataSet>

오후 2:02:19 [Return Proc => GETQUERY ]<?xml version='1.0' encoding='utf-8'?>
<NewDataSet>
</NewDataSet>

오후 2:02:19 [Use Proc => GETQUERY ]<?xml version='1.0' encoding='UTF-8'?>
<NewDataSet>
<Table>
<QID><![CDATA[PKG_LAB.INTERFACE_S32]]></QID>
<QTYPE><![CDATA[Package]]></QTYPE>
<USERID><![CDATA[HIS]]></USERID>
<EXECTYPE><![CDATA[FILL]]></EXECTYPE>
<TABLENAME><![CDATA[]]></TABLENAME>
<P0><![CDATA[08]]></P0>
<P1><![CDATA[]]></P1>
</Table>
</NewDataSet>

오후 2:02:19 [Return Proc => GETQUERY ]<?xml version='1.0' encoding='utf-8'?>
<NewDataSet>
</NewDataSet>

오후 2:02:19 [Use Proc => GETQUERY ]<?xml version='1.0' encoding='UTF-8'?>
<NewDataSet>
<Table>
<QID><![CDATA[PKG_LAB.INTERFACE_S32]]></QID>
<QTYPE><![CDATA[Package]]></QTYPE>
<USERID><![CDATA[HIS]]></USERID>
<EXECTYPE><![CDATA[FILL]]></EXECTYPE>
<TABLENAME><![CDATA[]]></TABLENAME>
<P0><![CDATA[16]]></P0>
<P1><![CDATA[]]></P1>
</Table>
</NewDataSet>

오후 2:02:19 [Return Proc => GETQUERY ]<?xml version='1.0' encoding='utf-8'?>
<NewDataSet>
</NewDataSet>

오후 2:02:19 [Use Proc => GETQUERY ]<?xml version='1.0' encoding='UTF-8'?>
<NewDataSet>
<Table>
<QID><![CDATA[PKG_LAB.INTERFACE_S32]]></QID>
<QTYPE><![CDATA[Package]]></QTYPE>
<USERID><![CDATA[HIS]]></USERID>
<EXECTYPE><![CDATA[FILL]]></EXECTYPE>
<TABLENAME><![CDATA[]]></TABLENAME>
<P0><![CDATA[PC]]></P0>
<P1><![CDATA[]]></P1>
</Table>
</NewDataSet>

오후 2:02:19 [Return Proc => GETQUERY ]<?xml version='1.0' encoding='utf-8'?>
<NewDataSet>
</NewDataSet>

오후 2:02:34 [Save Result]<?xml version='1.0' encoding='UTF-8'?>
<NewDataSet>
<Table>
<QID><![CDATA[PKG_LAB.INTERFACE_I02]]></QID>
<QTYPE><![CDATA[Package]]></QTYPE>
<USERID><![CDATA[HIS]]></USERID>
<EXECTYPE><![CDATA[NONQUERY]]></EXECTYPE>
<TABLENAME><![CDATA[]]></TABLENAME>
<P0><![CDATA[	20060816137	]]></P0>
<P1><![CDATA[	L25617	]]></P1>
<P2><![CDATA[	[검사명] 2019-nCoV, real-time RT PCR

[검사결과 및 의견]
2019-nCoV:Negative(음성) (검체: Nasopharyngeal Swab)

--
[검사방법] Real-time RT-PCR
[검사개요]
. 유전자와 검사 : 2019-nCoV (2019-Novel Coronavirus)의 E segment, RdRP segment를 real-time RT PCR로 검출함.
. 관련질환과 의의: 발열, 기침, 호흡곤란, 두통, 오한, 인후통, 호흡부전, 패혈성 쇼크, 다발성 장기 부전 등의 원인인 2019-nCoV를 검출함
--[검사문의] 서울대병원 진단검사의학과 분자유전검사실, T. (02) 2072-2937, 0883
-------------------------------------------------------------------------
보고자(판독의) : 조성임 M.T / 박수용 M.D / 김택수 M.D / 박성섭 M.D / 성문우 M.D
-------------------------------------------------------------------------
	]]></P2>
<P3><![CDATA[		]]></P3>
<P4><![CDATA[	P08	]]></P4>
<P5><![CDATA[		]]></P5>
<P6><![CDATA[1]]></P6>
<P7><![CDATA[2]]></P7>
<P8><![CDATA[]]></P8>
<P9><![CDATA[]]></P9>
<P10><![CDATA[]]></P10>
</Table>
</NewDataSet>

오후 2:02:34 [Save Result => Return]<?xml version='1.0' encoding='utf-8'?>
<NewDataSet>
	<Table0>
		<Value><![CDATA[-1]]></Value>
	</Table0>
	<Table0>
		<Value><![CDATA[N]]></Value>
	</Table0>
	<Table0>
		<Value><![CDATA[null]]></Value>
	</Table0>
</NewDataSet>

오후 2:04:50 [Use Proc => GETQUERY ]<?xml version='1.0' encoding='UTF-8'?>
<NewDataSet>
<Table>
<QID><![CDATA[PKG_LAB.INTERFACE_S23]]></QID>
<QTYPE><![CDATA[Package]]></QTYPE>
<USERID><![CDATA[HIS]]></USERID>
<EXECTYPE><![CDATA[FILL]]></EXECTYPE>
<TABLENAME><![CDATA[]]></TABLENAME>
<P0><![CDATA[20200608]]></P0>
<P1><![CDATA[20200608]]></P1>
<P2><![CDATA[1]]></P2>
<P3><![CDATA[L25]]></P3>
<P4><![CDATA[YYYYY,ZZZZZ,XXXXX,L25617,L25616]]></P4>
<P5><![CDATA[0]]></P5>
<P6><![CDATA[9999]]></P6>
<P7><![CDATA[1,2]]></P7>
<P8><![CDATA[]]></P8>
</Table>
</NewDataSet>

오후 2:04:50 [Return Proc => GETQUERY ]<?xml version='1.0' encoding='utf-8'?>
<NewDataSet>
	<Table0>
		<ACPT_DTE><![CDATA[2020-06-08 오전 12:00:00]]></ACPT_DTE>
		<ACPTNO_1><![CDATA[405]]></ACPTNO_1>
		<PT_NO><![CDATA[B0000000]]></PT_NO>
		<PATNAME><![CDATA[테스트환자]]></PATNAME>
		<SEX><![CDATA[F]]></SEX>
		<AGE><![CDATA[15]]></AGE>
		<SPC_NO><![CDATA[20060816137]]></SPC_NO>
		<ORD_SITE><![CDATA[CP]]></ORD_SITE>
		<WRK_UNT_CD><![CDATA[VIRUS]]></WRK_UNT_CD>
		<TST_CD><![CDATA[L25616]]></TST_CD>
		<TST_SNM><![CDATA[2019-nCoV]]></TST_SNM>
		<SPC_NM><![CDATA[Nasopharyngeal Swab]]></SPC_NM>
		<TST_STAT><![CDATA[1]]></TST_STAT>
		<ACPT_DTETM><![CDATA[2020-06-08 오후 2:37:23]]></ACPT_DTETM>
		<DOCTORNOTE_YN><![CDATA[N]]></DOCTORNOTE_YN>
		<TSNO><![CDATA[]]></TSNO>
		<DEXM_YENU><![CDATA[]]></DEXM_YENU>
	</Table0>
</NewDataSet>

오후 2:05:41 [Use Proc => GETQUERY ]<?xml version='1.0' encoding='UTF-8'?>
<NewDataSet>
<Table>
<QID><![CDATA[PKG_LAB.INTERFACE_S23]]></QID>
<QTYPE><![CDATA[Package]]></QTYPE>
<USERID><![CDATA[HIS]]></USERID>
<EXECTYPE><![CDATA[FILL]]></EXECTYPE>
<TABLENAME><![CDATA[]]></TABLENAME>
<P0><![CDATA[20200609]]></P0>
<P1><![CDATA[20200609]]></P1>
<P2><![CDATA[1]]></P2>
<P3><![CDATA[L25]]></P3>
<P4><![CDATA[YYYYY,ZZZZZ,XXXXX,L25617,L25616]]></P4>
<P5><![CDATA[0]]></P5>
<P6><![CDATA[9999]]></P6>
<P7><![CDATA[1,2]]></P7>
<P8><![CDATA[]]></P8>
</Table>
</NewDataSet>

오후 2:05:42 [Return Proc => GETQUERY ]<?xml version='1.0' encoding='utf-8'?>
<NewDataSet>
</NewDataSet>

오후 2:05:47 [Use Proc => GETQUERY ]<?xml version='1.0' encoding='UTF-8'?>
<NewDataSet>
<Table>
<QID><![CDATA[PKG_LAB.INTERFACE_S23]]></QID>
<QTYPE><![CDATA[Package]]></QTYPE>
<USERID><![CDATA[HIS]]></USERID>
<EXECTYPE><![CDATA[FILL]]></EXECTYPE>
<TABLENAME><![CDATA[]]></TABLENAME>
<P0><![CDATA[20200608]]></P0>
<P1><![CDATA[20200609]]></P1>
<P2><![CDATA[1]]></P2>
<P3><![CDATA[L25]]></P3>
<P4><![CDATA[YYYYY,ZZZZZ,XXXXX,L25617,L25616]]></P4>
<P5><![CDATA[0]]></P5>
<P6><![CDATA[9999]]></P6>
<P7><![CDATA[1,2]]></P7>
<P8><![CDATA[]]></P8>
</Table>
</NewDataSet>

오후 2:05:47 [Return Proc => GETQUERY ]<?xml version='1.0' encoding='utf-8'?>
<NewDataSet>
	<Table0>
		<ACPT_DTE><![CDATA[2020-06-08 오전 12:00:00]]></ACPT_DTE>
		<ACPTNO_1><![CDATA[405]]></ACPTNO_1>
		<PT_NO><![CDATA[B0000000]]></PT_NO>
		<PATNAME><![CDATA[테스트환자]]></PATNAME>
		<SEX><![CDATA[F]]></SEX>
		<AGE><![CDATA[15]]></AGE>
		<SPC_NO><![CDATA[20060816137]]></SPC_NO>
		<ORD_SITE><![CDATA[CP]]></ORD_SITE>
		<WRK_UNT_CD><![CDATA[VIRUS]]></WRK_UNT_CD>
		<TST_CD><![CDATA[L25616]]></TST_CD>
		<TST_SNM><![CDATA[2019-nCoV]]></TST_SNM>
		<SPC_NM><![CDATA[Nasopharyngeal Swab]]></SPC_NM>
		<TST_STAT><![CDATA[1]]></TST_STAT>
		<ACPT_DTETM><![CDATA[2020-06-08 오후 2:37:23]]></ACPT_DTETM>
		<DOCTORNOTE_YN><![CDATA[N]]></DOCTORNOTE_YN>
		<TSNO><![CDATA[]]></TSNO>
		<DEXM_YENU><![CDATA[]]></DEXM_YENU>
	</Table0>
</NewDataSet>

