## Dimension RXL Version History ##

## 버  전: 1.0.0
## 작성일: 2004-07-14
## 병  원: 동국대학교 경주병원

## 버  전: 1.0.1
## 수정일: 2004-12-16
## 내  용:
   1. Cardiac QC(MMB,MYO,CTNI)인 경우에는 QC1,2,3를 사용해서 IISQCNORMAL 검체구분 추가!
      - clsIISIntOrder - GetOrder
## 병  원: 전주예수병원

## 버  전: 1.0.1
## 적용일: 2005-01-28
## 병  원: 동국대학교 경주병원

## 버  전: 1.0.2
## 수정일: 2005-07-12
## 내  용:
   1. tblResult에 결과표시시 버그수정
      - frmIISDimensionRXL - tblComplete_Click
## 병  원: 예수병원

## 버  전: 1.0.2
## 적용일: 2005-07-30
## 병  원: 동국대학교 경주병원
