21 행: spdface 컨트롤의 FPSpread.vaSpread 클래스는 로드한 컨트롤 클래스가 아닙니다.
29 행: fraWork 컨트롤의 Threed.SSFrame 클래스는 로드한 컨트롤 클래스가 아닙니다.
48 행: spdList 컨트롤의 FPSpread.vaSpread 클래스는 로드한 컨트롤 클래스가 아닙니다.
56 행: spdWorkList 컨트롤의 FPSpread.vaSpread 클래스는 로드한 컨트롤 클래스가 아닙니다.
64 행: SSPanel9 컨트롤의 Threed.SSPanel 클래스는 로드한 컨트롤 클래스가 아닙니다.
105 행: mskDate 컨트롤의 MSMask.MaskEdBox 클래스는 로드한 컨트롤 클래스가 아닙니다.
130 행: SSPanel7 컨트롤의 Threed.SSPanel 클래스는 로드한 컨트롤 클래스가 아닙니다.
155 행: SSPanel5 컨트롤의 Threed.SSPanel 클래스는 로드한 컨트롤 클래스가 아닙니다.
181 행: mskDate 컨트롤의 MSMask.MaskEdBox 클래스는 로드한 컨트롤 클래스가 아닙니다.
224 행: cmdAdd 컨트롤의 Threed.SSCommand 클래스는 로드한 컨트롤 클래스가 아닙니다.
249 행: cmdOrder 컨트롤의 Threed.SSCommand 클래스는 로드한 컨트롤 클래스가 아닙니다.
273 행: cmdQuery 컨트롤의 Threed.SSCommand 클래스는 로드한 컨트롤 클래스가 아닙니다.
298 행: SSPanel1 컨트롤의 Threed.SSPanel 클래스는 로드한 컨트롤 클래스가 아닙니다.
324 행: mskOrderno 컨트롤의 MSMask.MaskEdBox 클래스는 로드한 컨트롤 클래스가 아닙니다.
348 행: mskRackno 컨트롤의 MSMask.MaskEdBox 클래스는 로드한 컨트롤 클래스가 아닙니다.
369 행: SSPanel2 컨트롤의 Threed.SSPanel 클래스는 로드한 컨트롤 클래스가 아닙니다.
394 행: SSPanel3 컨트롤의 Threed.SSPanel 클래스는 로드한 컨트롤 클래스가 아닙니다.
420 행: mskPosition 컨트롤의 MSMask.MaskEdBox 클래스는 로드한 컨트롤 클래스가 아닙니다.
460 행: SSFrame1 컨트롤의 Threed.SSFrame 클래스는 로드한 컨트롤 클래스가 아닙니다.
479 행: mskOrdDate 컨트롤의 MSMask.MaskEdBox 클래스는 로드한 컨트롤 클래스가 아닙니다.
520 행: fmeSlipSeq 컨트롤의 Threed.SSFrame 클래스는 로드한 컨트롤 클래스가 아닙니다.
575 행: SSFrame2 컨트롤의 Threed.SSFrame 클래스는 로드한 컨트롤 클래스가 아닙니다.
632 행: cmdDelete 컨트롤의 Threed.SSCommand 클래스는 로드한 컨트롤 클래스가 아닙니다.
656 행: Comm1 컨트롤의 MSCommLib.MSComm 클래스는 로드한 컨트롤 클래스가 아닙니다.
668 행: cmdclose 컨트롤의 Threed.SSCommand 클래스는 로드한 컨트롤 클래스가 아닙니다.
692 행: fmeGuide 컨트롤의 Threed.SSFrame 클래스는 로드한 컨트롤 클래스가 아닙니다.
733 행: cmdInitial 컨트롤의 Threed.SSCommand 클래스는 로드한 컨트롤 클래스가 아닙니다.
757 행: cmdDown 컨트롤의 Threed.SSCommand 클래스는 로드한 컨트롤 클래스가 아닙니다.
24 행: spdface의 OleObjectBlob 속성 이름이 잘못되었습니다. 
35 행: fraWork의 _Version 속성 이름이 잘못되었습니다. 
36 행: fraWork의 _ExtentX 속성 이름이 잘못되었습니다. 
37 행: fraWork의 _ExtentY 속성 이름이 잘못되었습니다. 
38 행: fraWork의 _StockProps 속성 이름이 잘못되었습니다. 
51 행: spdList의 OleObjectBlob 속성 이름이 잘못되었습니다. 
59 행: spdWorkList의 OleObjectBlob 속성 이름이 잘못되었습니다. 
70 행: SSPanel9의 _Version 속성 이름이 잘못되었습니다. 
71 행: SSPanel9의 _ExtentX 속성 이름이 잘못되었습니다. 
72 행: SSPanel9의 _ExtentY 속성 이름이 잘못되었습니다. 
73 행: SSPanel9의 _StockProps 속성 이름이 잘못되었습니다. 
84 행: SSPanel9의 BorderWidth 속성 이름이 잘못되었습니다. 
85 행: SSPanel9의 BevelOuter 속성 이름이 잘못되었습니다. 
86 행: SSPanel9의 BevelInner 속성 이름이 잘못되었습니다. 
87 행: SSPanel9의 RoundedCorners 속성 이름이 잘못되었습니다. 
112 행: mskDate의 _ExtentX 속성 이름이 잘못되었습니다. 
113 행: mskDate의 _ExtentY 속성 이름이 잘못되었습니다. 
114 행: mskDate의 _Version 속성 이름이 잘못되었습니다. 
115 행: mskDate의 PromptInclude 속성 이름이 잘못되었습니다. 
116 행: mskDate의 MaxLength 속성 이름이 잘못되었습니다. 
126 행: mskDate의 Format 속성 이름이 잘못되었습니다. 
127 행: mskDate의 Mask 속성 이름이 잘못되었습니다. 
128 행: mskDate의 PromptChar 속성 이름이 잘못되었습니다. 
136 행: SSPanel7의 _Version 속성 이름이 잘못되었습니다. 
137 행: SSPanel7의 _ExtentX 속성 이름이 잘못되었습니다. 
138 행: SSPanel7의 _ExtentY 속성 이름이 잘못되었습니다. 
139 행: SSPanel7의 _StockProps 속성 이름이 잘못되었습니다. 
140 행: SSPanel7의 Caption 속성 이름이 잘못되었습니다. 
152 행: SSPanel7의 BevelWidth 속성 이름이 잘못되었습니다. 
153 행: SSPanel7의 RoundedCorners 속성 이름이 잘못되었습니다. 
161 행: SSPanel5의 _Version 속성 이름이 잘못되었습니다. 
162 행: SSPanel5의 _ExtentX 속성 이름이 잘못되었습니다. 
163 행: SSPanel5의 _ExtentY 속성 이름이 잘못되었습니다. 
164 행: SSPanel5의 _StockProps 속성 이름이 잘못되었습니다. 
165 행: SSPanel5의 Caption 속성 이름이 잘못되었습니다. 
177 행: SSPanel5의 BevelWidth 속성 이름이 잘못되었습니다. 
178 행: SSPanel5의 RoundedCorners 속성 이름이 잘못되었습니다. 
155 행: SSPanel5의 MouseIcon 속성을 설정할 수 없습니다.
188 행: mskDate의 _ExtentX 속성 이름이 잘못되었습니다. 
189 행: mskDate의 _ExtentY 속성 이름이 잘못되었습니다. 
190 행: mskDate의 _Version 속성 이름이 잘못되었습니다. 
191 행: mskDate의 PromptInclude 속성 이름이 잘못되었습니다. 
192 행: mskDate의 MaxLength 속성 이름이 잘못되었습니다. 
202 행: mskDate의 Format 속성 이름이 잘못되었습니다. 
203 행: mskDate의 Mask 속성 이름이 잘못되었습니다. 
204 행: mskDate의 PromptChar 속성 이름이 잘못되었습니다. 
230 행: cmdAdd의 _Version 속성 이름이 잘못되었습니다. 
231 행: cmdAdd의 _ExtentX 속성 이름이 잘못되었습니다. 
232 행: cmdAdd의 _ExtentY 속성 이름이 잘못되었습니다. 
233 행: cmdAdd의 _StockProps 속성 이름이 잘못되었습니다. 
234 행: cmdAdd의 Caption 속성 이름이 잘못되었습니다. 
245 행: cmdAdd의 Font3D 속성 이름이 잘못되었습니다. 
246 행: cmdAdd의 RoundedCorners 속성 이름이 잘못되었습니다. 
224 행: cmdAdd의 Picture 속성을 설정할 수 없습니다.
255 행: cmdOrder의 _Version 속성 이름이 잘못되었습니다. 
256 행: cmdOrder의 _ExtentX 속성 이름이 잘못되었습니다. 
257 행: cmdOrder의 _ExtentY 속성 이름이 잘못되었습니다. 
258 행: cmdOrder의 _StockProps 속성 이름이 잘못되었습니다. 
259 행: cmdOrder의 Caption 속성 이름이 잘못되었습니다. 
269 행: cmdOrder의 BevelWidth 속성 이름이 잘못되었습니다. 
270 행: cmdOrder의 Font3D 속성 이름이 잘못되었습니다. 
249 행: cmdOrder의 Picture 속성을 설정할 수 없습니다.
279 행: cmdQuery의 _Version 속성 이름이 잘못되었습니다. 
280 행: cmdQuery의 _ExtentX 속성 이름이 잘못되었습니다. 
281 행: cmdQuery의 _ExtentY 속성 이름이 잘못되었습니다. 
282 행: cmdQuery의 _StockProps 속성 이름이 잘못되었습니다. 
283 행: cmdQuery의 Caption 속성 이름이 잘못되었습니다. 
294 행: cmdQuery의 Font3D 속성 이름이 잘못되었습니다. 
295 행: cmdQuery의 RoundedCorners 속성 이름이 잘못되었습니다. 
273 행: cmdQuery의 Picture 속성을 설정할 수 없습니다.
304 행: SSPanel1의 _Version 속성 이름이 잘못되었습니다. 
305 행: SSPanel1의 _ExtentX 속성 이름이 잘못되었습니다. 
306 행: SSPanel1의 _ExtentY 속성 이름이 잘못되었습니다. 
307 행: SSPanel1의 _StockProps 속성 이름이 잘못되었습니다. 
308 행: SSPanel1의 Caption 속성 이름이 잘못되었습니다. 
320 행: SSPanel1의 BevelWidth 속성 이름이 잘못되었습니다. 
321 행: SSPanel1의 RoundedCorners 속성 이름이 잘못되었습니다. 
298 행: SSPanel1의 MouseIcon 속성을 설정할 수 없습니다.
330 행: mskOrderno의 _ExtentX 속성 이름이 잘못되었습니다. 
331 행: mskOrderno의 _ExtentY 속성 이름이 잘못되었습니다. 
332 행: mskOrderno의 _Version 속성 이름이 잘못되었습니다. 
333 행: mskOrderno의 PromptInclude 속성 이름이 잘못되었습니다. 
334 행: mskOrderno의 MaxLength 속성 이름이 잘못되었습니다. 
344 행: mskOrderno의 Format 속성 이름이 잘못되었습니다. 
345 행: mskOrderno의 Mask 속성 이름이 잘못되었습니다. 
346 행: mskOrderno의 PromptChar 속성 이름이 잘못되었습니다. 
354 행: mskRackno의 _ExtentX 속성 이름이 잘못되었습니다. 
355 행: mskRackno의 _ExtentY 속성 이름이 잘못되었습니다. 
356 행: mskRackno의 _Version 속성 이름이 잘못되었습니다. 
357 행: mskRackno의 PromptInclude 속성 이름이 잘못되었습니다. 
367 행: mskRackno의 PromptChar 속성 이름이 잘못되었습니다. 
375 행: SSPanel2의 _Version 속성 이름이 잘못되었습니다. 
376 행: SSPanel2의 _ExtentX 속성 이름이 잘못되었습니다. 
377 행: SSPanel2의 _ExtentY 속성 이름이 잘못되었습니다. 
378 행: SSPanel2의 _StockProps 속성 이름이 잘못되었습니다. 
379 행: SSPanel2의 Caption 속성 이름이 잘못되었습니다. 
391 행: SSPanel2의 BevelWidth 속성 이름이 잘못되었습니다. 
392 행: SSPanel2의 RoundedCorners 속성 이름이 잘못되었습니다. 
400 행: SSPanel3의 _Version 속성 이름이 잘못되었습니다. 
401 행: SSPanel3의 _ExtentX 속성 이름이 잘못되었습니다. 
402 행: SSPanel3의 _ExtentY 속성 이름이 잘못되었습니다. 
403 행: SSPanel3의 _StockProps 속성 이름이 잘못되었습니다. 
404 행: SSPanel3의 Caption 속성 이름이 잘못되었습니다. 
416 행: SSPanel3의 BevelWidth 속성 이름이 잘못되었습니다. 
417 행: SSPanel3의 RoundedCorners 속성 이름이 잘못되었습니다. 
394 행: SSPanel3의 MouseIcon 속성을 설정할 수 없습니다.
426 행: mskPosition의 _ExtentX 속성 이름이 잘못되었습니다. 
427 행: mskPosition의 _ExtentY 속성 이름이 잘못되었습니다. 
428 행: mskPosition의 _Version 속성 이름이 잘못되었습니다. 
429 행: mskPosition의 PromptInclude 속성 이름이 잘못되었습니다. 
430 행: mskPosition의 MaxLength 속성 이름이 잘못되었습니다. 
440 행: mskPosition의 Format 속성 이름이 잘못되었습니다. 
441 행: mskPosition의 Mask 속성 이름이 잘못되었습니다. 
442 행: mskPosition의 PromptChar 속성 이름이 잘못되었습니다. 
466 행: SSFrame1의 _Version 속성 이름이 잘못되었습니다. 
467 행: SSFrame1의 _ExtentX 속성 이름이 잘못되었습니다. 
468 행: SSFrame1의 _ExtentY 속성 이름이 잘못되었습니다. 
469 행: SSFrame1의 _StockProps 속성 이름이 잘못되었습니다. 
486 행: mskOrdDate의 _ExtentX 속성 이름이 잘못되었습니다. 
487 행: mskOrdDate의 _ExtentY 속성 이름이 잘못되었습니다. 
488 행: mskOrdDate의 _Version 속성 이름이 잘못되었습니다. 
489 행: mskOrdDate의 PromptInclude 속성 이름이 잘못되었습니다. 
490 행: mskOrdDate의 MaxLength 속성 이름이 잘못되었습니다. 
500 행: mskOrdDate의 Format 속성 이름이 잘못되었습니다. 
501 행: mskOrdDate의 Mask 속성 이름이 잘못되었습니다. 
502 행: mskOrdDate의 PromptChar 속성 이름이 잘못되었습니다. 
526 행: fmeSlipSeq의 _Version 속성 이름이 잘못되었습니다. 
527 행: fmeSlipSeq의 _ExtentX 속성 이름이 잘못되었습니다. 
528 행: fmeSlipSeq의 _ExtentY 속성 이름이 잘못되었습니다. 
529 행: fmeSlipSeq의 _StockProps 속성 이름이 잘못되었습니다. 
581 행: SSFrame2의 _Version 속성 이름이 잘못되었습니다. 
582 행: SSFrame2의 _ExtentX 속성 이름이 잘못되었습니다. 
583 행: SSFrame2의 _ExtentY 속성 이름이 잘못되었습니다. 
584 행: SSFrame2의 _StockProps 속성 이름이 잘못되었습니다. 
638 행: cmdDelete의 _Version 속성 이름이 잘못되었습니다. 
639 행: cmdDelete의 _ExtentX 속성 이름이 잘못되었습니다. 
640 행: cmdDelete의 _ExtentY 속성 이름이 잘못되었습니다. 
641 행: cmdDelete의 _StockProps 속성 이름이 잘못되었습니다. 
642 행: cmdDelete의 Caption 속성 이름이 잘못되었습니다. 
652 행: cmdDelete의 BevelWidth 속성 이름이 잘못되었습니다. 
653 행: cmdDelete의 Font3D 속성 이름이 잘못되었습니다. 
632 행: cmdDelete의 Picture 속성을 설정할 수 없습니다.
659 행: Comm1의 _ExtentX 속성 이름이 잘못되었습니다. 
660 행: Comm1의 _ExtentY 속성 이름이 잘못되었습니다. 
661 행: Comm1의 _Version 속성 이름이 잘못되었습니다. 
662 행: Comm1의 DTREnable 속성 이름이 잘못되었습니다. 
663 행: Comm1의 InBufferSize 속성 이름이 잘못되었습니다. 
664 행: Comm1의 RThreshold 속성 이름이 잘못되었습니다. 
665 행: Comm1의 RTSEnable 속성 이름이 잘못되었습니다. 
666 행: Comm1의 SThreshold 속성 이름이 잘못되었습니다. 
674 행: cmdclose의 _Version 속성 이름이 잘못되었습니다. 
675 행: cmdclose의 _ExtentX 속성 이름이 잘못되었습니다. 
676 행: cmdclose의 _ExtentY 속성 이름이 잘못되었습니다. 
677 행: cmdclose의 _StockProps 속성 이름이 잘못되었습니다. 
678 행: cmdclose의 Caption 속성 이름이 잘못되었습니다. 
688 행: cmdclose의 BevelWidth 속성 이름이 잘못되었습니다. 
689 행: cmdclose의 Font3D 속성 이름이 잘못되었습니다. 
668 행: cmdclose의 Picture 속성을 설정할 수 없습니다.
698 행: fmeGuide의 _Version 속성 이름이 잘못되었습니다. 
699 행: fmeGuide의 _ExtentX 속성 이름이 잘못되었습니다. 
700 행: fmeGuide의 _ExtentY 속성 이름이 잘못되었습니다. 
701 행: fmeGuide의 _StockProps 속성 이름이 잘못되었습니다. 
739 행: cmdInitial의 _Version 속성 이름이 잘못되었습니다. 
740 행: cmdInitial의 _ExtentX 속성 이름이 잘못되었습니다. 
741 행: cmdInitial의 _ExtentY 속성 이름이 잘못되었습니다. 
742 행: cmdInitial의 _StockProps 속성 이름이 잘못되었습니다. 
743 행: cmdInitial의 Caption 속성 이름이 잘못되었습니다. 
753 행: cmdInitial의 BevelWidth 속성 이름이 잘못되었습니다. 
754 행: cmdInitial의 Font3D 속성 이름이 잘못되었습니다. 
733 행: cmdInitial의 Picture 속성을 설정할 수 없습니다.
764 행: cmdDown의 _Version 속성 이름이 잘못되었습니다. 
765 행: cmdDown의 _ExtentX 속성 이름이 잘못되었습니다. 
766 행: cmdDown의 _ExtentY 속성 이름이 잘못되었습니다. 
767 행: cmdDown의 _StockProps 속성 이름이 잘못되었습니다. 
768 행: cmdDown의 Caption 속성 이름이 잘못되었습니다. 
778 행: cmdDown의 BevelWidth 속성 이름이 잘못되었습니다. 
779 행: cmdDown의 Font3D 속성 이름이 잘못되었습니다. 
757 행: cmdDown의 Picture 속성을 설정할 수 없습니다.
