오후 3:54:35 
오후 3:54:35 Your XML Document failed to loaddue the following error.
Error #: -1072896680: XML 문서에는 최상위 요소가 있어야 합니다.
Line #: 0
Line Position: 0
Position In File: 0
Source Text: 
Document URL: 
오후 3:54:35 
오후 3:54:35 Your XML Document failed to loaddue the following error.
Error #: -1072896680: XML 문서에는 최상위 요소가 있어야 합니다.
Line #: 0
Line Position: 0
Position In File: 0
Source Text: 
Document URL: 
오후 3:54:35 
오후 3:54:35 Your XML Document failed to loaddue the following error.
Error #: -1072896680: XML 문서에는 최상위 요소가 있어야 합니다.
Line #: 0
Line Position: 0
Position In File: 0
Source Text: 
Document URL: 
오후 3:54:36 
오후 3:54:36 Your XML Document failed to loaddue the following error.
Error #: -1072896680: XML 문서에는 최상위 요소가 있어야 합니다.
Line #: 0
Line Position: 0
Position In File: 0
Source Text: 
Document URL: 
오후 3:54:36 
오후 3:54:36 Your XML Document failed to loaddue the following error.
Error #: -1072896680: XML 문서에는 최상위 요소가 있어야 합니다.
Line #: 0
Line Position: 0
Position In File: 0
Source Text: 
Document URL: 
오후 3:54:36 
오후 3:54:36 Your XML Document failed to loaddue the following error.
Error #: -1072896680: XML 문서에는 최상위 요소가 있어야 합니다.
Line #: 0
Line Position: 0
Position In File: 0
Source Text: 
Document URL: 
오후 3:54:36 
오후 3:54:36 Your XML Document failed to loaddue the following error.
Error #: -1072896680: XML 문서에는 최상위 요소가 있어야 합니다.
Line #: 0
Line Position: 0
Position In File: 0
Source Text: 
Document URL: 
오후 3:54:36 
오후 3:54:36 Your XML Document failed to loaddue the following error.
Error #: -1072896680: XML 문서에는 최상위 요소가 있어야 합니다.
Line #: 0
Line Position: 0
Position In File: 0
Source Text: 
Document URL: 
오후 3:54:36 
오후 3:54:36 Your XML Document failed to loaddue the following error.
Error #: -1072896680: XML 문서에는 최상위 요소가 있어야 합니다.
Line #: 0
Line Position: 0
Position In File: 0
Source Text: 
Document URL: 
오후 3:54:36 
오후 3:54:36 Your XML Document failed to loaddue the following error.
Error #: -1072896680: XML 문서에는 최상위 요소가 있어야 합니다.
Line #: 0
Line Position: 0
Position In File: 0
Source Text: 
Document URL: 
오후 3:54:36 
오후 3:54:36 Your XML Document failed to loaddue the following error.
Error #: -1072896680: XML 문서에는 최상위 요소가 있어야 합니다.
Line #: 0
Line Position: 0
Position In File: 0
Source Text: 
Document URL: 
오후 3:54:36 
오후 3:54:36 Your XML Document failed to loaddue the following error.
Error #: -1072896680: XML 문서에는 최상위 요소가 있어야 합니다.
Line #: 0
Line Position: 0
Position In File: 0
Source Text: 
Document URL: 
오후 3:54:36 
오후 3:54:36 Your XML Document failed to loaddue the following error.
Error #: -1072896680: XML 문서에는 최상위 요소가 있어야 합니다.
Line #: 0
Line Position: 0
Position In File: 0
Source Text: 
Document URL: 
오후 3:54:36 
오후 3:54:36 Your XML Document failed to loaddue the following error.
Error #: -1072896680: XML 문서에는 최상위 요소가 있어야 합니다.
Line #: 0
Line Position: 0
Position In File: 0
Source Text: 
Document URL: 
오후 3:59:46 
오후 3:59:46 Your XML Document failed to loaddue the following error.
Error #: -1072896680: XML 문서에는 최상위 요소가 있어야 합니다.
Line #: 0
Line Position: 0
Position In File: 0
Source Text: 
Document URL: 
오후 3:59:46 
오후 3:59:46 Your XML Document failed to loaddue the following error.
Error #: -1072896680: XML 문서에는 최상위 요소가 있어야 합니다.
Line #: 0
Line Position: 0
Position In File: 0
Source Text: 
Document URL: 
오후 3:59:46 
오후 3:59:46 Your XML Document failed to loaddue the following error.
Error #: -1072896680: XML 문서에는 최상위 요소가 있어야 합니다.
Line #: 0
Line Position: 0
Position In File: 0
Source Text: 
Document URL: 
오후 3:59:46 
오후 3:59:46 Your XML Document failed to loaddue the following error.
Error #: -1072896680: XML 문서에는 최상위 요소가 있어야 합니다.
Line #: 0
Line Position: 0
Position In File: 0
Source Text: 
Document URL: 
오후 3:59:46 
오후 3:59:46 Your XML Document failed to loaddue the following error.
Error #: -1072896680: XML 문서에는 최상위 요소가 있어야 합니다.
Line #: 0
Line Position: 0
Position In File: 0
Source Text: 
Document URL: 
오후 3:59:46 
오후 3:59:46 Your XML Document failed to loaddue the following error.
Error #: -1072896680: XML 문서에는 최상위 요소가 있어야 합니다.
Line #: 0
Line Position: 0
Position In File: 0
Source Text: 
Document URL: 
오후 3:59:46 
오후 3:59:46 Your XML Document failed to loaddue the following error.
Error #: -1072896680: XML 문서에는 최상위 요소가 있어야 합니다.
Line #: 0
Line Position: 0
Position In File: 0
Source Text: 
Document URL: 
오후 3:59:46 
오후 3:59:46 Your XML Document failed to loaddue the following error.
Error #: -1072896680: XML 문서에는 최상위 요소가 있어야 합니다.
Line #: 0
Line Position: 0
Position In File: 0
Source Text: 
Document URL: 
오후 3:59:46 
오후 3:59:46 Your XML Document failed to loaddue the following error.
Error #: -1072896680: XML 문서에는 최상위 요소가 있어야 합니다.
Line #: 0
Line Position: 0
Position In File: 0
Source Text: 
Document URL: 
오후 3:59:46 
오후 3:59:46 Your XML Document failed to loaddue the following error.
Error #: -1072896680: XML 문서에는 최상위 요소가 있어야 합니다.
Line #: 0
Line Position: 0
Position In File: 0
Source Text: 
Document URL: 
오후 3:59:46 
오후 3:59:46 Your XML Document failed to loaddue the following error.
Error #: -1072896680: XML 문서에는 최상위 요소가 있어야 합니다.
Line #: 0
Line Position: 0
Position In File: 0
Source Text: 
Document URL: 
오후 3:59:46 
오후 3:59:46 Your XML Document failed to loaddue the following error.
Error #: -1072896680: XML 문서에는 최상위 요소가 있어야 합니다.
Line #: 0
Line Position: 0
Position In File: 0
Source Text: 
Document URL: 
오후 3:59:46 
오후 3:59:46 Your XML Document failed to loaddue the following error.
Error #: -1072896680: XML 문서에는 최상위 요소가 있어야 합니다.
Line #: 0
Line Position: 0
Position In File: 0
Source Text: 
Document URL: 
오후 3:59:46 
오후 3:59:46 Your XML Document failed to loaddue the following error.
Error #: -1072896680: XML 문서에는 최상위 요소가 있어야 합니다.
Line #: 0
Line Position: 0
Position In File: 0
Source Text: 
Document URL: 
오후 4:01:28 
오후 4:01:28 Your XML Document failed to loaddue the following error.
Error #: -1072896680: XML 문서에는 최상위 요소가 있어야 합니다.
Line #: 0
Line Position: 0
Position In File: 0
Source Text: 
Document URL: 
오후 4:01:28 
오후 4:01:28 Your XML Document failed to loaddue the following error.
Error #: -1072896680: XML 문서에는 최상위 요소가 있어야 합니다.
Line #: 0
Line Position: 0
Position In File: 0
Source Text: 
Document URL: 
오후 4:01:28 
오후 4:01:28 Your XML Document failed to loaddue the following error.
Error #: -1072896680: XML 문서에는 최상위 요소가 있어야 합니다.
Line #: 0
Line Position: 0
Position In File: 0
Source Text: 
Document URL: 
오후 4:01:28 
오후 4:01:28 Your XML Document failed to loaddue the following error.
Error #: -1072896680: XML 문서에는 최상위 요소가 있어야 합니다.
Line #: 0
Line Position: 0
Position In File: 0
Source Text: 
Document URL: 
오후 4:01:28 
오후 4:01:28 Your XML Document failed to loaddue the following error.
Error #: -1072896680: XML 문서에는 최상위 요소가 있어야 합니다.
Line #: 0
Line Position: 0
Position In File: 0
Source Text: 
Document URL: 
오후 4:01:28 
오후 4:01:28 Your XML Document failed to loaddue the following error.
Error #: -1072896680: XML 문서에는 최상위 요소가 있어야 합니다.
Line #: 0
Line Position: 0
Position In File: 0
Source Text: 
Document URL: 
오후 4:01:28 
오후 4:01:28 Your XML Document failed to loaddue the following error.
Error #: -1072896680: XML 문서에는 최상위 요소가 있어야 합니다.
Line #: 0
Line Position: 0
Position In File: 0
Source Text: 
Document URL: 
오후 4:01:28 
오후 4:01:28 Your XML Document failed to loaddue the following error.
Error #: -1072896680: XML 문서에는 최상위 요소가 있어야 합니다.
Line #: 0
Line Position: 0
Position In File: 0
Source Text: 
Document URL: 
오후 4:01:28 
오후 4:01:28 Your XML Document failed to loaddue the following error.
Error #: -1072896680: XML 문서에는 최상위 요소가 있어야 합니다.
Line #: 0
Line Position: 0
Position In File: 0
Source Text: 
Document URL: 
오후 4:01:28 
오후 4:01:28 Your XML Document failed to loaddue the following error.
Error #: -1072896680: XML 문서에는 최상위 요소가 있어야 합니다.
Line #: 0
Line Position: 0
Position In File: 0
Source Text: 
Document URL: 
오후 4:01:28 
오후 4:01:28 Your XML Document failed to loaddue the following error.
Error #: -1072896680: XML 문서에는 최상위 요소가 있어야 합니다.
Line #: 0
Line Position: 0
Position In File: 0
Source Text: 
Document URL: 
오후 4:01:28 
오후 4:01:28 Your XML Document failed to loaddue the following error.
Error #: -1072896680: XML 문서에는 최상위 요소가 있어야 합니다.
Line #: 0
Line Position: 0
Position In File: 0
Source Text: 
Document URL: 
오후 4:01:28 
오후 4:01:28 Your XML Document failed to loaddue the following error.
Error #: -1072896680: XML 문서에는 최상위 요소가 있어야 합니다.
Line #: 0
Line Position: 0
Position In File: 0
Source Text: 
Document URL: 
오후 4:01:28 
오후 4:01:28 Your XML Document failed to loaddue the following error.
Error #: -1072896680: XML 문서에는 최상위 요소가 있어야 합니다.
Line #: 0
Line Position: 0
Position In File: 0
Source Text: 
Document URL: 
오후 4:04:01 
오후 4:04:01 Your XML Document failed to loaddue the following error.
Error #: -1072896680: XML 문서에는 최상위 요소가 있어야 합니다.
Line #: 0
Line Position: 0
Position In File: 0
Source Text: 
Document URL: 
오후 4:04:01 
오후 4:04:01 Your XML Document failed to loaddue the following error.
Error #: -1072896680: XML 문서에는 최상위 요소가 있어야 합니다.
Line #: 0
Line Position: 0
Position In File: 0
Source Text: 
Document URL: 
오후 4:04:01 
오후 4:04:01 Your XML Document failed to loaddue the following error.
Error #: -1072896680: XML 문서에는 최상위 요소가 있어야 합니다.
Line #: 0
Line Position: 0
Position In File: 0
Source Text: 
Document URL: 
오후 4:04:01 
오후 4:04:01 Your XML Document failed to loaddue the following error.
Error #: -1072896680: XML 문서에는 최상위 요소가 있어야 합니다.
Line #: 0
Line Position: 0
Position In File: 0
Source Text: 
Document URL: 
오후 4:04:01 
오후 4:04:01 Your XML Document failed to loaddue the following error.
Error #: -1072896680: XML 문서에는 최상위 요소가 있어야 합니다.
Line #: 0
Line Position: 0
Position In File: 0
Source Text: 
Document URL: 
오후 4:04:01 
오후 4:04:01 Your XML Document failed to loaddue the following error.
Error #: -1072896680: XML 문서에는 최상위 요소가 있어야 합니다.
Line #: 0
Line Position: 0
Position In File: 0
Source Text: 
Document URL: 
오후 4:04:01 
오후 4:04:01 Your XML Document failed to loaddue the following error.
Error #: -1072896680: XML 문서에는 최상위 요소가 있어야 합니다.
Line #: 0
Line Position: 0
Position In File: 0
Source Text: 
Document URL: 
오후 4:04:01 
오후 4:04:01 Your XML Document failed to loaddue the following error.
Error #: -1072896680: XML 문서에는 최상위 요소가 있어야 합니다.
Line #: 0
Line Position: 0
Position In File: 0
Source Text: 
Document URL: 
오후 4:04:01 
오후 4:04:01 Your XML Document failed to loaddue the following error.
Error #: -1072896680: XML 문서에는 최상위 요소가 있어야 합니다.
Line #: 0
Line Position: 0
Position In File: 0
Source Text: 
Document URL: 
오후 4:04:01 
오후 4:04:01 Your XML Document failed to loaddue the following error.
Error #: -1072896680: XML 문서에는 최상위 요소가 있어야 합니다.
Line #: 0
Line Position: 0
Position In File: 0
Source Text: 
Document URL: 
오후 4:04:01 
오후 4:04:01 Your XML Document failed to loaddue the following error.
Error #: -1072896680: XML 문서에는 최상위 요소가 있어야 합니다.
Line #: 0
Line Position: 0
Position In File: 0
Source Text: 
Document URL: 
오후 4:04:01 
오후 4:04:01 Your XML Document failed to loaddue the following error.
Error #: -1072896680: XML 문서에는 최상위 요소가 있어야 합니다.
Line #: 0
Line Position: 0
Position In File: 0
Source Text: 
Document URL: 
오후 4:04:01 
오후 4:04:01 Your XML Document failed to loaddue the following error.
Error #: -1072896680: XML 문서에는 최상위 요소가 있어야 합니다.
Line #: 0
Line Position: 0
Position In File: 0
Source Text: 
Document URL: 
오후 4:04:01 
오후 4:04:01 Your XML Document failed to loaddue the following error.
Error #: -1072896680: XML 문서에는 최상위 요소가 있어야 합니다.
Line #: 0
Line Position: 0
Position In File: 0
Source Text: 
Document URL: 
오후 4:04:16 
오후 4:04:16 Your XML Document failed to loaddue the following error.
Error #: -1072896680: XML 문서에는 최상위 요소가 있어야 합니다.
Line #: 0
Line Position: 0
Position In File: 0
Source Text: 
Document URL: 
오후 4:04:16 
오후 4:04:16 Your XML Document failed to loaddue the following error.
Error #: -1072896680: XML 문서에는 최상위 요소가 있어야 합니다.
Line #: 0
Line Position: 0
Position In File: 0
Source Text: 
Document URL: 
오후 4:04:16 
오후 4:04:16 Your XML Document failed to loaddue the following error.
Error #: -1072896680: XML 문서에는 최상위 요소가 있어야 합니다.
Line #: 0
Line Position: 0
Position In File: 0
Source Text: 
Document URL: 
오후 4:04:16 
오후 4:04:16 Your XML Document failed to loaddue the following error.
Error #: -1072896680: XML 문서에는 최상위 요소가 있어야 합니다.
Line #: 0
Line Position: 0
Position In File: 0
Source Text: 
Document URL: 
오후 4:04:16 
오후 4:04:16 Your XML Document failed to loaddue the following error.
Error #: -1072896680: XML 문서에는 최상위 요소가 있어야 합니다.
Line #: 0
Line Position: 0
Position In File: 0
Source Text: 
Document URL: 
오후 4:04:16 
오후 4:04:16 Your XML Document failed to loaddue the following error.
Error #: -1072896680: XML 문서에는 최상위 요소가 있어야 합니다.
Line #: 0
Line Position: 0
Position In File: 0
Source Text: 
Document URL: 
오후 4:04:16 
오후 4:04:16 Your XML Document failed to loaddue the following error.
Error #: -1072896680: XML 문서에는 최상위 요소가 있어야 합니다.
Line #: 0
Line Position: 0
Position In File: 0
Source Text: 
Document URL: 
오후 4:04:16 
오후 4:04:16 Your XML Document failed to loaddue the following error.
Error #: -1072896680: XML 문서에는 최상위 요소가 있어야 합니다.
Line #: 0
Line Position: 0
Position In File: 0
Source Text: 
Document URL: 
오후 4:04:16 
오후 4:04:16 Your XML Document failed to loaddue the following error.
Error #: -1072896680: XML 문서에는 최상위 요소가 있어야 합니다.
Line #: 0
Line Position: 0
Position In File: 0
Source Text: 
Document URL: 
오후 4:04:16 
오후 4:04:16 Your XML Document failed to loaddue the following error.
Error #: -1072896680: XML 문서에는 최상위 요소가 있어야 합니다.
Line #: 0
Line Position: 0
Position In File: 0
Source Text: 
Document URL: 
오후 4:04:16 
오후 4:04:16 Your XML Document failed to loaddue the following error.
Error #: -1072896680: XML 문서에는 최상위 요소가 있어야 합니다.
Line #: 0
Line Position: 0
Position In File: 0
Source Text: 
Document URL: 
오후 4:04:16 
오후 4:04:16 Your XML Document failed to loaddue the following error.
Error #: -1072896680: XML 문서에는 최상위 요소가 있어야 합니다.
Line #: 0
Line Position: 0
Position In File: 0
Source Text: 
Document URL: 
오후 4:04:16 
오후 4:04:16 Your XML Document failed to loaddue the following error.
Error #: -1072896680: XML 문서에는 최상위 요소가 있어야 합니다.
Line #: 0
Line Position: 0
Position In File: 0
Source Text: 
Document URL: 
오후 4:04:16 
오후 4:04:16 Your XML Document failed to loaddue the following error.
Error #: -1072896680: XML 문서에는 최상위 요소가 있어야 합니다.
Line #: 0
Line Position: 0
Position In File: 0
Source Text: 
Document URL: 
오후 4:06:40 
오후 4:06:40 Your XML Document failed to loaddue the following error.
Error #: -1072896680: XML 문서에는 최상위 요소가 있어야 합니다.
Line #: 0
Line Position: 0
Position In File: 0
Source Text: 
Document URL: 
오후 4:06:40 
오후 4:06:40 Your XML Document failed to loaddue the following error.
Error #: -1072896680: XML 문서에는 최상위 요소가 있어야 합니다.
Line #: 0
Line Position: 0
Position In File: 0
Source Text: 
Document URL: 
오후 4:06:40 
오후 4:06:40 Your XML Document failed to loaddue the following error.
Error #: -1072896680: XML 문서에는 최상위 요소가 있어야 합니다.
Line #: 0
Line Position: 0
Position In File: 0
Source Text: 
Document URL: 
오후 4:06:40 
오후 4:06:40 Your XML Document failed to loaddue the following error.
Error #: -1072896680: XML 문서에는 최상위 요소가 있어야 합니다.
Line #: 0
Line Position: 0
Position In File: 0
Source Text: 
Document URL: 
오후 4:06:40 
오후 4:06:40 Your XML Document failed to loaddue the following error.
Error #: -1072896680: XML 문서에는 최상위 요소가 있어야 합니다.
Line #: 0
Line Position: 0
Position In File: 0
Source Text: 
Document URL: 
오후 4:06:40 
오후 4:06:40 Your XML Document failed to loaddue the following error.
Error #: -1072896680: XML 문서에는 최상위 요소가 있어야 합니다.
Line #: 0
Line Position: 0
Position In File: 0
Source Text: 
Document URL: 
오후 4:06:40 
오후 4:06:40 Your XML Document failed to loaddue the following error.
Error #: -1072896680: XML 문서에는 최상위 요소가 있어야 합니다.
Line #: 0
Line Position: 0
Position In File: 0
Source Text: 
Document URL: 
오후 4:06:40 
오후 4:06:40 Your XML Document failed to loaddue the following error.
Error #: -1072896680: XML 문서에는 최상위 요소가 있어야 합니다.
Line #: 0
Line Position: 0
Position In File: 0
Source Text: 
Document URL: 
오후 4:06:40 
오후 4:06:40 Your XML Document failed to loaddue the following error.
Error #: -1072896680: XML 문서에는 최상위 요소가 있어야 합니다.
Line #: 0
Line Position: 0
Position In File: 0
Source Text: 
Document URL: 
오후 4:06:40 
오후 4:06:40 Your XML Document failed to loaddue the following error.
Error #: -1072896680: XML 문서에는 최상위 요소가 있어야 합니다.
Line #: 0
Line Position: 0
Position In File: 0
Source Text: 
Document URL: 
오후 4:06:40 
오후 4:06:40 Your XML Document failed to loaddue the following error.
Error #: -1072896680: XML 문서에는 최상위 요소가 있어야 합니다.
Line #: 0
Line Position: 0
Position In File: 0
Source Text: 
Document URL: 
오후 4:06:40 
오후 4:06:40 Your XML Document failed to loaddue the following error.
Error #: -1072896680: XML 문서에는 최상위 요소가 있어야 합니다.
Line #: 0
Line Position: 0
Position In File: 0
Source Text: 
Document URL: 
오후 4:06:40 
오후 4:06:40 Your XML Document failed to loaddue the following error.
Error #: -1072896680: XML 문서에는 최상위 요소가 있어야 합니다.
Line #: 0
Line Position: 0
Position In File: 0
Source Text: 
Document URL: 
오후 4:06:40 
오후 4:06:40 Your XML Document failed to loaddue the following error.
Error #: -1072896680: XML 문서에는 최상위 요소가 있어야 합니다.
Line #: 0
Line Position: 0
Position In File: 0
Source Text: 
Document URL: 
오후 4:12:07 
오후 4:12:07 Your XML Document failed to loaddue the following error.
Error #: -1072896680: XML 문서에는 최상위 요소가 있어야 합니다.
Line #: 0
Line Position: 0
Position In File: 0
Source Text: 
Document URL: 
오후 4:12:07 
오후 4:12:07 Your XML Document failed to loaddue the following error.
Error #: -1072896680: XML 문서에는 최상위 요소가 있어야 합니다.
Line #: 0
Line Position: 0
Position In File: 0
Source Text: 
Document URL: 
오후 4:12:07 
오후 4:12:07 Your XML Document failed to loaddue the following error.
Error #: -1072896680: XML 문서에는 최상위 요소가 있어야 합니다.
Line #: 0
Line Position: 0
Position In File: 0
Source Text: 
Document URL: 
오후 4:12:07 
오후 4:12:07 Your XML Document failed to loaddue the following error.
Error #: -1072896680: XML 문서에는 최상위 요소가 있어야 합니다.
Line #: 0
Line Position: 0
Position In File: 0
Source Text: 
Document URL: 
오후 4:12:07 
오후 4:12:07 Your XML Document failed to loaddue the following error.
Error #: -1072896680: XML 문서에는 최상위 요소가 있어야 합니다.
Line #: 0
Line Position: 0
Position In File: 0
Source Text: 
Document URL: 
오후 4:12:07 
오후 4:12:07 Your XML Document failed to loaddue the following error.
Error #: -1072896680: XML 문서에는 최상위 요소가 있어야 합니다.
Line #: 0
Line Position: 0
Position In File: 0
Source Text: 
Document URL: 
오후 4:12:07 
오후 4:12:07 Your XML Document failed to loaddue the following error.
Error #: -1072896680: XML 문서에는 최상위 요소가 있어야 합니다.
Line #: 0
Line Position: 0
Position In File: 0
Source Text: 
Document URL: 
오후 4:12:07 
오후 4:12:07 Your XML Document failed to loaddue the following error.
Error #: -1072896680: XML 문서에는 최상위 요소가 있어야 합니다.
Line #: 0
Line Position: 0
Position In File: 0
Source Text: 
Document URL: 
오후 4:12:07 
오후 4:12:07 Your XML Document failed to loaddue the following error.
Error #: -1072896680: XML 문서에는 최상위 요소가 있어야 합니다.
Line #: 0
Line Position: 0
Position In File: 0
Source Text: 
Document URL: 
오후 4:12:07 
오후 4:12:07 Your XML Document failed to loaddue the following error.
Error #: -1072896680: XML 문서에는 최상위 요소가 있어야 합니다.
Line #: 0
Line Position: 0
Position In File: 0
Source Text: 
Document URL: 
오후 4:12:07 
오후 4:12:07 Your XML Document failed to loaddue the following error.
Error #: -1072896680: XML 문서에는 최상위 요소가 있어야 합니다.
Line #: 0
Line Position: 0
Position In File: 0
Source Text: 
Document URL: 
오후 4:12:07 
오후 4:12:07 Your XML Document failed to loaddue the following error.
Error #: -1072896680: XML 문서에는 최상위 요소가 있어야 합니다.
Line #: 0
Line Position: 0
Position In File: 0
Source Text: 
Document URL: 
오후 4:12:07 
오후 4:12:07 Your XML Document failed to loaddue the following error.
Error #: -1072896680: XML 문서에는 최상위 요소가 있어야 합니다.
Line #: 0
Line Position: 0
Position In File: 0
Source Text: 
Document URL: 
오후 4:12:07 
오후 4:12:07 Your XML Document failed to loaddue the following error.
Error #: -1072896680: XML 문서에는 최상위 요소가 있어야 합니다.
Line #: 0
Line Position: 0
Position In File: 0
Source Text: 
Document URL: 
오후 4:12:57 
오후 4:12:57 Your XML Document failed to loaddue the following error.
Error #: -1072896680: XML 문서에는 최상위 요소가 있어야 합니다.
Line #: 0
Line Position: 0
Position In File: 0
Source Text: 
Document URL: 
오후 4:12:57 
오후 4:12:57 Your XML Document failed to loaddue the following error.
Error #: -1072896680: XML 문서에는 최상위 요소가 있어야 합니다.
Line #: 0
Line Position: 0
Position In File: 0
Source Text: 
Document URL: 
오후 4:12:57 
오후 4:12:57 Your XML Document failed to loaddue the following error.
Error #: -1072896680: XML 문서에는 최상위 요소가 있어야 합니다.
Line #: 0
Line Position: 0
Position In File: 0
Source Text: 
Document URL: 
오후 4:12:57 
오후 4:12:57 Your XML Document failed to loaddue the following error.
Error #: -1072896680: XML 문서에는 최상위 요소가 있어야 합니다.
Line #: 0
Line Position: 0
Position In File: 0
Source Text: 
Document URL: 
오후 4:12:57 
오후 4:12:57 Your XML Document failed to loaddue the following error.
Error #: -1072896680: XML 문서에는 최상위 요소가 있어야 합니다.
Line #: 0
Line Position: 0
Position In File: 0
Source Text: 
Document URL: 
오후 4:12:57 
오후 4:12:57 Your XML Document failed to loaddue the following error.
Error #: -1072896680: XML 문서에는 최상위 요소가 있어야 합니다.
Line #: 0
Line Position: 0
Position In File: 0
Source Text: 
Document URL: 
오후 4:12:57 
오후 4:12:57 Your XML Document failed to loaddue the following error.
Error #: -1072896680: XML 문서에는 최상위 요소가 있어야 합니다.
Line #: 0
Line Position: 0
Position In File: 0
Source Text: 
Document URL: 
오후 4:12:57 
오후 4:12:57 Your XML Document failed to loaddue the following error.
Error #: -1072896680: XML 문서에는 최상위 요소가 있어야 합니다.
Line #: 0
Line Position: 0
Position In File: 0
Source Text: 
Document URL: 
오후 4:12:57 
오후 4:12:57 Your XML Document failed to loaddue the following error.
Error #: -1072896680: XML 문서에는 최상위 요소가 있어야 합니다.
Line #: 0
Line Position: 0
Position In File: 0
Source Text: 
Document URL: 
오후 4:12:57 
오후 4:12:57 Your XML Document failed to loaddue the following error.
Error #: -1072896680: XML 문서에는 최상위 요소가 있어야 합니다.
Line #: 0
Line Position: 0
Position In File: 0
Source Text: 
Document URL: 
오후 4:12:57 
오후 4:12:57 Your XML Document failed to loaddue the following error.
Error #: -1072896680: XML 문서에는 최상위 요소가 있어야 합니다.
Line #: 0
Line Position: 0
Position In File: 0
Source Text: 
Document URL: 
오후 4:12:57 
오후 4:12:57 Your XML Document failed to loaddue the following error.
Error #: -1072896680: XML 문서에는 최상위 요소가 있어야 합니다.
Line #: 0
Line Position: 0
Position In File: 0
Source Text: 
Document URL: 
오후 4:12:57 
오후 4:12:57 Your XML Document failed to loaddue the following error.
Error #: -1072896680: XML 문서에는 최상위 요소가 있어야 합니다.
Line #: 0
Line Position: 0
Position In File: 0
Source Text: 
Document URL: 
오후 4:12:57 
오후 4:12:57 Your XML Document failed to loaddue the following error.
Error #: -1072896680: XML 문서에는 최상위 요소가 있어야 합니다.
Line #: 0
Line Position: 0
Position In File: 0
Source Text: 
Document URL: 
오후 4:24:32 
오후 4:24:32 Your XML Document failed to loaddue the following error.
Error #: -1072896680: XML 문서에는 최상위 요소가 있어야 합니다.
Line #: 0
Line Position: 0
Position In File: 0
Source Text: 
Document URL: 
오후 4:24:34 
오후 4:24:34 Your XML Document failed to loaddue the following error.
Error #: -1072896680: XML 문서에는 최상위 요소가 있어야 합니다.
Line #: 0
Line Position: 0
Position In File: 0
Source Text: 
Document URL: 
오후 4:24:36 
오후 4:24:36 Your XML Document failed to loaddue the following error.
Error #: -1072896680: XML 문서에는 최상위 요소가 있어야 합니다.
Line #: 0
Line Position: 0
Position In File: 0
Source Text: 
Document URL: 
오후 4:24:39 
오후 4:24:39 Your XML Document failed to loaddue the following error.
Error #: -1072896680: XML 문서에는 최상위 요소가 있어야 합니다.
Line #: 0
Line Position: 0
Position In File: 0
Source Text: 
Document URL: 
오후 4:24:41 
오후 4:24:41 Your XML Document failed to loaddue the following error.
Error #: -1072896680: XML 문서에는 최상위 요소가 있어야 합니다.
Line #: 0
Line Position: 0
Position In File: 0
Source Text: 
Document URL: 
오후 4:24:43 
오후 4:24:43 Your XML Document failed to loaddue the following error.
Error #: -1072896680: XML 문서에는 최상위 요소가 있어야 합니다.
Line #: 0
Line Position: 0
Position In File: 0
Source Text: 
Document URL: 
오후 4:24:46 
오후 4:24:46 Your XML Document failed to loaddue the following error.
Error #: -1072896680: XML 문서에는 최상위 요소가 있어야 합니다.
Line #: 0
Line Position: 0
Position In File: 0
Source Text: 
Document URL: 
오후 4:24:48 
오후 4:24:48 Your XML Document failed to loaddue the following error.
Error #: -1072896680: XML 문서에는 최상위 요소가 있어야 합니다.
Line #: 0
Line Position: 0
Position In File: 0
Source Text: 
Document URL: 
오후 4:24:50 
오후 4:24:50 Your XML Document failed to loaddue the following error.
Error #: -1072896680: XML 문서에는 최상위 요소가 있어야 합니다.
Line #: 0
Line Position: 0
Position In File: 0
Source Text: 
Document URL: 
오후 4:24:53 
오후 4:24:53 Your XML Document failed to loaddue the following error.
Error #: -1072896680: XML 문서에는 최상위 요소가 있어야 합니다.
Line #: 0
Line Position: 0
Position In File: 0
Source Text: 
Document URL: 
오후 4:24:55 
오후 4:24:55 Your XML Document failed to loaddue the following error.
Error #: -1072896680: XML 문서에는 최상위 요소가 있어야 합니다.
Line #: 0
Line Position: 0
Position In File: 0
Source Text: 
Document URL: 
오후 4:24:58 
오후 4:24:58 Your XML Document failed to loaddue the following error.
Error #: -1072896680: XML 문서에는 최상위 요소가 있어야 합니다.
Line #: 0
Line Position: 0
Position In File: 0
Source Text: 
Document URL: 
오후 4:25:15 
오후 4:25:15 Your XML Document failed to loaddue the following error.
Error #: -1072896680: XML 문서에는 최상위 요소가 있어야 합니다.
Line #: 0
Line Position: 0
Position In File: 0
Source Text: 
Document URL: 
오후 4:25:32 
오후 4:25:32 Your XML Document failed to loaddue the following error.
Error #: -1072896680: XML 문서에는 최상위 요소가 있어야 합니다.
Line #: 0
Line Position: 0
Position In File: 0
Source Text: 
Document URL: 
오후 4:25:32 
오후 4:25:32 Your XML Document failed to loaddue the following error.
Error #: -1072896680: XML 문서에는 최상위 요소가 있어야 합니다.
Line #: 0
Line Position: 0
Position In File: 0
Source Text: 
Document URL: 
오후 4:25:32 
오후 4:25:32 Your XML Document failed to loaddue the following error.
Error #: -1072896680: XML 문서에는 최상위 요소가 있어야 합니다.
Line #: 0
Line Position: 0
Position In File: 0
Source Text: 
Document URL: 
오후 4:25:32 
오후 4:25:32 Your XML Document failed to loaddue the following error.
Error #: -1072896680: XML 문서에는 최상위 요소가 있어야 합니다.
Line #: 0
Line Position: 0
Position In File: 0
Source Text: 
Document URL: 
오후 4:25:32 
오후 4:25:32 Your XML Document failed to loaddue the following error.
Error #: -1072896680: XML 문서에는 최상위 요소가 있어야 합니다.
Line #: 0
Line Position: 0
Position In File: 0
Source Text: 
Document URL: 
오후 4:25:32 
오후 4:25:32 Your XML Document failed to loaddue the following error.
Error #: -1072896680: XML 문서에는 최상위 요소가 있어야 합니다.
Line #: 0
Line Position: 0
Position In File: 0
Source Text: 
Document URL: 
오후 4:25:33 
오후 4:25:33 Your XML Document failed to loaddue the following error.
Error #: -1072896680: XML 문서에는 최상위 요소가 있어야 합니다.
Line #: 0
Line Position: 0
Position In File: 0
Source Text: 
Document URL: 
오후 4:25:33 
오후 4:25:33 Your XML Document failed to loaddue the following error.
Error #: -1072896680: XML 문서에는 최상위 요소가 있어야 합니다.
Line #: 0
Line Position: 0
Position In File: 0
Source Text: 
Document URL: 
오후 4:25:33 
오후 4:25:33 Your XML Document failed to loaddue the following error.
Error #: -1072896680: XML 문서에는 최상위 요소가 있어야 합니다.
Line #: 0
Line Position: 0
Position In File: 0
Source Text: 
Document URL: 
오후 4:25:33 
오후 4:25:33 Your XML Document failed to loaddue the following error.
Error #: -1072896680: XML 문서에는 최상위 요소가 있어야 합니다.
Line #: 0
Line Position: 0
Position In File: 0
Source Text: 
Document URL: 
오후 4:25:33 
오후 4:25:33 Your XML Document failed to loaddue the following error.
Error #: -1072896680: XML 문서에는 최상위 요소가 있어야 합니다.
Line #: 0
Line Position: 0
Position In File: 0
Source Text: 
Document URL: 
오후 4:25:33 
오후 4:25:33 Your XML Document failed to loaddue the following error.
Error #: -1072896680: XML 문서에는 최상위 요소가 있어야 합니다.
Line #: 0
Line Position: 0
Position In File: 0
Source Text: 
Document URL: 
오후 4:25:33 
오후 4:25:33 Your XML Document failed to loaddue the following error.
Error #: -1072896680: XML 문서에는 최상위 요소가 있어야 합니다.
Line #: 0
Line Position: 0
Position In File: 0
Source Text: 
Document URL: 
오후 4:25:33 
오후 4:25:33 Your XML Document failed to loaddue the following error.
Error #: -1072896680: XML 문서에는 최상위 요소가 있어야 합니다.
Line #: 0
Line Position: 0
Position In File: 0
Source Text: 
Document URL: 
오후 4:26:33 
오후 4:26:33 Your XML Document failed to loaddue the following error.
Error #: -1072896680: XML 문서에는 최상위 요소가 있어야 합니다.
Line #: 0
Line Position: 0
Position In File: 0
Source Text: 
Document URL: 
오후 4:26:33 
오후 4:26:33 Your XML Document failed to loaddue the following error.
Error #: -1072896680: XML 문서에는 최상위 요소가 있어야 합니다.
Line #: 0
Line Position: 0
Position In File: 0
Source Text: 
Document URL: 
오후 4:26:33 
오후 4:26:33 Your XML Document failed to loaddue the following error.
Error #: -1072896680: XML 문서에는 최상위 요소가 있어야 합니다.
Line #: 0
Line Position: 0
Position In File: 0
Source Text: 
Document URL: 
오후 4:26:33 
오후 4:26:33 Your XML Document failed to loaddue the following error.
Error #: -1072896680: XML 문서에는 최상위 요소가 있어야 합니다.
Line #: 0
Line Position: 0
Position In File: 0
Source Text: 
Document URL: 
오후 4:26:33 
오후 4:26:33 Your XML Document failed to loaddue the following error.
Error #: -1072896680: XML 문서에는 최상위 요소가 있어야 합니다.
Line #: 0
Line Position: 0
Position In File: 0
Source Text: 
Document URL: 
오후 4:26:33 
오후 4:26:33 Your XML Document failed to loaddue the following error.
Error #: -1072896680: XML 문서에는 최상위 요소가 있어야 합니다.
Line #: 0
Line Position: 0
Position In File: 0
Source Text: 
Document URL: 
오후 4:26:33 
오후 4:26:33 Your XML Document failed to loaddue the following error.
Error #: -1072896680: XML 문서에는 최상위 요소가 있어야 합니다.
Line #: 0
Line Position: 0
Position In File: 0
Source Text: 
Document URL: 
오후 4:26:34 
오후 4:26:34 Your XML Document failed to loaddue the following error.
Error #: -1072896680: XML 문서에는 최상위 요소가 있어야 합니다.
Line #: 0
Line Position: 0
Position In File: 0
Source Text: 
Document URL: 
오후 4:26:34 
오후 4:26:34 Your XML Document failed to loaddue the following error.
Error #: -1072896680: XML 문서에는 최상위 요소가 있어야 합니다.
Line #: 0
Line Position: 0
Position In File: 0
Source Text: 
Document URL: 
오후 4:26:34 
오후 4:26:34 Your XML Document failed to loaddue the following error.
Error #: -1072896680: XML 문서에는 최상위 요소가 있어야 합니다.
Line #: 0
Line Position: 0
Position In File: 0
Source Text: 
Document URL: 
오후 4:26:34 
오후 4:26:34 Your XML Document failed to loaddue the following error.
Error #: -1072896680: XML 문서에는 최상위 요소가 있어야 합니다.
Line #: 0
Line Position: 0
Position In File: 0
Source Text: 
Document URL: 
오후 4:26:34 
오후 4:26:34 Your XML Document failed to loaddue the following error.
Error #: -1072896680: XML 문서에는 최상위 요소가 있어야 합니다.
Line #: 0
Line Position: 0
Position In File: 0
Source Text: 
Document URL: 
오후 4:26:34 
오후 4:26:34 Your XML Document failed to loaddue the following error.
Error #: -1072896680: XML 문서에는 최상위 요소가 있어야 합니다.
Line #: 0
Line Position: 0
Position In File: 0
Source Text: 
Document URL: 
오후 4:26:34 
오후 4:26:34 Your XML Document failed to loaddue the following error.
Error #: -1072896680: XML 문서에는 최상위 요소가 있어야 합니다.
Line #: 0
Line Position: 0
Position In File: 0
Source Text: 
Document URL: 
오후 4:27:13 
오후 4:27:13 Your XML Document failed to loaddue the following error.
Error #: -1072896680: XML 문서에는 최상위 요소가 있어야 합니다.
Line #: 0
Line Position: 0
Position In File: 0
Source Text: 
Document URL: 
오후 4:27:13 
오후 4:27:14 Your XML Document failed to loaddue the following error.
Error #: -1072896680: XML 문서에는 최상위 요소가 있어야 합니다.
Line #: 0
Line Position: 0
Position In File: 0
Source Text: 
Document URL: 
오후 4:27:14 
오후 4:27:14 Your XML Document failed to loaddue the following error.
Error #: -1072896680: XML 문서에는 최상위 요소가 있어야 합니다.
Line #: 0
Line Position: 0
Position In File: 0
Source Text: 
Document URL: 
오후 4:27:14 
오후 4:27:14 Your XML Document failed to loaddue the following error.
Error #: -1072896680: XML 문서에는 최상위 요소가 있어야 합니다.
Line #: 0
Line Position: 0
Position In File: 0
Source Text: 
Document URL: 
오후 4:27:14 
오후 4:27:14 Your XML Document failed to loaddue the following error.
Error #: -1072896680: XML 문서에는 최상위 요소가 있어야 합니다.
Line #: 0
Line Position: 0
Position In File: 0
Source Text: 
Document URL: 
오후 4:27:14 
오후 4:27:14 Your XML Document failed to loaddue the following error.
Error #: -1072896680: XML 문서에는 최상위 요소가 있어야 합니다.
Line #: 0
Line Position: 0
Position In File: 0
Source Text: 
Document URL: 
오후 4:27:14 
오후 4:27:14 Your XML Document failed to loaddue the following error.
Error #: -1072896680: XML 문서에는 최상위 요소가 있어야 합니다.
Line #: 0
Line Position: 0
Position In File: 0
Source Text: 
Document URL: 
오후 4:27:14 
오후 4:27:14 Your XML Document failed to loaddue the following error.
Error #: -1072896680: XML 문서에는 최상위 요소가 있어야 합니다.
Line #: 0
Line Position: 0
Position In File: 0
Source Text: 
Document URL: 
오후 4:27:14 
오후 4:27:14 Your XML Document failed to loaddue the following error.
Error #: -1072896680: XML 문서에는 최상위 요소가 있어야 합니다.
Line #: 0
Line Position: 0
Position In File: 0
Source Text: 
Document URL: 
오후 4:27:14 
오후 4:27:14 Your XML Document failed to loaddue the following error.
Error #: -1072896680: XML 문서에는 최상위 요소가 있어야 합니다.
Line #: 0
Line Position: 0
Position In File: 0
Source Text: 
Document URL: 
오후 4:27:14 
오후 4:27:14 Your XML Document failed to loaddue the following error.
Error #: -1072896680: XML 문서에는 최상위 요소가 있어야 합니다.
Line #: 0
Line Position: 0
Position In File: 0
Source Text: 
Document URL: 
오후 4:27:14 
오후 4:27:14 Your XML Document failed to loaddue the following error.
Error #: -1072896680: XML 문서에는 최상위 요소가 있어야 합니다.
Line #: 0
Line Position: 0
Position In File: 0
Source Text: 
Document URL: 
오후 4:27:14 
오후 4:27:14 Your XML Document failed to loaddue the following error.
Error #: -1072896680: XML 문서에는 최상위 요소가 있어야 합니다.
Line #: 0
Line Position: 0
Position In File: 0
Source Text: 
Document URL: 
오후 4:27:14 
오후 4:27:14 Your XML Document failed to loaddue the following error.
Error #: -1072896680: XML 문서에는 최상위 요소가 있어야 합니다.
Line #: 0
Line Position: 0
Position In File: 0
Source Text: 
Document URL: 
