        Procedure : clsCommon - Public Function f_subSet_WorkList() As ADODB.Recordset

     Error Source : Microsoft OLE DB Provider for Oracle

     Error Number : -2147467259

Error Description : ORA-12571: TNS:ぬ韃 塭檜攪 褒ぬ


             Date : 2003喇 10錯 31橾 錯蹂橾

             Time : 螃 3:35:59
收收收收收收收收收收收收收收收收收收收收收收收收收收收收收收收收收收收收收收收收
        Procedure : clsCommon - Public Function f_subSet_WorkList() As ADODB.Recordset

     Error Source : Vitros950

     Error Number : 424

Error Description : 偃羹陛 в蹂м棲棻.

             Date : 2003喇 10錯 31橾 錯蹂橾

             Time : 螃 3:36:00
收收收收收收收收收收收收收收收收收收收收收收收收收收收收收收收收收收收收收收收收
        Procedure : clsCommon - Public Function f_subSet_WorkList() As ADODB.Recordset

     Error Source : Microsoft OLE DB Provider for Oracle

     Error Number : -2147467259

Error Description : ORA-03114: ORACLE縑 翱唸腎橫 氈雖 彊蝗棲棻.


             Date : 2003喇 10錯 31橾 錯蹂橾

             Time : 螃 3:36:15
收收收收收收收收收收收收收收收收收收收收收收收收收收收收收收收收收收收收收收收收
        Procedure : clsCommon - Public Function f_subSet_WorkList() As ADODB.Recordset

     Error Source : Vitros950

     Error Number : 424

Error Description : 偃羹陛 в蹂м棲棻.

             Date : 2003喇 10錯 31橾 錯蹂橾

             Time : 螃 3:36:17
收收收收收收收收收收收收收收收收收收收收收收收收收收收收收收收收收收收收收收收收
        Procedure : clsCommon - Public Function f_subSet_WorkList() As ADODB.Recordset

     Error Source : Microsoft OLE DB Provider for Oracle

     Error Number : -2147467259

Error Description : ORA-12571: TNS:ぬ韃 塭檜攪 褒ぬ


             Date : 2003喇 10錯 31橾 錯蹂橾

             Time : 螃 3:45:09
收收收收收收收收收收收收收收收收收收收收收收收收收收收收收收收收收收收收收收收收
        Procedure : clsCommon - Public Function f_subSet_WorkList() As ADODB.Recordset

     Error Source : Vitros950

     Error Number : 424

Error Description : 偃羹陛 в蹂м棲棻.

             Date : 2003喇 10錯 31橾 錯蹂橾

             Time : 螃 3:45:10
收收收收收收收收收收收收收收收收收收收收收收收收收收收收收收收收收收收收收收收收
        Procedure : clsCommon - Public Function f_subSet_WorkList() As ADODB.Recordset

     Error Source : ADODB.Recordset

     Error Number : 3709

Error Description : 檜 濛機擊 熱чж朝 等 翱唸擊 餌辨й 熱 橈蝗棲棻. 檜 鐘臢蝶お縑憮 翱唸檜 殘⑵ 氈剪釭 澀跤腎歷蝗棲棻.

             Date : 2003喇 10錯 31橾 錯蹂橾

             Time : 螃 3:58:59
收收收收收收收收收收收收收收收收收收收收收收收收收收收收收收收收收收收收收收收收
        Procedure : clsCommon - Public Function f_subSet_WorkList() As ADODB.Recordset

     Error Source : Vitros950

     Error Number : 424

Error Description : 偃羹陛 в蹂м棲棻.

             Date : 2003喇 10錯 31橾 錯蹂橾

             Time : 螃 3:59:04
收收收收收收收收收收收收收收收收收收收收收收收收收收收收收收收收收收收收收收收收
        Procedure : clsCommon - Public Function f_subSet_WorkList() As ADODB.Recordset

     Error Source : ADODB.Recordset

     Error Number : 3709

Error Description : 檜 濛機擊 熱чж朝 等 翱唸擊 餌辨й 熱 橈蝗棲棻. 檜 鐘臢蝶お縑憮 翱唸檜 殘⑵ 氈剪釭 澀跤腎歷蝗棲棻.

             Date : 2003喇 10錯 31橾 錯蹂橾

             Time : 螃 4:00:53
收收收收收收收收收收收收收收收收收收收收收收收收收收收收收收收收收收收收收收收收
        Procedure : clsCommon - Public Function f_subSet_WorkList() As ADODB.Recordset

     Error Source : Vitros950

     Error Number : 424

Error Description : 偃羹陛 в蹂м棲棻.

             Date : 2003喇 10錯 31橾 錯蹂橾

             Time : 螃 4:00:59
收收收收收收收收收收收收收收收收收收收收收收收收收收收收收收收收收收收收收收收收
        Procedure : clsCommon - Public Function f_subSet_WorkList() As ADODB.Recordset

     Error Source : ADODB.Recordset

     Error Number : 3709

Error Description : 檜 濛機擊 熱чж朝 等 翱唸擊 餌辨й 熱 橈蝗棲棻. 檜 鐘臢蝶お縑憮 翱唸檜 殘⑵ 氈剪釭 澀跤腎歷蝗棲棻.

             Date : 2003喇 10錯 31橾 錯蹂橾

             Time : 螃 4:01:27
收收收收收收收收收收收收收收收收收收收收收收收收收收收收收收收收收收收收收收收收
        Procedure : clsCommon - Public Function f_subSet_WorkList() As ADODB.Recordset

     Error Source : Vitros950

     Error Number : 424

Error Description : 偃羹陛 в蹂м棲棻.

             Date : 2003喇 10錯 31橾 錯蹂橾

             Time : 螃 4:01:38
收收收收收收收收收收收收收收收收收收收收收收收收收收收收收收收收收收收收收收收收
        Procedure : clsCommon - Public Function f_subSet_WorkList() As ADODB.Recordset

     Error Source : ADODB.Recordset

     Error Number : 3709

Error Description : 檜 濛機擊 熱чж朝 等 翱唸擊 餌辨й 熱 橈蝗棲棻. 檜 鐘臢蝶お縑憮 翱唸檜 殘⑵ 氈剪釭 澀跤腎歷蝗棲棻.

             Date : 2003喇 10錯 31橾 錯蹂橾

             Time : 螃 4:04:49
收收收收收收收收收收收收收收收收收收收收收收收收收收收收收收收收收收收收收收收收
        Procedure : clsCommon - Public Function f_subSet_WorkList() As ADODB.Recordset

     Error Source : Vitros950

     Error Number : 424

Error Description : 偃羹陛 в蹂м棲棻.

             Date : 2003喇 10錯 31橾 錯蹂橾

             Time : 螃 4:04:51
收收收收收收收收收收收收收收收收收收收收收收收收收收收收收收收收收收收收收收收收
        Procedure : clsCommon - Public Function f_subSet_WorkList() As ADODB.Recordset

     Error Source : ADODB.Recordset

     Error Number : 3709

Error Description : 檜 濛機擊 熱чж朝 等 翱唸擊 餌辨й 熱 橈蝗棲棻. 檜 鐘臢蝶お縑憮 翱唸檜 殘⑵ 氈剪釭 澀跤腎歷蝗棲棻.

             Date : 2003喇 10錯 31橾 錯蹂橾

             Time : 螃 4:07:44
收收收收收收收收收收收收收收收收收收收收收收收收收收收收收收收收收收收收收收收收
        Procedure : clsCommon - Public Function f_subSet_WorkList() As ADODB.Recordset

     Error Source : Vitros950

     Error Number : 424

Error Description : 偃羹陛 в蹂м棲棻.

             Date : 2003喇 10錯 31橾 錯蹂橾

             Time : 螃 4:08:00
收收收收收收收收收收收收收收收收收收收收收收收收收收收收收收收收收收收收收收收收
        Procedure : clsCommon - Public Function f_subSet_WorkList() As ADODB.Recordset

     Error Source : Microsoft OLE DB Provider for Oracle

     Error Number : -2147467259

Error Description : ORA-12571: TNS:ぬ韃 塭檜攪 褒ぬ


             Date : 2003喇 10錯 31橾 錯蹂橾

             Time : 螃 5:45:34
收收收收收收收收收收收收收收收收收收收收收收收收收收收收收收收收收收收收收收收收
        Procedure : clsCommon - Public Function f_subSet_WorkList() As ADODB.Recordset

     Error Source : Vitros950

     Error Number : 424

Error Description : 偃羹陛 в蹂м棲棻.

             Date : 2003喇 10錯 31橾 錯蹂橾

             Time : 螃 5:45:36
收收收收收收收收收收收收收收收收收收收收收收收收收收收收收收收收收收收收收收收收
