        Procedure : frmInterface - Private Sub f_subSet_ItemList()

     Error Source : M855

     Error Number : 5

Error Description : Щ煎衛盪 轎 傳朝 檣熱陛 澀跤腎歷蝗棲棻.

             Date : 2003喇 9錯 17橾 錯蹂橾

             Time : 螃瞪 10:16:58
收收收收收收收收收收收收收收收收收收收收收收收收收收收收收收收收收收收收收收收收
        Procedure : frmInterface - Private Sub cmdRun()

     Error Source : MSComm

     Error Number : 8002

Error Description : んお 廓ㄟ 澀跤腎歷蝗棲棻.

             Date : 2003喇 9錯 17橾 錯蹂橾

             Time : 螃瞪 10:17:10
收收收收收收收收收收收收收收收收收收收收收收收收收收收收收收收收收收收收收收收收
        Procedure : frmInterface - Private Sub cmdRun()

     Error Source : MSComm

     Error Number : 8002

Error Description : んお 廓ㄟ 澀跤腎歷蝗棲棻.

             Date : 2003喇 9錯 17橾 錯蹂橾

             Time : 螃瞪 10:18:14
收收收收收收收收收收收收收收收收收收收收收收收收收收收收收收收收收收收收收收收收
        Procedure : frmInterface - Private Sub cmdRun()

     Error Source : MSComm

     Error Number : 8002

Error Description : んお 廓ㄟ 澀跤腎歷蝗棲棻.

             Date : 2003喇 9錯 17橾 錯蹂橾

             Time : 螃瞪 10:18:26
收收收收收收收收收收收收收收收收收收收收收收收收收收收收收收收收收收收收收收收收
        Procedure : frmInterface - Private Sub cmdRun()

     Error Source : Hemacell

     Error Number : 91

Error Description : 偃羹 滲熱 傳朝 With 僥曖 滲熱陛 撲薑腎橫 氈雖 彊蝗棲棻.

             Date : 2003喇 9錯 17橾 錯蹂橾

             Time : 螃瞪 10:50:13
收收收收收收收收收收收收收收收收收收收收收收收收收收收收收收收收收收收收收收收收
        Procedure : frmInterface - Private Sub cmdRun()

     Error Source : M855

     Error Number : 91

Error Description : 偃羹 滲熱 傳朝 With 僥曖 滲熱陛 撲薑腎橫 氈雖 彊蝗棲棻.

             Date : 2003喇 9錯 17橾 錯蹂橾

             Time : 螃瞪 10:51:34
收收收收收收收收收收收收收收收收收收收收收收收收收收收收收收收收收收收收收收收收
        Procedure : frmInterface - Private Sub cmdRun()

     Error Source : M855

     Error Number : 91

Error Description : 偃羹 滲熱 傳朝 With 僥曖 滲熱陛 撲薑腎橫 氈雖 彊蝗棲棻.

             Date : 2003喇 9錯 17橾 錯蹂橾

             Time : 螃瞪 10:52:32
收收收收收收收收收收收收收收收收收收收收收收收收收收收收收收收收收收收收收收收收
        Procedure : frmInterface - Private Sub cmdRun()

     Error Source : M855

     Error Number : 91

Error Description : 偃羹 滲熱 傳朝 With 僥曖 滲熱陛 撲薑腎橫 氈雖 彊蝗棲棻.

             Date : 2003喇 9錯 17橾 錯蹂橾

             Time : 螃瞪 10:52:56
收收收收收收收收收收收收收收收收收收收收收收收收收收收收收收收收收收收收收收收收
        Procedure : frmInterface - Private Sub cmdRun()

     Error Source : Hemacell

     Error Number : 91

Error Description : 偃羹 滲熱 傳朝 With 僥曖 滲熱陛 撲薑腎橫 氈雖 彊蝗棲棻.

             Date : 2003喇 9錯 17橾 錯蹂橾

             Time : 螃瞪 10:53:32
收收收收收收收收收收收收收收收收收收收收收收收收收收收收收收收收收收收收收收收收
        Procedure : frmInterface - Private Sub cmdRun()

     Error Source : Hemacell

     Error Number : 91

Error Description : 偃羹 滲熱 傳朝 With 僥曖 滲熱陛 撲薑腎橫 氈雖 彊蝗棲棻.

             Date : 2003喇 9錯 17橾 錯蹂橾

             Time : 螃瞪 10:53:46
收收收收收收收收收收收收收收收收收收收收收收收收收收收收收收收收收收收收收收收收
        Procedure : frmInterface - Private Sub cmdRun()

     Error Source : Hemacell

     Error Number : 91

Error Description : 偃羹 滲熱 傳朝 With 僥曖 滲熱陛 撲薑腎橫 氈雖 彊蝗棲棻.

             Date : 2003喇 9錯 17橾 錯蹂橾

             Time : 螃瞪 11:08:45
收收收收收收收收收收收收收收收收收收收收收收收收收收收收收收收收收收收收收收收收
        Procedure : frmInterface - Private Sub cmdRun()

     Error Source : Toshiba

     Error Number : 91

Error Description : 偃羹 滲熱 傳朝 With 僥曖 滲熱陛 撲薑腎橫 氈雖 彊蝗棲棻.

             Date : 2003喇 9錯 17橾 錯蹂橾

             Time : 螃 3:33:51
收收收收收收收收收收收收收收收收收收收收收收收收收收收收收收收收收收收收收收收收
        Procedure : frmInterface - Private Sub f_subSet_ItemList()

     Error Source : Toshiba

     Error Number : 5

Error Description : Щ煎衛盪 轎 傳朝 檣熱陛 澀跤腎歷蝗棲棻.

             Date : 2003喇 9錯 17橾 錯蹂橾

             Time : 螃 3:38:33
收收收收收收收收收收收收收收收收收收收收收收收收收收收收收收收收收收收收收收收收
        Procedure : frmInterface - Private Sub cmdRun()

     Error Source : Toshiba

     Error Number : 91

Error Description : 偃羹 滲熱 傳朝 With 僥曖 滲熱陛 撲薑腎橫 氈雖 彊蝗棲棻.

             Date : 2003喇 9錯 17橾 錯蹂橾

             Time : 螃 3:38:35
收收收收收收收收收收收收收收收收收收收收收收收收收收收收收收收收收收收收收收收收
        Procedure : frmInterface - Private Sub cmdRun()

     Error Source : Toshiba

     Error Number : 91

Error Description : 偃羹 滲熱 傳朝 With 僥曖 滲熱陛 撲薑腎橫 氈雖 彊蝗棲棻.

             Date : 2003喇 9錯 17橾 錯蹂橾

             Time : 螃 3:39:15
收收收收收收收收收收收收收收收收收收收收收收收收收收收收收收收收收收收收收收收收
        Procedure : frmInterface - Private Sub cmdRun()

     Error Source : Toshiba

     Error Number : 91

Error Description : 偃羹 滲熱 傳朝 With 僥曖 滲熱陛 撲薑腎橫 氈雖 彊蝗棲棻.

             Date : 2003喇 9錯 17橾 錯蹂橾

             Time : 螃 3:42:22
收收收收收收收收收收收收收收收收收收收收收收收收收收收收收收收收收收收收收收收收
        Procedure : frmInterface - Private Sub cmdRun()

     Error Source : Toshiba

     Error Number : 91

Error Description : 偃羹 滲熱 傳朝 With 僥曖 滲熱陛 撲薑腎橫 氈雖 彊蝗棲棻.

             Date : 2003喇 9錯 17橾 錯蹂橾

             Time : 螃 3:52:53
收收收收收收收收收收收收收收收收收收收收收收收收收收收收收收收收收收收收收收收收
        Procedure : frmInterface - Private Sub cmdRun()

     Error Source : Toshiba

     Error Number : 91

Error Description : 偃羹 滲熱 傳朝 With 僥曖 滲熱陛 撲薑腎橫 氈雖 彊蝗棲棻.

             Date : 2003喇 9錯 17橾 錯蹂橾

             Time : 螃 3:54:10
收收收收收收收收收收收收收收收收收收收收收收收收收收收收收收收收收收收收收收收收
        Procedure : frmInterface - Private Sub cmdRun()

     Error Source : Toshiba

     Error Number : 91

Error Description : 偃羹 滲熱 傳朝 With 僥曖 滲熱陛 撲薑腎橫 氈雖 彊蝗棲棻.

             Date : 2003喇 9錯 17橾 錯蹂橾

             Time : 螃 4:01:09
收收收收收收收收收收收收收收收收收收收收收收收收收收收收收收收收收收收收收收收收
        Procedure : frmInterface - Private Sub cmdRun()

     Error Source : Toshiba

     Error Number : 91

Error Description : 偃羹 滲熱 傳朝 With 僥曖 滲熱陛 撲薑腎橫 氈雖 彊蝗棲棻.

             Date : 2003喇 9錯 17橾 錯蹂橾

             Time : 螃 4:02:14
收收收收收收收收收收收收收收收收收收收收收收收收收收收收收收收收收收收收收收收收
        Procedure : frmInterface - Private Sub cmdRun()

     Error Source : Toshiba

     Error Number : 91

Error Description : 偃羹 滲熱 傳朝 With 僥曖 滲熱陛 撲薑腎橫 氈雖 彊蝗棲棻.

             Date : 2003喇 9錯 17橾 錯蹂橾

             Time : 螃 4:02:17
收收收收收收收收收收收收收收收收收收收收收收收收收收收收收收收收收收收收收收收收
        Procedure : frmInterface - Private Sub cmdRun()

     Error Source : Toshiba

     Error Number : 91

Error Description : 偃羹 滲熱 傳朝 With 僥曖 滲熱陛 撲薑腎橫 氈雖 彊蝗棲棻.

             Date : 2003喇 9錯 17橾 錯蹂橾

             Time : 螃 4:03:04
收收收收收收收收收收收收收收收收收收收收收收收收收收收收收收收收收收收收收收收收
        Procedure : frmInterface - Private Sub f_subSet_ItemList()

     Error Source : Hemacell

     Error Number : 5

Error Description : Щ煎衛盪 轎 傳朝 檣熱陛 澀跤腎歷蝗棲棻.

             Date : 2003喇 9錯 17橾 錯蹂橾

             Time : 螃 4:12:21
收收收收收收收收收收收收收收收收收收收收收收收收收收收收收收收收收收收收收收收收
        Procedure : frmInterface - Private Sub cmdRun()

     Error Source : Hemacell

     Error Number : 91

Error Description : 偃羹 滲熱 傳朝 With 僥曖 滲熱陛 撲薑腎橫 氈雖 彊蝗棲棻.

             Date : 2003喇 9錯 17橾 錯蹂橾

             Time : 螃 4:12:24
收收收收收收收收收收收收收收收收收收收收收收收收收收收收收收收收收收收收收收收收
        Procedure : frmInterface - Private Sub f_subSet_ItemList()

     Error Source : Hemacell

     Error Number : 5

Error Description : Щ煎衛盪 轎 傳朝 檣熱陛 澀跤腎歷蝗棲棻.

             Date : 2003喇 9錯 17橾 錯蹂橾

             Time : 螃 4:14:36
收收收收收收收收收收收收收收收收收收收收收收收收收收收收收收收收收收收收收收收收
        Procedure : frmInterface - Private Sub cmdRun()

     Error Source : Hemacell

     Error Number : 91

Error Description : 偃羹 滲熱 傳朝 With 僥曖 滲熱陛 撲薑腎橫 氈雖 彊蝗棲棻.

             Date : 2003喇 9錯 17橾 錯蹂橾

             Time : 螃 4:14:39
收收收收收收收收收收收收收收收收收收收收收收收收收收收收收收收收收收收收收收收收
        Procedure : frmInterface - Private Sub f_subSet_ItemList()

     Error Source : Toshiba

     Error Number : 5

Error Description : Щ煎衛盪 轎 傳朝 檣熱陛 澀跤腎歷蝗棲棻.

             Date : 2003喇 9錯 17橾 錯蹂橾

             Time : 螃 4:16:56
收收收收收收收收收收收收收收收收收收收收收收收收收收收收收收收收收收收收收收收收
