        Procedure : clsCommon - Public Function f_subSet_WorkList() As ADODB.Recordset

     Error Source : Toshiba

     Error Number : 91

Error Description : 개체 변수 또는 With 문의 변수가 설정되어 있지 않습니다.

             Date : 2003년 9월 29일 월요일

             Time : 오전 10:43:36
━━━━━━━━━━━━━━━━━━━━━━━━━━━━━━━━━━━━━━━━
        Procedure : clsCommon - Public Function f_subSet_WorkList() As ADODB.Recordset

     Error Source : Toshiba

     Error Number : 91

Error Description : 개체 변수 또는 With 문의 변수가 설정되어 있지 않습니다.

             Date : 2003년 9월 29일 월요일

             Time : 오전 10:43:41
━━━━━━━━━━━━━━━━━━━━━━━━━━━━━━━━━━━━━━━━
        Procedure : clsCommon - Public Function f_subSet_WorkList() As ADODB.Recordset

     Error Source : Toshiba

     Error Number : 91

Error Description : 개체 변수 또는 With 문의 변수가 설정되어 있지 않습니다.

             Date : 2003년 9월 29일 월요일

             Time : 오전 10:44:37
━━━━━━━━━━━━━━━━━━━━━━━━━━━━━━━━━━━━━━━━
        Procedure : clsCommon - Public Function f_subSet_DateOrder() As ADODB.Recordset

     Error Source : ADODB.Fields

     Error Number : 3265

Error Description : 요청한 이름 또는 서수에 해당하는 컬렉션에서 항목을 찾을 수 없습니다.

             Date : 2003년 9월 29일 월요일

             Time : 오전 10:52:32
━━━━━━━━━━━━━━━━━━━━━━━━━━━━━━━━━━━━━━━━
        Procedure : clsCommon - Public Function f_subSet_DateOrder() As ADODB.Recordset

     Error Source : ADODB.Fields

     Error Number : 3265

Error Description : 요청한 이름 또는 서수에 해당하는 컬렉션에서 항목을 찾을 수 없습니다.

             Date : 2003년 9월 29일 월요일

             Time : 오전 11:03:27
━━━━━━━━━━━━━━━━━━━━━━━━━━━━━━━━━━━━━━━━
        Procedure : clsCommon - Public Function f_subSet_DateOrder() As ADODB.Recordset

     Error Source : Toshiba

     Error Number : 94

Error Description : Null의 사용이 잘못되었습니다.

             Date : 2003년 9월 29일 월요일

             Time : 오전 11:07:01
━━━━━━━━━━━━━━━━━━━━━━━━━━━━━━━━━━━━━━━━
        Procedure : clsCommon - Public Function f_subSet_TestList() As ADODB.Recordset

     Error Source : Toshiba

     Error Number : 94

Error Description : Null의 사용이 잘못되었습니다.

             Date : 2003년 9월 29일 월요일

             Time : 오전 11:11:18
━━━━━━━━━━━━━━━━━━━━━━━━━━━━━━━━━━━━━━━━
        Procedure : clsCommon - Public Function f_subSet_TestList() As ADODB.Recordset

     Error Source : Toshiba

     Error Number : 94

Error Description : Null의 사용이 잘못되었습니다.

             Date : 2003년 9월 29일 월요일

             Time : 오후 2:38:05
━━━━━━━━━━━━━━━━━━━━━━━━━━━━━━━━━━━━━━━━
        Procedure : clsCommon - Public Function f_subSet_TestList() As ADODB.Recordset

     Error Source : Toshiba

     Error Number : 94

Error Description : Null의 사용이 잘못되었습니다.

             Date : 2003년 9월 29일 월요일

             Time : 오후 3:31:28
━━━━━━━━━━━━━━━━━━━━━━━━━━━━━━━━━━━━━━━━
        Procedure : frmComm - Private Sub cmdAppend_Click()

     Error Source : Toshiba

     Error Number : 53

Error Description : 파일을 찾을 수 없습니다.: odet30.dll

             Date : 2003년 9월 29일 월요일

             Time : 오후 3:32:09
━━━━━━━━━━━━━━━━━━━━━━━━━━━━━━━━━━━━━━━━
        Procedure : frmComm - Private Sub cmdAppend_Click()

     Error Source : Toshiba

     Error Number : 53

Error Description : 파일을 찾을 수 없습니다.: odet30.dll

             Date : 2003년 9월 29일 월요일

             Time : 오후 3:32:14
━━━━━━━━━━━━━━━━━━━━━━━━━━━━━━━━━━━━━━━━
