

***********************************************************************
Fatal OSN connect error 12154, connecting to:
 kuh2

  VERSION INFORMATION:
	TNS for 32-bit Windows: Version 2.3.2.1.0 - Production
  Time: 27-NOV-00 16:27:09
  Tracing not turned on.


***********************************************************************
Fatal OSN connect error 12154, connecting to:
 kuh2

  VERSION INFORMATION:
	TNS for 32-bit Windows: Version 2.3.2.1.0 - Production
  Time: 20-DEC-00 10:01:15
  Tracing not turned on.


***********************************************************************
Fatal OSN connect error 12154, connecting to:
 kuh2

  VERSION INFORMATION:
	TNS for 32-bit Windows: Version 2.3.2.1.0 - Production
  Time: 20-DEC-00 10:10:48
  Tracing not turned on.
