52 행: stbMain 컨트롤의 MSComctlLib.StatusBar 클래스는 로드한 컨트롤 클래스가 아닙니다.
77 행: imlStatusbar 컨트롤의 MSComctlLib.ImageList 클래스는 로드한 컨트롤 클래스가 아닙니다.
86 행: imlCoolbar 컨트롤의 MSComctlLib.ImageList 클래스는 로드한 컨트롤 클래스가 아닙니다.
95 행: imlToolbar 컨트롤의 MSComctlLib.ImageList 클래스는 로드한 컨트롤 클래스가 아닙니다.
169 행: tlbMain 컨트롤의 MSComctlLib.Toolbar 클래스는 로드한 컨트롤 클래스가 아닙니다.
58 행: stbMain의 _ExtentX 속성 이름이 잘못되었습니다. 
59 행: stbMain의 _ExtentY 속성 이름이 잘못되었습니다. 
60 행: stbMain의 _Version 속성 이름이 잘못되었습니다. 
74 행: stbMain의 Panels 속성 이름이 잘못되었습니다. 
80 행: imlStatusbar의 _ExtentX 속성 이름이 잘못되었습니다. 
81 행: imlStatusbar의 _ExtentY 속성 이름이 잘못되었습니다. 
83 행: imlStatusbar의 MaskColor 속성 이름이 잘못되었습니다. 
84 행: imlStatusbar의 _Version 속성 이름이 잘못되었습니다. 
89 행: imlCoolbar의 _ExtentX 속성 이름이 잘못되었습니다. 
90 행: imlCoolbar의 _ExtentY 속성 이름이 잘못되었습니다. 
92 행: imlCoolbar의 MaskColor 속성 이름이 잘못되었습니다. 
93 행: imlCoolbar의 _Version 속성 이름이 잘못되었습니다. 
98 행: imlToolbar의 _ExtentX 속성 이름이 잘못되었습니다. 
99 행: imlToolbar의 _ExtentY 속성 이름이 잘못되었습니다. 
101 행: imlToolbar의 ImageWidth 속성 이름이 잘못되었습니다. 
102 행: imlToolbar의 ImageHeight 속성 이름이 잘못되었습니다. 
103 행: imlToolbar의 MaskColor 속성 이름이 잘못되었습니다. 
104 행: imlToolbar의 _Version 속성 이름이 잘못되었습니다. 
167 행: imlToolbar의 Images 속성 이름이 잘못되었습니다. 
176 행: tlbMain의 _ExtentX 속성 이름이 잘못되었습니다. 
177 행: tlbMain의 _ExtentY 속성 이름이 잘못되었습니다. 
178 행: tlbMain의 ButtonWidth 속성 이름이 잘못되었습니다. 
179 행: tlbMain의 ButtonHeight 속성 이름이 잘못되었습니다. 
181 행: tlbMain의 Style 속성 이름이 잘못되었습니다. 
182 행: tlbMain의 _Version 속성 이름이 잘못되었습니다. 
