146 행: cmdAction 컨트롤의 BHButton.BHImageButton 클래스는 로드한 컨트롤 클래스가 아닙니다.
168 행: cmdAction 컨트롤의 BHButton.BHImageButton 클래스는 로드한 컨트롤 클래스가 아닙니다.
190 행: cmdAction 컨트롤의 BHButton.BHImageButton 클래스는 로드한 컨트롤 클래스가 아닙니다.
212 행: cmdAction 컨트롤의 BHButton.BHImageButton 클래스는 로드한 컨트롤 클래스가 아닙니다.
273 행: CaptionBar1 컨트롤의 HSCotrol.CaptionBar 클래스는 로드한 컨트롤 클래스가 아닙니다.
430 행: cmdOrder 컨트롤의 BHButton.BHImageButton 클래스는 로드한 컨트롤 클래스가 아닙니다.
956 행: cmdRstQuery 컨트롤의 BHButton.BHImageButton 클래스는 로드한 컨트롤 클래스가 아닙니다.
996 행: cmdAppend 컨트롤의 BHButton.BHImageButton 클래스는 로드한 컨트롤 클래스가 아닙니다.
1018 행: cmdWorkList 컨트롤의 BHButton.BHImageButton 클래스는 로드한 컨트롤 클래스가 아닙니다.
1040 행: cmdAppend 컨트롤의 BHButton.BHImageButton 클래스는 로드한 컨트롤 클래스가 아닙니다.
1063 행: cmdSearch 컨트롤의 BHButton.BHImageButton 클래스는 로드한 컨트롤 클래스가 아닙니다.
1084 행: cmdEot 컨트롤의 BHButton.BHImageButton 클래스는 로드한 컨트롤 클래스가 아닙니다.
1106 행: cmdWordQuery 컨트롤의 BHButton.BHImageButton 클래스는 로드한 컨트롤 클래스가 아닙니다.
1128 행: cmdStartNo 컨트롤의 BHButton.BHImageButton 클래스는 로드한 컨트롤 클래스가 아닙니다.
1150 행: cmdWorkList1 컨트롤의 BHButton.BHImageButton 클래스는 로드한 컨트롤 클래스가 아닙니다.
1272 행: cmdRackNo 컨트롤의 BHButton.BHImageButton 클래스는 로드한 컨트롤 클래스가 아닙니다.
153 행: cmdAction의 _ExtentX 속성 이름이 잘못되었습니다. 
154 행: cmdAction의 _ExtentY 속성 이름이 잘못되었습니다. 
155 행: cmdAction의 Caption 속성 이름이 잘못되었습니다. 
156 행: cmdAction의 CaptionChecked 속성 이름이 잘못되었습니다. 
166 행: cmdAction의 ImgOutLineSize 속성 이름이 잘못되었습니다. 
175 행: cmdAction의 _ExtentX 속성 이름이 잘못되었습니다. 
176 행: cmdAction의 _ExtentY 속성 이름이 잘못되었습니다. 
177 행: cmdAction의 Caption 속성 이름이 잘못되었습니다. 
178 행: cmdAction의 CaptionChecked 속성 이름이 잘못되었습니다. 
188 행: cmdAction의 ImgOutLineSize 속성 이름이 잘못되었습니다. 
197 행: cmdAction의 _ExtentX 속성 이름이 잘못되었습니다. 
198 행: cmdAction의 _ExtentY 속성 이름이 잘못되었습니다. 
199 행: cmdAction의 Caption 속성 이름이 잘못되었습니다. 
200 행: cmdAction의 CaptionChecked 속성 이름이 잘못되었습니다. 
210 행: cmdAction의 ImgOutLineSize 속성 이름이 잘못되었습니다. 
219 행: cmdAction의 _ExtentX 속성 이름이 잘못되었습니다. 
220 행: cmdAction의 _ExtentY 속성 이름이 잘못되었습니다. 
221 행: cmdAction의 Caption 속성 이름이 잘못되었습니다. 
222 행: cmdAction의 CaptionChecked 속성 이름이 잘못되었습니다. 
232 행: cmdAction의 TransparentPicture 속성 이름이 잘못되었습니다. 
233 행: cmdAction의 ImgOutLineSize 속성 이름이 잘못되었습니다. 
280 행: CaptionBar1의 _ExtentX 속성 이름이 잘못되었습니다. 
281 행: CaptionBar1의 _ExtentY 속성 이름이 잘못되었습니다. 
282 행: CaptionBar1의 Border 속성 이름이 잘못되었습니다. 
283 행: CaptionBar1의 CaptionBackColor 속성 이름이 잘못되었습니다. 
284 행: CaptionBar1의 Caption 속성 이름이 잘못되었습니다. 
285 행: CaptionBar1의 SubCaption 속성 이름이 잘못되었습니다. 
303 행: CaptionBar1의 SubCaptionFont 속성 이름이 잘못되었습니다. 
436 행: cmdOrder의 _ExtentX 속성 이름이 잘못되었습니다. 
437 행: cmdOrder의 _ExtentY 속성 이름이 잘못되었습니다. 
438 행: cmdOrder의 Caption 속성 이름이 잘못되었습니다. 
439 행: cmdOrder의 CaptionChecked 속성 이름이 잘못되었습니다. 
449 행: cmdOrder의 ImgOutLineSize 속성 이름이 잘못되었습니다. 
962 행: cmdRstQuery의 _ExtentX 속성 이름이 잘못되었습니다. 
963 행: cmdRstQuery의 _ExtentY 속성 이름이 잘못되었습니다. 
964 행: cmdRstQuery의 Caption 속성 이름이 잘못되었습니다. 
965 행: cmdRstQuery의 CaptionChecked 속성 이름이 잘못되었습니다. 
975 행: cmdRstQuery의 ImgOutLineSize 속성 이름이 잘못되었습니다. 
1003 행: cmdAppend의 _ExtentX 속성 이름이 잘못되었습니다. 
1004 행: cmdAppend의 _ExtentY 속성 이름이 잘못되었습니다. 
1005 행: cmdAppend의 Caption 속성 이름이 잘못되었습니다. 
1006 행: cmdAppend의 CaptionChecked 속성 이름이 잘못되었습니다. 
1016 행: cmdAppend의 ImgOutLineSize 속성 이름이 잘못되었습니다. 
1024 행: cmdWorkList의 _ExtentX 속성 이름이 잘못되었습니다. 
1025 행: cmdWorkList의 _ExtentY 속성 이름이 잘못되었습니다. 
1026 행: cmdWorkList의 Caption 속성 이름이 잘못되었습니다. 
1027 행: cmdWorkList의 CaptionChecked 속성 이름이 잘못되었습니다. 
1038 행: cmdWorkList의 ImgOutLineSize 속성 이름이 잘못되었습니다. 
1048 행: cmdAppend의 _ExtentX 속성 이름이 잘못되었습니다. 
1049 행: cmdAppend의 _ExtentY 속성 이름이 잘못되었습니다. 
1050 행: cmdAppend의 Caption 속성 이름이 잘못되었습니다. 
1051 행: cmdAppend의 CaptionChecked 속성 이름이 잘못되었습니다. 
1061 행: cmdAppend의 ImgOutLineSize 속성 이름이 잘못되었습니다. 
1069 행: cmdSearch의 _ExtentX 속성 이름이 잘못되었습니다. 
1070 행: cmdSearch의 _ExtentY 속성 이름이 잘못되었습니다. 
1071 행: cmdSearch의 Caption 속성 이름이 잘못되었습니다. 
1072 행: cmdSearch의 CaptionChecked 속성 이름이 잘못되었습니다. 
1082 행: cmdSearch의 ImgOutLineSize 속성 이름이 잘못되었습니다. 
1091 행: cmdEot의 _ExtentX 속성 이름이 잘못되었습니다. 
1092 행: cmdEot의 _ExtentY 속성 이름이 잘못되었습니다. 
1093 행: cmdEot의 Caption 속성 이름이 잘못되었습니다. 
1094 행: cmdEot의 CaptionChecked 속성 이름이 잘못되었습니다. 
1104 행: cmdEot의 ImgOutLineSize 속성 이름이 잘못되었습니다. 
1113 행: cmdWordQuery의 _ExtentX 속성 이름이 잘못되었습니다. 
1114 행: cmdWordQuery의 _ExtentY 속성 이름이 잘못되었습니다. 
1115 행: cmdWordQuery의 Caption 속성 이름이 잘못되었습니다. 
1116 행: cmdWordQuery의 CaptionChecked 속성 이름이 잘못되었습니다. 
1126 행: cmdWordQuery의 ImgOutLineSize 속성 이름이 잘못되었습니다. 
1135 행: cmdStartNo의 _ExtentX 속성 이름이 잘못되었습니다. 
1136 행: cmdStartNo의 _ExtentY 속성 이름이 잘못되었습니다. 
1137 행: cmdStartNo의 Caption 속성 이름이 잘못되었습니다. 
1138 행: cmdStartNo의 CaptionChecked 속성 이름이 잘못되었습니다. 
1148 행: cmdStartNo의 ImgOutLineSize 속성 이름이 잘못되었습니다. 
1157 행: cmdWorkList1의 _ExtentX 속성 이름이 잘못되었습니다. 
1158 행: cmdWorkList1의 _ExtentY 속성 이름이 잘못되었습니다. 
1159 행: cmdWorkList1의 Caption 속성 이름이 잘못되었습니다. 
1160 행: cmdWorkList1의 CaptionChecked 속성 이름이 잘못되었습니다. 
1170 행: cmdWorkList1의 ImgOutLineSize 속성 이름이 잘못되었습니다. 
1279 행: cmdRackNo의 _ExtentX 속성 이름이 잘못되었습니다. 
1280 행: cmdRackNo의 _ExtentY 속성 이름이 잘못되었습니다. 
1281 행: cmdRackNo의 Caption 속성 이름이 잘못되었습니다. 
1282 행: cmdRackNo의 CaptionChecked 속성 이름이 잘못되었습니다. 
1292 행: cmdRackNo의 ImgOutLineSize 속성 이름이 잘못되었습니다. 
