오후 2:07:05 [Use Proc => PG_SRL.SLP91_S03 ]<Table><QID><![CDATA[PG_SRL.SLP91_S03]]></QID><QTYPE><![CDATA[Package]]></QTYPE><USERID><![CDATA[SUA]]></USERID><EXECTYPE><![CDATA[FILL]]></EXECTYPE><TABLENAME><![CDATA[]]></TABLENAME><P0><![CDATA[10040803675]]></P0><P1><![CDATA[]]></P1></Table>
오후 2:07:05 [Return Proc => PG_SRL.SLP91_S03 ]<?xml version='1.0' encoding='euc-kr'?>
<NewDataSet>
	<Table0>
		<TST_CD><![CDATA[L2585]]></TST_CD>
		<TST_NM><![CDATA[HBV YMDD]]></TST_NM>
		<TST_FRCT_CD><![CDATA[L25]]></TST_FRCT_CD>
		<ACPTNO_1><![CDATA[801]]></ACPTNO_1>
		<PT_NO><![CDATA[30042858]]></PT_NO>
		<PT_NM><![CDATA[박희진]]></PT_NM>
		<SEX><![CDATA[M]]></SEX>
		<SPC_CD_1><![CDATA[3SRM]]></SPC_CD_1>
		<ORD_SITE><![CDATA[LVGE]]></ORD_SITE>
		<TST_CLS><![CDATA[N]]></TST_CLS>
		<RERUN><![CDATA[N]]></RERUN>
		<TST_FRCT_CD1><![CDATA[L25]]></TST_FRCT_CD1>
		<HSP_CLS><![CDATA[8]]></HSP_CLS>
		<ACPT_DTETM><![CDATA[2010-04-08 16:32:16]]></ACPT_DTETM>
		<AGE><![CDATA[41]]></AGE>
	</Table0>
	<Table0>
		<TST_CD><![CDATA[L2589]]></TST_CD>
		<TST_NM><![CDATA[HBV bDNA qn.]]></TST_NM>
		<TST_FRCT_CD><![CDATA[L25]]></TST_FRCT_CD>
		<ACPTNO_1><![CDATA[801]]></ACPTNO_1>
		<PT_NO><![CDATA[30042858]]></PT_NO>
		<PT_NM><![CDATA[박희진]]></PT_NM>
		<SEX><![CDATA[M]]></SEX>
		<SPC_CD_1><![CDATA[3SRM]]></SPC_CD_1>
		<ORD_SITE><![CDATA[LVGE]]></ORD_SITE>
		<TST_CLS><![CDATA[N]]></TST_CLS>
		<RERUN><![CDATA[N]]></RERUN>
		<TST_FRCT_CD1><![CDATA[L25]]></TST_FRCT_CD1>
		<HSP_CLS><![CDATA[8]]></HSP_CLS>
		<ACPT_DTETM><![CDATA[2010-04-08 16:32:16]]></ACPT_DTETM>
		<AGE><![CDATA[41]]></AGE>
	</Table0>
</NewDataSet>

오후 2:08:48 [Use Proc => PG_SRL.SLP91_S03 ]<Table><QID><![CDATA[PG_SRL.SLP91_S03]]></QID><QTYPE><![CDATA[Package]]></QTYPE><USERID><![CDATA[SUA]]></USERID><EXECTYPE><![CDATA[FILL]]></EXECTYPE><TABLENAME><![CDATA[]]></TABLENAME><P0><![CDATA[10040803675]]></P0><P1><![CDATA[]]></P1></Table>
오후 2:08:48 [Return Proc => PG_SRL.SLP91_S03 ]<?xml version='1.0' encoding='euc-kr'?>
<NewDataSet>
	<Table0>
		<TST_CD><![CDATA[L2585]]></TST_CD>
		<TST_NM><![CDATA[HBV YMDD]]></TST_NM>
		<TST_FRCT_CD><![CDATA[L25]]></TST_FRCT_CD>
		<ACPTNO_1><![CDATA[801]]></ACPTNO_1>
		<PT_NO><![CDATA[30042858]]></PT_NO>
		<PT_NM><![CDATA[박희진]]></PT_NM>
		<SEX><![CDATA[M]]></SEX>
		<SPC_CD_1><![CDATA[3SRM]]></SPC_CD_1>
		<ORD_SITE><![CDATA[LVGE]]></ORD_SITE>
		<TST_CLS><![CDATA[N]]></TST_CLS>
		<RERUN><![CDATA[N]]></RERUN>
		<TST_FRCT_CD1><![CDATA[L25]]></TST_FRCT_CD1>
		<HSP_CLS><![CDATA[8]]></HSP_CLS>
		<ACPT_DTETM><![CDATA[2010-04-08 16:32:16]]></ACPT_DTETM>
		<AGE><![CDATA[41]]></AGE>
	</Table0>
	<Table0>
		<TST_CD><![CDATA[L2589]]></TST_CD>
		<TST_NM><![CDATA[HBV bDNA qn.]]></TST_NM>
		<TST_FRCT_CD><![CDATA[L25]]></TST_FRCT_CD>
		<ACPTNO_1><![CDATA[801]]></ACPTNO_1>
		<PT_NO><![CDATA[30042858]]></PT_NO>
		<PT_NM><![CDATA[박희진]]></PT_NM>
		<SEX><![CDATA[M]]></SEX>
		<SPC_CD_1><![CDATA[3SRM]]></SPC_CD_1>
		<ORD_SITE><![CDATA[LVGE]]></ORD_SITE>
		<TST_CLS><![CDATA[N]]></TST_CLS>
		<RERUN><![CDATA[N]]></RERUN>
		<TST_FRCT_CD1><![CDATA[L25]]></TST_FRCT_CD1>
		<HSP_CLS><![CDATA[8]]></HSP_CLS>
		<ACPT_DTETM><![CDATA[2010-04-08 16:32:16]]></ACPT_DTETM>
		<AGE><![CDATA[41]]></AGE>
	</Table0>
</NewDataSet>

오후 2:27:51 [Save Result]<NewDataSet><Table><QID><![CDATA[PG_SRL.SLP91_P03]]></QID><QTYPE><![CDATA[Package]]></QTYPE><USERID><![CDATA[SUA]]></USERID><EXECTYPE><![CDATA[FILL]]></EXECTYPE><TABLENAME><![CDATA[]]></TABLENAME><P0><![CDATA[10040803675]]></P0><P1><![CDATA[L2589]]></P1><P2><![CDATA[2,444 IU/mL (13.7 X 10³copies/mL)]]></P2><P3><![CDATA[]]></P3><P4><![CDATA[VERSANT]]></P4><P5><![CDATA[]]></P5><P6><![CDATA[]]></P6><P7><![CDATA[]]></P7><P8><![CDATA[]]></P8><P9><![CDATA[]]></P9></Table></NewDataSet>
오후 2:27:51 [Save Result => Return]<?xml version='1.0' encoding='euc-kr'?>
<NewDataSet>
	<Table00>
		<Value><![CDATA[]]></Value>
	</Table00>
	<Table00>
		<Value><![CDATA[]]></Value>
	</Table00>
</NewDataSet>

오후 3:00:27 Your XML Document failed to loaddue the following error.
Error #: -1072896680: XML 문서에는 최상위 요소가 있어야 합니다.
Line #: 0
Line Position: 0
Position In File: 0
Source Text: 
Document URL: file:///D:/인터페이스_진행/국립암센터/Interface/면역검사실/Versant440/XML/Res.xml
오후 10:55:14 [Use Proc => PG_SRL.SLP91_S03 ]<Table><QID><![CDATA[PG_SRL.SLP91_S03]]></QID><QTYPE><![CDATA[Package]]></QTYPE><USERID><![CDATA[SUA]]></USERID><EXECTYPE><![CDATA[FILL]]></EXECTYPE><TABLENAME><![CDATA[]]></TABLENAME><P0><![CDATA[10040803675]]></P0><P1><![CDATA[]]></P1></Table>
오후 10:55:14 [Return Proc => PG_SRL.SLP91_S03 ]<?xml version='1.0' encoding='euc-kr'?>
<NewDataSet>
	<Table0>
		<TST_CD><![CDATA[L2585]]></TST_CD>
		<TST_NM><![CDATA[HBV YMDD]]></TST_NM>
		<TST_FRCT_CD><![CDATA[L25]]></TST_FRCT_CD>
		<ACPTNO_1><![CDATA[801]]></ACPTNO_1>
		<PT_NO><![CDATA[30042858]]></PT_NO>
		<PT_NM><![CDATA[박희진]]></PT_NM>
		<SEX><![CDATA[M]]></SEX>
		<SPC_CD_1><![CDATA[3SRM]]></SPC_CD_1>
		<ORD_SITE><![CDATA[LVGE]]></ORD_SITE>
		<TST_CLS><![CDATA[N]]></TST_CLS>
		<RERUN><![CDATA[N]]></RERUN>
		<TST_FRCT_CD1><![CDATA[L25]]></TST_FRCT_CD1>
		<HSP_CLS><![CDATA[8]]></HSP_CLS>
		<ACPT_DTETM><![CDATA[2010-04-08 16:32:16]]></ACPT_DTETM>
		<AGE><![CDATA[41]]></AGE>
	</Table0>
	<Table0>
		<TST_CD><![CDATA[L2589]]></TST_CD>
		<TST_NM><![CDATA[HBV bDNA qn.]]></TST_NM>
		<TST_FRCT_CD><![CDATA[L25]]></TST_FRCT_CD>
		<ACPTNO_1><![CDATA[801]]></ACPTNO_1>
		<PT_NO><![CDATA[30042858]]></PT_NO>
		<PT_NM><![CDATA[박희진]]></PT_NM>
		<SEX><![CDATA[M]]></SEX>
		<SPC_CD_1><![CDATA[3SRM]]></SPC_CD_1>
		<ORD_SITE><![CDATA[LVGE]]></ORD_SITE>
		<TST_CLS><![CDATA[N]]></TST_CLS>
		<RERUN><![CDATA[N]]></RERUN>
		<TST_FRCT_CD1><![CDATA[L25]]></TST_FRCT_CD1>
		<HSP_CLS><![CDATA[8]]></HSP_CLS>
		<ACPT_DTETM><![CDATA[2010-04-08 16:32:16]]></ACPT_DTETM>
		<AGE><![CDATA[41]]></AGE>
	</Table0>
</NewDataSet>

