¿ÀÈÄ 10:31:55 [Use Proc => PG_SRL.SLP91_S03 ]<Table><QID><![CDATA[PG_SRL.SLP91_S03]]></QID><QTYPE><![CDATA[Package]]></QTYPE><USERID><![CDATA[LIA]]></USERID><EXECTYPE><![CDATA[FILL]]></EXECTYPE><TABLENAME><![CDATA[]]></TABLENAME><P0><![CDATA[10040803675]]></P0><P1><![CDATA[]]></P1></Table>
¿ÀÈÄ 10:31:55 [Return Proc => PG_SRL.SLP91_S03 ]<?xml version='1.0' encoding='euc-kr'?>
<NewDataSet>
	<Table0>
		<TST_CD><![CDATA[L2585]]></TST_CD>
		<TST_NM><![CDATA[HBV YMDD]]></TST_NM>
		<TST_FRCT_CD><![CDATA[L25]]></TST_FRCT_CD>
		<ACPTNO_1><![CDATA[801]]></ACPTNO_1>
		<PT_NO><![CDATA[30042858]]></PT_NO>
		<PT_NM><![CDATA[¹ÚÈñÁø]]></PT_NM>
		<SEX><![CDATA[M]]></SEX>
		<SPC_CD_1><![CDATA[3SRM]]></SPC_CD_1>
		<ORD_SITE><![CDATA[LVGE]]></ORD_SITE>
		<TST_CLS><![CDATA[N]]></TST_CLS>
		<RERUN><![CDATA[N]]></RERUN>
		<TST_FRCT_CD1><![CDATA[L25]]></TST_FRCT_CD1>
		<HSP_CLS><![CDATA[8]]></HSP_CLS>
		<ACPT_DTETM><![CDATA[2010-04-08 16:32:16]]></ACPT_DTETM>
		<AGE><![CDATA[41]]></AGE>
	</Table0>
	<Table0>
		<TST_CD><![CDATA[L2589]]></TST_CD>
		<TST_NM><![CDATA[HBV bDNA qn.]]></TST_NM>
		<TST_FRCT_CD><![CDATA[L25]]></TST_FRCT_CD>
		<ACPTNO_1><![CDATA[801]]></ACPTNO_1>
		<PT_NO><![CDATA[30042858]]></PT_NO>
		<PT_NM><![CDATA[¹ÚÈñÁø]]></PT_NM>
		<SEX><![CDATA[M]]></SEX>
		<SPC_CD_1><![CDATA[3SRM]]></SPC_CD_1>
		<ORD_SITE><![CDATA[LVGE]]></ORD_SITE>
		<TST_CLS><![CDATA[N]]></TST_CLS>
		<RERUN><![CDATA[N]]></RERUN>
		<TST_FRCT_CD1><![CDATA[L25]]></TST_FRCT_CD1>
		<HSP_CLS><![CDATA[8]]></HSP_CLS>
		<ACPT_DTETM><![CDATA[2010-04-08 16:32:16]]></ACPT_DTETM>
		<AGE><![CDATA[41]]></AGE>
	</Table0>
</NewDataSet>

