¿ÀÈÄ 2:26:51 [Use Proc => PG_SRL.SLP91_S13 ]<Table><QID><![CDATA[PG_SRL.SLP91_S13]]></QID><QTYPE><![CDATA[Package]]></QTYPE><USERID><![CDATA[SUADEV]]></USERID><EXECTYPE><![CDATA[FILL]]></EXECTYPE><TABLENAME><![CDATA[]]></TABLENAME><P0><![CDATA[20100126]]></P0><P1><![CDATA[20100201]]></P1><P2><![CDATA[]]></P2></Table>
¿ÀÈÄ 2:26:52 [Return Proc => PG_SRL.SLP91_S13 ]<?xml version='1.0' encoding='euc-kr'?>
<NewDataSet>
	<Table0>
		<TEST_DATE><![CDATA[2010-01-26]]></TEST_DATE>
		<SPC_NO><![CDATA[10012600001]]></SPC_NO>
		<WRK_UNT_CD><![CDATA[CA-19-9]]></WRK_UNT_CD>
		<TEST_CODE><![CDATA[L7694]]></TEST_CODE>
		<SPC_CD><![CDATA[1SRM]]></SPC_CD>
		<PT_NO><![CDATA[20152518]]></PT_NO>
		<PT_NM><![CDATA[°í¾È¼÷]]></PT_NM>
		<ORD_SITE><![CDATA[PRP]]></ORD_SITE>
		<ACPT_DATE><![CDATA[20100126]]></ACPT_DATE>
		<ACPT_NO><![CDATA[1]]></ACPT_NO>
	</Table0>
	<Table0>
		<TEST_DATE><![CDATA[2010-01-26]]></TEST_DATE>
		<SPC_NO><![CDATA[10012600001]]></SPC_NO>
		<WRK_UNT_CD><![CDATA[CALC]]></WRK_UNT_CD>
		<TEST_CODE><![CDATA[L7697]]></TEST_CODE>
		<SPC_CD><![CDATA[1SRM]]></SPC_CD>
		<PT_NO><![CDATA[20152518]]></PT_NO>
		<PT_NM><![CDATA[°í¾È¼÷]]></PT_NM>
		<ORD_SITE><![CDATA[PRP]]></ORD_SITE>
		<ACPT_DATE><![CDATA[20100126]]></ACPT_DATE>
		<ACPT_NO><![CDATA[1]]></ACPT_NO>
	</Table0>
	<Table0>
		<TEST_DATE><![CDATA[2010-01-26]]></TEST_DATE>
		<SPC_NO><![CDATA[10012600001]]></SPC_NO>
		<WRK_UNT_CD><![CDATA[TFT1]]></WRK_UNT_CD>
		<TEST_CODE><![CDATA[L7606]]></TEST_CODE>
		<SPC_CD><![CDATA[1SRM]]></SPC_CD>
		<PT_NO><![CDATA[20152518]]></PT_NO>
		<PT_NM><![CDATA[°í¾È¼÷]]></PT_NM>
		<ORD_SITE><![CDATA[PRP]]></ORD_SITE>
		<ACPT_DATE><![CDATA[20100126]]></ACPT_DATE>
		<ACPT_NO><![CDATA[1]]></ACPT_NO>
	</Table0>
	<Table0>
		<TEST_DATE><![CDATA[2010-01-26]]></TEST_DATE>
		<SPC_NO><![CDATA[10012600001]]></SPC_NO>
		<WRK_UNT_CD><![CDATA[TFT2]]></WRK_UNT_CD>
		<TEST_CODE><![CDATA[L7624]]></TEST_CODE>
		<SPC_CD><![CDATA[1SRM]]></SPC_CD>
		<PT_NO><![CDATA[20152518]]></PT_NO>
		<PT_NM><![CDATA[°í¾È¼÷]]></PT_NM>
		<ORD_SITE><![CDATA[PRP]]></ORD_SITE>
		<ACPT_DATE><![CDATA[20100126]]></ACPT_DATE>
		<ACPT_NO><![CDATA[1]]></ACPT_NO>
	</Table0>
</NewDataSet>

