오후 3:56:40 [Use Proc => PG_SRL.SLP91_S03 ]<Table><QID><![CDATA[PG_SRL.SLP91_S03]]></QID><QTYPE><![CDATA[Package]]></QTYPE><USERID><![CDATA[LIA]]></USERID><EXECTYPE><![CDATA[FILL]]></EXECTYPE><TABLENAME><![CDATA[]]></TABLENAME><P0><![CDATA[12103001607]]></P0><P1><![CDATA[]]></P1></Table>
오후 3:56:40 [Return Proc => PG_SRL.SLP91_S03 ]<?xml version='1.0' encoding='euc-kr'?>
<NewDataSet>
	<Table0>
		<TST_CD><![CDATA[L2584]]></TST_CD>
		<TST_NM><![CDATA[HBVreal-time]]></TST_NM>
		<TST_FRCT_CD><![CDATA[L25]]></TST_FRCT_CD>
		<ACPTNO_1><![CDATA[207]]></ACPTNO_1>
		<PT_NO><![CDATA[30907210]]></PT_NO>
		<PT_NM><![CDATA[황준종]]></PT_NM>
		<SEX><![CDATA[M]]></SEX>
		<SPC_CD_1><![CDATA[3SRM]]></SPC_CD_1>
		<ORD_SITE><![CDATA[LVGE]]></ORD_SITE>
		<TST_CLS><![CDATA[N]]></TST_CLS>
		<RERUN><![CDATA[N]]></RERUN>
		<TST_FRCT_CD1><![CDATA[L25]]></TST_FRCT_CD1>
		<HSP_CLS><![CDATA[8]]></HSP_CLS>
		<ACPT_DTETM><![CDATA[2012-10-30 09:27:45]]></ACPT_DTETM>
		<AGE><![CDATA[52]]></AGE>
		<ACPT_DTE><![CDATA[20121030]]></ACPT_DTE>
		<PATSECT><![CDATA[O]]></PATSECT>
		<CAUTION_YN><![CDATA[N]]></CAUTION_YN>
		<MEDDEPT><![CDATA[LVGE]]></MEDDEPT>
	</Table0>
</NewDataSet>

오후 3:59:55 [Use Proc => PG_SRL.SLP91_S03 ]<Table><QID><![CDATA[PG_SRL.SLP91_S03]]></QID><QTYPE><![CDATA[Package]]></QTYPE><USERID><![CDATA[LIA]]></USERID><EXECTYPE><![CDATA[FILL]]></EXECTYPE><TABLENAME><![CDATA[]]></TABLENAME><P0><![CDATA[12103001607]]></P0><P1><![CDATA[]]></P1></Table>
오후 3:59:55 [Return Proc => PG_SRL.SLP91_S03 ]<?xml version='1.0' encoding='euc-kr'?>
<NewDataSet>
	<Table0>
		<TST_CD><![CDATA[L2584]]></TST_CD>
		<TST_NM><![CDATA[HBVreal-time]]></TST_NM>
		<TST_FRCT_CD><![CDATA[L25]]></TST_FRCT_CD>
		<ACPTNO_1><![CDATA[207]]></ACPTNO_1>
		<PT_NO><![CDATA[30907210]]></PT_NO>
		<PT_NM><![CDATA[황준종]]></PT_NM>
		<SEX><![CDATA[M]]></SEX>
		<SPC_CD_1><![CDATA[3SRM]]></SPC_CD_1>
		<ORD_SITE><![CDATA[LVGE]]></ORD_SITE>
		<TST_CLS><![CDATA[N]]></TST_CLS>
		<RERUN><![CDATA[N]]></RERUN>
		<TST_FRCT_CD1><![CDATA[L25]]></TST_FRCT_CD1>
		<HSP_CLS><![CDATA[8]]></HSP_CLS>
		<ACPT_DTETM><![CDATA[2012-10-30 09:27:45]]></ACPT_DTETM>
		<AGE><![CDATA[52]]></AGE>
		<ACPT_DTE><![CDATA[20121030]]></ACPT_DTE>
		<PATSECT><![CDATA[O]]></PATSECT>
		<CAUTION_YN><![CDATA[N]]></CAUTION_YN>
		<MEDDEPT><![CDATA[LVGE]]></MEDDEPT>
	</Table0>
</NewDataSet>

오후 4:00:31 [Use Proc => PG_SRL.SLP91_S03 ]<Table><QID><![CDATA[PG_SRL.SLP91_S03]]></QID><QTYPE><![CDATA[Package]]></QTYPE><USERID><![CDATA[LIA]]></USERID><EXECTYPE><![CDATA[FILL]]></EXECTYPE><TABLENAME><![CDATA[]]></TABLENAME><P0><![CDATA[12103001607]]></P0><P1><![CDATA[]]></P1></Table>
오후 4:00:31 [Return Proc => PG_SRL.SLP91_S03 ]<?xml version='1.0' encoding='euc-kr'?>
<NewDataSet>
	<Table0>
		<TST_CD><![CDATA[L2584]]></TST_CD>
		<TST_NM><![CDATA[HBVreal-time]]></TST_NM>
		<TST_FRCT_CD><![CDATA[L25]]></TST_FRCT_CD>
		<ACPTNO_1><![CDATA[207]]></ACPTNO_1>
		<PT_NO><![CDATA[30907210]]></PT_NO>
		<PT_NM><![CDATA[황준종]]></PT_NM>
		<SEX><![CDATA[M]]></SEX>
		<SPC_CD_1><![CDATA[3SRM]]></SPC_CD_1>
		<ORD_SITE><![CDATA[LVGE]]></ORD_SITE>
		<TST_CLS><![CDATA[N]]></TST_CLS>
		<RERUN><![CDATA[N]]></RERUN>
		<TST_FRCT_CD1><![CDATA[L25]]></TST_FRCT_CD1>
		<HSP_CLS><![CDATA[8]]></HSP_CLS>
		<ACPT_DTETM><![CDATA[2012-10-30 09:27:45]]></ACPT_DTETM>
		<AGE><![CDATA[52]]></AGE>
		<ACPT_DTE><![CDATA[20121030]]></ACPT_DTE>
		<PATSECT><![CDATA[O]]></PATSECT>
		<CAUTION_YN><![CDATA[N]]></CAUTION_YN>
		<MEDDEPT><![CDATA[LVGE]]></MEDDEPT>
	</Table0>
</NewDataSet>

오후 4:00:41 [Use Proc => PG_SRL.SLP91_S03 ]<Table><QID><![CDATA[PG_SRL.SLP91_S03]]></QID><QTYPE><![CDATA[Package]]></QTYPE><USERID><![CDATA[LIA]]></USERID><EXECTYPE><![CDATA[FILL]]></EXECTYPE><TABLENAME><![CDATA[]]></TABLENAME><P0><![CDATA[12103001607]]></P0><P1><![CDATA[]]></P1></Table>
오후 4:00:41 [Return Proc => PG_SRL.SLP91_S03 ]<?xml version='1.0' encoding='euc-kr'?>
<NewDataSet>
	<Table0>
		<TST_CD><![CDATA[L2584]]></TST_CD>
		<TST_NM><![CDATA[HBVreal-time]]></TST_NM>
		<TST_FRCT_CD><![CDATA[L25]]></TST_FRCT_CD>
		<ACPTNO_1><![CDATA[207]]></ACPTNO_1>
		<PT_NO><![CDATA[30907210]]></PT_NO>
		<PT_NM><![CDATA[황준종]]></PT_NM>
		<SEX><![CDATA[M]]></SEX>
		<SPC_CD_1><![CDATA[3SRM]]></SPC_CD_1>
		<ORD_SITE><![CDATA[LVGE]]></ORD_SITE>
		<TST_CLS><![CDATA[N]]></TST_CLS>
		<RERUN><![CDATA[N]]></RERUN>
		<TST_FRCT_CD1><![CDATA[L25]]></TST_FRCT_CD1>
		<HSP_CLS><![CDATA[8]]></HSP_CLS>
		<ACPT_DTETM><![CDATA[2012-10-30 09:27:45]]></ACPT_DTETM>
		<AGE><![CDATA[52]]></AGE>
		<ACPT_DTE><![CDATA[20121030]]></ACPT_DTE>
		<PATSECT><![CDATA[O]]></PATSECT>
		<CAUTION_YN><![CDATA[N]]></CAUTION_YN>
		<MEDDEPT><![CDATA[LVGE]]></MEDDEPT>
	</Table0>
</NewDataSet>

오후 5:00:27 [Use Proc => PG_SRL.SLP91_S03 ]<Table><QID><![CDATA[PG_SRL.SLP91_S03]]></QID><QTYPE><![CDATA[Package]]></QTYPE><USERID><![CDATA[LIA]]></USERID><EXECTYPE><![CDATA[FILL]]></EXECTYPE><TABLENAME><![CDATA[]]></TABLENAME><P0><![CDATA[12103001607]]></P0><P1><![CDATA[]]></P1></Table>
오후 5:00:27 [Return Proc => PG_SRL.SLP91_S03 ]<?xml version='1.0' encoding='euc-kr'?>
<NewDataSet>
	<Table0>
		<TST_CD><![CDATA[L2584]]></TST_CD>
		<TST_NM><![CDATA[HBVreal-time]]></TST_NM>
		<TST_FRCT_CD><![CDATA[L25]]></TST_FRCT_CD>
		<ACPTNO_1><![CDATA[207]]></ACPTNO_1>
		<PT_NO><![CDATA[30907210]]></PT_NO>
		<PT_NM><![CDATA[황준종]]></PT_NM>
		<SEX><![CDATA[M]]></SEX>
		<SPC_CD_1><![CDATA[3SRM]]></SPC_CD_1>
		<ORD_SITE><![CDATA[LVGE]]></ORD_SITE>
		<TST_CLS><![CDATA[N]]></TST_CLS>
		<RERUN><![CDATA[N]]></RERUN>
		<TST_FRCT_CD1><![CDATA[L25]]></TST_FRCT_CD1>
		<HSP_CLS><![CDATA[8]]></HSP_CLS>
		<ACPT_DTETM><![CDATA[2012-10-30 09:27:45]]></ACPT_DTETM>
		<AGE><![CDATA[52]]></AGE>
		<ACPT_DTE><![CDATA[20121030]]></ACPT_DTE>
		<PATSECT><![CDATA[O]]></PATSECT>
		<CAUTION_YN><![CDATA[N]]></CAUTION_YN>
		<MEDDEPT><![CDATA[LVGE]]></MEDDEPT>
	</Table0>
</NewDataSet>

오후 5:06:58 [Use Proc => PG_SRL.SLP91_S03 ]<Table><QID><![CDATA[PG_SRL.SLP91_S03]]></QID><QTYPE><![CDATA[Package]]></QTYPE><USERID><![CDATA[LIA]]></USERID><EXECTYPE><![CDATA[FILL]]></EXECTYPE><TABLENAME><![CDATA[]]></TABLENAME><P0><![CDATA[12103001607]]></P0><P1><![CDATA[]]></P1></Table>
오후 5:06:58 [Return Proc => PG_SRL.SLP91_S03 ]<?xml version='1.0' encoding='euc-kr'?>
<NewDataSet>
	<Table0>
		<TST_CD><![CDATA[L2584]]></TST_CD>
		<TST_NM><![CDATA[HBVreal-time]]></TST_NM>
		<TST_FRCT_CD><![CDATA[L25]]></TST_FRCT_CD>
		<ACPTNO_1><![CDATA[207]]></ACPTNO_1>
		<PT_NO><![CDATA[30907210]]></PT_NO>
		<PT_NM><![CDATA[황준종]]></PT_NM>
		<SEX><![CDATA[M]]></SEX>
		<SPC_CD_1><![CDATA[3SRM]]></SPC_CD_1>
		<ORD_SITE><![CDATA[LVGE]]></ORD_SITE>
		<TST_CLS><![CDATA[N]]></TST_CLS>
		<RERUN><![CDATA[N]]></RERUN>
		<TST_FRCT_CD1><![CDATA[L25]]></TST_FRCT_CD1>
		<HSP_CLS><![CDATA[8]]></HSP_CLS>
		<ACPT_DTETM><![CDATA[2012-10-30 09:27:45]]></ACPT_DTETM>
		<AGE><![CDATA[52]]></AGE>
		<ACPT_DTE><![CDATA[20121030]]></ACPT_DTE>
		<PATSECT><![CDATA[O]]></PATSECT>
		<CAUTION_YN><![CDATA[N]]></CAUTION_YN>
		<MEDDEPT><![CDATA[LVGE]]></MEDDEPT>
	</Table0>
</NewDataSet>

