오전 11:51:27 11:51:27[SOAP]WSDLReader:XML Parser failed at linenumber 0, lineposition 0, reason is: The server name or address could not be resolved

WSDLReader:XML Parser failed at linenumber 0, lineposition 0, reason is: The server name or address could not be resolved
 HRESULT=0x1: 잘못된 기능입니다.
 - WSDLReader:Loading of the WSDL file failed HRESULT=0x80070057: 매개 변수가 틀립니다.
 - Client:One of the parameters supplied is invalid. HRESULT=0x80070057: 매개 변수가 틀립니다.


오전 11:51:27 11:51:27[ERROR]WSDLReader:XML Parser failed at linenumber 0, lineposition 0, reason is: The server name or address could not be resolved
 HRESULT=0x1: 잘못된 기능입니다.
 - WSDLReader:Loading of the WSDL file failed HRESULT=0x80070057: 매개 변수가 틀립니다.
 - Client:One of the parameters supplied is invalid. HRESULT=0x80070057: 매개 변수가 틀립니다.


오전 11:51:27 
오전 11:51:28 Your XML Document failed to loaddue the following error.
Error #: -1072896680: XML 문서에는 최상위 요소가 있어야 합니다.
Line #: 0
Line Position: 0
Position In File: 0
Source Text: 
Document URL: file://tsclient/F/MQS/01.%20개발중/01.%20국립암센터/Xpert/XML/Res.xml
오전 11:51:28 11:51:28[SOAP]WSDLReader:XML Parser failed at linenumber 0, lineposition 0, reason is: The server name or address could not be resolved

WSDLReader:XML Parser failed at linenumber 0, lineposition 0, reason is: The server name or address could not be resolved
 HRESULT=0x1: 잘못된 기능입니다.
 - WSDLReader:Loading of the WSDL file failed HRESULT=0x80070057: 매개 변수가 틀립니다.
 - Client:One of the parameters supplied is invalid. HRESULT=0x80070057: 매개 변수가 틀립니다.


오전 11:51:28 11:51:28[ERROR]WSDLReader:XML Parser failed at linenumber 0, lineposition 0, reason is: The server name or address could not be resolved
 HRESULT=0x1: 잘못된 기능입니다.
 - WSDLReader:Loading of the WSDL file failed HRESULT=0x80070057: 매개 변수가 틀립니다.
 - Client:One of the parameters supplied is invalid. HRESULT=0x80070057: 매개 변수가 틀립니다.


