        Procedure : frmInterface - Private Sub cmdRun()

     Error Source : MSComm

     Error Number : 8002

Error Description : 포트 번호가 잘못되었습니다.

             Date : 2010년 3월 11일 월요일

             Time : 오전 10:13:27
━━━━━━━━━━━━━━━━━━━━━━━━━━━━━━━━━━━━━━━━
        Procedure : frmInterface - Private Sub cmdRun()

     Error Source : MSComm

     Error Number : 8002

Error Description : 포트 번호가 잘못되었습니다.

             Date : 2010년 3월 11일 월요일

             Time : 오전 11:07:24
━━━━━━━━━━━━━━━━━━━━━━━━━━━━━━━━━━━━━━━━
        Procedure : frmInterface - Private Sub cmdRun()

     Error Source : MSComm

     Error Number : 8005

Error Description : 포트가 이미 열려 있습니다.

             Date : 2010년 3월 11일 월요일

             Time : 오전 11:34:00
━━━━━━━━━━━━━━━━━━━━━━━━━━━━━━━━━━━━━━━━
        Procedure : clsCommon - Public Function f_subSet_WorkList() As ADODB.Recordset

     Error Source : ADODB.Recordset

     Error Number : 3709

Error Description : 이 작업을 수행하는 데 연결을 사용할 수 없습니다. 이 컨텍스트에서 연결이 닫혀 있거나 잘못되었습니다.

             Date : 2010년 3월 11일 월요일

             Time : 오후 12:09:57
━━━━━━━━━━━━━━━━━━━━━━━━━━━━━━━━━━━━━━━━
        Procedure : clsCommon - Public Function f_subSet_WorkList() As ADODB.Recordset

     Error Source : CobasMira

     Error Number : 424

Error Description : 개체가 필요합니다.

             Date : 2010년 3월 11일 월요일

             Time : 오후 12:10:06
━━━━━━━━━━━━━━━━━━━━━━━━━━━━━━━━━━━━━━━━
        Procedure : clsCommon - Public Function f_subSet_WorkList() As ADODB.Recordset

     Error Source : ADODB.Recordset

     Error Number : 3709

Error Description : 이 작업을 수행하는 데 연결을 사용할 수 없습니다. 이 컨텍스트에서 연결이 닫혀 있거나 잘못되었습니다.

             Date : 2010년 3월 11일 월요일

             Time : 오후 12:12:49
━━━━━━━━━━━━━━━━━━━━━━━━━━━━━━━━━━━━━━━━
        Procedure : clsCommon - Public Function f_subSet_WorkList() As ADODB.Recordset

     Error Source : CobasMira

     Error Number : 424

Error Description : 개체가 필요합니다.

             Date : 2010년 3월 11일 월요일

             Time : 오후 12:12:50
━━━━━━━━━━━━━━━━━━━━━━━━━━━━━━━━━━━━━━━━
        Procedure : frmInterface - Private Sub cmdRun()

     Error Source : MSComm

     Error Number : 8005

Error Description : 포트가 이미 열려 있습니다.

             Date : 2010년 3월 11일 월요일

             Time : 오후 2:19:26
━━━━━━━━━━━━━━━━━━━━━━━━━━━━━━━━━━━━━━━━
        Procedure : clsCommon - Public Function f_subSet_WorkList() As ADODB.Recordset

     Error Source : ADODB.Recordset

     Error Number : 3709

Error Description : 이 작업을 수행하는 데 연결을 사용할 수 없습니다. 이 컨텍스트에서 연결이 닫혀 있거나 잘못되었습니다.

             Date : 2010년 3월 11일 월요일

             Time : 오후 2:29:15
━━━━━━━━━━━━━━━━━━━━━━━━━━━━━━━━━━━━━━━━
        Procedure : clsCommon - Public Function f_subSet_WorkList() As ADODB.Recordset

     Error Source : CobasMira

     Error Number : 424

Error Description : 개체가 필요합니다.

             Date : 2010년 3월 11일 월요일

             Time : 오후 2:29:16
━━━━━━━━━━━━━━━━━━━━━━━━━━━━━━━━━━━━━━━━
        Procedure : clsCommon - Public Function f_subSet_WorkList() As ADODB.Recordset

     Error Source : ADODB.Recordset

     Error Number : 3709

Error Description : 이 작업을 수행하는 데 연결을 사용할 수 없습니다. 이 컨텍스트에서 연결이 닫혀 있거나 잘못되었습니다.

             Date : 2010년 3월 11일 월요일

             Time : 오후 2:29:19
━━━━━━━━━━━━━━━━━━━━━━━━━━━━━━━━━━━━━━━━
        Procedure : clsCommon - Public Function f_subSet_WorkList() As ADODB.Recordset

     Error Source : CobasMira

     Error Number : 424

Error Description : 개체가 필요합니다.

             Date : 2010년 3월 11일 월요일

             Time : 오후 2:29:21
━━━━━━━━━━━━━━━━━━━━━━━━━━━━━━━━━━━━━━━━
