        Procedure : frmInterface - Private Sub cmdRun()

     Error Source : MSComm

     Error Number : 8002

Error Description : 포트 번호가 잘못되었습니다.

             Date : 2010년 4월 29일 월요일

             Time : 오전 10:52:24
━━━━━━━━━━━━━━━━━━━━━━━━━━━━━━━━━━━━━━━━
        Procedure : frmInterface - Private Sub cmdRun()

     Error Source : MSComm

     Error Number : 8002

Error Description : 포트 번호가 잘못되었습니다.

             Date : 2010년 4월 29일 월요일

             Time : 오후 12:32:50
━━━━━━━━━━━━━━━━━━━━━━━━━━━━━━━━━━━━━━━━
        Procedure : clsCommon - Public Function f_subSet_WorkList() As ADODB.Recordset

     Error Source : CobasMira

     Error Number : 13

Error Description : 형식이 일치하지 않습니다.

             Date : 2010년 4월 29일 월요일

             Time : 오후 12:32:56
━━━━━━━━━━━━━━━━━━━━━━━━━━━━━━━━━━━━━━━━
        Procedure : frmInterface - Private Sub cmdRun()

     Error Source : MSComm

     Error Number : 8002

Error Description : 포트 번호가 잘못되었습니다.

             Date : 2010년 4월 29일 월요일

             Time : 오후 12:33:34
━━━━━━━━━━━━━━━━━━━━━━━━━━━━━━━━━━━━━━━━
        Procedure : clsCommon - Public Function f_subSet_WorkList() As ADODB.Recordset

     Error Source : CobasMira

     Error Number : 13

Error Description : 형식이 일치하지 않습니다.

             Date : 2010년 4월 29일 월요일

             Time : 오후 12:33:41
━━━━━━━━━━━━━━━━━━━━━━━━━━━━━━━━━━━━━━━━
        Procedure : clsCommon - Public Function f_subSet_WorkList() As ADODB.Recordset

     Error Source : CobasMira

     Error Number : 13

Error Description : 형식이 일치하지 않습니다.

             Date : 2010년 4월 29일 월요일

             Time : 오후 12:34:37
━━━━━━━━━━━━━━━━━━━━━━━━━━━━━━━━━━━━━━━━
        Procedure : clsCommon - Public Function f_subSet_WorkList() As ADODB.Recordset

     Error Source : CobasMira

     Error Number : 13

Error Description : 형식이 일치하지 않습니다.

             Date : 2010년 4월 29일 월요일

             Time : 오후 12:35:06
━━━━━━━━━━━━━━━━━━━━━━━━━━━━━━━━━━━━━━━━
