        Procedure : clsCommon - Public Function f_subSet_WorkList() As ADODB.Recordset

     Error Source : Microsoft OLE DB Provider for SQL Server

     Error Number : -2147467259

Error Description : [DBNETLIB][ConnectionRead (recv()).]일반 네트워크 오류입니다. 네트워크 설명서를 참조하십시오.

             Date : 2011년 8월 25일 월요일

             Time : 오후 1:47:34
━━━━━━━━━━━━━━━━━━━━━━━━━━━━━━━━━━━━━━━━
        Procedure : clsCommon - Public Function f_subSet_WorkList() As ADODB.Recordset

     Error Source : BC5380

     Error Number : 424

Error Description : 개체가 필요합니다.

             Date : 2011년 8월 25일 월요일

             Time : 오후 1:47:36
━━━━━━━━━━━━━━━━━━━━━━━━━━━━━━━━━━━━━━━━
        Procedure : clsCommon - Public Function f_subSet_WorkList() As ADODB.Recordset

     Error Source : Microsoft OLE DB Provider for SQL Server

     Error Number : -2147217871

Error Description : 쿼리 시간 제한이 만료되었습니다.

             Date : 2011년 8월 25일 월요일

             Time : 오후 2:09:16
━━━━━━━━━━━━━━━━━━━━━━━━━━━━━━━━━━━━━━━━
        Procedure : clsCommon - Public Function f_subSet_WorkList() As ADODB.Recordset

     Error Source : Microsoft OLE DB Provider for SQL Server

     Error Number : -2147217913

Error Description : 데이터 형식 varchar을(를) numeric(으)로 변환하는 중 오류가 발생했습니다.

             Date : 2011년 8월 25일 월요일

             Time : 오후 2:09:46
━━━━━━━━━━━━━━━━━━━━━━━━━━━━━━━━━━━━━━━━
        Procedure : clsCommon - Public Function f_subSet_WorkList() As ADODB.Recordset

     Error Source : Microsoft OLE DB Provider for SQL Server

     Error Number : -2147467259

Error Description : [DBNETLIB][ConnectionRead (recv()).]일반 네트워크 오류입니다. 네트워크 설명서를 참조하십시오.

             Date : 2011년 8월 25일 월요일

             Time : 오후 2:57:51
━━━━━━━━━━━━━━━━━━━━━━━━━━━━━━━━━━━━━━━━
        Procedure : clsCommon - Public Function f_subSet_WorkList() As ADODB.Recordset

     Error Source : Microsoft OLE DB Provider for SQL Server

     Error Number : -2147467259

Error Description : 연결을 실패했습니다.

             Date : 2011년 8월 25일 월요일

             Time : 오후 3:02:15
━━━━━━━━━━━━━━━━━━━━━━━━━━━━━━━━━━━━━━━━
        Procedure : clsCommon - Public Function f_subSet_WorkList() As ADODB.Recordset

     Error Source : Microsoft OLE DB Provider for SQL Server

     Error Number : -2147467259

Error Description : 연결을 실패했습니다.

             Date : 2011년 8월 25일 월요일

             Time : 오후 3:02:59
━━━━━━━━━━━━━━━━━━━━━━━━━━━━━━━━━━━━━━━━
        Procedure : clsCommon - Public Function f_subSet_WorkList() As ADODB.Recordset

     Error Source : Microsoft OLE DB Provider for SQL Server

     Error Number : -2147217833

Error Description : numeric을(를) 데이터 형식 numeric(으)로 변환하는 중 산술 오버플로 오류가 발생했습니다.

             Date : 2011년 8월 25일 월요일

             Time : 오후 3:06:48
━━━━━━━━━━━━━━━━━━━━━━━━━━━━━━━━━━━━━━━━
        Procedure : clsCommon - Public Function f_subSet_WorkList() As ADODB.Recordset

     Error Source : BC5380

     Error Number : 424

Error Description : 개체가 필요합니다.

             Date : 2011년 8월 25일 월요일

             Time : 오후 3:06:50
━━━━━━━━━━━━━━━━━━━━━━━━━━━━━━━━━━━━━━━━
        Procedure : clsCommon - Public Function f_subSet_WorkList() As ADODB.Recordset

     Error Source : Microsoft OLE DB Provider for SQL Server

     Error Number : -2147217833

Error Description : numeric을(를) 데이터 형식 numeric(으)로 변환하는 중 산술 오버플로 오류가 발생했습니다.

             Date : 2011년 8월 25일 월요일

             Time : 오후 3:07:01
━━━━━━━━━━━━━━━━━━━━━━━━━━━━━━━━━━━━━━━━
        Procedure : clsCommon - Public Function f_subSet_WorkList() As ADODB.Recordset

     Error Source : BC5380

     Error Number : 424

Error Description : 개체가 필요합니다.

             Date : 2011년 8월 25일 월요일

             Time : 오후 3:08:07
━━━━━━━━━━━━━━━━━━━━━━━━━━━━━━━━━━━━━━━━
        Procedure : clsCommon - Public Function f_subSet_WorkList() As ADODB.Recordset

     Error Source : Microsoft OLE DB Provider for SQL Server

     Error Number : -2147217871

Error Description : 쿼리 시간 제한이 만료되었습니다.

             Date : 2011년 8월 25일 월요일

             Time : 오후 3:13:20
━━━━━━━━━━━━━━━━━━━━━━━━━━━━━━━━━━━━━━━━
