오후 4:03:44 [Use Proc => GETQUERY ]<?xml version='1.0' encoding='UTF-8'?>
<NewDataSet>
<Table>
<QID><![CDATA[PKG_LAB.INTERFACE_S23]]></QID>
<QTYPE><![CDATA[Package]]></QTYPE>
<USERID><![CDATA[HIS]]></USERID>
<EXECTYPE><![CDATA[FILL]]></EXECTYPE>
<TABLENAME><![CDATA[]]></TABLENAME>
<P0><![CDATA[20200824]]></P0>
<P1><![CDATA[20200824]]></P1>
<P2><![CDATA[1]]></P2>
<P3><![CDATA[L25]]></P3>
<P4><![CDATA[YYYYY,ZZZZZ,XXXXX,L25618,L25617,L25616]]></P4>
<P5><![CDATA[0]]></P5>
<P6><![CDATA[9999]]></P6>
<P7><![CDATA[1,2]]></P7>
<P8><![CDATA[]]></P8>
</Table>
</NewDataSet>

오후 4:03:44 [Return Proc => GETQUERY ]<?xml version='1.0' encoding='utf-8'?>
<NewDataSet>
</NewDataSet>

오후 4:12:32 [Use Proc => GETQUERY ]<?xml version='1.0' encoding='UTF-8'?>
<NewDataSet>
<Table>
<QID><![CDATA[PKG_LAB.INTERFACE_S23]]></QID>
<QTYPE><![CDATA[Package]]></QTYPE>
<USERID><![CDATA[HIS]]></USERID>
<EXECTYPE><![CDATA[FILL]]></EXECTYPE>
<TABLENAME><![CDATA[]]></TABLENAME>
<P0><![CDATA[20200824]]></P0>
<P1><![CDATA[20200824]]></P1>
<P2><![CDATA[1]]></P2>
<P3><![CDATA[L25]]></P3>
<P4><![CDATA[YYYYY,ZZZZZ,XXXXX,L25618,L25617,L25616]]></P4>
<P5><![CDATA[0]]></P5>
<P6><![CDATA[9999]]></P6>
<P7><![CDATA[1,2]]></P7>
<P8><![CDATA[]]></P8>
</Table>
</NewDataSet>

오후 4:12:32 [Return Proc => GETQUERY ]<?xml version='1.0' encoding='utf-8'?>
<NewDataSet>
</NewDataSet>

오후 4:13:07 [Use Proc => GETQUERY ]<?xml version='1.0' encoding='UTF-8'?>
<NewDataSet>
<Table>
<QID><![CDATA[PKG_LAB.INTERFACE_S23]]></QID>
<QTYPE><![CDATA[Package]]></QTYPE>
<USERID><![CDATA[HIS]]></USERID>
<EXECTYPE><![CDATA[FILL]]></EXECTYPE>
<TABLENAME><![CDATA[]]></TABLENAME>
<P0><![CDATA[20200821]]></P0>
<P1><![CDATA[20200821]]></P1>
<P2><![CDATA[1]]></P2>
<P3><![CDATA[L25]]></P3>
<P4><![CDATA[YYYYY,ZZZZZ,XXXXX,L25618,L25617,L25616]]></P4>
<P5><![CDATA[0]]></P5>
<P6><![CDATA[9999]]></P6>
<P7><![CDATA[1,2]]></P7>
<P8><![CDATA[]]></P8>
</Table>
</NewDataSet>

오후 4:13:08 [Return Proc => GETQUERY ]<?xml version='1.0' encoding='utf-8'?>
<NewDataSet>
</NewDataSet>

오후 4:13:32 [Use Proc => GETQUERY ]<?xml version='1.0' encoding='UTF-8'?>
<NewDataSet>
<Table>
<QID><![CDATA[PKG_LAB.INTERFACE_S23]]></QID>
<QTYPE><![CDATA[Package]]></QTYPE>
<USERID><![CDATA[HIS]]></USERID>
<EXECTYPE><![CDATA[FILL]]></EXECTYPE>
<TABLENAME><![CDATA[]]></TABLENAME>
<P0><![CDATA[20200821]]></P0>
<P1><![CDATA[20200821]]></P1>
<P2><![CDATA[1]]></P2>
<P3><![CDATA[L25]]></P3>
<P4><![CDATA[YYYYY,ZZZZZ,XXXXX,L25618,L25617,L25616]]></P4>
<P5><![CDATA[0]]></P5>
<P6><![CDATA[9999]]></P6>
<P7><![CDATA[1,2,3]]></P7>
<P8><![CDATA[]]></P8>
</Table>
</NewDataSet>

오후 4:13:33 [Return Proc => GETQUERY ]<?xml version='1.0' encoding='utf-8'?>
<NewDataSet>
	<Table0>
		<ACPT_DTE><![CDATA[2020-08-21 오전 12:00:00]]></ACPT_DTE>
		<ACPTNO_1><![CDATA[134]]></ACPTNO_1>
		<PT_NO><![CDATA[53583833]]></PT_NO>
		<PATNAME><![CDATA[이재균]]></PATNAME>
		<SEX><![CDATA[M]]></SEX>
		<AGE><![CDATA[32]]></AGE>
		<SPC_NO><![CDATA[20082100660]]></SPC_NO>
		<ORD_SITE><![CDATA[AER]]></ORD_SITE>
		<WRK_UNT_CD><![CDATA[VIRUS]]></WRK_UNT_CD>
		<TST_CD><![CDATA[L25616]]></TST_CD>
		<TST_SNM><![CDATA[2019-nCoV]]></TST_SNM>
		<SPC_NM><![CDATA[Nasopharyngeal Swab]]></SPC_NM>
		<TST_STAT><![CDATA[3]]></TST_STAT>
		<ACPT_DTETM><![CDATA[2020-08-21 오전 10:50:00]]></ACPT_DTETM>
		<DOCTORNOTE_YN><![CDATA[N]]></DOCTORNOTE_YN>
		<TSNO><![CDATA[]]></TSNO>
		<DEXM_YENU><![CDATA[]]></DEXM_YENU>
	</Table0>
	<Table0>
		<ACPT_DTE><![CDATA[2020-08-21 오전 12:00:00]]></ACPT_DTE>
		<ACPTNO_1><![CDATA[135]]></ACPTNO_1>
		<PT_NO><![CDATA[79692450]]></PT_NO>
		<PATNAME><![CDATA[김찬주]]></PATNAME>
		<SEX><![CDATA[M]]></SEX>
		<AGE><![CDATA[18]]></AGE>
		<SPC_NO><![CDATA[20082101408]]></SPC_NO>
		<ORD_SITE><![CDATA[AER]]></ORD_SITE>
		<WRK_UNT_CD><![CDATA[VIRUS]]></WRK_UNT_CD>
		<TST_CD><![CDATA[L25616]]></TST_CD>
		<TST_SNM><![CDATA[2019-nCoV]]></TST_SNM>
		<SPC_NM><![CDATA[Nasopharyngeal Swab]]></SPC_NM>
		<TST_STAT><![CDATA[3]]></TST_STAT>
		<ACPT_DTETM><![CDATA[2020-08-21 오전 10:50:08]]></ACPT_DTETM>
		<DOCTORNOTE_YN><![CDATA[N]]></DOCTORNOTE_YN>
		<TSNO><![CDATA[]]></TSNO>
		<DEXM_YENU><![CDATA[]]></DEXM_YENU>
	</Table0>
	<Table0>
		<ACPT_DTE><![CDATA[2020-08-21 오전 12:00:00]]></ACPT_DTE>
		<ACPTNO_1><![CDATA[136]]></ACPTNO_1>
		<PT_NO><![CDATA[54186095]]></PT_NO>
		<PATNAME><![CDATA[박옥순]]></PATNAME>
		<SEX><![CDATA[F]]></SEX>
		<AGE><![CDATA[56]]></AGE>
		<SPC_NO><![CDATA[20082100692]]></SPC_NO>
		<ORD_SITE><![CDATA[AER]]></ORD_SITE>
		<WRK_UNT_CD><![CDATA[VIRUS]]></WRK_UNT_CD>
		<TST_CD><![CDATA[L25616]]></TST_CD>
		<TST_SNM><![CDATA[2019-nCoV]]></TST_SNM>
		<SPC_NM><![CDATA[Nasopharyngeal Swab]]></SPC_NM>
		<TST_STAT><![CDATA[3]]></TST_STAT>
		<ACPT_DTETM><![CDATA[2020-08-21 오전 10:50:21]]></ACPT_DTETM>
		<DOCTORNOTE_YN><![CDATA[N]]></DOCTORNOTE_YN>
		<TSNO><![CDATA[]]></TSNO>
		<DEXM_YENU><![CDATA[]]></DEXM_YENU>
	</Table0>
	<Table0>
		<ACPT_DTE><![CDATA[2020-08-21 오전 12:00:00]]></ACPT_DTE>
		<ACPTNO_1><![CDATA[137]]></ACPTNO_1>
		<PT_NO><![CDATA[54185612]]></PT_NO>
		<PATNAME><![CDATA[고금순]]></PATNAME>
		<SEX><![CDATA[F]]></SEX>
		<AGE><![CDATA[82]]></AGE>
		<SPC_NO><![CDATA[20082018538]]></SPC_NO>
		<ORD_SITE><![CDATA[AER]]></ORD_SITE>
		<WRK_UNT_CD><![CDATA[VIRUS]]></WRK_UNT_CD>
		<TST_CD><![CDATA[L25616]]></TST_CD>
		<TST_SNM><![CDATA[2019-nCoV]]></TST_SNM>
		<SPC_NM><![CDATA[Nasopharyngeal Swab]]></SPC_NM>
		<TST_STAT><![CDATA[3]]></TST_STAT>
		<ACPT_DTETM><![CDATA[2020-08-21 오전 10:50:35]]></ACPT_DTETM>
		<DOCTORNOTE_YN><![CDATA[N]]></DOCTORNOTE_YN>
		<TSNO><![CDATA[]]></TSNO>
		<DEXM_YENU><![CDATA[]]></DEXM_YENU>
	</Table0>
	<Table0>
		<ACPT_DTE><![CDATA[2020-08-21 오전 12:00:00]]></ACPT_DTE>
		<ACPTNO_1><![CDATA[138]]></ACPTNO_1>
		<PT_NO><![CDATA[33367873]]></PT_NO>
		<PATNAME><![CDATA[유기택]]></PATNAME>
		<SEX><![CDATA[M]]></SEX>
		<AGE><![CDATA[75]]></AGE>
		<SPC_NO><![CDATA[20082105990]]></SPC_NO>
		<ORD_SITE><![CDATA[AER]]></ORD_SITE>
		<WRK_UNT_CD><![CDATA[VIRUS]]></WRK_UNT_CD>
		<TST_CD><![CDATA[L25616]]></TST_CD>
		<TST_SNM><![CDATA[2019-nCoV]]></TST_SNM>
		<SPC_NM><![CDATA[Nasopharyngeal Swab]]></SPC_NM>
		<TST_STAT><![CDATA[3]]></TST_STAT>
		<ACPT_DTETM><![CDATA[2020-08-21 오전 10:51:01]]></ACPT_DTETM>
		<DOCTORNOTE_YN><![CDATA[N]]></DOCTORNOTE_YN>
		<TSNO><![CDATA[]]></TSNO>
		<DEXM_YENU><![CDATA[]]></DEXM_YENU>
	</Table0>
	<Table0>
		<ACPT_DTE><![CDATA[2020-08-21 오전 12:00:00]]></ACPT_DTE>
		<ACPTNO_1><![CDATA[139]]></ACPTNO_1>
		<PT_NO><![CDATA[54064917]]></PT_NO>
		<PATNAME><![CDATA[류채연]]></PATNAME>
		<SEX><![CDATA[F]]></SEX>
		<AGE><![CDATA[24]]></AGE>
		<SPC_NO><![CDATA[20082102607]]></SPC_NO>
		<ORD_SITE><![CDATA[AER]]></ORD_SITE>
		<WRK_UNT_CD><![CDATA[VIRUS]]></WRK_UNT_CD>
		<TST_CD><![CDATA[L25616]]></TST_CD>
		<TST_SNM><![CDATA[2019-nCoV]]></TST_SNM>
		<SPC_NM><![CDATA[Nasopharyngeal Swab]]></SPC_NM>
		<TST_STAT><![CDATA[3]]></TST_STAT>
		<ACPT_DTETM><![CDATA[2020-08-21 오전 10:51:16]]></ACPT_DTETM>
		<DOCTORNOTE_YN><![CDATA[N]]></DOCTORNOTE_YN>
		<TSNO><![CDATA[]]></TSNO>
		<DEXM_YENU><![CDATA[]]></DEXM_YENU>
	</Table0>
	<Table0>
		<ACPT_DTE><![CDATA[2020-08-21 오전 12:00:00]]></ACPT_DTE>
		<ACPTNO_1><![CDATA[140]]></ACPTNO_1>
		<PT_NO><![CDATA[48660752]]></PT_NO>
		<PATNAME><![CDATA[김재근]]></PATNAME>
		<SEX><![CDATA[M]]></SEX>
		<AGE><![CDATA[31]]></AGE>
		<SPC_NO><![CDATA[20082100693]]></SPC_NO>
		<ORD_SITE><![CDATA[AER]]></ORD_SITE>
		<WRK_UNT_CD><![CDATA[VIRUS]]></WRK_UNT_CD>
		<TST_CD><![CDATA[L25616]]></TST_CD>
		<TST_SNM><![CDATA[2019-nCoV]]></TST_SNM>
		<SPC_NM><![CDATA[Nasopharyngeal Swab]]></SPC_NM>
		<TST_STAT><![CDATA[3]]></TST_STAT>
		<ACPT_DTETM><![CDATA[2020-08-21 오전 10:51:23]]></ACPT_DTETM>
		<DOCTORNOTE_YN><![CDATA[N]]></DOCTORNOTE_YN>
		<TSNO><![CDATA[]]></TSNO>
		<DEXM_YENU><![CDATA[]]></DEXM_YENU>
	</Table0>
	<Table0>
		<ACPT_DTE><![CDATA[2020-08-21 오전 12:00:00]]></ACPT_DTE>
		<ACPTNO_1><![CDATA[141]]></ACPTNO_1>
		<PT_NO><![CDATA[54185946]]></PT_NO>
		<PATNAME><![CDATA[손은경]]></PATNAME>
		<SEX><![CDATA[F]]></SEX>
		<AGE><![CDATA[37]]></AGE>
		<SPC_NO><![CDATA[20082100120]]></SPC_NO>
		<ORD_SITE><![CDATA[AER]]></ORD_SITE>
		<WRK_UNT_CD><![CDATA[VIRUS]]></WRK_UNT_CD>
		<TST_CD><![CDATA[L25616]]></TST_CD>
		<TST_SNM><![CDATA[2019-nCoV]]></TST_SNM>
		<SPC_NM><![CDATA[Nasopharyngeal Swab]]></SPC_NM>
		<TST_STAT><![CDATA[3]]></TST_STAT>
		<ACPT_DTETM><![CDATA[2020-08-21 오전 10:51:31]]></ACPT_DTETM>
		<DOCTORNOTE_YN><![CDATA[N]]></DOCTORNOTE_YN>
		<TSNO><![CDATA[]]></TSNO>
		<DEXM_YENU><![CDATA[]]></DEXM_YENU>
	</Table0>
	<Table0>
		<ACPT_DTE><![CDATA[2020-08-21 오전 12:00:00]]></ACPT_DTE>
		<ACPTNO_1><![CDATA[142]]></ACPTNO_1>
		<PT_NO><![CDATA[29842933]]></PT_NO>
		<PATNAME><![CDATA[최찬호]]></PATNAME>
		<SEX><![CDATA[M]]></SEX>
		<AGE><![CDATA[68]]></AGE>
		<SPC_NO><![CDATA[20082100114]]></SPC_NO>
		<ORD_SITE><![CDATA[AER]]></ORD_SITE>
		<WRK_UNT_CD><![CDATA[VIRUS]]></WRK_UNT_CD>
		<TST_CD><![CDATA[L25616]]></TST_CD>
		<TST_SNM><![CDATA[2019-nCoV]]></TST_SNM>
		<SPC_NM><![CDATA[Nasopharyngeal Swab]]></SPC_NM>
		<TST_STAT><![CDATA[3]]></TST_STAT>
		<ACPT_DTETM><![CDATA[2020-08-21 오전 10:51:51]]></ACPT_DTETM>
		<DOCTORNOTE_YN><![CDATA[N]]></DOCTORNOTE_YN>
		<TSNO><![CDATA[]]></TSNO>
		<DEXM_YENU><![CDATA[]]></DEXM_YENU>
	</Table0>
	<Table0>
		<ACPT_DTE><![CDATA[2020-08-21 오전 12:00:00]]></ACPT_DTE>
		<ACPTNO_1><![CDATA[143]]></ACPTNO_1>
		<PT_NO><![CDATA[36623611]]></PT_NO>
		<PATNAME><![CDATA[오정자]]></PATNAME>
		<SEX><![CDATA[F]]></SEX>
		<AGE><![CDATA[71]]></AGE>
		<SPC_NO><![CDATA[20082019626]]></SPC_NO>
		<ORD_SITE><![CDATA[AER]]></ORD_SITE>
		<WRK_UNT_CD><![CDATA[VIRUS]]></WRK_UNT_CD>
		<TST_CD><![CDATA[L25616]]></TST_CD>
		<TST_SNM><![CDATA[2019-nCoV]]></TST_SNM>
		<SPC_NM><![CDATA[Nasopharyngeal Swab]]></SPC_NM>
		<TST_STAT><![CDATA[3]]></TST_STAT>
		<ACPT_DTETM><![CDATA[2020-08-21 오전 10:51:59]]></ACPT_DTETM>
		<DOCTORNOTE_YN><![CDATA[N]]></DOCTORNOTE_YN>
		<TSNO><![CDATA[]]></TSNO>
		<DEXM_YENU><![CDATA[]]></DEXM_YENU>
	</Table0>
	<Table0>
		<ACPT_DTE><![CDATA[2020-08-21 오전 12:00:00]]></ACPT_DTE>
		<ACPTNO_1><![CDATA[144]]></ACPTNO_1>
		<PT_NO><![CDATA[50029075]]></PT_NO>
		<PATNAME><![CDATA[송무년]]></PATNAME>
		<SEX><![CDATA[F]]></SEX>
		<AGE><![CDATA[86]]></AGE>
		<SPC_NO><![CDATA[20082104982]]></SPC_NO>
		<ORD_SITE><![CDATA[091]]></ORD_SITE>
		<WRK_UNT_CD><![CDATA[VIRUS]]></WRK_UNT_CD>
		<TST_CD><![CDATA[L25617]]></TST_CD>
		<TST_SNM><![CDATA[2019-nCoV[비급여]]]></TST_SNM>
		<SPC_NM><![CDATA[Nasopharyngeal Swab]]></SPC_NM>
		<TST_STAT><![CDATA[3]]></TST_STAT>
		<ACPT_DTETM><![CDATA[2020-08-21 오전 10:52:19]]></ACPT_DTETM>
		<DOCTORNOTE_YN><![CDATA[N]]></DOCTORNOTE_YN>
		<TSNO><![CDATA[]]></TSNO>
		<DEXM_YENU><![CDATA[]]></DEXM_YENU>
	</Table0>
	<Table0>
		<ACPT_DTE><![CDATA[2020-08-21 오전 12:00:00]]></ACPT_DTE>
		<ACPTNO_1><![CDATA[145]]></ACPTNO_1>
		<PT_NO><![CDATA[34039311]]></PT_NO>
		<PATNAME><![CDATA[최봉운]]></PATNAME>
		<SEX><![CDATA[M]]></SEX>
		<AGE><![CDATA[92]]></AGE>
		<SPC_NO><![CDATA[20082018323]]></SPC_NO>
		<ORD_SITE><![CDATA[121]]></ORD_SITE>
		<WRK_UNT_CD><![CDATA[VIRUS]]></WRK_UNT_CD>
		<TST_CD><![CDATA[L25616]]></TST_CD>
		<TST_SNM><![CDATA[2019-nCoV]]></TST_SNM>
		<SPC_NM><![CDATA[Nasopharyngeal Swab]]></SPC_NM>
		<TST_STAT><![CDATA[3]]></TST_STAT>
		<ACPT_DTETM><![CDATA[2020-08-21 오전 10:52:26]]></ACPT_DTETM>
		<DOCTORNOTE_YN><![CDATA[N]]></DOCTORNOTE_YN>
		<TSNO><![CDATA[]]></TSNO>
		<DEXM_YENU><![CDATA[]]></DEXM_YENU>
	</Table0>
	<Table0>
		<ACPT_DTE><![CDATA[2020-08-21 오전 12:00:00]]></ACPT_DTE>
		<ACPTNO_1><![CDATA[146]]></ACPTNO_1>
		<PT_NO><![CDATA[27383964]]></PT_NO>
		<PATNAME><![CDATA[박휴선]]></PATNAME>
		<SEX><![CDATA[M]]></SEX>
		<AGE><![CDATA[64]]></AGE>
		<SPC_NO><![CDATA[20082100695]]></SPC_NO>
		<ORD_SITE><![CDATA[AER]]></ORD_SITE>
		<WRK_UNT_CD><![CDATA[VIRUS]]></WRK_UNT_CD>
		<TST_CD><![CDATA[L25616]]></TST_CD>
		<TST_SNM><![CDATA[2019-nCoV]]></TST_SNM>
		<SPC_NM><![CDATA[Nasopharyngeal Swab]]></SPC_NM>
		<TST_STAT><![CDATA[3]]></TST_STAT>
		<ACPT_DTETM><![CDATA[2020-08-21 오전 10:52:33]]></ACPT_DTETM>
		<DOCTORNOTE_YN><![CDATA[N]]></DOCTORNOTE_YN>
		<TSNO><![CDATA[]]></TSNO>
		<DEXM_YENU><![CDATA[]]></DEXM_YENU>
	</Table0>
	<Table0>
		<ACPT_DTE><![CDATA[2020-08-21 오전 12:00:00]]></ACPT_DTE>
		<ACPTNO_1><![CDATA[147]]></ACPTNO_1>
		<PT_NO><![CDATA[14580550]]></PT_NO>
		<PATNAME><![CDATA[장기원]]></PATNAME>
		<SEX><![CDATA[M]]></SEX>
		<AGE><![CDATA[62]]></AGE>
		<SPC_NO><![CDATA[20082104421]]></SPC_NO>
		<ORD_SITE><![CDATA[AER]]></ORD_SITE>
		<WRK_UNT_CD><![CDATA[VIRUS]]></WRK_UNT_CD>
		<TST_CD><![CDATA[L25616]]></TST_CD>
		<TST_SNM><![CDATA[2019-nCoV]]></TST_SNM>
		<SPC_NM><![CDATA[Nasopharyngeal Swab]]></SPC_NM>
		<TST_STAT><![CDATA[3]]></TST_STAT>
		<ACPT_DTETM><![CDATA[2020-08-21 오전 10:52:42]]></ACPT_DTETM>
		<DOCTORNOTE_YN><![CDATA[N]]></DOCTORNOTE_YN>
		<TSNO><![CDATA[]]></TSNO>
		<DEXM_YENU><![CDATA[]]></DEXM_YENU>
	</Table0>
	<Table0>
		<ACPT_DTE><![CDATA[2020-08-21 오전 12:00:00]]></ACPT_DTE>
		<ACPTNO_1><![CDATA[148]]></ACPTNO_1>
		<PT_NO><![CDATA[47682038]]></PT_NO>
		<PATNAME><![CDATA[김경애A]]></PATNAME>
		<SEX><![CDATA[F]]></SEX>
		<AGE><![CDATA[64]]></AGE>
		<SPC_NO><![CDATA[20082100696]]></SPC_NO>
		<ORD_SITE><![CDATA[AER]]></ORD_SITE>
		<WRK_UNT_CD><![CDATA[VIRUS]]></WRK_UNT_CD>
		<TST_CD><![CDATA[L25616]]></TST_CD>
		<TST_SNM><![CDATA[2019-nCoV]]></TST_SNM>
		<SPC_NM><![CDATA[Nasopharyngeal Swab]]></SPC_NM>
		<TST_STAT><![CDATA[3]]></TST_STAT>
		<ACPT_DTETM><![CDATA[2020-08-21 오전 10:52:48]]></ACPT_DTETM>
		<DOCTORNOTE_YN><![CDATA[N]]></DOCTORNOTE_YN>
		<TSNO><![CDATA[]]></TSNO>
		<DEXM_YENU><![CDATA[]]></DEXM_YENU>
	</Table0>
	<Table0>
		<ACPT_DTE><![CDATA[2020-08-21 오전 12:00:00]]></ACPT_DTE>
		<ACPTNO_1><![CDATA[149]]></ACPTNO_1>
		<PT_NO><![CDATA[50352991]]></PT_NO>
		<PATNAME><![CDATA[정혜윤]]></PATNAME>
		<SEX><![CDATA[F]]></SEX>
		<AGE><![CDATA[48]]></AGE>
		<SPC_NO><![CDATA[20082100508]]></SPC_NO>
		<ORD_SITE><![CDATA[AER]]></ORD_SITE>
		<WRK_UNT_CD><![CDATA[VIRUS]]></WRK_UNT_CD>
		<TST_CD><![CDATA[L25616]]></TST_CD>
		<TST_SNM><![CDATA[2019-nCoV]]></TST_SNM>
		<SPC_NM><![CDATA[Nasopharyngeal Swab]]></SPC_NM>
		<TST_STAT><![CDATA[3]]></TST_STAT>
		<ACPT_DTETM><![CDATA[2020-08-21 오전 10:52:58]]></ACPT_DTETM>
		<DOCTORNOTE_YN><![CDATA[N]]></DOCTORNOTE_YN>
		<TSNO><![CDATA[]]></TSNO>
		<DEXM_YENU><![CDATA[]]></DEXM_YENU>
	</Table0>
	<Table0>
		<ACPT_DTE><![CDATA[2020-08-21 오전 12:00:00]]></ACPT_DTE>
		<ACPTNO_1><![CDATA[153]]></ACPTNO_1>
		<PT_NO><![CDATA[52656668]]></PT_NO>
		<PATNAME><![CDATA[김옥원]]></PATNAME>
		<SEX><![CDATA[M]]></SEX>
		<AGE><![CDATA[80]]></AGE>
		<SPC_NO><![CDATA[20082019476]]></SPC_NO>
		<ORD_SITE><![CDATA[AER]]></ORD_SITE>
		<WRK_UNT_CD><![CDATA[VIRUS]]></WRK_UNT_CD>
		<TST_CD><![CDATA[L25616]]></TST_CD>
		<TST_SNM><![CDATA[2019-nCoV]]></TST_SNM>
		<SPC_NM><![CDATA[Nasopharyngeal Swab]]></SPC_NM>
		<TST_STAT><![CDATA[3]]></TST_STAT>
		<ACPT_DTETM><![CDATA[2020-08-21 오전 10:53:18]]></ACPT_DTETM>
		<DOCTORNOTE_YN><![CDATA[N]]></DOCTORNOTE_YN>
		<TSNO><![CDATA[]]></TSNO>
		<DEXM_YENU><![CDATA[]]></DEXM_YENU>
	</Table0>
	<Table0>
		<ACPT_DTE><![CDATA[2020-08-21 오전 12:00:00]]></ACPT_DTE>
		<ACPTNO_1><![CDATA[155]]></ACPTNO_1>
		<PT_NO><![CDATA[54182428]]></PT_NO>
		<PATNAME><![CDATA[김도일]]></PATNAME>
		<SEX><![CDATA[M]]></SEX>
		<AGE><![CDATA[25]]></AGE>
		<SPC_NO><![CDATA[20082105836]]></SPC_NO>
		<ORD_SITE><![CDATA[EICU]]></ORD_SITE>
		<WRK_UNT_CD><![CDATA[VIRUS]]></WRK_UNT_CD>
		<TST_CD><![CDATA[L25617]]></TST_CD>
		<TST_SNM><![CDATA[2019-nCoV[비급여]]]></TST_SNM>
		<SPC_NM><![CDATA[Nasopharyngeal Swab]]></SPC_NM>
		<TST_STAT><![CDATA[3]]></TST_STAT>
		<ACPT_DTETM><![CDATA[2020-08-21 오전 10:53:25]]></ACPT_DTETM>
		<DOCTORNOTE_YN><![CDATA[N]]></DOCTORNOTE_YN>
		<TSNO><![CDATA[]]></TSNO>
		<DEXM_YENU><![CDATA[]]></DEXM_YENU>
	</Table0>
	<Table0>
		<ACPT_DTE><![CDATA[2020-08-21 오전 12:00:00]]></ACPT_DTE>
		<ACPTNO_1><![CDATA[158]]></ACPTNO_1>
		<PT_NO><![CDATA[27066586]]></PT_NO>
		<PATNAME><![CDATA[진순옥]]></PATNAME>
		<SEX><![CDATA[F]]></SEX>
		<AGE><![CDATA[56]]></AGE>
		<SPC_NO><![CDATA[20082106466]]></SPC_NO>
		<ORD_SITE><![CDATA[IMI]]></ORD_SITE>
		<WRK_UNT_CD><![CDATA[VIRUS]]></WRK_UNT_CD>
		<TST_CD><![CDATA[L25617]]></TST_CD>
		<TST_SNM><![CDATA[2019-nCoV[비급여]]]></TST_SNM>
		<SPC_NM><![CDATA[Nasopharyngeal Swab]]></SPC_NM>
		<TST_STAT><![CDATA[3]]></TST_STAT>
		<ACPT_DTETM><![CDATA[2020-08-21 오전 10:53:33]]></ACPT_DTETM>
		<DOCTORNOTE_YN><![CDATA[N]]></DOCTORNOTE_YN>
		<TSNO><![CDATA[]]></TSNO>
		<DEXM_YENU><![CDATA[]]></DEXM_YENU>
	</Table0>
	<Table0>
		<ACPT_DTE><![CDATA[2020-08-21 오전 12:00:00]]></ACPT_DTE>
		<ACPTNO_1><![CDATA[161]]></ACPTNO_1>
		<PT_NO><![CDATA[23417029]]></PT_NO>
		<PATNAME><![CDATA[IL-UNG HWANG]]></PATNAME>
		<SEX><![CDATA[M]]></SEX>
		<AGE><![CDATA[52]]></AGE>
		<SPC_NO><![CDATA[20082106086]]></SPC_NO>
		<ORD_SITE><![CDATA[IMI]]></ORD_SITE>
		<WRK_UNT_CD><![CDATA[VIRUS]]></WRK_UNT_CD>
		<TST_CD><![CDATA[L25617]]></TST_CD>
		<TST_SNM><![CDATA[2019-nCoV[비급여]]]></TST_SNM>
		<SPC_NM><![CDATA[Nasopharyngeal Swab]]></SPC_NM>
		<TST_STAT><![CDATA[3]]></TST_STAT>
		<ACPT_DTETM><![CDATA[2020-08-21 오전 10:53:40]]></ACPT_DTETM>
		<DOCTORNOTE_YN><![CDATA[N]]></DOCTORNOTE_YN>
		<TSNO><![CDATA[]]></TSNO>
		<DEXM_YENU><![CDATA[]]></DEXM_YENU>
	</Table0>
	<Table0>
		<ACPT_DTE><![CDATA[2020-08-21 오전 12:00:00]]></ACPT_DTE>
		<ACPTNO_1><![CDATA[163]]></ACPTNO_1>
		<PT_NO><![CDATA[53996585]]></PT_NO>
		<PATNAME><![CDATA[황국빈]]></PATNAME>
		<SEX><![CDATA[M]]></SEX>
		<AGE><![CDATA[54]]></AGE>
		<SPC_NO><![CDATA[20082106671]]></SPC_NO>
		<ORD_SITE><![CDATA[IMI]]></ORD_SITE>
		<WRK_UNT_CD><![CDATA[VIRUS]]></WRK_UNT_CD>
		<TST_CD><![CDATA[L25616]]></TST_CD>
		<TST_SNM><![CDATA[2019-nCoV]]></TST_SNM>
		<SPC_NM><![CDATA[Nasopharyngeal Swab]]></SPC_NM>
		<TST_STAT><![CDATA[3]]></TST_STAT>
		<ACPT_DTETM><![CDATA[2020-08-21 오전 10:53:48]]></ACPT_DTETM>
		<DOCTORNOTE_YN><![CDATA[N]]></DOCTORNOTE_YN>
		<TSNO><![CDATA[]]></TSNO>
		<DEXM_YENU><![CDATA[]]></DEXM_YENU>
	</Table0>
	<Table0>
		<ACPT_DTE><![CDATA[2020-08-21 오전 12:00:00]]></ACPT_DTE>
		<ACPTNO_1><![CDATA[164]]></ACPTNO_1>
		<PT_NO><![CDATA[78717356]]></PT_NO>
		<PATNAME><![CDATA[김민진]]></PATNAME>
		<SEX><![CDATA[M]]></SEX>
		<AGE><![CDATA[4]]></AGE>
		<SPC_NO><![CDATA[20082106068]]></SPC_NO>
		<ORD_SITE><![CDATA[IMI]]></ORD_SITE>
		<WRK_UNT_CD><![CDATA[VIRUS]]></WRK_UNT_CD>
		<TST_CD><![CDATA[L25616]]></TST_CD>
		<TST_SNM><![CDATA[2019-nCoV]]></TST_SNM>
		<SPC_NM><![CDATA[Nasopharyngeal Swab]]></SPC_NM>
		<TST_STAT><![CDATA[3]]></TST_STAT>
		<ACPT_DTETM><![CDATA[2020-08-21 오전 10:53:57]]></ACPT_DTETM>
		<DOCTORNOTE_YN><![CDATA[N]]></DOCTORNOTE_YN>
		<TSNO><![CDATA[]]></TSNO>
		<DEXM_YENU><![CDATA[]]></DEXM_YENU>
	</Table0>
	<Table0>
		<ACPT_DTE><![CDATA[2020-08-21 오전 12:00:00]]></ACPT_DTE>
		<ACPTNO_1><![CDATA[165]]></ACPTNO_1>
		<PT_NO><![CDATA[80012388]]></PT_NO>
		<PATNAME><![CDATA[임수지]]></PATNAME>
		<SEX><![CDATA[F]]></SEX>
		<AGE><![CDATA[1]]></AGE>
		<SPC_NO><![CDATA[20082107756]]></SPC_NO>
		<ORD_SITE><![CDATA[IMI]]></ORD_SITE>
		<WRK_UNT_CD><![CDATA[VIRUS]]></WRK_UNT_CD>
		<TST_CD><![CDATA[L25616]]></TST_CD>
		<TST_SNM><![CDATA[2019-nCoV]]></TST_SNM>
		<SPC_NM><![CDATA[Nasopharyngeal Swab]]></SPC_NM>
		<TST_STAT><![CDATA[3]]></TST_STAT>
		<ACPT_DTETM><![CDATA[2020-08-21 오전 10:54:31]]></ACPT_DTETM>
		<DOCTORNOTE_YN><![CDATA[N]]></DOCTORNOTE_YN>
		<TSNO><![CDATA[]]></TSNO>
		<DEXM_YENU><![CDATA[]]></DEXM_YENU>
	</Table0>
	<Table0>
		<ACPT_DTE><![CDATA[2020-08-21 오전 12:00:00]]></ACPT_DTE>
		<ACPTNO_1><![CDATA[166]]></ACPTNO_1>
		<PT_NO><![CDATA[54185821]]></PT_NO>
		<PATNAME><![CDATA[임원섭]]></PATNAME>
		<SEX><![CDATA[M]]></SEX>
		<AGE><![CDATA[78]]></AGE>
		<SPC_NO><![CDATA[20082019619]]></SPC_NO>
		<ORD_SITE><![CDATA[039]]></ORD_SITE>
		<WRK_UNT_CD><![CDATA[VIRUS]]></WRK_UNT_CD>
		<TST_CD><![CDATA[L25616]]></TST_CD>
		<TST_SNM><![CDATA[2019-nCoV]]></TST_SNM>
		<SPC_NM><![CDATA[Nasopharyngeal Swab]]></SPC_NM>
		<TST_STAT><![CDATA[3]]></TST_STAT>
		<ACPT_DTETM><![CDATA[2020-08-21 오전 10:54:39]]></ACPT_DTETM>
		<DOCTORNOTE_YN><![CDATA[N]]></DOCTORNOTE_YN>
		<TSNO><![CDATA[]]></TSNO>
		<DEXM_YENU><![CDATA[]]></DEXM_YENU>
	</Table0>
	<Table0>
		<ACPT_DTE><![CDATA[2020-08-21 오전 12:00:00]]></ACPT_DTE>
		<ACPTNO_1><![CDATA[167]]></ACPTNO_1>
		<PT_NO><![CDATA[25474871]]></PT_NO>
		<PATNAME><![CDATA[김유순]]></PATNAME>
		<SEX><![CDATA[F]]></SEX>
		<AGE><![CDATA[85]]></AGE>
		<SPC_NO><![CDATA[20082018797]]></SPC_NO>
		<ORD_SITE><![CDATA[039]]></ORD_SITE>
		<WRK_UNT_CD><![CDATA[VIRUS]]></WRK_UNT_CD>
		<TST_CD><![CDATA[L25616]]></TST_CD>
		<TST_SNM><![CDATA[2019-nCoV]]></TST_SNM>
		<SPC_NM><![CDATA[Nasopharyngeal Swab]]></SPC_NM>
		<TST_STAT><![CDATA[3]]></TST_STAT>
		<ACPT_DTETM><![CDATA[2020-08-21 오전 10:54:45]]></ACPT_DTETM>
		<DOCTORNOTE_YN><![CDATA[N]]></DOCTORNOTE_YN>
		<TSNO><![CDATA[]]></TSNO>
		<DEXM_YENU><![CDATA[]]></DEXM_YENU>
	</Table0>
	<Table0>
		<ACPT_DTE><![CDATA[2020-08-21 오전 12:00:00]]></ACPT_DTE>
		<ACPTNO_1><![CDATA[290]]></ACPTNO_1>
		<PT_NO><![CDATA[48795836]]></PT_NO>
		<PATNAME><![CDATA[김효기]]></PATNAME>
		<SEX><![CDATA[M]]></SEX>
		<AGE><![CDATA[61]]></AGE>
		<SPC_NO><![CDATA[20082112136]]></SPC_NO>
		<ORD_SITE><![CDATA[AER]]></ORD_SITE>
		<WRK_UNT_CD><![CDATA[VIRUS]]></WRK_UNT_CD>
		<TST_CD><![CDATA[L25616]]></TST_CD>
		<TST_SNM><![CDATA[2019-nCoV]]></TST_SNM>
		<SPC_NM><![CDATA[Nasopharyngeal Swab]]></SPC_NM>
		<TST_STAT><![CDATA[3]]></TST_STAT>
		<ACPT_DTETM><![CDATA[2020-08-21 오후 4:08:55]]></ACPT_DTETM>
		<DOCTORNOTE_YN><![CDATA[N]]></DOCTORNOTE_YN>
		<TSNO><![CDATA[]]></TSNO>
		<DEXM_YENU><![CDATA[]]></DEXM_YENU>
	</Table0>
	<Table0>
		<ACPT_DTE><![CDATA[2020-08-21 오전 12:00:00]]></ACPT_DTE>
		<ACPTNO_1><![CDATA[291]]></ACPTNO_1>
		<PT_NO><![CDATA[53841748]]></PT_NO>
		<PATNAME><![CDATA[홍영표]]></PATNAME>
		<SEX><![CDATA[M]]></SEX>
		<AGE><![CDATA[50]]></AGE>
		<SPC_NO><![CDATA[20082112098]]></SPC_NO>
		<ORD_SITE><![CDATA[AER]]></ORD_SITE>
		<WRK_UNT_CD><![CDATA[VIRUS]]></WRK_UNT_CD>
		<TST_CD><![CDATA[L25616]]></TST_CD>
		<TST_SNM><![CDATA[2019-nCoV]]></TST_SNM>
		<SPC_NM><![CDATA[Nasopharyngeal Swab]]></SPC_NM>
		<TST_STAT><![CDATA[3]]></TST_STAT>
		<ACPT_DTETM><![CDATA[2020-08-21 오후 4:09:03]]></ACPT_DTETM>
		<DOCTORNOTE_YN><![CDATA[N]]></DOCTORNOTE_YN>
		<TSNO><![CDATA[]]></TSNO>
		<DEXM_YENU><![CDATA[]]></DEXM_YENU>
	</Table0>
	<Table0>
		<ACPT_DTE><![CDATA[2020-08-21 오전 12:00:00]]></ACPT_DTE>
		<ACPTNO_1><![CDATA[292]]></ACPTNO_1>
		<PT_NO><![CDATA[41400290]]></PT_NO>
		<PATNAME><![CDATA[이진숙]]></PATNAME>
		<SEX><![CDATA[F]]></SEX>
		<AGE><![CDATA[61]]></AGE>
		<SPC_NO><![CDATA[20082113055]]></SPC_NO>
		<ORD_SITE><![CDATA[IMI]]></ORD_SITE>
		<WRK_UNT_CD><![CDATA[VIRUS]]></WRK_UNT_CD>
		<TST_CD><![CDATA[L25617]]></TST_CD>
		<TST_SNM><![CDATA[2019-nCoV[비급여]]]></TST_SNM>
		<SPC_NM><![CDATA[Nasopharyngeal Swab]]></SPC_NM>
		<TST_STAT><![CDATA[3]]></TST_STAT>
		<ACPT_DTETM><![CDATA[2020-08-21 오후 4:09:11]]></ACPT_DTETM>
		<DOCTORNOTE_YN><![CDATA[N]]></DOCTORNOTE_YN>
		<TSNO><![CDATA[]]></TSNO>
		<DEXM_YENU><![CDATA[]]></DEXM_YENU>
	</Table0>
	<Table0>
		<ACPT_DTE><![CDATA[2020-08-21 오전 12:00:00]]></ACPT_DTE>
		<ACPTNO_1><![CDATA[293]]></ACPTNO_1>
		<PT_NO><![CDATA[79995421]]></PT_NO>
		<PATNAME><![CDATA[최민준B]]></PATNAME>
		<SEX><![CDATA[M]]></SEX>
		<AGE><![CDATA[14]]></AGE>
		<SPC_NO><![CDATA[20082111613]]></SPC_NO>
		<ORD_SITE><![CDATA[PEHOO]]></ORD_SITE>
		<WRK_UNT_CD><![CDATA[VIRUS]]></WRK_UNT_CD>
		<TST_CD><![CDATA[L25617]]></TST_CD>
		<TST_SNM><![CDATA[2019-nCoV[비급여]]]></TST_SNM>
		<SPC_NM><![CDATA[Nasopharyngeal Swab]]></SPC_NM>
		<TST_STAT><![CDATA[3]]></TST_STAT>
		<ACPT_DTETM><![CDATA[2020-08-21 오후 4:09:21]]></ACPT_DTETM>
		<DOCTORNOTE_YN><![CDATA[N]]></DOCTORNOTE_YN>
		<TSNO><![CDATA[]]></TSNO>
		<DEXM_YENU><![CDATA[]]></DEXM_YENU>
	</Table0>
	<Table0>
		<ACPT_DTE><![CDATA[2020-08-21 오전 12:00:00]]></ACPT_DTE>
		<ACPTNO_1><![CDATA[294]]></ACPTNO_1>
		<PT_NO><![CDATA[79686323]]></PT_NO>
		<PATNAME><![CDATA[김도아]]></PATNAME>
		<SEX><![CDATA[F]]></SEX>
		<AGE><![CDATA[0]]></AGE>
		<SPC_NO><![CDATA[20082108323]]></SPC_NO>
		<ORD_SITE><![CDATA[IMI]]></ORD_SITE>
		<WRK_UNT_CD><![CDATA[VIRUS]]></WRK_UNT_CD>
		<TST_CD><![CDATA[L25616]]></TST_CD>
		<TST_SNM><![CDATA[2019-nCoV]]></TST_SNM>
		<SPC_NM><![CDATA[Nasopharyngeal Swab]]></SPC_NM>
		<TST_STAT><![CDATA[3]]></TST_STAT>
		<ACPT_DTETM><![CDATA[2020-08-21 오후 4:09:28]]></ACPT_DTETM>
		<DOCTORNOTE_YN><![CDATA[N]]></DOCTORNOTE_YN>
		<TSNO><![CDATA[]]></TSNO>
		<DEXM_YENU><![CDATA[]]></DEXM_YENU>
	</Table0>
	<Table0>
		<ACPT_DTE><![CDATA[2020-08-21 오전 12:00:00]]></ACPT_DTE>
		<ACPTNO_1><![CDATA[295]]></ACPTNO_1>
		<PT_NO><![CDATA[53744070]]></PT_NO>
		<PATNAME><![CDATA[오세진]]></PATNAME>
		<SEX><![CDATA[M]]></SEX>
		<AGE><![CDATA[33]]></AGE>
		<SPC_NO><![CDATA[20082112778]]></SPC_NO>
		<ORD_SITE><![CDATA[IMI]]></ORD_SITE>
		<WRK_UNT_CD><![CDATA[VIRUS]]></WRK_UNT_CD>
		<TST_CD><![CDATA[L25617]]></TST_CD>
		<TST_SNM><![CDATA[2019-nCoV[비급여]]]></TST_SNM>
		<SPC_NM><![CDATA[Nasopharyngeal Swab]]></SPC_NM>
		<TST_STAT><![CDATA[3]]></TST_STAT>
		<ACPT_DTETM><![CDATA[2020-08-21 오후 4:09:36]]></ACPT_DTETM>
		<DOCTORNOTE_YN><![CDATA[N]]></DOCTORNOTE_YN>
		<TSNO><![CDATA[]]></TSNO>
		<DEXM_YENU><![CDATA[]]></DEXM_YENU>
	</Table0>
	<Table0>
		<ACPT_DTE><![CDATA[2020-08-21 오전 12:00:00]]></ACPT_DTE>
		<ACPTNO_1><![CDATA[296]]></ACPTNO_1>
		<PT_NO><![CDATA[50224560]]></PT_NO>
		<PATNAME><![CDATA[양남하]]></PATNAME>
		<SEX><![CDATA[M]]></SEX>
		<AGE><![CDATA[50]]></AGE>
		<SPC_NO><![CDATA[20082110317]]></SPC_NO>
		<ORD_SITE><![CDATA[IMI]]></ORD_SITE>
		<WRK_UNT_CD><![CDATA[VIRUS]]></WRK_UNT_CD>
		<TST_CD><![CDATA[L25616]]></TST_CD>
		<TST_SNM><![CDATA[2019-nCoV]]></TST_SNM>
		<SPC_NM><![CDATA[Nasopharyngeal Swab]]></SPC_NM>
		<TST_STAT><![CDATA[3]]></TST_STAT>
		<ACPT_DTETM><![CDATA[2020-08-21 오후 4:09:45]]></ACPT_DTETM>
		<DOCTORNOTE_YN><![CDATA[N]]></DOCTORNOTE_YN>
		<TSNO><![CDATA[]]></TSNO>
		<DEXM_YENU><![CDATA[]]></DEXM_YENU>
	</Table0>
	<Table0>
		<ACPT_DTE><![CDATA[2020-08-21 오전 12:00:00]]></ACPT_DTE>
		<ACPTNO_1><![CDATA[297]]></ACPTNO_1>
		<PT_NO><![CDATA[30921850]]></PT_NO>
		<PATNAME><![CDATA[김태흥]]></PATNAME>
		<SEX><![CDATA[M]]></SEX>
		<AGE><![CDATA[63]]></AGE>
		<SPC_NO><![CDATA[20082111064]]></SPC_NO>
		<ORD_SITE><![CDATA[084]]></ORD_SITE>
		<WRK_UNT_CD><![CDATA[VIRUS]]></WRK_UNT_CD>
		<TST_CD><![CDATA[L25617]]></TST_CD>
		<TST_SNM><![CDATA[2019-nCoV[비급여]]]></TST_SNM>
		<SPC_NM><![CDATA[Nasopharyngeal Swab]]></SPC_NM>
		<TST_STAT><![CDATA[3]]></TST_STAT>
		<ACPT_DTETM><![CDATA[2020-08-21 오후 4:09:53]]></ACPT_DTETM>
		<DOCTORNOTE_YN><![CDATA[N]]></DOCTORNOTE_YN>
		<TSNO><![CDATA[]]></TSNO>
		<DEXM_YENU><![CDATA[]]></DEXM_YENU>
	</Table0>
	<Table0>
		<ACPT_DTE><![CDATA[2020-08-21 오전 12:00:00]]></ACPT_DTE>
		<ACPTNO_1><![CDATA[298]]></ACPTNO_1>
		<PT_NO><![CDATA[54111750]]></PT_NO>
		<PATNAME><![CDATA[정동일]]></PATNAME>
		<SEX><![CDATA[M]]></SEX>
		<AGE><![CDATA[73]]></AGE>
		<SPC_NO><![CDATA[20082108487]]></SPC_NO>
		<ORD_SITE><![CDATA[IMR]]></ORD_SITE>
		<WRK_UNT_CD><![CDATA[VIRUS]]></WRK_UNT_CD>
		<TST_CD><![CDATA[L25616]]></TST_CD>
		<TST_SNM><![CDATA[2019-nCoV]]></TST_SNM>
		<SPC_NM><![CDATA[Nasopharyngeal Swab]]></SPC_NM>
		<TST_STAT><![CDATA[3]]></TST_STAT>
		<ACPT_DTETM><![CDATA[2020-08-21 오후 4:10:03]]></ACPT_DTETM>
		<DOCTORNOTE_YN><![CDATA[N]]></DOCTORNOTE_YN>
		<TSNO><![CDATA[]]></TSNO>
		<DEXM_YENU><![CDATA[]]></DEXM_YENU>
	</Table0>
	<Table0>
		<ACPT_DTE><![CDATA[2020-08-21 오전 12:00:00]]></ACPT_DTE>
		<ACPTNO_1><![CDATA[299]]></ACPTNO_1>
		<PT_NO><![CDATA[53565455]]></PT_NO>
		<PATNAME><![CDATA[한상웅]]></PATNAME>
		<SEX><![CDATA[M]]></SEX>
		<AGE><![CDATA[76]]></AGE>
		<SPC_NO><![CDATA[20082113316]]></SPC_NO>
		<ORD_SITE><![CDATA[IMI]]></ORD_SITE>
		<WRK_UNT_CD><![CDATA[VIRUS]]></WRK_UNT_CD>
		<TST_CD><![CDATA[L25616]]></TST_CD>
		<TST_SNM><![CDATA[2019-nCoV]]></TST_SNM>
		<SPC_NM><![CDATA[Nasopharyngeal Swab]]></SPC_NM>
		<TST_STAT><![CDATA[3]]></TST_STAT>
		<ACPT_DTETM><![CDATA[2020-08-21 오후 4:10:10]]></ACPT_DTETM>
		<DOCTORNOTE_YN><![CDATA[N]]></DOCTORNOTE_YN>
		<TSNO><![CDATA[]]></TSNO>
		<DEXM_YENU><![CDATA[]]></DEXM_YENU>
	</Table0>
	<Table0>
		<ACPT_DTE><![CDATA[2020-08-21 오전 12:00:00]]></ACPT_DTE>
		<ACPTNO_1><![CDATA[300]]></ACPTNO_1>
		<PT_NO><![CDATA[52191666]]></PT_NO>
		<PATNAME><![CDATA[이종권]]></PATNAME>
		<SEX><![CDATA[M]]></SEX>
		<AGE><![CDATA[65]]></AGE>
		<SPC_NO><![CDATA[20082111857]]></SPC_NO>
		<ORD_SITE><![CDATA[NUGW1]]></ORD_SITE>
		<WRK_UNT_CD><![CDATA[VIRUS]]></WRK_UNT_CD>
		<TST_CD><![CDATA[L25617]]></TST_CD>
		<TST_SNM><![CDATA[2019-nCoV[비급여]]]></TST_SNM>
		<SPC_NM><![CDATA[Nasopharyngeal Swab]]></SPC_NM>
		<TST_STAT><![CDATA[3]]></TST_STAT>
		<ACPT_DTETM><![CDATA[2020-08-21 오후 4:10:19]]></ACPT_DTETM>
		<DOCTORNOTE_YN><![CDATA[N]]></DOCTORNOTE_YN>
		<TSNO><![CDATA[]]></TSNO>
		<DEXM_YENU><![CDATA[]]></DEXM_YENU>
	</Table0>
	<Table0>
		<ACPT_DTE><![CDATA[2020-08-21 오전 12:00:00]]></ACPT_DTE>
		<ACPTNO_1><![CDATA[310]]></ACPTNO_1>
		<PT_NO><![CDATA[43235182]]></PT_NO>
		<PATNAME><![CDATA[안영수]]></PATNAME>
		<SEX><![CDATA[M]]></SEX>
		<AGE><![CDATA[65]]></AGE>
		<SPC_NO><![CDATA[20082115674]]></SPC_NO>
		<ORD_SITE><![CDATA[AER]]></ORD_SITE>
		<WRK_UNT_CD><![CDATA[VIRUS]]></WRK_UNT_CD>
		<TST_CD><![CDATA[L25616]]></TST_CD>
		<TST_SNM><![CDATA[2019-nCoV]]></TST_SNM>
		<SPC_NM><![CDATA[Nasopharyngeal Swab]]></SPC_NM>
		<TST_STAT><![CDATA[3]]></TST_STAT>
		<ACPT_DTETM><![CDATA[2020-08-21 오후 8:50:28]]></ACPT_DTETM>
		<DOCTORNOTE_YN><![CDATA[N]]></DOCTORNOTE_YN>
		<TSNO><![CDATA[]]></TSNO>
		<DEXM_YENU><![CDATA[]]></DEXM_YENU>
	</Table0>
	<Table0>
		<ACPT_DTE><![CDATA[2020-08-21 오전 12:00:00]]></ACPT_DTE>
		<ACPTNO_1><![CDATA[311]]></ACPTNO_1>
		<PT_NO><![CDATA[52132388]]></PT_NO>
		<PATNAME><![CDATA[양기석]]></PATNAME>
		<SEX><![CDATA[M]]></SEX>
		<AGE><![CDATA[82]]></AGE>
		<SPC_NO><![CDATA[20082115802]]></SPC_NO>
		<ORD_SITE><![CDATA[AER]]></ORD_SITE>
		<WRK_UNT_CD><![CDATA[VIRUS]]></WRK_UNT_CD>
		<TST_CD><![CDATA[L25616]]></TST_CD>
		<TST_SNM><![CDATA[2019-nCoV]]></TST_SNM>
		<SPC_NM><![CDATA[Nasopharyngeal Swab]]></SPC_NM>
		<TST_STAT><![CDATA[3]]></TST_STAT>
		<ACPT_DTETM><![CDATA[2020-08-21 오후 8:50:46]]></ACPT_DTETM>
		<DOCTORNOTE_YN><![CDATA[N]]></DOCTORNOTE_YN>
		<TSNO><![CDATA[]]></TSNO>
		<DEXM_YENU><![CDATA[]]></DEXM_YENU>
	</Table0>
	<Table0>
		<ACPT_DTE><![CDATA[2020-08-21 오전 12:00:00]]></ACPT_DTE>
		<ACPTNO_1><![CDATA[312]]></ACPTNO_1>
		<PT_NO><![CDATA[32982301]]></PT_NO>
		<PATNAME><![CDATA[김이태]]></PATNAME>
		<SEX><![CDATA[M]]></SEX>
		<AGE><![CDATA[70]]></AGE>
		<SPC_NO><![CDATA[20082113710]]></SPC_NO>
		<ORD_SITE><![CDATA[AER]]></ORD_SITE>
		<WRK_UNT_CD><![CDATA[VIRUS]]></WRK_UNT_CD>
		<TST_CD><![CDATA[L25616]]></TST_CD>
		<TST_SNM><![CDATA[2019-nCoV]]></TST_SNM>
		<SPC_NM><![CDATA[Nasopharyngeal Swab]]></SPC_NM>
		<TST_STAT><![CDATA[3]]></TST_STAT>
		<ACPT_DTETM><![CDATA[2020-08-21 오후 8:50:55]]></ACPT_DTETM>
		<DOCTORNOTE_YN><![CDATA[N]]></DOCTORNOTE_YN>
		<TSNO><![CDATA[]]></TSNO>
		<DEXM_YENU><![CDATA[]]></DEXM_YENU>
	</Table0>
	<Table0>
		<ACPT_DTE><![CDATA[2020-08-21 오전 12:00:00]]></ACPT_DTE>
		<ACPTNO_1><![CDATA[313]]></ACPTNO_1>
		<PT_NO><![CDATA[41793815]]></PT_NO>
		<PATNAME><![CDATA[이정길]]></PATNAME>
		<SEX><![CDATA[M]]></SEX>
		<AGE><![CDATA[79]]></AGE>
		<SPC_NO><![CDATA[20082116052]]></SPC_NO>
		<ORD_SITE><![CDATA[AER]]></ORD_SITE>
		<WRK_UNT_CD><![CDATA[VIRUS]]></WRK_UNT_CD>
		<TST_CD><![CDATA[L25616]]></TST_CD>
		<TST_SNM><![CDATA[2019-nCoV]]></TST_SNM>
		<SPC_NM><![CDATA[Nasopharyngeal Swab]]></SPC_NM>
		<TST_STAT><![CDATA[3]]></TST_STAT>
		<ACPT_DTETM><![CDATA[2020-08-21 오후 8:51:22]]></ACPT_DTETM>
		<DOCTORNOTE_YN><![CDATA[N]]></DOCTORNOTE_YN>
		<TSNO><![CDATA[]]></TSNO>
		<DEXM_YENU><![CDATA[]]></DEXM_YENU>
	</Table0>
	<Table0>
		<ACPT_DTE><![CDATA[2020-08-21 오전 12:00:00]]></ACPT_DTE>
		<ACPTNO_1><![CDATA[314]]></ACPTNO_1>
		<PT_NO><![CDATA[54158696]]></PT_NO>
		<PATNAME><![CDATA[이희윤]]></PATNAME>
		<SEX><![CDATA[M]]></SEX>
		<AGE><![CDATA[79]]></AGE>
		<SPC_NO><![CDATA[20082115004]]></SPC_NO>
		<ORD_SITE><![CDATA[AER]]></ORD_SITE>
		<WRK_UNT_CD><![CDATA[VIRUS]]></WRK_UNT_CD>
		<TST_CD><![CDATA[L25616]]></TST_CD>
		<TST_SNM><![CDATA[2019-nCoV]]></TST_SNM>
		<SPC_NM><![CDATA[Nasopharyngeal Swab]]></SPC_NM>
		<TST_STAT><![CDATA[3]]></TST_STAT>
		<ACPT_DTETM><![CDATA[2020-08-21 오후 8:51:42]]></ACPT_DTETM>
		<DOCTORNOTE_YN><![CDATA[N]]></DOCTORNOTE_YN>
		<TSNO><![CDATA[]]></TSNO>
		<DEXM_YENU><![CDATA[]]></DEXM_YENU>
	</Table0>
	<Table0>
		<ACPT_DTE><![CDATA[2020-08-21 오전 12:00:00]]></ACPT_DTE>
		<ACPTNO_1><![CDATA[315]]></ACPTNO_1>
		<PT_NO><![CDATA[48839279]]></PT_NO>
		<PATNAME><![CDATA[강성규]]></PATNAME>
		<SEX><![CDATA[M]]></SEX>
		<AGE><![CDATA[68]]></AGE>
		<SPC_NO><![CDATA[20082115580]]></SPC_NO>
		<ORD_SITE><![CDATA[AER]]></ORD_SITE>
		<WRK_UNT_CD><![CDATA[VIRUS]]></WRK_UNT_CD>
		<TST_CD><![CDATA[L25617]]></TST_CD>
		<TST_SNM><![CDATA[2019-nCoV[비급여]]]></TST_SNM>
		<SPC_NM><![CDATA[Nasopharyngeal Swab]]></SPC_NM>
		<TST_STAT><![CDATA[3]]></TST_STAT>
		<ACPT_DTETM><![CDATA[2020-08-21 오후 8:51:49]]></ACPT_DTETM>
		<DOCTORNOTE_YN><![CDATA[N]]></DOCTORNOTE_YN>
		<TSNO><![CDATA[]]></TSNO>
		<DEXM_YENU><![CDATA[]]></DEXM_YENU>
	</Table0>
	<Table0>
		<ACPT_DTE><![CDATA[2020-08-21 오전 12:00:00]]></ACPT_DTE>
		<ACPTNO_1><![CDATA[316]]></ACPTNO_1>
		<PT_NO><![CDATA[80012984]]></PT_NO>
		<PATNAME><![CDATA[하이현]]></PATNAME>
		<SEX><![CDATA[M]]></SEX>
		<AGE><![CDATA[0]]></AGE>
		<SPC_NO><![CDATA[20082115798]]></SPC_NO>
		<ORD_SITE><![CDATA[PDER]]></ORD_SITE>
		<WRK_UNT_CD><![CDATA[VIRUS]]></WRK_UNT_CD>
		<TST_CD><![CDATA[L25616]]></TST_CD>
		<TST_SNM><![CDATA[2019-nCoV]]></TST_SNM>
		<SPC_NM><![CDATA[Nasopharyngeal Swab]]></SPC_NM>
		<TST_STAT><![CDATA[3]]></TST_STAT>
		<ACPT_DTETM><![CDATA[2020-08-21 오후 8:51:56]]></ACPT_DTETM>
		<DOCTORNOTE_YN><![CDATA[N]]></DOCTORNOTE_YN>
		<TSNO><![CDATA[]]></TSNO>
		<DEXM_YENU><![CDATA[]]></DEXM_YENU>
	</Table0>
	<Table0>
		<ACPT_DTE><![CDATA[2020-08-21 오전 12:00:00]]></ACPT_DTE>
		<ACPTNO_1><![CDATA[317]]></ACPTNO_1>
		<PT_NO><![CDATA[78536348]]></PT_NO>
		<PATNAME><![CDATA[장시우]]></PATNAME>
		<SEX><![CDATA[M]]></SEX>
		<AGE><![CDATA[4]]></AGE>
		<SPC_NO><![CDATA[20082113722]]></SPC_NO>
		<ORD_SITE><![CDATA[PDER]]></ORD_SITE>
		<WRK_UNT_CD><![CDATA[VIRUS]]></WRK_UNT_CD>
		<TST_CD><![CDATA[L25616]]></TST_CD>
		<TST_SNM><![CDATA[2019-nCoV]]></TST_SNM>
		<SPC_NM><![CDATA[Nasopharyngeal Swab]]></SPC_NM>
		<TST_STAT><![CDATA[3]]></TST_STAT>
		<ACPT_DTETM><![CDATA[2020-08-21 오후 8:52:04]]></ACPT_DTETM>
		<DOCTORNOTE_YN><![CDATA[N]]></DOCTORNOTE_YN>
		<TSNO><![CDATA[]]></TSNO>
		<DEXM_YENU><![CDATA[]]></DEXM_YENU>
	</Table0>
	<Table0>
		<ACPT_DTE><![CDATA[2020-08-21 오전 12:00:00]]></ACPT_DTE>
		<ACPTNO_1><![CDATA[318]]></ACPTNO_1>
		<PT_NO><![CDATA[80012953]]></PT_NO>
		<PATNAME><![CDATA[김도율]]></PATNAME>
		<SEX><![CDATA[M]]></SEX>
		<AGE><![CDATA[0]]></AGE>
		<SPC_NO><![CDATA[20082115448]]></SPC_NO>
		<ORD_SITE><![CDATA[IMI]]></ORD_SITE>
		<WRK_UNT_CD><![CDATA[VIRUS]]></WRK_UNT_CD>
		<TST_CD><![CDATA[L25616]]></TST_CD>
		<TST_SNM><![CDATA[2019-nCoV]]></TST_SNM>
		<SPC_NM><![CDATA[Nasopharyngeal Swab]]></SPC_NM>
		<TST_STAT><![CDATA[3]]></TST_STAT>
		<ACPT_DTETM><![CDATA[2020-08-21 오후 8:52:13]]></ACPT_DTETM>
		<DOCTORNOTE_YN><![CDATA[N]]></DOCTORNOTE_YN>
		<TSNO><![CDATA[]]></TSNO>
		<DEXM_YENU><![CDATA[]]></DEXM_YENU>
	</Table0>
	<Table0>
		<ACPT_DTE><![CDATA[2020-08-21 오전 12:00:00]]></ACPT_DTE>
		<ACPTNO_1><![CDATA[319]]></ACPTNO_1>
		<PT_NO><![CDATA[40615501]]></PT_NO>
		<PATNAME><![CDATA[박지은]]></PATNAME>
		<SEX><![CDATA[F]]></SEX>
		<AGE><![CDATA[27]]></AGE>
		<SPC_NO><![CDATA[20082115321]]></SPC_NO>
		<ORD_SITE><![CDATA[IMI]]></ORD_SITE>
		<WRK_UNT_CD><![CDATA[VIRUS]]></WRK_UNT_CD>
		<TST_CD><![CDATA[L25617]]></TST_CD>
		<TST_SNM><![CDATA[2019-nCoV[비급여]]]></TST_SNM>
		<SPC_NM><![CDATA[Nasopharyngeal Swab]]></SPC_NM>
		<TST_STAT><![CDATA[3]]></TST_STAT>
		<ACPT_DTETM><![CDATA[2020-08-21 오후 8:53:49]]></ACPT_DTETM>
		<DOCTORNOTE_YN><![CDATA[N]]></DOCTORNOTE_YN>
		<TSNO><![CDATA[]]></TSNO>
		<DEXM_YENU><![CDATA[]]></DEXM_YENU>
	</Table0>
	<Table0>
		<ACPT_DTE><![CDATA[2020-08-21 오전 12:00:00]]></ACPT_DTE>
		<ACPTNO_1><![CDATA[320]]></ACPTNO_1>
		<PT_NO><![CDATA[46354493]]></PT_NO>
		<PATNAME><![CDATA[오준하]]></PATNAME>
		<SEX><![CDATA[M]]></SEX>
		<AGE><![CDATA[25]]></AGE>
		<SPC_NO><![CDATA[20082115260]]></SPC_NO>
		<ORD_SITE><![CDATA[IMI]]></ORD_SITE>
		<WRK_UNT_CD><![CDATA[VIRUS]]></WRK_UNT_CD>
		<TST_CD><![CDATA[L25616]]></TST_CD>
		<TST_SNM><![CDATA[2019-nCoV]]></TST_SNM>
		<SPC_NM><![CDATA[Nasopharyngeal Swab]]></SPC_NM>
		<TST_STAT><![CDATA[3]]></TST_STAT>
		<ACPT_DTETM><![CDATA[2020-08-21 오후 8:53:58]]></ACPT_DTETM>
		<DOCTORNOTE_YN><![CDATA[N]]></DOCTORNOTE_YN>
		<TSNO><![CDATA[]]></TSNO>
		<DEXM_YENU><![CDATA[]]></DEXM_YENU>
	</Table0>
	<Table0>
		<ACPT_DTE><![CDATA[2020-08-21 오전 12:00:00]]></ACPT_DTE>
		<ACPTNO_1><![CDATA[321]]></ACPTNO_1>
		<PT_NO><![CDATA[22788704]]></PT_NO>
		<PATNAME><![CDATA[이경미]]></PATNAME>
		<SEX><![CDATA[F]]></SEX>
		<AGE><![CDATA[50]]></AGE>
		<SPC_NO><![CDATA[20082115212]]></SPC_NO>
		<ORD_SITE><![CDATA[IMI]]></ORD_SITE>
		<WRK_UNT_CD><![CDATA[VIRUS]]></WRK_UNT_CD>
		<TST_CD><![CDATA[L25617]]></TST_CD>
		<TST_SNM><![CDATA[2019-nCoV[비급여]]]></TST_SNM>
		<SPC_NM><![CDATA[Nasopharyngeal Swab]]></SPC_NM>
		<TST_STAT><![CDATA[3]]></TST_STAT>
		<ACPT_DTETM><![CDATA[2020-08-21 오후 8:54:11]]></ACPT_DTETM>
		<DOCTORNOTE_YN><![CDATA[N]]></DOCTORNOTE_YN>
		<TSNO><![CDATA[]]></TSNO>
		<DEXM_YENU><![CDATA[]]></DEXM_YENU>
	</Table0>
	<Table0>
		<ACPT_DTE><![CDATA[2020-08-21 오전 12:00:00]]></ACPT_DTE>
		<ACPTNO_1><![CDATA[322]]></ACPTNO_1>
		<PT_NO><![CDATA[26359456]]></PT_NO>
		<PATNAME><![CDATA[박진균]]></PATNAME>
		<SEX><![CDATA[M]]></SEX>
		<AGE><![CDATA[44]]></AGE>
		<SPC_NO><![CDATA[20082114991]]></SPC_NO>
		<ORD_SITE><![CDATA[IMI]]></ORD_SITE>
		<WRK_UNT_CD><![CDATA[VIRUS]]></WRK_UNT_CD>
		<TST_CD><![CDATA[L25617]]></TST_CD>
		<TST_SNM><![CDATA[2019-nCoV[비급여]]]></TST_SNM>
		<SPC_NM><![CDATA[Nasopharyngeal Swab]]></SPC_NM>
		<TST_STAT><![CDATA[3]]></TST_STAT>
		<ACPT_DTETM><![CDATA[2020-08-21 오후 8:54:19]]></ACPT_DTETM>
		<DOCTORNOTE_YN><![CDATA[N]]></DOCTORNOTE_YN>
		<TSNO><![CDATA[]]></TSNO>
		<DEXM_YENU><![CDATA[]]></DEXM_YENU>
	</Table0>
	<Table0>
		<ACPT_DTE><![CDATA[2020-08-21 오전 12:00:00]]></ACPT_DTE>
		<ACPTNO_1><![CDATA[323]]></ACPTNO_1>
		<PT_NO><![CDATA[47716203]]></PT_NO>
		<PATNAME><![CDATA[김영연]]></PATNAME>
		<SEX><![CDATA[M]]></SEX>
		<AGE><![CDATA[68]]></AGE>
		<SPC_NO><![CDATA[20082115196]]></SPC_NO>
		<ORD_SITE><![CDATA[IMI]]></ORD_SITE>
		<WRK_UNT_CD><![CDATA[VIRUS]]></WRK_UNT_CD>
		<TST_CD><![CDATA[L25616]]></TST_CD>
		<TST_SNM><![CDATA[2019-nCoV]]></TST_SNM>
		<SPC_NM><![CDATA[Nasopharyngeal Swab]]></SPC_NM>
		<TST_STAT><![CDATA[3]]></TST_STAT>
		<ACPT_DTETM><![CDATA[2020-08-21 오후 8:54:27]]></ACPT_DTETM>
		<DOCTORNOTE_YN><![CDATA[N]]></DOCTORNOTE_YN>
		<TSNO><![CDATA[]]></TSNO>
		<DEXM_YENU><![CDATA[]]></DEXM_YENU>
	</Table0>
	<Table0>
		<ACPT_DTE><![CDATA[2020-08-21 오전 12:00:00]]></ACPT_DTE>
		<ACPTNO_1><![CDATA[324]]></ACPTNO_1>
		<PT_NO><![CDATA[54189669]]></PT_NO>
		<PATNAME><![CDATA[여재영]]></PATNAME>
		<SEX><![CDATA[M]]></SEX>
		<AGE><![CDATA[31]]></AGE>
		<SPC_NO><![CDATA[20082115588]]></SPC_NO>
		<ORD_SITE><![CDATA[IMI]]></ORD_SITE>
		<WRK_UNT_CD><![CDATA[VIRUS]]></WRK_UNT_CD>
		<TST_CD><![CDATA[L25617]]></TST_CD>
		<TST_SNM><![CDATA[2019-nCoV[비급여]]]></TST_SNM>
		<SPC_NM><![CDATA[Nasopharyngeal Swab]]></SPC_NM>
		<TST_STAT><![CDATA[3]]></TST_STAT>
		<ACPT_DTETM><![CDATA[2020-08-21 오후 8:54:35]]></ACPT_DTETM>
		<DOCTORNOTE_YN><![CDATA[N]]></DOCTORNOTE_YN>
		<TSNO><![CDATA[]]></TSNO>
		<DEXM_YENU><![CDATA[]]></DEXM_YENU>
	</Table0>
	<Table0>
		<ACPT_DTE><![CDATA[2020-08-21 오전 12:00:00]]></ACPT_DTE>
		<ACPTNO_1><![CDATA[325]]></ACPTNO_1>
		<PT_NO><![CDATA[15952468]]></PT_NO>
		<PATNAME><![CDATA[박양숙]]></PATNAME>
		<SEX><![CDATA[F]]></SEX>
		<AGE><![CDATA[94]]></AGE>
		<SPC_NO><![CDATA[20082115851]]></SPC_NO>
		<ORD_SITE><![CDATA[052]]></ORD_SITE>
		<WRK_UNT_CD><![CDATA[VIRUS]]></WRK_UNT_CD>
		<TST_CD><![CDATA[L25617]]></TST_CD>
		<TST_SNM><![CDATA[2019-nCoV[비급여]]]></TST_SNM>
		<SPC_NM><![CDATA[Nasopharyngeal Swab]]></SPC_NM>
		<TST_STAT><![CDATA[3]]></TST_STAT>
		<ACPT_DTETM><![CDATA[2020-08-21 오후 8:54:43]]></ACPT_DTETM>
		<DOCTORNOTE_YN><![CDATA[N]]></DOCTORNOTE_YN>
		<TSNO><![CDATA[]]></TSNO>
		<DEXM_YENU><![CDATA[]]></DEXM_YENU>
	</Table0>
	<Table0>
		<ACPT_DTE><![CDATA[2020-08-21 오전 12:00:00]]></ACPT_DTE>
		<ACPTNO_1><![CDATA[326]]></ACPTNO_1>
		<PT_NO><![CDATA[71747697]]></PT_NO>
		<PATNAME><![CDATA[이태종]]></PATNAME>
		<SEX><![CDATA[M]]></SEX>
		<AGE><![CDATA[30]]></AGE>
		<SPC_NO><![CDATA[20082112986]]></SPC_NO>
		<ORD_SITE><![CDATA[052]]></ORD_SITE>
		<WRK_UNT_CD><![CDATA[VIRUS]]></WRK_UNT_CD>
		<TST_CD><![CDATA[L25617]]></TST_CD>
		<TST_SNM><![CDATA[2019-nCoV[비급여]]]></TST_SNM>
		<SPC_NM><![CDATA[Nasopharyngeal Swab]]></SPC_NM>
		<TST_STAT><![CDATA[3]]></TST_STAT>
		<ACPT_DTETM><![CDATA[2020-08-21 오후 8:54:54]]></ACPT_DTETM>
		<DOCTORNOTE_YN><![CDATA[N]]></DOCTORNOTE_YN>
		<TSNO><![CDATA[]]></TSNO>
		<DEXM_YENU><![CDATA[]]></DEXM_YENU>
	</Table0>
	<Table0>
		<ACPT_DTE><![CDATA[2020-08-21 오전 12:00:00]]></ACPT_DTE>
		<ACPTNO_1><![CDATA[327]]></ACPTNO_1>
		<PT_NO><![CDATA[54185775]]></PT_NO>
		<PATNAME><![CDATA[이금복]]></PATNAME>
		<SEX><![CDATA[F]]></SEX>
		<AGE><![CDATA[80]]></AGE>
		<SPC_NO><![CDATA[20082113660]]></SPC_NO>
		<ORD_SITE><![CDATA[038]]></ORD_SITE>
		<WRK_UNT_CD><![CDATA[VIRUS]]></WRK_UNT_CD>
		<TST_CD><![CDATA[L25617]]></TST_CD>
		<TST_SNM><![CDATA[2019-nCoV[비급여]]]></TST_SNM>
		<SPC_NM><![CDATA[Nasopharyngeal Swab]]></SPC_NM>
		<TST_STAT><![CDATA[3]]></TST_STAT>
		<ACPT_DTETM><![CDATA[2020-08-21 오후 8:55:04]]></ACPT_DTETM>
		<DOCTORNOTE_YN><![CDATA[N]]></DOCTORNOTE_YN>
		<TSNO><![CDATA[]]></TSNO>
		<DEXM_YENU><![CDATA[]]></DEXM_YENU>
	</Table0>
	<Table0>
		<ACPT_DTE><![CDATA[2020-08-21 오전 12:00:00]]></ACPT_DTE>
		<ACPTNO_1><![CDATA[328]]></ACPTNO_1>
		<PT_NO><![CDATA[35844655]]></PT_NO>
		<PATNAME><![CDATA[김정임]]></PATNAME>
		<SEX><![CDATA[F]]></SEX>
		<AGE><![CDATA[68]]></AGE>
		<SPC_NO><![CDATA[20082110165]]></SPC_NO>
		<ORD_SITE><![CDATA[NUGW2]]></ORD_SITE>
		<WRK_UNT_CD><![CDATA[VIRUS]]></WRK_UNT_CD>
		<TST_CD><![CDATA[L25617]]></TST_CD>
		<TST_SNM><![CDATA[2019-nCoV[비급여]]]></TST_SNM>
		<SPC_NM><![CDATA[Nasopharyngeal Swab]]></SPC_NM>
		<TST_STAT><![CDATA[3]]></TST_STAT>
		<ACPT_DTETM><![CDATA[2020-08-21 오후 8:55:23]]></ACPT_DTETM>
		<DOCTORNOTE_YN><![CDATA[N]]></DOCTORNOTE_YN>
		<TSNO><![CDATA[]]></TSNO>
		<DEXM_YENU><![CDATA[]]></DEXM_YENU>
	</Table0>
</NewDataSet>

