[2015-11-05 오후 12:09:32]
Project Name   : IISCommon
Class Name     : clsIISDbCon
Procedure Name : DbConnect
Description    : ORA-12154: TNS:지정된 접속 식별자를 분석할 수 없음


[2015-11-05 오후 12:25:36]
Project Name   : IISLibrary
Class Name     : clsIISInterface
Procedure Name : GetAccInfo
Description    : 바코드번호:322에 대한 접수내역이 없습니다.

[2015-11-05 오후 12:26:06]
Project Name   : IISLibrary
Class Name     : clsIISInterface
Procedure Name : GetAccInfo
Description    : 바코드번호:326에 대한 접수내역이 없습니다.

[2015-11-05 오후 12:26:16]
Project Name   : IISLibrary
Class Name     : clsIISInterface
Procedure Name : GetAccInfo
Description    : 바코드번호:321에 대한 접수내역이 없습니다.

[2015-11-05 오후 12:26:16]
Project Name   : IISLibrary
Class Name     : clsIISInterface
Procedure Name : GetAccInfo
Description    : 바코드번호:322에 대한 접수내역이 없습니다.

[2015-11-05 오후 12:26:16]
Project Name   : IISLibrary
Class Name     : clsIISInterface
Procedure Name : GetAccInfo
Description    : 바코드번호:323에 대한 접수내역이 없습니다.

[2015-11-05 오후 12:26:16]
Project Name   : IISLibrary
Class Name     : clsIISInterface
Procedure Name : GetAccInfo
Description    : 바코드번호:324에 대한 접수내역이 없습니다.

[2015-11-05 오후 12:26:16]
Project Name   : IISLibrary
Class Name     : clsIISInterface
Procedure Name : GetAccInfo
Description    : 바코드번호:325에 대한 접수내역이 없습니다.

[2015-11-05 오후 12:26:16]
Project Name   : IISLibrary
Class Name     : clsIISInterface
Procedure Name : GetAccInfo
Description    : 바코드번호:326에 대한 접수내역이 없습니다.

[2015-11-05 오후 12:26:16]
Project Name   : IISLibrary
Class Name     : clsIISInterface
Procedure Name : GetAccInfo
Description    : 바코드번호:327에 대한 접수내역이 없습니다.

[2015-11-05 오후 12:26:17]
Project Name   : IISLibrary
Class Name     : clsIISInterface
Procedure Name : GetAccInfo
Description    : 바코드번호:328에 대한 접수내역이 없습니다.

[2015-11-05 오후 12:26:17]
Project Name   : IISLibrary
Class Name     : clsIISInterface
Procedure Name : GetAccInfo
Description    : 바코드번호:329에 대한 접수내역이 없습니다.

[2015-11-05 오후 12:26:17]
Project Name   : IISLibrary
Class Name     : clsIISInterface
Procedure Name : GetAccInfo
Description    : 바코드번호:330에 대한 접수내역이 없습니다.

[2015-11-05 오후 12:26:17]
Project Name   : IISLibrary
Class Name     : clsIISInterface
Procedure Name : GetAccInfo
Description    : 바코드번호:331에 대한 접수내역이 없습니다.

[2015-11-05 오후 12:26:17]
Project Name   : IISLibrary
Class Name     : clsIISInterface
Procedure Name : GetAccInfo
Description    : 바코드번호:332에 대한 접수내역이 없습니다.

[2015-11-05 오후 12:26:17]
Project Name   : IISLibrary
Class Name     : clsIISInterface
Procedure Name : GetAccInfo
Description    : 바코드번호:333에 대한 접수내역이 없습니다.

[2015-11-05 오후 12:26:17]
Project Name   : IISLibrary
Class Name     : clsIISInterface
Procedure Name : GetAccInfo
Description    : 바코드번호:334에 대한 접수내역이 없습니다.

[2015-11-05 오후 12:26:17]
Project Name   : IISLibrary
Class Name     : clsIISInterface
Procedure Name : GetAccInfo
Description    : 바코드번호:335에 대한 접수내역이 없습니다.

[2015-11-05 오후 12:26:17]
Project Name   : IISLibrary
Class Name     : clsIISInterface
Procedure Name : GetAccInfo
Description    : 바코드번호:336에 대한 접수내역이 없습니다.

[2015-11-05 오후 12:26:17]
Project Name   : IISLibrary
Class Name     : clsIISInterface
Procedure Name : GetAccInfo
Description    : 바코드번호:337에 대한 접수내역이 없습니다.

[2015-11-05 오후 12:26:17]
Project Name   : IISLibrary
Class Name     : clsIISInterface
Procedure Name : GetAccInfo
Description    : 바코드번호:341에 대한 접수내역이 없습니다.

[2015-11-05 오후 12:26:18]
Project Name   : IISLibrary
Class Name     : clsIISInterface
Procedure Name : GetAccInfo
Description    : 바코드번호:338에 대한 접수내역이 없습니다.

[2015-11-05 오후 12:26:18]
Project Name   : IISLibrary
Class Name     : clsIISInterface
Procedure Name : GetAccInfo
Description    : 바코드번호:339에 대한 접수내역이 없습니다.

[2015-11-05 오후 12:26:18]
Project Name   : IISLibrary
Class Name     : clsIISInterface
Procedure Name : GetAccInfo
Description    : 바코드번호:340에 대한 접수내역이 없습니다.

[2015-11-05 오후 12:26:18]
Project Name   : IISLibrary
Class Name     : clsIISInterface
Procedure Name : GetAccInfo
Description    : 바코드번호:501에 대한 접수내역이 없습니다.

[2015-11-05 오후 12:26:18]
Project Name   : IISLibrary
Class Name     : clsIISInterface
Procedure Name : GetAccInfo
Description    : 바코드번호:502에 대한 접수내역이 없습니다.

[2015-11-05 오후 12:26:18]
Project Name   : IISLibrary
Class Name     : clsIISInterface
Procedure Name : GetAccInfo
Description    : 바코드번호:504에 대한 접수내역이 없습니다.

[2015-11-05 오후 12:26:18]
Project Name   : IISLibrary
Class Name     : clsIISInterface
Procedure Name : GetAccInfo
Description    : 바코드번호:505에 대한 접수내역이 없습니다.

[2015-11-05 오후 12:26:19]
Project Name   : IISLibrary
Class Name     : clsIISInterface
Procedure Name : GetAccInfo
Description    : 바코드번호:512에 대한 접수내역이 없습니다.

[2015-11-05 오후 12:26:19]
Project Name   : IISLibrary
Class Name     : clsIISInterface
Procedure Name : GetAccInfo
Description    : 바코드번호:513에 대한 접수내역이 없습니다.

[2015-11-05 오후 12:26:19]
Project Name   : IISLibrary
Class Name     : clsIISInterface
Procedure Name : GetAccInfo
Description    : 바코드번호:506에 대한 접수내역이 없습니다.

[2015-11-05 오후 12:26:19]
Project Name   : IISLibrary
Class Name     : clsIISInterface
Procedure Name : GetAccInfo
Description    : 바코드번호:507에 대한 접수내역이 없습니다.

[2015-11-05 오후 12:26:19]
Project Name   : IISLibrary
Class Name     : clsIISInterface
Procedure Name : GetAccInfo
Description    : 바코드번호:515에 대한 접수내역이 없습니다.

[2015-11-05 오후 12:26:20]
Project Name   : IISLibrary
Class Name     : clsIISInterface
Procedure Name : GetAccInfo
Description    : 바코드번호:508에 대한 접수내역이 없습니다.

[2015-11-05 오후 12:26:20]
Project Name   : IISLibrary
Class Name     : clsIISInterface
Procedure Name : GetAccInfo
Description    : 바코드번호:516에 대한 접수내역이 없습니다.

[2015-11-05 오후 12:26:20]
Project Name   : IISLibrary
Class Name     : clsIISInterface
Procedure Name : GetAccInfo
Description    : 바코드번호:509에 대한 접수내역이 없습니다.

[2015-11-05 오후 12:26:20]
Project Name   : IISLibrary
Class Name     : clsIISInterface
Procedure Name : GetAccInfo
Description    : 바코드번호:510에 대한 접수내역이 없습니다.

[2015-11-05 오후 12:26:20]
Project Name   : IISLibrary
Class Name     : clsIISInterface
Procedure Name : GetAccInfo
Description    : 바코드번호:518에 대한 접수내역이 없습니다.

[2015-11-05 오후 12:26:20]
Project Name   : IISLibrary
Class Name     : clsIISInterface
Procedure Name : GetAccInfo
Description    : 바코드번호:520에 대한 접수내역이 없습니다.

