## IISHospital(전주예수병원) Version History ##

## 버  전: 1.0.0
## 작성일: 2004-10-05

## 버  전: 1.1.0
## 수정일: 2004-11-18
## 내  용:
   1. RapidLab 850, RapidLab 860 장비추가
      - clsIISHopMenu - Class_Initialize
      - clsIISInstrShow - InstrShow, Class_Terminate

## 버  전: 1.1.0
## 적용일: 2004-12-09

## 버  전: 1.2.0
## 수정일: 2004-12-17
## 내  용:
   1. 검사대상조회 메뉴추가
      - clsIISHopMenu - Class_Initialize

## 버  전: 1.3.0
## 수정일: 2005-01-30
## 내  용:
   1. Vitek II 장비추가
      - frmIISHospital Form Design
      - clsIISHopMenu - Class_Initialize
      - clsIISInstrShow - InstrShow, Class_Terminate

## 버  전: 1.3.0
## 적용일: 2005-02-24

## 버  전: 1.4.0
## 수정일: 2005-03-03
## 내  용:
   1. Thrombolyzer compact(응급) 장비추가
      - frmIISHospital Form Design
      - clsIISHopMenu - Class_Initialize
      - clsIISInstrShow - InstrShow, Class_Terminate

## 버  전: 1.4.0
## 적용일: 2005-03-04

## 버  전: 1.4.1
## 수정일: 2005-04-13
   1. 레지의 장비키가 목록에 없는 경우 보여주지 않도록 수정
      - clsIISHopMenu - GetMachine

## 버  전: 1.4.1
## 적용일: 2005-05-30

## 버  전: 1.5.0
## 수정일: 2005-07-22
## 내  용:
   1. XT-1800i, CA-500 장비추가
      - frmIISHospital Form Design
      - clsIISHopMenu - Class_Initialize
      - clsIISInstrShow - InstrShow, Class_Terminate

## 버  전: 1.5.1
## 수정일: 2005-07-22
## 내  용:
   1. 결과등록 메뉴추가
      - clsIISHopMenu - Class_Initialize

## 버  전: 1.5.1
## 적용일: 2005-07-25
