        Procedure : clsCommon - Public Function f_subSet_TestList() As ADODB.Recordset

     Error Source : ADODB.Fields

     Error Number : 3265

Error Description : 요청한 이름 또는 서수에 해당하는 컬렉션에서 항목을 찾을 수 없습니다.

             Date : 2005년 10월 13일 월요일

             Time : 오전 11:40:58
━━━━━━━━━━━━━━━━━━━━━━━━━━━━━━━━━━━━━━━━
        Procedure : clsCommon - Public Function f_subSet_TestList() As ADODB.Recordset

     Error Source : ADODB.Fields

     Error Number : 3265

Error Description : 요청한 이름 또는 서수에 해당하는 컬렉션에서 항목을 찾을 수 없습니다.

             Date : 2005년 10월 13일 월요일

             Time : 오전 11:41:27
━━━━━━━━━━━━━━━━━━━━━━━━━━━━━━━━━━━━━━━━
        Procedure : frmInterface - Private Sub cmdRun()

     Error Source : MSComm

     Error Number : 8005

Error Description : 포트가 이미 열려 있습니다.

             Date : 2005년 10월 13일 월요일

             Time : 오후 12:31:36
━━━━━━━━━━━━━━━━━━━━━━━━━━━━━━━━━━━━━━━━
        Procedure : frmInterface - Private Sub cmdRun()

     Error Source : MSComm

     Error Number : 8005

Error Description : 포트가 이미 열려 있습니다.

             Date : 2005년 10월 13일 월요일

             Time : 오후 12:32:09
━━━━━━━━━━━━━━━━━━━━━━━━━━━━━━━━━━━━━━━━
