        Procedure : Private Sub MDIForm_Tool()

     Error Source : ADODB.Recordset

     Error Number : 3709

Error Description : 이 작업을 수행하는 데 연결을 사용할 수 없습니다. 이 컨텍스트에서 연결이 닫혀 있거나 잘못되었습니다.

             Date : 2005년 8월 22일 월요일

             Time : 오후 4:51:06
━━━━━━━━━━━━━━━━━━━━━━━━━━━━━━━━━━━━━━━━
        Procedure : Private Sub MDIForm_Tool()

     Error Source : ADODB.Recordset

     Error Number : 3704

Error Description : 개체가 닫혀있으면 작업이 허용되지 않습니다.

             Date : 2005년 8월 22일 월요일

             Time : 오후 4:51:08
━━━━━━━━━━━━━━━━━━━━━━━━━━━━━━━━━━━━━━━━
        Procedure : Private Sub MDIForm_Tool()

     Error Source : ADODB.Recordset

     Error Number : 3704

Error Description : 개체가 닫혀있으면 작업이 허용되지 않습니다.

             Date : 2005년 8월 22일 월요일

             Time : 오후 4:51:09
━━━━━━━━━━━━━━━━━━━━━━━━━━━━━━━━━━━━━━━━
        Procedure : Private Sub MDIForm_Tool()

     Error Source : ADODB.Recordset

     Error Number : 3704

Error Description : 개체가 닫혀있으면 작업이 허용되지 않습니다.

             Date : 2005년 8월 22일 월요일

             Time : 오후 4:51:09
━━━━━━━━━━━━━━━━━━━━━━━━━━━━━━━━━━━━━━━━
        Procedure : Private Sub MDIForm_Tool()

     Error Source : ADODB.Fields

     Error Number : 3265

Error Description : 요청한 이름 또는 서수에 해당하는 컬렉션에서 항목을 찾을 수 없습니다.

             Date : 2005년 8월 22일 월요일

             Time : 오후 4:51:10
━━━━━━━━━━━━━━━━━━━━━━━━━━━━━━━━━━━━━━━━
        Procedure : Private Sub MDIForm_Tool()

     Error Source : ADODB.Recordset

     Error Number : 3704

Error Description : 개체가 닫혀있으면 작업이 허용되지 않습니다.

             Date : 2005년 8월 22일 월요일

             Time : 오후 4:51:10
━━━━━━━━━━━━━━━━━━━━━━━━━━━━━━━━━━━━━━━━
        Procedure : Private Sub MDIForm_Tool()

     Error Source : ADODB.Recordset

     Error Number : 3709

Error Description : 이 작업을 수행하는 데 연결을 사용할 수 없습니다. 이 컨텍스트에서 연결이 닫혀 있거나 잘못되었습니다.

             Date : 2005년 8월 22일 월요일

             Time : 오후 4:51:10
━━━━━━━━━━━━━━━━━━━━━━━━━━━━━━━━━━━━━━━━
        Procedure : Private Sub MDIForm_Tool()

     Error Source : ADODB.Recordset

     Error Number : 3704

Error Description : 개체가 닫혀있으면 작업이 허용되지 않습니다.

             Date : 2005년 8월 22일 월요일

             Time : 오후 4:51:11
━━━━━━━━━━━━━━━━━━━━━━━━━━━━━━━━━━━━━━━━
        Procedure : Private Sub MDIForm_Tool()

     Error Source : ADODB.Recordset

     Error Number : 3704

Error Description : 개체가 닫혀있으면 작업이 허용되지 않습니다.

             Date : 2005년 8월 22일 월요일

             Time : 오후 4:51:11
━━━━━━━━━━━━━━━━━━━━━━━━━━━━━━━━━━━━━━━━
        Procedure : Private Sub MDIForm_Tool()

     Error Source : ADODB.Recordset

     Error Number : 3704

Error Description : 개체가 닫혀있으면 작업이 허용되지 않습니다.

             Date : 2005년 8월 22일 월요일

             Time : 오후 4:51:11
━━━━━━━━━━━━━━━━━━━━━━━━━━━━━━━━━━━━━━━━
        Procedure : Private Sub MDIForm_Tool()

     Error Source : ADODB.Fields

     Error Number : 3265

Error Description : 요청한 이름 또는 서수에 해당하는 컬렉션에서 항목을 찾을 수 없습니다.

             Date : 2005년 8월 22일 월요일

             Time : 오후 4:51:11
━━━━━━━━━━━━━━━━━━━━━━━━━━━━━━━━━━━━━━━━
        Procedure : Private Sub MDIForm_Tool()

     Error Source : ADODB.Recordset

     Error Number : 3704

Error Description : 개체가 닫혀있으면 작업이 허용되지 않습니다.

             Date : 2005년 8월 22일 월요일

             Time : 오후 4:51:12
━━━━━━━━━━━━━━━━━━━━━━━━━━━━━━━━━━━━━━━━
        Procedure : clsCommon - Public Function Get_RoomList() As ADODB.Recordset

     Error Source : Elecsys2010

     Error Number : 91

Error Description : 개체 변수 또는 With 문의 변수가 설정되어 있지 않습니다.

             Date : 2005년 8월 22일 월요일

             Time : 오후 4:55:35
━━━━━━━━━━━━━━━━━━━━━━━━━━━━━━━━━━━━━━━━
        Procedure : clsCommon - Public Function Get_StationList() As ADODB.Recordset

     Error Source : Elecsys2010

     Error Number : 91

Error Description : 개체 변수 또는 With 문의 변수가 설정되어 있지 않습니다.

             Date : 2005년 8월 22일 월요일

             Time : 오후 4:55:45
━━━━━━━━━━━━━━━━━━━━━━━━━━━━━━━━━━━━━━━━
