865 행: VisM1 컨트롤의 VISMLib.VisM 클래스는 로드한 컨트롤 클래스가 아닙니다.
868 행: VisM1의 _Version 속성 이름이 잘못되었습니다. 
869 행: VisM1의 _ExtentX 속성 이름이 잘못되었습니다. 
870 행: VisM1의 _ExtentY 속성 이름이 잘못되었습니다. 
871 행: VisM1의 _StockProps 속성 이름이 잘못되었습니다. 
872 행: VisM1의 PLIST 속성 이름이 잘못되었습니다. 
873 행: VisM1의 PDELIM 속성 이름이 잘못되었습니다. 
874 행: VisM1의 Interval 속성 이름이 잘못되었습니다. 
875 행: VisM1의 P0 속성 이름이 잘못되었습니다. 
876 행: VisM1의 P1 속성 이름이 잘못되었습니다. 
877 행: VisM1의 P2 속성 이름이 잘못되었습니다. 
878 행: VisM1의 P3 속성 이름이 잘못되었습니다. 
879 행: VisM1의 P4 속성 이름이 잘못되었습니다. 
880 행: VisM1의 P5 속성 이름이 잘못되었습니다. 
881 행: VisM1의 P6 속성 이름이 잘못되었습니다. 
882 행: VisM1의 P7 속성 이름이 잘못되었습니다. 
883 행: VisM1의 P8 속성 이름이 잘못되었습니다. 
884 행: VisM1의 P9 속성 이름이 잘못되었습니다. 
885 행: VisM1의 VALUE 속성 이름이 잘못되었습니다. 
886 행: VisM1의 Code 속성 이름이 잘못되었습니다. 
887 행: VisM1의 NameSpace 속성 이름이 잘못되었습니다. 
888 행: VisM1의 TimeOut 속성 이름이 잘못되었습니다. 
889 행: VisM1의 ExecFlag 속성 이름이 잘못되었습니다. 
890 행: VisM1의 KeepAliveInterval 속성 이름이 잘못되었습니다. 
891 행: VisM1의 MsgText 속성 이름이 잘못되었습니다. 
892 행: VisM1의 PromptInterval 속성 이름이 잘못되었습니다. 
