09:18:41 : 'COM1' 포트에 대한 액세스가 거부되었습니다.
   위치: System.IO.Ports.InternalResources.WinIOError(Int32 errorCode, String str)
   위치: System.IO.Ports.SerialStream..ctor(String portName, Int32 baudRate, Parity parity, Int32 dataBits, StopBits stopBits, Int32 readTimeout, Int32 writeTimeout, Handshake handshake, Boolean dtrEnable, Boolean rtsEnable, Boolean discardNull, Byte parityReplace)
   위치: System.IO.Ports.SerialPort.Open()
   위치: IdifCommon.clsCommon.OpenPort(SerialPort prmSerialPort, String prmPortName, Int32 prmBaudRate)
   위치: IdifCommon.clsCommon.OpenPort(SerialPort prmSerialPort, String prmPortName, Int32 prmBaudRate)
   위치: IdifCommon.frmExcelPrintBase.InitForm()

09:46:18 : 프린터 상태를 확인하세요.:응답없음
   위치: IdifCommon.frmExcelPrintBase.PrintStart()
   위치: IdifCommon.frmExcelPrintBase.PrintStart()
   위치: IdifCommon.frmExcelPrintBase.cmdPrintStart_Click(Object sender, EventArgs e)

10:36:25 : 프린터 상태를 확인하세요.:응답없음
   위치: IdifCommon.frmExcelPrintBase.PrintStart()
   위치: IdifCommon.frmExcelPrintBase.PrintStart()
   위치: IdifCommon.frmExcelPrintBase.cmdPrintStart_Click(Object sender, EventArgs e)

11:44:04 : 프린터 상태를 확인하세요.:응답없음
   위치: IdifCommon.frmExcelPrintBase.PrintStart()
   위치: IdifCommon.frmExcelPrintBase.PrintStart()
   위치: IdifCommon.frmExcelPrintBase.cmdPrintStart_Click(Object sender, EventArgs e)

11:54:06 : 프린터 상태를 확인하세요.:응답없음
   위치: IdifCommon.frmExcelPrintBase.PrintStart()
   위치: IdifCommon.frmExcelPrintBase.PrintStart()
   위치: IdifCommon.frmExcelPrintBase.cmdPrintStart_Click(Object sender, EventArgs e)

11:58:12 : 프린터 상태를 확인하세요.:응답없음
   위치: IdifCommon.frmExcelPrintBase.PrintStart()
   위치: IdifCommon.frmExcelPrintBase.PrintStart()
   위치: IdifCommon.frmExcelPrintBase.cmdPrintStart_Click(Object sender, EventArgs e)

12:17:36 : 프린터 상태를 확인하세요.:응답없음
   위치: IdifCommon.frmExcelPrintBase.PrintStart()
   위치: IdifCommon.frmExcelPrintBase.PrintStart()
   위치: IdifCommon.frmExcelPrintBase.cmdPrintStart_Click(Object sender, EventArgs e)

