2018-08-06 오전 8:49:22 : 통신포트 연결 성공ismart30|COM4|9600|8|None|One
2018-08-06 오전 9:34:35 : [Get EOT] :1H|\^&|||i-Smart 30^iSmart^-^1.0.7.1||||||||1394-97|20180806094114
2P|1|||||||||||||||||||||||||||||||||
3O|1||196354-S48||||||||||||Sample|||||||||||||||
4R|1|^^^Na+^M|143|mmol/L|20^250^Reportable|-||||||20180806094114|
5R|2|^^^K+^M|3.4|mmol/L|0.5^20.0^Reportable|-|||||||
6R|3|^^^Cl-^M|107|mmol/L|20^250^Reportable|-|||||||
7R|4|^^^Hct^M|Out of Range(L)|%|10^60^Reportable|<|||||||
0L|1|N

2018-08-06 오전 9:34:35 : [장비에서받기 OBX] :4R|1|^^^Na+^M|143|mmol/L|20^250^Reportable|-||||||20180806094114|
2018-08-06 오전 9:34:35 : [장비에서받기 OBX] :5R|2|^^^K+^M|3.4|mmol/L|0.5^20.0^Reportable|-|||||||
2018-08-06 오전 9:34:35 : [장비에서받기 OBX] :6R|3|^^^Cl-^M|107|mmol/L|20^250^Reportable|-|||||||
2018-08-06 오전 9:34:35 : [장비에서받기 OBX] :7R|4|^^^Hct^M|Out of Range(L)|%|10^60^Reportable|<|||||||
2018-08-06 오전 9:34:35 : [장비에서받기 L] : 빠져나감
2018-08-06 오전 9:34:35 : Select count(*) FROM  [LabPatMst] where INTER_GUBUN = 'E ' AND INTER_CHAM_ID = '196354-S48 ' and INTER_ORDT  = '20180806'   AND INTER_BARCODE = ''   AND INTER_LABCOD = 'D2800020'  AND INTER_SUBCOD = '1'
2018-08-06 오전 9:34:35 : INSERT INTO [LabPatMst](INTER_DATE, INTER_GUBUN, INTER_STATE, INTER_CHAM_ID, INTER_BARCODE, INTER_PID, INTER_PNAME, INTER_PSEX, INTER_PAGE, INTER_ORDT, INTER_LABNAM, INTER_LABCOD,  INTER_SUBCOD, INTER_LABRLT, INTER_LOWHIGH, INTER_NO, INTER_INOUTTYPE, INTER_MODIFY, INTER_BIGO1) VALUES (#2018-08-06 09:34:35#,'E','E','196354-S48','','','', '','','20180806','Na+','D2800020','1', '143','', '','','','143')
2018-08-06 오전 9:34:35 : Select count(*) FROM  [LabPatMst] where INTER_GUBUN = 'E ' AND INTER_CHAM_ID = '196354-S48 ' and INTER_ORDT  = '20180806'   AND INTER_BARCODE = ''   AND INTER_LABCOD = 'D2800060'  AND INTER_SUBCOD = '2'
2018-08-06 오전 9:34:35 : INSERT INTO [LabPatMst](INTER_DATE, INTER_GUBUN, INTER_STATE, INTER_CHAM_ID, INTER_BARCODE, INTER_PID, INTER_PNAME, INTER_PSEX, INTER_PAGE, INTER_ORDT, INTER_LABNAM, INTER_LABCOD,  INTER_SUBCOD, INTER_LABRLT, INTER_LOWHIGH, INTER_NO, INTER_INOUTTYPE, INTER_MODIFY, INTER_BIGO1) VALUES (#2018-08-06 09:34:35#,'E','E','196354-S48','','','', '','','20180806','K+','D2800060','2', '3.4','', '','','','3.4')
2018-08-06 오전 9:34:35 : Select count(*) FROM  [LabPatMst] where INTER_GUBUN = 'E ' AND INTER_CHAM_ID = '196354-S48 ' and INTER_ORDT  = '20180806'   AND INTER_BARCODE = ''   AND INTER_LABCOD = 'D2800030'  AND INTER_SUBCOD = '3'
2018-08-06 오전 9:34:35 : INSERT INTO [LabPatMst](INTER_DATE, INTER_GUBUN, INTER_STATE, INTER_CHAM_ID, INTER_BARCODE, INTER_PID, INTER_PNAME, INTER_PSEX, INTER_PAGE, INTER_ORDT, INTER_LABNAM, INTER_LABCOD,  INTER_SUBCOD, INTER_LABRLT, INTER_LOWHIGH, INTER_NO, INTER_INOUTTYPE, INTER_MODIFY, INTER_BIGO1) VALUES (#2018-08-06 09:34:35#,'E','E','196354-S48','','','', '','','20180806','Cl-','D2800030','3', '107','', '','','','107')
2018-08-06 오전 9:36:38 : [Get EOT] :1H|\^&|||i-Smart 30^iSmart^-^1.0.7.1||||||||1394-97|20180806094317
2P|1|||||||||||||||||||||||||||||||||
3O|1||196354-S49||||||||||||Sample|||||||||||||||
4R|1|^^^Na+^M|131|mmol/L|20^250^Reportable|-||||||20180806094317|
5R|2|^^^K+^M|3.7|mmol/L|0.5^20.0^Reportable|-|||||||
6R|3|^^^Cl-^M|97|mmol/L|20^250^Reportable|-|||||||
7R|4|^^^Hct^M|Out of Range(L)|%|10^60^Reportable|<|||||||
0L|1|N

2018-08-06 오전 9:36:38 : [장비에서받기 OBX] :4R|1|^^^Na+^M|131|mmol/L|20^250^Reportable|-||||||20180806094317|
2018-08-06 오전 9:36:38 : [장비에서받기 OBX] :5R|2|^^^K+^M|3.7|mmol/L|0.5^20.0^Reportable|-|||||||
2018-08-06 오전 9:36:38 : [장비에서받기 OBX] :6R|3|^^^Cl-^M|97|mmol/L|20^250^Reportable|-|||||||
2018-08-06 오전 9:36:38 : [장비에서받기 OBX] :7R|4|^^^Hct^M|Out of Range(L)|%|10^60^Reportable|<|||||||
2018-08-06 오전 9:36:38 : [장비에서받기 L] : 빠져나감
2018-08-06 오전 9:36:38 : Select count(*) FROM  [LabPatMst] where INTER_GUBUN = 'E ' AND INTER_CHAM_ID = '196354-S49 ' and INTER_ORDT  = '20180806'   AND INTER_BARCODE = ''   AND INTER_LABCOD = 'D2800020'  AND INTER_SUBCOD = '1'
2018-08-06 오전 9:36:38 : INSERT INTO [LabPatMst](INTER_DATE, INTER_GUBUN, INTER_STATE, INTER_CHAM_ID, INTER_BARCODE, INTER_PID, INTER_PNAME, INTER_PSEX, INTER_PAGE, INTER_ORDT, INTER_LABNAM, INTER_LABCOD,  INTER_SUBCOD, INTER_LABRLT, INTER_LOWHIGH, INTER_NO, INTER_INOUTTYPE, INTER_MODIFY, INTER_BIGO1) VALUES (#2018-08-06 09:36:38#,'E','E','196354-S49','','','', '','','20180806','Na+','D2800020','1', '131','', '','','','131')
2018-08-06 오전 9:36:38 : Select count(*) FROM  [LabPatMst] where INTER_GUBUN = 'E ' AND INTER_CHAM_ID = '196354-S49 ' and INTER_ORDT  = '20180806'   AND INTER_BARCODE = ''   AND INTER_LABCOD = 'D2800060'  AND INTER_SUBCOD = '2'
2018-08-06 오전 9:36:38 : INSERT INTO [LabPatMst](INTER_DATE, INTER_GUBUN, INTER_STATE, INTER_CHAM_ID, INTER_BARCODE, INTER_PID, INTER_PNAME, INTER_PSEX, INTER_PAGE, INTER_ORDT, INTER_LABNAM, INTER_LABCOD,  INTER_SUBCOD, INTER_LABRLT, INTER_LOWHIGH, INTER_NO, INTER_INOUTTYPE, INTER_MODIFY, INTER_BIGO1) VALUES (#2018-08-06 09:36:38#,'E','E','196354-S49','','','', '','','20180806','K+','D2800060','2', '3.7','', '','','','3.7')
2018-08-06 오전 9:36:38 : Select count(*) FROM  [LabPatMst] where INTER_GUBUN = 'E ' AND INTER_CHAM_ID = '196354-S49 ' and INTER_ORDT  = '20180806'   AND INTER_BARCODE = ''   AND INTER_LABCOD = 'D2800030'  AND INTER_SUBCOD = '3'
2018-08-06 오전 9:36:38 : INSERT INTO [LabPatMst](INTER_DATE, INTER_GUBUN, INTER_STATE, INTER_CHAM_ID, INTER_BARCODE, INTER_PID, INTER_PNAME, INTER_PSEX, INTER_PAGE, INTER_ORDT, INTER_LABNAM, INTER_LABCOD,  INTER_SUBCOD, INTER_LABRLT, INTER_LOWHIGH, INTER_NO, INTER_INOUTTYPE, INTER_MODIFY, INTER_BIGO1) VALUES (#2018-08-06 09:36:38#,'E','E','196354-S49','','','', '','','20180806','Cl-','D2800030','3', '97','', '','','','97')
2018-08-06 오전 9:38:09 : [Get EOT] :1H|\^&|||i-Smart 30^iSmart^-^1.0.7.1||||||||1394-97|20180806094449
2P|1|||||||||||||||||||||||||||||||||
3O|1||196354-S50||||||||||||Sample|||||||||||||||
4R|1|^^^Na+^M|143|mmol/L|20^250^Reportable|-||||||20180806094449|
5R|2|^^^K+^M|4.2|mmol/L|0.5^20.0^Reportable|-|||||||
6R|3|^^^Cl-^M|101|mmol/L|20^250^Reportable|-|||||||
7R|4|^^^Hct^M|Out of Range(L)|%|10^60^Reportable|<|||||||
0L|1|N

2018-08-06 오전 9:38:09 : [장비에서받기 OBX] :4R|1|^^^Na+^M|143|mmol/L|20^250^Reportable|-||||||20180806094449|
2018-08-06 오전 9:38:09 : [장비에서받기 OBX] :5R|2|^^^K+^M|4.2|mmol/L|0.5^20.0^Reportable|-|||||||
2018-08-06 오전 9:38:09 : [장비에서받기 OBX] :6R|3|^^^Cl-^M|101|mmol/L|20^250^Reportable|-|||||||
2018-08-06 오전 9:38:09 : [장비에서받기 OBX] :7R|4|^^^Hct^M|Out of Range(L)|%|10^60^Reportable|<|||||||
2018-08-06 오전 9:38:09 : [장비에서받기 L] : 빠져나감
2018-08-06 오전 9:38:09 : Select count(*) FROM  [LabPatMst] where INTER_GUBUN = 'E ' AND INTER_CHAM_ID = '196354-S50 ' and INTER_ORDT  = '20180806'   AND INTER_BARCODE = ''   AND INTER_LABCOD = 'D2800020'  AND INTER_SUBCOD = '1'
2018-08-06 오전 9:38:09 : INSERT INTO [LabPatMst](INTER_DATE, INTER_GUBUN, INTER_STATE, INTER_CHAM_ID, INTER_BARCODE, INTER_PID, INTER_PNAME, INTER_PSEX, INTER_PAGE, INTER_ORDT, INTER_LABNAM, INTER_LABCOD,  INTER_SUBCOD, INTER_LABRLT, INTER_LOWHIGH, INTER_NO, INTER_INOUTTYPE, INTER_MODIFY, INTER_BIGO1) VALUES (#2018-08-06 09:38:09#,'E','E','196354-S50','','','', '','','20180806','Na+','D2800020','1', '143','', '','','','143')
2018-08-06 오전 9:38:10 : Select count(*) FROM  [LabPatMst] where INTER_GUBUN = 'E ' AND INTER_CHAM_ID = '196354-S50 ' and INTER_ORDT  = '20180806'   AND INTER_BARCODE = ''   AND INTER_LABCOD = 'D2800060'  AND INTER_SUBCOD = '2'
2018-08-06 오전 9:38:10 : INSERT INTO [LabPatMst](INTER_DATE, INTER_GUBUN, INTER_STATE, INTER_CHAM_ID, INTER_BARCODE, INTER_PID, INTER_PNAME, INTER_PSEX, INTER_PAGE, INTER_ORDT, INTER_LABNAM, INTER_LABCOD,  INTER_SUBCOD, INTER_LABRLT, INTER_LOWHIGH, INTER_NO, INTER_INOUTTYPE, INTER_MODIFY, INTER_BIGO1) VALUES (#2018-08-06 09:38:09#,'E','E','196354-S50','','','', '','','20180806','K+','D2800060','2', '4.2','', '','','','4.2')
2018-08-06 오전 9:38:10 : Select count(*) FROM  [LabPatMst] where INTER_GUBUN = 'E ' AND INTER_CHAM_ID = '196354-S50 ' and INTER_ORDT  = '20180806'   AND INTER_BARCODE = ''   AND INTER_LABCOD = 'D2800030'  AND INTER_SUBCOD = '3'
2018-08-06 오전 9:38:10 : INSERT INTO [LabPatMst](INTER_DATE, INTER_GUBUN, INTER_STATE, INTER_CHAM_ID, INTER_BARCODE, INTER_PID, INTER_PNAME, INTER_PSEX, INTER_PAGE, INTER_ORDT, INTER_LABNAM, INTER_LABCOD,  INTER_SUBCOD, INTER_LABRLT, INTER_LOWHIGH, INTER_NO, INTER_INOUTTYPE, INTER_MODIFY, INTER_BIGO1) VALUES (#2018-08-06 09:38:09#,'E','E','196354-S50','','','', '','','20180806','Cl-','D2800030','3', '101','', '','','','101')
2018-08-06 오전 9:39:47 : [Get EOT] :1H|\^&|||i-Smart 30^iSmart^-^1.0.7.1||||||||1394-97|20180806094626
2P|1|||||||||||||||||||||||||||||||||
3O|1||196354-S51||||||||||||Sample|||||||||||||||
4R|1|^^^Na+^M|142|mmol/L|20^250^Reportable|-||||||20180806094626|
5R|2|^^^K+^M|4.2|mmol/L|0.5^20.0^Reportable|-|||||||
6R|3|^^^Cl-^M|103|mmol/L|20^250^Reportable|-|||||||
7R|4|^^^Hct^M|Out of Range(L)|%|10^60^Reportable|<|||||||
0L|1|N

2018-08-06 오전 9:39:47 : [장비에서받기 OBX] :4R|1|^^^Na+^M|142|mmol/L|20^250^Reportable|-||||||20180806094626|
2018-08-06 오전 9:39:47 : [장비에서받기 OBX] :5R|2|^^^K+^M|4.2|mmol/L|0.5^20.0^Reportable|-|||||||
2018-08-06 오전 9:39:47 : [장비에서받기 OBX] :6R|3|^^^Cl-^M|103|mmol/L|20^250^Reportable|-|||||||
2018-08-06 오전 9:39:47 : [장비에서받기 OBX] :7R|4|^^^Hct^M|Out of Range(L)|%|10^60^Reportable|<|||||||
2018-08-06 오전 9:39:47 : [장비에서받기 L] : 빠져나감
2018-08-06 오전 9:39:47 : Select count(*) FROM  [LabPatMst] where INTER_GUBUN = 'E ' AND INTER_CHAM_ID = '196354-S51 ' and INTER_ORDT  = '20180806'   AND INTER_BARCODE = ''   AND INTER_LABCOD = 'D2800020'  AND INTER_SUBCOD = '1'
2018-08-06 오전 9:39:47 : INSERT INTO [LabPatMst](INTER_DATE, INTER_GUBUN, INTER_STATE, INTER_CHAM_ID, INTER_BARCODE, INTER_PID, INTER_PNAME, INTER_PSEX, INTER_PAGE, INTER_ORDT, INTER_LABNAM, INTER_LABCOD,  INTER_SUBCOD, INTER_LABRLT, INTER_LOWHIGH, INTER_NO, INTER_INOUTTYPE, INTER_MODIFY, INTER_BIGO1) VALUES (#2018-08-06 09:39:47#,'E','E','196354-S51','','','', '','','20180806','Na+','D2800020','1', '142','', '','','','142')
2018-08-06 오전 9:39:47 : Select count(*) FROM  [LabPatMst] where INTER_GUBUN = 'E ' AND INTER_CHAM_ID = '196354-S51 ' and INTER_ORDT  = '20180806'   AND INTER_BARCODE = ''   AND INTER_LABCOD = 'D2800060'  AND INTER_SUBCOD = '2'
2018-08-06 오전 9:39:47 : INSERT INTO [LabPatMst](INTER_DATE, INTER_GUBUN, INTER_STATE, INTER_CHAM_ID, INTER_BARCODE, INTER_PID, INTER_PNAME, INTER_PSEX, INTER_PAGE, INTER_ORDT, INTER_LABNAM, INTER_LABCOD,  INTER_SUBCOD, INTER_LABRLT, INTER_LOWHIGH, INTER_NO, INTER_INOUTTYPE, INTER_MODIFY, INTER_BIGO1) VALUES (#2018-08-06 09:39:47#,'E','E','196354-S51','','','', '','','20180806','K+','D2800060','2', '4.2','', '','','','4.2')
2018-08-06 오전 9:39:47 : Select count(*) FROM  [LabPatMst] where INTER_GUBUN = 'E ' AND INTER_CHAM_ID = '196354-S51 ' and INTER_ORDT  = '20180806'   AND INTER_BARCODE = ''   AND INTER_LABCOD = 'D2800030'  AND INTER_SUBCOD = '3'
2018-08-06 오전 9:39:47 : INSERT INTO [LabPatMst](INTER_DATE, INTER_GUBUN, INTER_STATE, INTER_CHAM_ID, INTER_BARCODE, INTER_PID, INTER_PNAME, INTER_PSEX, INTER_PAGE, INTER_ORDT, INTER_LABNAM, INTER_LABCOD,  INTER_SUBCOD, INTER_LABRLT, INTER_LOWHIGH, INTER_NO, INTER_INOUTTYPE, INTER_MODIFY, INTER_BIGO1) VALUES (#2018-08-06 09:39:47#,'E','E','196354-S51','','','', '','','20180806','Cl-','D2800030','3', '103','', '','','','103')
2018-08-06 오전 9:41:22 : [Get EOT] :1H|\^&|||i-Smart 30^iSmart^-^1.0.7.1||||||||1394-97|20180806094801
2P|1|||||||||||||||||||||||||||||||||
3O|1||196354-S52||||||||||||Sample|||||||||||||||
4R|1|^^^Na+^M|141|mmol/L|20^250^Reportable|-||||||20180806094801|
5R|2|^^^K+^M|4.8|mmol/L|0.5^20.0^Reportable|-|||||||
6R|3|^^^Cl-^M|104|mmol/L|20^250^Reportable|-|||||||
7R|4|^^^Hct^M|Out of Range(L)|%|10^60^Reportable|<|||||||
0L|1|N

2018-08-06 오전 9:41:22 : [장비에서받기 OBX] :4R|1|^^^Na+^M|141|mmol/L|20^250^Reportable|-||||||20180806094801|
2018-08-06 오전 9:41:22 : [장비에서받기 OBX] :5R|2|^^^K+^M|4.8|mmol/L|0.5^20.0^Reportable|-|||||||
2018-08-06 오전 9:41:22 : [장비에서받기 OBX] :6R|3|^^^Cl-^M|104|mmol/L|20^250^Reportable|-|||||||
2018-08-06 오전 9:41:22 : [장비에서받기 OBX] :7R|4|^^^Hct^M|Out of Range(L)|%|10^60^Reportable|<|||||||
2018-08-06 오전 9:41:22 : [장비에서받기 L] : 빠져나감
2018-08-06 오전 9:41:22 : Select count(*) FROM  [LabPatMst] where INTER_GUBUN = 'E ' AND INTER_CHAM_ID = '196354-S52 ' and INTER_ORDT  = '20180806'   AND INTER_BARCODE = ''   AND INTER_LABCOD = 'D2800020'  AND INTER_SUBCOD = '1'
2018-08-06 오전 9:41:22 : INSERT INTO [LabPatMst](INTER_DATE, INTER_GUBUN, INTER_STATE, INTER_CHAM_ID, INTER_BARCODE, INTER_PID, INTER_PNAME, INTER_PSEX, INTER_PAGE, INTER_ORDT, INTER_LABNAM, INTER_LABCOD,  INTER_SUBCOD, INTER_LABRLT, INTER_LOWHIGH, INTER_NO, INTER_INOUTTYPE, INTER_MODIFY, INTER_BIGO1) VALUES (#2018-08-06 09:41:22#,'E','E','196354-S52','','','', '','','20180806','Na+','D2800020','1', '141','', '','','','141')
2018-08-06 오전 9:41:22 : Select count(*) FROM  [LabPatMst] where INTER_GUBUN = 'E ' AND INTER_CHAM_ID = '196354-S52 ' and INTER_ORDT  = '20180806'   AND INTER_BARCODE = ''   AND INTER_LABCOD = 'D2800060'  AND INTER_SUBCOD = '2'
2018-08-06 오전 9:41:22 : INSERT INTO [LabPatMst](INTER_DATE, INTER_GUBUN, INTER_STATE, INTER_CHAM_ID, INTER_BARCODE, INTER_PID, INTER_PNAME, INTER_PSEX, INTER_PAGE, INTER_ORDT, INTER_LABNAM, INTER_LABCOD,  INTER_SUBCOD, INTER_LABRLT, INTER_LOWHIGH, INTER_NO, INTER_INOUTTYPE, INTER_MODIFY, INTER_BIGO1) VALUES (#2018-08-06 09:41:22#,'E','E','196354-S52','','','', '','','20180806','K+','D2800060','2', '4.8','', '','','','4.8')
2018-08-06 오전 9:41:22 : Select count(*) FROM  [LabPatMst] where INTER_GUBUN = 'E ' AND INTER_CHAM_ID = '196354-S52 ' and INTER_ORDT  = '20180806'   AND INTER_BARCODE = ''   AND INTER_LABCOD = 'D2800030'  AND INTER_SUBCOD = '3'
2018-08-06 오전 9:41:22 : INSERT INTO [LabPatMst](INTER_DATE, INTER_GUBUN, INTER_STATE, INTER_CHAM_ID, INTER_BARCODE, INTER_PID, INTER_PNAME, INTER_PSEX, INTER_PAGE, INTER_ORDT, INTER_LABNAM, INTER_LABCOD,  INTER_SUBCOD, INTER_LABRLT, INTER_LOWHIGH, INTER_NO, INTER_INOUTTYPE, INTER_MODIFY, INTER_BIGO1) VALUES (#2018-08-06 09:41:22#,'E','E','196354-S52','','','', '','','20180806','Cl-','D2800030','3', '104','', '','','','104')
2018-08-06 오전 9:42:53 : [Get EOT] :1H|\^&|||i-Smart 30^iSmart^-^1.0.7.1||||||||1394-97|20180806094933
2P|1|||||||||||||||||||||||||||||||||
3O|1||196354-S53||||||||||||Sample|||||||||||||||
4R|1|^^^Na+^M|142|mmol/L|20^250^Reportable|-||||||20180806094933|
5R|2|^^^K+^M|5.0|mmol/L|0.5^20.0^Reportable|-|||||||
6R|3|^^^Cl-^M|101|mmol/L|20^250^Reportable|-|||||||
7R|4|^^^Hct^M|Out of Range(L)|%|10^60^Reportable|<|||||||
0L|1|N

2018-08-06 오전 9:42:53 : [장비에서받기 OBX] :4R|1|^^^Na+^M|142|mmol/L|20^250^Reportable|-||||||20180806094933|
2018-08-06 오전 9:42:53 : [장비에서받기 OBX] :5R|2|^^^K+^M|5.0|mmol/L|0.5^20.0^Reportable|-|||||||
2018-08-06 오전 9:42:53 : [장비에서받기 OBX] :6R|3|^^^Cl-^M|101|mmol/L|20^250^Reportable|-|||||||
2018-08-06 오전 9:42:53 : [장비에서받기 OBX] :7R|4|^^^Hct^M|Out of Range(L)|%|10^60^Reportable|<|||||||
2018-08-06 오전 9:42:53 : [장비에서받기 L] : 빠져나감
2018-08-06 오전 9:42:53 : Select count(*) FROM  [LabPatMst] where INTER_GUBUN = 'E ' AND INTER_CHAM_ID = '196354-S53 ' and INTER_ORDT  = '20180806'   AND INTER_BARCODE = ''   AND INTER_LABCOD = 'D2800020'  AND INTER_SUBCOD = '1'
2018-08-06 오전 9:42:53 : INSERT INTO [LabPatMst](INTER_DATE, INTER_GUBUN, INTER_STATE, INTER_CHAM_ID, INTER_BARCODE, INTER_PID, INTER_PNAME, INTER_PSEX, INTER_PAGE, INTER_ORDT, INTER_LABNAM, INTER_LABCOD,  INTER_SUBCOD, INTER_LABRLT, INTER_LOWHIGH, INTER_NO, INTER_INOUTTYPE, INTER_MODIFY, INTER_BIGO1) VALUES (#2018-08-06 09:42:53#,'E','E','196354-S53','','','', '','','20180806','Na+','D2800020','1', '142','', '','','','142')
2018-08-06 오전 9:42:54 : Select count(*) FROM  [LabPatMst] where INTER_GUBUN = 'E ' AND INTER_CHAM_ID = '196354-S53 ' and INTER_ORDT  = '20180806'   AND INTER_BARCODE = ''   AND INTER_LABCOD = 'D2800060'  AND INTER_SUBCOD = '2'
2018-08-06 오전 9:42:54 : INSERT INTO [LabPatMst](INTER_DATE, INTER_GUBUN, INTER_STATE, INTER_CHAM_ID, INTER_BARCODE, INTER_PID, INTER_PNAME, INTER_PSEX, INTER_PAGE, INTER_ORDT, INTER_LABNAM, INTER_LABCOD,  INTER_SUBCOD, INTER_LABRLT, INTER_LOWHIGH, INTER_NO, INTER_INOUTTYPE, INTER_MODIFY, INTER_BIGO1) VALUES (#2018-08-06 09:42:53#,'E','E','196354-S53','','','', '','','20180806','K+','D2800060','2', '5.0','', '','','','5.0')
2018-08-06 오전 9:42:54 : Select count(*) FROM  [LabPatMst] where INTER_GUBUN = 'E ' AND INTER_CHAM_ID = '196354-S53 ' and INTER_ORDT  = '20180806'   AND INTER_BARCODE = ''   AND INTER_LABCOD = 'D2800030'  AND INTER_SUBCOD = '3'
2018-08-06 오전 9:42:54 : INSERT INTO [LabPatMst](INTER_DATE, INTER_GUBUN, INTER_STATE, INTER_CHAM_ID, INTER_BARCODE, INTER_PID, INTER_PNAME, INTER_PSEX, INTER_PAGE, INTER_ORDT, INTER_LABNAM, INTER_LABCOD,  INTER_SUBCOD, INTER_LABRLT, INTER_LOWHIGH, INTER_NO, INTER_INOUTTYPE, INTER_MODIFY, INTER_BIGO1) VALUES (#2018-08-06 09:42:53#,'E','E','196354-S53','','','', '','','20180806','Cl-','D2800030','3', '101','', '','','','101')
2018-08-06 오전 9:44:26 : [Get EOT] :1H|\^&|||i-Smart 30^iSmart^-^1.0.7.1||||||||1394-97|20180806095105
2P|1|||||||||||||||||||||||||||||||||
3O|1||196354-S54||||||||||||Sample|||||||||||||||
4R|1|^^^Na+^M|141|mmol/L|20^250^Reportable|-||||||20180806095105|
5R|2|^^^K+^M|3.9|mmol/L|0.5^20.0^Reportable|-|||||||
6R|3|^^^Cl-^M|105|mmol/L|20^250^Reportable|-|||||||
7R|4|^^^Hct^M|Out of Range(L)|%|10^60^Reportable|<|||||||
0L|1|N

2018-08-06 오전 9:44:26 : [장비에서받기 OBX] :4R|1|^^^Na+^M|141|mmol/L|20^250^Reportable|-||||||20180806095105|
2018-08-06 오전 9:44:26 : [장비에서받기 OBX] :5R|2|^^^K+^M|3.9|mmol/L|0.5^20.0^Reportable|-|||||||
2018-08-06 오전 9:44:26 : [장비에서받기 OBX] :6R|3|^^^Cl-^M|105|mmol/L|20^250^Reportable|-|||||||
2018-08-06 오전 9:44:26 : [장비에서받기 OBX] :7R|4|^^^Hct^M|Out of Range(L)|%|10^60^Reportable|<|||||||
2018-08-06 오전 9:44:26 : [장비에서받기 L] : 빠져나감
2018-08-06 오전 9:44:26 : Select count(*) FROM  [LabPatMst] where INTER_GUBUN = 'E ' AND INTER_CHAM_ID = '196354-S54 ' and INTER_ORDT  = '20180806'   AND INTER_BARCODE = ''   AND INTER_LABCOD = 'D2800020'  AND INTER_SUBCOD = '1'
2018-08-06 오전 9:44:26 : INSERT INTO [LabPatMst](INTER_DATE, INTER_GUBUN, INTER_STATE, INTER_CHAM_ID, INTER_BARCODE, INTER_PID, INTER_PNAME, INTER_PSEX, INTER_PAGE, INTER_ORDT, INTER_LABNAM, INTER_LABCOD,  INTER_SUBCOD, INTER_LABRLT, INTER_LOWHIGH, INTER_NO, INTER_INOUTTYPE, INTER_MODIFY, INTER_BIGO1) VALUES (#2018-08-06 09:44:26#,'E','E','196354-S54','','','', '','','20180806','Na+','D2800020','1', '141','', '','','','141')
2018-08-06 오전 9:44:26 : Select count(*) FROM  [LabPatMst] where INTER_GUBUN = 'E ' AND INTER_CHAM_ID = '196354-S54 ' and INTER_ORDT  = '20180806'   AND INTER_BARCODE = ''   AND INTER_LABCOD = 'D2800060'  AND INTER_SUBCOD = '2'
2018-08-06 오전 9:44:26 : INSERT INTO [LabPatMst](INTER_DATE, INTER_GUBUN, INTER_STATE, INTER_CHAM_ID, INTER_BARCODE, INTER_PID, INTER_PNAME, INTER_PSEX, INTER_PAGE, INTER_ORDT, INTER_LABNAM, INTER_LABCOD,  INTER_SUBCOD, INTER_LABRLT, INTER_LOWHIGH, INTER_NO, INTER_INOUTTYPE, INTER_MODIFY, INTER_BIGO1) VALUES (#2018-08-06 09:44:26#,'E','E','196354-S54','','','', '','','20180806','K+','D2800060','2', '3.9','', '','','','3.9')
2018-08-06 오전 9:44:26 : Select count(*) FROM  [LabPatMst] where INTER_GUBUN = 'E ' AND INTER_CHAM_ID = '196354-S54 ' and INTER_ORDT  = '20180806'   AND INTER_BARCODE = ''   AND INTER_LABCOD = 'D2800030'  AND INTER_SUBCOD = '3'
2018-08-06 오전 9:44:26 : INSERT INTO [LabPatMst](INTER_DATE, INTER_GUBUN, INTER_STATE, INTER_CHAM_ID, INTER_BARCODE, INTER_PID, INTER_PNAME, INTER_PSEX, INTER_PAGE, INTER_ORDT, INTER_LABNAM, INTER_LABCOD,  INTER_SUBCOD, INTER_LABRLT, INTER_LOWHIGH, INTER_NO, INTER_INOUTTYPE, INTER_MODIFY, INTER_BIGO1) VALUES (#2018-08-06 09:44:26#,'E','E','196354-S54','','','', '','','20180806','Cl-','D2800030','3', '105','', '','','','105')
2018-08-06 오전 9:46:16 : [Get EOT] :1H|\^&|||i-Smart 30^iSmart^-^1.0.7.1||||||||1394-97|20180806095256
2P|1|||||||||||||||||||||||||||||||||
3O|1||196354-S55||||||||||||Sample|||||||||||||||
4R|1|^^^Na+^M|140|mmol/L|20^250^Reportable|-||||||20180806095256|
5R|2|^^^K+^M|4.2|mmol/L|0.5^20.0^Reportable|-|||||||
6R|3|^^^Cl-^M|104|mmol/L|20^250^Reportable|-|||||||
7R|4|^^^Hct^M|Out of Range(L)|%|10^60^Reportable|<|||||||
0L|1|N

2018-08-06 오전 9:46:16 : [장비에서받기 OBX] :4R|1|^^^Na+^M|140|mmol/L|20^250^Reportable|-||||||20180806095256|
2018-08-06 오전 9:46:16 : [장비에서받기 OBX] :5R|2|^^^K+^M|4.2|mmol/L|0.5^20.0^Reportable|-|||||||
2018-08-06 오전 9:46:16 : [장비에서받기 OBX] :6R|3|^^^Cl-^M|104|mmol/L|20^250^Reportable|-|||||||
2018-08-06 오전 9:46:16 : [장비에서받기 OBX] :7R|4|^^^Hct^M|Out of Range(L)|%|10^60^Reportable|<|||||||
2018-08-06 오전 9:46:16 : [장비에서받기 L] : 빠져나감
2018-08-06 오전 9:46:16 : Select count(*) FROM  [LabPatMst] where INTER_GUBUN = 'E ' AND INTER_CHAM_ID = '196354-S55 ' and INTER_ORDT  = '20180806'   AND INTER_BARCODE = ''   AND INTER_LABCOD = 'D2800020'  AND INTER_SUBCOD = '1'
2018-08-06 오전 9:46:16 : INSERT INTO [LabPatMst](INTER_DATE, INTER_GUBUN, INTER_STATE, INTER_CHAM_ID, INTER_BARCODE, INTER_PID, INTER_PNAME, INTER_PSEX, INTER_PAGE, INTER_ORDT, INTER_LABNAM, INTER_LABCOD,  INTER_SUBCOD, INTER_LABRLT, INTER_LOWHIGH, INTER_NO, INTER_INOUTTYPE, INTER_MODIFY, INTER_BIGO1) VALUES (#2018-08-06 09:46:16#,'E','E','196354-S55','','','', '','','20180806','Na+','D2800020','1', '140','', '','','','140')
2018-08-06 오전 9:46:16 : Select count(*) FROM  [LabPatMst] where INTER_GUBUN = 'E ' AND INTER_CHAM_ID = '196354-S55 ' and INTER_ORDT  = '20180806'   AND INTER_BARCODE = ''   AND INTER_LABCOD = 'D2800060'  AND INTER_SUBCOD = '2'
2018-08-06 오전 9:46:16 : INSERT INTO [LabPatMst](INTER_DATE, INTER_GUBUN, INTER_STATE, INTER_CHAM_ID, INTER_BARCODE, INTER_PID, INTER_PNAME, INTER_PSEX, INTER_PAGE, INTER_ORDT, INTER_LABNAM, INTER_LABCOD,  INTER_SUBCOD, INTER_LABRLT, INTER_LOWHIGH, INTER_NO, INTER_INOUTTYPE, INTER_MODIFY, INTER_BIGO1) VALUES (#2018-08-06 09:46:16#,'E','E','196354-S55','','','', '','','20180806','K+','D2800060','2', '4.2','', '','','','4.2')
2018-08-06 오전 9:46:16 : Select count(*) FROM  [LabPatMst] where INTER_GUBUN = 'E ' AND INTER_CHAM_ID = '196354-S55 ' and INTER_ORDT  = '20180806'   AND INTER_BARCODE = ''   AND INTER_LABCOD = 'D2800030'  AND INTER_SUBCOD = '3'
2018-08-06 오전 9:46:16 : INSERT INTO [LabPatMst](INTER_DATE, INTER_GUBUN, INTER_STATE, INTER_CHAM_ID, INTER_BARCODE, INTER_PID, INTER_PNAME, INTER_PSEX, INTER_PAGE, INTER_ORDT, INTER_LABNAM, INTER_LABCOD,  INTER_SUBCOD, INTER_LABRLT, INTER_LOWHIGH, INTER_NO, INTER_INOUTTYPE, INTER_MODIFY, INTER_BIGO1) VALUES (#2018-08-06 09:46:16#,'E','E','196354-S55','','','', '','','20180806','Cl-','D2800030','3', '104','', '','','','104')
2018-08-06 오전 9:47:50 : [Get EOT] :1H|\^&|||i-Smart 30^iSmart^-^1.0.7.1||||||||1394-97|20180806095430
2P|1|||||||||||||||||||||||||||||||||
3O|1||196354-S56||||||||||||Sample|||||||||||||||
4R|1|^^^Na+^M|136|mmol/L|20^250^Reportable|-||||||20180806095430|
5R|2|^^^K+^M|11.7|mmol/L|0.5^20.0^Reportable|-|||||||
6R|3|^^^Cl-^M|104|mmol/L|20^250^Reportable|-|||||||
7R|4|^^^Hct^M|Out of Range(L)|%|10^60^Reportable|<|||||||
0L|1|N

2018-08-06 오전 9:47:50 : [장비에서받기 OBX] :4R|1|^^^Na+^M|136|mmol/L|20^250^Reportable|-||||||20180806095430|
2018-08-06 오전 9:47:50 : [장비에서받기 OBX] :5R|2|^^^K+^M|11.7|mmol/L|0.5^20.0^Reportable|-|||||||
2018-08-06 오전 9:47:50 : [장비에서받기 OBX] :6R|3|^^^Cl-^M|104|mmol/L|20^250^Reportable|-|||||||
2018-08-06 오전 9:47:50 : [장비에서받기 OBX] :7R|4|^^^Hct^M|Out of Range(L)|%|10^60^Reportable|<|||||||
2018-08-06 오전 9:47:50 : [장비에서받기 L] : 빠져나감
2018-08-06 오전 9:47:50 : Select count(*) FROM  [LabPatMst] where INTER_GUBUN = 'E ' AND INTER_CHAM_ID = '196354-S56 ' and INTER_ORDT  = '20180806'   AND INTER_BARCODE = ''   AND INTER_LABCOD = 'D2800020'  AND INTER_SUBCOD = '1'
2018-08-06 오전 9:47:50 : INSERT INTO [LabPatMst](INTER_DATE, INTER_GUBUN, INTER_STATE, INTER_CHAM_ID, INTER_BARCODE, INTER_PID, INTER_PNAME, INTER_PSEX, INTER_PAGE, INTER_ORDT, INTER_LABNAM, INTER_LABCOD,  INTER_SUBCOD, INTER_LABRLT, INTER_LOWHIGH, INTER_NO, INTER_INOUTTYPE, INTER_MODIFY, INTER_BIGO1) VALUES (#2018-08-06 09:47:50#,'E','E','196354-S56','','','', '','','20180806','Na+','D2800020','1', '136','', '','','','136')
2018-08-06 오전 9:47:50 : Select count(*) FROM  [LabPatMst] where INTER_GUBUN = 'E ' AND INTER_CHAM_ID = '196354-S56 ' and INTER_ORDT  = '20180806'   AND INTER_BARCODE = ''   AND INTER_LABCOD = 'D2800060'  AND INTER_SUBCOD = '2'
2018-08-06 오전 9:47:50 : INSERT INTO [LabPatMst](INTER_DATE, INTER_GUBUN, INTER_STATE, INTER_CHAM_ID, INTER_BARCODE, INTER_PID, INTER_PNAME, INTER_PSEX, INTER_PAGE, INTER_ORDT, INTER_LABNAM, INTER_LABCOD,  INTER_SUBCOD, INTER_LABRLT, INTER_LOWHIGH, INTER_NO, INTER_INOUTTYPE, INTER_MODIFY, INTER_BIGO1) VALUES (#2018-08-06 09:47:50#,'E','E','196354-S56','','','', '','','20180806','K+','D2800060','2', '11.7','', '','','','11.7')
2018-08-06 오전 9:47:50 : Select count(*) FROM  [LabPatMst] where INTER_GUBUN = 'E ' AND INTER_CHAM_ID = '196354-S56 ' and INTER_ORDT  = '20180806'   AND INTER_BARCODE = ''   AND INTER_LABCOD = 'D2800030'  AND INTER_SUBCOD = '3'
2018-08-06 오전 9:47:50 : INSERT INTO [LabPatMst](INTER_DATE, INTER_GUBUN, INTER_STATE, INTER_CHAM_ID, INTER_BARCODE, INTER_PID, INTER_PNAME, INTER_PSEX, INTER_PAGE, INTER_ORDT, INTER_LABNAM, INTER_LABCOD,  INTER_SUBCOD, INTER_LABRLT, INTER_LOWHIGH, INTER_NO, INTER_INOUTTYPE, INTER_MODIFY, INTER_BIGO1) VALUES (#2018-08-06 09:47:50#,'E','E','196354-S56','','','', '','','20180806','Cl-','D2800030','3', '104','', '','','','104')
2018-08-06 오전 9:49:47 : [Get EOT] :1H|\^&|||i-Smart 30^iSmart^-^1.0.7.1||||||||1394-97|20180806095626
2P|1|||||||||||||||||||||||||||||||||
3O|1||196354-S57||||||||||||Sample|||||||||||||||
4R|1|^^^Na+^M|136|mmol/L|20^250^Reportable|-||||||20180806095626|
5R|2|^^^K+^M|11.0|mmol/L|0.5^20.0^Reportable|-|||||||
6R|3|^^^Cl-^M|107|mmol/L|20^250^Reportable|-|||||||
7R|4|^^^Hct^M|Out of Range(L)|%|10^60^Reportable|<|||||||
0L|1|N

2018-08-06 오전 9:49:47 : [장비에서받기 OBX] :4R|1|^^^Na+^M|136|mmol/L|20^250^Reportable|-||||||20180806095626|
2018-08-06 오전 9:49:47 : [장비에서받기 OBX] :5R|2|^^^K+^M|11.0|mmol/L|0.5^20.0^Reportable|-|||||||
2018-08-06 오전 9:49:47 : [장비에서받기 OBX] :6R|3|^^^Cl-^M|107|mmol/L|20^250^Reportable|-|||||||
2018-08-06 오전 9:49:47 : [장비에서받기 OBX] :7R|4|^^^Hct^M|Out of Range(L)|%|10^60^Reportable|<|||||||
2018-08-06 오전 9:49:47 : [장비에서받기 L] : 빠져나감
2018-08-06 오전 9:49:47 : Select count(*) FROM  [LabPatMst] where INTER_GUBUN = 'E ' AND INTER_CHAM_ID = '196354-S57 ' and INTER_ORDT  = '20180806'   AND INTER_BARCODE = ''   AND INTER_LABCOD = 'D2800020'  AND INTER_SUBCOD = '1'
2018-08-06 오전 9:49:47 : INSERT INTO [LabPatMst](INTER_DATE, INTER_GUBUN, INTER_STATE, INTER_CHAM_ID, INTER_BARCODE, INTER_PID, INTER_PNAME, INTER_PSEX, INTER_PAGE, INTER_ORDT, INTER_LABNAM, INTER_LABCOD,  INTER_SUBCOD, INTER_LABRLT, INTER_LOWHIGH, INTER_NO, INTER_INOUTTYPE, INTER_MODIFY, INTER_BIGO1) VALUES (#2018-08-06 09:49:47#,'E','E','196354-S57','','','', '','','20180806','Na+','D2800020','1', '136','', '','','','136')
2018-08-06 오전 9:49:47 : Select count(*) FROM  [LabPatMst] where INTER_GUBUN = 'E ' AND INTER_CHAM_ID = '196354-S57 ' and INTER_ORDT  = '20180806'   AND INTER_BARCODE = ''   AND INTER_LABCOD = 'D2800060'  AND INTER_SUBCOD = '2'
2018-08-06 오전 9:49:47 : INSERT INTO [LabPatMst](INTER_DATE, INTER_GUBUN, INTER_STATE, INTER_CHAM_ID, INTER_BARCODE, INTER_PID, INTER_PNAME, INTER_PSEX, INTER_PAGE, INTER_ORDT, INTER_LABNAM, INTER_LABCOD,  INTER_SUBCOD, INTER_LABRLT, INTER_LOWHIGH, INTER_NO, INTER_INOUTTYPE, INTER_MODIFY, INTER_BIGO1) VALUES (#2018-08-06 09:49:47#,'E','E','196354-S57','','','', '','','20180806','K+','D2800060','2', '11.0','', '','','','11.0')
2018-08-06 오전 9:49:47 : Select count(*) FROM  [LabPatMst] where INTER_GUBUN = 'E ' AND INTER_CHAM_ID = '196354-S57 ' and INTER_ORDT  = '20180806'   AND INTER_BARCODE = ''   AND INTER_LABCOD = 'D2800030'  AND INTER_SUBCOD = '3'
2018-08-06 오전 9:49:47 : INSERT INTO [LabPatMst](INTER_DATE, INTER_GUBUN, INTER_STATE, INTER_CHAM_ID, INTER_BARCODE, INTER_PID, INTER_PNAME, INTER_PSEX, INTER_PAGE, INTER_ORDT, INTER_LABNAM, INTER_LABCOD,  INTER_SUBCOD, INTER_LABRLT, INTER_LOWHIGH, INTER_NO, INTER_INOUTTYPE, INTER_MODIFY, INTER_BIGO1) VALUES (#2018-08-06 09:49:47#,'E','E','196354-S57','','','', '','','20180806','Cl-','D2800030','3', '107','', '','','','107')
2018-08-06 오전 10:56:56 : [Get EOT] :1H|\^&|||i-Smart 30^iSmart^-^1.0.7.1||||||||1394-97|20180806110336
2P|1|||||||||||||||||||||||||||||||||
3O|1||196354-S58||||||||||||Sample|||||||||||||||
4R|1|^^^Na+^M|141|mmol/L|20^250^Reportable|-||||||20180806110336|
5R|2|^^^K+^M|4.6|mmol/L|0.5^20.0^Reportable|-|||||||
6R|3|^^^Cl-^M|102|mmol/L|20^250^Reportable|-|||||||
7R|4|^^^Hct^M|Out of Range(L)|%|10^60^Reportable|<|||||||
0L|1|N

2018-08-06 오전 10:56:56 : [장비에서받기 OBX] :4R|1|^^^Na+^M|141|mmol/L|20^250^Reportable|-||||||20180806110336|
2018-08-06 오전 10:56:56 : [장비에서받기 OBX] :5R|2|^^^K+^M|4.6|mmol/L|0.5^20.0^Reportable|-|||||||
2018-08-06 오전 10:56:56 : [장비에서받기 OBX] :6R|3|^^^Cl-^M|102|mmol/L|20^250^Reportable|-|||||||
2018-08-06 오전 10:56:56 : [장비에서받기 OBX] :7R|4|^^^Hct^M|Out of Range(L)|%|10^60^Reportable|<|||||||
2018-08-06 오전 10:56:56 : [장비에서받기 L] : 빠져나감
2018-08-06 오전 10:56:57 : Select count(*) FROM  [LabPatMst] where INTER_GUBUN = 'E ' AND INTER_CHAM_ID = '196354-S58 ' and INTER_ORDT  = '20180806'   AND INTER_BARCODE = ''   AND INTER_LABCOD = 'D2800020'  AND INTER_SUBCOD = '1'
2018-08-06 오전 10:56:57 : INSERT INTO [LabPatMst](INTER_DATE, INTER_GUBUN, INTER_STATE, INTER_CHAM_ID, INTER_BARCODE, INTER_PID, INTER_PNAME, INTER_PSEX, INTER_PAGE, INTER_ORDT, INTER_LABNAM, INTER_LABCOD,  INTER_SUBCOD, INTER_LABRLT, INTER_LOWHIGH, INTER_NO, INTER_INOUTTYPE, INTER_MODIFY, INTER_BIGO1) VALUES (#2018-08-06 10:56:57#,'E','E','196354-S58','','','', '','','20180806','Na+','D2800020','1', '141','', '','','','141')
2018-08-06 오전 10:56:57 : Select count(*) FROM  [LabPatMst] where INTER_GUBUN = 'E ' AND INTER_CHAM_ID = '196354-S58 ' and INTER_ORDT  = '20180806'   AND INTER_BARCODE = ''   AND INTER_LABCOD = 'D2800060'  AND INTER_SUBCOD = '2'
2018-08-06 오전 10:56:57 : INSERT INTO [LabPatMst](INTER_DATE, INTER_GUBUN, INTER_STATE, INTER_CHAM_ID, INTER_BARCODE, INTER_PID, INTER_PNAME, INTER_PSEX, INTER_PAGE, INTER_ORDT, INTER_LABNAM, INTER_LABCOD,  INTER_SUBCOD, INTER_LABRLT, INTER_LOWHIGH, INTER_NO, INTER_INOUTTYPE, INTER_MODIFY, INTER_BIGO1) VALUES (#2018-08-06 10:56:57#,'E','E','196354-S58','','','', '','','20180806','K+','D2800060','2', '4.6','', '','','','4.6')
2018-08-06 오전 10:56:57 : Select count(*) FROM  [LabPatMst] where INTER_GUBUN = 'E ' AND INTER_CHAM_ID = '196354-S58 ' and INTER_ORDT  = '20180806'   AND INTER_BARCODE = ''   AND INTER_LABCOD = 'D2800030'  AND INTER_SUBCOD = '3'
2018-08-06 오전 10:56:57 : INSERT INTO [LabPatMst](INTER_DATE, INTER_GUBUN, INTER_STATE, INTER_CHAM_ID, INTER_BARCODE, INTER_PID, INTER_PNAME, INTER_PSEX, INTER_PAGE, INTER_ORDT, INTER_LABNAM, INTER_LABCOD,  INTER_SUBCOD, INTER_LABRLT, INTER_LOWHIGH, INTER_NO, INTER_INOUTTYPE, INTER_MODIFY, INTER_BIGO1) VALUES (#2018-08-06 10:56:57#,'E','E','196354-S58','','','', '','','20180806','Cl-','D2800030','3', '102','', '','','','102')
2018-08-06 오전 10:58:28 : [Get EOT] :1H|\^&|||i-Smart 30^iSmart^-^1.0.7.1||||||||1394-97|20180806110508
2P|1|||||||||||||||||||||||||||||||||
3O|1||196354-S59||||||||||||Sample|||||||||||||||
4R|1|^^^Na+^M|143|mmol/L|20^250^Reportable|-||||||20180806110508|
5R|2|^^^K+^M|4.8|mmol/L|0.5^20.0^Reportable|-|||||||
6R|3|^^^Cl-^M|102|mmol/L|20^250^Reportable|-|||||||
7R|4|^^^Hct^M|Out of Range(L)|%|10^60^Reportable|<|||||||
0L|1|N

2018-08-06 오전 10:58:28 : [장비에서받기 OBX] :4R|1|^^^Na+^M|143|mmol/L|20^250^Reportable|-||||||20180806110508|
2018-08-06 오전 10:58:28 : [장비에서받기 OBX] :5R|2|^^^K+^M|4.8|mmol/L|0.5^20.0^Reportable|-|||||||
2018-08-06 오전 10:58:28 : [장비에서받기 OBX] :6R|3|^^^Cl-^M|102|mmol/L|20^250^Reportable|-|||||||
2018-08-06 오전 10:58:28 : [장비에서받기 OBX] :7R|4|^^^Hct^M|Out of Range(L)|%|10^60^Reportable|<|||||||
2018-08-06 오전 10:58:28 : [장비에서받기 L] : 빠져나감
2018-08-06 오전 10:58:28 : Select count(*) FROM  [LabPatMst] where INTER_GUBUN = 'E ' AND INTER_CHAM_ID = '196354-S59 ' and INTER_ORDT  = '20180806'   AND INTER_BARCODE = ''   AND INTER_LABCOD = 'D2800020'  AND INTER_SUBCOD = '1'
2018-08-06 오전 10:58:28 : INSERT INTO [LabPatMst](INTER_DATE, INTER_GUBUN, INTER_STATE, INTER_CHAM_ID, INTER_BARCODE, INTER_PID, INTER_PNAME, INTER_PSEX, INTER_PAGE, INTER_ORDT, INTER_LABNAM, INTER_LABCOD,  INTER_SUBCOD, INTER_LABRLT, INTER_LOWHIGH, INTER_NO, INTER_INOUTTYPE, INTER_MODIFY, INTER_BIGO1) VALUES (#2018-08-06 10:58:28#,'E','E','196354-S59','','','', '','','20180806','Na+','D2800020','1', '143','', '','','','143')
2018-08-06 오전 10:58:28 : Select count(*) FROM  [LabPatMst] where INTER_GUBUN = 'E ' AND INTER_CHAM_ID = '196354-S59 ' and INTER_ORDT  = '20180806'   AND INTER_BARCODE = ''   AND INTER_LABCOD = 'D2800060'  AND INTER_SUBCOD = '2'
2018-08-06 오전 10:58:28 : INSERT INTO [LabPatMst](INTER_DATE, INTER_GUBUN, INTER_STATE, INTER_CHAM_ID, INTER_BARCODE, INTER_PID, INTER_PNAME, INTER_PSEX, INTER_PAGE, INTER_ORDT, INTER_LABNAM, INTER_LABCOD,  INTER_SUBCOD, INTER_LABRLT, INTER_LOWHIGH, INTER_NO, INTER_INOUTTYPE, INTER_MODIFY, INTER_BIGO1) VALUES (#2018-08-06 10:58:28#,'E','E','196354-S59','','','', '','','20180806','K+','D2800060','2', '4.8','', '','','','4.8')
2018-08-06 오전 10:58:28 : Select count(*) FROM  [LabPatMst] where INTER_GUBUN = 'E ' AND INTER_CHAM_ID = '196354-S59 ' and INTER_ORDT  = '20180806'   AND INTER_BARCODE = ''   AND INTER_LABCOD = 'D2800030'  AND INTER_SUBCOD = '3'
2018-08-06 오전 10:58:28 : INSERT INTO [LabPatMst](INTER_DATE, INTER_GUBUN, INTER_STATE, INTER_CHAM_ID, INTER_BARCODE, INTER_PID, INTER_PNAME, INTER_PSEX, INTER_PAGE, INTER_ORDT, INTER_LABNAM, INTER_LABCOD,  INTER_SUBCOD, INTER_LABRLT, INTER_LOWHIGH, INTER_NO, INTER_INOUTTYPE, INTER_MODIFY, INTER_BIGO1) VALUES (#2018-08-06 10:58:28#,'E','E','196354-S59','','','', '','','20180806','Cl-','D2800030','3', '102','', '','','','102')
2018-08-06 오전 11:37:12 : [Get EOT] :1H|\^&|||i-Smart 30^iSmart^-^1.0.7.1||||||||1394-97|20180806114351
2P|1|||||||||||||||||||||||||||||||||
3O|1||196354-S60||||||||||||Sample|||||||||||||||
4R|1|^^^Na+^M|142|mmol/L|20^250^Reportable|-||||||20180806114351|
5R|2|^^^K+^M|4.3|mmol/L|0.5^20.0^Reportable|-|||||||
6R|3|^^^Cl-^M|103|mmol/L|20^250^Reportable|-|||||||
7R|4|^^^Hct^M|Out of Range(L)|%|10^60^Reportable|<|||||||
0L|1|N

2018-08-06 오전 11:37:12 : [장비에서받기 OBX] :4R|1|^^^Na+^M|142|mmol/L|20^250^Reportable|-||||||20180806114351|
2018-08-06 오전 11:37:12 : [장비에서받기 OBX] :5R|2|^^^K+^M|4.3|mmol/L|0.5^20.0^Reportable|-|||||||
2018-08-06 오전 11:37:12 : [장비에서받기 OBX] :6R|3|^^^Cl-^M|103|mmol/L|20^250^Reportable|-|||||||
2018-08-06 오전 11:37:12 : [장비에서받기 OBX] :7R|4|^^^Hct^M|Out of Range(L)|%|10^60^Reportable|<|||||||
2018-08-06 오전 11:37:12 : [장비에서받기 L] : 빠져나감
2018-08-06 오전 11:37:12 : Select count(*) FROM  [LabPatMst] where INTER_GUBUN = 'E ' AND INTER_CHAM_ID = '196354-S60 ' and INTER_ORDT  = '20180806'   AND INTER_BARCODE = ''   AND INTER_LABCOD = 'D2800020'  AND INTER_SUBCOD = '1'
2018-08-06 오전 11:37:12 : INSERT INTO [LabPatMst](INTER_DATE, INTER_GUBUN, INTER_STATE, INTER_CHAM_ID, INTER_BARCODE, INTER_PID, INTER_PNAME, INTER_PSEX, INTER_PAGE, INTER_ORDT, INTER_LABNAM, INTER_LABCOD,  INTER_SUBCOD, INTER_LABRLT, INTER_LOWHIGH, INTER_NO, INTER_INOUTTYPE, INTER_MODIFY, INTER_BIGO1) VALUES (#2018-08-06 11:37:12#,'E','E','196354-S60','','','', '','','20180806','Na+','D2800020','1', '142','', '','','','142')
2018-08-06 오전 11:37:12 : Select count(*) FROM  [LabPatMst] where INTER_GUBUN = 'E ' AND INTER_CHAM_ID = '196354-S60 ' and INTER_ORDT  = '20180806'   AND INTER_BARCODE = ''   AND INTER_LABCOD = 'D2800060'  AND INTER_SUBCOD = '2'
2018-08-06 오전 11:37:12 : INSERT INTO [LabPatMst](INTER_DATE, INTER_GUBUN, INTER_STATE, INTER_CHAM_ID, INTER_BARCODE, INTER_PID, INTER_PNAME, INTER_PSEX, INTER_PAGE, INTER_ORDT, INTER_LABNAM, INTER_LABCOD,  INTER_SUBCOD, INTER_LABRLT, INTER_LOWHIGH, INTER_NO, INTER_INOUTTYPE, INTER_MODIFY, INTER_BIGO1) VALUES (#2018-08-06 11:37:12#,'E','E','196354-S60','','','', '','','20180806','K+','D2800060','2', '4.3','', '','','','4.3')
2018-08-06 오전 11:37:12 : Select count(*) FROM  [LabPatMst] where INTER_GUBUN = 'E ' AND INTER_CHAM_ID = '196354-S60 ' and INTER_ORDT  = '20180806'   AND INTER_BARCODE = ''   AND INTER_LABCOD = 'D2800030'  AND INTER_SUBCOD = '3'
2018-08-06 오전 11:37:12 : INSERT INTO [LabPatMst](INTER_DATE, INTER_GUBUN, INTER_STATE, INTER_CHAM_ID, INTER_BARCODE, INTER_PID, INTER_PNAME, INTER_PSEX, INTER_PAGE, INTER_ORDT, INTER_LABNAM, INTER_LABCOD,  INTER_SUBCOD, INTER_LABRLT, INTER_LOWHIGH, INTER_NO, INTER_INOUTTYPE, INTER_MODIFY, INTER_BIGO1) VALUES (#2018-08-06 11:37:12#,'E','E','196354-S60','','','', '','','20180806','Cl-','D2800030','3', '103','', '','','','103')
2018-08-06 오후 3:43:56 : [Get EOT] :1H|\^&|||i-Smart 30^iSmart^-^1.0.7.1||||||||1394-97|20180806155036
2P|1|||||||||||||||||||||||||||||||||
3O|1||196354-S61||||||||||||Sample|||||||||||||||
4R|1|^^^Na+^M|139|mmol/L|20^250^Reportable|-||||||20180806155035|
5R|2|^^^K+^M|3.8|mmol/L|0.5^20.0^Reportable|-|||||||
6R|3|^^^Cl-^M|107|mmol/L|20^250^Reportable|-|||||||
7R|4|^^^Hct^M|Out of Range(L)|%|10^60^Reportable|<|||||||
0L|1|N

2018-08-06 오후 3:43:56 : [장비에서받기 OBX] :4R|1|^^^Na+^M|139|mmol/L|20^250^Reportable|-||||||20180806155035|
2018-08-06 오후 3:43:56 : [장비에서받기 OBX] :5R|2|^^^K+^M|3.8|mmol/L|0.5^20.0^Reportable|-|||||||
2018-08-06 오후 3:43:56 : [장비에서받기 OBX] :6R|3|^^^Cl-^M|107|mmol/L|20^250^Reportable|-|||||||
2018-08-06 오후 3:43:56 : [장비에서받기 OBX] :7R|4|^^^Hct^M|Out of Range(L)|%|10^60^Reportable|<|||||||
2018-08-06 오후 3:43:56 : [장비에서받기 L] : 빠져나감
2018-08-06 오후 3:43:56 : Select count(*) FROM  [LabPatMst] where INTER_GUBUN = 'E ' AND INTER_CHAM_ID = '196354-S61 ' and INTER_ORDT  = '20180806'   AND INTER_BARCODE = ''   AND INTER_LABCOD = 'D2800020'  AND INTER_SUBCOD = '1'
2018-08-06 오후 3:43:56 : INSERT INTO [LabPatMst](INTER_DATE, INTER_GUBUN, INTER_STATE, INTER_CHAM_ID, INTER_BARCODE, INTER_PID, INTER_PNAME, INTER_PSEX, INTER_PAGE, INTER_ORDT, INTER_LABNAM, INTER_LABCOD,  INTER_SUBCOD, INTER_LABRLT, INTER_LOWHIGH, INTER_NO, INTER_INOUTTYPE, INTER_MODIFY, INTER_BIGO1) VALUES (#2018-08-06 15:43:56#,'E','E','196354-S61','','','', '','','20180806','Na+','D2800020','1', '139','', '','','','139')
2018-08-06 오후 3:43:56 : Select count(*) FROM  [LabPatMst] where INTER_GUBUN = 'E ' AND INTER_CHAM_ID = '196354-S61 ' and INTER_ORDT  = '20180806'   AND INTER_BARCODE = ''   AND INTER_LABCOD = 'D2800060'  AND INTER_SUBCOD = '2'
2018-08-06 오후 3:43:56 : INSERT INTO [LabPatMst](INTER_DATE, INTER_GUBUN, INTER_STATE, INTER_CHAM_ID, INTER_BARCODE, INTER_PID, INTER_PNAME, INTER_PSEX, INTER_PAGE, INTER_ORDT, INTER_LABNAM, INTER_LABCOD,  INTER_SUBCOD, INTER_LABRLT, INTER_LOWHIGH, INTER_NO, INTER_INOUTTYPE, INTER_MODIFY, INTER_BIGO1) VALUES (#2018-08-06 15:43:56#,'E','E','196354-S61','','','', '','','20180806','K+','D2800060','2', '3.8','', '','','','3.8')
2018-08-06 오후 3:43:56 : Select count(*) FROM  [LabPatMst] where INTER_GUBUN = 'E ' AND INTER_CHAM_ID = '196354-S61 ' and INTER_ORDT  = '20180806'   AND INTER_BARCODE = ''   AND INTER_LABCOD = 'D2800030'  AND INTER_SUBCOD = '3'
2018-08-06 오후 3:43:56 : INSERT INTO [LabPatMst](INTER_DATE, INTER_GUBUN, INTER_STATE, INTER_CHAM_ID, INTER_BARCODE, INTER_PID, INTER_PNAME, INTER_PSEX, INTER_PAGE, INTER_ORDT, INTER_LABNAM, INTER_LABCOD,  INTER_SUBCOD, INTER_LABRLT, INTER_LOWHIGH, INTER_NO, INTER_INOUTTYPE, INTER_MODIFY, INTER_BIGO1) VALUES (#2018-08-06 15:43:56#,'E','E','196354-S61','','','', '','','20180806','Cl-','D2800030','3', '107','', '','','','107')
2018-08-06 오후 5:25:32 : [Get EOT] :1H|\^&|||i-Smart 30^iSmart^-^1.0.7.1||||||||1394-97|20180806173211
2P|1|||||||||||||||||||||||||||||||||
3O|1||196354-S62||||||||||||Sample|||||||||||||||
4R|1|^^^Na+^M|143|mmol/L|20^250^Reportable|-||||||20180806173211|
5R|2|^^^K+^M|4.0|mmol/L|0.5^20.0^Reportable|-|||||||
6R|3|^^^Cl-^M|105|mmol/L|20^250^Reportable|-|||||||
7R|4|^^^Hct^M|Out of Range(L)|%|10^60^Reportable|<|||||||
0L|1|N

2018-08-06 오후 5:25:32 : [장비에서받기 OBX] :4R|1|^^^Na+^M|143|mmol/L|20^250^Reportable|-||||||20180806173211|
2018-08-06 오후 5:25:32 : [장비에서받기 OBX] :5R|2|^^^K+^M|4.0|mmol/L|0.5^20.0^Reportable|-|||||||
2018-08-06 오후 5:25:32 : [장비에서받기 OBX] :6R|3|^^^Cl-^M|105|mmol/L|20^250^Reportable|-|||||||
2018-08-06 오후 5:25:32 : [장비에서받기 OBX] :7R|4|^^^Hct^M|Out of Range(L)|%|10^60^Reportable|<|||||||
2018-08-06 오후 5:25:32 : [장비에서받기 L] : 빠져나감
2018-08-06 오후 5:25:32 : Select count(*) FROM  [LabPatMst] where INTER_GUBUN = 'E ' AND INTER_CHAM_ID = '196354-S62 ' and INTER_ORDT  = '20180806'   AND INTER_BARCODE = ''   AND INTER_LABCOD = 'D2800020'  AND INTER_SUBCOD = '1'
2018-08-06 오후 5:25:32 : INSERT INTO [LabPatMst](INTER_DATE, INTER_GUBUN, INTER_STATE, INTER_CHAM_ID, INTER_BARCODE, INTER_PID, INTER_PNAME, INTER_PSEX, INTER_PAGE, INTER_ORDT, INTER_LABNAM, INTER_LABCOD,  INTER_SUBCOD, INTER_LABRLT, INTER_LOWHIGH, INTER_NO, INTER_INOUTTYPE, INTER_MODIFY, INTER_BIGO1) VALUES (#2018-08-06 17:25:32#,'E','E','196354-S62','','','', '','','20180806','Na+','D2800020','1', '143','', '','','','143')
2018-08-06 오후 5:25:32 : Select count(*) FROM  [LabPatMst] where INTER_GUBUN = 'E ' AND INTER_CHAM_ID = '196354-S62 ' and INTER_ORDT  = '20180806'   AND INTER_BARCODE = ''   AND INTER_LABCOD = 'D2800060'  AND INTER_SUBCOD = '2'
2018-08-06 오후 5:25:32 : INSERT INTO [LabPatMst](INTER_DATE, INTER_GUBUN, INTER_STATE, INTER_CHAM_ID, INTER_BARCODE, INTER_PID, INTER_PNAME, INTER_PSEX, INTER_PAGE, INTER_ORDT, INTER_LABNAM, INTER_LABCOD,  INTER_SUBCOD, INTER_LABRLT, INTER_LOWHIGH, INTER_NO, INTER_INOUTTYPE, INTER_MODIFY, INTER_BIGO1) VALUES (#2018-08-06 17:25:32#,'E','E','196354-S62','','','', '','','20180806','K+','D2800060','2', '4.0','', '','','','4.0')
2018-08-06 오후 5:25:32 : Select count(*) FROM  [LabPatMst] where INTER_GUBUN = 'E ' AND INTER_CHAM_ID = '196354-S62 ' and INTER_ORDT  = '20180806'   AND INTER_BARCODE = ''   AND INTER_LABCOD = 'D2800030'  AND INTER_SUBCOD = '3'
2018-08-06 오후 5:25:32 : INSERT INTO [LabPatMst](INTER_DATE, INTER_GUBUN, INTER_STATE, INTER_CHAM_ID, INTER_BARCODE, INTER_PID, INTER_PNAME, INTER_PSEX, INTER_PAGE, INTER_ORDT, INTER_LABNAM, INTER_LABCOD,  INTER_SUBCOD, INTER_LABRLT, INTER_LOWHIGH, INTER_NO, INTER_INOUTTYPE, INTER_MODIFY, INTER_BIGO1) VALUES (#2018-08-06 17:25:32#,'E','E','196354-S62','','','', '','','20180806','Cl-','D2800030','3', '105','', '','','','105')
2018-08-06 오후 5:49:54 : [Get EOT] :1H|\^&|||i-Smart 30^iSmart^-^1.0.7.1||||||||1394-97|20180806175633
2P|1|||||||||||||||||||||||||||||||||
3O|1||196354-S63||||||||||||Sample|||||||||||||||
4R|1|^^^Na+^M|141|mmol/L|20^250^Reportable|-||||||20180806175633|
5R|2|^^^K+^M|4.2|mmol/L|0.5^20.0^Reportable|-|||||||
6R|3|^^^Cl-^M|105|mmol/L|20^250^Reportable|-|||||||
7R|4|^^^Hct^M|Out of Range(L)|%|10^60^Reportable|<|||||||
0L|1|N

2018-08-06 오후 5:49:54 : [장비에서받기 OBX] :4R|1|^^^Na+^M|141|mmol/L|20^250^Reportable|-||||||20180806175633|
2018-08-06 오후 5:49:54 : [장비에서받기 OBX] :5R|2|^^^K+^M|4.2|mmol/L|0.5^20.0^Reportable|-|||||||
2018-08-06 오후 5:49:54 : [장비에서받기 OBX] :6R|3|^^^Cl-^M|105|mmol/L|20^250^Reportable|-|||||||
2018-08-06 오후 5:49:54 : [장비에서받기 OBX] :7R|4|^^^Hct^M|Out of Range(L)|%|10^60^Reportable|<|||||||
2018-08-06 오후 5:49:54 : [장비에서받기 L] : 빠져나감
2018-08-06 오후 5:49:54 : Select count(*) FROM  [LabPatMst] where INTER_GUBUN = 'E ' AND INTER_CHAM_ID = '196354-S63 ' and INTER_ORDT  = '20180806'   AND INTER_BARCODE = ''   AND INTER_LABCOD = 'D2800020'  AND INTER_SUBCOD = '1'
2018-08-06 오후 5:49:54 : INSERT INTO [LabPatMst](INTER_DATE, INTER_GUBUN, INTER_STATE, INTER_CHAM_ID, INTER_BARCODE, INTER_PID, INTER_PNAME, INTER_PSEX, INTER_PAGE, INTER_ORDT, INTER_LABNAM, INTER_LABCOD,  INTER_SUBCOD, INTER_LABRLT, INTER_LOWHIGH, INTER_NO, INTER_INOUTTYPE, INTER_MODIFY, INTER_BIGO1) VALUES (#2018-08-06 17:49:54#,'E','E','196354-S63','','','', '','','20180806','Na+','D2800020','1', '141','', '','','','141')
2018-08-06 오후 5:49:54 : Select count(*) FROM  [LabPatMst] where INTER_GUBUN = 'E ' AND INTER_CHAM_ID = '196354-S63 ' and INTER_ORDT  = '20180806'   AND INTER_BARCODE = ''   AND INTER_LABCOD = 'D2800060'  AND INTER_SUBCOD = '2'
2018-08-06 오후 5:49:54 : INSERT INTO [LabPatMst](INTER_DATE, INTER_GUBUN, INTER_STATE, INTER_CHAM_ID, INTER_BARCODE, INTER_PID, INTER_PNAME, INTER_PSEX, INTER_PAGE, INTER_ORDT, INTER_LABNAM, INTER_LABCOD,  INTER_SUBCOD, INTER_LABRLT, INTER_LOWHIGH, INTER_NO, INTER_INOUTTYPE, INTER_MODIFY, INTER_BIGO1) VALUES (#2018-08-06 17:49:54#,'E','E','196354-S63','','','', '','','20180806','K+','D2800060','2', '4.2','', '','','','4.2')
2018-08-06 오후 5:49:54 : Select count(*) FROM  [LabPatMst] where INTER_GUBUN = 'E ' AND INTER_CHAM_ID = '196354-S63 ' and INTER_ORDT  = '20180806'   AND INTER_BARCODE = ''   AND INTER_LABCOD = 'D2800030'  AND INTER_SUBCOD = '3'
2018-08-06 오후 5:49:54 : INSERT INTO [LabPatMst](INTER_DATE, INTER_GUBUN, INTER_STATE, INTER_CHAM_ID, INTER_BARCODE, INTER_PID, INTER_PNAME, INTER_PSEX, INTER_PAGE, INTER_ORDT, INTER_LABNAM, INTER_LABCOD,  INTER_SUBCOD, INTER_LABRLT, INTER_LOWHIGH, INTER_NO, INTER_INOUTTYPE, INTER_MODIFY, INTER_BIGO1) VALUES (#2018-08-06 17:49:54#,'E','E','196354-S63','','','', '','','20180806','Cl-','D2800030','3', '105','', '','','','105')
2018-08-06 오후 7:26:23 : [Get EOT] :1H|\^&|||i-Smart 30^iSmart^-^1.0.7.1||||||||1394-97|20180806193302
2P|1|||||||||||||||||||||||||||||||||
3O|1||196354-S64||||||||||||Sample|||||||||||||||
4R|1|^^^Na+^M|141|mmol/L|20^250^Reportable|-||||||20180806193302|
5R|2|^^^K+^M|4.1|mmol/L|0.5^20.0^Reportable|-|||||||
6R|3|^^^Cl-^M|105|mmol/L|20^250^Reportable|-|||||||
7R|4|^^^Hct^M|Out of Range(L)|%|10^60^Reportable|<|||||||
0L|1|N

2018-08-06 오후 7:26:23 : [장비에서받기 OBX] :4R|1|^^^Na+^M|141|mmol/L|20^250^Reportable|-||||||20180806193302|
2018-08-06 오후 7:26:23 : [장비에서받기 OBX] :5R|2|^^^K+^M|4.1|mmol/L|0.5^20.0^Reportable|-|||||||
2018-08-06 오후 7:26:23 : [장비에서받기 OBX] :6R|3|^^^Cl-^M|105|mmol/L|20^250^Reportable|-|||||||
2018-08-06 오후 7:26:23 : [장비에서받기 OBX] :7R|4|^^^Hct^M|Out of Range(L)|%|10^60^Reportable|<|||||||
2018-08-06 오후 7:26:23 : [장비에서받기 L] : 빠져나감
2018-08-06 오후 7:26:23 : Select count(*) FROM  [LabPatMst] where INTER_GUBUN = 'E ' AND INTER_CHAM_ID = '196354-S64 ' and INTER_ORDT  = '20180806'   AND INTER_BARCODE = ''   AND INTER_LABCOD = 'D2800020'  AND INTER_SUBCOD = '1'
2018-08-06 오후 7:26:23 : INSERT INTO [LabPatMst](INTER_DATE, INTER_GUBUN, INTER_STATE, INTER_CHAM_ID, INTER_BARCODE, INTER_PID, INTER_PNAME, INTER_PSEX, INTER_PAGE, INTER_ORDT, INTER_LABNAM, INTER_LABCOD,  INTER_SUBCOD, INTER_LABRLT, INTER_LOWHIGH, INTER_NO, INTER_INOUTTYPE, INTER_MODIFY, INTER_BIGO1) VALUES (#2018-08-06 19:26:23#,'E','E','196354-S64','','','', '','','20180806','Na+','D2800020','1', '141','', '','','','141')
2018-08-06 오후 7:26:23 : Select count(*) FROM  [LabPatMst] where INTER_GUBUN = 'E ' AND INTER_CHAM_ID = '196354-S64 ' and INTER_ORDT  = '20180806'   AND INTER_BARCODE = ''   AND INTER_LABCOD = 'D2800060'  AND INTER_SUBCOD = '2'
2018-08-06 오후 7:26:23 : INSERT INTO [LabPatMst](INTER_DATE, INTER_GUBUN, INTER_STATE, INTER_CHAM_ID, INTER_BARCODE, INTER_PID, INTER_PNAME, INTER_PSEX, INTER_PAGE, INTER_ORDT, INTER_LABNAM, INTER_LABCOD,  INTER_SUBCOD, INTER_LABRLT, INTER_LOWHIGH, INTER_NO, INTER_INOUTTYPE, INTER_MODIFY, INTER_BIGO1) VALUES (#2018-08-06 19:26:23#,'E','E','196354-S64','','','', '','','20180806','K+','D2800060','2', '4.1','', '','','','4.1')
2018-08-06 오후 7:26:23 : Select count(*) FROM  [LabPatMst] where INTER_GUBUN = 'E ' AND INTER_CHAM_ID = '196354-S64 ' and INTER_ORDT  = '20180806'   AND INTER_BARCODE = ''   AND INTER_LABCOD = 'D2800030'  AND INTER_SUBCOD = '3'
2018-08-06 오후 7:26:23 : INSERT INTO [LabPatMst](INTER_DATE, INTER_GUBUN, INTER_STATE, INTER_CHAM_ID, INTER_BARCODE, INTER_PID, INTER_PNAME, INTER_PSEX, INTER_PAGE, INTER_ORDT, INTER_LABNAM, INTER_LABCOD,  INTER_SUBCOD, INTER_LABRLT, INTER_LOWHIGH, INTER_NO, INTER_INOUTTYPE, INTER_MODIFY, INTER_BIGO1) VALUES (#2018-08-06 19:26:23#,'E','E','196354-S64','','','', '','','20180806','Cl-','D2800030','3', '105','', '','','','105')
2018-08-06 오후 7:27:58 : [Get EOT] :1H|\^&|||i-Smart 30^iSmart^-^1.0.7.1||||||||1394-97|20180806193438
2P|1|||||||||||||||||||||||||||||||||
3O|1||196354-S65||||||||||||Sample|||||||||||||||
4R|1|^^^Na+^M|139|mmol/L|20^250^Reportable|-||||||20180806193437|
5R|2|^^^K+^M|4.0|mmol/L|0.5^20.0^Reportable|-|||||||
6R|3|^^^Cl-^M|103|mmol/L|20^250^Reportable|-|||||||
7R|4|^^^Hct^M|Out of Range(L)|%|10^60^Reportable|<|||||||
0L|1|N

2018-08-06 오후 7:27:58 : [장비에서받기 OBX] :4R|1|^^^Na+^M|139|mmol/L|20^250^Reportable|-||||||20180806193437|
2018-08-06 오후 7:27:58 : [장비에서받기 OBX] :5R|2|^^^K+^M|4.0|mmol/L|0.5^20.0^Reportable|-|||||||
2018-08-06 오후 7:27:58 : [장비에서받기 OBX] :6R|3|^^^Cl-^M|103|mmol/L|20^250^Reportable|-|||||||
2018-08-06 오후 7:27:58 : [장비에서받기 OBX] :7R|4|^^^Hct^M|Out of Range(L)|%|10^60^Reportable|<|||||||
2018-08-06 오후 7:27:58 : [장비에서받기 L] : 빠져나감
2018-08-06 오후 7:27:58 : Select count(*) FROM  [LabPatMst] where INTER_GUBUN = 'E ' AND INTER_CHAM_ID = '196354-S65 ' and INTER_ORDT  = '20180806'   AND INTER_BARCODE = ''   AND INTER_LABCOD = 'D2800020'  AND INTER_SUBCOD = '1'
2018-08-06 오후 7:27:58 : INSERT INTO [LabPatMst](INTER_DATE, INTER_GUBUN, INTER_STATE, INTER_CHAM_ID, INTER_BARCODE, INTER_PID, INTER_PNAME, INTER_PSEX, INTER_PAGE, INTER_ORDT, INTER_LABNAM, INTER_LABCOD,  INTER_SUBCOD, INTER_LABRLT, INTER_LOWHIGH, INTER_NO, INTER_INOUTTYPE, INTER_MODIFY, INTER_BIGO1) VALUES (#2018-08-06 19:27:58#,'E','E','196354-S65','','','', '','','20180806','Na+','D2800020','1', '139','', '','','','139')
2018-08-06 오후 7:27:58 : Select count(*) FROM  [LabPatMst] where INTER_GUBUN = 'E ' AND INTER_CHAM_ID = '196354-S65 ' and INTER_ORDT  = '20180806'   AND INTER_BARCODE = ''   AND INTER_LABCOD = 'D2800060'  AND INTER_SUBCOD = '2'
2018-08-06 오후 7:27:58 : INSERT INTO [LabPatMst](INTER_DATE, INTER_GUBUN, INTER_STATE, INTER_CHAM_ID, INTER_BARCODE, INTER_PID, INTER_PNAME, INTER_PSEX, INTER_PAGE, INTER_ORDT, INTER_LABNAM, INTER_LABCOD,  INTER_SUBCOD, INTER_LABRLT, INTER_LOWHIGH, INTER_NO, INTER_INOUTTYPE, INTER_MODIFY, INTER_BIGO1) VALUES (#2018-08-06 19:27:58#,'E','E','196354-S65','','','', '','','20180806','K+','D2800060','2', '4.0','', '','','','4.0')
2018-08-06 오후 7:27:58 : Select count(*) FROM  [LabPatMst] where INTER_GUBUN = 'E ' AND INTER_CHAM_ID = '196354-S65 ' and INTER_ORDT  = '20180806'   AND INTER_BARCODE = ''   AND INTER_LABCOD = 'D2800030'  AND INTER_SUBCOD = '3'
2018-08-06 오후 7:27:58 : INSERT INTO [LabPatMst](INTER_DATE, INTER_GUBUN, INTER_STATE, INTER_CHAM_ID, INTER_BARCODE, INTER_PID, INTER_PNAME, INTER_PSEX, INTER_PAGE, INTER_ORDT, INTER_LABNAM, INTER_LABCOD,  INTER_SUBCOD, INTER_LABRLT, INTER_LOWHIGH, INTER_NO, INTER_INOUTTYPE, INTER_MODIFY, INTER_BIGO1) VALUES (#2018-08-06 19:27:58#,'E','E','196354-S65','','','', '','','20180806','Cl-','D2800030','3', '103','', '','','','103')
