09:48:34 : Invalid row index: 1 (must be between 0 and 0)
   위치: FarPoint.Win.Spread.Cells.get_Item(Int32 row, Int32 column)
   위치: HanhuengPrint2008.frmExcelPrint.CalculatePrintQty()

09:49:46 : 프린터 상태를 확인하세요.:응답없음
   위치: IdifCommon.frmExcelPrintBase.PrintStart()
   위치: IdifCommon.frmExcelPrintBase.PrintStart()
   위치: IdifCommon.frmExcelPrintBase.cmdPrintStart_Click(Object sender, EventArgs e)

09:52:26 : 프린터 상태를 확인하세요.:버퍼FULL
   위치: IdifCommon.frmExcelPrintBase.PrintStart()
   위치: IdifCommon.frmExcelPrintBase.PrintStart()
   위치: IdifCommon.frmExcelPrintBase.cmdPrintStart_Click(Object sender, EventArgs e)

09:57:26 : 프린터 상태를 확인하세요.:응답없음
   위치: IdifCommon.frmExcelPrintBase.PrintStart()
   위치: IdifCommon.frmExcelPrintBase.PrintStart()
   위치: IdifCommon.frmExcelPrintBase.cmdPrintStart_Click(Object sender, EventArgs e)

09:59:25 : 프린터 상태를 확인하세요.:응답없음
   위치: IdifCommon.frmExcelPrintBase.PrintStart()
   위치: IdifCommon.frmExcelPrintBase.PrintStart()
   위치: IdifCommon.frmExcelPrintBase.cmdPrintStart_Click(Object sender, EventArgs e)

10:26:00 : 프린터 상태를 확인하세요.:응답없음
   위치: IdifCommon.frmExcelPrintBase.PrintStart()
   위치: IdifCommon.frmExcelPrintBase.PrintStart()
   위치: IdifCommon.frmExcelPrintBase.cmdPrintStart_Click(Object sender, EventArgs e)

11:45:36 : 프린터 상태를 확인하세요.:응답없음
   위치: IdifCommon.frmExcelPrintBase.PrintStart()
   위치: IdifCommon.frmExcelPrintBase.PrintStart()
   위치: IdifCommon.frmExcelPrintBase.cmdPrintStart_Click(Object sender, EventArgs e)

12:05:30 : 프린터 상태를 확인하세요.:응답없음
   위치: IdifCommon.frmExcelPrintBase.PrintStart()
   위치: IdifCommon.frmExcelPrintBase.PrintStart()
   위치: IdifCommon.frmExcelPrintBase.cmdPrintStart_Click(Object sender, EventArgs e)

12:12:12 : 프린터 상태를 확인하세요.:응답없음
   위치: IdifCommon.frmExcelPrintBase.PrintStart()
   위치: IdifCommon.frmExcelPrintBase.PrintStart()
   위치: IdifCommon.frmExcelPrintBase.cmdPrintStart_Click(Object sender, EventArgs e)

12:53:32 : 프린터 상태를 확인하세요.:응답없음
   위치: IdifCommon.frmExcelPrintBase.PrintStart()
   위치: IdifCommon.frmExcelPrintBase.PrintStart()
   위치: IdifCommon.frmExcelPrintBase.cmdPrintStart_Click(Object sender, EventArgs e)

15:32:40 : 프린터 상태를 확인하세요.:응답없음
   위치: IdifCommon.frmExcelPrintBase.PrintStart()
   위치: IdifCommon.frmExcelPrintBase.PrintStart()
   위치: IdifCommon.frmExcelPrintBase.cmdPrintStart_Click(Object sender, EventArgs e)

16:00:07 : 개체 참조가 개체의 인스턴스로 설정되지 않았습니다.
   위치: HanhuengPrint2008.frmExcelPrint.CalculatePrintQty()

16:01:07 : 프린터 상태를 확인하세요.:응답없음
   위치: IdifCommon.frmExcelPrintBase.PrintStart()
   위치: IdifCommon.frmExcelPrintBase.PrintStart()
   위치: IdifCommon.frmExcelPrintBase.cmdPrintStart_Click(Object sender, EventArgs e)

16:15:21 : 프린터 상태를 확인하세요.:응답없음
   위치: IdifCommon.frmExcelPrintBase.PrintStart()
   위치: IdifCommon.frmExcelPrintBase.PrintStart()
   위치: IdifCommon.frmExcelPrintBase.cmdPrintStart_Click(Object sender, EventArgs e)

16:15:24 : 프린터 상태를 확인하세요.:일시중지
   위치: IdifCommon.frmExcelPrintBase.PrintStart()
   위치: IdifCommon.frmExcelPrintBase.PrintStart()
   위치: IdifCommon.frmExcelPrintBase.cmdPrintStart_Click(Object sender, EventArgs e)

16:15:28 : 프린터 상태를 확인하세요.:일시중지
   위치: IdifCommon.frmExcelPrintBase.PrintStart()
   위치: IdifCommon.frmExcelPrintBase.PrintStart()
   위치: IdifCommon.frmExcelPrintBase.cmdPrintStart_Click(Object sender, EventArgs e)

16:15:47 : 프린터 상태를 확인하세요.:일시중지
   위치: IdifCommon.frmExcelPrintBase.PrintStart()
   위치: IdifCommon.frmExcelPrintBase.PrintStart()
   위치: IdifCommon.frmExcelPrintBase.cmdPrintStart_Click(Object sender, EventArgs e)

16:15:51 : 프린터 상태를 확인하세요.:일시중지
   위치: IdifCommon.frmExcelPrintBase.PrintStart()
   위치: IdifCommon.frmExcelPrintBase.PrintStart()
   위치: IdifCommon.frmExcelPrintBase.cmdPrintStart_Click(Object sender, EventArgs e)

16:16:14 : 개체 참조가 개체의 인스턴스로 설정되지 않았습니다.
   위치: HanhuengPrint2008.frmExcelPrint.CalculatePrintQty()

18:09:53 : 프린터 상태를 확인하세요.:응답없음
   위치: IdifCommon.frmExcelPrintBase.PrintStart()
   위치: IdifCommon.frmExcelPrintBase.PrintStart()
   위치: IdifCommon.frmExcelPrintBase.cmdPrintStart_Click(Object sender, EventArgs e)

18:15:40 : 프린터 상태를 확인하세요.:응답없음
   위치: IdifCommon.frmExcelPrintBase.PrintStart()
   위치: IdifCommon.frmExcelPrintBase.PrintStart()
   위치: IdifCommon.frmExcelPrintBase.cmdPrintStart_Click(Object sender, EventArgs e)

18:50:28 : 프린터 상태를 확인하세요.:응답없음
   위치: IdifCommon.frmExcelPrintBase.PrintStart()
   위치: IdifCommon.frmExcelPrintBase.PrintStart()
   위치: IdifCommon.frmExcelPrintBase.cmdPrintStart_Click(Object sender, EventArgs e)

19:07:28 : 프린터 상태를 확인하세요.:응답없음
   위치: IdifCommon.frmExcelPrintBase.PrintStart()
   위치: IdifCommon.frmExcelPrintBase.PrintStart()
   위치: IdifCommon.frmExcelPrintBase.cmdPrintStart_Click(Object sender, EventArgs e)

