        Procedure : clsCommon - Public Function f_subSet_WorkList() As ADODB.Recordset

     Error Source : OmniC

     Error Number : 13

Error Description : 형식이 일치하지 않습니다.

             Date : 2010년 3월 2일 월요일

             Time : 오전 12:18:44
━━━━━━━━━━━━━━━━━━━━━━━━━━━━━━━━━━━━━━━━
        Procedure : clsCommon - Public Function f_subSet_WorkList() As ADODB.Recordset

     Error Source : Microsoft OLE DB Provider for SQL Server

     Error Number : -2147217900

Error Description : 열 이름 'C3793'이(가) 잘못되었습니다.

             Date : 2010년 3월 2일 월요일

             Time : 오전 12:25:58
━━━━━━━━━━━━━━━━━━━━━━━━━━━━━━━━━━━━━━━━
        Procedure : clsCommon - Public Function f_subSet_WorkList() As ADODB.Recordset

     Error Source : OmniC

     Error Number : 424

Error Description : 개체가 필요합니다.

             Date : 2010년 3월 2일 월요일

             Time : 오전 12:26:01
━━━━━━━━━━━━━━━━━━━━━━━━━━━━━━━━━━━━━━━━
