        Procedure : frmInterface - Private Sub f_subSet_ItemList()

     Error Source : Chiron744

     Error Number : 5

Error Description : 프로시저 호출 또는 인수가 잘못되었습니다.

             Date : 2004년 7월 23일 월요일

             Time : 오후 2:06:36
━━━━━━━━━━━━━━━━━━━━━━━━━━━━━━━━━━━━━━━━
        Procedure : frmInterface - Privete sub f_subSet_Result()

     Error Source : Microsoft JET Database Engine

     Error Number : -2147467259

Error Description : 'INTERFACE003.SpcNo' 필드는 길이가 0인 문자열이 될 수 없습니다.

             Date : 2004년 7월 23일 월요일

             Time : 오후 11:00:11
━━━━━━━━━━━━━━━━━━━━━━━━━━━━━━━━━━━━━━━━
        Procedure : frmInterface - Privete sub f_subSet_Result()

     Error Source : Microsoft JET Database Engine

     Error Number : -2147467259

Error Description : 'INTERFACE003.SpcNo' 필드는 길이가 0인 문자열이 될 수 없습니다.

             Date : 2004년 7월 23일 월요일

             Time : 오후 11:00:15
━━━━━━━━━━━━━━━━━━━━━━━━━━━━━━━━━━━━━━━━
        Procedure : frmInterface - Privete sub f_subSet_Result()

     Error Source : Microsoft JET Database Engine

     Error Number : -2147467259

Error Description : 'INTERFACE003.SpcNo' 필드는 길이가 0인 문자열이 될 수 없습니다.

             Date : 2004년 7월 23일 월요일

             Time : 오후 11:00:19
━━━━━━━━━━━━━━━━━━━━━━━━━━━━━━━━━━━━━━━━
        Procedure : frmInterface - Privete sub f_subSet_Result()

     Error Source : Microsoft JET Database Engine

     Error Number : -2147467259

Error Description : 'INTERFACE003.SpcNo' 필드는 길이가 0인 문자열이 될 수 없습니다.

             Date : 2004년 7월 23일 월요일

             Time : 오후 11:00:23
━━━━━━━━━━━━━━━━━━━━━━━━━━━━━━━━━━━━━━━━
        Procedure : frmInterface - Privete sub f_subSet_Result()

     Error Source : Microsoft JET Database Engine

     Error Number : -2147467259

Error Description : 'INTERFACE003.SpcNo' 필드는 길이가 0인 문자열이 될 수 없습니다.

             Date : 2004년 7월 23일 월요일

             Time : 오후 11:00:28
━━━━━━━━━━━━━━━━━━━━━━━━━━━━━━━━━━━━━━━━
        Procedure : frmInterface - Privete sub f_subSet_Result()

     Error Source : Microsoft JET Database Engine

     Error Number : -2147467259

Error Description : 'INTERFACE003.SpcNo' 필드는 길이가 0인 문자열이 될 수 없습니다.

             Date : 2004년 7월 23일 월요일

             Time : 오후 11:00:31
━━━━━━━━━━━━━━━━━━━━━━━━━━━━━━━━━━━━━━━━
        Procedure : frmInterface - Privete sub f_subSet_Result()

     Error Source : Microsoft JET Database Engine

     Error Number : -2147467259

Error Description : 'INTERFACE003.SpcNo' 필드는 길이가 0인 문자열이 될 수 없습니다.

             Date : 2004년 7월 23일 월요일

             Time : 오후 11:00:35
━━━━━━━━━━━━━━━━━━━━━━━━━━━━━━━━━━━━━━━━
