162 행: cmdPrevious 컨트롤을 로드할 수 없습니다.
186 행: cmdNext 컨트롤을 로드할 수 없습니다.
211 행: cmdPosNo 컨트롤을 로드할 수 없습니다.
233 행: cmdOrder 컨트롤을 로드할 수 없습니다.
303 행: cmdExcel 컨트롤을 로드할 수 없습니다.
373 행: cmdWorkList 컨트롤을 로드할 수 없습니다.
695 행: cmdRstQuery 컨트롤을 로드할 수 없습니다.
735 행: cmdAppend 컨트롤을 로드할 수 없습니다.
800 행: cmdSearch 컨트롤을 로드할 수 없습니다.
821 행: cmdEot 컨트롤을 로드할 수 없습니다.
843 행: cmdWordQuery 컨트롤을 로드할 수 없습니다.
865 행: cmdStartNo 컨트롤을 로드할 수 없습니다.
886 행: cmdRackNo 컨트롤을 로드할 수 없습니다.
982 행: cmdPrint 컨트롤을 로드할 수 없습니다.
1003 행: cmdRequist 컨트롤을 로드할 수 없습니다.
1066 행: pnlCom2 컨트롤을 로드할 수 없습니다.
1116 행: cmdChksum 컨트롤을 로드할 수 없습니다.
1138 행: cmdCOMOutput2 컨트롤을 로드할 수 없습니다.
1160 행: cmdCOMClear2 컨트롤을 로드할 수 없습니다.
1183 행: cmdCOMInput2 컨트롤을 로드할 수 없습니다.
1205 행: cmdCOMLoad 컨트롤을 로드할 수 없습니다.
1228 행: cmdACK 컨트롤을 로드할 수 없습니다.
1250 행: cmdENQ 컨트롤을 로드할 수 없습니다.
1274 행: pnlCom 컨트롤을 로드할 수 없습니다.
1320 행: cmdCOMSave 컨트롤을 로드할 수 없습니다.
1343 행: cmdCOMOutput 컨트롤을 로드할 수 없습니다.
1365 행: cmdCOMClear 컨트롤을 로드할 수 없습니다.
1388 행: cmdCOMInput 컨트롤을 로드할 수 없습니다.
1635 행: cmdAction 컨트롤을 로드할 수 없습니다.
1762 행: CaptionBar1 컨트롤을 로드할 수 없습니다.
