        Procedure : frmInterface - Private Sub cmdRun()

     Error Source : MSComm

     Error Number : 8002

Error Description : んお 廓ㄟ 澀跤腎歷蝗棲棻.

             Date : 2008喇 8錯 27橾 錯蹂橾

             Time : 螃 1:55:58
收收收收收收收收收收收收收收收收收收收收收收收收收收收收收收收收收收收收收收收收
        Procedure : frmInterface - Private Sub cmdRun()

     Error Source : MSComm

     Error Number : 8002

Error Description : んお 廓ㄟ 澀跤腎歷蝗棲棻.

             Date : 2008喇 8錯 27橾 錯蹂橾

             Time : 螃 1:56:50
收收收收收收收收收收收收收收收收收收收收收收收收收收收收收收收收收收收收收收收收
        Procedure : frmInterface - Private Sub cmdRun()

     Error Source : MSComm

     Error Number : 8002

Error Description : んお 廓ㄟ 澀跤腎歷蝗棲棻.

             Date : 2008喇 8錯 27橾 錯蹂橾

             Time : 螃 1:57:02
收收收收收收收收收收收收收收收收收收收收收收收收收收收收收收收收收收收收收收收收
        Procedure : frmInterface - Private Sub cmdRun()

     Error Source : MSComm

     Error Number : 8002

Error Description : んお 廓ㄟ 澀跤腎歷蝗棲棻.

             Date : 2008喇 8錯 27橾 錯蹂橾

             Time : 螃 1:58:34
收收收收收收收收收收收收收收收收收收收收收收收收收收收收收收收收收收收收收收收收
        Procedure : frmInterface - Private Sub cmdRun()

     Error Source : MSComm

     Error Number : 8002

Error Description : んお 廓ㄟ 澀跤腎歷蝗棲棻.

             Date : 2008喇 8錯 27橾 錯蹂橾

             Time : 螃 2:04:35
收收收收收收收收收收收收收收收收收收收收收收收收收收收收收收收收收收收收收收收收
        Procedure : frmInterface - Private Sub cmdRun()

     Error Source : MSComm

     Error Number : 8002

Error Description : んお 廓ㄟ 澀跤腎歷蝗棲棻.

             Date : 2008喇 8錯 27橾 錯蹂橾

             Time : 螃 2:04:59
收收收收收收收收收收收收收收收收收收收收收收收收收收收收收收收收收收收收收收收收
        Procedure : frmInterface - Private Sub cmdRun()

     Error Source : MSComm

     Error Number : 8002

Error Description : んお 廓ㄟ 澀跤腎歷蝗棲棻.

             Date : 2008喇 8錯 27橾 錯蹂橾

             Time : 螃 2:06:02
收收收收收收收收收收收收收收收收收收收收收收收收收收收收收收收收收收收收收收收收
        Procedure : frmInterface - Private Sub cmdRun()

     Error Source : MSComm

     Error Number : 8002

Error Description : んお 廓ㄟ 澀跤腎歷蝗棲棻.

             Date : 2008喇 8錯 27橾 錯蹂橾

             Time : 螃 2:06:21
收收收收收收收收收收收收收收收收收收收收收收收收收收收收收收收收收收收收收收收收
        Procedure : frmInterface - Private Sub cmdRun()

     Error Source : MSComm

     Error Number : 8002

Error Description : んお 廓ㄟ 澀跤腎歷蝗棲棻.

             Date : 2008喇 8錯 27橾 錯蹂橾

             Time : 螃 2:06:29
收收收收收收收收收收收收收收收收收收收收收收收收收收收收收收收收收收收收收收收收
        Procedure : frmInterface - Private Sub cmdRun()

     Error Source : MSComm

     Error Number : 8002

Error Description : んお 廓ㄟ 澀跤腎歷蝗棲棻.

             Date : 2008喇 8錯 27橾 錯蹂橾

             Time : 螃 2:06:48
收收收收收收收收收收收收收收收收收收收收收收收收收收收收收收收收收收收收收收收收
        Procedure : frmInterface - Private Sub cmdRun()

     Error Source : MSComm

     Error Number : 8002

Error Description : んお 廓ㄟ 澀跤腎歷蝗棲棻.

             Date : 2008喇 8錯 27橾 錯蹂橾

             Time : 螃 2:07:04
收收收收收收收收收收收收收收收收收收收收收收收收收收收收收收收收收收收收收收收收
        Procedure : frmInterface - Private Sub cmdRun()

     Error Source : MSComm

     Error Number : 8002

Error Description : んお 廓ㄟ 澀跤腎歷蝗棲棻.

             Date : 2008喇 8錯 27橾 錯蹂橾

             Time : 螃 2:07:11
收收收收收收收收收收收收收收收收收收收收收收收收收收收收收收收收收收收收收收收收
        Procedure : frmInterface - Private Sub cmdRun()

     Error Source : MSComm

     Error Number : 8002

Error Description : んお 廓ㄟ 澀跤腎歷蝗棲棻.

             Date : 2008喇 8錯 27橾 錯蹂橾

             Time : 螃 2:08:45
收收收收收收收收收收收收收收收收收收收收收收收收收收收收收收收收收收收收收收收收
        Procedure : frmInterface - Private Sub cmdRun()

     Error Source : MSComm

     Error Number : 8002

Error Description : んお 廓ㄟ 澀跤腎歷蝗棲棻.

             Date : 2008喇 8錯 27橾 錯蹂橾

             Time : 螃 2:08:55
收收收收收收收收收收收收收收收收收收收收收收收收收收收收收收收收收收收收收收收收
        Procedure : frmInterface - Private Sub cmdRun()

     Error Source : MSComm

     Error Number : 8002

Error Description : んお 廓ㄟ 澀跤腎歷蝗棲棻.

             Date : 2008喇 8錯 27橾 錯蹂橾

             Time : 螃 2:09:22
收收收收收收收收收收收收收收收收收收收收收收收收收收收收收收收收收收收收收收收收
        Procedure : frmInterface - Private Sub cmdRun()

     Error Source : MSComm

     Error Number : 8002

Error Description : んお 廓ㄟ 澀跤腎歷蝗棲棻.

             Date : 2008喇 8錯 27橾 錯蹂橾

             Time : 螃 2:09:52
收收收收收收收收收收收收收收收收收收收收收收收收收收收收收收收收收收收收收收收收
        Procedure : frmInterface - Private Sub cmdRun()

     Error Source : MSComm

     Error Number : 8002

Error Description : んお 廓ㄟ 澀跤腎歷蝗棲棻.

             Date : 2008喇 8錯 27橾 錯蹂橾

             Time : 螃 2:10:06
收收收收收收收收收收收收收收收收收收收收收收收收收收收收收收收收收收收收收收收收
        Procedure : clsCommon - Public Function f_subSet_ComList() As ADODB.Recordset

     Error Source : Microsoft OLE DB Provider for SQL Server

     Error Number : -2147217865

Error Description : 偃羹 檜葷 'MDCK..GUMJIN_INTERFACE'檜(陛) 澀跤腎歷蝗棲棻.

             Date : 2008喇 8錯 27橾 錯蹂橾

             Time : 螃 2:10:47
收收收收收收收收收收收收收收收收收收收收收收收收收收收收收收收收收收收收收收收收
        Procedure : clsCommon - Public Function f_subSet_WorkList() As ADODB.Recordset

     Error Source : Microsoft OLE DB Provider for SQL Server

     Error Number : -2147217865

Error Description : 偃羹 檜葷 'medicom..WaitPrsnp'檜(陛) 澀跤腎歷蝗棲棻.

             Date : 2008喇 8錯 27橾 錯蹂橾

             Time : 螃 2:18:58
收收收收收收收收收收收收收收收收收收收收收收收收收收收收收收收收收收收收收收收收
        Procedure : clsCommon - Public Function f_subSet_WorkList() As ADODB.Recordset

     Error Source : H7060

     Error Number : 424

Error Description : 偃羹陛 в蹂м棲棻.

             Date : 2008喇 8錯 27橾 錯蹂橾

             Time : 螃 2:19:00
收收收收收收收收收收收收收收收收收收收收收收收收收收收收收收收收收收收收收收收收
        Procedure : clsCommon - Public Function f_subSet_WorkList() As ADODB.Recordset

     Error Source : ADODB.Fields

     Error Number : 3265

Error Description : 蹂羶и 檜葷 傳朝 憮熱縑 п渡ж朝 鏽滓暮縑憮 о跡擊 瓊擊 熱 橈蝗棲棻.

             Date : 2008喇 8錯 27橾 錯蹂橾

             Time : 螃 3:01:37
收收收收收收收收收收收收收收收收收收收收收收收收收收收收收收收收收收收收收收收收
        Procedure : clsCommon - Public Function f_subSet_ComList() As ADODB.Recordset

     Error Source : Microsoft OLE DB Provider for SQL Server

     Error Number : -2147217865

Error Description : 偃羹 檜葷 'MDCK..GUMJIN_INTERFACE'檜(陛) 澀跤腎歷蝗棲棻.

             Date : 2008喇 8錯 27橾 錯蹂橾

             Time : 螃 3:58:45
收收收收收收收收收收收收收收收收收收收收收收收收收收收收收收收收收收收收收收收收
        Procedure : clsCommon - Public Function f_subSet_ComList() As ADODB.Recordset

     Error Source : Microsoft OLE DB Provider for SQL Server

     Error Number : -2147217865

Error Description : 偃羹 檜葷 'MDCK..GUMJIN_INTERFACE'檜(陛) 澀跤腎歷蝗棲棻.

             Date : 2008喇 8錯 27橾 錯蹂橾

             Time : 螃 3:59:37
收收收收收收收收收收收收收收收收收收收收收收收收收收收收收收收收收收收收收收收收
        Procedure : clsCommon - Public Function f_subSet_ComList() As ADODB.Recordset

     Error Source : Microsoft OLE DB Provider for SQL Server

     Error Number : -2147217865

Error Description : 偃羹 檜葷 'MDCK..GUMJIN_INTERFACE'檜(陛) 澀跤腎歷蝗棲棻.

             Date : 2008喇 8錯 27橾 錯蹂橾

             Time : 螃 3:59:57
收收收收收收收收收收收收收收收收收收收收收收收收收收收收收收收收收收收收收收收收
