58 행: fraWork 컨트롤의 Threed.SSPanel 클래스는 로드한 컨트롤 클래스가 아닙니다.
170 행: cmdPatDelete 컨트롤의 Threed.SSCommand 클래스는 로드한 컨트롤 클래스가 아닙니다.
196 행: cmdSearch 컨트롤의 Threed.SSCommand 클래스는 로드한 컨트롤 클래스가 아닙니다.
223 행: cmdIFTrans 컨트롤의 Threed.SSCommand 클래스는 로드한 컨트롤 클래스가 아닙니다.
248 행: cmdIFClear 컨트롤의 Threed.SSCommand 클래스는 로드한 컨트롤 클래스가 아닙니다.
273 행: cmdExcelExport 컨트롤의 Threed.SSCommand 클래스는 로드한 컨트롤 클래스가 아닙니다.
298 행: cmdRsltSearch 컨트롤의 Threed.SSCommand 클래스는 로드한 컨트롤 클래스가 아닙니다.
977 행: imlStatus 컨트롤의 MSComctlLib.ImageList 클래스는 로드한 컨트롤 클래스가 아닙니다.
1179 행: StatusBar1 컨트롤의 MSComctlLib.StatusBar 클래스는 로드한 컨트롤 클래스가 아닙니다.
64 행: fraWork의 _ExtentX 속성 이름이 잘못되었습니다. 
65 행: fraWork의 _ExtentY 속성 이름이 잘못되었습니다. 
66 행: fraWork의 _Version 속성 이름이 잘못되었습니다. 
76 행: fraWork의 Caption 속성 이름이 잘못되었습니다. 
77 행: fraWork의 BevelInner 속성 이름이 잘못되었습니다. 
78 행: fraWork의 Alignment 속성 이름이 잘못되었습니다. 
176 행: cmdPatDelete의 _ExtentX 속성 이름이 잘못되었습니다. 
177 행: cmdPatDelete의 _ExtentY 속성 이름이 잘못되었습니다. 
178 행: cmdPatDelete의 _Version 속성 이름이 잘못되었습니다. 
179 행: cmdPatDelete의 Font3D 속성 이름이 잘못되었습니다. 
181 행: cmdPatDelete의 PictureFrames 속성 이름이 잘못되었습니다. 
192 행: cmdPatDelete의 Caption 속성 이름이 잘못되었습니다. 
193 행: cmdPatDelete의 ButtonStyle 속성 이름이 잘못되었습니다. 
194 행: cmdPatDelete의 PictureAlignment 속성 이름이 잘못되었습니다. 
170 행: cmdPatDelete의 Picture 속성을 설정할 수 없습니다.
202 행: cmdSearch의 _ExtentX 속성 이름이 잘못되었습니다. 
203 행: cmdSearch의 _ExtentY 속성 이름이 잘못되었습니다. 
204 행: cmdSearch의 _Version 속성 이름이 잘못되었습니다. 
205 행: cmdSearch의 Font3D 속성 이름이 잘못되었습니다. 
207 행: cmdSearch의 PictureFrames 속성 이름이 잘못되었습니다. 
218 행: cmdSearch의 Caption 속성 이름이 잘못되었습니다. 
219 행: cmdSearch의 ButtonStyle 속성 이름이 잘못되었습니다. 
220 행: cmdSearch의 PictureAlignment 속성 이름이 잘못되었습니다. 
196 행: cmdSearch의 Picture 속성을 설정할 수 없습니다.
229 행: cmdIFTrans의 _ExtentX 속성 이름이 잘못되었습니다. 
230 행: cmdIFTrans의 _ExtentY 속성 이름이 잘못되었습니다. 
231 행: cmdIFTrans의 _Version 속성 이름이 잘못되었습니다. 
232 행: cmdIFTrans의 Font3D 속성 이름이 잘못되었습니다. 
234 행: cmdIFTrans의 PictureFrames 속성 이름이 잘못되었습니다. 
245 행: cmdIFTrans의 Caption 속성 이름이 잘못되었습니다. 
246 행: cmdIFTrans의 PictureAlignment 속성 이름이 잘못되었습니다. 
223 행: cmdIFTrans의 Picture 속성을 설정할 수 없습니다.
254 행: cmdIFClear의 _ExtentX 속성 이름이 잘못되었습니다. 
255 행: cmdIFClear의 _ExtentY 속성 이름이 잘못되었습니다. 
256 행: cmdIFClear의 _Version 속성 이름이 잘못되었습니다. 
257 행: cmdIFClear의 Font3D 속성 이름이 잘못되었습니다. 
259 행: cmdIFClear의 PictureFrames 속성 이름이 잘못되었습니다. 
270 행: cmdIFClear의 Caption 속성 이름이 잘못되었습니다. 
271 행: cmdIFClear의 PictureAlignment 속성 이름이 잘못되었습니다. 
248 행: cmdIFClear의 Picture 속성을 설정할 수 없습니다.
279 행: cmdExcelExport의 _ExtentX 속성 이름이 잘못되었습니다. 
280 행: cmdExcelExport의 _ExtentY 속성 이름이 잘못되었습니다. 
281 행: cmdExcelExport의 _Version 속성 이름이 잘못되었습니다. 
282 행: cmdExcelExport의 Font3D 속성 이름이 잘못되었습니다. 
284 행: cmdExcelExport의 PictureFrames 속성 이름이 잘못되었습니다. 
295 행: cmdExcelExport의 Caption 속성 이름이 잘못되었습니다. 
296 행: cmdExcelExport의 PictureAlignment 속성 이름이 잘못되었습니다. 
273 행: cmdExcelExport의 Picture 속성을 설정할 수 없습니다.
304 행: cmdRsltSearch의 _ExtentX 속성 이름이 잘못되었습니다. 
305 행: cmdRsltSearch의 _ExtentY 속성 이름이 잘못되었습니다. 
306 행: cmdRsltSearch의 _Version 속성 이름이 잘못되었습니다. 
307 행: cmdRsltSearch의 Font3D 속성 이름이 잘못되었습니다. 
309 행: cmdRsltSearch의 PictureFrames 속성 이름이 잘못되었습니다. 
320 행: cmdRsltSearch의 Caption 속성 이름이 잘못되었습니다. 
321 행: cmdRsltSearch의 PictureAlignment 속성 이름이 잘못되었습니다. 
298 행: cmdRsltSearch의 Picture 속성을 설정할 수 없습니다.
980 행: imlStatus의 _ExtentX 속성 이름이 잘못되었습니다. 
981 행: imlStatus의 _ExtentY 속성 이름이 잘못되었습니다. 
983 행: imlStatus의 ImageWidth 속성 이름이 잘못되었습니다. 
984 행: imlStatus의 ImageHeight 속성 이름이 잘못되었습니다. 
985 행: imlStatus의 MaskColor 속성 이름이 잘못되었습니다. 
986 행: imlStatus의 _Version 속성 이름이 잘못되었습니다. 
1017 행: imlStatus의 Images 속성 이름이 잘못되었습니다. 
1186 행: StatusBar1의 _ExtentX 속성 이름이 잘못되었습니다. 
1187 행: StatusBar1의 _ExtentY 속성 이름이 잘못되었습니다. 
1188 행: StatusBar1의 _Version 속성 이름이 잘못되었습니다. 
1219 행: StatusBar1의 Panels 속성 이름이 잘못되었습니다. 
