[2017-11-29 오전 10:43:12]
Project Name   : IISLibrary
Class Name     : clsIISLogOn
Procedure Name : GetEmpInfo
Description    : [DBNETLIB][ConnectionWrite (send()).]일반 네트워크 오류입니다. 네트워크 설명서를 참조하십시오.

[2017-11-29 오전 10:58:22]
Project Name   : IISLibrary
Class Name     : clsIISInterface
Procedure Name : GetAccInfo
Description    : 바코드번호:17000416672에 대한 접수내역이 없습니다.

[2017-11-29 오전 11:00:10]
Project Name   : IISLibrary
Class Name     : clsIISInterface
Procedure Name : GetAccInfo
Description    : 바코드번호:17000416672에 대한 접수내역이 없습니다.

[2017-11-29 오후 12:41:09]
Project Name   : IISLibrary
Class Name     : clsIISInterface
Procedure Name : GetAccInfo
Description    : 바코드번호:17000416672에 대한 접수내역이 없습니다.

[2017-11-29 오후 1:11:42]
Project Name   : IISLibrary
Class Name     : clsIISAccInfo
Procedure Name : GetTargetSpcs
Description    : equal to 작업에서의 "Korean_Wansung_CS_AS"과(와) "Korean_Wansung_CI_AS" 간의 데이터 정렬 충돌을 해결할 수 없습니다.

[2017-11-29 오후 1:19:15]
Project Name   : IISLibrary
Class Name     : clsIISInterface
Procedure Name : GetAccInfo
Description    : 바코드번호: 17000000811는 Worklist에 존재하는 검체입니다.

[2017-11-29 오후 1:19:15]
Project Name   : IISLibrary
Class Name     : clsIISInterface
Procedure Name : GetAccInfo
Description    : 바코드번호: 17000000820는 Worklist에 존재하는 검체입니다.

[2017-11-29 오후 1:19:15]
Project Name   : IISLibrary
Class Name     : clsIISInterface
Procedure Name : GetAccInfo
Description    : 바코드번호: 17000000823는 Worklist에 존재하는 검체입니다.

[2017-11-29 오후 1:19:15]
Project Name   : IISLibrary
Class Name     : clsIISInterface
Procedure Name : GetAccInfo
Description    : 바코드번호: 17000000825는 Worklist에 존재하는 검체입니다.

[2017-11-29 오후 1:19:15]
Project Name   : IISLibrary
Class Name     : clsIISInterface
Procedure Name : GetAccInfo
Description    : 바코드번호: 17000000828는 Worklist에 존재하는 검체입니다.

[2017-11-29 오후 1:19:15]
Project Name   : IISLibrary
Class Name     : clsIISInterface
Procedure Name : GetAccInfo
Description    : 바코드번호: 17000000831는 Worklist에 존재하는 검체입니다.

[2017-11-29 오후 1:19:16]
Project Name   : IISLibrary
Class Name     : clsIISInterface
Procedure Name : GetAccInfo
Description    : 바코드번호: 17000000834는 Worklist에 존재하는 검체입니다.

[2017-11-29 오후 1:19:16]
Project Name   : IISLibrary
Class Name     : clsIISInterface
Procedure Name : GetAccInfo
Description    : 바코드번호: 17000000837는 Worklist에 존재하는 검체입니다.

[2017-11-29 오후 1:19:21]
Project Name   : IISLibrary
Class Name     : clsIISInterface
Procedure Name : GetAccInfo
Description    : 바코드번호: 17000000811는 Worklist에 존재하는 검체입니다.

[2017-11-29 오후 1:19:21]
Project Name   : IISLibrary
Class Name     : clsIISInterface
Procedure Name : GetAccInfo
Description    : 바코드번호: 17000000820는 Worklist에 존재하는 검체입니다.

[2017-11-29 오후 1:19:21]
Project Name   : IISLibrary
Class Name     : clsIISInterface
Procedure Name : GetAccInfo
Description    : 바코드번호: 17000000823는 Worklist에 존재하는 검체입니다.

[2017-11-29 오후 1:19:21]
Project Name   : IISLibrary
Class Name     : clsIISInterface
Procedure Name : GetAccInfo
Description    : 바코드번호: 17000000825는 Worklist에 존재하는 검체입니다.

[2017-11-29 오후 1:19:22]
Project Name   : IISLibrary
Class Name     : clsIISInterface
Procedure Name : GetAccInfo
Description    : 바코드번호: 17000000828는 Worklist에 존재하는 검체입니다.

[2017-11-29 오후 1:19:22]
Project Name   : IISLibrary
Class Name     : clsIISInterface
Procedure Name : GetAccInfo
Description    : 바코드번호: 17000000831는 Worklist에 존재하는 검체입니다.

[2017-11-29 오후 1:19:22]
Project Name   : IISLibrary
Class Name     : clsIISInterface
Procedure Name : GetAccInfo
Description    : 바코드번호: 17000000834는 Worklist에 존재하는 검체입니다.

[2017-11-29 오후 1:19:22]
Project Name   : IISLibrary
Class Name     : clsIISInterface
Procedure Name : GetAccInfo
Description    : 바코드번호: 17000000837는 Worklist에 존재하는 검체입니다.

[2017-11-29 오후 1:29:25]
Project Name   : IISLibrary
Class Name     : clsIISInterface
Procedure Name : GetAccInfo
Description    : 바코드번호: 17000000811는 Worklist에 존재하는 검체입니다.

[2017-11-29 오후 1:29:25]
Project Name   : IISLibrary
Class Name     : clsIISInterface
Procedure Name : GetAccInfo
Description    : 바코드번호: 17000000820는 Worklist에 존재하는 검체입니다.

[2017-11-29 오후 1:29:25]
Project Name   : IISLibrary
Class Name     : clsIISInterface
Procedure Name : GetAccInfo
Description    : 바코드번호: 17000000823는 Worklist에 존재하는 검체입니다.

[2017-11-29 오후 1:29:26]
Project Name   : IISLibrary
Class Name     : clsIISInterface
Procedure Name : GetAccInfo
Description    : 바코드번호: 17000000825는 Worklist에 존재하는 검체입니다.

[2017-11-29 오후 1:29:26]
Project Name   : IISLibrary
Class Name     : clsIISInterface
Procedure Name : GetAccInfo
Description    : 바코드번호: 17000000828는 Worklist에 존재하는 검체입니다.

[2017-11-29 오후 1:29:26]
Project Name   : IISLibrary
Class Name     : clsIISInterface
Procedure Name : GetAccInfo
Description    : 바코드번호: 17000000831는 Worklist에 존재하는 검체입니다.

[2017-11-29 오후 1:29:26]
Project Name   : IISLibrary
Class Name     : clsIISInterface
Procedure Name : GetAccInfo
Description    : 바코드번호: 17000000834는 Worklist에 존재하는 검체입니다.

[2017-11-29 오후 1:29:26]
Project Name   : IISLibrary
Class Name     : clsIISInterface
Procedure Name : GetAccInfo
Description    : 바코드번호: 17000000837는 Worklist에 존재하는 검체입니다.

[2017-11-29 오후 1:29:47]
Project Name   : IISArchitect
Class Name     : frmIISArchitect
Procedure Name : GetEqpComm
Description    : E003 장비에 설정된 포트가 이미 사용중입니다.

[2017-11-29 오후 1:33:18]
Project Name   : IISLibrary
Class Name     : clsIISCAccInfo
Procedure Name : SaveClientDb
Description    : 필드가 너무 작아서 추가하려는 데이터 양을 받아 들일 수 없습니다. 삽입하거나 붙여 넣을 데이터 양을 줄이십시오.

[2017-11-29 오후 1:33:18]
Project Name   : IISLibrary
Class Name     : clsIISCAccInfo
Procedure Name : SaveClientDb
Description    : SQL:  INSERT INTO ACC203 (itemseq, spcno, ptid, name, sex, ageday, doctnm, deptnm,     wardnm, spccd, spcnm, statfg, qcfg, spcpos, eqpcd, transdt, transtm) VALUES (35, '17000000811', '200511160009', '장원희',     'F', 21516, '검진실', '산부인과',     '', '002', 'Whole Blood', '0',     '0', '', 'E001', '20171129', '133318')

[2017-11-29 오후 1:33:18]
Project Name   : IISLibrary
Class Name     : clsIISInterface
Procedure Name : SaveClientDb
Description    : 바코드번호: 17000000811의 ClientDb 저장에 실패했습니다.

[2017-11-29 오후 1:44:40]
Project Name   : IISLibrary
Class Name     : clsIISCAccInfo
Procedure Name : SaveClientDb
Description    : 필드가 너무 작아서 추가하려는 데이터 양을 받아 들일 수 없습니다. 삽입하거나 붙여 넣을 데이터 양을 줄이십시오.

[2017-11-29 오후 1:44:41]
Project Name   : IISLibrary
Class Name     : clsIISCAccInfo
Procedure Name : SaveClientDb
Description    : SQL:  INSERT INTO ACC203 (itemseq, spcno, ptid, name, sex, ageday, doctnm, deptnm,     wardnm, spccd, spcnm, statfg, qcfg, spcpos, eqpcd, transdt, transtm) VALUES (35, '17000000820', '201711280018', '강석남',     'M', 15672, '검진실', '산부인과',     '', '002', 'Whole Blood', '0',     '0', '', 'E001', '20171129', '134440')

[2017-11-29 오후 1:44:41]
Project Name   : IISLibrary
Class Name     : clsIISInterface
Procedure Name : SaveClientDb
Description    : 바코드번호: 17000000820의 ClientDb 저장에 실패했습니다.

[2017-11-29 오후 1:45:06]
Project Name   : IISLibrary
Class Name     : clsIISCAccInfo
Procedure Name : SaveClientDb
Description    : 필드가 너무 작아서 추가하려는 데이터 양을 받아 들일 수 없습니다. 삽입하거나 붙여 넣을 데이터 양을 줄이십시오.

[2017-11-29 오후 1:45:06]
Project Name   : IISLibrary
Class Name     : clsIISCAccInfo
Procedure Name : SaveClientDb
Description    : SQL:  INSERT INTO ACC203 (itemseq, spcno, ptid, name, sex, ageday, doctnm, deptnm,     wardnm, spccd, spcnm, statfg, qcfg, spcpos, eqpcd, transdt, transtm) VALUES (35, '17000000825', '200809160021', '강보현',     'F', 9463, '검진실', '산부인과',     '', '002', 'Whole Blood', '0',     '0', '', 'E001', '20171129', '134506')

[2017-11-29 오후 1:45:06]
Project Name   : IISLibrary
Class Name     : clsIISInterface
Procedure Name : SaveClientDb
Description    : 바코드번호: 17000000825의 ClientDb 저장에 실패했습니다.

