Row,Column,*Target Name,*Sample Name,Sample No,Patient Id
A,1,,서을순,M17004895
A,7,,서을순,M17004895
B,1,,김수연,M17004896
B,7,,김수연,M17004896
C,1,,이현주,M17004897
C,7,,이현주,M17004897
D,1,,김경숙,M17004898
D,7,,김경숙,M17004898
E,1,,조경자,M17004899
E,7,,조경자,M17004899
F,1,,장창성,M17004900
F,7,,장창성,M17004900
G,1,,김길순,M17004901
G,7,,김길순,M17004901
H,1,,정혜옥,M17004902
H,7,,정혜옥,M17004902
A,2,,김미라,M17004903
A,8,,김미라,M17004903
B,2,,하상아,M17004904
B,8,,하상아,M17004904
C,2,,채홍선,M17004905
C,8,,채홍선,M17004905
D,2,,강서현,M17004906
D,8,,강서현,M17004906
E,2,,김형자,M17004907
E,8,,김형자,M17004907
F,2,,고민정,M17004908
F,8,,고민정,M17004908
G,2,,오경숙,M17004909
G,8,,오경숙,M17004909
H,2,,박재순,M17004910
H,8,,박재순,M17004910
A,3,,이선금,M17004911
A,9,,이선금,M17004911
B,3,,김주연,M17004912
B,9,,김주연,M17004912
C,3,,우옥자,M17004913
C,9,,우옥자,M17004913
D,3,,조남덕,M17004914
D,9,,조남덕,M17004914
E,3,,이현희,M17004915
E,9,,이현희,M17004915
F,3,,박인숙,M17004916
F,9,,박인숙,M17004916
G,3,,박옥례,M17004917
G,9,,박옥례,M17004917
H,3,,박정연,M17004918
H,9,,박정연,M17004918
A,4,,공세영,M17004919
A,10,,공세영,M17004919
B,4,,박규분,M17004920
B,10,,박규분,M17004920
C,4,,강태희,M17004921
C,10,,강태희,M17004921
D,4,,김유진,M17004922
D,10,,김유진,M17004922
E,4,,최유미,M17004923
E,10,,최유미,M17004923
F,4,,김은주,M17004924
F,10,,김은주,M17004924
G,4,,김민진,M17004925
G,10,,김민진,M17004925
H,4,,김우분,M17004926
H,10,,김우분,M17004926
A,5,,조영주,M17004927
A,11,,조영주,M17004927
B,5,,NC,,
B,11,,NC,,
C,5,,PC1,,
C,11,,PC1,,
D,5,,PC2,,
D,11,,PC2,,
E,5,,PC3,,
E,11,,PC3,,
