

***********************************************************************
Fatal NI connect error 12560, connecting to:
 (DESCRIPTION=(ADDRESS=(PROTOCOL=BEQ)(PROGRAM=oracle)(ARGV0=oracleORCL)(ARGS='(DESCRIPTION=(LOCAL=YES)(ADDRESS=(PROTOCOL=beq)))'))(CONNECT_DATA=(SID=ORCL)(CID=(PROGRAM=C:\Program Files\Microsoft Visual Studio\VB98\vb6.exe)(HOST=FC0EF392E0AE4DF)(USER=Administrator))))

  VERSION INFORMATION:
	TNS for 32-bit Windows: Version 10.2.0.1.0 - Production
	Oracle Bequeath NT Protocol Adapter for 32-bit Windows: Version 10.2.0.1.0 - Production
  Time: 08-12월-2016 10:16:17
  Tracing not turned on.
  Tns error struct:
    ns main err code: 12560
    TNS-12560: TNS:프로토콜 어댑터 오류
    ns secondary err code: 0
    nt main err code: 530
    TNS-00530: 프로토콜 어댑터 오류입니다
    nt secondary err code: 126
    nt OS err code: 0


***********************************************************************
Fatal NI connect error 12560, connecting to:
 (DESCRIPTION=(ADDRESS=(PROTOCOL=BEQ)(PROGRAM=oracle)(ARGV0=oracleORCL)(ARGS='(DESCRIPTION=(LOCAL=YES)(ADDRESS=(PROTOCOL=beq)))'))(CONNECT_DATA=(SID=ORCL)(CID=(PROGRAM=C:\Program Files\Microsoft Visual Studio\VB98\vb6.exe)(HOST=FC0EF392E0AE4DF)(USER=Administrator))))

  VERSION INFORMATION:
	TNS for 32-bit Windows: Version 10.2.0.1.0 - Production
	Oracle Bequeath NT Protocol Adapter for 32-bit Windows: Version 10.2.0.1.0 - Production
  Time: 08-12월-2016 10:19:09
  Tracing not turned on.
  Tns error struct:
    ns main err code: 12560
    TNS-12560: TNS:프로토콜 어댑터 오류
    ns secondary err code: 0
    nt main err code: 530
    TNS-00530: 프로토콜 어댑터 오류입니다
    nt secondary err code: 126
    nt OS err code: 0


***********************************************************************
Fatal NI connect error 12560, connecting to:
 (DESCRIPTION=(ADDRESS=(PROTOCOL=BEQ)(PROGRAM=oracle)(ARGV0=oracleORCL)(ARGS='(DESCRIPTION=(LOCAL=YES)(ADDRESS=(PROTOCOL=beq)))'))(CONNECT_DATA=(SID=ORCL)(CID=(PROGRAM=C:\Program Files\Microsoft Visual Studio\VB98\vb6.exe)(HOST=FC0EF392E0AE4DF)(USER=Administrator))))

  VERSION INFORMATION:
	TNS for 32-bit Windows: Version 10.2.0.1.0 - Production
	Oracle Bequeath NT Protocol Adapter for 32-bit Windows: Version 10.2.0.1.0 - Production
  Time: 08-12월-2016 10:45:22
  Tracing not turned on.
  Tns error struct:
    ns main err code: 12560
    TNS-12560: TNS:프로토콜 어댑터 오류
    ns secondary err code: 0
    nt main err code: 530
    TNS-00530: 프로토콜 어댑터 오류입니다
    nt secondary err code: 126
    nt OS err code: 0


***********************************************************************
Fatal NI connect error 12170.

  VERSION INFORMATION:
	TNS for 32-bit Windows: Version 10.2.0.3.0 - Production
	Windows NT TCP/IP NT Protocol Adapter for 32-bit Windows: Version 10.2.0.3.0 - Production
  Time: 16-6월 -2017 11:51:56
  Tracing not turned on.
  Tns error struct:
    ns main err code: 12535
    TNS-12535: TNS:작동이 중단중입니다
    ns secondary err code: 12560
    nt main err code: 505
    TNS-00505: 작동이 중단중입니다
    nt secondary err code: 60
    nt OS err code: 0
  Client address: <unknown>


***********************************************************************
Fatal NI connect error 12560, connecting to:
 (DESCRIPTION=(ADDRESS=(PROTOCOL=BEQ)(PROGRAM=oracle)(ARGV0=oracleORCL)(ARGS='(DESCRIPTION=(LOCAL=YES)(ADDRESS=(PROTOCOL=beq)))'))(CONNECT_DATA=(SID=ORCL)(CID=(PROGRAM=C:\Program?Files??x86?\Microsoft?Visual?Studio\VB98\vb6.exe)(HOST=OKSOFT)(USER=Lenovo))))

  VERSION INFORMATION:
	TNS for 32-bit Windows: Version 10.2.0.3.0 - Production
	Oracle Bequeath NT Protocol Adapter for 32-bit Windows: Version 10.2.0.3.0 - Production
  Time: 16-6월 -2017 11:51:56
  Tracing not turned on.
  Tns error struct:
    ns main err code: 12560
    TNS-12560: TNS:프로토콜 어댑터 오류
    ns secondary err code: 0
    nt main err code: 530
    TNS-00530: 프로토콜 어댑터 오류입니다
    nt secondary err code: 126
    nt OS err code: 0


***********************************************************************
Fatal NI connect error 12170.

  VERSION INFORMATION:
	TNS for 32-bit Windows: Version 10.2.0.3.0 - Production
	Windows NT TCP/IP NT Protocol Adapter for 32-bit Windows: Version 10.2.0.3.0 - Production
  Time: 16-6월 -2017 11:54:22
  Tracing not turned on.
  Tns error struct:
    ns main err code: 12535
    TNS-12535: TNS:작동이 중단중입니다
    ns secondary err code: 12560
    nt main err code: 505
    TNS-00505: 작동이 중단중입니다
    nt secondary err code: 60
    nt OS err code: 0
  Client address: <unknown>


***********************************************************************
Fatal NI connect error 12560, connecting to:
 (DESCRIPTION=(ADDRESS=(PROTOCOL=BEQ)(PROGRAM=oracle)(ARGV0=oracleORCL)(ARGS='(DESCRIPTION=(LOCAL=YES)(ADDRESS=(PROTOCOL=beq)))'))(CONNECT_DATA=(SID=ORCL)(CID=(PROGRAM=C:\Program?Files??x86?\Microsoft?Visual?Studio\VB98\vb6.exe)(HOST=OKSOFT)(USER=Lenovo))))

  VERSION INFORMATION:
	TNS for 32-bit Windows: Version 10.2.0.3.0 - Production
	Oracle Bequeath NT Protocol Adapter for 32-bit Windows: Version 10.2.0.3.0 - Production
  Time: 16-6월 -2017 11:54:22
  Tracing not turned on.
  Tns error struct:
    ns main err code: 12560
    TNS-12560: TNS:프로토콜 어댑터 오류
    ns secondary err code: 0
    nt main err code: 530
    TNS-00530: 프로토콜 어댑터 오류입니다
    nt secondary err code: 126
    nt OS err code: 0


***********************************************************************
Fatal NI connect error 12170.

  VERSION INFORMATION:
	TNS for 32-bit Windows: Version 10.2.0.3.0 - Production
	Windows NT TCP/IP NT Protocol Adapter for 32-bit Windows: Version 10.2.0.3.0 - Production
  Time: 16-6월 -2017 16:31:40
  Tracing not turned on.
  Tns error struct:
    ns main err code: 12535
    TNS-12535: TNS:작동이 중단중입니다
    ns secondary err code: 12560
    nt main err code: 505
    TNS-00505: 작동이 중단중입니다
    nt secondary err code: 60
    nt OS err code: 0
  Client address: <unknown>


***********************************************************************
Fatal NI connect error 12560, connecting to:
 (DESCRIPTION=(ADDRESS=(PROTOCOL=BEQ)(PROGRAM=oracle)(ARGV0=oracleORCL)(ARGS='(DESCRIPTION=(LOCAL=YES)(ADDRESS=(PROTOCOL=beq)))'))(CONNECT_DATA=(SID=ORCL)(CID=(PROGRAM=C:\Program?Files??x86?\Microsoft?Visual?Studio\VB98\vb6.exe)(HOST=OKSOFT)(USER=Lenovo))))

  VERSION INFORMATION:
	TNS for 32-bit Windows: Version 10.2.0.3.0 - Production
	Oracle Bequeath NT Protocol Adapter for 32-bit Windows: Version 10.2.0.3.0 - Production
  Time: 16-6월 -2017 16:31:40
  Tracing not turned on.
  Tns error struct:
    ns main err code: 12560
    TNS-12560: TNS:프로토콜 어댑터 오류
    ns secondary err code: 0
    nt main err code: 530
    TNS-00530: 프로토콜 어댑터 오류입니다
    nt secondary err code: 126
    nt OS err code: 0


***********************************************************************
Fatal NI connect error 12170.

  VERSION INFORMATION:
	TNS for 32-bit Windows: Version 10.2.0.3.0 - Production
	Windows NT TCP/IP NT Protocol Adapter for 32-bit Windows: Version 10.2.0.3.0 - Production
  Time: 16-6월 -2017 16:32:27
  Tracing not turned on.
  Tns error struct:
    ns main err code: 12535
    TNS-12535: TNS:작동이 중단중입니다
    ns secondary err code: 12560
    nt main err code: 505
    TNS-00505: 작동이 중단중입니다
    nt secondary err code: 60
    nt OS err code: 0
  Client address: <unknown>


***********************************************************************
Fatal NI connect error 12560, connecting to:
 (DESCRIPTION=(ADDRESS=(PROTOCOL=BEQ)(PROGRAM=oracle)(ARGV0=oracleORCL)(ARGS='(DESCRIPTION=(LOCAL=YES)(ADDRESS=(PROTOCOL=beq)))'))(CONNECT_DATA=(SID=ORCL)(CID=(PROGRAM=C:\Program?Files??x86?\Microsoft?Visual?Studio\VB98\vb6.exe)(HOST=OKSOFT)(USER=Lenovo))))

  VERSION INFORMATION:
	TNS for 32-bit Windows: Version 10.2.0.3.0 - Production
	Oracle Bequeath NT Protocol Adapter for 32-bit Windows: Version 10.2.0.3.0 - Production
  Time: 16-6월 -2017 16:32:27
  Tracing not turned on.
  Tns error struct:
    ns main err code: 12560
    TNS-12560: TNS:프로토콜 어댑터 오류
    ns secondary err code: 0
    nt main err code: 530
    TNS-00530: 프로토콜 어댑터 오류입니다
    nt secondary err code: 126
    nt OS err code: 0


***********************************************************************
Fatal NI connect error 12170.

  VERSION INFORMATION:
	TNS for 32-bit Windows: Version 10.2.0.3.0 - Production
	Windows NT TCP/IP NT Protocol Adapter for 32-bit Windows: Version 10.2.0.3.0 - Production
  Time: 16-6월 -2017 16:33:02
  Tracing not turned on.
  Tns error struct:
    ns main err code: 12535
    TNS-12535: TNS:작동이 중단중입니다
    ns secondary err code: 12560
    nt main err code: 505
    TNS-00505: 작동이 중단중입니다
    nt secondary err code: 60
    nt OS err code: 0
  Client address: <unknown>


***********************************************************************
Fatal NI connect error 12560, connecting to:
 (DESCRIPTION=(ADDRESS=(PROTOCOL=BEQ)(PROGRAM=oracle)(ARGV0=oracleORCL)(ARGS='(DESCRIPTION=(LOCAL=YES)(ADDRESS=(PROTOCOL=beq)))'))(CONNECT_DATA=(SID=ORCL)(CID=(PROGRAM=C:\Program?Files??x86?\Microsoft?Visual?Studio\VB98\vb6.exe)(HOST=OKSOFT)(USER=Lenovo))))

  VERSION INFORMATION:
	TNS for 32-bit Windows: Version 10.2.0.3.0 - Production
	Oracle Bequeath NT Protocol Adapter for 32-bit Windows: Version 10.2.0.3.0 - Production
  Time: 16-6월 -2017 16:33:02
  Tracing not turned on.
  Tns error struct:
    ns main err code: 12560
    TNS-12560: TNS:프로토콜 어댑터 오류
    ns secondary err code: 0
    nt main err code: 530
    TNS-00530: 프로토콜 어댑터 오류입니다
    nt secondary err code: 126
    nt OS err code: 0


***********************************************************************
Fatal NI connect error 12170.

  VERSION INFORMATION:
	TNS for 32-bit Windows: Version 10.2.0.3.0 - Production
	Windows NT TCP/IP NT Protocol Adapter for 32-bit Windows: Version 10.2.0.3.0 - Production
  Time: 16-6월 -2017 17:10:08
  Tracing not turned on.
  Tns error struct:
    ns main err code: 12535
    TNS-12535: TNS:작동이 중단중입니다
    ns secondary err code: 12560
    nt main err code: 505
    TNS-00505: 작동이 중단중입니다
    nt secondary err code: 60
    nt OS err code: 0
  Client address: <unknown>


***********************************************************************
Fatal NI connect error 12560, connecting to:
 (DESCRIPTION=(ADDRESS=(PROTOCOL=BEQ)(PROGRAM=oracle)(ARGV0=oracleORCL)(ARGS='(DESCRIPTION=(LOCAL=YES)(ADDRESS=(PROTOCOL=beq)))'))(CONNECT_DATA=(SID=ORCL)(CID=(PROGRAM=C:\Program?Files??x86?\Microsoft?Visual?Studio\VB98\vb6.exe)(HOST=OKSOFT)(USER=Lenovo))))

  VERSION INFORMATION:
	TNS for 32-bit Windows: Version 10.2.0.3.0 - Production
	Oracle Bequeath NT Protocol Adapter for 32-bit Windows: Version 10.2.0.3.0 - Production
  Time: 16-6월 -2017 17:10:08
  Tracing not turned on.
  Tns error struct:
    ns main err code: 12560
    TNS-12560: TNS:프로토콜 어댑터 오류
    ns secondary err code: 0
    nt main err code: 530
    TNS-00530: 프로토콜 어댑터 오류입니다
    nt secondary err code: 126
    nt OS err code: 0


***********************************************************************
Fatal NI connect error 12170.

  VERSION INFORMATION:
	TNS for 32-bit Windows: Version 10.2.0.3.0 - Production
	Windows NT TCP/IP NT Protocol Adapter for 32-bit Windows: Version 10.2.0.3.0 - Production
  Time: 16-6월 -2017 17:11:09
  Tracing not turned on.
  Tns error struct:
    ns main err code: 12535
    TNS-12535: TNS:작동이 중단중입니다
    ns secondary err code: 12560
    nt main err code: 505
    TNS-00505: 작동이 중단중입니다
    nt secondary err code: 60
    nt OS err code: 0
  Client address: <unknown>


***********************************************************************
Fatal NI connect error 12560, connecting to:
 (DESCRIPTION=(ADDRESS=(PROTOCOL=BEQ)(PROGRAM=oracle)(ARGV0=oracleORCL)(ARGS='(DESCRIPTION=(LOCAL=YES)(ADDRESS=(PROTOCOL=beq)))'))(CONNECT_DATA=(SID=ORCL)(CID=(PROGRAM=C:\Program?Files??x86?\Microsoft?Visual?Studio\VB98\vb6.exe)(HOST=OKSOFT)(USER=Lenovo))))

  VERSION INFORMATION:
	TNS for 32-bit Windows: Version 10.2.0.3.0 - Production
	Oracle Bequeath NT Protocol Adapter for 32-bit Windows: Version 10.2.0.3.0 - Production
  Time: 16-6월 -2017 17:11:09
  Tracing not turned on.
  Tns error struct:
    ns main err code: 12560
    TNS-12560: TNS:프로토콜 어댑터 오류
    ns secondary err code: 0
    nt main err code: 530
    TNS-00530: 프로토콜 어댑터 오류입니다
    nt secondary err code: 126
    nt OS err code: 0


***********************************************************************
Fatal NI connect error 12170.

  VERSION INFORMATION:
	TNS for 32-bit Windows: Version 10.2.0.3.0 - Production
	Windows NT TCP/IP NT Protocol Adapter for 32-bit Windows: Version 10.2.0.3.0 - Production
  Time: 17-6월 -2017 13:17:04
  Tracing not turned on.
  Tns error struct:
    ns main err code: 12535
    TNS-12535: TNS:작동이 중단중입니다
    ns secondary err code: 12560
    nt main err code: 505
    TNS-00505: 작동이 중단중입니다
    nt secondary err code: 60
    nt OS err code: 0
  Client address: <unknown>


***********************************************************************
Fatal NI connect error 12560, connecting to:
 (DESCRIPTION=(ADDRESS=(PROTOCOL=BEQ)(PROGRAM=oracle)(ARGV0=oracleORCL)(ARGS='(DESCRIPTION=(LOCAL=YES)(ADDRESS=(PROTOCOL=beq)))'))(CONNECT_DATA=(SID=ORCL)(CID=(PROGRAM=C:\Program?Files??x86?\Microsoft?Visual?Studio\VB98\vb6.exe)(HOST=OKSOFT)(USER=Lenovo))))

  VERSION INFORMATION:
	TNS for 32-bit Windows: Version 10.2.0.3.0 - Production
	Oracle Bequeath NT Protocol Adapter for 32-bit Windows: Version 10.2.0.3.0 - Production
  Time: 17-6월 -2017 13:17:04
  Tracing not turned on.
  Tns error struct:
    ns main err code: 12560
    TNS-12560: TNS:프로토콜 어댑터 오류
    ns secondary err code: 0
    nt main err code: 530
    TNS-00530: 프로토콜 어댑터 오류입니다
    nt secondary err code: 126
    nt OS err code: 0


***********************************************************************
Fatal NI connect error 12170.

  VERSION INFORMATION:
	TNS for 32-bit Windows: Version 10.2.0.3.0 - Production
	Windows NT TCP/IP NT Protocol Adapter for 32-bit Windows: Version 10.2.0.3.0 - Production
  Time: 26-6월 -2017 08:41:14
  Tracing not turned on.
  Tns error struct:
    ns main err code: 12535
    TNS-12535: TNS:작동이 중단중입니다
    ns secondary err code: 12560
    nt main err code: 505
    TNS-00505: 작동이 중단중입니다
    nt secondary err code: 60
    nt OS err code: 0
  Client address: <unknown>


***********************************************************************
Fatal NI connect error 12560, connecting to:
 (DESCRIPTION=(ADDRESS=(PROTOCOL=BEQ)(PROGRAM=oracle)(ARGV0=oracleORCL)(ARGS='(DESCRIPTION=(LOCAL=YES)(ADDRESS=(PROTOCOL=beq)))'))(CONNECT_DATA=(SID=ORCL)(CID=(PROGRAM=C:\Program?Files??x86?\Microsoft?Visual?Studio\VB98\vb6.exe)(HOST=OKSOFT)(USER=Lenovo))))

  VERSION INFORMATION:
	TNS for 32-bit Windows: Version 10.2.0.3.0 - Production
	Oracle Bequeath NT Protocol Adapter for 32-bit Windows: Version 10.2.0.3.0 - Production
  Time: 26-6월 -2017 08:41:14
  Tracing not turned on.
  Tns error struct:
    ns main err code: 12560
    TNS-12560: TNS:프로토콜 어댑터 오류
    ns secondary err code: 0
    nt main err code: 530
    TNS-00530: 프로토콜 어댑터 오류입니다
    nt secondary err code: 126
    nt OS err code: 0


***********************************************************************
Fatal NI connect error 12170.

  VERSION INFORMATION:
	TNS for 32-bit Windows: Version 10.2.0.3.0 - Production
	Windows NT TCP/IP NT Protocol Adapter for 32-bit Windows: Version 10.2.0.3.0 - Production
  Time: 26-6월 -2017 08:41:59
  Tracing not turned on.
  Tns error struct:
    ns main err code: 12535
    TNS-12535: TNS:작동이 중단중입니다
    ns secondary err code: 12560
    nt main err code: 505
    TNS-00505: 작동이 중단중입니다
    nt secondary err code: 60
    nt OS err code: 0
  Client address: <unknown>


***********************************************************************
Fatal NI connect error 12560, connecting to:
 (DESCRIPTION=(ADDRESS=(PROTOCOL=BEQ)(PROGRAM=oracle)(ARGV0=oracleORCL)(ARGS='(DESCRIPTION=(LOCAL=YES)(ADDRESS=(PROTOCOL=beq)))'))(CONNECT_DATA=(SID=ORCL)(CID=(PROGRAM=C:\Program?Files??x86?\Microsoft?Visual?Studio\VB98\vb6.exe)(HOST=OKSOFT)(USER=Lenovo))))

  VERSION INFORMATION:
	TNS for 32-bit Windows: Version 10.2.0.3.0 - Production
	Oracle Bequeath NT Protocol Adapter for 32-bit Windows: Version 10.2.0.3.0 - Production
  Time: 26-6월 -2017 08:41:59
  Tracing not turned on.
  Tns error struct:
    ns main err code: 12560
    TNS-12560: TNS:프로토콜 어댑터 오류
    ns secondary err code: 0
    nt main err code: 530
    TNS-00530: 프로토콜 어댑터 오류입니다
    nt secondary err code: 126
    nt OS err code: 0


***********************************************************************
Fatal NI connect error 12560, connecting to:
 (DESCRIPTION=(ADDRESS=(PROTOCOL=TCP)(HOST=210.110.80.175)(PORT=1521))(CONNECT_DATA=(SERVICE_NAME=DJH)(CID=(PROGRAM=C:\Program?Files??x86?\Microsoft?Visual?Studio\VB98\vb6.exe)(HOST=OKSOFT)(USER=Lenovo))))

  VERSION INFORMATION:
	TNS for 32-bit Windows: Version 10.2.0.3.0 - Production
	Windows NT TCP/IP NT Protocol Adapter for 32-bit Windows: Version 10.2.0.3.0 - Production
  Time: 28-6월 -2017 19:42:51
  Tracing not turned on.
  Tns error struct:
    ns main err code: 12560
    TNS-12560: TNS:프로토콜 어댑터 오류
    ns secondary err code: 0
    nt main err code: 538
    TNS-00538: Message 538 not found;  product=NETWORK; facility=TNS

    nt secondary err code: 65
    nt OS err code: 0


***********************************************************************
Fatal NI connect error 12560, connecting to:
 (DESCRIPTION=(ADDRESS=(PROTOCOL=BEQ)(PROGRAM=oracle)(ARGV0=oracleORCL)(ARGS='(DESCRIPTION=(LOCAL=YES)(ADDRESS=(PROTOCOL=beq)))'))(CONNECT_DATA=(SID=ORCL)(CID=(PROGRAM=C:\Program?Files??x86?\Microsoft?Visual?Studio\VB98\vb6.exe)(HOST=OKSOFT)(USER=Lenovo))))

  VERSION INFORMATION:
	TNS for 32-bit Windows: Version 10.2.0.3.0 - Production
	Oracle Bequeath NT Protocol Adapter for 32-bit Windows: Version 10.2.0.3.0 - Production
  Time: 28-6월 -2017 19:42:51
  Tracing not turned on.
  Tns error struct:
    ns main err code: 12560
    TNS-12560: TNS:프로토콜 어댑터 오류
    ns secondary err code: 0
    nt main err code: 530
    TNS-00530: 프로토콜 어댑터 오류입니다
    nt secondary err code: 126
    nt OS err code: 0


***********************************************************************
Fatal NI connect error 12170.

  VERSION INFORMATION:
	TNS for 32-bit Windows: Version 10.2.0.3.0 - Production
	Windows NT TCP/IP NT Protocol Adapter for 32-bit Windows: Version 10.2.0.3.0 - Production
  Time: 11-7월 -2017 18:01:58
  Tracing not turned on.
  Tns error struct:
    ns main err code: 12535
    TNS-12535: TNS:작동이 중단중입니다
    ns secondary err code: 12560
    nt main err code: 505
    TNS-00505: 작동이 중단중입니다
    nt secondary err code: 60
    nt OS err code: 0
  Client address: <unknown>


***********************************************************************
Fatal NI connect error 12560, connecting to:
 (DESCRIPTION=(ADDRESS=(PROTOCOL=BEQ)(PROGRAM=oracle)(ARGV0=oracleORCL)(ARGS='(DESCRIPTION=(LOCAL=YES)(ADDRESS=(PROTOCOL=beq)))'))(CONNECT_DATA=(SID=ORCL)(CID=(PROGRAM=C:\Program?Files??x86?\Microsoft?Visual?Studio\VB98\vb6.exe)(HOST=OKSOFT)(USER=Lenovo))))

  VERSION INFORMATION:
	TNS for 32-bit Windows: Version 10.2.0.3.0 - Production
	Oracle Bequeath NT Protocol Adapter for 32-bit Windows: Version 10.2.0.3.0 - Production
  Time: 11-7월 -2017 18:01:58
  Tracing not turned on.
  Tns error struct:
    ns main err code: 12560
    TNS-12560: TNS:프로토콜 어댑터 오류
    ns secondary err code: 0
    nt main err code: 530
    TNS-00530: 프로토콜 어댑터 오류입니다
    nt secondary err code: 126
    nt OS err code: 0


***********************************************************************
Fatal NI connect error 12170.

  VERSION INFORMATION:
	TNS for 32-bit Windows: Version 10.2.0.3.0 - Production
	Windows NT TCP/IP NT Protocol Adapter for 32-bit Windows: Version 10.2.0.3.0 - Production
  Time: 12-7월 -2017 23:44:19
  Tracing not turned on.
  Tns error struct:
    ns main err code: 12535
    TNS-12535: TNS:작동이 중단중입니다
    ns secondary err code: 12560
    nt main err code: 505
    TNS-00505: 작동이 중단중입니다
    nt secondary err code: 60
    nt OS err code: 0
  Client address: <unknown>


***********************************************************************
Fatal NI connect error 12560, connecting to:
 (DESCRIPTION=(ADDRESS=(PROTOCOL=BEQ)(PROGRAM=oracle)(ARGV0=oracleORCL)(ARGS='(DESCRIPTION=(LOCAL=YES)(ADDRESS=(PROTOCOL=beq)))'))(CONNECT_DATA=(SID=ORCL)(CID=(PROGRAM=D:\????????\VB\????????????_????\AU400\AU400.exe)(HOST=OKSOFT)(USER=Lenovo))))

  VERSION INFORMATION:
	TNS for 32-bit Windows: Version 10.2.0.3.0 - Production
	Oracle Bequeath NT Protocol Adapter for 32-bit Windows: Version 10.2.0.3.0 - Production
  Time: 12-7월 -2017 23:44:20
  Tracing not turned on.
  Tns error struct:
    ns main err code: 12560
    TNS-12560: TNS:프로토콜 어댑터 오류
    ns secondary err code: 0
    nt main err code: 530
    TNS-00530: 프로토콜 어댑터 오류입니다
    nt secondary err code: 126
    nt OS err code: 0


***********************************************************************
Fatal NI connect error 12170.

  VERSION INFORMATION:
	TNS for 32-bit Windows: Version 10.2.0.3.0 - Production
	Windows NT TCP/IP NT Protocol Adapter for 32-bit Windows: Version 10.2.0.3.0 - Production
  Time: 13-7월 -2017 14:17:06
  Tracing not turned on.
  Tns error struct:
    ns main err code: 12535
    TNS-12535: TNS:작동이 중단중입니다
    ns secondary err code: 12560
    nt main err code: 505
    TNS-00505: 작동이 중단중입니다
    nt secondary err code: 60
    nt OS err code: 0
  Client address: <unknown>


***********************************************************************
Fatal NI connect error 12560, connecting to:
 (DESCRIPTION=(ADDRESS=(PROTOCOL=BEQ)(PROGRAM=oracle)(ARGV0=oracleORCL)(ARGS='(DESCRIPTION=(LOCAL=YES)(ADDRESS=(PROTOCOL=beq)))'))(CONNECT_DATA=(SID=ORCL)(CID=(PROGRAM=C:\Program?Files??x86?\Microsoft?Visual?Studio\VB98\vb6.exe)(HOST=OKSOFT)(USER=Lenovo))))

  VERSION INFORMATION:
	TNS for 32-bit Windows: Version 10.2.0.3.0 - Production
	Oracle Bequeath NT Protocol Adapter for 32-bit Windows: Version 10.2.0.3.0 - Production
  Time: 13-7월 -2017 14:17:06
  Tracing not turned on.
  Tns error struct:
    ns main err code: 12560
    TNS-12560: TNS:프로토콜 어댑터 오류
    ns secondary err code: 0
    nt main err code: 530
    TNS-00530: 프로토콜 어댑터 오류입니다
    nt secondary err code: 126
    nt OS err code: 0


***********************************************************************
Fatal NI connect error 12170.

  VERSION INFORMATION:
	TNS for 32-bit Windows: Version 10.2.0.3.0 - Production
	Windows NT TCP/IP NT Protocol Adapter for 32-bit Windows: Version 10.2.0.3.0 - Production
  Time: 14-7월 -2017 10:18:56
  Tracing not turned on.
  Tns error struct:
    ns main err code: 12535
    TNS-12535: TNS:작동이 중단중입니다
    ns secondary err code: 12560
    nt main err code: 505
    TNS-00505: 작동이 중단중입니다
    nt secondary err code: 60
    nt OS err code: 0
  Client address: <unknown>


***********************************************************************
Fatal NI connect error 12560, connecting to:
 (DESCRIPTION=(ADDRESS=(PROTOCOL=BEQ)(PROGRAM=oracle)(ARGV0=oracleORCL)(ARGS='(DESCRIPTION=(LOCAL=YES)(ADDRESS=(PROTOCOL=beq)))'))(CONNECT_DATA=(SID=ORCL)(CID=(PROGRAM=C:\Program?Files??x86?\Microsoft?Visual?Studio\VB98\vb6.exe)(HOST=OKSOFT)(USER=Lenovo))))

  VERSION INFORMATION:
	TNS for 32-bit Windows: Version 10.2.0.3.0 - Production
	Oracle Bequeath NT Protocol Adapter for 32-bit Windows: Version 10.2.0.3.0 - Production
  Time: 14-7월 -2017 10:18:57
  Tracing not turned on.
  Tns error struct:
    ns main err code: 12560
    TNS-12560: TNS:프로토콜 어댑터 오류
    ns secondary err code: 0
    nt main err code: 530
    TNS-00530: 프로토콜 어댑터 오류입니다
    nt secondary err code: 126
    nt OS err code: 0


***********************************************************************
Fatal NI connect error 12170.

  VERSION INFORMATION:
	TNS for 32-bit Windows: Version 10.2.0.3.0 - Production
	Windows NT TCP/IP NT Protocol Adapter for 32-bit Windows: Version 10.2.0.3.0 - Production
  Time: 17-8월 -2017 09:58:35
  Tracing not turned on.
  Tns error struct:
    ns main err code: 12535
    TNS-12535: TNS:작동이 중단중입니다
    ns secondary err code: 12560
    nt main err code: 505
    TNS-00505: 작동이 중단중입니다
    nt secondary err code: 60
    nt OS err code: 0
  Client address: <unknown>


***********************************************************************
Fatal NI connect error 12560, connecting to:
 (DESCRIPTION=(ADDRESS=(PROTOCOL=BEQ)(PROGRAM=oracle)(ARGV0=oracleORCL)(ARGS='(DESCRIPTION=(LOCAL=YES)(ADDRESS=(PROTOCOL=beq)))'))(CONNECT_DATA=(SID=ORCL)(CID=(PROGRAM=C:\Program?Files??x86?\Microsoft?Visual?Studio\VB98\vb6.exe)(HOST=OKSOFT)(USER=Lenovo))))

  VERSION INFORMATION:
	TNS for 32-bit Windows: Version 10.2.0.3.0 - Production
	Oracle Bequeath NT Protocol Adapter for 32-bit Windows: Version 10.2.0.3.0 - Production
  Time: 17-8월 -2017 09:58:35
  Tracing not turned on.
  Tns error struct:
    ns main err code: 12560
    TNS-12560: TNS:프로토콜 어댑터 오류
    ns secondary err code: 0
    nt main err code: 530
    TNS-00530: 프로토콜 어댑터 오류입니다
    nt secondary err code: 126
    nt OS err code: 0


***********************************************************************
Fatal NI connect error 12170.

  VERSION INFORMATION:
	TNS for 32-bit Windows: Version 10.2.0.3.0 - Production
	Windows NT TCP/IP NT Protocol Adapter for 32-bit Windows: Version 10.2.0.3.0 - Production
  Time: 17-8월 -2017 10:06:52
  Tracing not turned on.
  Tns error struct:
    ns main err code: 12535
    TNS-12535: TNS:작동이 중단중입니다
    ns secondary err code: 12560
    nt main err code: 505
    TNS-00505: 작동이 중단중입니다
    nt secondary err code: 60
    nt OS err code: 0
  Client address: <unknown>


***********************************************************************
Fatal NI connect error 12560, connecting to:
 (DESCRIPTION=(ADDRESS=(PROTOCOL=BEQ)(PROGRAM=oracle)(ARGV0=oracleORCL)(ARGS='(DESCRIPTION=(LOCAL=YES)(ADDRESS=(PROTOCOL=beq)))'))(CONNECT_DATA=(SID=ORCL)(CID=(PROGRAM=C:\Program?Files??x86?\Microsoft?Visual?Studio\VB98\vb6.exe)(HOST=OKSOFT)(USER=Lenovo))))

  VERSION INFORMATION:
	TNS for 32-bit Windows: Version 10.2.0.3.0 - Production
	Oracle Bequeath NT Protocol Adapter for 32-bit Windows: Version 10.2.0.3.0 - Production
  Time: 17-8월 -2017 10:06:52
  Tracing not turned on.
  Tns error struct:
    ns main err code: 12560
    TNS-12560: TNS:프로토콜 어댑터 오류
    ns secondary err code: 0
    nt main err code: 530
    TNS-00530: 프로토콜 어댑터 오류입니다
    nt secondary err code: 126
    nt OS err code: 0


***********************************************************************
Fatal NI connect error 12560, connecting to:
 (DESCRIPTION=(ADDRESS=(PROTOCOL=BEQ)(PROGRAM=oracle)(ARGV0=oracleORCL)(ARGS='(DESCRIPTION=(LOCAL=YES)(ADDRESS=(PROTOCOL=beq)))'))(CONNECT_DATA=(SID=ORCL)(CID=(PROGRAM=C:\Program?Files??x86?\Microsoft?Visual?Studio\VB98\vb6.exe)(HOST=OKSOFT)(USER=Lenovo))))

  VERSION INFORMATION:
	TNS for 32-bit Windows: Version 10.2.0.3.0 - Production
	Oracle Bequeath NT Protocol Adapter for 32-bit Windows: Version 10.2.0.3.0 - Production
	Windows NT TCP/IP NT Protocol Adapter for 32-bit Windows: Version 10.2.0.3.0 - Production
  Time: 22-8월 -2017 22:12:53
  Tracing not turned on.
  Tns error struct:
    ns main err code: 12560
    TNS-12560: TNS:프로토콜 어댑터 오류
    ns secondary err code: 0
    nt main err code: 530
    TNS-00530: 프로토콜 어댑터 오류입니다
    nt secondary err code: 126
    nt OS err code: 0


***********************************************************************
Fatal NI connect error 12170.

  VERSION INFORMATION:
	TNS for 32-bit Windows: Version 10.2.0.3.0 - Production
	Windows NT TCP/IP NT Protocol Adapter for 32-bit Windows: Version 10.2.0.3.0 - Production
  Time: 11-9월 -2017 16:55:47
  Tracing not turned on.
  Tns error struct:
    ns main err code: 12535
    TNS-12535: TNS:작동이 중단중입니다
    ns secondary err code: 12560
    nt main err code: 505
    TNS-00505: 작동이 중단중입니다
    nt secondary err code: 60
    nt OS err code: 0
  Client address: <unknown>


***********************************************************************
Fatal NI connect error 12560, connecting to:
 (DESCRIPTION=(ADDRESS=(PROTOCOL=BEQ)(PROGRAM=oracle)(ARGV0=oracleORCL)(ARGS='(DESCRIPTION=(LOCAL=YES)(ADDRESS=(PROTOCOL=beq)))'))(CONNECT_DATA=(SID=ORCL)(CID=(PROGRAM=C:\Program?Files??x86?\Microsoft?Visual?Studio\VB98\vb6.exe)(HOST=OKSOFT)(USER=Lenovo))))

  VERSION INFORMATION:
	TNS for 32-bit Windows: Version 10.2.0.3.0 - Production
	Oracle Bequeath NT Protocol Adapter for 32-bit Windows: Version 10.2.0.3.0 - Production
  Time: 11-9월 -2017 16:55:47
  Tracing not turned on.
  Tns error struct:
    ns main err code: 12560
    TNS-12560: TNS:프로토콜 어댑터 오류
    ns secondary err code: 0
    nt main err code: 530
    TNS-00530: 프로토콜 어댑터 오류입니다
    nt secondary err code: 126
    nt OS err code: 0


***********************************************************************
Fatal NI connect error 12170.

  VERSION INFORMATION:
	TNS for 32-bit Windows: Version 10.2.0.3.0 - Production
	Windows NT TCP/IP NT Protocol Adapter for 32-bit Windows: Version 10.2.0.3.0 - Production
  Time: 11-10월-2017 11:02:52
  Tracing not turned on.
  Tns error struct:
    ns main err code: 12535
    TNS-12535: TNS:작동이 중단중입니다
    ns secondary err code: 12560
    nt main err code: 505
    TNS-00505: 작동이 중단중입니다
    nt secondary err code: 60
    nt OS err code: 0
  Client address: <unknown>


***********************************************************************
Fatal NI connect error 12560, connecting to:
 (DESCRIPTION=(ADDRESS=(PROTOCOL=BEQ)(PROGRAM=oracle)(ARGV0=oracleORCL)(ARGS='(DESCRIPTION=(LOCAL=YES)(ADDRESS=(PROTOCOL=beq)))'))(CONNECT_DATA=(SID=ORCL)(CID=(PROGRAM=C:\Program?Files??x86?\Microsoft?Visual?Studio\VB98\vb6.exe)(HOST=OKSOFT)(USER=Lenovo))))

  VERSION INFORMATION:
	TNS for 32-bit Windows: Version 10.2.0.3.0 - Production
	Oracle Bequeath NT Protocol Adapter for 32-bit Windows: Version 10.2.0.3.0 - Production
  Time: 11-10월-2017 11:02:52
  Tracing not turned on.
  Tns error struct:
    ns main err code: 12560
    TNS-12560: TNS:프로토콜 어댑터 오류
    ns secondary err code: 0
    nt main err code: 530
    TNS-00530: 프로토콜 어댑터 오류입니다
    nt secondary err code: 126
    nt OS err code: 0
