        Procedure : frmInterface - Privete sub txtBarCode_LostFocus()

     Error Source : ACL2000

     Error Number : 9

Error Description : 첨자 사용이 잘못되었습니다.

             Date : 2003년 7월 30일 월요일

             Time : 오전 11:52:03
━━━━━━━━━━━━━━━━━━━━━━━━━━━━━━━━━━━━━━━━
        Procedure : frmInterface - Privete sub txtBarCode_LostFocus()

     Error Source : ACL2000

     Error Number : 9

Error Description : 첨자 사용이 잘못되었습니다.

             Date : 2003년 7월 30일 월요일

             Time : 오전 11:52:15
━━━━━━━━━━━━━━━━━━━━━━━━━━━━━━━━━━━━━━━━
        Procedure : frmInterface - Privete sub txtBarCode_LostFocus()

     Error Source : ACL2000

     Error Number : 6

Error Description : 숫자가 너무 큽니다.

             Date : 2003년 7월 30일 월요일

             Time : 오후 2:25:21
━━━━━━━━━━━━━━━━━━━━━━━━━━━━━━━━━━━━━━━━
        Procedure : frmInterface - Private Sub f_subSet_ItemList()

     Error Source : ADODB.Fields

     Error Number : 3265

Error Description : 요청한 이름 또는 서수에 해당하는 컬렉션에서 항목을 찾을 수 없습니다.

             Date : 2003년 7월 30일 월요일

             Time : 오후 10:20:01
━━━━━━━━━━━━━━━━━━━━━━━━━━━━━━━━━━━━━━━━
        Procedure : frmInterface - Private Sub f_subSet_ItemList()

     Error Source : ACL2000

     Error Number : 9

Error Description : 첨자 사용이 잘못되었습니다.

             Date : 2003년 7월 30일 월요일

             Time : 오후 10:20:23
━━━━━━━━━━━━━━━━━━━━━━━━━━━━━━━━━━━━━━━━
