        Procedure : frmInterface - Privete sub f_subSet_Result()

     Error Source : Microsoft JET Database Engine

     Error Number : -2147217833

Error Description : в萄陛 傘鼠 濛嬴憮 蹺陛ж溥朝 等檜攪 曄擊 嫡嬴 菟橾 熱 橈蝗棲棻. 鳶殮ж剪釭 稱罹 厥擊 等檜攪 曄擊 還檜褊衛螃.

             Date : 2003喇 7錯 25橾 錯蹂橾

             Time : 螃瞪 10:17:52
收收收收收收收收收收收收收收收收收收收收收收收收收收收收收收收收收收收收收收收收
        Procedure : frmInterface - Privete sub f_subSet_Result()

     Error Source : Microsoft JET Database Engine

     Error Number : -2147217833

Error Description : в萄陛 傘鼠 濛嬴憮 蹺陛ж溥朝 等檜攪 曄擊 嫡嬴 菟橾 熱 橈蝗棲棻. 鳶殮ж剪釭 稱罹 厥擊 等檜攪 曄擊 還檜褊衛螃.

             Date : 2003喇 7錯 25橾 錯蹂橾

             Time : 螃瞪 10:17:57
收收收收收收收收收收收收收收收收收收收收收收收收收收收收收收收收收收收收收收收收
        Procedure : frmInterface - Privete sub f_subSet_Result()

     Error Source : Microsoft JET Database Engine

     Error Number : -2147217833

Error Description : в萄陛 傘鼠 濛嬴憮 蹺陛ж溥朝 等檜攪 曄擊 嫡嬴 菟橾 熱 橈蝗棲棻. 鳶殮ж剪釭 稱罹 厥擊 等檜攪 曄擊 還檜褊衛螃.

             Date : 2003喇 7錯 25橾 錯蹂橾

             Time : 螃瞪 10:17:58
收收收收收收收收收收收收收收收收收收收收收收收收收收收收收收收收收收收收收收收收
        Procedure : frmInterface - Privete sub f_subSet_Result()

     Error Source : Microsoft JET Database Engine

     Error Number : -2147217833

Error Description : в萄陛 傘鼠 濛嬴憮 蹺陛ж溥朝 等檜攪 曄擊 嫡嬴 菟橾 熱 橈蝗棲棻. 鳶殮ж剪釭 稱罹 厥擊 等檜攪 曄擊 還檜褊衛螃.

             Date : 2003喇 7錯 25橾 錯蹂橾

             Time : 螃瞪 10:17:58
收收收收收收收收收收收收收收收收收收收收收收收收收收收收收收收收收收收收收收收收
        Procedure : frmInterface - Privete sub f_subSet_Result()

     Error Source : Microsoft JET Database Engine

     Error Number : -2147217833

Error Description : в萄陛 傘鼠 濛嬴憮 蹺陛ж溥朝 等檜攪 曄擊 嫡嬴 菟橾 熱 橈蝗棲棻. 鳶殮ж剪釭 稱罹 厥擊 等檜攪 曄擊 還檜褊衛螃.

             Date : 2003喇 7錯 25橾 錯蹂橾

             Time : 螃瞪 10:17:59
收收收收收收收收收收收收收收收收收收收收收收收收收收收收收收收收收收收收收收收收
        Procedure : frmInterface - Privete sub f_subSet_Result()

     Error Source : Microsoft JET Database Engine

     Error Number : -2147217833

Error Description : в萄陛 傘鼠 濛嬴憮 蹺陛ж溥朝 等檜攪 曄擊 嫡嬴 菟橾 熱 橈蝗棲棻. 鳶殮ж剪釭 稱罹 厥擊 等檜攪 曄擊 還檜褊衛螃.

             Date : 2003喇 7錯 25橾 錯蹂橾

             Time : 螃瞪 10:17:59
收收收收收收收收收收收收收收收收收收收收收收收收收收收收收收收收收收收收收收收收
        Procedure : frmInterface - Privete sub f_subSet_Result()

     Error Source : Microsoft JET Database Engine

     Error Number : -2147217833

Error Description : в萄陛 傘鼠 濛嬴憮 蹺陛ж溥朝 等檜攪 曄擊 嫡嬴 菟橾 熱 橈蝗棲棻. 鳶殮ж剪釭 稱罹 厥擊 等檜攪 曄擊 還檜褊衛螃.

             Date : 2003喇 7錯 25橾 錯蹂橾

             Time : 螃瞪 10:18:00
收收收收收收收收收收收收收收收收收收收收收收收收收收收收收收收收收收收收收收收收
        Procedure : frmInterface - Privete sub f_subSet_Result()

     Error Source : Microsoft JET Database Engine

     Error Number : -2147217833

Error Description : в萄陛 傘鼠 濛嬴憮 蹺陛ж溥朝 等檜攪 曄擊 嫡嬴 菟橾 熱 橈蝗棲棻. 鳶殮ж剪釭 稱罹 厥擊 等檜攪 曄擊 還檜褊衛螃.

             Date : 2003喇 7錯 25橾 錯蹂橾

             Time : 螃瞪 10:18:00
收收收收收收收收收收收收收收收收收收收收收收收收收收收收收收收收收收收收收收收收
        Procedure : frmInterface - Privete sub f_subSet_Result()

     Error Source : Microsoft JET Database Engine

     Error Number : -2147467259

Error Description : 'INTERFACE003.SpcNo' в萄朝 望檜陛 0檣 僥濠翮檜 腆 熱 橈蝗棲棻.

             Date : 2003喇 7錯 25橾 錯蹂橾

             Time : 螃瞪 10:24:16
收收收收收收收收收收收收收收收收收收收收收收收收收收收收收收收收收收收收收收收收
        Procedure : frmInterface - Privete sub f_subSet_Result()

     Error Source : Microsoft JET Database Engine

     Error Number : -2147467259

Error Description : 'INTERFACE003.SpcNo' в萄朝 望檜陛 0檣 僥濠翮檜 腆 熱 橈蝗棲棻.

             Date : 2003喇 7錯 25橾 錯蹂橾

             Time : 螃瞪 10:24:26
收收收收收收收收收收收收收收收收收收收收收收收收收收收收收收收收收收收收收收收收
        Procedure : frmInterface - Privete sub f_subSet_Result()

     Error Source : Microsoft JET Database Engine

     Error Number : -2147467259

Error Description : 'INTERFACE003.SpcNo' в萄朝 望檜陛 0檣 僥濠翮檜 腆 熱 橈蝗棲棻.

             Date : 2003喇 7錯 25橾 錯蹂橾

             Time : 螃瞪 10:24:29
收收收收收收收收收收收收收收收收收收收收收收收收收收收收收收收收收收收收收收收收
        Procedure : frmInterface - Privete sub f_subSet_Result()

     Error Source : Microsoft JET Database Engine

     Error Number : -2147467259

Error Description : 'INTERFACE003.SpcNo' в萄朝 望檜陛 0檣 僥濠翮檜 腆 熱 橈蝗棲棻.

             Date : 2003喇 7錯 25橾 錯蹂橾

             Time : 螃瞪 10:24:30
收收收收收收收收收收收收收收收收收收收收收收收收收收收收收收收收收收收收收收收收
        Procedure : frmInterface - Privete sub f_subSet_Result()

     Error Source : Microsoft JET Database Engine

     Error Number : -2147467259

Error Description : 檣策蝶, 晦獄 酈 傳朝 婦啗縑憮 醞犒脹 高擊 虜菟歷晦 陽僥縑 纔檜綰縑 蹂羶脹 滲唳 餌о檜 瞳辨腎雖 彊懊蝗棲棻. в萄曖 等檜攪 傳朝 醞犒 等檜攪陛 氈朝 в萄蒂 滲唳ж剪釭 檣策蝶蒂 薯剪ж剪釭 醞犒檜 陛棟и 檣策蝶煎 棻衛 薑曖ж罹 棻衛 衛紫ж褊衛螃.

             Date : 2003喇 7錯 25橾 錯蹂橾

             Time : 螃瞪 10:32:09
收收收收收收收收收收收收收收收收收收收收收收收收收收收收收收收收收收收收收收收收
