        Procedure : frmInterface - Privete sub txtBarCode_LostFocus()

     Error Source : ACL2000

     Error Number : 6

Error Description : 숫자가 너무 큽니다.

             Date : 2003년 8월 29일 월요일

             Time : 오후 10:28:58
━━━━━━━━━━━━━━━━━━━━━━━━━━━━━━━━━━━━━━━━
        Procedure : frmInterface - Privete sub txtBarCode_LostFocus()

     Error Source : ACL2000

     Error Number : 6

Error Description : 숫자가 너무 큽니다.

             Date : 2003년 8월 29일 월요일

             Time : 오후 10:29:07
━━━━━━━━━━━━━━━━━━━━━━━━━━━━━━━━━━━━━━━━
        Procedure : frmInterface - Privete sub txtBarCode_LostFocus()

     Error Source : ACL2000

     Error Number : 6

Error Description : 숫자가 너무 큽니다.

             Date : 2003년 8월 29일 월요일

             Time : 오후 10:29:56
━━━━━━━━━━━━━━━━━━━━━━━━━━━━━━━━━━━━━━━━
