        Procedure : frmInterface - Private Sub f_subSet_ItemList()

     Error Source : ACL2000

     Error Number : 5

Error Description : Щ煎衛盪 轎 傳朝 檣熱陛 澀跤腎歷蝗棲棻.

             Date : 2004喇 7錯 22橾 錯蹂橾

             Time : 螃瞪 11:27:52
收收收收收收收收收收收收收收收收收收收收收收收收收收收收收收收收收收收收收收收收
        Procedure : frmInterface - Private Sub cmdRun()

     Error Source : MSComm

     Error Number : 8002

Error Description : んお 廓ㄟ 澀跤腎歷蝗棲棻.

             Date : 2004喇 7錯 22橾 錯蹂橾

             Time : 螃瞪 11:27:56
收收收收收收收收收收收收收收收收收收收收收收收收收收收收收收收收收收收收收收收收
        Procedure : frmInterface - Private Sub cmdRun()

     Error Source : MSComm

     Error Number : 8002

Error Description : んお 廓ㄟ 澀跤腎歷蝗棲棻.

             Date : 2004喇 7錯 22橾 錯蹂橾

             Time : 螃瞪 11:28:18
收收收收收收收收收收收收收收收收收收收收收收收收收收收收收收收收收收收收收收收收
        Procedure : Private Sub MDIForm_Tool()

     Error Source : ListImages

     Error Number : 35601

Error Description : 蹂模蒂 瓊擊 熱 橈蝗棲棻.

             Date : 2004喇 7錯 22橾 錯蹂橾

             Time : 螃瞪 11:31:39
收收收收收收收收收收收收收收收收收收收收收收收收收收收收收收收收收收收收收收收收
        Procedure : frmInterface - Private Sub cmdRun()

     Error Source : MSComm

     Error Number : 8002

Error Description : んお 廓ㄟ 澀跤腎歷蝗棲棻.

             Date : 2004喇 7錯 22橾 錯蹂橾

             Time : 螃 4:53:13
收收收收收收收收收收收收收收收收收收收收收收收收收收收收收收收收收收收收收收收收
        Procedure : frmInterface - Private Sub cmdRun()

     Error Source : MSComm

     Error Number : 8002

Error Description : んお 廓ㄟ 澀跤腎歷蝗棲棻.

             Date : 2004喇 7錯 22橾 錯蹂橾

             Time : 螃 4:57:41
收收收收收收收收收收收收收收收收收收收收收收收收收收收收收收收收收收收收收收收收
        Procedure : frmInterface - Private Sub cmdRun()

     Error Source : MSComm

     Error Number : 8002

Error Description : んお 廓ㄟ 澀跤腎歷蝗棲棻.

             Date : 2004喇 7錯 22橾 錯蹂橾

             Time : 螃 5:02:53
收收收收收收收收收收收收收收收收收收收收收收收收收收收收收收收收收收收收收收收收
        Procedure : frmInterface - Private Sub cmdRun()

     Error Source : MSComm

     Error Number : 8002

Error Description : んお 廓ㄟ 澀跤腎歷蝗棲棻.

             Date : 2004喇 7錯 22橾 錯蹂橾

             Time : 螃 5:03:38
收收收收收收收收收收收收收收收收收收收收收收收收收收收收收收收收收收收收收收收收
        Procedure : frmInterface - Privete sub cmdWorkQuery_Click()

     Error Source : ACL2000

     Error Number : 9

Error Description : 繩濠 餌辨檜 澀跤腎歷蝗棲棻.

             Date : 2004喇 7錯 22橾 錯蹂橾

             Time : 螃 5:04:16
收收收收收收收收收收收收收收收收收收收收收收收收收收收收收收收收收收收收收收收收
        Procedure : frmInterface - Private Sub cmdRun()

     Error Source : MSComm

     Error Number : 8002

Error Description : んお 廓ㄟ 澀跤腎歷蝗棲棻.

             Date : 2004喇 7錯 22橾 錯蹂橾

             Time : 螃 5:05:46
收收收收收收收收收收收收收收收收收收收收收收收收收收收收收收收收收收收收收收收收
        Procedure : frmInterface - Privete sub cmdWorkQuery_Click()

     Error Source : ACL2000

     Error Number : 9

Error Description : 繩濠 餌辨檜 澀跤腎歷蝗棲棻.

             Date : 2004喇 7錯 22橾 錯蹂橾

             Time : 螃 5:06:27
收收收收收收收收收收收收收收收收收收收收收收收收收收收收收收收收收收收收收收收收
        Procedure : frmInterface - Privete sub cmdWorkQuery_Click()

     Error Source : ACL2000

     Error Number : 9

Error Description : 繩濠 餌辨檜 澀跤腎歷蝗棲棻.

             Date : 2004喇 7錯 22橾 錯蹂橾

             Time : 螃 5:12:41
收收收收收收收收收收收收收收收收收收收收收收收收收收收收收收收收收收收收收收收收
        Procedure : frmInterface - Privete sub cmdWorkQuery_Click()

     Error Source : ACL2000

     Error Number : 9

Error Description : 繩濠 餌辨檜 澀跤腎歷蝗棲棻.

             Date : 2004喇 7錯 22橾 錯蹂橾

             Time : 螃 5:13:25
收收收收收收收收收收收收收收收收收收收收收收收收收收收收收收收收收收收收收收收收
        Procedure : frmInterface - Private Sub cmdRun()

     Error Source : MSComm

     Error Number : 8002

Error Description : んお 廓ㄟ 澀跤腎歷蝗棲棻.

             Date : 2004喇 7錯 22橾 錯蹂橾

             Time : 螃 5:13:49
收收收收收收收收收收收收收收收收收收收收收收收收收收收收收收收收收收收收收收收收
        Procedure : frmInterface - Private Sub cmdRun()

     Error Source : MSComm

     Error Number : 8002

Error Description : んお 廓ㄟ 澀跤腎歷蝗棲棻.

             Date : 2004喇 7錯 22橾 錯蹂橾

             Time : 螃 5:15:12
收收收收收收收收收收收收收收收收收收收收收收收收收收收收收收收收收收收收收收收收
        Procedure : frmInterface - Private Sub cmdRun()

     Error Source : MSComm

     Error Number : 8002

Error Description : んお 廓ㄟ 澀跤腎歷蝗棲棻.

             Date : 2004喇 7錯 22橾 錯蹂橾

             Time : 螃 5:16:11
收收收收收收收收收收收收收收收收收收收收收收收收收收收收收收收收收收收收收收收收
        Procedure : frmInterface - Private Sub cmdRun()

     Error Source : MSComm

     Error Number : 8002

Error Description : んお 廓ㄟ 澀跤腎歷蝗棲棻.

             Date : 2004喇 7錯 22橾 錯蹂橾

             Time : 螃 5:20:00
收收收收收收收收收收收收收收收收收收收收收收收收收收收收收收收收收收收收收收收收
        Procedure : frmInterface - Private Sub cmdRun()

     Error Source : MSComm

     Error Number : 8002

Error Description : んお 廓ㄟ 澀跤腎歷蝗棲棻.

             Date : 2004喇 7錯 22橾 錯蹂橾

             Time : 螃 5:24:14
收收收收收收收收收收收收收收收收收收收收收收收收收收收收收收收收收收收收收收收收
        Procedure : frmInterface - Privete sub cmdWorkQuery_Click()

     Error Source : ACL2000

     Error Number : 9

Error Description : 繩濠 餌辨檜 澀跤腎歷蝗棲棻.

             Date : 2004喇 7錯 22橾 錯蹂橾

             Time : 螃 5:30:21
收收收收收收收收收收收收收收收收收收收收收收收收收收收收收收收收收收收收收收收收
        Procedure : frmInterface - Private Sub f_subSet_ItemList()

     Error Source : ACL2000

     Error Number : 5

Error Description : Щ煎衛盪 轎 傳朝 檣熱陛 澀跤腎歷蝗棲棻.

             Date : 2004喇 7錯 22橾 錯蹂橾

             Time : 螃 6:31:35
收收收收收收收收收收收收收收收收收收收收收收收收收收收收收收收收收收收收收收收收
        Procedure : frmInterface - Privete sub cmdWorkQuery_Click()

     Error Source : ACL2000

     Error Number : 9

Error Description : 繩濠 餌辨檜 澀跤腎歷蝗棲棻.

             Date : 2004喇 7錯 22橾 錯蹂橾

             Time : 螃 6:50:41
收收收收收收收收收收收收收收收收收收收收收收收收收收收收收收收收收收收收收收收收
        Procedure : frmInterface - Privete sub cmdWorkQuery_Click()

     Error Source : ACL2000

     Error Number : 9

Error Description : 繩濠 餌辨檜 澀跤腎歷蝗棲棻.

             Date : 2004喇 7錯 22橾 錯蹂橾

             Time : 螃 7:06:31
收收收收收收收收收收收收收收收收收收收收收收收收收收收收收收收收收收收收收收收收
        Procedure : frmComm - Private Sub cmdAppend_Click()

     Error Source : ACL2000

     Error Number : 9

Error Description : 繩濠 餌辨檜 澀跤腎歷蝗棲棻.

             Date : 2004喇 7錯 22橾 錯蹂橾

             Time : 螃 7:36:07
收收收收收收收收收收收收收收收收收收收收收收收收收收收收收收收收收收收收收收收收
        Procedure : frmComm - Private Sub cmdAppend_Click()

     Error Source : ACL2000

     Error Number : 9

Error Description : 繩濠 餌辨檜 澀跤腎歷蝗棲棻.

             Date : 2004喇 7錯 22橾 錯蹂橾

             Time : 螃 7:36:13
收收收收收收收收收收收收收收收收收收收收收收收收收收收收收收收收收收收收收收收收
        Procedure : frmComm - Private Sub cmdAppend_Click()

     Error Source : ACL2000

     Error Number : 9

Error Description : 繩濠 餌辨檜 澀跤腎歷蝗棲棻.

             Date : 2004喇 7錯 22橾 錯蹂橾

             Time : 螃 7:36:27
收收收收收收收收收收收收收收收收收收收收收收收收收收收收收收收收收收收收收收收收
        Procedure : frmComm - Private Sub cmdAppend_Click()

     Error Source : ACL2000

     Error Number : 9

Error Description : 繩濠 餌辨檜 澀跤腎歷蝗棲棻.

             Date : 2004喇 7錯 22橾 錯蹂橾

             Time : 螃 7:36:59
收收收收收收收收收收收收收收收收收收收收收收收收收收收收收收收收收收收收收收收收
        Procedure : frmInterface - Privete sub cmdWorkQuery_Click()

     Error Source : ACL2000

     Error Number : 9

Error Description : 繩濠 餌辨檜 澀跤腎歷蝗棲棻.

             Date : 2004喇 7錯 22橾 錯蹂橾

             Time : 螃 7:43:07
收收收收收收收收收收收收收收收收收收收收收收收收收收收收收收收收收收收收收收收收
        Procedure : frmInterface - Privete sub cmdWorkQuery_Click()

     Error Source : ACL2000

     Error Number : 9

Error Description : 繩濠 餌辨檜 澀跤腎歷蝗棲棻.

             Date : 2004喇 7錯 22橾 錯蹂橾

             Time : 螃 7:43:12
收收收收收收收收收收收收收收收收收收收收收收收收收收收收收收收收收收收收收收收收
        Procedure : frmInterface - Privete sub cmdWorkQuery_Click()

     Error Source : ACL2000

     Error Number : 9

Error Description : 繩濠 餌辨檜 澀跤腎歷蝗棲棻.

             Date : 2004喇 7錯 22橾 錯蹂橾

             Time : 螃 7:43:44
收收收收收收收收收收收收收收收收收收收收收收收收收收收收收收收收收收收收收收收收
