        Procedure : frmInterface - Privete sub f_subSet_QCResult()

     Error Source : ACL2000

     Error Number : 9

Error Description : 繩濠 餌辨檜 澀跤腎歷蝗棲棻.

             Date : 2004喇 7錯 23橾 錯蹂橾

             Time : 螃 8:26:19
收收收收收收收收收收收收收收收收收收收收收收收收收收收收收收收收收收收收收收收收
        Procedure : frmInterface - Privete sub f_subSet_Result()

     Error Source : ACL2000

     Error Number : 9

Error Description : 繩濠 餌辨檜 澀跤腎歷蝗棲棻.

             Date : 2004喇 7錯 23橾 錯蹂橾

             Time : 螃 8:26:22
收收收收收收收收收收收收收收收收收收收收收收收收收收收收收收收收收收收收收收收收
        Procedure : frmInterface - Privete sub f_subSet_Result()

     Error Source : ACL2000

     Error Number : 9

Error Description : 繩濠 餌辨檜 澀跤腎歷蝗棲棻.

             Date : 2004喇 7錯 23橾 錯蹂橾

             Time : 螃 8:26:26
收收收收收收收收收收收收收收收收收收收收收收收收收收收收收收收收收收收收收收收收
        Procedure : frmInterface - Privete sub f_subSet_Result()

     Error Source : ACL2000

     Error Number : 9

Error Description : 繩濠 餌辨檜 澀跤腎歷蝗棲棻.

             Date : 2004喇 7錯 23橾 錯蹂橾

             Time : 螃 8:26:27
收收收收收收收收收收收收收收收收收收收收收收收收收收收收收收收收收收收收收收收收
        Procedure : frmInterface - Privete sub f_subSet_Result()

     Error Source : ACL2000

     Error Number : 9

Error Description : 繩濠 餌辨檜 澀跤腎歷蝗棲棻.

             Date : 2004喇 7錯 23橾 錯蹂橾

             Time : 螃 8:26:29
收收收收收收收收收收收收收收收收收收收收收收收收收收收收收收收收收收收收收收收收
        Procedure : frmInterface - Privete sub f_subSet_Result()

     Error Source : ACL2000

     Error Number : 9

Error Description : 繩濠 餌辨檜 澀跤腎歷蝗棲棻.

             Date : 2004喇 7錯 23橾 錯蹂橾

             Time : 螃 8:26:31
收收收收收收收收收收收收收收收收收收收收收收收收收收收收收收收收收收收收收收收收
        Procedure : frmInterface - Privete sub f_subSet_Result()

     Error Source : ACL2000

     Error Number : 9

Error Description : 繩濠 餌辨檜 澀跤腎歷蝗棲棻.

             Date : 2004喇 7錯 23橾 錯蹂橾

             Time : 螃 8:26:33
收收收收收收收收收收收收收收收收收收收收收收收收收收收收收收收收收收收收收收收收
        Procedure : frmInterface - Privete sub f_subSet_Result()

     Error Source : ACL2000

     Error Number : 9

Error Description : 繩濠 餌辨檜 澀跤腎歷蝗棲棻.

             Date : 2004喇 7錯 23橾 錯蹂橾

             Time : 螃 8:26:33
收收收收收收收收收收收收收收收收收收收收收收收收收收收收收收收收收收收收收收收收
        Procedure : frmInterface - Privete sub f_subSet_Result()

     Error Source : ACL2000

     Error Number : 9

Error Description : 繩濠 餌辨檜 澀跤腎歷蝗棲棻.

             Date : 2004喇 7錯 23橾 錯蹂橾

             Time : 螃 8:26:34
收收收收收收收收收收收收收收收收收收收收收收收收收收收收收收收收收收收收收收收收
        Procedure : frmInterface - Privete sub f_subSet_QCResult()

     Error Source : ACL2000

     Error Number : 9

Error Description : 繩濠 餌辨檜 澀跤腎歷蝗棲棻.

             Date : 2004喇 7錯 23橾 錯蹂橾

             Time : 螃 8:36:52
收收收收收收收收收收收收收收收收收收收收收收收收收收收收收收收收收收收收收收收收
-14
收收收收收收收收收收收收收收收收收收收收收收收收收收收收收收收收收收收收收收收收
-14
收收收收收收收收收收收收收收收收收收收收收收收收收收收收收收收收收收收收收收收收
-14
收收收收收收收收收收收收收收收收收收收收收收收收收收收收收收收收收收收收收收收收
-14
收收收收收收收收收收收收收收收收收收收收收收收收收收收收收收收收收收收收收收收收
-14
收收收收收收收收收收收收收收收收收收收收收收收收收收收收收收收收收收收收收收收收
-14
收收收收收收收收收收收收收收收收收收收收收收收收收收收收收收收收收收收收收收收收
-14
收收收收收收收收收收收收收收收收收收收收收收收收收收收收收收收收收收收收收收收收
-14
收收收收收收收收收收收收收收收收收收收收收收收收收收收收收收收收收收收收收收收收
-14
收收收收收收收收收收收收收收收收收收收收收收收收收收收收收收收收收收收收收收收收
-14
收收收收收收收收收收收收收收收收收收收收收收收收收收收收收收收收收收收收收收收收
-14
收收收收收收收收收收收收收收收收收收收收收收收收收收收收收收收收收收收收收收收收
-14
收收收收收收收收收收收收收收收收收收收收收收收收收收收收收收收收收收收收收收收收
-14
收收收收收收收收收收收收收收收收收收收收收收收收收收收收收收收收收收收收收收收收
-14
收收收收收收收收收收收收收收收收收收收收收收收收收收收收收收收收收收收收收收收收
-14
收收收收收收收收收收收收收收收收收收收收收收收收收收收收收收收收收收收收收收收收
-14
收收收收收收收收收收收收收收收收收收收收收收收收收收收收收收收收收收收收收收收收
-14
收收收收收收收收收收收收收收收收收收收收收收收收收收收收收收收收收收收收收收收收
-14
收收收收收收收收收收收收收收收收收收收收收收收收收收收收收收收收收收收收收收收收
-14
收收收收收收收收收收收收收收收收收收收收收收收收收收收收收收收收收收收收收收收收
-14
收收收收收收收收收收收收收收收收收收收收收收收收收收收收收收收收收收收收收收收收
-14
收收收收收收收收收收收收收收收收收收收收收收收收收收收收收收收收收收收收收收收收
-14
收收收收收收收收收收收收收收收收收收收收收收收收收收收收收收收收收收收收收收收收
-14
收收收收收收收收收收收收收收收收收收收收收收收收收收收收收收收收收收收收收收收收
-14
收收收收收收收收收收收收收收收收收收收收收收收收收收收收收收收收收收收收收收收收
-14
收收收收收收收收收收收收收收收收收收收收收收收收收收收收收收收收收收收收收收收收
-14
收收收收收收收收收收收收收收收收收收收收收收收收收收收收收收收收收收收收收收收收
-14
收收收收收收收收收收收收收收收收收收收收收收收收收收收收收收收收收收收收收收收收
-14
收收收收收收收收收收收收收收收收收收收收收收收收收收收收收收收收收收收收收收收收
-14
收收收收收收收收收收收收收收收收收收收收收收收收收收收收收收收收收收收收收收收收
-14
收收收收收收收收收收收收收收收收收收收收收收收收收收收收收收收收收收收收收收收收
-14
收收收收收收收收收收收收收收收收收收收收收收收收收收收收收收收收收收收收收收收收
-14
收收收收收收收收收收收收收收收收收收收收收收收收收收收收收收收收收收收收收收收收
-14
收收收收收收收收收收收收收收收收收收收收收收收收收收收收收收收收收收收收收收收收
-14
收收收收收收收收收收收收收收收收收收收收收收收收收收收收收收收收收收收收收收收收
-14
收收收收收收收收收收收收收收收收收收收收收收收收收收收收收收收收收收收收收收收收
-14
收收收收收收收收收收收收收收收收收收收收收收收收收收收收收收收收收收收收收收收收
-14
收收收收收收收收收收收收收收收收收收收收收收收收收收收收收收收收收收收收收收收收
-14
收收收收收收收收收收收收收收收收收收收收收收收收收收收收收收收收收收收收收收收收
-14
收收收收收收收收收收收收收收收收收收收收收收收收收收收收收收收收收收收收收收收收
-14
收收收收收收收收收收收收收收收收收收收收收收收收收收收收收收收收收收收收收收收收
-14
收收收收收收收收收收收收收收收收收收收收收收收收收收收收收收收收收收收收收收收收
-14
收收收收收收收收收收收收收收收收收收收收收收收收收收收收收收收收收收收收收收收收
-14
收收收收收收收收收收收收收收收收收收收收收收收收收收收收收收收收收收收收收收收收
-14
收收收收收收收收收收收收收收收收收收收收收收收收收收收收收收收收收收收收收收收收
-14
收收收收收收收收收收收收收收收收收收收收收收收收收收收收收收收收收收收收收收收收
-14
收收收收收收收收收收收收收收收收收收收收收收收收收收收收收收收收收收收收收收收收
-14
收收收收收收收收收收收收收收收收收收收收收收收收收收收收收收收收收收收收收收收收
-14
收收收收收收收收收收收收收收收收收收收收收收收收收收收收收收收收收收收收收收收收
-14
收收收收收收收收收收收收收收收收收收收收收收收收收收收收收收收收收收收收收收收收
-14
收收收收收收收收收收收收收收收收收收收收收收收收收收收收收收收收收收收收收收收收
-14
收收收收收收收收收收收收收收收收收收收收收收收收收收收收收收收收收收收收收收收收
-14
收收收收收收收收收收收收收收收收收收收收收收收收收收收收收收收收收收收收收收收收
-14
收收收收收收收收收收收收收收收收收收收收收收收收收收收收收收收收收收收收收收收收
-14
收收收收收收收收收收收收收收收收收收收收收收收收收收收收收收收收收收收收收收收收
-14
收收收收收收收收收收收收收收收收收收收收收收收收收收收收收收收收收收收收收收收收
-14
收收收收收收收收收收收收收收收收收收收收收收收收收收收收收收收收收收收收收收收收
-14
收收收收收收收收收收收收收收收收收收收收收收收收收收收收收收收收收收收收收收收收
-14
收收收收收收收收收收收收收收收收收收收收收收收收收收收收收收收收收收收收收收收收
-14
收收收收收收收收收收收收收收收收收收收收收收收收收收收收收收收收收收收收收收收收
-14
收收收收收收收收收收收收收收收收收收收收收收收收收收收收收收收收收收收收收收收收
-14
收收收收收收收收收收收收收收收收收收收收收收收收收收收收收收收收收收收收收收收收
-14
收收收收收收收收收收收收收收收收收收收收收收收收收收收收收收收收收收收收收收收收
-14
收收收收收收收收收收收收收收收收收收收收收收收收收收收收收收收收收收收收收收收收
-14
收收收收收收收收收收收收收收收收收收收收收收收收收收收收收收收收收收收收收收收收
-14
收收收收收收收收收收收收收收收收收收收收收收收收收收收收收收收收收收收收收收收收
-14
收收收收收收收收收收收收收收收收收收收收收收收收收收收收收收收收收收收收收收收收
-14
收收收收收收收收收收收收收收收收收收收收收收收收收收收收收收收收收收收收收收收收
-14
收收收收收收收收收收收收收收收收收收收收收收收收收收收收收收收收收收收收收收收收
-14
收收收收收收收收收收收收收收收收收收收收收收收收收收收收收收收收收收收收收收收收
-14
收收收收收收收收收收收收收收收收收收收收收收收收收收收收收收收收收收收收收收收收
-14
收收收收收收收收收收收收收收收收收收收收收收收收收收收收收收收收收收收收收收收收
-14
收收收收收收收收收收收收收收收收收收收收收收收收收收收收收收收收收收收收收收收收
-14
收收收收收收收收收收收收收收收收收收收收收收收收收收收收收收收收收收收收收收收收
-14
收收收收收收收收收收收收收收收收收收收收收收收收收收收收收收收收收收收收收收收收
-14
收收收收收收收收收收收收收收收收收收收收收收收收收收收收收收收收收收收收收收收收
-14
收收收收收收收收收收收收收收收收收收收收收收收收收收收收收收收收收收收收收收收收
-14
收收收收收收收收收收收收收收收收收收收收收收收收收收收收收收收收收收收收收收收收
-14
收收收收收收收收收收收收收收收收收收收收收收收收收收收收收收收收收收收收收收收收
-14
收收收收收收收收收收收收收收收收收收收收收收收收收收收收收收收收收收收收收收收收
-14
收收收收收收收收收收收收收收收收收收收收收收收收收收收收收收收收收收收收收收收收
-14
收收收收收收收收收收收收收收收收收收收收收收收收收收收收收收收收收收收收收收收收
-14
收收收收收收收收收收收收收收收收收收收收收收收收收收收收收收收收收收收收收收收收
-14
收收收收收收收收收收收收收收收收收收收收收收收收收收收收收收收收收收收收收收收收
-14
收收收收收收收收收收收收收收收收收收收收收收收收收收收收收收收收收收收收收收收收
-14
收收收收收收收收收收收收收收收收收收收收收收收收收收收收收收收收收收收收收收收收
-14
收收收收收收收收收收收收收收收收收收收收收收收收收收收收收收收收收收收收收收收收
-14
收收收收收收收收收收收收收收收收收收收收收收收收收收收收收收收收收收收收收收收收
-14
收收收收收收收收收收收收收收收收收收收收收收收收收收收收收收收收收收收收收收收收
-14
收收收收收收收收收收收收收收收收收收收收收收收收收收收收收收收收收收收收收收收收
-14
收收收收收收收收收收收收收收收收收收收收收收收收收收收收收收收收收收收收收收收收
-14
收收收收收收收收收收收收收收收收收收收收收收收收收收收收收收收收收收收收收收收收
-14
收收收收收收收收收收收收收收收收收收收收收收收收收收收收收收收收收收收收收收收收
-14
收收收收收收收收收收收收收收收收收收收收收收收收收收收收收收收收收收收收收收收收
-14
收收收收收收收收收收收收收收收收收收收收收收收收收收收收收收收收收收收收收收收收
-14
收收收收收收收收收收收收收收收收收收收收收收收收收收收收收收收收收收收收收收收收
-14
收收收收收收收收收收收收收收收收收收收收收收收收收收收收收收收收收收收收收收收收
-14
收收收收收收收收收收收收收收收收收收收收收收收收收收收收收收收收收收收收收收收收
-14
收收收收收收收收收收收收收收收收收收收收收收收收收收收收收收收收收收收收收收收收
-14
收收收收收收收收收收收收收收收收收收收收收收收收收收收收收收收收收收收收收收收收
-14
收收收收收收收收收收收收收收收收收收收收收收收收收收收收收收收收收收收收收收收收
-14
收收收收收收收收收收收收收收收收收收收收收收收收收收收收收收收收收收收收收收收收
-14
收收收收收收收收收收收收收收收收收收收收收收收收收收收收收收收收收收收收收收收收
-14
收收收收收收收收收收收收收收收收收收收收收收收收收收收收收收收收收收收收收收收收
-14
收收收收收收收收收收收收收收收收收收收收收收收收收收收收收收收收收收收收收收收收
-14
收收收收收收收收收收收收收收收收收收收收收收收收收收收收收收收收收收收收收收收收
-14
收收收收收收收收收收收收收收收收收收收收收收收收收收收收收收收收收收收收收收收收
-14
收收收收收收收收收收收收收收收收收收收收收收收收收收收收收收收收收收收收收收收收
-14
收收收收收收收收收收收收收收收收收收收收收收收收收收收收收收收收收收收收收收收收
-14
收收收收收收收收收收收收收收收收收收收收收收收收收收收收收收收收收收收收收收收收
-14
收收收收收收收收收收收收收收收收收收收收收收收收收收收收收收收收收收收收收收收收
-14
收收收收收收收收收收收收收收收收收收收收收收收收收收收收收收收收收收收收收收收收
-14
收收收收收收收收收收收收收收收收收收收收收收收收收收收收收收收收收收收收收收收收
-14
收收收收收收收收收收收收收收收收收收收收收收收收收收收收收收收收收收收收收收收收
-14
收收收收收收收收收收收收收收收收收收收收收收收收收收收收收收收收收收收收收收收收
-14
收收收收收收收收收收收收收收收收收收收收收收收收收收收收收收收收收收收收收收收收
-14
收收收收收收收收收收收收收收收收收收收收收收收收收收收收收收收收收收收收收收收收
-14
收收收收收收收收收收收收收收收收收收收收收收收收收收收收收收收收收收收收收收收收
-14
收收收收收收收收收收收收收收收收收收收收收收收收收收收收收收收收收收收收收收收收
-14
收收收收收收收收收收收收收收收收收收收收收收收收收收收收收收收收收收收收收收收收
-14
收收收收收收收收收收收收收收收收收收收收收收收收收收收收收收收收收收收收收收收收
-14
收收收收收收收收收收收收收收收收收收收收收收收收收收收收收收收收收收收收收收收收
-14
收收收收收收收收收收收收收收收收收收收收收收收收收收收收收收收收收收收收收收收收
-14
收收收收收收收收收收收收收收收收收收收收收收收收收收收收收收收收收收收收收收收收
-14
收收收收收收收收收收收收收收收收收收收收收收收收收收收收收收收收收收收收收收收收
-14
收收收收收收收收收收收收收收收收收收收收收收收收收收收收收收收收收收收收收收收收
-14
收收收收收收收收收收收收收收收收收收收收收收收收收收收收收收收收收收收收收收收收
