오전 11:59:32 [Use Proc => PG_SRL.SLP91_S03 ]<Table><QID><![CDATA[PG_SRL.SLP91_S03]]></QID><QTYPE><![CDATA[Package]]></QTYPE><USERID><![CDATA[SUADEV]]></USERID><EXECTYPE><![CDATA[FILL]]></EXECTYPE><TABLENAME><![CDATA[]]></TABLENAME><P0><![CDATA[10011400012]]></P0><P1><![CDATA[]]></P1></Table>
오전 11:59:32 Your XML Document failed to loaddue the following error.
Error #: -1072896680: XML 문서에는 최상위 요소가 있어야 합니다.
Line #: 0
Line Position: 0
Position In File: 0
Source Text: 
Document URL: file:///D:/인터페이스_진행/국립암센터/Interface/응급검사실/Clinitek500/XML/Res.xml
오후 12:00:02 [Use Proc => PG_SRL.SLP91_S03 ]<Table><QID><![CDATA[PG_SRL.SLP91_S03]]></QID><QTYPE><![CDATA[Package]]></QTYPE><USERID><![CDATA[SUADEV]]></USERID><EXECTYPE><![CDATA[FILL]]></EXECTYPE><TABLENAME><![CDATA[]]></TABLENAME><P0><![CDATA[10011400012]]></P0><P1><![CDATA[]]></P1></Table>
오후 12:00:02 Your XML Document failed to loaddue the following error.
Error #: -1072896680: XML 문서에는 최상위 요소가 있어야 합니다.
Line #: 0
Line Position: 0
Position In File: 0
Source Text: 
Document URL: file:///D:/인터페이스_진행/국립암센터/Interface/응급검사실/Clinitek500/XML/Res.xml
오후 7:54:42 Your XML Document failed to loaddue the following error.
Error #: -1072896680: XML 문서에는 최상위 요소가 있어야 합니다.
Line #: 0
Line Position: 0
Position In File: 0
Source Text: 
Document URL: file:///D:/인터페이스_진행/국립암센터/Interface/응급검사실/Clinitek500/XML/Res.xml
오후 7:55:50 [Use Proc => PG_SRL.SLP91_S03 ]<Table><QID><![CDATA[PG_SRL.SLP91_S03]]></QID><QTYPE><![CDATA[Package]]></QTYPE><USERID><![CDATA[SUADEV]]></USERID><EXECTYPE><![CDATA[FILL]]></EXECTYPE><TABLENAME><![CDATA[]]></TABLENAME><P0><![CDATA[10011400014]]></P0><P1><![CDATA[]]></P1></Table>
오후 7:55:51 [Return Proc => PG_SRL.SLP91_S03 ]<?xml version='1.0' encoding='euc-kr'?>
<NewDataSet>
	<Table0>
		<TST_CD><![CDATA[L8137]]></TST_CD>
		<TST_NM><![CDATA[Glucose]]></TST_NM>
		<TST_FRCT_CD><![CDATA[L80]]></TST_FRCT_CD>
		<ACPTNO_1><![CDATA[1001]]></ACPTNO_1>
		<PT_NO><![CDATA[31320289]]></PT_NO>
		<PT_NM><![CDATA[박경숙]]></PT_NM>
		<SEX><![CDATA[F]]></SEX>
		<SPC_CD_1><![CDATA[1SRM]]></SPC_CD_1>
		<ORD_SITE><![CDATA[SVIC]]></ORD_SITE>
		<TST_CLS><![CDATA[N]]></TST_CLS>
		<RERUN><![CDATA[N]]></RERUN>
		<TST_FRCT_CD1><![CDATA[L80]]></TST_FRCT_CD1>
		<HSP_CLS><![CDATA[8]]></HSP_CLS>
		<ACPT_DTETM><![CDATA[2010-01-14 16:43:41]]></ACPT_DTETM>
		<AGE><![CDATA[52]]></AGE>
	</Table0>
	<Table0>
		<TST_CD><![CDATA[L8159]]></TST_CD>
		<TST_NM><![CDATA[Ren. Panel]]></TST_NM>
		<TST_FRCT_CD><![CDATA[L80]]></TST_FRCT_CD>
		<ACPTNO_1><![CDATA[1001]]></ACPTNO_1>
		<PT_NO><![CDATA[31320289]]></PT_NO>
		<PT_NM><![CDATA[박경숙]]></PT_NM>
		<SEX><![CDATA[F]]></SEX>
		<SPC_CD_1><![CDATA[1SRM]]></SPC_CD_1>
		<ORD_SITE><![CDATA[SVIC]]></ORD_SITE>
		<TST_CLS><![CDATA[P]]></TST_CLS>
		<RERUN><![CDATA[N]]></RERUN>
		<TST_FRCT_CD1><![CDATA[L80]]></TST_FRCT_CD1>
		<HSP_CLS><![CDATA[8]]></HSP_CLS>
		<ACPT_DTETM><![CDATA[2010-01-14 16:43:41]]></ACPT_DTETM>
		<AGE><![CDATA[52]]></AGE>
	</Table0>
</NewDataSet>

