오전 10:00:12 [Use Proc => PG_SRL.SLP91_S03 ]<Table><QID><![CDATA[PG_SRL.SLP91_S03]]></QID><QTYPE><![CDATA[Package]]></QTYPE><USERID><![CDATA[SUADEV]]></USERID><EXECTYPE><![CDATA[FILL]]></EXECTYPE><TABLENAME><![CDATA[]]></TABLENAME><P0><![CDATA[10010900001]]></P0><P1><![CDATA[]]></P1></Table>
오전 10:00:12 [Return Proc => PG_SRL.SLP91_S03 ]<?xml version='1.0' encoding='euc-kr'?>
<NewDataSet>
	<Table0>
		<TST_CD><![CDATA[L2013]]></TST_CD>
		<TST_NM><![CDATA[R. CBC]]></TST_NM>
		<TST_FRCT_CD><![CDATA[L20]]></TST_FRCT_CD>
		<ACPTNO_1><![CDATA[2001]]></ACPTNO_1>
		<PT_NO><![CDATA[18274408]]></PT_NO>
		<PT_NM><![CDATA[이지영]]></PT_NM>
		<SEX><![CDATA[F]]></SEX>
		<SPC_CD_1><![CDATA[1EDT]]></SPC_CD_1>
		<ORD_SITE><![CDATA[PRP]]></ORD_SITE>
		<TST_CLS><![CDATA[P]]></TST_CLS>
		<RERUN><![CDATA[N]]></RERUN>
		<TST_FRCT_CD1><![CDATA[L20]]></TST_FRCT_CD1>
		<HSP_CLS><![CDATA[8]]></HSP_CLS>
		<ACPT_DTETM><![CDATA[2010-01-09 12:07:52]]></ACPT_DTETM>
		<AGE><![CDATA[27]]></AGE>
	</Table0>
</NewDataSet>

