오전 11:22:18 [Use Proc => PG_SRL.SLP91_S03 ]<Table><QID><![CDATA[PG_SRL.SLP91_S03]]></QID><QTYPE><![CDATA[Package]]></QTYPE><USERID><![CDATA[SUADEV]]></USERID><EXECTYPE><![CDATA[FILL]]></EXECTYPE><TABLENAME><![CDATA[]]></TABLENAME><P0><![CDATA[10010700001]]></P0><P1><![CDATA[]]></P1></Table>
오전 11:22:18 [Return Proc => PG_SRL.SLP91_S03 ]<?xml version='1.0' encoding='euc-kr'?>
<NewDataSet>
	<Table0>
		<TST_CD><![CDATA[L2013]]></TST_CD>
		<TST_NM><![CDATA[R. CBC]]></TST_NM>
		<TST_FRCT_CD><![CDATA[L20]]></TST_FRCT_CD>
		<ACPTNO_1><![CDATA[0]]></ACPTNO_1>
		<PT_NO><![CDATA[88888888]]></PT_NO>
		<PT_NM><![CDATA[김대호 KIMDAEHO]]></PT_NM>
		<SEX><![CDATA[M]]></SEX>
		<SPC_CD_1><![CDATA[1EDT]]></SPC_CD_1>
		<ORD_SITE><![CDATA[GSGS]]></ORD_SITE>
		<TST_CLS><![CDATA[P]]></TST_CLS>
		<RERUN><![CDATA[N]]></RERUN>
		<TST_FRCT_CD1><![CDATA[L20]]></TST_FRCT_CD1>
		<HSP_CLS><![CDATA[8]]></HSP_CLS>
		<ACPT_DTETM><![CDATA[]]></ACPT_DTETM>
		<AGE><![CDATA[41]]></AGE>
	</Table0>
</NewDataSet>

오전 11:24:23 [Use Proc => PG_SRL.SLP91_S07 ]<Table><QID><![CDATA[PG_SRL.SLP91_S07]]></QID><QTYPE><![CDATA[Package]]></QTYPE><USERID><![CDATA[SUADEV]]></USERID><EXECTYPE><![CDATA[FILL]]></EXECTYPE><TABLENAME><![CDATA[]]></TABLENAME><P0><![CDATA[10010700001]]></P0><P1><![CDATA[]]></P1></Table>
오전 11:24:23 [Return Proc => PG_SRL.SLP91_S07 ]<?xml version='1.0' encoding='euc-kr'?>
<NewDataSet>
</NewDataSet>

