[2021-07-08 14:01:34]
Project Name   : IISLibrary
Class Name     : clsIISInterface
Procedure Name : GetAccInfo
Description    : 바코드번호: 11001858278는 장비로 검사할 항목이 없습니다.

[2021-07-08 14:06:19]
Project Name   : IISLibrary
Class Name     : clsIISInterface
Procedure Name : GetAccInfo
Description    : 바코드번호: 11001855454는 장비로 검사할 항목이 없습니다.

[2021-07-08 14:06:19]
Project Name   : IISLibrary
Class Name     : clsIISInterface
Procedure Name : GetAccInfo
Description    : 바코드번호: 11001855455는 장비로 검사할 항목이 없습니다.

[2021-07-08 14:06:33]
Project Name   : IISLibrary
Class Name     : clsIISInterface
Procedure Name : GetAccInfo
Description    : 바코드번호: 11001856043는 장비로 검사할 항목이 없습니다.

[2021-07-08 14:06:35]
Project Name   : IISLibrary
Class Name     : clsIISInterface
Procedure Name : GetAccInfo
Description    : 바코드번호: 11001856115는 장비로 검사할 항목이 없습니다.

[2021-07-08 14:06:36]
Project Name   : IISLibrary
Class Name     : clsIISInterface
Procedure Name : GetAccInfo
Description    : 바코드번호: 11001856137는 장비로 검사할 항목이 없습니다.

[2021-07-08 14:06:36]
Project Name   : IISLibrary
Class Name     : clsIISInterface
Procedure Name : GetAccInfo
Description    : 바코드번호: 11001856214는 장비로 검사할 항목이 없습니다.

[2021-07-08 14:06:41]
Project Name   : IISLibrary
Class Name     : clsIISInterface
Procedure Name : GetAccInfo
Description    : 바코드번호: 11001856502는 장비로 검사할 항목이 없습니다.

[2021-07-08 14:06:41]
Project Name   : IISLibrary
Class Name     : clsIISInterface
Procedure Name : GetAccInfo
Description    : 바코드번호: 11001856550는 장비로 검사할 항목이 없습니다.

[2021-07-08 14:06:46]
Project Name   : IISLibrary
Class Name     : clsIISInterface
Procedure Name : GetAccInfo
Description    : 바코드번호: 11001856605는 장비로 검사할 항목이 없습니다.

[2021-07-08 14:06:49]
Project Name   : IISLibrary
Class Name     : clsIISInterface
Procedure Name : GetAccInfo
Description    : 바코드번호: 11001856681는 장비로 검사할 항목이 없습니다.

[2021-07-08 14:06:54]
Project Name   : IISLibrary
Class Name     : clsIISInterface
Procedure Name : GetAccInfo
Description    : 바코드번호: 11001856751는 장비로 검사할 항목이 없습니다.

[2021-07-08 14:06:54]
Project Name   : IISLibrary
Class Name     : clsIISInterface
Procedure Name : GetAccInfo
Description    : 바코드번호: 11001856752는 장비로 검사할 항목이 없습니다.

[2021-07-08 14:07:10]
Project Name   : IISLibrary
Class Name     : clsIISInterface
Procedure Name : GetAccInfo
Description    : 바코드번호: 11001856819는 장비로 검사할 항목이 없습니다.

[2021-07-08 14:07:12]
Project Name   : IISLibrary
Class Name     : clsIISInterface
Procedure Name : GetAccInfo
Description    : 바코드번호: 11001856935는 장비로 검사할 항목이 없습니다.

[2021-07-08 14:07:12]
Project Name   : IISLibrary
Class Name     : clsIISInterface
Procedure Name : GetAccInfo
Description    : 바코드번호: 11001856948는 장비로 검사할 항목이 없습니다.

[2021-07-08 14:07:12]
Project Name   : IISLibrary
Class Name     : clsIISInterface
Procedure Name : GetAccInfo
Description    : 바코드번호: 11001856949는 장비로 검사할 항목이 없습니다.

[2021-07-08 14:07:13]
Project Name   : IISLibrary
Class Name     : clsIISInterface
Procedure Name : GetAccInfo
Description    : 바코드번호: 11001856950는 장비로 검사할 항목이 없습니다.

[2021-07-08 14:07:20]
Project Name   : IISLibrary
Class Name     : clsIISInterface
Procedure Name : GetAccInfo
Description    : 바코드번호: 11001857002는 장비로 검사할 항목이 없습니다.

[2021-07-08 14:07:21]
Project Name   : IISLibrary
Class Name     : clsIISInterface
Procedure Name : GetAccInfo
Description    : 바코드번호: 11001857067는 장비로 검사할 항목이 없습니다.

[2021-07-08 14:07:31]
Project Name   : IISLibrary
Class Name     : clsIISInterface
Procedure Name : GetAccInfo
Description    : 바코드번호: 11001857213는 장비로 검사할 항목이 없습니다.

[2021-07-08 14:08:00]
Project Name   : IISLibrary
Class Name     : clsIISInterface
Procedure Name : GetAccInfo
Description    : 바코드번호: 11001857734는 장비로 검사할 항목이 없습니다.

[2021-07-08 14:08:09]
Project Name   : IISLibrary
Class Name     : clsIISInterface
Procedure Name : GetAccInfo
Description    : 바코드번호: 11001858052는 장비로 검사할 항목이 없습니다.

[2021-07-08 14:08:10]
Project Name   : IISLibrary
Class Name     : clsIISInterface
Procedure Name : GetAccInfo
Description    : 바코드번호: 11001858066는 장비로 검사할 항목이 없습니다.

[2021-07-08 14:08:12]
Project Name   : IISLibrary
Class Name     : clsIISInterface
Procedure Name : GetAccInfo
Description    : 바코드번호: 11001858130는 장비로 검사할 항목이 없습니다.

[2021-07-08 14:08:16]
Project Name   : IISLibrary
Class Name     : clsIISInterface
Procedure Name : GetAccInfo
Description    : 바코드번호: 11001858275는 장비로 검사할 항목이 없습니다.

[2021-07-08 14:08:20]
Project Name   : IISLibrary
Class Name     : clsIISInterface
Procedure Name : GetAccInfo
Description    : 바코드번호: 11001858395는 장비로 검사할 항목이 없습니다.

[2021-07-08 14:08:21]
Project Name   : IISLibrary
Class Name     : clsIISInterface
Procedure Name : GetAccInfo
Description    : 바코드번호: 11001858461는 장비로 검사할 항목이 없습니다.

[2021-07-08 14:08:22]
Project Name   : IISLibrary
Class Name     : clsIISInterface
Procedure Name : GetAccInfo
Description    : 바코드번호: 11001858513는 장비로 검사할 항목이 없습니다.

[2021-07-08 14:08:24]
Project Name   : IISLibrary
Class Name     : clsIISInterface
Procedure Name : GetAccInfo
Description    : 바코드번호: 11001858549는 장비로 검사할 항목이 없습니다.

[2021-07-08 14:08:31]
Project Name   : IISLibrary
Class Name     : clsIISInterface
Procedure Name : GetAccInfo
Description    : 바코드번호: 11001858702는 장비로 검사할 항목이 없습니다.

[2021-07-08 14:08:32]
Project Name   : IISLibrary
Class Name     : clsIISInterface
Procedure Name : GetAccInfo
Description    : 바코드번호: 11001858705는 장비로 검사할 항목이 없습니다.

[2021-07-08 14:08:34]
Project Name   : IISLibrary
Class Name     : clsIISInterface
Procedure Name : GetAccInfo
Description    : 바코드번호: 11001858744는 장비로 검사할 항목이 없습니다.

[2021-07-08 14:08:37]
Project Name   : IISLibrary
Class Name     : clsIISInterface
Procedure Name : GetAccInfo
Description    : 바코드번호: 11001858812는 장비로 검사할 항목이 없습니다.

[2021-07-08 14:08:37]
Project Name   : IISLibrary
Class Name     : clsIISInterface
Procedure Name : GetAccInfo
Description    : 바코드번호: 11001858813는 장비로 검사할 항목이 없습니다.

[2021-07-08 14:08:44]
Project Name   : IISLibrary
Class Name     : clsIISInterface
Procedure Name : GetAccInfo
Description    : 바코드번호: 11001858934는 장비로 검사할 항목이 없습니다.

[2021-07-08 14:09:01]
Project Name   : IISLibrary
Class Name     : clsIISInterface
Procedure Name : GetAccInfo
Description    : 바코드번호: 11001859051는 장비로 검사할 항목이 없습니다.

[2021-07-08 14:09:55]
Project Name   : IISLibrary
Class Name     : clsIISInterface
Procedure Name : GetAccInfo
Description    : 바코드번호: 11001859210는 장비로 검사할 항목이 없습니다.

[2021-07-08 14:10:00]
Project Name   : IISLibrary
Class Name     : clsIISInterface
Procedure Name : GetAccInfo
Description    : 바코드번호: 11001859248는 장비로 검사할 항목이 없습니다.

[2021-07-08 14:10:02]
Project Name   : IISLibrary
Class Name     : clsIISInterface
Procedure Name : GetAccInfo
Description    : 바코드번호: 11001859253는 장비로 검사할 항목이 없습니다.

[2021-07-08 14:10:07]
Project Name   : IISLibrary
Class Name     : clsIISInterface
Procedure Name : GetAccInfo
Description    : 바코드번호: 11001859265는 장비로 검사할 항목이 없습니다.

[2021-07-08 14:10:08]
Project Name   : IISLibrary
Class Name     : clsIISInterface
Procedure Name : GetAccInfo
Description    : 바코드번호: 11001859273는 장비로 검사할 항목이 없습니다.

[2021-07-08 14:10:13]
Project Name   : IISLibrary
Class Name     : clsIISInterface
Procedure Name : GetAccInfo
Description    : 바코드번호: 11001859280는 장비로 검사할 항목이 없습니다.

[2021-07-08 14:10:14]
Project Name   : IISLibrary
Class Name     : clsIISInterface
Procedure Name : GetAccInfo
Description    : 바코드번호: 11001859286는 장비로 검사할 항목이 없습니다.

[2021-07-08 14:11:45]
Project Name   : IISLibrary
Class Name     : clsIISInterface
Procedure Name : GetAccInfo
Description    : 바코드번호: 11001859412는 장비로 검사할 항목이 없습니다.

[2021-07-08 15:55:50]
Project Name   : IISLibrary
Class Name     : clsIISInterface
Procedure Name : GetAccInfo
Description    : 바코드번호: 11001859981는 장비로 검사할 항목이 없습니다.

[2021-07-08 18:57:02]
Project Name   : IISLibrary
Class Name     : clsIISInterface
Procedure Name : GetAccInfo
Description    : 바코드번호: 11001860329는 장비로 검사할 항목이 없습니다.

