[2021-07-09 08:34:42]
Project Name   : IISLibrary
Class Name     : clsIISInterface
Procedure Name : GetAccInfo
Description    : 바코드번호: 11001861103는 장비로 검사할 항목이 없습니다.

[2021-07-09 08:34:42]
Project Name   : IISLibrary
Class Name     : clsIISInterface
Procedure Name : GetAccInfo
Description    : 바코드번호: 11001861104는 장비로 검사할 항목이 없습니다.

[2021-07-09 08:34:44]
Project Name   : IISLibrary
Class Name     : clsIISInterface
Procedure Name : GetAccInfo
Description    : 바코드번호: 11001861128는 장비로 검사할 항목이 없습니다.

[2021-07-09 08:34:46]
Project Name   : IISLibrary
Class Name     : clsIISInterface
Procedure Name : GetAccInfo
Description    : 바코드번호: 11001861139는 장비로 검사할 항목이 없습니다.

[2021-07-09 08:34:51]
Project Name   : IISLibrary
Class Name     : clsIISInterface
Procedure Name : GetAccInfo
Description    : 바코드번호: 11001861177는 장비로 검사할 항목이 없습니다.

[2021-07-09 08:34:52]
Project Name   : IISLibrary
Class Name     : clsIISInterface
Procedure Name : GetAccInfo
Description    : 바코드번호: 11001861178는 장비로 검사할 항목이 없습니다.

[2021-07-09 08:34:52]
Project Name   : IISLibrary
Class Name     : clsIISInterface
Procedure Name : GetAccInfo
Description    : 바코드번호: 11001861179는 장비로 검사할 항목이 없습니다.

[2021-07-09 08:34:53]
Project Name   : IISLibrary
Class Name     : clsIISInterface
Procedure Name : GetAccInfo
Description    : 바코드번호: 11001861183는 장비로 검사할 항목이 없습니다.

[2021-07-09 08:35:15]
Project Name   : IISLibrary
Class Name     : clsIISInterface
Procedure Name : GetAccInfo
Description    : 바코드번호: 11001861573는 장비로 검사할 항목이 없습니다.

[2021-07-09 08:35:19]
Project Name   : IISLibrary
Class Name     : clsIISInterface
Procedure Name : GetAccInfo
Description    : 바코드번호: 11001861594는 장비로 검사할 항목이 없습니다.

[2021-07-09 08:35:25]
Project Name   : IISLibrary
Class Name     : clsIISInterface
Procedure Name : GetAccInfo
Description    : 바코드번호: 11001861621는 장비로 검사할 항목이 없습니다.

[2021-07-09 08:35:31]
Project Name   : IISLibrary
Class Name     : clsIISInterface
Procedure Name : GetAccInfo
Description    : 바코드번호: 11001861641는 장비로 검사할 항목이 없습니다.

[2021-07-09 08:35:33]
Project Name   : IISLibrary
Class Name     : clsIISInterface
Procedure Name : GetAccInfo
Description    : 바코드번호: 11001861645는 장비로 검사할 항목이 없습니다.

[2021-07-09 08:35:35]
Project Name   : IISLibrary
Class Name     : clsIISInterface
Procedure Name : GetAccInfo
Description    : 바코드번호: 11001861682는 장비로 검사할 항목이 없습니다.

[2021-07-09 08:35:35]
Project Name   : IISLibrary
Class Name     : clsIISInterface
Procedure Name : GetAccInfo
Description    : 바코드번호: 11001861721는 장비로 검사할 항목이 없습니다.

[2021-07-09 08:35:42]
Project Name   : IISLibrary
Class Name     : clsIISInterface
Procedure Name : GetAccInfo
Description    : 바코드번호: 11001861739는 장비로 검사할 항목이 없습니다.

[2021-07-09 08:35:48]
Project Name   : IISLibrary
Class Name     : clsIISInterface
Procedure Name : GetAccInfo
Description    : 바코드번호: 11001861758는 장비로 검사할 항목이 없습니다.

[2021-07-09 08:35:51]
Project Name   : IISLibrary
Class Name     : clsIISInterface
Procedure Name : GetAccInfo
Description    : 바코드번호: 11001861770는 장비로 검사할 항목이 없습니다.

[2021-07-09 08:35:52]
Project Name   : IISLibrary
Class Name     : clsIISInterface
Procedure Name : GetAccInfo
Description    : 바코드번호: 11001861778는 장비로 검사할 항목이 없습니다.

[2021-07-09 08:35:55]
Project Name   : IISLibrary
Class Name     : clsIISInterface
Procedure Name : GetAccInfo
Description    : 바코드번호: 11001861785는 장비로 검사할 항목이 없습니다.

[2021-07-09 08:36:09]
Project Name   : IISLibrary
Class Name     : clsIISInterface
Procedure Name : GetAccInfo
Description    : 바코드번호: 11001861817는 장비로 검사할 항목이 없습니다.

[2021-07-09 08:36:27]
Project Name   : IISLibrary
Class Name     : clsIISInterface
Procedure Name : GetAccInfo
Description    : 바코드번호: 11001861952는 장비로 검사할 항목이 없습니다.

[2021-07-09 08:36:32]
Project Name   : IISLibrary
Class Name     : clsIISInterface
Procedure Name : GetAccInfo
Description    : 바코드번호: 11001861966는 장비로 검사할 항목이 없습니다.

[2021-07-09 08:36:34]
Project Name   : IISLibrary
Class Name     : clsIISInterface
Procedure Name : GetAccInfo
Description    : 바코드번호: 11001861971는 장비로 검사할 항목이 없습니다.

[2021-07-09 08:36:38]
Project Name   : IISLibrary
Class Name     : clsIISInterface
Procedure Name : GetAccInfo
Description    : 바코드번호: 11001861988는 장비로 검사할 항목이 없습니다.

[2021-07-09 08:36:50]
Project Name   : IISLibrary
Class Name     : clsIISInterface
Procedure Name : GetAccInfo
Description    : 바코드번호: 11001862028는 장비로 검사할 항목이 없습니다.

[2021-07-09 08:36:53]
Project Name   : IISLibrary
Class Name     : clsIISInterface
Procedure Name : GetAccInfo
Description    : 바코드번호: 11001862038는 장비로 검사할 항목이 없습니다.

[2021-07-09 08:37:01]
Project Name   : IISLibrary
Class Name     : clsIISInterface
Procedure Name : GetAccInfo
Description    : 바코드번호: 11001862062는 장비로 검사할 항목이 없습니다.

[2021-07-09 08:37:09]
Project Name   : IISLibrary
Class Name     : clsIISInterface
Procedure Name : GetAccInfo
Description    : 바코드번호: 11001862078는 장비로 검사할 항목이 없습니다.

[2021-07-09 08:37:12]
Project Name   : IISLibrary
Class Name     : clsIISInterface
Procedure Name : GetAccInfo
Description    : 바코드번호: 11001862085는 장비로 검사할 항목이 없습니다.

[2021-07-09 08:37:14]
Project Name   : IISLibrary
Class Name     : clsIISInterface
Procedure Name : GetAccInfo
Description    : 바코드번호: 11001862090는 장비로 검사할 항목이 없습니다.

[2021-07-09 08:37:16]
Project Name   : IISLibrary
Class Name     : clsIISInterface
Procedure Name : GetAccInfo
Description    : 바코드번호: 11001862097는 장비로 검사할 항목이 없습니다.

[2021-07-09 08:37:17]
Project Name   : IISLibrary
Class Name     : clsIISInterface
Procedure Name : GetAccInfo
Description    : 바코드번호: 11001862100는 장비로 검사할 항목이 없습니다.

[2021-07-09 08:37:20]
Project Name   : IISLibrary
Class Name     : clsIISInterface
Procedure Name : GetAccInfo
Description    : 바코드번호: 11001862111는 장비로 검사할 항목이 없습니다.

[2021-07-09 08:37:25]
Project Name   : IISLibrary
Class Name     : clsIISInterface
Procedure Name : GetAccInfo
Description    : 바코드번호: 11001862125는 장비로 검사할 항목이 없습니다.

[2021-07-09 08:37:34]
Project Name   : IISLibrary
Class Name     : clsIISInterface
Procedure Name : GetAccInfo
Description    : 바코드번호: 11001862145는 장비로 검사할 항목이 없습니다.

[2021-07-09 08:58:58]
Project Name   : IISLibrary
Class Name     : clsIISInterface
Procedure Name : GetAccInfo
Description    : 바코드번호: 11001862396는 장비로 검사할 항목이 없습니다.

