[2014-08-19 09:33:34]
Project Name   : IISLibrary
Class Name     : clsIISInterface
Procedure Name : GetIntTestCds
Description    : E085 장비에 장비별 검사항목이 설정되지 않었습니다.

[2014-08-19 09:37:48]
Project Name   : IISLibrary
Class Name     : clsIISInterface
Procedure Name : GetAccInfo
Description    : 바코드번호: 14000030895는 장비로 검사할 항목이 없습니다.

[2014-08-19 11:09:31]
Project Name   : IISLibrary
Class Name     : clsIISInterface
Procedure Name : GetAccInfo
Description    : 바코드번호:14000786829는 접수상태가 아닙니다.

[2014-08-19 12:05:30]
Project Name   : IISLibrary
Class Name     : clsIISInterface
Procedure Name : GetAccInfo
Description    : 바코드번호: 14000785146는 장비로 검사할 항목이 없습니다.

[2014-08-19 12:05:31]
Project Name   : IISLibrary
Class Name     : clsIISInterface
Procedure Name : GetAccInfo
Description    : 바코드번호: 14000785343는 장비로 검사할 항목이 없습니다.

[2014-08-19 12:05:32]
Project Name   : IISLibrary
Class Name     : clsIISInterface
Procedure Name : GetAccInfo
Description    : 바코드번호: 14000785734는 장비로 검사할 항목이 없습니다.

[2014-08-19 12:05:32]
Project Name   : IISLibrary
Class Name     : clsIISInterface
Procedure Name : GetAccInfo
Description    : 바코드번호: 14000785735는 장비로 검사할 항목이 없습니다.

[2014-08-19 12:05:32]
Project Name   : IISLibrary
Class Name     : clsIISInterface
Procedure Name : GetAccInfo
Description    : 바코드번호: 14000785736는 장비로 검사할 항목이 없습니다.

[2014-08-19 12:05:32]
Project Name   : IISLibrary
Class Name     : clsIISInterface
Procedure Name : GetAccInfo
Description    : 바코드번호: 14000785737는 장비로 검사할 항목이 없습니다.

[2014-08-19 12:05:32]
Project Name   : IISLibrary
Class Name     : clsIISInterface
Procedure Name : GetAccInfo
Description    : 바코드번호: 14000785775는 장비로 검사할 항목이 없습니다.

[2014-08-19 12:05:32]
Project Name   : IISLibrary
Class Name     : clsIISInterface
Procedure Name : GetAccInfo
Description    : 바코드번호: 14000785976는 장비로 검사할 항목이 없습니다.

[2014-08-19 12:05:32]
Project Name   : IISLibrary
Class Name     : clsIISInterface
Procedure Name : GetAccInfo
Description    : 바코드번호: 14000785977는 장비로 검사할 항목이 없습니다.

[2014-08-19 12:05:32]
Project Name   : IISLibrary
Class Name     : clsIISInterface
Procedure Name : GetAccInfo
Description    : 바코드번호: 14000785985는 장비로 검사할 항목이 없습니다.

[2014-08-19 12:05:32]
Project Name   : IISLibrary
Class Name     : clsIISInterface
Procedure Name : GetAccInfo
Description    : 바코드번호: 14000785986는 장비로 검사할 항목이 없습니다.

[2014-08-19 12:05:32]
Project Name   : IISLibrary
Class Name     : clsIISInterface
Procedure Name : GetAccInfo
Description    : 바코드번호: 14000785987는 장비로 검사할 항목이 없습니다.

[2014-08-19 12:05:33]
Project Name   : IISLibrary
Class Name     : clsIISInterface
Procedure Name : GetAccInfo
Description    : 바코드번호: 14000785988는 장비로 검사할 항목이 없습니다.

[2014-08-19 12:05:33]
Project Name   : IISLibrary
Class Name     : clsIISInterface
Procedure Name : GetAccInfo
Description    : 바코드번호: 14000786033는 장비로 검사할 항목이 없습니다.

[2014-08-19 12:05:33]
Project Name   : IISLibrary
Class Name     : clsIISInterface
Procedure Name : GetAccInfo
Description    : 바코드번호: 14000786102는 장비로 검사할 항목이 없습니다.

[2014-08-19 12:05:33]
Project Name   : IISLibrary
Class Name     : clsIISInterface
Procedure Name : GetAccInfo
Description    : 바코드번호: 14000786128는 장비로 검사할 항목이 없습니다.

[2014-08-19 12:05:33]
Project Name   : IISLibrary
Class Name     : clsIISInterface
Procedure Name : GetAccInfo
Description    : 바코드번호: 14000786181는 장비로 검사할 항목이 없습니다.

[2014-08-19 12:05:33]
Project Name   : IISLibrary
Class Name     : clsIISInterface
Procedure Name : GetAccInfo
Description    : 바코드번호: 14000786199는 장비로 검사할 항목이 없습니다.

[2014-08-19 12:06:01]
Project Name   : IISLibrary
Class Name     : clsIISInterface
Procedure Name : GetAccInfo
Description    : 바코드번호: 14000786435는 장비로 검사할 항목이 없습니다.

[2014-08-19 12:06:02]
Project Name   : IISLibrary
Class Name     : clsIISInterface
Procedure Name : GetAccInfo
Description    : 바코드번호: 14000787064는 장비로 검사할 항목이 없습니다.

[2014-08-19 12:06:02]
Project Name   : IISLibrary
Class Name     : clsIISInterface
Procedure Name : GetAccInfo
Description    : 바코드번호: 14000787066는 장비로 검사할 항목이 없습니다.

[2014-08-19 12:06:04]
Project Name   : IISLibrary
Class Name     : clsIISInterface
Procedure Name : GetAccInfo
Description    : 바코드번호: 14000787108는 장비로 검사할 항목이 없습니다.

[2014-08-19 12:46:52]
Project Name   : IISLibrary
Class Name     : clsIISInterface
Procedure Name : GetAccInfo
Description    : 바코드번호:14000039069는 접수상태가 아닙니다.

[2014-08-19 13:05:11]
Project Name   : IISLibrary
Class Name     : clsIISInterface
Procedure Name : GetAccInfo
Description    : 바코드번호:14000786828는 접수상태가 아닙니다.

[2014-08-19 13:46:34]
Project Name   : IISLibrary
Class Name     : clsIISInterface
Procedure Name : GetAccInfo
Description    : 바코드번호: 14000785146는 장비로 검사할 항목이 없습니다.

[2014-08-19 13:46:34]
Project Name   : IISLibrary
Class Name     : clsIISInterface
Procedure Name : GetAccInfo
Description    : 바코드번호: 14000785734는 장비로 검사할 항목이 없습니다.

[2014-08-19 13:46:34]
Project Name   : IISLibrary
Class Name     : clsIISInterface
Procedure Name : GetAccInfo
Description    : 바코드번호: 14000785775는 장비로 검사할 항목이 없습니다.

[2014-08-19 13:46:34]
Project Name   : IISLibrary
Class Name     : clsIISInterface
Procedure Name : GetAccInfo
Description    : 바코드번호: 14000785985는 장비로 검사할 항목이 없습니다.

[2014-08-19 13:46:34]
Project Name   : IISLibrary
Class Name     : clsIISInterface
Procedure Name : GetAccInfo
Description    : 바코드번호: 14000786033는 장비로 검사할 항목이 없습니다.

[2014-08-19 13:46:34]
Project Name   : IISLibrary
Class Name     : clsIISInterface
Procedure Name : GetAccInfo
Description    : 바코드번호: 14000786102는 장비로 검사할 항목이 없습니다.

[2014-08-19 13:46:34]
Project Name   : IISLibrary
Class Name     : clsIISInterface
Procedure Name : GetAccInfo
Description    : 바코드번호: 14000786128는 장비로 검사할 항목이 없습니다.

[2014-08-19 13:46:35]
Project Name   : IISLibrary
Class Name     : clsIISInterface
Procedure Name : GetAccInfo
Description    : 바코드번호: 14000786181는 장비로 검사할 항목이 없습니다.

[2014-08-19 13:46:35]
Project Name   : IISLibrary
Class Name     : clsIISInterface
Procedure Name : GetAccInfo
Description    : 바코드번호: 14000786199는 장비로 검사할 항목이 없습니다.

[2014-08-19 13:46:36]
Project Name   : IISLibrary
Class Name     : clsIISInterface
Procedure Name : GetAccInfo
Description    : 바코드번호: 14000786435는 장비로 검사할 항목이 없습니다.

[2014-08-19 13:46:36]
Project Name   : IISLibrary
Class Name     : clsIISInterface
Procedure Name : GetAccInfo
Description    : 바코드번호: 14000787066는 장비로 검사할 항목이 없습니다.

[2014-08-19 13:50:11]
Project Name   : IISLibrary
Class Name     : clsIISInterface
Procedure Name : GetAccInfo
Description    : 바코드번호: 14000785146는 장비로 검사할 항목이 없습니다.

[2014-08-19 13:50:11]
Project Name   : IISLibrary
Class Name     : clsIISInterface
Procedure Name : GetAccInfo
Description    : 바코드번호: 14000785712는 Worklist에 존재하는 검체입니다.

[2014-08-19 13:50:11]
Project Name   : IISLibrary
Class Name     : clsIISInterface
Procedure Name : GetAccInfo
Description    : 바코드번호: 14000785734는 장비로 검사할 항목이 없습니다.

[2014-08-19 13:50:11]
Project Name   : IISLibrary
Class Name     : clsIISInterface
Procedure Name : GetAccInfo
Description    : 바코드번호: 14000785775는 장비로 검사할 항목이 없습니다.

[2014-08-19 13:50:11]
Project Name   : IISLibrary
Class Name     : clsIISInterface
Procedure Name : GetAccInfo
Description    : 바코드번호: 14000785985는 장비로 검사할 항목이 없습니다.

[2014-08-19 13:50:11]
Project Name   : IISLibrary
Class Name     : clsIISInterface
Procedure Name : GetAccInfo
Description    : 바코드번호: 14000786033는 장비로 검사할 항목이 없습니다.

[2014-08-19 13:50:11]
Project Name   : IISLibrary
Class Name     : clsIISInterface
Procedure Name : GetAccInfo
Description    : 바코드번호: 14000786100는 Worklist에 존재하는 검체입니다.

[2014-08-19 13:50:11]
Project Name   : IISLibrary
Class Name     : clsIISInterface
Procedure Name : GetAccInfo
Description    : 바코드번호: 14000786102는 장비로 검사할 항목이 없습니다.

[2014-08-19 13:50:11]
Project Name   : IISLibrary
Class Name     : clsIISInterface
Procedure Name : GetAccInfo
Description    : 바코드번호: 14000786128는 장비로 검사할 항목이 없습니다.

[2014-08-19 13:50:11]
Project Name   : IISLibrary
Class Name     : clsIISInterface
Procedure Name : GetAccInfo
Description    : 바코드번호: 14000786173는 Worklist에 존재하는 검체입니다.

[2014-08-19 13:50:11]
Project Name   : IISLibrary
Class Name     : clsIISInterface
Procedure Name : GetAccInfo
Description    : 바코드번호: 14000786181는 장비로 검사할 항목이 없습니다.

[2014-08-19 13:50:11]
Project Name   : IISLibrary
Class Name     : clsIISInterface
Procedure Name : GetAccInfo
Description    : 바코드번호: 14000786199는 장비로 검사할 항목이 없습니다.

[2014-08-19 13:50:11]
Project Name   : IISLibrary
Class Name     : clsIISInterface
Procedure Name : GetAccInfo
Description    : 바코드번호: 14000786227는 Worklist에 존재하는 검체입니다.

[2014-08-19 13:50:12]
Project Name   : IISLibrary
Class Name     : clsIISInterface
Procedure Name : GetAccInfo
Description    : 바코드번호: 14000786354는 Worklist에 존재하는 검체입니다.

[2014-08-19 13:50:12]
Project Name   : IISLibrary
Class Name     : clsIISInterface
Procedure Name : GetAccInfo
Description    : 바코드번호: 14000786376는 Worklist에 존재하는 검체입니다.

[2014-08-19 13:50:12]
Project Name   : IISLibrary
Class Name     : clsIISInterface
Procedure Name : GetAccInfo
Description    : 바코드번호: 14000786379는 Worklist에 존재하는 검체입니다.

[2014-08-19 13:50:12]
Project Name   : IISLibrary
Class Name     : clsIISInterface
Procedure Name : GetAccInfo
Description    : 바코드번호: 14000786435는 장비로 검사할 항목이 없습니다.

[2014-08-19 13:50:12]
Project Name   : IISLibrary
Class Name     : clsIISInterface
Procedure Name : GetAccInfo
Description    : 바코드번호: 14000787066는 장비로 검사할 항목이 없습니다.

[2014-08-19 13:50:12]
Project Name   : IISLibrary
Class Name     : clsIISInterface
Procedure Name : GetAccInfo
Description    : 바코드번호: 14000787068는 Worklist에 존재하는 검체입니다.

[2014-08-19 13:50:12]
Project Name   : IISLibrary
Class Name     : clsIISInterface
Procedure Name : GetAccInfo
Description    : 바코드번호: 14000787069는 Worklist에 존재하는 검체입니다.

[2014-08-19 13:50:13]
Project Name   : IISLibrary
Class Name     : clsIISInterface
Procedure Name : GetAccInfo
Description    : 바코드번호: 14000787103는 Worklist에 존재하는 검체입니다.

[2014-08-19 13:50:13]
Project Name   : IISLibrary
Class Name     : clsIISInterface
Procedure Name : GetAccInfo
Description    : 바코드번호: 14000787112는 Worklist에 존재하는 검체입니다.

[2014-08-19 15:29:10]
Project Name   : IISLibrary
Class Name     : clsIISInterface
Procedure Name : GetAccInfo
Description    : 바코드번호: 14000785146는 장비로 검사할 항목이 없습니다.

[2014-08-19 15:37:51]
Project Name   : IISLibrary
Class Name     : clsIISInterface
Procedure Name : GetAccInfo
Description    : 바코드번호:14000788048는 접수상태가 아닙니다.

[2014-08-19 15:39:09]
Project Name   : IISLibrary
Class Name     : clsIISInterface
Procedure Name : GetAccInfo
Description    : 바코드번호:14000788048는 접수상태가 아닙니다.

[2014-08-19 15:41:30]
Project Name   : IISLibrary
Class Name     : clsIISInterface
Procedure Name : GetAccInfo
Description    : 바코드번호:14000788048에 대한 결과내역이 없습니다.

[2014-08-19 17:19:02]
Project Name   : IISLibrary
Class Name     : clsIISInterface
Procedure Name : GetAccInfo
Description    : 바코드번호: 14000785146는 장비로 검사할 항목이 없습니다.

[2014-08-19 17:19:02]
Project Name   : IISLibrary
Class Name     : clsIISInterface
Procedure Name : GetAccInfo
Description    : 바코드번호: 14000785343는 장비로 검사할 항목이 없습니다.

[2014-08-19 17:19:03]
Project Name   : IISLibrary
Class Name     : clsIISInterface
Procedure Name : GetAccInfo
Description    : 바코드번호: 14000785734는 장비로 검사할 항목이 없습니다.

[2014-08-19 17:19:03]
Project Name   : IISLibrary
Class Name     : clsIISInterface
Procedure Name : GetAccInfo
Description    : 바코드번호: 14000785735는 장비로 검사할 항목이 없습니다.

[2014-08-19 17:19:03]
Project Name   : IISLibrary
Class Name     : clsIISInterface
Procedure Name : GetAccInfo
Description    : 바코드번호: 14000785736는 장비로 검사할 항목이 없습니다.

[2014-08-19 17:19:03]
Project Name   : IISLibrary
Class Name     : clsIISInterface
Procedure Name : GetAccInfo
Description    : 바코드번호: 14000785737는 장비로 검사할 항목이 없습니다.

[2014-08-19 17:19:03]
Project Name   : IISLibrary
Class Name     : clsIISInterface
Procedure Name : GetAccInfo
Description    : 바코드번호: 14000785775는 장비로 검사할 항목이 없습니다.

[2014-08-19 17:19:03]
Project Name   : IISLibrary
Class Name     : clsIISInterface
Procedure Name : GetAccInfo
Description    : 바코드번호: 14000785976는 장비로 검사할 항목이 없습니다.

[2014-08-19 17:19:03]
Project Name   : IISLibrary
Class Name     : clsIISInterface
Procedure Name : GetAccInfo
Description    : 바코드번호: 14000785977는 장비로 검사할 항목이 없습니다.

[2014-08-19 17:19:03]
Project Name   : IISLibrary
Class Name     : clsIISInterface
Procedure Name : GetAccInfo
Description    : 바코드번호: 14000785985는 장비로 검사할 항목이 없습니다.

[2014-08-19 17:19:03]
Project Name   : IISLibrary
Class Name     : clsIISInterface
Procedure Name : GetAccInfo
Description    : 바코드번호: 14000785986는 장비로 검사할 항목이 없습니다.

[2014-08-19 17:19:03]
Project Name   : IISLibrary
Class Name     : clsIISInterface
Procedure Name : GetAccInfo
Description    : 바코드번호: 14000785987는 장비로 검사할 항목이 없습니다.

[2014-08-19 17:19:03]
Project Name   : IISLibrary
Class Name     : clsIISInterface
Procedure Name : GetAccInfo
Description    : 바코드번호: 14000785988는 장비로 검사할 항목이 없습니다.

[2014-08-19 17:19:03]
Project Name   : IISLibrary
Class Name     : clsIISInterface
Procedure Name : GetAccInfo
Description    : 바코드번호: 14000786033는 장비로 검사할 항목이 없습니다.

[2014-08-19 17:19:04]
Project Name   : IISLibrary
Class Name     : clsIISInterface
Procedure Name : GetAccInfo
Description    : 바코드번호: 14000786102는 장비로 검사할 항목이 없습니다.

[2014-08-19 17:19:04]
Project Name   : IISLibrary
Class Name     : clsIISInterface
Procedure Name : GetAccInfo
Description    : 바코드번호: 14000786128는 장비로 검사할 항목이 없습니다.

[2014-08-19 17:19:04]
Project Name   : IISLibrary
Class Name     : clsIISInterface
Procedure Name : GetAccInfo
Description    : 바코드번호: 14000786181는 장비로 검사할 항목이 없습니다.

[2014-08-19 17:19:04]
Project Name   : IISLibrary
Class Name     : clsIISInterface
Procedure Name : GetAccInfo
Description    : 바코드번호: 14000786199는 장비로 검사할 항목이 없습니다.

[2014-08-19 17:19:06]
Project Name   : IISLibrary
Class Name     : clsIISInterface
Procedure Name : GetAccInfo
Description    : 바코드번호: 14000786435는 장비로 검사할 항목이 없습니다.

[2014-08-19 17:19:06]
Project Name   : IISLibrary
Class Name     : clsIISInterface
Procedure Name : GetAccInfo
Description    : 바코드번호: 14000787066는 장비로 검사할 항목이 없습니다.

[2014-08-19 17:19:07]
Project Name   : IISLibrary
Class Name     : clsIISInterface
Procedure Name : GetAccInfo
Description    : 바코드번호: 14000787478는 장비로 검사할 항목이 없습니다.

[2014-08-19 17:19:25]
Project Name   : IISLibrary
Class Name     : clsIISInterface
Procedure Name : GetAccInfo
Description    : 바코드번호: 14000787950는 장비로 검사할 항목이 없습니다.

[2014-08-19 17:19:30]
Project Name   : IISLibrary
Class Name     : clsIISInterface
Procedure Name : GetAccInfo
Description    : 바코드번호: 14000788071는 장비로 검사할 항목이 없습니다.

[2014-08-19 17:19:31]
Project Name   : IISLibrary
Class Name     : clsIISInterface
Procedure Name : GetAccInfo
Description    : 바코드번호: 14000788100는 장비로 검사할 항목이 없습니다.

[2014-08-19 17:19:31]
Project Name   : IISLibrary
Class Name     : clsIISInterface
Procedure Name : GetAccInfo
Description    : 바코드번호: 14000788122는 장비로 검사할 항목이 없습니다.

[2014-08-19 17:19:42]
Project Name   : IISLibrary
Class Name     : clsIISInterface
Procedure Name : GetAccInfo
Description    : 바코드번호:14000788195는 접수상태가 아닙니다.

[2014-08-19 17:19:49]
Project Name   : IISLibrary
Class Name     : clsIISInterface
Procedure Name : GetAccInfo
Description    : 바코드번호: 14000788265는 장비로 검사할 항목이 없습니다.

[2014-08-19 17:19:49]
Project Name   : IISLibrary
Class Name     : clsIISInterface
Procedure Name : GetAccInfo
Description    : 바코드번호: 14000788286는 장비로 검사할 항목이 없습니다.

[2014-08-19 17:19:49]
Project Name   : IISLibrary
Class Name     : clsIISInterface
Procedure Name : GetAccInfo
Description    : 바코드번호:14000788298는 접수상태가 아닙니다.

[2014-08-19 17:19:49]
Project Name   : IISLibrary
Class Name     : clsIISInterface
Procedure Name : GetAccInfo
Description    : 바코드번호:14000788315는 접수상태가 아닙니다.

[2014-08-19 17:19:51]
Project Name   : IISLibrary
Class Name     : clsIISInterface
Procedure Name : GetAccInfo
Description    : 바코드번호: 14000788330는 장비로 검사할 항목이 없습니다.

[2014-08-19 17:19:51]
Project Name   : IISLibrary
Class Name     : clsIISInterface
Procedure Name : GetAccInfo
Description    : 바코드번호:14000788331는 접수상태가 아닙니다.

[2014-08-19 17:19:54]
Project Name   : IISLibrary
Class Name     : clsIISInterface
Procedure Name : GetAccInfo
Description    : 바코드번호:14000788362는 접수상태가 아닙니다.

[2014-08-19 17:20:02]
Project Name   : IISLibrary
Class Name     : clsIISInterface
Procedure Name : GetAccInfo
Description    : 바코드번호:14000788393는 접수상태가 아닙니다.

[2014-08-19 17:20:02]
Project Name   : IISLibrary
Class Name     : clsIISInterface
Procedure Name : GetAccInfo
Description    : 바코드번호:14000788395는 접수상태가 아닙니다.

[2014-08-19 17:20:02]
Project Name   : IISLibrary
Class Name     : clsIISInterface
Procedure Name : GetAccInfo
Description    : 바코드번호: 14000788396는 장비로 검사할 항목이 없습니다.

[2014-08-19 17:20:10]
Project Name   : IISLibrary
Class Name     : clsIISInterface
Procedure Name : GetAccInfo
Description    : 바코드번호: 14000788425는 장비로 검사할 항목이 없습니다.

[2014-08-19 17:20:16]
Project Name   : IISLibrary
Class Name     : clsIISInterface
Procedure Name : GetAccInfo
Description    : 바코드번호: 14000788447는 장비로 검사할 항목이 없습니다.

[2014-08-19 17:20:19]
Project Name   : IISLibrary
Class Name     : clsIISInterface
Procedure Name : GetAccInfo
Description    : 바코드번호: 14000788462는 장비로 검사할 항목이 없습니다.

[2014-08-19 17:20:22]
Project Name   : IISLibrary
Class Name     : clsIISInterface
Procedure Name : GetAccInfo
Description    : 바코드번호: 14000788480는 장비로 검사할 항목이 없습니다.

[2014-08-19 17:20:25]
Project Name   : IISLibrary
Class Name     : clsIISInterface
Procedure Name : GetAccInfo
Description    : 바코드번호:14000788482는 접수상태가 아닙니다.

[2014-08-19 17:20:25]
Project Name   : IISLibrary
Class Name     : clsIISInterface
Procedure Name : GetAccInfo
Description    : 바코드번호: 14000788486는 장비로 검사할 항목이 없습니다.

[2014-08-19 17:20:25]
Project Name   : IISLibrary
Class Name     : clsIISInterface
Procedure Name : GetAccInfo
Description    : 바코드번호: 14000788491는 장비로 검사할 항목이 없습니다.

[2014-08-19 17:20:27]
Project Name   : IISLibrary
Class Name     : clsIISInterface
Procedure Name : GetAccInfo
Description    : 바코드번호:14000788493는 접수상태가 아닙니다.

[2014-08-19 17:27:05]
Project Name   : IISLibrary
Class Name     : clsIISInterface
Procedure Name : GetAccInfo
Description    : 바코드번호: 14000785146는 장비로 검사할 항목이 없습니다.

[2014-08-19 17:27:06]
Project Name   : IISLibrary
Class Name     : clsIISInterface
Procedure Name : GetAccInfo
Description    : 바코드번호: 14000785733는 Worklist에 존재하는 검체입니다.

[2014-08-19 17:27:06]
Project Name   : IISLibrary
Class Name     : clsIISInterface
Procedure Name : GetAccInfo
Description    : 바코드번호: 14000785734는 장비로 검사할 항목이 없습니다.

[2014-08-19 17:27:06]
Project Name   : IISLibrary
Class Name     : clsIISInterface
Procedure Name : GetAccInfo
Description    : 바코드번호: 14000785775는 장비로 검사할 항목이 없습니다.

[2014-08-19 17:27:06]
Project Name   : IISLibrary
Class Name     : clsIISInterface
Procedure Name : GetAccInfo
Description    : 바코드번호: 14000785976는 장비로 검사할 항목이 없습니다.

[2014-08-19 17:27:06]
Project Name   : IISLibrary
Class Name     : clsIISInterface
Procedure Name : GetAccInfo
Description    : 바코드번호: 14000785977는 장비로 검사할 항목이 없습니다.

[2014-08-19 17:27:06]
Project Name   : IISLibrary
Class Name     : clsIISInterface
Procedure Name : GetAccInfo
Description    : 바코드번호: 14000785984는 Worklist에 존재하는 검체입니다.

[2014-08-19 17:27:06]
Project Name   : IISLibrary
Class Name     : clsIISInterface
Procedure Name : GetAccInfo
Description    : 바코드번호: 14000785985는 장비로 검사할 항목이 없습니다.

[2014-08-19 17:27:06]
Project Name   : IISLibrary
Class Name     : clsIISInterface
Procedure Name : GetAccInfo
Description    : 바코드번호: 14000786033는 장비로 검사할 항목이 없습니다.

[2014-08-19 17:27:06]
Project Name   : IISLibrary
Class Name     : clsIISInterface
Procedure Name : GetAccInfo
Description    : 바코드번호: 14000786100는 Worklist에 존재하는 검체입니다.

[2014-08-19 17:27:06]
Project Name   : IISLibrary
Class Name     : clsIISInterface
Procedure Name : GetAccInfo
Description    : 바코드번호: 14000786102는 장비로 검사할 항목이 없습니다.

[2014-08-19 17:27:06]
Project Name   : IISLibrary
Class Name     : clsIISInterface
Procedure Name : GetAccInfo
Description    : 바코드번호: 14000786128는 장비로 검사할 항목이 없습니다.

[2014-08-19 17:27:06]
Project Name   : IISLibrary
Class Name     : clsIISInterface
Procedure Name : GetAccInfo
Description    : 바코드번호: 14000786173는 Worklist에 존재하는 검체입니다.

[2014-08-19 17:27:06]
Project Name   : IISLibrary
Class Name     : clsIISInterface
Procedure Name : GetAccInfo
Description    : 바코드번호: 14000786181는 장비로 검사할 항목이 없습니다.

[2014-08-19 17:27:06]
Project Name   : IISLibrary
Class Name     : clsIISInterface
Procedure Name : GetAccInfo
Description    : 바코드번호: 14000786199는 장비로 검사할 항목이 없습니다.

[2014-08-19 17:27:06]
Project Name   : IISLibrary
Class Name     : clsIISInterface
Procedure Name : GetAccInfo
Description    : 바코드번호: 14000786227는 Worklist에 존재하는 검체입니다.

[2014-08-19 17:27:07]
Project Name   : IISLibrary
Class Name     : clsIISInterface
Procedure Name : GetAccInfo
Description    : 바코드번호: 14000786300는 Worklist에 존재하는 검체입니다.

[2014-08-19 17:27:07]
Project Name   : IISLibrary
Class Name     : clsIISInterface
Procedure Name : GetAccInfo
Description    : 바코드번호: 14000786354는 Worklist에 존재하는 검체입니다.

[2014-08-19 17:27:07]
Project Name   : IISLibrary
Class Name     : clsIISInterface
Procedure Name : GetAccInfo
Description    : 바코드번호: 14000786376는 Worklist에 존재하는 검체입니다.

[2014-08-19 17:27:07]
Project Name   : IISLibrary
Class Name     : clsIISInterface
Procedure Name : GetAccInfo
Description    : 바코드번호: 14000786379는 Worklist에 존재하는 검체입니다.

[2014-08-19 17:27:07]
Project Name   : IISLibrary
Class Name     : clsIISInterface
Procedure Name : GetAccInfo
Description    : 바코드번호: 14000786435는 장비로 검사할 항목이 없습니다.

[2014-08-19 17:27:07]
Project Name   : IISLibrary
Class Name     : clsIISInterface
Procedure Name : GetAccInfo
Description    : 바코드번호: 14000787066는 장비로 검사할 항목이 없습니다.

[2014-08-19 17:27:07]
Project Name   : IISLibrary
Class Name     : clsIISInterface
Procedure Name : GetAccInfo
Description    : 바코드번호: 14000787069는 Worklist에 존재하는 검체입니다.

[2014-08-19 17:27:07]
Project Name   : IISLibrary
Class Name     : clsIISInterface
Procedure Name : GetAccInfo
Description    : 바코드번호: 14000787103는 Worklist에 존재하는 검체입니다.

[2014-08-19 17:27:07]
Project Name   : IISLibrary
Class Name     : clsIISInterface
Procedure Name : GetAccInfo
Description    : 바코드번호: 14000787937는 Worklist에 존재하는 검체입니다.

[2014-08-19 17:27:08]
Project Name   : IISLibrary
Class Name     : clsIISInterface
Procedure Name : GetAccInfo
Description    : 바코드번호: 14000788209는 Worklist에 존재하는 검체입니다.

[2014-08-19 17:27:08]
Project Name   : IISLibrary
Class Name     : clsIISInterface
Procedure Name : GetAccInfo
Description    : 바코드번호: 14000788233는 Worklist에 존재하는 검체입니다.

[2014-08-19 17:27:08]
Project Name   : IISLibrary
Class Name     : clsIISInterface
Procedure Name : GetAccInfo
Description    : 바코드번호: 14000788245는 Worklist에 존재하는 검체입니다.

[2014-08-19 17:34:38]
Project Name   : IISLibrary
Class Name     : clsIISInterface
Procedure Name : GetAccInfo
Description    : 바코드번호: 14000785146는 장비로 검사할 항목이 없습니다.

[2014-08-19 17:34:38]
Project Name   : IISLibrary
Class Name     : clsIISInterface
Procedure Name : GetAccInfo
Description    : 바코드번호: 14000785734는 장비로 검사할 항목이 없습니다.

[2014-08-19 17:34:38]
Project Name   : IISLibrary
Class Name     : clsIISInterface
Procedure Name : GetAccInfo
Description    : 바코드번호: 14000785775는 장비로 검사할 항목이 없습니다.

[2014-08-19 17:34:38]
Project Name   : IISLibrary
Class Name     : clsIISInterface
Procedure Name : GetAccInfo
Description    : 바코드번호: 14000785976는 장비로 검사할 항목이 없습니다.

[2014-08-19 17:34:38]
Project Name   : IISLibrary
Class Name     : clsIISInterface
Procedure Name : GetAccInfo
Description    : 바코드번호: 14000785977는 장비로 검사할 항목이 없습니다.

[2014-08-19 17:34:38]
Project Name   : IISLibrary
Class Name     : clsIISInterface
Procedure Name : GetAccInfo
Description    : 바코드번호: 14000785985는 장비로 검사할 항목이 없습니다.

[2014-08-19 17:34:38]
Project Name   : IISLibrary
Class Name     : clsIISInterface
Procedure Name : GetAccInfo
Description    : 바코드번호: 14000786033는 장비로 검사할 항목이 없습니다.

[2014-08-19 17:34:39]
Project Name   : IISLibrary
Class Name     : clsIISInterface
Procedure Name : GetAccInfo
Description    : 바코드번호: 14000786102는 장비로 검사할 항목이 없습니다.

[2014-08-19 17:34:39]
Project Name   : IISLibrary
Class Name     : clsIISInterface
Procedure Name : GetAccInfo
Description    : 바코드번호: 14000786128는 장비로 검사할 항목이 없습니다.

[2014-08-19 17:34:39]
Project Name   : IISLibrary
Class Name     : clsIISInterface
Procedure Name : GetAccInfo
Description    : 바코드번호: 14000786181는 장비로 검사할 항목이 없습니다.

[2014-08-19 17:34:39]
Project Name   : IISLibrary
Class Name     : clsIISInterface
Procedure Name : GetAccInfo
Description    : 바코드번호: 14000786199는 장비로 검사할 항목이 없습니다.

[2014-08-19 17:34:40]
Project Name   : IISLibrary
Class Name     : clsIISInterface
Procedure Name : GetAccInfo
Description    : 바코드번호: 14000786435는 장비로 검사할 항목이 없습니다.

[2014-08-19 17:34:40]
Project Name   : IISLibrary
Class Name     : clsIISInterface
Procedure Name : GetAccInfo
Description    : 바코드번호: 14000787066는 장비로 검사할 항목이 없습니다.

[2014-08-19 17:37:54]
Project Name   : IISLibrary
Class Name     : clsIISInterface
Procedure Name : GetAccInfo
Description    : 바코드번호: 14000785146는 장비로 검사할 항목이 없습니다.

[2014-08-19 17:37:54]
Project Name   : IISLibrary
Class Name     : clsIISInterface
Procedure Name : GetAccInfo
Description    : 바코드번호: 14000785733는 Worklist에 존재하는 검체입니다.

[2014-08-19 17:37:54]
Project Name   : IISLibrary
Class Name     : clsIISInterface
Procedure Name : GetAccInfo
Description    : 바코드번호: 14000785734는 장비로 검사할 항목이 없습니다.

[2014-08-19 17:37:54]
Project Name   : IISLibrary
Class Name     : clsIISInterface
Procedure Name : GetAccInfo
Description    : 바코드번호: 14000785775는 장비로 검사할 항목이 없습니다.

[2014-08-19 17:37:54]
Project Name   : IISLibrary
Class Name     : clsIISInterface
Procedure Name : GetAccInfo
Description    : 바코드번호: 14000785976는 장비로 검사할 항목이 없습니다.

[2014-08-19 17:37:54]
Project Name   : IISLibrary
Class Name     : clsIISInterface
Procedure Name : GetAccInfo
Description    : 바코드번호: 14000785977는 장비로 검사할 항목이 없습니다.

[2014-08-19 17:37:54]
Project Name   : IISLibrary
Class Name     : clsIISInterface
Procedure Name : GetAccInfo
Description    : 바코드번호: 14000785984는 Worklist에 존재하는 검체입니다.

[2014-08-19 17:37:54]
Project Name   : IISLibrary
Class Name     : clsIISInterface
Procedure Name : GetAccInfo
Description    : 바코드번호: 14000785985는 장비로 검사할 항목이 없습니다.

[2014-08-19 17:37:54]
Project Name   : IISLibrary
Class Name     : clsIISInterface
Procedure Name : GetAccInfo
Description    : 바코드번호: 14000786033는 장비로 검사할 항목이 없습니다.

[2014-08-19 17:37:54]
Project Name   : IISLibrary
Class Name     : clsIISInterface
Procedure Name : GetAccInfo
Description    : 바코드번호: 14000786100는 Worklist에 존재하는 검체입니다.

[2014-08-19 17:37:54]
Project Name   : IISLibrary
Class Name     : clsIISInterface
Procedure Name : GetAccInfo
Description    : 바코드번호: 14000786102는 장비로 검사할 항목이 없습니다.

[2014-08-19 17:37:54]
Project Name   : IISLibrary
Class Name     : clsIISInterface
Procedure Name : GetAccInfo
Description    : 바코드번호: 14000786128는 장비로 검사할 항목이 없습니다.

[2014-08-19 17:37:54]
Project Name   : IISLibrary
Class Name     : clsIISInterface
Procedure Name : GetAccInfo
Description    : 바코드번호: 14000786173는 Worklist에 존재하는 검체입니다.

[2014-08-19 17:37:55]
Project Name   : IISLibrary
Class Name     : clsIISInterface
Procedure Name : GetAccInfo
Description    : 바코드번호: 14000786181는 장비로 검사할 항목이 없습니다.

[2014-08-19 17:37:55]
Project Name   : IISLibrary
Class Name     : clsIISInterface
Procedure Name : GetAccInfo
Description    : 바코드번호: 14000786199는 장비로 검사할 항목이 없습니다.

[2014-08-19 17:37:55]
Project Name   : IISLibrary
Class Name     : clsIISInterface
Procedure Name : GetAccInfo
Description    : 바코드번호: 14000786227는 Worklist에 존재하는 검체입니다.

[2014-08-19 17:37:55]
Project Name   : IISLibrary
Class Name     : clsIISInterface
Procedure Name : GetAccInfo
Description    : 바코드번호: 14000786300는 Worklist에 존재하는 검체입니다.

[2014-08-19 17:37:55]
Project Name   : IISLibrary
Class Name     : clsIISInterface
Procedure Name : GetAccInfo
Description    : 바코드번호: 14000786354는 Worklist에 존재하는 검체입니다.

[2014-08-19 17:37:55]
Project Name   : IISLibrary
Class Name     : clsIISInterface
Procedure Name : GetAccInfo
Description    : 바코드번호: 14000786376는 Worklist에 존재하는 검체입니다.

[2014-08-19 17:37:55]
Project Name   : IISLibrary
Class Name     : clsIISInterface
Procedure Name : GetAccInfo
Description    : 바코드번호: 14000786379는 Worklist에 존재하는 검체입니다.

[2014-08-19 17:37:55]
Project Name   : IISLibrary
Class Name     : clsIISInterface
Procedure Name : GetAccInfo
Description    : 바코드번호: 14000786435는 장비로 검사할 항목이 없습니다.

[2014-08-19 17:37:55]
Project Name   : IISLibrary
Class Name     : clsIISInterface
Procedure Name : GetAccInfo
Description    : 바코드번호: 14000787066는 장비로 검사할 항목이 없습니다.

[2014-08-19 17:37:55]
Project Name   : IISLibrary
Class Name     : clsIISInterface
Procedure Name : GetAccInfo
Description    : 바코드번호: 14000787069는 Worklist에 존재하는 검체입니다.

[2014-08-19 17:37:56]
Project Name   : IISLibrary
Class Name     : clsIISInterface
Procedure Name : GetAccInfo
Description    : 바코드번호: 14000787103는 Worklist에 존재하는 검체입니다.

[2014-08-19 17:37:56]
Project Name   : IISLibrary
Class Name     : clsIISInterface
Procedure Name : GetAccInfo
Description    : 바코드번호: 14000787937는 Worklist에 존재하는 검체입니다.

[2014-08-19 17:37:56]
Project Name   : IISLibrary
Class Name     : clsIISInterface
Procedure Name : GetAccInfo
Description    : 바코드번호: 14000788209는 Worklist에 존재하는 검체입니다.

[2014-08-19 17:37:56]
Project Name   : IISLibrary
Class Name     : clsIISInterface
Procedure Name : GetAccInfo
Description    : 바코드번호: 14000788233는 Worklist에 존재하는 검체입니다.

[2014-08-19 17:37:56]
Project Name   : IISLibrary
Class Name     : clsIISInterface
Procedure Name : GetAccInfo
Description    : 바코드번호: 14000788245는 Worklist에 존재하는 검체입니다.

[2014-08-19 17:37:56]
Project Name   : IISLibrary
Class Name     : clsIISInterface
Procedure Name : GetAccInfo
Description    : 바코드번호: 14000788519는 Worklist에 존재하는 검체입니다.

[2014-08-19 17:39:13]
Project Name   : IISLibrary
Class Name     : clsIISInterface
Procedure Name : GetAccInfo
Description    : 바코드번호: 14000785146는 장비로 검사할 항목이 없습니다.

[2014-08-19 17:39:13]
Project Name   : IISLibrary
Class Name     : clsIISInterface
Procedure Name : GetAccInfo
Description    : 바코드번호: 14000785733는 Worklist에 존재하는 검체입니다.

[2014-08-19 17:39:13]
Project Name   : IISLibrary
Class Name     : clsIISInterface
Procedure Name : GetAccInfo
Description    : 바코드번호: 14000785734는 장비로 검사할 항목이 없습니다.

[2014-08-19 17:39:13]
Project Name   : IISLibrary
Class Name     : clsIISInterface
Procedure Name : GetAccInfo
Description    : 바코드번호: 14000785775는 장비로 검사할 항목이 없습니다.

[2014-08-19 17:39:13]
Project Name   : IISLibrary
Class Name     : clsIISInterface
Procedure Name : GetAccInfo
Description    : 바코드번호: 14000785976는 장비로 검사할 항목이 없습니다.

[2014-08-19 17:39:13]
Project Name   : IISLibrary
Class Name     : clsIISInterface
Procedure Name : GetAccInfo
Description    : 바코드번호: 14000785977는 장비로 검사할 항목이 없습니다.

[2014-08-19 17:39:13]
Project Name   : IISLibrary
Class Name     : clsIISInterface
Procedure Name : GetAccInfo
Description    : 바코드번호: 14000785984는 Worklist에 존재하는 검체입니다.

[2014-08-19 17:39:13]
Project Name   : IISLibrary
Class Name     : clsIISInterface
Procedure Name : GetAccInfo
Description    : 바코드번호: 14000785985는 장비로 검사할 항목이 없습니다.

[2014-08-19 17:39:13]
Project Name   : IISLibrary
Class Name     : clsIISInterface
Procedure Name : GetAccInfo
Description    : 바코드번호: 14000786033는 장비로 검사할 항목이 없습니다.

[2014-08-19 17:39:13]
Project Name   : IISLibrary
Class Name     : clsIISInterface
Procedure Name : GetAccInfo
Description    : 바코드번호: 14000786100는 Worklist에 존재하는 검체입니다.

[2014-08-19 17:39:13]
Project Name   : IISLibrary
Class Name     : clsIISInterface
Procedure Name : GetAccInfo
Description    : 바코드번호: 14000786102는 장비로 검사할 항목이 없습니다.

[2014-08-19 17:39:13]
Project Name   : IISLibrary
Class Name     : clsIISInterface
Procedure Name : GetAccInfo
Description    : 바코드번호: 14000786128는 장비로 검사할 항목이 없습니다.

[2014-08-19 17:39:14]
Project Name   : IISLibrary
Class Name     : clsIISInterface
Procedure Name : GetAccInfo
Description    : 바코드번호: 14000786173는 Worklist에 존재하는 검체입니다.

[2014-08-19 17:39:14]
Project Name   : IISLibrary
Class Name     : clsIISInterface
Procedure Name : GetAccInfo
Description    : 바코드번호: 14000786181는 장비로 검사할 항목이 없습니다.

[2014-08-19 17:39:14]
Project Name   : IISLibrary
Class Name     : clsIISInterface
Procedure Name : GetAccInfo
Description    : 바코드번호: 14000786199는 장비로 검사할 항목이 없습니다.

[2014-08-19 17:39:14]
Project Name   : IISLibrary
Class Name     : clsIISInterface
Procedure Name : GetAccInfo
Description    : 바코드번호: 14000786227는 Worklist에 존재하는 검체입니다.

[2014-08-19 17:39:14]
Project Name   : IISLibrary
Class Name     : clsIISInterface
Procedure Name : GetAccInfo
Description    : 바코드번호: 14000786300는 Worklist에 존재하는 검체입니다.

[2014-08-19 17:39:14]
Project Name   : IISLibrary
Class Name     : clsIISInterface
Procedure Name : GetAccInfo
Description    : 바코드번호: 14000786354는 Worklist에 존재하는 검체입니다.

[2014-08-19 17:39:14]
Project Name   : IISLibrary
Class Name     : clsIISInterface
Procedure Name : GetAccInfo
Description    : 바코드번호: 14000786376는 Worklist에 존재하는 검체입니다.

[2014-08-19 17:39:14]
Project Name   : IISLibrary
Class Name     : clsIISInterface
Procedure Name : GetAccInfo
Description    : 바코드번호: 14000786379는 Worklist에 존재하는 검체입니다.

[2014-08-19 17:39:14]
Project Name   : IISLibrary
Class Name     : clsIISInterface
Procedure Name : GetAccInfo
Description    : 바코드번호: 14000786435는 장비로 검사할 항목이 없습니다.

[2014-08-19 17:39:15]
Project Name   : IISLibrary
Class Name     : clsIISInterface
Procedure Name : GetAccInfo
Description    : 바코드번호: 14000787066는 장비로 검사할 항목이 없습니다.

[2014-08-19 17:39:15]
Project Name   : IISLibrary
Class Name     : clsIISInterface
Procedure Name : GetAccInfo
Description    : 바코드번호: 14000787069는 Worklist에 존재하는 검체입니다.

[2014-08-19 17:39:15]
Project Name   : IISLibrary
Class Name     : clsIISInterface
Procedure Name : GetAccInfo
Description    : 바코드번호: 14000787103는 Worklist에 존재하는 검체입니다.

[2014-08-19 17:39:15]
Project Name   : IISLibrary
Class Name     : clsIISInterface
Procedure Name : GetAccInfo
Description    : 바코드번호: 14000787937는 Worklist에 존재하는 검체입니다.

[2014-08-19 17:39:15]
Project Name   : IISLibrary
Class Name     : clsIISInterface
Procedure Name : GetAccInfo
Description    : 바코드번호: 14000788209는 Worklist에 존재하는 검체입니다.

[2014-08-19 17:39:15]
Project Name   : IISLibrary
Class Name     : clsIISInterface
Procedure Name : GetAccInfo
Description    : 바코드번호: 14000788233는 Worklist에 존재하는 검체입니다.

[2014-08-19 17:39:15]
Project Name   : IISLibrary
Class Name     : clsIISInterface
Procedure Name : GetAccInfo
Description    : 바코드번호: 14000788245는 Worklist에 존재하는 검체입니다.

[2014-08-19 17:39:15]
Project Name   : IISLibrary
Class Name     : clsIISInterface
Procedure Name : GetAccInfo
Description    : 바코드번호: 14000788519는 Worklist에 존재하는 검체입니다.

[2014-08-19 17:40:01]
Project Name   : IISLibrary
Class Name     : clsIISInterface
Procedure Name : GetAccInfo
Description    : 바코드번호: 14000785146는 장비로 검사할 항목이 없습니다.

[2014-08-19 17:40:01]
Project Name   : IISLibrary
Class Name     : clsIISInterface
Procedure Name : GetAccInfo
Description    : 바코드번호: 14000785733는 Worklist에 존재하는 검체입니다.

[2014-08-19 17:40:02]
Project Name   : IISLibrary
Class Name     : clsIISInterface
Procedure Name : GetAccInfo
Description    : 바코드번호: 14000785734는 장비로 검사할 항목이 없습니다.

[2014-08-19 17:40:02]
Project Name   : IISLibrary
Class Name     : clsIISInterface
Procedure Name : GetAccInfo
Description    : 바코드번호: 14000785775는 장비로 검사할 항목이 없습니다.

[2014-08-19 17:40:02]
Project Name   : IISLibrary
Class Name     : clsIISInterface
Procedure Name : GetAccInfo
Description    : 바코드번호: 14000785976는 장비로 검사할 항목이 없습니다.

[2014-08-19 17:40:02]
Project Name   : IISLibrary
Class Name     : clsIISInterface
Procedure Name : GetAccInfo
Description    : 바코드번호: 14000785977는 장비로 검사할 항목이 없습니다.

[2014-08-19 17:40:02]
Project Name   : IISLibrary
Class Name     : clsIISInterface
Procedure Name : GetAccInfo
Description    : 바코드번호: 14000785984는 Worklist에 존재하는 검체입니다.

[2014-08-19 17:40:02]
Project Name   : IISLibrary
Class Name     : clsIISInterface
Procedure Name : GetAccInfo
Description    : 바코드번호: 14000785985는 장비로 검사할 항목이 없습니다.

[2014-08-19 17:40:02]
Project Name   : IISLibrary
Class Name     : clsIISInterface
Procedure Name : GetAccInfo
Description    : 바코드번호: 14000786033는 장비로 검사할 항목이 없습니다.

[2014-08-19 17:40:02]
Project Name   : IISLibrary
Class Name     : clsIISInterface
Procedure Name : GetAccInfo
Description    : 바코드번호: 14000786100는 Worklist에 존재하는 검체입니다.

[2014-08-19 17:40:02]
Project Name   : IISLibrary
Class Name     : clsIISInterface
Procedure Name : GetAccInfo
Description    : 바코드번호: 14000786102는 장비로 검사할 항목이 없습니다.

[2014-08-19 17:40:02]
Project Name   : IISLibrary
Class Name     : clsIISInterface
Procedure Name : GetAccInfo
Description    : 바코드번호: 14000786128는 장비로 검사할 항목이 없습니다.

[2014-08-19 17:40:02]
Project Name   : IISLibrary
Class Name     : clsIISInterface
Procedure Name : GetAccInfo
Description    : 바코드번호: 14000786173는 Worklist에 존재하는 검체입니다.

[2014-08-19 17:40:02]
Project Name   : IISLibrary
Class Name     : clsIISInterface
Procedure Name : GetAccInfo
Description    : 바코드번호: 14000786181는 장비로 검사할 항목이 없습니다.

[2014-08-19 17:40:02]
Project Name   : IISLibrary
Class Name     : clsIISInterface
Procedure Name : GetAccInfo
Description    : 바코드번호: 14000786199는 장비로 검사할 항목이 없습니다.

[2014-08-19 17:40:02]
Project Name   : IISLibrary
Class Name     : clsIISInterface
Procedure Name : GetAccInfo
Description    : 바코드번호: 14000786227는 Worklist에 존재하는 검체입니다.

[2014-08-19 17:40:03]
Project Name   : IISLibrary
Class Name     : clsIISInterface
Procedure Name : GetAccInfo
Description    : 바코드번호: 14000786300는 Worklist에 존재하는 검체입니다.

[2014-08-19 17:40:03]
Project Name   : IISLibrary
Class Name     : clsIISInterface
Procedure Name : GetAccInfo
Description    : 바코드번호: 14000786354는 Worklist에 존재하는 검체입니다.

[2014-08-19 17:40:03]
Project Name   : IISLibrary
Class Name     : clsIISInterface
Procedure Name : GetAccInfo
Description    : 바코드번호: 14000786376는 Worklist에 존재하는 검체입니다.

[2014-08-19 17:40:03]
Project Name   : IISLibrary
Class Name     : clsIISInterface
Procedure Name : GetAccInfo
Description    : 바코드번호: 14000786379는 Worklist에 존재하는 검체입니다.

[2014-08-19 17:40:03]
Project Name   : IISLibrary
Class Name     : clsIISInterface
Procedure Name : GetAccInfo
Description    : 바코드번호: 14000786435는 장비로 검사할 항목이 없습니다.

[2014-08-19 17:40:03]
Project Name   : IISLibrary
Class Name     : clsIISInterface
Procedure Name : GetAccInfo
Description    : 바코드번호: 14000787066는 장비로 검사할 항목이 없습니다.

[2014-08-19 17:40:03]
Project Name   : IISLibrary
Class Name     : clsIISInterface
Procedure Name : GetAccInfo
Description    : 바코드번호: 14000787069는 Worklist에 존재하는 검체입니다.

[2014-08-19 17:40:03]
Project Name   : IISLibrary
Class Name     : clsIISInterface
Procedure Name : GetAccInfo
Description    : 바코드번호: 14000787103는 Worklist에 존재하는 검체입니다.

[2014-08-19 17:40:03]
Project Name   : IISLibrary
Class Name     : clsIISInterface
Procedure Name : GetAccInfo
Description    : 바코드번호: 14000787937는 Worklist에 존재하는 검체입니다.

[2014-08-19 17:40:03]
Project Name   : IISLibrary
Class Name     : clsIISInterface
Procedure Name : GetAccInfo
Description    : 바코드번호: 14000788209는 Worklist에 존재하는 검체입니다.

[2014-08-19 17:40:04]
Project Name   : IISLibrary
Class Name     : clsIISInterface
Procedure Name : GetAccInfo
Description    : 바코드번호: 14000788233는 Worklist에 존재하는 검체입니다.

[2014-08-19 17:40:04]
Project Name   : IISLibrary
Class Name     : clsIISInterface
Procedure Name : GetAccInfo
Description    : 바코드번호: 14000788245는 Worklist에 존재하는 검체입니다.

[2014-08-19 17:40:04]
Project Name   : IISLibrary
Class Name     : clsIISInterface
Procedure Name : GetAccInfo
Description    : 바코드번호: 14000788519는 Worklist에 존재하는 검체입니다.

[2014-08-19 17:41:10]
Project Name   : IISLibrary
Class Name     : clsIISInterface
Procedure Name : GetAccInfo
Description    : 바코드번호: 14000785146는 장비로 검사할 항목이 없습니다.

[2014-08-19 17:41:10]
Project Name   : IISLibrary
Class Name     : clsIISInterface
Procedure Name : GetAccInfo
Description    : 바코드번호: 14000785733는 Worklist에 존재하는 검체입니다.

[2014-08-19 17:41:11]
Project Name   : IISLibrary
Class Name     : clsIISInterface
Procedure Name : GetAccInfo
Description    : 바코드번호: 14000785734는 장비로 검사할 항목이 없습니다.

[2014-08-19 17:41:11]
Project Name   : IISLibrary
Class Name     : clsIISInterface
Procedure Name : GetAccInfo
Description    : 바코드번호: 14000785775는 장비로 검사할 항목이 없습니다.

[2014-08-19 17:41:11]
Project Name   : IISLibrary
Class Name     : clsIISInterface
Procedure Name : GetAccInfo
Description    : 바코드번호: 14000785976는 장비로 검사할 항목이 없습니다.

[2014-08-19 17:41:11]
Project Name   : IISLibrary
Class Name     : clsIISInterface
Procedure Name : GetAccInfo
Description    : 바코드번호: 14000785977는 장비로 검사할 항목이 없습니다.

[2014-08-19 17:41:11]
Project Name   : IISLibrary
Class Name     : clsIISInterface
Procedure Name : GetAccInfo
Description    : 바코드번호: 14000785984는 Worklist에 존재하는 검체입니다.

[2014-08-19 17:41:11]
Project Name   : IISLibrary
Class Name     : clsIISInterface
Procedure Name : GetAccInfo
Description    : 바코드번호: 14000785985는 장비로 검사할 항목이 없습니다.

[2014-08-19 17:41:11]
Project Name   : IISLibrary
Class Name     : clsIISInterface
Procedure Name : GetAccInfo
Description    : 바코드번호: 14000786033는 장비로 검사할 항목이 없습니다.

[2014-08-19 17:41:11]
Project Name   : IISLibrary
Class Name     : clsIISInterface
Procedure Name : GetAccInfo
Description    : 바코드번호: 14000786100는 Worklist에 존재하는 검체입니다.

[2014-08-19 17:41:11]
Project Name   : IISLibrary
Class Name     : clsIISInterface
Procedure Name : GetAccInfo
Description    : 바코드번호: 14000786102는 장비로 검사할 항목이 없습니다.

[2014-08-19 17:41:11]
Project Name   : IISLibrary
Class Name     : clsIISInterface
Procedure Name : GetAccInfo
Description    : 바코드번호: 14000786128는 장비로 검사할 항목이 없습니다.

[2014-08-19 17:41:11]
Project Name   : IISLibrary
Class Name     : clsIISInterface
Procedure Name : GetAccInfo
Description    : 바코드번호: 14000786173는 Worklist에 존재하는 검체입니다.

[2014-08-19 17:41:11]
Project Name   : IISLibrary
Class Name     : clsIISInterface
Procedure Name : GetAccInfo
Description    : 바코드번호: 14000786181는 장비로 검사할 항목이 없습니다.

[2014-08-19 17:41:11]
Project Name   : IISLibrary
Class Name     : clsIISInterface
Procedure Name : GetAccInfo
Description    : 바코드번호: 14000786199는 장비로 검사할 항목이 없습니다.

[2014-08-19 17:41:11]
Project Name   : IISLibrary
Class Name     : clsIISInterface
Procedure Name : GetAccInfo
Description    : 바코드번호: 14000786227는 Worklist에 존재하는 검체입니다.

[2014-08-19 17:41:11]
Project Name   : IISLibrary
Class Name     : clsIISInterface
Procedure Name : GetAccInfo
Description    : 바코드번호: 14000786300는 Worklist에 존재하는 검체입니다.

[2014-08-19 17:41:12]
Project Name   : IISLibrary
Class Name     : clsIISInterface
Procedure Name : GetAccInfo
Description    : 바코드번호: 14000786354는 Worklist에 존재하는 검체입니다.

[2014-08-19 17:41:12]
Project Name   : IISLibrary
Class Name     : clsIISInterface
Procedure Name : GetAccInfo
Description    : 바코드번호: 14000786376는 Worklist에 존재하는 검체입니다.

[2014-08-19 17:41:12]
Project Name   : IISLibrary
Class Name     : clsIISInterface
Procedure Name : GetAccInfo
Description    : 바코드번호: 14000786379는 Worklist에 존재하는 검체입니다.

[2014-08-19 17:41:12]
Project Name   : IISLibrary
Class Name     : clsIISInterface
Procedure Name : GetAccInfo
Description    : 바코드번호: 14000786435는 장비로 검사할 항목이 없습니다.

[2014-08-19 17:41:12]
Project Name   : IISLibrary
Class Name     : clsIISInterface
Procedure Name : GetAccInfo
Description    : 바코드번호: 14000787066는 장비로 검사할 항목이 없습니다.

[2014-08-19 17:41:12]
Project Name   : IISLibrary
Class Name     : clsIISInterface
Procedure Name : GetAccInfo
Description    : 바코드번호: 14000787069는 Worklist에 존재하는 검체입니다.

[2014-08-19 17:41:12]
Project Name   : IISLibrary
Class Name     : clsIISInterface
Procedure Name : GetAccInfo
Description    : 바코드번호: 14000787103는 Worklist에 존재하는 검체입니다.

[2014-08-19 17:41:12]
Project Name   : IISLibrary
Class Name     : clsIISInterface
Procedure Name : GetAccInfo
Description    : 바코드번호: 14000787937는 Worklist에 존재하는 검체입니다.

[2014-08-19 17:41:12]
Project Name   : IISLibrary
Class Name     : clsIISInterface
Procedure Name : GetAccInfo
Description    : 바코드번호: 14000788209는 Worklist에 존재하는 검체입니다.

[2014-08-19 17:41:12]
Project Name   : IISLibrary
Class Name     : clsIISInterface
Procedure Name : GetAccInfo
Description    : 바코드번호: 14000788233는 Worklist에 존재하는 검체입니다.

[2014-08-19 17:41:12]
Project Name   : IISLibrary
Class Name     : clsIISInterface
Procedure Name : GetAccInfo
Description    : 바코드번호: 14000788245는 Worklist에 존재하는 검체입니다.

[2014-08-19 17:41:13]
Project Name   : IISLibrary
Class Name     : clsIISInterface
Procedure Name : GetAccInfo
Description    : 바코드번호: 14000788519는 Worklist에 존재하는 검체입니다.

[2014-08-19 17:42:09]
Project Name   : IISLibrary
Class Name     : clsIISInterface
Procedure Name : GetAccInfo
Description    : 바코드번호: 14000785146는 장비로 검사할 항목이 없습니다.

[2014-08-19 17:42:09]
Project Name   : IISLibrary
Class Name     : clsIISInterface
Procedure Name : GetAccInfo
Description    : 바코드번호: 14000785733는 Worklist에 존재하는 검체입니다.

[2014-08-19 17:42:09]
Project Name   : IISLibrary
Class Name     : clsIISInterface
Procedure Name : GetAccInfo
Description    : 바코드번호: 14000785734는 장비로 검사할 항목이 없습니다.

[2014-08-19 17:42:09]
Project Name   : IISLibrary
Class Name     : clsIISInterface
Procedure Name : GetAccInfo
Description    : 바코드번호: 14000785775는 장비로 검사할 항목이 없습니다.

[2014-08-19 17:42:09]
Project Name   : IISLibrary
Class Name     : clsIISInterface
Procedure Name : GetAccInfo
Description    : 바코드번호: 14000785976는 장비로 검사할 항목이 없습니다.

[2014-08-19 17:42:09]
Project Name   : IISLibrary
Class Name     : clsIISInterface
Procedure Name : GetAccInfo
Description    : 바코드번호: 14000785977는 장비로 검사할 항목이 없습니다.

[2014-08-19 17:42:09]
Project Name   : IISLibrary
Class Name     : clsIISInterface
Procedure Name : GetAccInfo
Description    : 바코드번호: 14000785984는 Worklist에 존재하는 검체입니다.

[2014-08-19 17:42:09]
Project Name   : IISLibrary
Class Name     : clsIISInterface
Procedure Name : GetAccInfo
Description    : 바코드번호: 14000785985는 장비로 검사할 항목이 없습니다.

[2014-08-19 17:42:09]
Project Name   : IISLibrary
Class Name     : clsIISInterface
Procedure Name : GetAccInfo
Description    : 바코드번호: 14000786033는 장비로 검사할 항목이 없습니다.

[2014-08-19 17:42:09]
Project Name   : IISLibrary
Class Name     : clsIISInterface
Procedure Name : GetAccInfo
Description    : 바코드번호: 14000786100는 Worklist에 존재하는 검체입니다.

[2014-08-19 17:42:09]
Project Name   : IISLibrary
Class Name     : clsIISInterface
Procedure Name : GetAccInfo
Description    : 바코드번호: 14000786102는 장비로 검사할 항목이 없습니다.

[2014-08-19 17:42:09]
Project Name   : IISLibrary
Class Name     : clsIISInterface
Procedure Name : GetAccInfo
Description    : 바코드번호: 14000786128는 장비로 검사할 항목이 없습니다.

[2014-08-19 17:42:09]
Project Name   : IISLibrary
Class Name     : clsIISInterface
Procedure Name : GetAccInfo
Description    : 바코드번호: 14000786173는 Worklist에 존재하는 검체입니다.

[2014-08-19 17:42:09]
Project Name   : IISLibrary
Class Name     : clsIISInterface
Procedure Name : GetAccInfo
Description    : 바코드번호: 14000786181는 장비로 검사할 항목이 없습니다.

[2014-08-19 17:42:09]
Project Name   : IISLibrary
Class Name     : clsIISInterface
Procedure Name : GetAccInfo
Description    : 바코드번호: 14000786199는 장비로 검사할 항목이 없습니다.

[2014-08-19 17:42:09]
Project Name   : IISLibrary
Class Name     : clsIISInterface
Procedure Name : GetAccInfo
Description    : 바코드번호: 14000786227는 Worklist에 존재하는 검체입니다.

[2014-08-19 17:42:10]
Project Name   : IISLibrary
Class Name     : clsIISInterface
Procedure Name : GetAccInfo
Description    : 바코드번호: 14000786300는 Worklist에 존재하는 검체입니다.

[2014-08-19 17:42:10]
Project Name   : IISLibrary
Class Name     : clsIISInterface
Procedure Name : GetAccInfo
Description    : 바코드번호: 14000786354는 Worklist에 존재하는 검체입니다.

[2014-08-19 17:42:10]
Project Name   : IISLibrary
Class Name     : clsIISInterface
Procedure Name : GetAccInfo
Description    : 바코드번호: 14000786376는 Worklist에 존재하는 검체입니다.

[2014-08-19 17:42:10]
Project Name   : IISLibrary
Class Name     : clsIISInterface
Procedure Name : GetAccInfo
Description    : 바코드번호: 14000786379는 Worklist에 존재하는 검체입니다.

[2014-08-19 17:42:10]
Project Name   : IISLibrary
Class Name     : clsIISInterface
Procedure Name : GetAccInfo
Description    : 바코드번호: 14000786435는 장비로 검사할 항목이 없습니다.

[2014-08-19 17:42:10]
Project Name   : IISLibrary
Class Name     : clsIISInterface
Procedure Name : GetAccInfo
Description    : 바코드번호: 14000787066는 장비로 검사할 항목이 없습니다.

[2014-08-19 17:42:10]
Project Name   : IISLibrary
Class Name     : clsIISInterface
Procedure Name : GetAccInfo
Description    : 바코드번호: 14000787069는 Worklist에 존재하는 검체입니다.

[2014-08-19 17:42:10]
Project Name   : IISLibrary
Class Name     : clsIISInterface
Procedure Name : GetAccInfo
Description    : 바코드번호: 14000787103는 Worklist에 존재하는 검체입니다.

[2014-08-19 17:42:11]
Project Name   : IISLibrary
Class Name     : clsIISInterface
Procedure Name : GetAccInfo
Description    : 바코드번호: 14000787937는 Worklist에 존재하는 검체입니다.

[2014-08-19 17:42:11]
Project Name   : IISLibrary
Class Name     : clsIISInterface
Procedure Name : GetAccInfo
Description    : 바코드번호: 14000788209는 Worklist에 존재하는 검체입니다.

[2014-08-19 17:42:11]
Project Name   : IISLibrary
Class Name     : clsIISInterface
Procedure Name : GetAccInfo
Description    : 바코드번호: 14000788233는 Worklist에 존재하는 검체입니다.

[2014-08-19 17:42:11]
Project Name   : IISLibrary
Class Name     : clsIISInterface
Procedure Name : GetAccInfo
Description    : 바코드번호: 14000788245는 Worklist에 존재하는 검체입니다.

[2014-08-19 17:42:11]
Project Name   : IISLibrary
Class Name     : clsIISInterface
Procedure Name : GetAccInfo
Description    : 바코드번호: 14000788519는 Worklist에 존재하는 검체입니다.

[2014-08-19 17:52:31]
Project Name   : IISLibrary
Class Name     : clsIISInterface
Procedure Name : GetAccInfo
Description    : 바코드번호: 14000785146는 장비로 검사할 항목이 없습니다.

[2014-08-19 17:52:31]
Project Name   : IISLibrary
Class Name     : clsIISInterface
Procedure Name : GetAccInfo
Description    : 바코드번호: 14000785734는 장비로 검사할 항목이 없습니다.

[2014-08-19 17:52:31]
Project Name   : IISLibrary
Class Name     : clsIISInterface
Procedure Name : GetAccInfo
Description    : 바코드번호: 14000785775는 장비로 검사할 항목이 없습니다.

[2014-08-19 17:52:31]
Project Name   : IISLibrary
Class Name     : clsIISInterface
Procedure Name : GetAccInfo
Description    : 바코드번호: 14000785976는 장비로 검사할 항목이 없습니다.

[2014-08-19 17:52:31]
Project Name   : IISLibrary
Class Name     : clsIISInterface
Procedure Name : GetAccInfo
Description    : 바코드번호: 14000785977는 장비로 검사할 항목이 없습니다.

[2014-08-19 17:52:31]
Project Name   : IISLibrary
Class Name     : clsIISInterface
Procedure Name : GetAccInfo
Description    : 바코드번호: 14000785985는 장비로 검사할 항목이 없습니다.

[2014-08-19 17:52:31]
Project Name   : IISLibrary
Class Name     : clsIISInterface
Procedure Name : GetAccInfo
Description    : 바코드번호: 14000786033는 장비로 검사할 항목이 없습니다.

[2014-08-19 17:52:31]
Project Name   : IISLibrary
Class Name     : clsIISInterface
Procedure Name : GetAccInfo
Description    : 바코드번호: 14000786102는 장비로 검사할 항목이 없습니다.

[2014-08-19 17:52:31]
Project Name   : IISLibrary
Class Name     : clsIISInterface
Procedure Name : GetAccInfo
Description    : 바코드번호: 14000786128는 장비로 검사할 항목이 없습니다.

[2014-08-19 17:52:32]
Project Name   : IISLibrary
Class Name     : clsIISInterface
Procedure Name : GetAccInfo
Description    : 바코드번호: 14000786181는 장비로 검사할 항목이 없습니다.

[2014-08-19 17:52:32]
Project Name   : IISLibrary
Class Name     : clsIISInterface
Procedure Name : GetAccInfo
Description    : 바코드번호: 14000786199는 장비로 검사할 항목이 없습니다.

[2014-08-19 17:52:33]
Project Name   : IISLibrary
Class Name     : clsIISInterface
Procedure Name : GetAccInfo
Description    : 바코드번호: 14000786435는 장비로 검사할 항목이 없습니다.

[2014-08-19 17:52:33]
Project Name   : IISLibrary
Class Name     : clsIISInterface
Procedure Name : GetAccInfo
Description    : 바코드번호: 14000787066는 장비로 검사할 항목이 없습니다.

[2014-08-19 17:52:57]
Project Name   : IISLibrary
Class Name     : clsIISInterface
Procedure Name : GetAccInfo
Description    : 바코드번호: 14000785146는 장비로 검사할 항목이 없습니다.

[2014-08-19 17:52:57]
Project Name   : IISLibrary
Class Name     : clsIISInterface
Procedure Name : GetAccInfo
Description    : 바코드번호: 14000785733는 Worklist에 존재하는 검체입니다.

[2014-08-19 17:52:57]
Project Name   : IISLibrary
Class Name     : clsIISInterface
Procedure Name : GetAccInfo
Description    : 바코드번호: 14000785734는 장비로 검사할 항목이 없습니다.

[2014-08-19 17:52:57]
Project Name   : IISLibrary
Class Name     : clsIISInterface
Procedure Name : GetAccInfo
Description    : 바코드번호: 14000785775는 장비로 검사할 항목이 없습니다.

[2014-08-19 17:52:57]
Project Name   : IISLibrary
Class Name     : clsIISInterface
Procedure Name : GetAccInfo
Description    : 바코드번호: 14000785976는 장비로 검사할 항목이 없습니다.

[2014-08-19 17:52:57]
Project Name   : IISLibrary
Class Name     : clsIISInterface
Procedure Name : GetAccInfo
Description    : 바코드번호: 14000785977는 장비로 검사할 항목이 없습니다.

[2014-08-19 17:52:57]
Project Name   : IISLibrary
Class Name     : clsIISInterface
Procedure Name : GetAccInfo
Description    : 바코드번호: 14000785984는 Worklist에 존재하는 검체입니다.

[2014-08-19 17:52:57]
Project Name   : IISLibrary
Class Name     : clsIISInterface
Procedure Name : GetAccInfo
Description    : 바코드번호: 14000785985는 장비로 검사할 항목이 없습니다.

[2014-08-19 17:52:57]
Project Name   : IISLibrary
Class Name     : clsIISInterface
Procedure Name : GetAccInfo
Description    : 바코드번호: 14000786033는 장비로 검사할 항목이 없습니다.

[2014-08-19 17:52:57]
Project Name   : IISLibrary
Class Name     : clsIISInterface
Procedure Name : GetAccInfo
Description    : 바코드번호: 14000786100는 Worklist에 존재하는 검체입니다.

[2014-08-19 17:52:57]
Project Name   : IISLibrary
Class Name     : clsIISInterface
Procedure Name : GetAccInfo
Description    : 바코드번호: 14000786102는 장비로 검사할 항목이 없습니다.

[2014-08-19 17:52:57]
Project Name   : IISLibrary
Class Name     : clsIISInterface
Procedure Name : GetAccInfo
Description    : 바코드번호: 14000786128는 장비로 검사할 항목이 없습니다.

[2014-08-19 17:52:58]
Project Name   : IISLibrary
Class Name     : clsIISInterface
Procedure Name : GetAccInfo
Description    : 바코드번호: 14000786173는 Worklist에 존재하는 검체입니다.

[2014-08-19 17:52:58]
Project Name   : IISLibrary
Class Name     : clsIISInterface
Procedure Name : GetAccInfo
Description    : 바코드번호: 14000786181는 장비로 검사할 항목이 없습니다.

[2014-08-19 17:52:58]
Project Name   : IISLibrary
Class Name     : clsIISInterface
Procedure Name : GetAccInfo
Description    : 바코드번호: 14000786199는 장비로 검사할 항목이 없습니다.

[2014-08-19 17:52:58]
Project Name   : IISLibrary
Class Name     : clsIISInterface
Procedure Name : GetAccInfo
Description    : 바코드번호: 14000786227는 Worklist에 존재하는 검체입니다.

[2014-08-19 17:52:58]
Project Name   : IISLibrary
Class Name     : clsIISInterface
Procedure Name : GetAccInfo
Description    : 바코드번호: 14000786300는 Worklist에 존재하는 검체입니다.

[2014-08-19 17:52:58]
Project Name   : IISLibrary
Class Name     : clsIISInterface
Procedure Name : GetAccInfo
Description    : 바코드번호: 14000786354는 Worklist에 존재하는 검체입니다.

[2014-08-19 17:52:58]
Project Name   : IISLibrary
Class Name     : clsIISInterface
Procedure Name : GetAccInfo
Description    : 바코드번호: 14000786376는 Worklist에 존재하는 검체입니다.

[2014-08-19 17:52:58]
Project Name   : IISLibrary
Class Name     : clsIISInterface
Procedure Name : GetAccInfo
Description    : 바코드번호: 14000786379는 Worklist에 존재하는 검체입니다.

[2014-08-19 17:52:58]
Project Name   : IISLibrary
Class Name     : clsIISInterface
Procedure Name : GetAccInfo
Description    : 바코드번호: 14000786435는 장비로 검사할 항목이 없습니다.

[2014-08-19 17:52:58]
Project Name   : IISLibrary
Class Name     : clsIISInterface
Procedure Name : GetAccInfo
Description    : 바코드번호: 14000787066는 장비로 검사할 항목이 없습니다.

[2014-08-19 17:52:59]
Project Name   : IISLibrary
Class Name     : clsIISInterface
Procedure Name : GetAccInfo
Description    : 바코드번호: 14000787069는 Worklist에 존재하는 검체입니다.

[2014-08-19 17:52:59]
Project Name   : IISLibrary
Class Name     : clsIISInterface
Procedure Name : GetAccInfo
Description    : 바코드번호: 14000787103는 Worklist에 존재하는 검체입니다.

[2014-08-19 17:52:59]
Project Name   : IISLibrary
Class Name     : clsIISInterface
Procedure Name : GetAccInfo
Description    : 바코드번호: 14000787937는 Worklist에 존재하는 검체입니다.

[2014-08-19 17:52:59]
Project Name   : IISLibrary
Class Name     : clsIISInterface
Procedure Name : GetAccInfo
Description    : 바코드번호: 14000788209는 Worklist에 존재하는 검체입니다.

[2014-08-19 17:52:59]
Project Name   : IISLibrary
Class Name     : clsIISInterface
Procedure Name : GetAccInfo
Description    : 바코드번호: 14000788233는 Worklist에 존재하는 검체입니다.

[2014-08-19 17:52:59]
Project Name   : IISLibrary
Class Name     : clsIISInterface
Procedure Name : GetAccInfo
Description    : 바코드번호: 14000788245는 Worklist에 존재하는 검체입니다.

[2014-08-19 17:52:59]
Project Name   : IISLibrary
Class Name     : clsIISInterface
Procedure Name : GetAccInfo
Description    : 바코드번호: 14000788519는 Worklist에 존재하는 검체입니다.

[2014-08-19 17:53:32]
Project Name   : IISLibrary
Class Name     : clsIISInterface
Procedure Name : GetAccInfo
Description    : 바코드번호: 14000780449는 장비로 검사할 항목이 없습니다.

[2014-08-19 17:53:32]
Project Name   : IISLibrary
Class Name     : clsIISInterface
Procedure Name : GetAccInfo
Description    : 바코드번호: 14000781068는 장비로 검사할 항목이 없습니다.

[2014-08-19 17:53:32]
Project Name   : IISLibrary
Class Name     : clsIISInterface
Procedure Name : GetAccInfo
Description    : 바코드번호: 14000781306는 장비로 검사할 항목이 없습니다.

[2014-08-19 17:53:32]
Project Name   : IISLibrary
Class Name     : clsIISInterface
Procedure Name : GetAccInfo
Description    : 바코드번호: 14000781322는 장비로 검사할 항목이 없습니다.

[2014-08-19 17:53:32]
Project Name   : IISLibrary
Class Name     : clsIISInterface
Procedure Name : GetAccInfo
Description    : 바코드번호: 14000781330는 장비로 검사할 항목이 없습니다.

[2014-08-19 17:53:32]
Project Name   : IISLibrary
Class Name     : clsIISInterface
Procedure Name : GetAccInfo
Description    : 바코드번호: 14000781429는 장비로 검사할 항목이 없습니다.

[2014-08-19 17:53:34]
Project Name   : IISLibrary
Class Name     : clsIISInterface
Procedure Name : GetAccInfo
Description    : 바코드번호: 14000781740는 장비로 검사할 항목이 없습니다.

[2014-08-19 17:53:34]
Project Name   : IISLibrary
Class Name     : clsIISInterface
Procedure Name : GetAccInfo
Description    : 바코드번호: 14000781795는 장비로 검사할 항목이 없습니다.

[2014-08-19 17:53:34]
Project Name   : IISLibrary
Class Name     : clsIISInterface
Procedure Name : GetAccInfo
Description    : 바코드번호: 14000782051는 장비로 검사할 항목이 없습니다.

[2014-08-19 17:53:34]
Project Name   : IISLibrary
Class Name     : clsIISInterface
Procedure Name : GetAccInfo
Description    : 바코드번호: 14000782182는 장비로 검사할 항목이 없습니다.

[2014-08-19 17:53:34]
Project Name   : IISLibrary
Class Name     : clsIISInterface
Procedure Name : GetAccInfo
Description    : 바코드번호: 14000782234는 장비로 검사할 항목이 없습니다.

[2014-08-19 17:53:34]
Project Name   : IISLibrary
Class Name     : clsIISInterface
Procedure Name : GetAccInfo
Description    : 바코드번호: 14000782267는 장비로 검사할 항목이 없습니다.

[2014-08-19 17:53:34]
Project Name   : IISLibrary
Class Name     : clsIISInterface
Procedure Name : GetAccInfo
Description    : 바코드번호: 14000782302는 장비로 검사할 항목이 없습니다.

[2014-08-19 17:53:40]
Project Name   : IISLibrary
Class Name     : clsIISInterface
Procedure Name : GetAccInfo
Description    : 바코드번호: 14000782465는 장비로 검사할 항목이 없습니다.

[2014-08-19 17:53:40]
Project Name   : IISLibrary
Class Name     : clsIISInterface
Procedure Name : GetAccInfo
Description    : 바코드번호: 14000782487는 장비로 검사할 항목이 없습니다.

[2014-08-19 17:53:40]
Project Name   : IISLibrary
Class Name     : clsIISInterface
Procedure Name : GetAccInfo
Description    : 바코드번호: 14000782741는 장비로 검사할 항목이 없습니다.

[2014-08-19 17:53:40]
Project Name   : IISLibrary
Class Name     : clsIISInterface
Procedure Name : GetAccInfo
Description    : 바코드번호: 14000782825는 장비로 검사할 항목이 없습니다.

[2014-08-19 17:53:40]
Project Name   : IISLibrary
Class Name     : clsIISInterface
Procedure Name : GetAccInfo
Description    : 바코드번호: 14000782904는 장비로 검사할 항목이 없습니다.

[2014-08-19 17:53:40]
Project Name   : IISLibrary
Class Name     : clsIISInterface
Procedure Name : GetAccInfo
Description    : 바코드번호: 14000782911는 장비로 검사할 항목이 없습니다.

[2014-08-19 17:53:40]
Project Name   : IISLibrary
Class Name     : clsIISInterface
Procedure Name : GetAccInfo
Description    : 바코드번호: 14000783009는 장비로 검사할 항목이 없습니다.

[2014-08-19 17:53:40]
Project Name   : IISLibrary
Class Name     : clsIISInterface
Procedure Name : GetAccInfo
Description    : 바코드번호: 14000783086는 장비로 검사할 항목이 없습니다.

[2014-08-19 17:53:41]
Project Name   : IISLibrary
Class Name     : clsIISInterface
Procedure Name : GetAccInfo
Description    : 바코드번호: 14000783219는 장비로 검사할 항목이 없습니다.

[2014-08-19 17:53:41]
Project Name   : IISLibrary
Class Name     : clsIISInterface
Procedure Name : GetAccInfo
Description    : 바코드번호: 14000783243는 장비로 검사할 항목이 없습니다.

[2014-08-19 17:53:43]
Project Name   : IISLibrary
Class Name     : clsIISInterface
Procedure Name : GetAccInfo
Description    : 바코드번호: 14000783344는 장비로 검사할 항목이 없습니다.

[2014-08-19 17:53:43]
Project Name   : IISLibrary
Class Name     : clsIISInterface
Procedure Name : GetAccInfo
Description    : 바코드번호: 14000783373는 장비로 검사할 항목이 없습니다.

[2014-08-19 17:53:43]
Project Name   : IISLibrary
Class Name     : clsIISInterface
Procedure Name : GetAccInfo
Description    : 바코드번호: 14000783448는 장비로 검사할 항목이 없습니다.

[2014-08-19 17:53:44]
Project Name   : IISLibrary
Class Name     : clsIISInterface
Procedure Name : GetAccInfo
Description    : 바코드번호: 14000783511는 장비로 검사할 항목이 없습니다.

[2014-08-19 17:53:44]
Project Name   : IISLibrary
Class Name     : clsIISInterface
Procedure Name : GetAccInfo
Description    : 바코드번호: 14000783525는 장비로 검사할 항목이 없습니다.

[2014-08-19 17:53:44]
Project Name   : IISLibrary
Class Name     : clsIISInterface
Procedure Name : GetAccInfo
Description    : 바코드번호: 14000783531는 장비로 검사할 항목이 없습니다.

[2014-08-19 17:53:45]
Project Name   : IISLibrary
Class Name     : clsIISInterface
Procedure Name : GetAccInfo
Description    : 바코드번호: 14000783672는 장비로 검사할 항목이 없습니다.

[2014-08-19 17:53:45]
Project Name   : IISLibrary
Class Name     : clsIISInterface
Procedure Name : GetAccInfo
Description    : 바코드번호: 14000783700는 장비로 검사할 항목이 없습니다.

[2014-08-19 17:53:46]
Project Name   : IISLibrary
Class Name     : clsIISInterface
Procedure Name : GetAccInfo
Description    : 바코드번호: 14000783875는 장비로 검사할 항목이 없습니다.

[2014-08-19 17:53:47]
Project Name   : IISLibrary
Class Name     : clsIISInterface
Procedure Name : GetAccInfo
Description    : 바코드번호: 14000784196는 장비로 검사할 항목이 없습니다.

[2014-08-19 17:53:47]
Project Name   : IISLibrary
Class Name     : clsIISInterface
Procedure Name : GetAccInfo
Description    : 바코드번호: 14000784220는 장비로 검사할 항목이 없습니다.

[2014-08-19 17:53:47]
Project Name   : IISLibrary
Class Name     : clsIISInterface
Procedure Name : GetAccInfo
Description    : 바코드번호: 14000784391는 장비로 검사할 항목이 없습니다.

[2014-08-19 17:53:47]
Project Name   : IISLibrary
Class Name     : clsIISInterface
Procedure Name : GetAccInfo
Description    : 바코드번호: 14000784406는 장비로 검사할 항목이 없습니다.

[2014-08-19 17:53:47]
Project Name   : IISLibrary
Class Name     : clsIISInterface
Procedure Name : GetAccInfo
Description    : 바코드번호: 14000784443는 장비로 검사할 항목이 없습니다.

[2014-08-19 17:53:47]
Project Name   : IISLibrary
Class Name     : clsIISInterface
Procedure Name : GetAccInfo
Description    : 바코드번호: 14000784637는 장비로 검사할 항목이 없습니다.

[2014-08-19 17:53:47]
Project Name   : IISLibrary
Class Name     : clsIISInterface
Procedure Name : GetAccInfo
Description    : 바코드번호: 14000784656는 장비로 검사할 항목이 없습니다.

[2014-08-19 17:53:48]
Project Name   : IISLibrary
Class Name     : clsIISInterface
Procedure Name : GetAccInfo
Description    : 바코드번호: 14000784685는 장비로 검사할 항목이 없습니다.

[2014-08-19 17:53:48]
Project Name   : IISLibrary
Class Name     : clsIISInterface
Procedure Name : GetAccInfo
Description    : 바코드번호: 14000785029는 장비로 검사할 항목이 없습니다.

[2014-08-19 17:53:48]
Project Name   : IISLibrary
Class Name     : clsIISInterface
Procedure Name : GetAccInfo
Description    : 바코드번호: 14000785047는 장비로 검사할 항목이 없습니다.

[2014-08-19 18:17:38]
Project Name   : IISLibrary
Class Name     : clsIISInterface
Procedure Name : GetAccInfo
Description    : 바코드번호: 14000785146는 장비로 검사할 항목이 없습니다.

[2014-08-19 18:17:38]
Project Name   : IISLibrary
Class Name     : clsIISInterface
Procedure Name : GetAccInfo
Description    : 바코드번호: 14000785734는 장비로 검사할 항목이 없습니다.

[2014-08-19 18:17:38]
Project Name   : IISLibrary
Class Name     : clsIISInterface
Procedure Name : GetAccInfo
Description    : 바코드번호: 14000785775는 장비로 검사할 항목이 없습니다.

[2014-08-19 18:17:38]
Project Name   : IISLibrary
Class Name     : clsIISInterface
Procedure Name : GetAccInfo
Description    : 바코드번호: 14000785976는 장비로 검사할 항목이 없습니다.

[2014-08-19 18:17:38]
Project Name   : IISLibrary
Class Name     : clsIISInterface
Procedure Name : GetAccInfo
Description    : 바코드번호: 14000785977는 장비로 검사할 항목이 없습니다.

[2014-08-19 18:17:38]
Project Name   : IISLibrary
Class Name     : clsIISInterface
Procedure Name : GetAccInfo
Description    : 바코드번호: 14000785985는 장비로 검사할 항목이 없습니다.

[2014-08-19 18:17:38]
Project Name   : IISLibrary
Class Name     : clsIISInterface
Procedure Name : GetAccInfo
Description    : 바코드번호: 14000786033는 장비로 검사할 항목이 없습니다.

[2014-08-19 18:17:38]
Project Name   : IISLibrary
Class Name     : clsIISInterface
Procedure Name : GetAccInfo
Description    : 바코드번호: 14000786102는 장비로 검사할 항목이 없습니다.

[2014-08-19 18:17:38]
Project Name   : IISLibrary
Class Name     : clsIISInterface
Procedure Name : GetAccInfo
Description    : 바코드번호: 14000786128는 장비로 검사할 항목이 없습니다.

[2014-08-19 18:17:38]
Project Name   : IISLibrary
Class Name     : clsIISInterface
Procedure Name : GetAccInfo
Description    : 바코드번호: 14000786181는 장비로 검사할 항목이 없습니다.

[2014-08-19 18:17:38]
Project Name   : IISLibrary
Class Name     : clsIISInterface
Procedure Name : GetAccInfo
Description    : 바코드번호: 14000786199는 장비로 검사할 항목이 없습니다.

[2014-08-19 18:17:39]
Project Name   : IISLibrary
Class Name     : clsIISInterface
Procedure Name : GetAccInfo
Description    : 바코드번호: 14000786435는 장비로 검사할 항목이 없습니다.

[2014-08-19 18:17:40]
Project Name   : IISLibrary
Class Name     : clsIISInterface
Procedure Name : GetAccInfo
Description    : 바코드번호: 14000787066는 장비로 검사할 항목이 없습니다.

[2014-08-19 18:18:40]
Project Name   : IISLibrary
Class Name     : clsIISInterface
Procedure Name : GetAccInfo
Description    : 바코드번호: 14000785146는 장비로 검사할 항목이 없습니다.

[2014-08-19 18:18:40]
Project Name   : IISLibrary
Class Name     : clsIISInterface
Procedure Name : GetAccInfo
Description    : 바코드번호: 14000785733는 Worklist에 존재하는 검체입니다.

[2014-08-19 18:18:40]
Project Name   : IISLibrary
Class Name     : clsIISInterface
Procedure Name : GetAccInfo
Description    : 바코드번호: 14000785734는 장비로 검사할 항목이 없습니다.

[2014-08-19 18:18:40]
Project Name   : IISLibrary
Class Name     : clsIISInterface
Procedure Name : GetAccInfo
Description    : 바코드번호: 14000785775는 장비로 검사할 항목이 없습니다.

[2014-08-19 18:18:41]
Project Name   : IISLibrary
Class Name     : clsIISInterface
Procedure Name : GetAccInfo
Description    : 바코드번호: 14000785976는 장비로 검사할 항목이 없습니다.

[2014-08-19 18:18:41]
Project Name   : IISLibrary
Class Name     : clsIISInterface
Procedure Name : GetAccInfo
Description    : 바코드번호: 14000785977는 장비로 검사할 항목이 없습니다.

[2014-08-19 18:18:41]
Project Name   : IISLibrary
Class Name     : clsIISInterface
Procedure Name : GetAccInfo
Description    : 바코드번호: 14000785984는 Worklist에 존재하는 검체입니다.

[2014-08-19 18:18:41]
Project Name   : IISLibrary
Class Name     : clsIISInterface
Procedure Name : GetAccInfo
Description    : 바코드번호: 14000785985는 장비로 검사할 항목이 없습니다.

[2014-08-19 18:18:41]
Project Name   : IISLibrary
Class Name     : clsIISInterface
Procedure Name : GetAccInfo
Description    : 바코드번호: 14000786033는 장비로 검사할 항목이 없습니다.

[2014-08-19 18:18:41]
Project Name   : IISLibrary
Class Name     : clsIISInterface
Procedure Name : GetAccInfo
Description    : 바코드번호: 14000786100는 Worklist에 존재하는 검체입니다.

[2014-08-19 18:18:41]
Project Name   : IISLibrary
Class Name     : clsIISInterface
Procedure Name : GetAccInfo
Description    : 바코드번호: 14000786102는 장비로 검사할 항목이 없습니다.

[2014-08-19 18:18:41]
Project Name   : IISLibrary
Class Name     : clsIISInterface
Procedure Name : GetAccInfo
Description    : 바코드번호: 14000786128는 장비로 검사할 항목이 없습니다.

[2014-08-19 18:18:41]
Project Name   : IISLibrary
Class Name     : clsIISInterface
Procedure Name : GetAccInfo
Description    : 바코드번호: 14000786173는 Worklist에 존재하는 검체입니다.

[2014-08-19 18:18:41]
Project Name   : IISLibrary
Class Name     : clsIISInterface
Procedure Name : GetAccInfo
Description    : 바코드번호: 14000786181는 장비로 검사할 항목이 없습니다.

[2014-08-19 18:18:41]
Project Name   : IISLibrary
Class Name     : clsIISInterface
Procedure Name : GetAccInfo
Description    : 바코드번호: 14000786199는 장비로 검사할 항목이 없습니다.

[2014-08-19 18:18:41]
Project Name   : IISLibrary
Class Name     : clsIISInterface
Procedure Name : GetAccInfo
Description    : 바코드번호: 14000786227는 Worklist에 존재하는 검체입니다.

[2014-08-19 18:18:42]
Project Name   : IISLibrary
Class Name     : clsIISInterface
Procedure Name : GetAccInfo
Description    : 바코드번호: 14000786300는 Worklist에 존재하는 검체입니다.

[2014-08-19 18:18:42]
Project Name   : IISLibrary
Class Name     : clsIISInterface
Procedure Name : GetAccInfo
Description    : 바코드번호: 14000786354는 Worklist에 존재하는 검체입니다.

[2014-08-19 18:18:42]
Project Name   : IISLibrary
Class Name     : clsIISInterface
Procedure Name : GetAccInfo
Description    : 바코드번호: 14000786376는 Worklist에 존재하는 검체입니다.

[2014-08-19 18:18:42]
Project Name   : IISLibrary
Class Name     : clsIISInterface
Procedure Name : GetAccInfo
Description    : 바코드번호: 14000786379는 Worklist에 존재하는 검체입니다.

[2014-08-19 18:18:42]
Project Name   : IISLibrary
Class Name     : clsIISInterface
Procedure Name : GetAccInfo
Description    : 바코드번호: 14000786435는 장비로 검사할 항목이 없습니다.

[2014-08-19 18:18:42]
Project Name   : IISLibrary
Class Name     : clsIISInterface
Procedure Name : GetAccInfo
Description    : 바코드번호: 14000787066는 장비로 검사할 항목이 없습니다.

[2014-08-19 18:18:42]
Project Name   : IISLibrary
Class Name     : clsIISInterface
Procedure Name : GetAccInfo
Description    : 바코드번호: 14000787069는 Worklist에 존재하는 검체입니다.

[2014-08-19 18:18:42]
Project Name   : IISLibrary
Class Name     : clsIISInterface
Procedure Name : GetAccInfo
Description    : 바코드번호: 14000787103는 Worklist에 존재하는 검체입니다.

[2014-08-19 18:18:42]
Project Name   : IISLibrary
Class Name     : clsIISInterface
Procedure Name : GetAccInfo
Description    : 바코드번호: 14000787937는 Worklist에 존재하는 검체입니다.

[2014-08-19 18:18:42]
Project Name   : IISLibrary
Class Name     : clsIISInterface
Procedure Name : GetAccInfo
Description    : 바코드번호: 14000788209는 Worklist에 존재하는 검체입니다.

[2014-08-19 18:18:42]
Project Name   : IISLibrary
Class Name     : clsIISInterface
Procedure Name : GetAccInfo
Description    : 바코드번호: 14000788233는 Worklist에 존재하는 검체입니다.

[2014-08-19 18:18:43]
Project Name   : IISLibrary
Class Name     : clsIISInterface
Procedure Name : GetAccInfo
Description    : 바코드번호: 14000788245는 Worklist에 존재하는 검체입니다.

[2014-08-19 18:18:43]
Project Name   : IISLibrary
Class Name     : clsIISInterface
Procedure Name : GetAccInfo
Description    : 바코드번호: 14000788519는 Worklist에 존재하는 검체입니다.

[2014-08-19 18:19:00]
Project Name   : IISLibrary
Class Name     : clsIISInterface
Procedure Name : GetAccInfo
Description    : 바코드번호: 14000785146는 장비로 검사할 항목이 없습니다.

[2014-08-19 18:19:00]
Project Name   : IISLibrary
Class Name     : clsIISInterface
Procedure Name : GetAccInfo
Description    : 바코드번호: 14000785733는 Worklist에 존재하는 검체입니다.

[2014-08-19 18:19:00]
Project Name   : IISLibrary
Class Name     : clsIISInterface
Procedure Name : GetAccInfo
Description    : 바코드번호: 14000785734는 장비로 검사할 항목이 없습니다.

[2014-08-19 18:19:00]
Project Name   : IISLibrary
Class Name     : clsIISInterface
Procedure Name : GetAccInfo
Description    : 바코드번호: 14000785775는 장비로 검사할 항목이 없습니다.

[2014-08-19 18:19:01]
Project Name   : IISLibrary
Class Name     : clsIISInterface
Procedure Name : GetAccInfo
Description    : 바코드번호: 14000785976는 장비로 검사할 항목이 없습니다.

[2014-08-19 18:19:01]
Project Name   : IISLibrary
Class Name     : clsIISInterface
Procedure Name : GetAccInfo
Description    : 바코드번호: 14000785977는 장비로 검사할 항목이 없습니다.

[2014-08-19 18:19:01]
Project Name   : IISLibrary
Class Name     : clsIISInterface
Procedure Name : GetAccInfo
Description    : 바코드번호: 14000785984는 Worklist에 존재하는 검체입니다.

[2014-08-19 18:19:01]
Project Name   : IISLibrary
Class Name     : clsIISInterface
Procedure Name : GetAccInfo
Description    : 바코드번호: 14000785985는 장비로 검사할 항목이 없습니다.

[2014-08-19 18:19:01]
Project Name   : IISLibrary
Class Name     : clsIISInterface
Procedure Name : GetAccInfo
Description    : 바코드번호: 14000786033는 장비로 검사할 항목이 없습니다.

[2014-08-19 18:19:01]
Project Name   : IISLibrary
Class Name     : clsIISInterface
Procedure Name : GetAccInfo
Description    : 바코드번호: 14000786100는 Worklist에 존재하는 검체입니다.

[2014-08-19 18:19:01]
Project Name   : IISLibrary
Class Name     : clsIISInterface
Procedure Name : GetAccInfo
Description    : 바코드번호: 14000786102는 장비로 검사할 항목이 없습니다.

[2014-08-19 18:19:01]
Project Name   : IISLibrary
Class Name     : clsIISInterface
Procedure Name : GetAccInfo
Description    : 바코드번호: 14000786128는 장비로 검사할 항목이 없습니다.

[2014-08-19 18:19:01]
Project Name   : IISLibrary
Class Name     : clsIISInterface
Procedure Name : GetAccInfo
Description    : 바코드번호: 14000786173는 Worklist에 존재하는 검체입니다.

[2014-08-19 18:19:01]
Project Name   : IISLibrary
Class Name     : clsIISInterface
Procedure Name : GetAccInfo
Description    : 바코드번호: 14000786181는 장비로 검사할 항목이 없습니다.

[2014-08-19 18:19:01]
Project Name   : IISLibrary
Class Name     : clsIISInterface
Procedure Name : GetAccInfo
Description    : 바코드번호: 14000786199는 장비로 검사할 항목이 없습니다.

[2014-08-19 18:19:01]
Project Name   : IISLibrary
Class Name     : clsIISInterface
Procedure Name : GetAccInfo
Description    : 바코드번호: 14000786227는 Worklist에 존재하는 검체입니다.

[2014-08-19 18:19:01]
Project Name   : IISLibrary
Class Name     : clsIISInterface
Procedure Name : GetAccInfo
Description    : 바코드번호: 14000786300는 Worklist에 존재하는 검체입니다.

[2014-08-19 18:19:02]
Project Name   : IISLibrary
Class Name     : clsIISInterface
Procedure Name : GetAccInfo
Description    : 바코드번호: 14000786354는 Worklist에 존재하는 검체입니다.

[2014-08-19 18:19:02]
Project Name   : IISLibrary
Class Name     : clsIISInterface
Procedure Name : GetAccInfo
Description    : 바코드번호: 14000786376는 Worklist에 존재하는 검체입니다.

[2014-08-19 18:19:02]
Project Name   : IISLibrary
Class Name     : clsIISInterface
Procedure Name : GetAccInfo
Description    : 바코드번호: 14000786379는 Worklist에 존재하는 검체입니다.

[2014-08-19 18:19:02]
Project Name   : IISLibrary
Class Name     : clsIISInterface
Procedure Name : GetAccInfo
Description    : 바코드번호: 14000786435는 장비로 검사할 항목이 없습니다.

[2014-08-19 18:19:02]
Project Name   : IISLibrary
Class Name     : clsIISInterface
Procedure Name : GetAccInfo
Description    : 바코드번호: 14000787066는 장비로 검사할 항목이 없습니다.

[2014-08-19 18:19:02]
Project Name   : IISLibrary
Class Name     : clsIISInterface
Procedure Name : GetAccInfo
Description    : 바코드번호: 14000787069는 Worklist에 존재하는 검체입니다.

[2014-08-19 18:19:02]
Project Name   : IISLibrary
Class Name     : clsIISInterface
Procedure Name : GetAccInfo
Description    : 바코드번호: 14000787103는 Worklist에 존재하는 검체입니다.

[2014-08-19 18:19:02]
Project Name   : IISLibrary
Class Name     : clsIISInterface
Procedure Name : GetAccInfo
Description    : 바코드번호: 14000787937는 Worklist에 존재하는 검체입니다.

[2014-08-19 18:19:02]
Project Name   : IISLibrary
Class Name     : clsIISInterface
Procedure Name : GetAccInfo
Description    : 바코드번호: 14000788209는 Worklist에 존재하는 검체입니다.

[2014-08-19 18:19:02]
Project Name   : IISLibrary
Class Name     : clsIISInterface
Procedure Name : GetAccInfo
Description    : 바코드번호: 14000788233는 Worklist에 존재하는 검체입니다.

[2014-08-19 18:19:03]
Project Name   : IISLibrary
Class Name     : clsIISInterface
Procedure Name : GetAccInfo
Description    : 바코드번호: 14000788245는 Worklist에 존재하는 검체입니다.

[2014-08-19 18:19:03]
Project Name   : IISLibrary
Class Name     : clsIISInterface
Procedure Name : GetAccInfo
Description    : 바코드번호: 14000788519는 Worklist에 존재하는 검체입니다.

[2014-08-19 18:20:34]
Project Name   : IISLibrary
Class Name     : clsIISInterface
Procedure Name : GetAccInfo
Description    : 바코드번호: 14000785146는 장비로 검사할 항목이 없습니다.

[2014-08-19 18:20:34]
Project Name   : IISLibrary
Class Name     : clsIISInterface
Procedure Name : GetAccInfo
Description    : 바코드번호: 14000785734는 장비로 검사할 항목이 없습니다.

[2014-08-19 18:20:34]
Project Name   : IISLibrary
Class Name     : clsIISInterface
Procedure Name : GetAccInfo
Description    : 바코드번호: 14000785775는 장비로 검사할 항목이 없습니다.

[2014-08-19 18:20:34]
Project Name   : IISLibrary
Class Name     : clsIISInterface
Procedure Name : GetAccInfo
Description    : 바코드번호: 14000785976는 장비로 검사할 항목이 없습니다.

[2014-08-19 18:20:34]
Project Name   : IISLibrary
Class Name     : clsIISInterface
Procedure Name : GetAccInfo
Description    : 바코드번호: 14000785977는 장비로 검사할 항목이 없습니다.

[2014-08-19 18:20:34]
Project Name   : IISLibrary
Class Name     : clsIISInterface
Procedure Name : GetAccInfo
Description    : 바코드번호: 14000785985는 장비로 검사할 항목이 없습니다.

[2014-08-19 18:20:34]
Project Name   : IISLibrary
Class Name     : clsIISInterface
Procedure Name : GetAccInfo
Description    : 바코드번호: 14000786033는 장비로 검사할 항목이 없습니다.

[2014-08-19 18:20:34]
Project Name   : IISLibrary
Class Name     : clsIISInterface
Procedure Name : GetAccInfo
Description    : 바코드번호: 14000786102는 장비로 검사할 항목이 없습니다.

[2014-08-19 18:20:34]
Project Name   : IISLibrary
Class Name     : clsIISInterface
Procedure Name : GetAccInfo
Description    : 바코드번호: 14000786128는 장비로 검사할 항목이 없습니다.

[2014-08-19 18:20:34]
Project Name   : IISLibrary
Class Name     : clsIISInterface
Procedure Name : GetAccInfo
Description    : 바코드번호: 14000786181는 장비로 검사할 항목이 없습니다.

[2014-08-19 18:20:34]
Project Name   : IISLibrary
Class Name     : clsIISInterface
Procedure Name : GetAccInfo
Description    : 바코드번호: 14000786199는 장비로 검사할 항목이 없습니다.

[2014-08-19 18:20:35]
Project Name   : IISLibrary
Class Name     : clsIISInterface
Procedure Name : GetAccInfo
Description    : 바코드번호: 14000786435는 장비로 검사할 항목이 없습니다.

[2014-08-19 18:20:35]
Project Name   : IISLibrary
Class Name     : clsIISInterface
Procedure Name : GetAccInfo
Description    : 바코드번호: 14000787066는 장비로 검사할 항목이 없습니다.

[2014-08-19 18:25:22]
Project Name   : IISLibrary
Class Name     : clsIISInterface
Procedure Name : GetAccInfo
Description    : 바코드번호: 14000785146는 장비로 검사할 항목이 없습니다.

[2014-08-19 18:25:24]
Project Name   : IISLibrary
Class Name     : clsIISInterface
Procedure Name : GetAccInfo
Description    : 바코드번호: 14000785734는 장비로 검사할 항목이 없습니다.

[2014-08-19 18:25:25]
Project Name   : IISLibrary
Class Name     : clsIISInterface
Procedure Name : GetAccInfo
Description    : 바코드번호: 14000785775는 장비로 검사할 항목이 없습니다.

[2014-08-19 18:25:25]
Project Name   : IISLibrary
Class Name     : clsIISInterface
Procedure Name : GetAccInfo
Description    : 바코드번호: 14000785976는 장비로 검사할 항목이 없습니다.

[2014-08-19 18:25:25]
Project Name   : IISLibrary
Class Name     : clsIISInterface
Procedure Name : GetAccInfo
Description    : 바코드번호: 14000785977는 장비로 검사할 항목이 없습니다.

[2014-08-19 18:25:25]
Project Name   : IISLibrary
Class Name     : clsIISInterface
Procedure Name : GetAccInfo
Description    : 바코드번호: 14000785985는 장비로 검사할 항목이 없습니다.

[2014-08-19 18:25:25]
Project Name   : IISLibrary
Class Name     : clsIISInterface
Procedure Name : GetAccInfo
Description    : 바코드번호: 14000786033는 장비로 검사할 항목이 없습니다.

[2014-08-19 18:25:25]
Project Name   : IISLibrary
Class Name     : clsIISInterface
Procedure Name : GetAccInfo
Description    : 바코드번호: 14000786102는 장비로 검사할 항목이 없습니다.

[2014-08-19 18:25:25]
Project Name   : IISLibrary
Class Name     : clsIISInterface
Procedure Name : GetAccInfo
Description    : 바코드번호: 14000786128는 장비로 검사할 항목이 없습니다.

[2014-08-19 18:25:25]
Project Name   : IISLibrary
Class Name     : clsIISInterface
Procedure Name : GetAccInfo
Description    : 바코드번호: 14000786181는 장비로 검사할 항목이 없습니다.

[2014-08-19 18:25:25]
Project Name   : IISLibrary
Class Name     : clsIISInterface
Procedure Name : GetAccInfo
Description    : 바코드번호: 14000786199는 장비로 검사할 항목이 없습니다.

[2014-08-19 18:25:26]
Project Name   : IISLibrary
Class Name     : clsIISInterface
Procedure Name : GetAccInfo
Description    : 바코드번호: 14000786435는 장비로 검사할 항목이 없습니다.

[2014-08-19 18:25:27]
Project Name   : IISLibrary
Class Name     : clsIISInterface
Procedure Name : GetAccInfo
Description    : 바코드번호: 14000787066는 장비로 검사할 항목이 없습니다.

