19 행: LisLabel1 컨트롤의 MedControls1.LisLabel 클래스는 로드한 컨트롤 클래스가 아닙니다.
48 행: lblPtId 컨트롤의 MedControls1.LisLabel 클래스는 로드한 컨트롤 클래스가 아닙니다.
71 행: lblDoctNm 컨트롤의 MedControls1.LisLabel 클래스는 로드한 컨트롤 클래스가 아닙니다.
94 행: lblStatFg 컨트롤의 MedControls1.LisLabel 클래스는 로드한 컨트롤 클래스가 아닙니다.
117 행: lblName 컨트롤의 MedControls1.LisLabel 클래스는 로드한 컨트롤 클래스가 아닙니다.
140 행: lblDeptNm 컨트롤의 MedControls1.LisLabel 클래스는 로드한 컨트롤 클래스가 아닙니다.
163 행: lblSpcNm 컨트롤의 MedControls1.LisLabel 클래스는 로드한 컨트롤 클래스가 아닙니다.
186 행: lblSexAge 컨트롤의 MedControls1.LisLabel 클래스는 로드한 컨트롤 클래스가 아닙니다.
209 행: lblWardNm 컨트롤의 MedControls1.LisLabel 클래스는 로드한 컨트롤 클래스가 아닙니다.
420 행: MSComm 컨트롤의 MSCommLib.MSComm 클래스는 로드한 컨트롤 클래스가 아닙니다.
428 행: MDIActiveX 컨트롤의 MDIControls.MDIActiveX 클래스는 로드한 컨트롤 클래스가 아닙니다.
434 행: tblComplete 컨트롤의 FPSpread.vaSpread 클래스는 로드한 컨트롤 클래스가 아닙니다.
463 행: LisLabel3 컨트롤의 MedControls1.LisLabel 클래스는 로드한 컨트롤 클래스가 아닙니다.
485 행: tblResult 컨트롤의 FPSpread.vaSpread 클래스는 로드한 컨트롤 클래스가 아닙니다.
26 행: LisLabel1의 _ExtentX 속성 이름이 잘못되었습니다. 
27 행: LisLabel1의 _ExtentY 속성 이름이 잘못되었습니다. 
38 행: LisLabel1의 Caption 속성 이름이 잘못되었습니다. 
54 행: lblPtId의 _ExtentX 속성 이름이 잘못되었습니다. 
55 행: lblPtId의 _ExtentY 속성 이름이 잘못되었습니다. 
67 행: lblPtId의 Alignment 속성 이름이 잘못되었습니다. 
68 행: lblPtId의 Caption 속성 이름이 잘못되었습니다. 
77 행: lblDoctNm의 _ExtentX 속성 이름이 잘못되었습니다. 
78 행: lblDoctNm의 _ExtentY 속성 이름이 잘못되었습니다. 
90 행: lblDoctNm의 Alignment 속성 이름이 잘못되었습니다. 
91 행: lblDoctNm의 Caption 속성 이름이 잘못되었습니다. 
100 행: lblStatFg의 _ExtentX 속성 이름이 잘못되었습니다. 
101 행: lblStatFg의 _ExtentY 속성 이름이 잘못되었습니다. 
113 행: lblStatFg의 Alignment 속성 이름이 잘못되었습니다. 
114 행: lblStatFg의 Caption 속성 이름이 잘못되었습니다. 
123 행: lblName의 _ExtentX 속성 이름이 잘못되었습니다. 
124 행: lblName의 _ExtentY 속성 이름이 잘못되었습니다. 
136 행: lblName의 Alignment 속성 이름이 잘못되었습니다. 
137 행: lblName의 Caption 속성 이름이 잘못되었습니다. 
146 행: lblDeptNm의 _ExtentX 속성 이름이 잘못되었습니다. 
147 행: lblDeptNm의 _ExtentY 속성 이름이 잘못되었습니다. 
159 행: lblDeptNm의 Alignment 속성 이름이 잘못되었습니다. 
160 행: lblDeptNm의 Caption 속성 이름이 잘못되었습니다. 
169 행: lblSpcNm의 _ExtentX 속성 이름이 잘못되었습니다. 
170 행: lblSpcNm의 _ExtentY 속성 이름이 잘못되었습니다. 
182 행: lblSpcNm의 Alignment 속성 이름이 잘못되었습니다. 
183 행: lblSpcNm의 Caption 속성 이름이 잘못되었습니다. 
192 행: lblSexAge의 _ExtentX 속성 이름이 잘못되었습니다. 
193 행: lblSexAge의 _ExtentY 속성 이름이 잘못되었습니다. 
205 행: lblSexAge의 Alignment 속성 이름이 잘못되었습니다. 
206 행: lblSexAge의 Caption 속성 이름이 잘못되었습니다. 
215 행: lblWardNm의 _ExtentX 속성 이름이 잘못되었습니다. 
216 행: lblWardNm의 _ExtentY 속성 이름이 잘못되었습니다. 
228 행: lblWardNm의 Alignment 속성 이름이 잘못되었습니다. 
229 행: lblWardNm의 Caption 속성 이름이 잘못되었습니다. 
423 행: MSComm의 _ExtentX 속성 이름이 잘못되었습니다. 
424 행: MSComm의 _ExtentY 속성 이름이 잘못되었습니다. 
425 행: MSComm의 _Version 속성 이름이 잘못되었습니다. 
426 행: MSComm의 DTREnable 속성 이름이 잘못되었습니다. 
431 행: MDIActiveX의 _ExtentX 속성 이름이 잘못되었습니다. 
432 행: MDIActiveX의 _ExtentY 속성 이름이 잘못되었습니다. 
440 행: tblComplete의 _Version 속성 이름이 잘못되었습니다. 
441 행: tblComplete의 _ExtentX 속성 이름이 잘못되었습니다. 
442 행: tblComplete의 _ExtentY 속성 이름이 잘못되었습니다. 
443 행: tblComplete의 _StockProps 속성 이름이 잘못되었습니다. 
444 행: tblComplete의 BackColorStyle 속성 이름이 잘못되었습니다. 
445 행: tblComplete의 DisplayRowHeaders 속성 이름이 잘못되었습니다. 
455 행: tblComplete의 MaxCols 속성 이름이 잘못되었습니다. 
456 행: tblComplete의 MaxRows 속성 이름이 잘못되었습니다. 
457 행: tblComplete의 OperationMode 속성 이름이 잘못되었습니다. 
458 행: tblComplete의 ScrollBars 속성 이름이 잘못되었습니다. 
459 행: tblComplete의 SelectBlockOptions 속성 이름이 잘못되었습니다. 
460 행: tblComplete의 ShadowColor 속성 이름이 잘못되었습니다. 
461 행: tblComplete의 SpreadDesigner 속성 이름이 잘못되었습니다. 
470 행: LisLabel3의 _ExtentX 속성 이름이 잘못되었습니다. 
471 행: LisLabel3의 _ExtentY 속성 이름이 잘못되었습니다. 
482 행: LisLabel3의 Caption 속성 이름이 잘못되었습니다. 
491 행: tblResult의 _Version 속성 이름이 잘못되었습니다. 
492 행: tblResult의 _ExtentX 속성 이름이 잘못되었습니다. 
493 행: tblResult의 _ExtentY 속성 이름이 잘못되었습니다. 
494 행: tblResult의 _StockProps 속성 이름이 잘못되었습니다. 
495 행: tblResult의 BackColorStyle 속성 이름이 잘못되었습니다. 
496 행: tblResult의 DisplayRowHeaders 속성 이름이 잘못되었습니다. 
506 행: tblResult의 MaxCols 속성 이름이 잘못되었습니다. 
507 행: tblResult의 MaxRows 속성 이름이 잘못되었습니다. 
508 행: tblResult의 OperationMode 속성 이름이 잘못되었습니다. 
509 행: tblResult의 RetainSelBlock 속성 이름이 잘못되었습니다. 
510 행: tblResult의 ScrollBars 속성 이름이 잘못되었습니다. 
511 행: tblResult의 SelectBlockOptions 속성 이름이 잘못되었습니다. 
512 행: tblResult의 ShadowColor 속성 이름이 잘못되었습니다. 
513 행: tblResult의 SpreadDesigner 속성 이름이 잘못되었습니다. 
514 행: tblResult의 TextTip 속성 이름이 잘못되었습니다. 
