        Procedure : frmInterface - Private Sub cmdRun()

     Error Source : MSComm

     Error Number : 8002

Error Description : 포트 번호가 잘못되었습니다.

             Date : 2015년 12월 29일 월요일

             Time : 오후 2:15:58
━━━━━━━━━━━━━━━━━━━━━━━━━━━━━━━━━━━━━━━━
        Procedure : frmInterface - Private Sub cmdRun()

     Error Source : MSComm

     Error Number : 8002

Error Description : 포트 번호가 잘못되었습니다.

             Date : 2015년 12월 29일 월요일

             Time : 오후 2:17:18
━━━━━━━━━━━━━━━━━━━━━━━━━━━━━━━━━━━━━━━━
        Procedure : frmInterface - Private Sub cmdRun()

     Error Source : MSComm

     Error Number : 8002

Error Description : 포트 번호가 잘못되었습니다.

             Date : 2015년 12월 29일 월요일

             Time : 오후 2:17:48
━━━━━━━━━━━━━━━━━━━━━━━━━━━━━━━━━━━━━━━━
