145 행: SSPanel2 컨트롤의 Threed.SSPanel 클래스는 로드한 컨트롤 클래스가 아닙니다.
338 행: SSPanel13 컨트롤의 Threed.SSPanel 클래스는 로드한 컨트롤 클래스가 아닙니다.
404 행: SSPanel16 컨트롤의 Threed.SSPanel 클래스는 로드한 컨트롤 클래스가 아닙니다.
418 행: SSPanel15 컨트롤의 Threed.SSPanel 클래스는 로드한 컨트롤 클래스가 아닙니다.
432 행: SSPanel14 컨트롤의 Threed.SSPanel 클래스는 로드한 컨트롤 클래스가 아닙니다.
447 행: SSPanel12 컨트롤의 Threed.SSPanel 클래스는 로드한 컨트롤 클래스가 아닙니다.
461 행: SSPanel11 컨트롤의 Threed.SSPanel 클래스는 로드한 컨트롤 클래스가 아닙니다.
475 행: SSPanel10 컨트롤의 Threed.SSPanel 클래스는 로드한 컨트롤 클래스가 아닙니다.
489 행: SSPanel9 컨트롤의 Threed.SSPanel 클래스는 로드한 컨트롤 클래스가 아닙니다.
503 행: SSPanel8 컨트롤의 Threed.SSPanel 클래스는 로드한 컨트롤 클래스가 아닙니다.
517 행: SSPanel7 컨트롤의 Threed.SSPanel 클래스는 로드한 컨트롤 클래스가 아닙니다.
531 행: SSPanel6 컨트롤의 Threed.SSPanel 클래스는 로드한 컨트롤 클래스가 아닙니다.
545 행: SSPanel5 컨트롤의 Threed.SSPanel 클래스는 로드한 컨트롤 클래스가 아닙니다.
559 행: SSPanel4 컨트롤의 Threed.SSPanel 클래스는 로드한 컨트롤 클래스가 아닙니다.
573 행: SSPanel3 컨트롤의 Threed.SSPanel 클래스는 로드한 컨트롤 클래스가 아닙니다.
1004 행: SSPanel1 컨트롤의 Threed.SSPanel 클래스는 로드한 컨트롤 클래스가 아닙니다.
1121 행: sspMode 컨트롤의 Threed.SSPanel 클래스는 로드한 컨트롤 클래스가 아닙니다.
152 행: SSPanel2의 _ExtentX 속성 이름이 잘못되었습니다. 
153 행: SSPanel2의 _ExtentY 속성 이름이 잘못되었습니다. 
154 행: SSPanel2의 _Version 속성 이름이 잘못되었습니다. 
156 행: SSPanel2의 BorderWidth 속성 이름이 잘못되었습니다. 
157 행: SSPanel2의 BevelInner 속성 이름이 잘못되었습니다. 
344 행: SSPanel13의 _ExtentX 속성 이름이 잘못되었습니다. 
345 행: SSPanel13의 _ExtentY 속성 이름이 잘못되었습니다. 
346 행: SSPanel13의 _Version 속성 이름이 잘못되었습니다. 
348 행: SSPanel13의 BorderWidth 속성 이름이 잘못되었습니다. 
349 행: SSPanel13의 BevelInner 속성 이름이 잘못되었습니다. 
410 행: SSPanel16의 _ExtentX 속성 이름이 잘못되었습니다. 
411 행: SSPanel16의 _ExtentY 속성 이름이 잘못되었습니다. 
412 행: SSPanel16의 _Version 속성 이름이 잘못되었습니다. 
413 행: SSPanel16의 Caption 속성 이름이 잘못되었습니다. 
414 행: SSPanel16의 BorderWidth 속성 이름이 잘못되었습니다. 
415 행: SSPanel16의 BevelOuter 속성 이름이 잘못되었습니다. 
416 행: SSPanel16의 BevelInner 속성 이름이 잘못되었습니다. 
424 행: SSPanel15의 _ExtentX 속성 이름이 잘못되었습니다. 
425 행: SSPanel15의 _ExtentY 속성 이름이 잘못되었습니다. 
426 행: SSPanel15의 _Version 속성 이름이 잘못되었습니다. 
427 행: SSPanel15의 Caption 속성 이름이 잘못되었습니다. 
428 행: SSPanel15의 BorderWidth 속성 이름이 잘못되었습니다. 
429 행: SSPanel15의 BevelOuter 속성 이름이 잘못되었습니다. 
430 행: SSPanel15의 BevelInner 속성 이름이 잘못되었습니다. 
438 행: SSPanel14의 _ExtentX 속성 이름이 잘못되었습니다. 
439 행: SSPanel14의 _ExtentY 속성 이름이 잘못되었습니다. 
440 행: SSPanel14의 _Version 속성 이름이 잘못되었습니다. 
441 행: SSPanel14의 Caption 속성 이름이 잘못되었습니다. 
442 행: SSPanel14의 BorderWidth 속성 이름이 잘못되었습니다. 
443 행: SSPanel14의 BevelOuter 속성 이름이 잘못되었습니다. 
444 행: SSPanel14의 BevelInner 속성 이름이 잘못되었습니다. 
453 행: SSPanel12의 _ExtentX 속성 이름이 잘못되었습니다. 
454 행: SSPanel12의 _ExtentY 속성 이름이 잘못되었습니다. 
455 행: SSPanel12의 _Version 속성 이름이 잘못되었습니다. 
456 행: SSPanel12의 Caption 속성 이름이 잘못되었습니다. 
457 행: SSPanel12의 BorderWidth 속성 이름이 잘못되었습니다. 
458 행: SSPanel12의 BevelOuter 속성 이름이 잘못되었습니다. 
459 행: SSPanel12의 BevelInner 속성 이름이 잘못되었습니다. 
467 행: SSPanel11의 _ExtentX 속성 이름이 잘못되었습니다. 
468 행: SSPanel11의 _ExtentY 속성 이름이 잘못되었습니다. 
469 행: SSPanel11의 _Version 속성 이름이 잘못되었습니다. 
470 행: SSPanel11의 Caption 속성 이름이 잘못되었습니다. 
471 행: SSPanel11의 BorderWidth 속성 이름이 잘못되었습니다. 
472 행: SSPanel11의 BevelOuter 속성 이름이 잘못되었습니다. 
473 행: SSPanel11의 BevelInner 속성 이름이 잘못되었습니다. 
481 행: SSPanel10의 _ExtentX 속성 이름이 잘못되었습니다. 
482 행: SSPanel10의 _ExtentY 속성 이름이 잘못되었습니다. 
483 행: SSPanel10의 _Version 속성 이름이 잘못되었습니다. 
484 행: SSPanel10의 Caption 속성 이름이 잘못되었습니다. 
485 행: SSPanel10의 BorderWidth 속성 이름이 잘못되었습니다. 
486 행: SSPanel10의 BevelOuter 속성 이름이 잘못되었습니다. 
487 행: SSPanel10의 BevelInner 속성 이름이 잘못되었습니다. 
495 행: SSPanel9의 _ExtentX 속성 이름이 잘못되었습니다. 
496 행: SSPanel9의 _ExtentY 속성 이름이 잘못되었습니다. 
497 행: SSPanel9의 _Version 속성 이름이 잘못되었습니다. 
498 행: SSPanel9의 Caption 속성 이름이 잘못되었습니다. 
499 행: SSPanel9의 BorderWidth 속성 이름이 잘못되었습니다. 
500 행: SSPanel9의 BevelOuter 속성 이름이 잘못되었습니다. 
501 행: SSPanel9의 BevelInner 속성 이름이 잘못되었습니다. 
509 행: SSPanel8의 _ExtentX 속성 이름이 잘못되었습니다. 
510 행: SSPanel8의 _ExtentY 속성 이름이 잘못되었습니다. 
511 행: SSPanel8의 _Version 속성 이름이 잘못되었습니다. 
512 행: SSPanel8의 Caption 속성 이름이 잘못되었습니다. 
513 행: SSPanel8의 BorderWidth 속성 이름이 잘못되었습니다. 
514 행: SSPanel8의 BevelOuter 속성 이름이 잘못되었습니다. 
515 행: SSPanel8의 BevelInner 속성 이름이 잘못되었습니다. 
523 행: SSPanel7의 _ExtentX 속성 이름이 잘못되었습니다. 
524 행: SSPanel7의 _ExtentY 속성 이름이 잘못되었습니다. 
525 행: SSPanel7의 _Version 속성 이름이 잘못되었습니다. 
526 행: SSPanel7의 Caption 속성 이름이 잘못되었습니다. 
527 행: SSPanel7의 BorderWidth 속성 이름이 잘못되었습니다. 
528 행: SSPanel7의 BevelOuter 속성 이름이 잘못되었습니다. 
529 행: SSPanel7의 BevelInner 속성 이름이 잘못되었습니다. 
537 행: SSPanel6의 _ExtentX 속성 이름이 잘못되었습니다. 
538 행: SSPanel6의 _ExtentY 속성 이름이 잘못되었습니다. 
539 행: SSPanel6의 _Version 속성 이름이 잘못되었습니다. 
540 행: SSPanel6의 Caption 속성 이름이 잘못되었습니다. 
541 행: SSPanel6의 BorderWidth 속성 이름이 잘못되었습니다. 
542 행: SSPanel6의 BevelOuter 속성 이름이 잘못되었습니다. 
543 행: SSPanel6의 BevelInner 속성 이름이 잘못되었습니다. 
551 행: SSPanel5의 _ExtentX 속성 이름이 잘못되었습니다. 
552 행: SSPanel5의 _ExtentY 속성 이름이 잘못되었습니다. 
553 행: SSPanel5의 _Version 속성 이름이 잘못되었습니다. 
554 행: SSPanel5의 Caption 속성 이름이 잘못되었습니다. 
555 행: SSPanel5의 BorderWidth 속성 이름이 잘못되었습니다. 
556 행: SSPanel5의 BevelOuter 속성 이름이 잘못되었습니다. 
557 행: SSPanel5의 BevelInner 속성 이름이 잘못되었습니다. 
565 행: SSPanel4의 _ExtentX 속성 이름이 잘못되었습니다. 
566 행: SSPanel4의 _ExtentY 속성 이름이 잘못되었습니다. 
567 행: SSPanel4의 _Version 속성 이름이 잘못되었습니다. 
568 행: SSPanel4의 Caption 속성 이름이 잘못되었습니다. 
569 행: SSPanel4의 BorderWidth 속성 이름이 잘못되었습니다. 
570 행: SSPanel4의 BevelOuter 속성 이름이 잘못되었습니다. 
571 행: SSPanel4의 BevelInner 속성 이름이 잘못되었습니다. 
580 행: SSPanel3의 _ExtentX 속성 이름이 잘못되었습니다. 
581 행: SSPanel3의 _ExtentY 속성 이름이 잘못되었습니다. 
582 행: SSPanel3의 _Version 속성 이름이 잘못되었습니다. 
583 행: SSPanel3의 Caption 속성 이름이 잘못되었습니다. 
584 행: SSPanel3의 BorderWidth 속성 이름이 잘못되었습니다. 
585 행: SSPanel3의 BevelOuter 속성 이름이 잘못되었습니다. 
586 행: SSPanel3의 BevelInner 속성 이름이 잘못되었습니다. 
1010 행: SSPanel1의 _ExtentX 속성 이름이 잘못되었습니다. 
1011 행: SSPanel1의 _ExtentY 속성 이름이 잘못되었습니다. 
1012 행: SSPanel1의 _Version 속성 이름이 잘못되었습니다. 
1023 행: SSPanel1의 Caption 속성 이름이 잘못되었습니다. 
1024 행: SSPanel1의 BevelOuter 속성 이름이 잘못되었습니다. 
1025 행: SSPanel1의 Alignment 속성 이름이 잘못되었습니다. 
1128 행: sspMode의 _ExtentX 속성 이름이 잘못되었습니다. 
1129 행: sspMode의 _ExtentY 속성 이름이 잘못되었습니다. 
1130 행: sspMode의 _Version 속성 이름이 잘못되었습니다. 
1142 행: sspMode의 Caption 속성 이름이 잘못되었습니다. 
1143 행: sspMode의 BevelWidth 속성 이름이 잘못되었습니다. 
1144 행: sspMode의 BorderWidth 속성 이름이 잘못되었습니다. 
