

***********************************************************************
Fatal NI connect error 12203, connecting to:
 (DESCRIPTION=(ADDRESS=(PROTOCOL=TCP)(HOST=105.19.167.250)(PORT=1521))(CONNECT_DATA=(SID=ORCL)(CID=(PROGRAM=C:\Program Files\Microsoft Visual Studio\VB98\VB6.EXE)(HOST=MAJESTIC)(USER=????????))))

  VERSION INFORMATION:
	TNS for 32-bit Windows: Version 8.0.5.0.0 - Production
	Windows NT TCP/IP NT Protocol Adapter for 32-bit Windows: Version 8.0.5.0.0 - Production
  Time: 06-NOV-03 14:13:22
  Tracing not turned on.
  Tns error struct:
    nr err code: 12203
    TNS-12203: TNS:수신지에 연결할 수 없습니다
    ns main err code: 12560
    TNS-12560: TNS:프로토콜 어댑터 오류
    ns secondary err code: 0
    nt main err code: 538
    TNS-00538: Message 538 not found;  product=NET80; facility=TNS

    nt secondary err code: 65
    nt OS err code: 0


***********************************************************************
Fatal NI connect error 12203, connecting to:
 (DESCRIPTION=(ADDRESS_LIST=(ADDRESS=(PROTOCOL=BEQ)(PROGRAM=oracle80)(ARGV0=oracle80ORCL)(ARGS='(DESCRIPTION=(LOCAL=YES)(ADDRESS=(PROTOCOL=beq)))')))(CONNECT_DATA=(SID=ORCL)(CID=(PROGRAM=C:\Program Files\Microsoft Visual Studio\VB98\VB6.EXE)(HOST=MAJESTIC)(USER=????????))))

  VERSION INFORMATION:
	TNS for 32-bit Windows: Version 8.0.5.0.0 - Production
	Oracle Bequeath NT Protocol Adapter for 32-bit Windows: Version 8.0.5.0.0 - Production
  Time: 06-NOV-03 14:13:22
  Tracing not turned on.
  Tns error struct:
    nr err code: 12203
    TNS-12203: TNS:수신지에 연결할 수 없습니다
    ns main err code: 12560
    TNS-12560: TNS:프로토콜 어댑터 오류
    ns secondary err code: 0
    nt main err code: 530
    TNS-00530: 프로토콜 어댑터 오류입니다
    nt secondary err code: 0
    nt OS err code: 0
