31 행: LisLabel4 컨트롤의 MedControls1.LisLabel 클래스는 로드한 컨트롤 클래스가 아닙니다.
56 행: LisLabel4 컨트롤의 MedControls1.LisLabel 클래스는 로드한 컨트롤 클래스가 아닙니다.
81 행: lblLocation 컨트롤의 MedControls1.LisLabel 클래스는 로드한 컨트롤 클래스가 아닙니다.
105 행: LisLabel4 컨트롤의 MedControls1.LisLabel 클래스는 로드한 컨트롤 클래스가 아닙니다.
130 행: LisLabel4 컨트롤의 MedControls1.LisLabel 클래스는 로드한 컨트롤 클래스가 아닙니다.
155 행: LisLabel4 컨트롤의 MedControls1.LisLabel 클래스는 로드한 컨트롤 클래스가 아닙니다.
180 행: lblPtDob 컨트롤의 MedControls1.LisLabel 클래스는 로드한 컨트롤 클래스가 아닙니다.
204 행: lblPtNm 컨트롤의 MedControls1.LisLabel 클래스는 로드한 컨트롤 클래스가 아닙니다.
286 행: fraAddItem 컨트롤의 DRcontrol1.DrFrame 클래스는 로드한 컨트롤 클래스가 아닙니다.
444 행: lblSpcNm 컨트롤의 MedControls1.LisLabel 클래스는 로드한 컨트롤 클래스가 아닙니다.
464 행: LisLabel4 컨트롤의 MedControls1.LisLabel 클래스는 로드한 컨트롤 클래스가 아닙니다.
489 행: LisLabel4 컨트롤의 MedControls1.LisLabel 클래스는 로드한 컨트롤 클래스가 아닙니다.
607 행: lblMsg 컨트롤의 MedControls1.LisLabel 클래스는 로드한 컨트롤 클래스가 아닙니다.
1017 행: lblDeptNm 컨트롤의 MedControls1.LisLabel 클래스는 로드한 컨트롤 클래스가 아닙니다.
1041 행: lblWardId 컨트롤의 MedControls1.LisLabel 클래스는 로드한 컨트롤 클래스가 아닙니다.
1086 행: LisLabel4 컨트롤의 MedControls1.LisLabel 클래스는 로드한 컨트롤 클래스가 아닙니다.
1111 행: LisLabel4 컨트롤의 MedControls1.LisLabel 클래스는 로드한 컨트롤 클래스가 아닙니다.
1136 행: LisLabel4 컨트롤의 MedControls1.LisLabel 클래스는 로드한 컨트롤 클래스가 아닙니다.
1161 행: fraTextResult 컨트롤의 DRcontrol1.DrFrame 클래스는 로드한 컨트롤 클래스가 아닙니다.
1215 행: LisLabel4 컨트롤의 MedControls1.LisLabel 클래스는 로드한 컨트롤 클래스가 아닙니다.
1240 행: LisLabel4 컨트롤의 MedControls1.LisLabel 클래스는 로드한 컨트롤 클래스가 아닙니다.
