[JobPK]
P-LSCKOR_REV3.LOF;20110927;SS2R1810;FSN09D002;C0001;295;H
[S_TEXT]
[D_TEXT]
LINE1;NoMount
LINE3;SS II
LINE4;Fixture
LINE5;
LINE6;
LINE8;RBM
LINE9;NoMount
LINE10;Ø4.1*10mm
LINE11;1.8mm(G/H)
LINE12;형명 : SS2R1810
LINE13;제품명 :
LINE14;치과용임플란트고정체
LINE15;포장단위 : 1개
LINE16;제조번호 : FSN09D002
LINE17;제조(수입)업허가번호 : 제116호
LINE18;품목허가번호 : 제01-77호
LINE19;제조년월일 : 2011-09-27
LINE20;유효기간 : 2016-09-26
LINE21;일회용멸균의료기기
LINE22;
LINE23;
LINE24;
LINE25;
LINE26;
BARCODE;FSN09D0021550
[S_IMAGE]
LINE2;O
[D_IMAGE]
LINE7;SS2R2811.jpg
[Barcode]
FSN09D0021550
FSN09D0021551
FSN09D0021552
FSN09D0021553
FSN09D0021554
FSN09D0021555
FSN09D0021556
FSN09D0021557
FSN09D0021558
FSN09D0021559
FSN09D0021560
FSN09D0021561
FSN09D0021562
FSN09D0021563
FSN09D0021564
FSN09D0021565
FSN09D0021566
FSN09D0021567
FSN09D0021568
FSN09D0021569
FSN09D0021570
FSN09D0021571
FSN09D0021572
FSN09D0021573
FSN09D0021574
FSN09D0021575
FSN09D0021576
FSN09D0021577
FSN09D0021578
FSN09D0021579
FSN09D0021580
FSN09D0021581
FSN09D0021582
FSN09D0021583
FSN09D0021584
FSN09D0021585
FSN09D0021586
FSN09D0021587
FSN09D0021588
FSN09D0021589
FSN09D0021590
FSN09D0021591
FSN09D0021592
FSN09D0021593
FSN09D0021594
FSN09D0021595
FSN09D0021596
FSN09D0021597
FSN09D0021598
FSN09D0021599
FSN09D0021600
FSN09D0021601
FSN09D0021602
FSN09D0021603
FSN09D0021604
FSN09D0021605
FSN09D0021606
FSN09D0021607
FSN09D0021608
FSN09D0021609
FSN09D0021610
FSN09D0021611
FSN09D0021612
FSN09D0021613
FSN09D0021614
FSN09D0021615
FSN09D0021616
FSN09D0021617
FSN09D0021618
FSN09D0021619
FSN09D0021620
FSN09D0021621
FSN09D0021622
FSN09D0021623
FSN09D0021624
FSN09D0021625
FSN09D0021626
FSN09D0021627
FSN09D0021628
FSN09D0021629
FSN09D0021630
FSN09D0021631
FSN09D0021632
FSN09D0021633
FSN09D0021634
FSN09D0021635
FSN09D0021636
FSN09D0021637
FSN09D0021638
FSN09D0021639
FSN09D0021640
FSN09D0021641
FSN09D0021642
FSN09D0021643
FSN09D0021644
FSN09D0021645
FSN09D0021646
FSN09D0021647
FSN09D0021648
FSN09D0021649
FSN09D0021650
FSN09D0021651
FSN09D0021652
FSN09D0021653
FSN09D0021654
FSN09D0021655
FSN09D0021656
FSN09D0021657
FSN09D0021658
FSN09D0021659
FSN09D0021660
FSN09D0021661
FSN09D0021662
FSN09D0021663
FSN09D0021664
FSN09D0021665
FSN09D0021666
FSN09D0021667
FSN09D0021668
FSN09D0021669
FSN09D0021670
FSN09D0021671
FSN09D0021672
FSN09D0021673
FSN09D0021674
FSN09D0021675
FSN09D0021676
FSN09D0021677
FSN09D0021678
FSN09D0021679
FSN09D0021680
FSN09D0021681
FSN09D0021682
FSN09D0021683
FSN09D0021684
FSN09D0021685
FSN09D0021686
FSN09D0021687
FSN09D0021688
FSN09D0021689
FSN09D0021690
FSN09D0021691
FSN09D0021692
FSN09D0021693
FSN09D0021694
FSN09D0021695
FSN09D0021696
FSN09D0021697
FSN09D0021698
FSN09D0021699
FSN09D0021700
FSN09D0021701
FSN09D0021702
FSN09D0021703
FSN09D0021704
FSN09D0021705
FSN09D0021706
FSN09D0021707
FSN09D0021708
FSN09D0021709
FSN09D0021710
FSN09D0021711
FSN09D0021712
FSN09D0021713
FSN09D0021714
FSN09D0021715
FSN09D0021716
FSN09D0021717
FSN09D0021718
FSN09D0021719
FSN09D0021720
FSN09D0021721
FSN09D0021722
FSN09D0021723
FSN09D0021724
FSN09D0021725
FSN09D0021726
FSN09D0021727
FSN09D0021728
FSN09D0021729
FSN09D0021730
FSN09D0021731
FSN09D0021732
FSN09D0021733
FSN09D0021734
FSN09D0021735
FSN09D0021736
FSN09D0021737
FSN09D0021738
FSN09D0021739
FSN09D0021740
FSN09D0021741
FSN09D0021742
FSN09D0021743
FSN09D0021744
FSN09D0021745
FSN09D0021746
FSN09D0021747
FSN09D0021748
FSN09D0021749
FSN09D0021750
FSN09D0021751
FSN09D0021752
FSN09D0021753
FSN09D0021754
FSN09D0021755
FSN09D0021756
FSN09D0021757
FSN09D0021758
FSN09D0021759
FSN09D0021760
FSN09D0021761
FSN09D0021762
FSN09D0021763
FSN09D0021764
FSN09D0021765
FSN09D0021766
FSN09D0021767
FSN09D0021768
FSN09D0021769
FSN09D0021770
FSN09D0021771
FSN09D0021772
FSN09D0021773
FSN09D0021774
FSN09D0021775
FSN09D0021776
FSN09D0021777
FSN09D0021778
FSN09D0021779
FSN09D0021780
FSN09D0021781
FSN09D0021782
FSN09D0021783
FSN09D0021784
FSN09D0021785
FSN09D0021786
FSN09D0021787
FSN09D0021788
FSN09D0021789
FSN09D0021790
FSN09D0021791
FSN09D0021792
FSN09D0021793
FSN09D0021794
FSN09D0021795
FSN09D0021796
FSN09D0021797
FSN09D0021798
FSN09D0021799
FSN09D0021800
FSN09D0021801
FSN09D0021802
FSN09D0021803
FSN09D0021804
FSN09D0021805
FSN09D0021806
FSN09D0021807
FSN09D0021808
FSN09D0021809
FSN09D0021810
FSN09D0021811
FSN09D0021812
FSN09D0021813
FSN09D0021814
FSN09D0021815
FSN09D0021816
FSN09D0021817
FSN09D0021818
FSN09D0021819
FSN09D0021820
FSN09D0021821
FSN09D0021822
FSN09D0021823
FSN09D0021824
FSN09D0021825
FSN09D0021826
FSN09D0021827
FSN09D0021828
FSN09D0021829
FSN09D0021830
FSN09D0021831
FSN09D0021832
FSN09D0021833
FSN09D0021834
FSN09D0021835
FSN09D0021836
FSN09D0021837
FSN09D0021838
FSN09D0021839
FSN09D0021840
FSN09D0021841
FSN09D0021842
FSN09D0021843
FSN09D0021844
