        Procedure : frmInterface - Private Sub SetItem_List()

     Error Source : ListSubItems

     Error Number : 35600

Error Description : 인덱스가 유효 범위를 벗어났습니다.

             Date : 2001년 10월 19일 월요일

             Time : 오전 2:22:58
━━━━━━━━━━━━━━━━━━━━━━━━━━━━━━━━━━━━━━━━
        Procedure : frmInterface - Private Sub SetItem_List()

     Error Source : ListSubItems

     Error Number : 35600

Error Description : 인덱스가 유효 범위를 벗어났습니다.

             Date : 2001년 10월 19일 월요일

             Time : 오전 2:23:04
━━━━━━━━━━━━━━━━━━━━━━━━━━━━━━━━━━━━━━━━
        Procedure : frmInterface - Private Sub SetItem_List()

     Error Source : ListSubItems

     Error Number : 35600

Error Description : 인덱스가 유효 범위를 벗어났습니다.

             Date : 2001년 10월 19일 월요일

             Time : 오전 2:23:15
━━━━━━━━━━━━━━━━━━━━━━━━━━━━━━━━━━━━━━━━
        Procedure : frmInterface - Private Sub SetItem_List()

     Error Source : ListSubItems

     Error Number : 35600

Error Description : 인덱스가 유효 범위를 벗어났습니다.

             Date : 2001년 10월 19일 월요일

             Time : 오전 2:23:31
━━━━━━━━━━━━━━━━━━━━━━━━━━━━━━━━━━━━━━━━
    Procedure : clsEqpResult - Private Sub Set_EqpResoult(ByVal EqpRst As Collection)

 Error Number : -2147217833

  Description : 문이 종료되었습니다.

       Source : Microsoft OLE DB Provider for SQL Server

    SQL State : 01000

 Native Error : 3621

   SQL String : INSERT INTO LIMAS206 (SPCNO, TESTCD, TRANSDT, TRANSTM, RSTVAL, EQUIPCD, SPCDIV, ERRDES) VALUES( 'A0110120011', 'LTMCEA0', CONVERT(CHAR(8), GETDATE(),112), REPLACE(CONVERT(CHAR(5), GETDATE(),108),':',''), '6.0', 'IM02', '419', '')

         Date : 2001년 10월 19일 월요일

         Time : 오전 3:00:09
━━━━━━━━━━━━━━━━━━━━━━━━━━━━━━━━━━━━━━━━
    Procedure : clsEqpResult - Private Sub Set_EqpResoult(ByVal EqpRst As Collection)

 Error Number : -2147467259

  Description : 인덱스, 기본 키 또는 관계에서 중복된 값을 만들었기 때문에 테이블에 요청된 변경 사항이 적용되지 않았습니다. 필드의 데이터 또는 중복 데이터가 있는 필드를 변경하거나 인덱스를 제거하거나 중복이 가능한 인덱스로 다시 정의하여 다시 시도하십시오.

       Source : Microsoft JET Database Engine

    SQL State : 3022

 Native Error : -105121349

   SQL String : INSERT INTO INTERFACE003 (SPCNO, TESTCD, EQPNUM, TRANSDT, TRANSTM, RSTVAL, EQUIPCD) VALUES('A0110120011', 'LTMCEA0', '97-H-07', '20011019', '0316', '6.0', 'IM02')

         Date : 2001년 10월 19일 월요일

         Time : 오전 3:16:41
━━━━━━━━━━━━━━━━━━━━━━━━━━━━━━━━━━━━━━━━
    Procedure : clsEqpResult - Private Sub Set_EqpResoult(ByVal EqpRst As Collection)

 Error Number : -2147467259

  Description : 인덱스, 기본 키 또는 관계에서 중복된 값을 만들었기 때문에 테이블에 요청된 변경 사항이 적용되지 않았습니다. 필드의 데이터 또는 중복 데이터가 있는 필드를 변경하거나 인덱스를 제거하거나 중복이 가능한 인덱스로 다시 정의하여 다시 시도하십시오.

       Source : Microsoft JET Database Engine

    SQL State : 3022

 Native Error : -105121349

   SQL String : INSERT INTO INTERFACE003 (SPCNO, TESTCD, EQPNUM, TRANSDT, TRANSTM, RSTVAL, EQUIPCD) VALUES('A0110120011', 'LTMAFP0', '97-H-07', '20011019', '0316', '55.0', 'IM02')

         Date : 2001년 10월 19일 월요일

         Time : 오전 3:16:53
━━━━━━━━━━━━━━━━━━━━━━━━━━━━━━━━━━━━━━━━
        Procedure : Private Sub MDIForm_Tool()

     Error Source : 

     Error Number : 0

Error Description : 

             Date : 2001년 10월 19일 월요일

             Time : 오후 12:53:44
━━━━━━━━━━━━━━━━━━━━━━━━━━━━━━━━━━━━━━━━
        Procedure : Private Sub MDIForm_Tool()

     Error Source : 

     Error Number : 0

Error Description : 

             Date : 2001년 10월 19일 월요일

             Time : 오후 12:54:47
━━━━━━━━━━━━━━━━━━━━━━━━━━━━━━━━━━━━━━━━
        Procedure : Private Sub MDIForm_Tool()

     Error Source : 

     Error Number : 0

Error Description : 

             Date : 2001년 10월 19일 월요일

             Time : 오후 12:57:08
━━━━━━━━━━━━━━━━━━━━━━━━━━━━━━━━━━━━━━━━
        Procedure : Private Sub MDIForm_Tool()

     Error Source : 

     Error Number : 0

Error Description : 

             Date : 2001년 10월 19일 월요일

             Time : 오후 12:57:39
━━━━━━━━━━━━━━━━━━━━━━━━━━━━━━━━━━━━━━━━
