        Procedure : clsCommon - Public Function Get_TestItemList() As ADODB.Recordset

     Error Source : ADODB.Connection

     Error Number : 3704

Error Description : 개체가 닫혀있으면 작업이 허용되지 않습니다.

             Date : 2003년 9월 23일 월요일

             Time : 오전 9:40:59
━━━━━━━━━━━━━━━━━━━━━━━━━━━━━━━━━━━━━━━━
        Procedure : clsCommon - Public Function Get_TestItemList() As ADODB.Recordset

     Error Source : ADODB.Connection

     Error Number : 3704

Error Description : 개체가 닫혀있으면 작업이 허용되지 않습니다.

             Date : 2003년 9월 23일 월요일

             Time : 오전 9:41:01
━━━━━━━━━━━━━━━━━━━━━━━━━━━━━━━━━━━━━━━━
        Procedure : clsCommon - Public Function Get_TestItemList() As ADODB.Recordset

     Error Source : ADODB.Connection

     Error Number : 3704

Error Description : 개체가 닫혀있으면 작업이 허용되지 않습니다.

             Date : 2003년 9월 23일 월요일

             Time : 오전 9:41:02
━━━━━━━━━━━━━━━━━━━━━━━━━━━━━━━━━━━━━━━━
        Procedure : clsCommon - Public Function Get_TestItemList() As ADODB.Recordset

     Error Source : ADODB.Connection

     Error Number : 3704

Error Description : 개체가 닫혀있으면 작업이 허용되지 않습니다.

             Date : 2003년 9월 23일 월요일

             Time : 오전 9:41:02
━━━━━━━━━━━━━━━━━━━━━━━━━━━━━━━━━━━━━━━━
        Procedure : clsCommon - Public Function Get_TestItemList() As ADODB.Recordset

     Error Source : ADODB.Connection

     Error Number : 3704

Error Description : 개체가 닫혀있으면 작업이 허용되지 않습니다.

             Date : 2003년 9월 23일 월요일

             Time : 오전 9:41:02
━━━━━━━━━━━━━━━━━━━━━━━━━━━━━━━━━━━━━━━━
        Procedure : clsCommon - Public Function Get_TestItemList() As ADODB.Recordset

     Error Source : ADODB.Connection

     Error Number : 3704

Error Description : 개체가 닫혀있으면 작업이 허용되지 않습니다.

             Date : 2003년 9월 23일 월요일

             Time : 오전 9:41:02
━━━━━━━━━━━━━━━━━━━━━━━━━━━━━━━━━━━━━━━━
        Procedure : clsCommon - Public Function Get_TestItemList() As ADODB.Recordset

     Error Source : ADODB.Connection

     Error Number : 3704

Error Description : 개체가 닫혀있으면 작업이 허용되지 않습니다.

             Date : 2003년 9월 23일 월요일

             Time : 오전 9:41:03
━━━━━━━━━━━━━━━━━━━━━━━━━━━━━━━━━━━━━━━━
        Procedure : clsCommon - Public Function Get_TestItemList() As ADODB.Recordset

     Error Source : ADODB.Connection

     Error Number : 3704

Error Description : 개체가 닫혀있으면 작업이 허용되지 않습니다.

             Date : 2003년 9월 23일 월요일

             Time : 오전 9:41:03
━━━━━━━━━━━━━━━━━━━━━━━━━━━━━━━━━━━━━━━━
        Procedure : clsCommon - Public Function Get_TestItemList() As ADODB.Recordset

     Error Source : ADODB.Connection

     Error Number : 3704

Error Description : 개체가 닫혀있으면 작업이 허용되지 않습니다.

             Date : 2003년 9월 23일 월요일

             Time : 오전 9:41:03
━━━━━━━━━━━━━━━━━━━━━━━━━━━━━━━━━━━━━━━━
        Procedure : clsCommon - Public Function Get_TestItemList() As ADODB.Recordset

     Error Source : ADODB.Connection

     Error Number : 3704

Error Description : 개체가 닫혀있으면 작업이 허용되지 않습니다.

             Date : 2003년 9월 23일 월요일

             Time : 오전 9:41:03
━━━━━━━━━━━━━━━━━━━━━━━━━━━━━━━━━━━━━━━━
        Procedure : clsCommon - Public Function Get_TestItemList() As ADODB.Recordset

     Error Source : ADODB.Connection

     Error Number : 3704

Error Description : 개체가 닫혀있으면 작업이 허용되지 않습니다.

             Date : 2003년 9월 23일 월요일

             Time : 오전 9:41:12
━━━━━━━━━━━━━━━━━━━━━━━━━━━━━━━━━━━━━━━━
        Procedure : clsCommon - Public Function Get_TestItemList() As ADODB.Recordset

     Error Source : ADODB.Connection

     Error Number : 3704

Error Description : 개체가 닫혀있으면 작업이 허용되지 않습니다.

             Date : 2003년 9월 23일 월요일

             Time : 오전 9:41:21
━━━━━━━━━━━━━━━━━━━━━━━━━━━━━━━━━━━━━━━━
        Procedure : clsCommon - Public Function Get_TestItemList() As ADODB.Recordset

     Error Source : ADODB.Connection

     Error Number : 3704

Error Description : 개체가 닫혀있으면 작업이 허용되지 않습니다.

             Date : 2003년 9월 23일 월요일

             Time : 오전 9:41:24
━━━━━━━━━━━━━━━━━━━━━━━━━━━━━━━━━━━━━━━━

━━━━━━━━━━━━━━━━━━━━━━━━━━━━━━━━━━━━━━━━
        Procedure : clsCommon - Public Function Get_TestItemList() As ADODB.Recordset

     Error Source : ADODB.Connection

     Error Number : 3704

Error Description : 개체가 닫혀있으면 작업이 허용되지 않습니다.

             Date : 2003년 9월 23일 월요일

             Time : 오전 9:41:25
━━━━━━━━━━━━━━━━━━━━━━━━━━━━━━━━━━━━━━━━
        Procedure : clsCommon - Public Function Get_TestItemList() As ADODB.Recordset

     Error Source : ADODB.Connection

     Error Number : 3704

Error Description : 개체가 닫혀있으면 작업이 허용되지 않습니다.

             Date : 2003년 9월 23일 월요일

             Time : 오전 9:41:25
━━━━━━━━━━━━━━━━━━━━━━━━━━━━━━━━━━━━━━━━
        Procedure : clsCommon - Public Function Get_TestItemList() As ADODB.Recordset

     Error Source : ADODB.Connection

     Error Number : 3704

Error Description : 개체가 닫혀있으면 작업이 허용되지 않습니다.

             Date : 2003년 9월 23일 월요일

             Time : 오전 9:41:25
━━━━━━━━━━━━━━━━━━━━━━━━━━━━━━━━━━━━━━━━
        Procedure : frmInterface - Private Sub Get_Setting()

     Error Source : MSComm

     Error Number : 8005

Error Description : 포트가 이미 열려 있습니다.

             Date : 2003년 9월 23일 월요일

             Time : 오전 9:41:25
━━━━━━━━━━━━━━━━━━━━━━━━━━━━━━━━━━━━━━━━
        Procedure : clsCommon - Public Function Get_TestItemList() As ADODB.Recordset

     Error Source : ADODB.Connection

     Error Number : 3704

Error Description : 개체가 닫혀있으면 작업이 허용되지 않습니다.

             Date : 2003년 9월 23일 월요일

             Time : 오전 9:41:26
━━━━━━━━━━━━━━━━━━━━━━━━━━━━━━━━━━━━━━━━
        Procedure : clsCommon - Public Function Get_TestItemList() As ADODB.Recordset

     Error Source : ADODB.Connection

     Error Number : 3704

Error Description : 개체가 닫혀있으면 작업이 허용되지 않습니다.

             Date : 2003년 9월 23일 월요일

             Time : 오전 9:41:26
━━━━━━━━━━━━━━━━━━━━━━━━━━━━━━━━━━━━━━━━
        Procedure : clsCommon - Public Function Get_TestItemList() As ADODB.Recordset

     Error Source : ADODB.Connection

     Error Number : 3704

Error Description : 개체가 닫혀있으면 작업이 허용되지 않습니다.

             Date : 2003년 9월 23일 월요일

             Time : 오전 9:41:26
━━━━━━━━━━━━━━━━━━━━━━━━━━━━━━━━━━━━━━━━
        Procedure : frmInterface - Private Sub Get_Setting()

     Error Source : MSComm

     Error Number : 8005

Error Description : 포트가 이미 열려 있습니다.

             Date : 2003년 9월 23일 월요일

             Time : 오전 9:41:26
━━━━━━━━━━━━━━━━━━━━━━━━━━━━━━━━━━━━━━━━
        Procedure : clsCommon - Public Function Get_TestItemList() As ADODB.Recordset

     Error Source : ADODB.Connection

     Error Number : 3704

Error Description : 개체가 닫혀있으면 작업이 허용되지 않습니다.

             Date : 2003년 9월 23일 월요일

             Time : 오전 9:41:26
━━━━━━━━━━━━━━━━━━━━━━━━━━━━━━━━━━━━━━━━
        Procedure : clsCommon - Public Function Get_TestItemList() As ADODB.Recordset

     Error Source : ADODB.Connection

     Error Number : 3704

Error Description : 개체가 닫혀있으면 작업이 허용되지 않습니다.

             Date : 2003년 9월 23일 월요일

             Time : 오전 9:41:26
━━━━━━━━━━━━━━━━━━━━━━━━━━━━━━━━━━━━━━━━
        Procedure : clsCommon - Public Function Get_TestItemList() As ADODB.Recordset

     Error Source : ADODB.Connection

     Error Number : 3704

Error Description : 개체가 닫혀있으면 작업이 허용되지 않습니다.

             Date : 2003년 9월 23일 월요일

             Time : 오전 9:41:27
━━━━━━━━━━━━━━━━━━━━━━━━━━━━━━━━━━━━━━━━
        Procedure : frmInterface - Private Sub Get_Setting()

     Error Source : MSComm

     Error Number : 8005

Error Description : 포트가 이미 열려 있습니다.

             Date : 2003년 9월 23일 월요일

             Time : 오전 9:41:27
━━━━━━━━━━━━━━━━━━━━━━━━━━━━━━━━━━━━━━━━
        Procedure : clsCommon - Public Function Get_TestItemList() As ADODB.Recordset

     Error Source : ADODB.Connection

     Error Number : 3704

Error Description : 개체가 닫혀있으면 작업이 허용되지 않습니다.

             Date : 2003년 9월 23일 월요일

             Time : 오전 9:41:27
━━━━━━━━━━━━━━━━━━━━━━━━━━━━━━━━━━━━━━━━
        Procedure : clsCommon - Public Function Get_TestItemList() As ADODB.Recordset

     Error Source : ADODB.Connection

     Error Number : 3704

Error Description : 개체가 닫혀있으면 작업이 허용되지 않습니다.

             Date : 2003년 9월 23일 월요일

             Time : 오전 9:41:27
━━━━━━━━━━━━━━━━━━━━━━━━━━━━━━━━━━━━━━━━
        Procedure : clsCommon - Public Function Get_TestItemList() As ADODB.Recordset

     Error Source : ADODB.Connection

     Error Number : 3704

Error Description : 개체가 닫혀있으면 작업이 허용되지 않습니다.

             Date : 2003년 9월 23일 월요일

             Time : 오전 9:41:27
━━━━━━━━━━━━━━━━━━━━━━━━━━━━━━━━━━━━━━━━
        Procedure : frmInterface - Private Sub Get_Setting()

     Error Source : MSComm

     Error Number : 8005

Error Description : 포트가 이미 열려 있습니다.

             Date : 2003년 9월 23일 월요일

             Time : 오전 9:41:28
━━━━━━━━━━━━━━━━━━━━━━━━━━━━━━━━━━━━━━━━
        Procedure : clsCommon - Public Function Get_TestItemList() As ADODB.Recordset

     Error Source : ADODB.Connection

     Error Number : 3704

Error Description : 개체가 닫혀있으면 작업이 허용되지 않습니다.

             Date : 2003년 9월 23일 월요일

             Time : 오전 9:41:28
━━━━━━━━━━━━━━━━━━━━━━━━━━━━━━━━━━━━━━━━
        Procedure : clsCommon - Public Function Get_TestItemList() As ADODB.Recordset

     Error Source : ADODB.Connection

     Error Number : 3704

Error Description : 개체가 닫혀있으면 작업이 허용되지 않습니다.

             Date : 2003년 9월 23일 월요일

             Time : 오전 9:41:28
━━━━━━━━━━━━━━━━━━━━━━━━━━━━━━━━━━━━━━━━
        Procedure : clsCommon - Public Function Get_TestItemList() As ADODB.Recordset

     Error Source : ADODB.Connection

     Error Number : 3704

Error Description : 개체가 닫혀있으면 작업이 허용되지 않습니다.

             Date : 2003년 9월 23일 월요일

             Time : 오전 9:41:28
━━━━━━━━━━━━━━━━━━━━━━━━━━━━━━━━━━━━━━━━
        Procedure : frmInterface - Private Sub Get_Setting()

     Error Source : MSComm

     Error Number : 8005

Error Description : 포트가 이미 열려 있습니다.

             Date : 2003년 9월 23일 월요일

             Time : 오전 9:41:28
━━━━━━━━━━━━━━━━━━━━━━━━━━━━━━━━━━━━━━━━
        Procedure : clsCommon - Public Function Get_TestItemList() As ADODB.Recordset

     Error Source : ADODB.Connection

     Error Number : 3704

Error Description : 개체가 닫혀있으면 작업이 허용되지 않습니다.

             Date : 2003년 9월 23일 월요일

             Time : 오전 9:41:29
━━━━━━━━━━━━━━━━━━━━━━━━━━━━━━━━━━━━━━━━
        Procedure : clsCommon - Public Function Get_TestItemList() As ADODB.Recordset

     Error Source : ADODB.Connection

     Error Number : 3704

Error Description : 개체가 닫혀있으면 작업이 허용되지 않습니다.

             Date : 2003년 9월 23일 월요일

             Time : 오전 9:41:29
━━━━━━━━━━━━━━━━━━━━━━━━━━━━━━━━━━━━━━━━
        Procedure : clsCommon - Public Function Get_TestItemList() As ADODB.Recordset

     Error Source : ADODB.Connection

     Error Number : 3704

Error Description : 개체가 닫혀있으면 작업이 허용되지 않습니다.

             Date : 2003년 9월 23일 월요일

             Time : 오전 9:41:29
━━━━━━━━━━━━━━━━━━━━━━━━━━━━━━━━━━━━━━━━
        Procedure : frmInterface - Private Sub Get_Setting()

     Error Source : MSComm

     Error Number : 8005

Error Description : 포트가 이미 열려 있습니다.

             Date : 2003년 9월 23일 월요일

             Time : 오전 9:41:29
━━━━━━━━━━━━━━━━━━━━━━━━━━━━━━━━━━━━━━━━
        Procedure : clsCommon - Public Function Get_TestItemList() As ADODB.Recordset

     Error Source : ADODB.Connection

     Error Number : 3704

Error Description : 개체가 닫혀있으면 작업이 허용되지 않습니다.

             Date : 2003년 9월 23일 월요일

             Time : 오전 9:41:29
━━━━━━━━━━━━━━━━━━━━━━━━━━━━━━━━━━━━━━━━
        Procedure : clsCommon - Public Function Get_TestItemList() As ADODB.Recordset

     Error Source : ADODB.Connection

     Error Number : 3704

Error Description : 개체가 닫혀있으면 작업이 허용되지 않습니다.

             Date : 2003년 9월 23일 월요일

             Time : 오전 9:41:30
━━━━━━━━━━━━━━━━━━━━━━━━━━━━━━━━━━━━━━━━
        Procedure : clsCommon - Public Function Get_TestItemList() As ADODB.Recordset

     Error Source : ADODB.Connection

     Error Number : 3704

Error Description : 개체가 닫혀있으면 작업이 허용되지 않습니다.

             Date : 2003년 9월 23일 월요일

             Time : 오전 9:41:30
━━━━━━━━━━━━━━━━━━━━━━━━━━━━━━━━━━━━━━━━
        Procedure : frmInterface - Private Sub Get_Setting()

     Error Source : MSComm

     Error Number : 8005

Error Description : 포트가 이미 열려 있습니다.

             Date : 2003년 9월 23일 월요일

             Time : 오전 9:41:30
━━━━━━━━━━━━━━━━━━━━━━━━━━━━━━━━━━━━━━━━
        Procedure : clsCommon - Public Function Get_TestItemList() As ADODB.Recordset

     Error Source : ADODB.Connection

     Error Number : 3704

Error Description : 개체가 닫혀있으면 작업이 허용되지 않습니다.

             Date : 2003년 9월 23일 월요일

             Time : 오전 9:41:30
━━━━━━━━━━━━━━━━━━━━━━━━━━━━━━━━━━━━━━━━
        Procedure : clsCommon - Public Function Get_TestItemList() As ADODB.Recordset

     Error Source : ADODB.Connection

     Error Number : 3704

Error Description : 개체가 닫혀있으면 작업이 허용되지 않습니다.

             Date : 2003년 9월 23일 월요일

             Time : 오전 9:41:30
━━━━━━━━━━━━━━━━━━━━━━━━━━━━━━━━━━━━━━━━
        Procedure : clsCommon - Public Function Get_TestItemList() As ADODB.Recordset

     Error Source : ADODB.Connection

     Error Number : 3704

Error Description : 개체가 닫혀있으면 작업이 허용되지 않습니다.

             Date : 2003년 9월 23일 월요일

             Time : 오전 9:41:31
━━━━━━━━━━━━━━━━━━━━━━━━━━━━━━━━━━━━━━━━
        Procedure : frmInterface - Private Sub Get_Setting()

     Error Source : MSComm

     Error Number : 8005

Error Description : 포트가 이미 열려 있습니다.

             Date : 2003년 9월 23일 월요일

             Time : 오전 9:41:31
━━━━━━━━━━━━━━━━━━━━━━━━━━━━━━━━━━━━━━━━
        Procedure : clsCommon - Public Function Get_TestItemList() As ADODB.Recordset

     Error Source : ADODB.Connection

     Error Number : 3704

Error Description : 개체가 닫혀있으면 작업이 허용되지 않습니다.

             Date : 2003년 9월 23일 월요일

             Time : 오전 9:41:31
━━━━━━━━━━━━━━━━━━━━━━━━━━━━━━━━━━━━━━━━
        Procedure : clsCommon - Public Function Get_TestItemList() As ADODB.Recordset

     Error Source : ADODB.Connection

     Error Number : 3704

Error Description : 개체가 닫혀있으면 작업이 허용되지 않습니다.

             Date : 2003년 9월 23일 월요일

             Time : 오전 9:41:31
━━━━━━━━━━━━━━━━━━━━━━━━━━━━━━━━━━━━━━━━
        Procedure : clsCommon - Public Function Get_TestItemList() As ADODB.Recordset

     Error Source : ADODB.Connection

     Error Number : 3704

Error Description : 개체가 닫혀있으면 작업이 허용되지 않습니다.

             Date : 2003년 9월 23일 월요일

             Time : 오전 9:41:31
━━━━━━━━━━━━━━━━━━━━━━━━━━━━━━━━━━━━━━━━
        Procedure : frmInterface - Private Sub Get_Setting()

     Error Source : MSComm

     Error Number : 8005

Error Description : 포트가 이미 열려 있습니다.

             Date : 2003년 9월 23일 월요일

             Time : 오전 9:41:32
━━━━━━━━━━━━━━━━━━━━━━━━━━━━━━━━━━━━━━━━
        Procedure : clsCommon - Public Function Get_TestItemList() As ADODB.Recordset

     Error Source : ADODB.Connection

     Error Number : 3704

Error Description : 개체가 닫혀있으면 작업이 허용되지 않습니다.

             Date : 2003년 9월 23일 월요일

             Time : 오전 9:41:32
━━━━━━━━━━━━━━━━━━━━━━━━━━━━━━━━━━━━━━━━
        Procedure : clsCommon - Public Function Get_TestItemList() As ADODB.Recordset

     Error Source : ADODB.Connection

     Error Number : 3704

Error Description : 개체가 닫혀있으면 작업이 허용되지 않습니다.

             Date : 2003년 9월 23일 월요일

             Time : 오전 9:41:32
━━━━━━━━━━━━━━━━━━━━━━━━━━━━━━━━━━━━━━━━
        Procedure : clsCommon - Public Function Get_TestItemList() As ADODB.Recordset

     Error Source : ADODB.Connection

     Error Number : 3704

Error Description : 개체가 닫혀있으면 작업이 허용되지 않습니다.

             Date : 2003년 9월 23일 월요일

             Time : 오전 9:41:32
━━━━━━━━━━━━━━━━━━━━━━━━━━━━━━━━━━━━━━━━
        Procedure : frmInterface - Private Sub Get_Setting()

     Error Source : MSComm

     Error Number : 8005

Error Description : 포트가 이미 열려 있습니다.

             Date : 2003년 9월 23일 월요일

             Time : 오전 9:41:32
━━━━━━━━━━━━━━━━━━━━━━━━━━━━━━━━━━━━━━━━
        Procedure : clsCommon - Public Function Get_TestItemList() As ADODB.Recordset

     Error Source : ADODB.Connection

     Error Number : 3704

Error Description : 개체가 닫혀있으면 작업이 허용되지 않습니다.

             Date : 2003년 9월 23일 월요일

             Time : 오전 9:41:33
━━━━━━━━━━━━━━━━━━━━━━━━━━━━━━━━━━━━━━━━
        Procedure : clsCommon - Public Function Get_TestItemList() As ADODB.Recordset

     Error Source : ADODB.Connection

     Error Number : 3704

Error Description : 개체가 닫혀있으면 작업이 허용되지 않습니다.

             Date : 2003년 9월 23일 월요일

             Time : 오전 9:45:37
━━━━━━━━━━━━━━━━━━━━━━━━━━━━━━━━━━━━━━━━
        Procedure : clsCommon - Public Function Get_TestItemList() As ADODB.Recordset

     Error Source : ADODB.Connection

     Error Number : 3704

Error Description : 개체가 닫혀있으면 작업이 허용되지 않습니다.

             Date : 2003년 9월 23일 월요일

             Time : 오전 9:45:38
━━━━━━━━━━━━━━━━━━━━━━━━━━━━━━━━━━━━━━━━
        Procedure : clsCommon - Public Function Get_TestItemList() As ADODB.Recordset

     Error Source : ADODB.Connection

     Error Number : 3704

Error Description : 개체가 닫혀있으면 작업이 허용되지 않습니다.

             Date : 2003년 9월 23일 월요일

             Time : 오전 9:45:38
━━━━━━━━━━━━━━━━━━━━━━━━━━━━━━━━━━━━━━━━
        Procedure : clsCommon - Public Function Get_TestItemList() As ADODB.Recordset

     Error Source : ADODB.Connection

     Error Number : 3704

Error Description : 개체가 닫혀있으면 작업이 허용되지 않습니다.

             Date : 2003년 9월 23일 월요일

             Time : 오전 9:45:38
━━━━━━━━━━━━━━━━━━━━━━━━━━━━━━━━━━━━━━━━
        Procedure : clsCommon - Public Function Get_TestItemList() As ADODB.Recordset

     Error Source : ADODB.Connection

     Error Number : 3704

Error Description : 개체가 닫혀있으면 작업이 허용되지 않습니다.

             Date : 2003년 9월 23일 월요일

             Time : 오전 9:45:38
━━━━━━━━━━━━━━━━━━━━━━━━━━━━━━━━━━━━━━━━
        Procedure : clsCommon - Public Function Get_TestItemList() As ADODB.Recordset

     Error Source : ADODB.Connection

     Error Number : 3704

Error Description : 개체가 닫혀있으면 작업이 허용되지 않습니다.

             Date : 2003년 9월 23일 월요일

             Time : 오전 9:45:39
━━━━━━━━━━━━━━━━━━━━━━━━━━━━━━━━━━━━━━━━
        Procedure : clsCommon - Public Function Get_TestItemList() As ADODB.Recordset

     Error Source : ADODB.Connection

     Error Number : 3704

Error Description : 개체가 닫혀있으면 작업이 허용되지 않습니다.

             Date : 2003년 9월 23일 월요일

             Time : 오전 9:45:39
━━━━━━━━━━━━━━━━━━━━━━━━━━━━━━━━━━━━━━━━
        Procedure : clsCommon - Public Function Get_TestItemList() As ADODB.Recordset

     Error Source : ADODB.Connection

     Error Number : 3704

Error Description : 개체가 닫혀있으면 작업이 허용되지 않습니다.

             Date : 2003년 9월 23일 월요일

             Time : 오전 9:45:39
━━━━━━━━━━━━━━━━━━━━━━━━━━━━━━━━━━━━━━━━
        Procedure : clsCommon - Public Function Get_TestItemList() As ADODB.Recordset

     Error Source : ADODB.Connection

     Error Number : 3704

Error Description : 개체가 닫혀있으면 작업이 허용되지 않습니다.

             Date : 2003년 9월 23일 월요일

             Time : 오전 9:45:39
━━━━━━━━━━━━━━━━━━━━━━━━━━━━━━━━━━━━━━━━
        Procedure : clsCommon - Public Function Get_TestItemList() As ADODB.Recordset

     Error Source : ADODB.Connection

     Error Number : 3704

Error Description : 개체가 닫혀있으면 작업이 허용되지 않습니다.

             Date : 2003년 9월 23일 월요일

             Time : 오전 9:45:39
━━━━━━━━━━━━━━━━━━━━━━━━━━━━━━━━━━━━━━━━
        Procedure : clsCommon - Public Function Get_TestItemList() As ADODB.Recordset

     Error Source : ADODB.Connection

     Error Number : 3704

Error Description : 개체가 닫혀있으면 작업이 허용되지 않습니다.

             Date : 2003년 9월 23일 월요일

             Time : 오전 9:45:39
━━━━━━━━━━━━━━━━━━━━━━━━━━━━━━━━━━━━━━━━
        Procedure : clsCommon - Public Function Get_TestItemList() As ADODB.Recordset

     Error Source : ADODB.Connection

     Error Number : 3704

Error Description : 개체가 닫혀있으면 작업이 허용되지 않습니다.

             Date : 2003년 9월 23일 월요일

             Time : 오전 9:45:40
━━━━━━━━━━━━━━━━━━━━━━━━━━━━━━━━━━━━━━━━
        Procedure : clsCommon - Public Function Get_TestItemList() As ADODB.Recordset

     Error Source : ADODB.Connection

     Error Number : 3704

Error Description : 개체가 닫혀있으면 작업이 허용되지 않습니다.

             Date : 2003년 9월 23일 월요일

             Time : 오전 9:45:40
━━━━━━━━━━━━━━━━━━━━━━━━━━━━━━━━━━━━━━━━
        Procedure : clsCommon - Public Function Get_TestItemList() As ADODB.Recordset

     Error Source : ADODB.Connection

     Error Number : 3704

Error Description : 개체가 닫혀있으면 작업이 허용되지 않습니다.

             Date : 2003년 9월 23일 월요일

             Time : 오전 9:45:40
━━━━━━━━━━━━━━━━━━━━━━━━━━━━━━━━━━━━━━━━
        Procedure : clsCommon - Public Function Get_TestItemList() As ADODB.Recordset

     Error Source : ADODB.Connection

     Error Number : 3704

Error Description : 개체가 닫혀있으면 작업이 허용되지 않습니다.

             Date : 2003년 9월 23일 월요일

             Time : 오전 9:45:40
━━━━━━━━━━━━━━━━━━━━━━━━━━━━━━━━━━━━━━━━
        Procedure : clsCommon - Public Function Get_TestItemList() As ADODB.Recordset

     Error Source : ADODB.Connection

     Error Number : 3704

Error Description : 개체가 닫혀있으면 작업이 허용되지 않습니다.

             Date : 2003년 9월 23일 월요일

             Time : 오전 9:45:40
━━━━━━━━━━━━━━━━━━━━━━━━━━━━━━━━━━━━━━━━
        Procedure : clsCommon - Public Function Get_TestItemList() As ADODB.Recordset

     Error Source : ADODB.Connection

     Error Number : 3704

Error Description : 개체가 닫혀있으면 작업이 허용되지 않습니다.

             Date : 2003년 9월 23일 월요일

             Time : 오전 9:45:40
━━━━━━━━━━━━━━━━━━━━━━━━━━━━━━━━━━━━━━━━
        Procedure : clsCommon - Public Function Get_TestItemList() As ADODB.Recordset

     Error Source : ADODB.Connection

     Error Number : 3704

Error Description : 개체가 닫혀있으면 작업이 허용되지 않습니다.

             Date : 2003년 9월 23일 월요일

             Time : 오전 9:45:41
━━━━━━━━━━━━━━━━━━━━━━━━━━━━━━━━━━━━━━━━
        Procedure : clsCommon - Public Function Get_TestItemList() As ADODB.Recordset

     Error Source : ADODB.Connection

     Error Number : 3704

Error Description : 개체가 닫혀있으면 작업이 허용되지 않습니다.

             Date : 2003년 9월 23일 월요일

             Time : 오전 9:45:41
━━━━━━━━━━━━━━━━━━━━━━━━━━━━━━━━━━━━━━━━
        Procedure : clsCommon - Public Function Get_TestItemList() As ADODB.Recordset

     Error Source : ADODB.Connection

     Error Number : 3704

Error Description : 개체가 닫혀있으면 작업이 허용되지 않습니다.

             Date : 2003년 9월 23일 월요일

             Time : 오전 9:45:42
━━━━━━━━━━━━━━━━━━━━━━━━━━━━━━━━━━━━━━━━
        Procedure : clsCommon - Public Function Get_TestItemList() As ADODB.Recordset

     Error Source : ADODB.Connection

     Error Number : 3704

Error Description : 개체가 닫혀있으면 작업이 허용되지 않습니다.

             Date : 2003년 9월 23일 월요일

             Time : 오전 9:45:42
━━━━━━━━━━━━━━━━━━━━━━━━━━━━━━━━━━━━━━━━
        Procedure : clsCommon - Public Function Get_TestItemList() As ADODB.Recordset

     Error Source : ADODB.Connection

     Error Number : 3704

Error Description : 개체가 닫혀있으면 작업이 허용되지 않습니다.

             Date : 2003년 9월 23일 월요일

             Time : 오전 9:45:42
━━━━━━━━━━━━━━━━━━━━━━━━━━━━━━━━━━━━━━━━
        Procedure : clsCommon - Public Function Get_TestItemList() As ADODB.Recordset

     Error Source : ADODB.Connection

     Error Number : 3704

Error Description : 개체가 닫혀있으면 작업이 허용되지 않습니다.

             Date : 2003년 9월 23일 월요일

             Time : 오전 9:45:42
━━━━━━━━━━━━━━━━━━━━━━━━━━━━━━━━━━━━━━━━
        Procedure : clsCommon - Public Function Get_TestItemList() As ADODB.Recordset

     Error Source : ADODB.Connection

     Error Number : 3704

Error Description : 개체가 닫혀있으면 작업이 허용되지 않습니다.

             Date : 2003년 9월 23일 월요일

             Time : 오전 9:45:43
━━━━━━━━━━━━━━━━━━━━━━━━━━━━━━━━━━━━━━━━
        Procedure : clsCommon - Public Function Get_TestItemList() As ADODB.Recordset

     Error Source : ADODB.Connection

     Error Number : 3704

Error Description : 개체가 닫혀있으면 작업이 허용되지 않습니다.

             Date : 2003년 9월 23일 월요일

             Time : 오전 9:45:43
━━━━━━━━━━━━━━━━━━━━━━━━━━━━━━━━━━━━━━━━
        Procedure : clsCommon - Public Function Get_TestItemList() As ADODB.Recordset

     Error Source : ADODB.Connection

     Error Number : 3704

Error Description : 개체가 닫혀있으면 작업이 허용되지 않습니다.

             Date : 2003년 9월 23일 월요일

             Time : 오전 9:45:43
━━━━━━━━━━━━━━━━━━━━━━━━━━━━━━━━━━━━━━━━
        Procedure : clsCommon - Public Function Get_TestItemList() As ADODB.Recordset

     Error Source : ADODB.Connection

     Error Number : 3704

Error Description : 개체가 닫혀있으면 작업이 허용되지 않습니다.

             Date : 2003년 9월 23일 월요일

             Time : 오전 9:45:43
━━━━━━━━━━━━━━━━━━━━━━━━━━━━━━━━━━━━━━━━
        Procedure : clsCommon - Public Function Get_TestItemList() As ADODB.Recordset

     Error Source : ADODB.Connection

     Error Number : 3704

Error Description : 개체가 닫혀있으면 작업이 허용되지 않습니다.

             Date : 2003년 9월 23일 월요일

             Time : 오전 9:45:43
━━━━━━━━━━━━━━━━━━━━━━━━━━━━━━━━━━━━━━━━
        Procedure : clsCommon - Public Function Get_TestItemList() As ADODB.Recordset

     Error Source : ADODB.Connection

     Error Number : 3704

Error Description : 개체가 닫혀있으면 작업이 허용되지 않습니다.

             Date : 2003년 9월 23일 월요일

             Time : 오전 9:45:44
━━━━━━━━━━━━━━━━━━━━━━━━━━━━━━━━━━━━━━━━
        Procedure : clsCommon - Public Function Get_TestItemList() As ADODB.Recordset

     Error Source : ADODB.Connection

     Error Number : 3704

Error Description : 개체가 닫혀있으면 작업이 허용되지 않습니다.

             Date : 2003년 9월 23일 월요일

             Time : 오전 9:45:44
━━━━━━━━━━━━━━━━━━━━━━━━━━━━━━━━━━━━━━━━
        Procedure : clsCommon - Public Function Get_TestItemList() As ADODB.Recordset

     Error Source : ADODB.Connection

     Error Number : 3704

Error Description : 개체가 닫혀있으면 작업이 허용되지 않습니다.

             Date : 2003년 9월 23일 월요일

             Time : 오전 9:45:44
━━━━━━━━━━━━━━━━━━━━━━━━━━━━━━━━━━━━━━━━
        Procedure : clsCommon - Public Function Get_TestItemList() As ADODB.Recordset

     Error Source : ADODB.Connection

     Error Number : 3704

Error Description : 개체가 닫혀있으면 작업이 허용되지 않습니다.

             Date : 2003년 9월 23일 월요일

             Time : 오전 9:45:44
━━━━━━━━━━━━━━━━━━━━━━━━━━━━━━━━━━━━━━━━
        Procedure : clsCommon - Public Function Get_TestItemList() As ADODB.Recordset

     Error Source : ADODB.Connection

     Error Number : 3704

Error Description : 개체가 닫혀있으면 작업이 허용되지 않습니다.

             Date : 2003년 9월 23일 월요일

             Time : 오전 9:45:44
━━━━━━━━━━━━━━━━━━━━━━━━━━━━━━━━━━━━━━━━
        Procedure : clsCommon - Public Function Get_TestItemList() As ADODB.Recordset

     Error Source : ADODB.Connection

     Error Number : 3704

Error Description : 개체가 닫혀있으면 작업이 허용되지 않습니다.

             Date : 2003년 9월 23일 월요일

             Time : 오전 9:45:45
━━━━━━━━━━━━━━━━━━━━━━━━━━━━━━━━━━━━━━━━
        Procedure : clsCommon - Public Function Get_TestItemList() As ADODB.Recordset

     Error Source : ADODB.Connection

     Error Number : 3704

Error Description : 개체가 닫혀있으면 작업이 허용되지 않습니다.

             Date : 2003년 9월 23일 월요일

             Time : 오전 9:45:45
━━━━━━━━━━━━━━━━━━━━━━━━━━━━━━━━━━━━━━━━
        Procedure : clsCommon - Public Function Get_TestItemList() As ADODB.Recordset

     Error Source : ADODB.Connection

     Error Number : 3704

Error Description : 개체가 닫혀있으면 작업이 허용되지 않습니다.

             Date : 2003년 9월 23일 월요일

             Time : 오전 9:45:45
━━━━━━━━━━━━━━━━━━━━━━━━━━━━━━━━━━━━━━━━
        Procedure : clsCommon - Public Function Get_TestItemList() As ADODB.Recordset

     Error Source : ADODB.Connection

     Error Number : 3704

Error Description : 개체가 닫혀있으면 작업이 허용되지 않습니다.

             Date : 2003년 9월 23일 월요일

             Time : 오전 9:45:45
━━━━━━━━━━━━━━━━━━━━━━━━━━━━━━━━━━━━━━━━
        Procedure : clsCommon - Public Function Get_TestItemList() As ADODB.Recordset

     Error Source : ADODB.Connection

     Error Number : 3704

Error Description : 개체가 닫혀있으면 작업이 허용되지 않습니다.

             Date : 2003년 9월 23일 월요일

             Time : 오전 9:45:45
━━━━━━━━━━━━━━━━━━━━━━━━━━━━━━━━━━━━━━━━
        Procedure : clsCommon - Public Function Get_TestItemList() As ADODB.Recordset

     Error Source : ADODB.Connection

     Error Number : 3704

Error Description : 개체가 닫혀있으면 작업이 허용되지 않습니다.

             Date : 2003년 9월 23일 월요일

             Time : 오전 9:45:46
━━━━━━━━━━━━━━━━━━━━━━━━━━━━━━━━━━━━━━━━
        Procedure : clsCommon - Public Function Get_TestItemList() As ADODB.Recordset

     Error Source : ADODB.Connection

     Error Number : 3704

Error Description : 개체가 닫혀있으면 작업이 허용되지 않습니다.

             Date : 2003년 9월 23일 월요일

             Time : 오전 9:45:46
━━━━━━━━━━━━━━━━━━━━━━━━━━━━━━━━━━━━━━━━
        Procedure : clsCommon - Public Function Get_TestItemList() As ADODB.Recordset

     Error Source : ADODB.Connection

     Error Number : 3704

Error Description : 개체가 닫혀있으면 작업이 허용되지 않습니다.

             Date : 2003년 9월 23일 월요일

             Time : 오전 9:45:46
━━━━━━━━━━━━━━━━━━━━━━━━━━━━━━━━━━━━━━━━
        Procedure : clsCommon - Public Function Get_TestItemList() As ADODB.Recordset

     Error Source : ADODB.Connection

     Error Number : 3704

Error Description : 개체가 닫혀있으면 작업이 허용되지 않습니다.

             Date : 2003년 9월 23일 월요일

             Time : 오전 9:45:46
━━━━━━━━━━━━━━━━━━━━━━━━━━━━━━━━━━━━━━━━
        Procedure : clsCommon - Public Function Get_TestItemList() As ADODB.Recordset

     Error Source : ADODB.Connection

     Error Number : 3704

Error Description : 개체가 닫혀있으면 작업이 허용되지 않습니다.

             Date : 2003년 9월 23일 월요일

             Time : 오전 9:45:46
━━━━━━━━━━━━━━━━━━━━━━━━━━━━━━━━━━━━━━━━
        Procedure : clsCommon - Public Function Get_TestItemList() As ADODB.Recordset

     Error Source : ADODB.Connection

     Error Number : 3704

Error Description : 개체가 닫혀있으면 작업이 허용되지 않습니다.

             Date : 2003년 9월 23일 월요일

             Time : 오전 9:45:46
━━━━━━━━━━━━━━━━━━━━━━━━━━━━━━━━━━━━━━━━
        Procedure : clsCommon - Public Function Get_TestItemList() As ADODB.Recordset

     Error Source : ADODB.Connection

     Error Number : 3704

Error Description : 개체가 닫혀있으면 작업이 허용되지 않습니다.

             Date : 2003년 9월 23일 월요일

             Time : 오전 9:45:47
━━━━━━━━━━━━━━━━━━━━━━━━━━━━━━━━━━━━━━━━
        Procedure : clsCommon - Public Function Get_TestItemList() As ADODB.Recordset

     Error Source : ADODB.Connection

     Error Number : 3704

Error Description : 개체가 닫혀있으면 작업이 허용되지 않습니다.

             Date : 2003년 9월 23일 월요일

             Time : 오전 9:45:47
━━━━━━━━━━━━━━━━━━━━━━━━━━━━━━━━━━━━━━━━
        Procedure : clsCommon - Public Function Get_TestItemList() As ADODB.Recordset

     Error Source : ADODB.Connection

     Error Number : 3704

Error Description : 개체가 닫혀있으면 작업이 허용되지 않습니다.

             Date : 2003년 9월 23일 월요일

             Time : 오전 9:45:47
━━━━━━━━━━━━━━━━━━━━━━━━━━━━━━━━━━━━━━━━
        Procedure : clsCommon - Public Function Get_TestItemList() As ADODB.Recordset

     Error Source : ADODB.Connection

     Error Number : 3704

Error Description : 개체가 닫혀있으면 작업이 허용되지 않습니다.

             Date : 2003년 9월 23일 월요일

             Time : 오전 9:45:47
━━━━━━━━━━━━━━━━━━━━━━━━━━━━━━━━━━━━━━━━
        Procedure : clsCommon - Public Function Get_TestItemList() As ADODB.Recordset

     Error Source : ADODB.Connection

     Error Number : 3704

Error Description : 개체가 닫혀있으면 작업이 허용되지 않습니다.

             Date : 2003년 9월 23일 월요일

             Time : 오전 9:45:47
━━━━━━━━━━━━━━━━━━━━━━━━━━━━━━━━━━━━━━━━
        Procedure : clsCommon - Public Function Get_TestItemList() As ADODB.Recordset

     Error Source : ADODB.Connection

     Error Number : 3704

Error Description : 개체가 닫혀있으면 작업이 허용되지 않습니다.

             Date : 2003년 9월 23일 월요일

             Time : 오전 9:45:48
━━━━━━━━━━━━━━━━━━━━━━━━━━━━━━━━━━━━━━━━
        Procedure : clsCommon - Public Function Get_TestItemList() As ADODB.Recordset

     Error Source : ADODB.Connection

     Error Number : 3704

Error Description : 개체가 닫혀있으면 작업이 허용되지 않습니다.

             Date : 2003년 9월 23일 월요일

             Time : 오전 9:45:48
━━━━━━━━━━━━━━━━━━━━━━━━━━━━━━━━━━━━━━━━
        Procedure : clsCommon - Public Function Get_TestItemList() As ADODB.Recordset

     Error Source : ADODB.Connection

     Error Number : 3704

Error Description : 개체가 닫혀있으면 작업이 허용되지 않습니다.

             Date : 2003년 9월 23일 월요일

             Time : 오전 9:45:48
━━━━━━━━━━━━━━━━━━━━━━━━━━━━━━━━━━━━━━━━
        Procedure : clsCommon - Public Function Get_TestItemList() As ADODB.Recordset

     Error Source : ADODB.Connection

     Error Number : 3704

Error Description : 개체가 닫혀있으면 작업이 허용되지 않습니다.

             Date : 2003년 9월 23일 월요일

             Time : 오전 9:45:48
━━━━━━━━━━━━━━━━━━━━━━━━━━━━━━━━━━━━━━━━
        Procedure : clsCommon - Public Function Get_TestItemList() As ADODB.Recordset

     Error Source : ADODB.Connection

     Error Number : 3704

Error Description : 개체가 닫혀있으면 작업이 허용되지 않습니다.

             Date : 2003년 9월 23일 월요일

             Time : 오전 9:45:48
━━━━━━━━━━━━━━━━━━━━━━━━━━━━━━━━━━━━━━━━
        Procedure : clsCommon - Public Function Get_TestItemList() As ADODB.Recordset

     Error Source : ADODB.Connection

     Error Number : 3704

Error Description : 개체가 닫혀있으면 작업이 허용되지 않습니다.

             Date : 2003년 9월 23일 월요일

             Time : 오전 9:45:48
━━━━━━━━━━━━━━━━━━━━━━━━━━━━━━━━━━━━━━━━
        Procedure : clsCommon - Public Function Get_TestItemList() As ADODB.Recordset

     Error Source : ADODB.Connection

     Error Number : 3704

Error Description : 개체가 닫혀있으면 작업이 허용되지 않습니다.

             Date : 2003년 9월 23일 월요일

             Time : 오전 9:45:49
━━━━━━━━━━━━━━━━━━━━━━━━━━━━━━━━━━━━━━━━
        Procedure : clsCommon - Public Function Get_TestItemList() As ADODB.Recordset

     Error Source : ADODB.Connection

     Error Number : 3704

Error Description : 개체가 닫혀있으면 작업이 허용되지 않습니다.

             Date : 2003년 9월 23일 월요일

             Time : 오전 9:45:49
━━━━━━━━━━━━━━━━━━━━━━━━━━━━━━━━━━━━━━━━
        Procedure : clsCommon - Public Function Get_TestItemList() As ADODB.Recordset

     Error Source : ADODB.Connection

     Error Number : 3704

Error Description : 개체가 닫혀있으면 작업이 허용되지 않습니다.

             Date : 2003년 9월 23일 월요일

             Time : 오전 9:45:49
━━━━━━━━━━━━━━━━━━━━━━━━━━━━━━━━━━━━━━━━
        Procedure : clsCommon - Public Function Get_TestItemList() As ADODB.Recordset

     Error Source : ADODB.Connection

     Error Number : 3704

Error Description : 개체가 닫혀있으면 작업이 허용되지 않습니다.

             Date : 2003년 9월 23일 월요일

             Time : 오전 9:45:49
━━━━━━━━━━━━━━━━━━━━━━━━━━━━━━━━━━━━━━━━
        Procedure : clsCommon - Public Function Get_TestItemList() As ADODB.Recordset

     Error Source : ADODB.Connection

     Error Number : 3704

Error Description : 개체가 닫혀있으면 작업이 허용되지 않습니다.

             Date : 2003년 9월 23일 월요일

             Time : 오전 9:45:49
━━━━━━━━━━━━━━━━━━━━━━━━━━━━━━━━━━━━━━━━
        Procedure : clsCommon - Public Function Get_TestItemList() As ADODB.Recordset

     Error Source : ADODB.Connection

     Error Number : 3704

Error Description : 개체가 닫혀있으면 작업이 허용되지 않습니다.

             Date : 2003년 9월 23일 월요일

             Time : 오전 9:45:49
━━━━━━━━━━━━━━━━━━━━━━━━━━━━━━━━━━━━━━━━
        Procedure : clsCommon - Public Function Get_TestItemList() As ADODB.Recordset

     Error Source : ADODB.Connection

     Error Number : 3704

Error Description : 개체가 닫혀있으면 작업이 허용되지 않습니다.

             Date : 2003년 9월 23일 월요일

             Time : 오전 9:45:50
━━━━━━━━━━━━━━━━━━━━━━━━━━━━━━━━━━━━━━━━
        Procedure : clsCommon - Public Function Get_TestItemList() As ADODB.Recordset

     Error Source : ADODB.Connection

     Error Number : 3704

Error Description : 개체가 닫혀있으면 작업이 허용되지 않습니다.

             Date : 2003년 9월 23일 월요일

             Time : 오전 9:45:50
━━━━━━━━━━━━━━━━━━━━━━━━━━━━━━━━━━━━━━━━
        Procedure : clsCommon - Public Function Get_TestItemList() As ADODB.Recordset

     Error Source : ADODB.Connection

     Error Number : 3704

Error Description : 개체가 닫혀있으면 작업이 허용되지 않습니다.

             Date : 2003년 9월 23일 월요일

             Time : 오전 9:45:50
━━━━━━━━━━━━━━━━━━━━━━━━━━━━━━━━━━━━━━━━
        Procedure : clsCommon - Public Function Get_TestItemList() As ADODB.Recordset

     Error Source : ADODB.Connection

     Error Number : 3704

Error Description : 개체가 닫혀있으면 작업이 허용되지 않습니다.

             Date : 2003년 9월 23일 월요일

             Time : 오전 9:45:51
━━━━━━━━━━━━━━━━━━━━━━━━━━━━━━━━━━━━━━━━
        Procedure : clsCommon - Public Function Get_TestItemList() As ADODB.Recordset

     Error Source : ADODB.Connection

     Error Number : 3704

Error Description : 개체가 닫혀있으면 작업이 허용되지 않습니다.

             Date : 2003년 9월 23일 월요일

             Time : 오전 9:45:51
━━━━━━━━━━━━━━━━━━━━━━━━━━━━━━━━━━━━━━━━
        Procedure : clsCommon - Public Function Get_TestItemList() As ADODB.Recordset

     Error Source : ADODB.Connection

     Error Number : 3704

Error Description : 개체가 닫혀있으면 작업이 허용되지 않습니다.

             Date : 2003년 9월 23일 월요일

             Time : 오전 9:45:52
━━━━━━━━━━━━━━━━━━━━━━━━━━━━━━━━━━━━━━━━
        Procedure : clsCommon - Public Function Get_TestItemList() As ADODB.Recordset

     Error Source : ADODB.Connection

     Error Number : 3704

Error Description : 개체가 닫혀있으면 작업이 허용되지 않습니다.

             Date : 2003년 9월 23일 월요일

             Time : 오전 9:45:52
━━━━━━━━━━━━━━━━━━━━━━━━━━━━━━━━━━━━━━━━
        Procedure : clsCommon - Public Function Get_TestItemList() As ADODB.Recordset

     Error Source : ADODB.Connection

     Error Number : 3704

Error Description : 개체가 닫혀있으면 작업이 허용되지 않습니다.

             Date : 2003년 9월 23일 월요일

             Time : 오전 9:45:52
━━━━━━━━━━━━━━━━━━━━━━━━━━━━━━━━━━━━━━━━
        Procedure : clsCommon - Public Function Get_TestItemList() As ADODB.Recordset

     Error Source : ADODB.Connection

     Error Number : 3704

Error Description : 개체가 닫혀있으면 작업이 허용되지 않습니다.

             Date : 2003년 9월 23일 월요일

             Time : 오전 9:45:52
━━━━━━━━━━━━━━━━━━━━━━━━━━━━━━━━━━━━━━━━
        Procedure : clsCommon - Public Function Get_TestItemList() As ADODB.Recordset

     Error Source : ADODB.Connection

     Error Number : 3704

Error Description : 개체가 닫혀있으면 작업이 허용되지 않습니다.

             Date : 2003년 9월 23일 월요일

             Time : 오전 9:45:53
━━━━━━━━━━━━━━━━━━━━━━━━━━━━━━━━━━━━━━━━
        Procedure : clsCommon - Public Function Get_TestItemList() As ADODB.Recordset

     Error Source : ADODB.Connection

     Error Number : 3704

Error Description : 개체가 닫혀있으면 작업이 허용되지 않습니다.

             Date : 2003년 9월 23일 월요일

             Time : 오전 9:45:53
━━━━━━━━━━━━━━━━━━━━━━━━━━━━━━━━━━━━━━━━
        Procedure : clsCommon - Public Function Get_TestItemList() As ADODB.Recordset

     Error Source : ADODB.Connection

     Error Number : 3704

Error Description : 개체가 닫혀있으면 작업이 허용되지 않습니다.

             Date : 2003년 9월 23일 월요일

             Time : 오전 9:45:53
━━━━━━━━━━━━━━━━━━━━━━━━━━━━━━━━━━━━━━━━
        Procedure : clsCommon - Public Function Get_TestItemList() As ADODB.Recordset

     Error Source : ADODB.Connection

     Error Number : 3704

Error Description : 개체가 닫혀있으면 작업이 허용되지 않습니다.

             Date : 2003년 9월 23일 월요일

             Time : 오전 9:45:53
━━━━━━━━━━━━━━━━━━━━━━━━━━━━━━━━━━━━━━━━
        Procedure : clsCommon - Public Function Get_TestItemList() As ADODB.Recordset

     Error Source : ADODB.Connection

     Error Number : 3704

Error Description : 개체가 닫혀있으면 작업이 허용되지 않습니다.

             Date : 2003년 9월 23일 월요일

             Time : 오전 9:45:53
━━━━━━━━━━━━━━━━━━━━━━━━━━━━━━━━━━━━━━━━
        Procedure : clsCommon - Public Function Get_TestItemList() As ADODB.Recordset

     Error Source : ADODB.Connection

     Error Number : 3704

Error Description : 개체가 닫혀있으면 작업이 허용되지 않습니다.

             Date : 2003년 9월 23일 월요일

             Time : 오전 9:45:53
━━━━━━━━━━━━━━━━━━━━━━━━━━━━━━━━━━━━━━━━
        Procedure : clsCommon - Public Function Get_TestItemList() As ADODB.Recordset

     Error Source : ADODB.Connection

     Error Number : 3704

Error Description : 개체가 닫혀있으면 작업이 허용되지 않습니다.

             Date : 2003년 9월 23일 월요일

             Time : 오전 9:45:54
━━━━━━━━━━━━━━━━━━━━━━━━━━━━━━━━━━━━━━━━
        Procedure : clsCommon - Public Function Get_TestItemList() As ADODB.Recordset

     Error Source : ADODB.Connection

     Error Number : 3704

Error Description : 개체가 닫혀있으면 작업이 허용되지 않습니다.

             Date : 2003년 9월 23일 월요일

             Time : 오전 9:45:55
━━━━━━━━━━━━━━━━━━━━━━━━━━━━━━━━━━━━━━━━
        Procedure : clsCommon - Public Function Get_TestItemList() As ADODB.Recordset

     Error Source : ADODB.Connection

     Error Number : 3704

Error Description : 개체가 닫혀있으면 작업이 허용되지 않습니다.

             Date : 2003년 9월 23일 월요일

             Time : 오전 9:45:55
━━━━━━━━━━━━━━━━━━━━━━━━━━━━━━━━━━━━━━━━
        Procedure : clsCommon - Public Function Get_TestItemList() As ADODB.Recordset

     Error Source : ADODB.Connection

     Error Number : 3704

Error Description : 개체가 닫혀있으면 작업이 허용되지 않습니다.

             Date : 2003년 9월 23일 월요일

             Time : 오전 9:45:55
━━━━━━━━━━━━━━━━━━━━━━━━━━━━━━━━━━━━━━━━
        Procedure : clsCommon - Public Function Get_TestItemList() As ADODB.Recordset

     Error Source : ADODB.Connection

     Error Number : 3704

Error Description : 개체가 닫혀있으면 작업이 허용되지 않습니다.

             Date : 2003년 9월 23일 월요일

             Time : 오전 9:45:56
━━━━━━━━━━━━━━━━━━━━━━━━━━━━━━━━━━━━━━━━
        Procedure : clsCommon - Public Function Get_TestItemList() As ADODB.Recordset

     Error Source : ADODB.Connection

     Error Number : 3704

Error Description : 개체가 닫혀있으면 작업이 허용되지 않습니다.

             Date : 2003년 9월 23일 월요일

             Time : 오전 9:45:57
━━━━━━━━━━━━━━━━━━━━━━━━━━━━━━━━━━━━━━━━
        Procedure : clsCommon - Public Function Get_TestItemList() As ADODB.Recordset

     Error Source : ADODB.Connection

     Error Number : 3704

Error Description : 개체가 닫혀있으면 작업이 허용되지 않습니다.

             Date : 2003년 9월 23일 월요일

             Time : 오전 9:45:57
━━━━━━━━━━━━━━━━━━━━━━━━━━━━━━━━━━━━━━━━
        Procedure : clsCommon - Public Function Get_TestItemList() As ADODB.Recordset

     Error Source : ADODB.Connection

     Error Number : 3704

Error Description : 개체가 닫혀있으면 작업이 허용되지 않습니다.

             Date : 2003년 9월 23일 월요일

             Time : 오전 9:45:58
━━━━━━━━━━━━━━━━━━━━━━━━━━━━━━━━━━━━━━━━
        Procedure : clsCommon - Public Function Get_TestItemList() As ADODB.Recordset

     Error Source : ADODB.Connection

     Error Number : 3704

Error Description : 개체가 닫혀있으면 작업이 허용되지 않습니다.

             Date : 2003년 9월 23일 월요일

             Time : 오전 9:45:58
━━━━━━━━━━━━━━━━━━━━━━━━━━━━━━━━━━━━━━━━
        Procedure : clsCommon - Public Function Get_TestItemList() As ADODB.Recordset

     Error Source : ADODB.Connection

     Error Number : 3704

Error Description : 개체가 닫혀있으면 작업이 허용되지 않습니다.

             Date : 2003년 9월 23일 월요일

             Time : 오전 9:45:59
━━━━━━━━━━━━━━━━━━━━━━━━━━━━━━━━━━━━━━━━
        Procedure : clsCommon - Public Function Get_TestItemList() As ADODB.Recordset

     Error Source : ADODB.Connection

     Error Number : 3704

Error Description : 개체가 닫혀있으면 작업이 허용되지 않습니다.

             Date : 2003년 9월 23일 월요일

             Time : 오전 9:45:59
━━━━━━━━━━━━━━━━━━━━━━━━━━━━━━━━━━━━━━━━
        Procedure : clsCommon - Public Function Get_TestItemList() As ADODB.Recordset

     Error Source : ADODB.Connection

     Error Number : 3704

Error Description : 개체가 닫혀있으면 작업이 허용되지 않습니다.

             Date : 2003년 9월 23일 월요일

             Time : 오전 9:45:59
━━━━━━━━━━━━━━━━━━━━━━━━━━━━━━━━━━━━━━━━
        Procedure : clsCommon - Public Function Get_TestItemList() As ADODB.Recordset

     Error Source : ADODB.Connection

     Error Number : 3704

Error Description : 개체가 닫혀있으면 작업이 허용되지 않습니다.

             Date : 2003년 9월 23일 월요일

             Time : 오전 9:45:59
━━━━━━━━━━━━━━━━━━━━━━━━━━━━━━━━━━━━━━━━
        Procedure : clsCommon - Public Function Get_TestItemList() As ADODB.Recordset

     Error Source : ADODB.Connection

     Error Number : 3704

Error Description : 개체가 닫혀있으면 작업이 허용되지 않습니다.

             Date : 2003년 9월 23일 월요일

             Time : 오전 9:46:00
━━━━━━━━━━━━━━━━━━━━━━━━━━━━━━━━━━━━━━━━
        Procedure : clsCommon - Public Function Get_TestItemList() As ADODB.Recordset

     Error Source : ADODB.Connection

     Error Number : 3704

Error Description : 개체가 닫혀있으면 작업이 허용되지 않습니다.

             Date : 2003년 9월 23일 월요일

             Time : 오전 9:46:00
━━━━━━━━━━━━━━━━━━━━━━━━━━━━━━━━━━━━━━━━
        Procedure : clsCommon - Public Function Get_TestItemList() As ADODB.Recordset

     Error Source : ADODB.Connection

     Error Number : 3704

Error Description : 개체가 닫혀있으면 작업이 허용되지 않습니다.

             Date : 2003년 9월 23일 월요일

             Time : 오전 9:46:00
━━━━━━━━━━━━━━━━━━━━━━━━━━━━━━━━━━━━━━━━
        Procedure : clsCommon - Public Function Get_TestItemList() As ADODB.Recordset

     Error Source : ADODB.Connection

     Error Number : 3704

Error Description : 개체가 닫혀있으면 작업이 허용되지 않습니다.

             Date : 2003년 9월 23일 월요일

             Time : 오전 9:46:00
━━━━━━━━━━━━━━━━━━━━━━━━━━━━━━━━━━━━━━━━
        Procedure : clsCommon - Public Function Get_TestItemList() As ADODB.Recordset

     Error Source : ADODB.Connection

     Error Number : 3704

Error Description : 개체가 닫혀있으면 작업이 허용되지 않습니다.

             Date : 2003년 9월 23일 월요일

             Time : 오전 9:46:00
━━━━━━━━━━━━━━━━━━━━━━━━━━━━━━━━━━━━━━━━
        Procedure : clsCommon - Public Function Get_TestItemList() As ADODB.Recordset

     Error Source : ADODB.Connection

     Error Number : 3704

Error Description : 개체가 닫혀있으면 작업이 허용되지 않습니다.

             Date : 2003년 9월 23일 월요일

             Time : 오전 9:46:01
━━━━━━━━━━━━━━━━━━━━━━━━━━━━━━━━━━━━━━━━
        Procedure : clsCommon - Public Function Get_TestItemList() As ADODB.Recordset

     Error Source : ADODB.Connection

     Error Number : 3704

Error Description : 개체가 닫혀있으면 작업이 허용되지 않습니다.

             Date : 2003년 9월 23일 월요일

             Time : 오전 9:46:01
━━━━━━━━━━━━━━━━━━━━━━━━━━━━━━━━━━━━━━━━
        Procedure : clsCommon - Public Function Get_TestItemList() As ADODB.Recordset

     Error Source : ADODB.Connection

     Error Number : 3704

Error Description : 개체가 닫혀있으면 작업이 허용되지 않습니다.

             Date : 2003년 9월 23일 월요일

             Time : 오전 9:46:01
━━━━━━━━━━━━━━━━━━━━━━━━━━━━━━━━━━━━━━━━
        Procedure : clsCommon - Public Function Get_TestItemList() As ADODB.Recordset

     Error Source : ADODB.Connection

     Error Number : 3704

Error Description : 개체가 닫혀있으면 작업이 허용되지 않습니다.

             Date : 2003년 9월 23일 월요일

             Time : 오전 9:46:01
━━━━━━━━━━━━━━━━━━━━━━━━━━━━━━━━━━━━━━━━
        Procedure : clsCommon - Public Function Get_TestItemList() As ADODB.Recordset

     Error Source : ADODB.Connection

     Error Number : 3704

Error Description : 개체가 닫혀있으면 작업이 허용되지 않습니다.

             Date : 2003년 9월 23일 월요일

             Time : 오전 9:46:01
━━━━━━━━━━━━━━━━━━━━━━━━━━━━━━━━━━━━━━━━
        Procedure : clsCommon - Public Function Get_TestItemList() As ADODB.Recordset

     Error Source : ADODB.Connection

     Error Number : 3704

Error Description : 개체가 닫혀있으면 작업이 허용되지 않습니다.

             Date : 2003년 9월 23일 월요일

             Time : 오전 9:46:01
━━━━━━━━━━━━━━━━━━━━━━━━━━━━━━━━━━━━━━━━
        Procedure : clsCommon - Public Function Get_TestItemList() As ADODB.Recordset

     Error Source : ADODB.Connection

     Error Number : 3704

Error Description : 개체가 닫혀있으면 작업이 허용되지 않습니다.

             Date : 2003년 9월 23일 월요일

             Time : 오전 9:46:02
━━━━━━━━━━━━━━━━━━━━━━━━━━━━━━━━━━━━━━━━
        Procedure : clsCommon - Public Function Get_TestItemList() As ADODB.Recordset

     Error Source : ADODB.Connection

     Error Number : 3704

Error Description : 개체가 닫혀있으면 작업이 허용되지 않습니다.

             Date : 2003년 9월 23일 월요일

             Time : 오전 9:46:02
━━━━━━━━━━━━━━━━━━━━━━━━━━━━━━━━━━━━━━━━
        Procedure : clsCommon - Public Function Get_TestItemList() As ADODB.Recordset

     Error Source : ADODB.Connection

     Error Number : 3704

Error Description : 개체가 닫혀있으면 작업이 허용되지 않습니다.

             Date : 2003년 9월 23일 월요일

             Time : 오전 9:46:02
━━━━━━━━━━━━━━━━━━━━━━━━━━━━━━━━━━━━━━━━
        Procedure : clsCommon - Public Function Get_TestItemList() As ADODB.Recordset

     Error Source : ADODB.Connection

     Error Number : 3704

Error Description : 개체가 닫혀있으면 작업이 허용되지 않습니다.

             Date : 2003년 9월 23일 월요일

             Time : 오전 9:46:02
━━━━━━━━━━━━━━━━━━━━━━━━━━━━━━━━━━━━━━━━
        Procedure : clsCommon - Public Function Get_TestItemList() As ADODB.Recordset

     Error Source : ADODB.Connection

     Error Number : 3704

Error Description : 개체가 닫혀있으면 작업이 허용되지 않습니다.

             Date : 2003년 9월 23일 월요일

             Time : 오전 9:46:02
━━━━━━━━━━━━━━━━━━━━━━━━━━━━━━━━━━━━━━━━
        Procedure : clsCommon - Public Function Get_TestItemList() As ADODB.Recordset

     Error Source : ADODB.Connection

     Error Number : 3704

Error Description : 개체가 닫혀있으면 작업이 허용되지 않습니다.

             Date : 2003년 9월 23일 월요일

             Time : 오전 9:46:03
━━━━━━━━━━━━━━━━━━━━━━━━━━━━━━━━━━━━━━━━
        Procedure : clsCommon - Public Function Get_TestItemList() As ADODB.Recordset

     Error Source : ADODB.Connection

     Error Number : 3704

Error Description : 개체가 닫혀있으면 작업이 허용되지 않습니다.

             Date : 2003년 9월 23일 월요일

             Time : 오전 9:46:03
━━━━━━━━━━━━━━━━━━━━━━━━━━━━━━━━━━━━━━━━
        Procedure : clsCommon - Public Function Get_TestItemList() As ADODB.Recordset

     Error Source : ADODB.Connection

     Error Number : 3704

Error Description : 개체가 닫혀있으면 작업이 허용되지 않습니다.

             Date : 2003년 9월 23일 월요일

             Time : 오전 9:46:03
━━━━━━━━━━━━━━━━━━━━━━━━━━━━━━━━━━━━━━━━
        Procedure : clsCommon - Public Function Get_TestItemList() As ADODB.Recordset

     Error Source : ADODB.Connection

     Error Number : 3704

Error Description : 개체가 닫혀있으면 작업이 허용되지 않습니다.

             Date : 2003년 9월 23일 월요일

             Time : 오전 9:46:03
━━━━━━━━━━━━━━━━━━━━━━━━━━━━━━━━━━━━━━━━
        Procedure : clsCommon - Public Function Get_TestItemList() As ADODB.Recordset

     Error Source : ADODB.Connection

     Error Number : 3704

Error Description : 개체가 닫혀있으면 작업이 허용되지 않습니다.

             Date : 2003년 9월 23일 월요일

             Time : 오전 9:46:03
━━━━━━━━━━━━━━━━━━━━━━━━━━━━━━━━━━━━━━━━
        Procedure : clsCommon - Public Function Get_TestItemList() As ADODB.Recordset

     Error Source : ADODB.Connection

     Error Number : 3704

Error Description : 개체가 닫혀있으면 작업이 허용되지 않습니다.

             Date : 2003년 9월 23일 월요일

             Time : 오전 9:46:03
━━━━━━━━━━━━━━━━━━━━━━━━━━━━━━━━━━━━━━━━
        Procedure : clsCommon - Public Function Get_TestItemList() As ADODB.Recordset

     Error Source : ADODB.Connection

     Error Number : 3704

Error Description : 개체가 닫혀있으면 작업이 허용되지 않습니다.

             Date : 2003년 9월 23일 월요일

             Time : 오전 9:46:04
━━━━━━━━━━━━━━━━━━━━━━━━━━━━━━━━━━━━━━━━
        Procedure : clsCommon - Public Function Get_TestItemList() As ADODB.Recordset

     Error Source : ADODB.Connection

     Error Number : 3704

Error Description : 개체가 닫혀있으면 작업이 허용되지 않습니다.

             Date : 2003년 9월 23일 월요일

             Time : 오전 9:46:04
━━━━━━━━━━━━━━━━━━━━━━━━━━━━━━━━━━━━━━━━
        Procedure : clsCommon - Public Function Get_TestItemList() As ADODB.Recordset

     Error Source : ADODB.Connection

     Error Number : 3704

Error Description : 개체가 닫혀있으면 작업이 허용되지 않습니다.

             Date : 2003년 9월 23일 월요일

             Time : 오전 9:46:04
━━━━━━━━━━━━━━━━━━━━━━━━━━━━━━━━━━━━━━━━
        Procedure : clsCommon - Public Function Get_TestItemList() As ADODB.Recordset

     Error Source : ADODB.Connection

     Error Number : 3704

Error Description : 개체가 닫혀있으면 작업이 허용되지 않습니다.

             Date : 2003년 9월 23일 월요일

             Time : 오전 9:46:04
━━━━━━━━━━━━━━━━━━━━━━━━━━━━━━━━━━━━━━━━
        Procedure : clsCommon - Public Function Get_TestItemList() As ADODB.Recordset

     Error Source : ADODB.Connection

     Error Number : 3704

Error Description : 개체가 닫혀있으면 작업이 허용되지 않습니다.

             Date : 2003년 9월 23일 월요일

             Time : 오전 9:46:04
━━━━━━━━━━━━━━━━━━━━━━━━━━━━━━━━━━━━━━━━
        Procedure : clsCommon - Public Function Get_TestItemList() As ADODB.Recordset

     Error Source : ADODB.Connection

     Error Number : 3704

Error Description : 개체가 닫혀있으면 작업이 허용되지 않습니다.

             Date : 2003년 9월 23일 월요일

             Time : 오전 9:46:05
━━━━━━━━━━━━━━━━━━━━━━━━━━━━━━━━━━━━━━━━
        Procedure : clsCommon - Public Function Get_TestItemList() As ADODB.Recordset

     Error Source : ADODB.Connection

     Error Number : 3704

Error Description : 개체가 닫혀있으면 작업이 허용되지 않습니다.

             Date : 2003년 9월 23일 월요일

             Time : 오전 9:46:05
━━━━━━━━━━━━━━━━━━━━━━━━━━━━━━━━━━━━━━━━
        Procedure : clsCommon - Public Function Get_TestItemList() As ADODB.Recordset

     Error Source : ADODB.Connection

     Error Number : 3704

Error Description : 개체가 닫혀있으면 작업이 허용되지 않습니다.

             Date : 2003년 9월 23일 월요일

             Time : 오전 9:46:05
━━━━━━━━━━━━━━━━━━━━━━━━━━━━━━━━━━━━━━━━
        Procedure : clsCommon - Public Function Get_TestItemList() As ADODB.Recordset

     Error Source : ADODB.Connection

     Error Number : 3704

Error Description : 개체가 닫혀있으면 작업이 허용되지 않습니다.

             Date : 2003년 9월 23일 월요일

             Time : 오전 9:46:05
━━━━━━━━━━━━━━━━━━━━━━━━━━━━━━━━━━━━━━━━
        Procedure : clsCommon - Public Function Get_TestItemList() As ADODB.Recordset

     Error Source : ADODB.Connection

     Error Number : 3704

Error Description : 개체가 닫혀있으면 작업이 허용되지 않습니다.

             Date : 2003년 9월 23일 월요일

             Time : 오전 9:46:05
━━━━━━━━━━━━━━━━━━━━━━━━━━━━━━━━━━━━━━━━
        Procedure : clsCommon - Public Function Get_TestItemList() As ADODB.Recordset

     Error Source : ADODB.Connection

     Error Number : 3704

Error Description : 개체가 닫혀있으면 작업이 허용되지 않습니다.

             Date : 2003년 9월 23일 월요일

             Time : 오전 9:46:05
━━━━━━━━━━━━━━━━━━━━━━━━━━━━━━━━━━━━━━━━
        Procedure : clsCommon - Public Function Get_TestItemList() As ADODB.Recordset

     Error Source : ADODB.Connection

     Error Number : 3704

Error Description : 개체가 닫혀있으면 작업이 허용되지 않습니다.

             Date : 2003년 9월 23일 월요일

             Time : 오전 9:46:06
━━━━━━━━━━━━━━━━━━━━━━━━━━━━━━━━━━━━━━━━
        Procedure : clsCommon - Public Function Get_TestItemList() As ADODB.Recordset

     Error Source : ADODB.Connection

     Error Number : 3704

Error Description : 개체가 닫혀있으면 작업이 허용되지 않습니다.

             Date : 2003년 9월 23일 월요일

             Time : 오전 9:46:06
━━━━━━━━━━━━━━━━━━━━━━━━━━━━━━━━━━━━━━━━
        Procedure : clsCommon - Public Function Get_TestItemList() As ADODB.Recordset

     Error Source : ADODB.Connection

     Error Number : 3704

Error Description : 개체가 닫혀있으면 작업이 허용되지 않습니다.

             Date : 2003년 9월 23일 월요일

             Time : 오전 9:46:06
━━━━━━━━━━━━━━━━━━━━━━━━━━━━━━━━━━━━━━━━
        Procedure : clsCommon - Public Function Get_TestItemList() As ADODB.Recordset

     Error Source : ADODB.Connection

     Error Number : 3704

Error Description : 개체가 닫혀있으면 작업이 허용되지 않습니다.

             Date : 2003년 9월 23일 월요일

             Time : 오전 9:46:06
━━━━━━━━━━━━━━━━━━━━━━━━━━━━━━━━━━━━━━━━
        Procedure : clsCommon - Public Function Get_TestItemList() As ADODB.Recordset

     Error Source : ADODB.Connection

     Error Number : 3704

Error Description : 개체가 닫혀있으면 작업이 허용되지 않습니다.

             Date : 2003년 9월 23일 월요일

             Time : 오전 9:46:07
━━━━━━━━━━━━━━━━━━━━━━━━━━━━━━━━━━━━━━━━
        Procedure : clsCommon - Public Function Get_TestItemList() As ADODB.Recordset

     Error Source : ADODB.Connection

     Error Number : 3704

Error Description : 개체가 닫혀있으면 작업이 허용되지 않습니다.

             Date : 2003년 9월 23일 월요일

             Time : 오전 9:46:08
━━━━━━━━━━━━━━━━━━━━━━━━━━━━━━━━━━━━━━━━
        Procedure : clsCommon - Public Function Get_TestItemList() As ADODB.Recordset

     Error Source : ADODB.Connection

     Error Number : 3704

Error Description : 개체가 닫혀있으면 작업이 허용되지 않습니다.

             Date : 2003년 9월 23일 월요일

             Time : 오전 9:46:08
━━━━━━━━━━━━━━━━━━━━━━━━━━━━━━━━━━━━━━━━
        Procedure : clsCommon - Public Function Get_TestItemList() As ADODB.Recordset

     Error Source : ADODB.Connection

     Error Number : 3704

Error Description : 개체가 닫혀있으면 작업이 허용되지 않습니다.

             Date : 2003년 9월 23일 월요일

             Time : 오전 9:46:08
━━━━━━━━━━━━━━━━━━━━━━━━━━━━━━━━━━━━━━━━
        Procedure : clsCommon - Public Function Get_TestItemList() As ADODB.Recordset

     Error Source : ADODB.Connection

     Error Number : 3704

Error Description : 개체가 닫혀있으면 작업이 허용되지 않습니다.

             Date : 2003년 9월 23일 월요일

             Time : 오전 9:46:08
━━━━━━━━━━━━━━━━━━━━━━━━━━━━━━━━━━━━━━━━
        Procedure : clsCommon - Public Function Get_TestItemList() As ADODB.Recordset

     Error Source : ADODB.Connection

     Error Number : 3704

Error Description : 개체가 닫혀있으면 작업이 허용되지 않습니다.

             Date : 2003년 9월 23일 월요일

             Time : 오전 9:46:08
━━━━━━━━━━━━━━━━━━━━━━━━━━━━━━━━━━━━━━━━
        Procedure : clsCommon - Public Function Get_TestItemList() As ADODB.Recordset

     Error Source : ADODB.Connection

     Error Number : 3704

Error Description : 개체가 닫혀있으면 작업이 허용되지 않습니다.

             Date : 2003년 9월 23일 월요일

             Time : 오전 9:46:08
━━━━━━━━━━━━━━━━━━━━━━━━━━━━━━━━━━━━━━━━
        Procedure : clsCommon - Public Function Get_TestItemList() As ADODB.Recordset

     Error Source : ADODB.Connection

     Error Number : 3704

Error Description : 개체가 닫혀있으면 작업이 허용되지 않습니다.

             Date : 2003년 9월 23일 월요일

             Time : 오전 9:46:08
━━━━━━━━━━━━━━━━━━━━━━━━━━━━━━━━━━━━━━━━
        Procedure : clsCommon - Public Function Get_TestItemList() As ADODB.Recordset

     Error Source : ADODB.Connection

     Error Number : 3704

Error Description : 개체가 닫혀있으면 작업이 허용되지 않습니다.

             Date : 2003년 9월 23일 월요일

             Time : 오전 9:46:09
━━━━━━━━━━━━━━━━━━━━━━━━━━━━━━━━━━━━━━━━
        Procedure : clsCommon - Public Function Get_TestItemList() As ADODB.Recordset

     Error Source : ADODB.Connection

     Error Number : 3704

Error Description : 개체가 닫혀있으면 작업이 허용되지 않습니다.

             Date : 2003년 9월 23일 월요일

             Time : 오전 9:46:09
━━━━━━━━━━━━━━━━━━━━━━━━━━━━━━━━━━━━━━━━
        Procedure : clsCommon - Public Function Get_TestItemList() As ADODB.Recordset

     Error Source : ADODB.Connection

     Error Number : 3704

Error Description : 개체가 닫혀있으면 작업이 허용되지 않습니다.

             Date : 2003년 9월 23일 월요일

             Time : 오전 9:46:09
━━━━━━━━━━━━━━━━━━━━━━━━━━━━━━━━━━━━━━━━
        Procedure : clsCommon - Public Function Get_TestItemList() As ADODB.Recordset

     Error Source : ADODB.Connection

     Error Number : 3704

Error Description : 개체가 닫혀있으면 작업이 허용되지 않습니다.

             Date : 2003년 9월 23일 월요일

             Time : 오전 9:46:09
━━━━━━━━━━━━━━━━━━━━━━━━━━━━━━━━━━━━━━━━
        Procedure : clsCommon - Public Function Get_TestItemList() As ADODB.Recordset

     Error Source : ADODB.Connection

     Error Number : 3704

Error Description : 개체가 닫혀있으면 작업이 허용되지 않습니다.

             Date : 2003년 9월 23일 월요일

             Time : 오전 9:46:09
━━━━━━━━━━━━━━━━━━━━━━━━━━━━━━━━━━━━━━━━
        Procedure : clsCommon - Public Function Get_TestItemList() As ADODB.Recordset

     Error Source : ADODB.Connection

     Error Number : 3704

Error Description : 개체가 닫혀있으면 작업이 허용되지 않습니다.

             Date : 2003년 9월 23일 월요일

             Time : 오전 9:46:09
━━━━━━━━━━━━━━━━━━━━━━━━━━━━━━━━━━━━━━━━
        Procedure : clsCommon - Public Function Get_TestItemList() As ADODB.Recordset

     Error Source : ADODB.Connection

     Error Number : 3704

Error Description : 개체가 닫혀있으면 작업이 허용되지 않습니다.

             Date : 2003년 9월 23일 월요일

             Time : 오전 9:46:09
━━━━━━━━━━━━━━━━━━━━━━━━━━━━━━━━━━━━━━━━
        Procedure : clsCommon - Public Function Get_TestItemList() As ADODB.Recordset

     Error Source : ADODB.Connection

     Error Number : 3704

Error Description : 개체가 닫혀있으면 작업이 허용되지 않습니다.

             Date : 2003년 9월 23일 월요일

             Time : 오전 9:46:09
━━━━━━━━━━━━━━━━━━━━━━━━━━━━━━━━━━━━━━━━
        Procedure : clsCommon - Public Function Get_TestItemList() As ADODB.Recordset

     Error Source : ADODB.Connection

     Error Number : 3704

Error Description : 개체가 닫혀있으면 작업이 허용되지 않습니다.

             Date : 2003년 9월 23일 월요일

             Time : 오전 9:46:10
━━━━━━━━━━━━━━━━━━━━━━━━━━━━━━━━━━━━━━━━
        Procedure : clsCommon - Public Function Get_TestItemList() As ADODB.Recordset

     Error Source : ADODB.Connection

     Error Number : 3704

Error Description : 개체가 닫혀있으면 작업이 허용되지 않습니다.

             Date : 2003년 9월 23일 월요일

             Time : 오전 9:46:10
━━━━━━━━━━━━━━━━━━━━━━━━━━━━━━━━━━━━━━━━
        Procedure : clsCommon - Public Function Get_TestItemList() As ADODB.Recordset

     Error Source : ADODB.Connection

     Error Number : 3704

Error Description : 개체가 닫혀있으면 작업이 허용되지 않습니다.

             Date : 2003년 9월 23일 월요일

             Time : 오전 9:46:10
━━━━━━━━━━━━━━━━━━━━━━━━━━━━━━━━━━━━━━━━
        Procedure : clsCommon - Public Function Get_TestItemList() As ADODB.Recordset

     Error Source : ADODB.Connection

     Error Number : 3704

Error Description : 개체가 닫혀있으면 작업이 허용되지 않습니다.

             Date : 2003년 9월 23일 월요일

             Time : 오전 9:46:10
━━━━━━━━━━━━━━━━━━━━━━━━━━━━━━━━━━━━━━━━
        Procedure : clsCommon - Public Function Get_TestItemList() As ADODB.Recordset

     Error Source : ADODB.Connection

     Error Number : 3704

Error Description : 개체가 닫혀있으면 작업이 허용되지 않습니다.

             Date : 2003년 9월 23일 월요일

             Time : 오전 9:46:10
━━━━━━━━━━━━━━━━━━━━━━━━━━━━━━━━━━━━━━━━
        Procedure : clsCommon - Public Function Get_TestItemList() As ADODB.Recordset

     Error Source : ADODB.Connection

     Error Number : 3704

Error Description : 개체가 닫혀있으면 작업이 허용되지 않습니다.

             Date : 2003년 9월 23일 월요일

             Time : 오전 9:46:10
━━━━━━━━━━━━━━━━━━━━━━━━━━━━━━━━━━━━━━━━
        Procedure : clsCommon - Public Function Get_TestItemList() As ADODB.Recordset

     Error Source : ADODB.Connection

     Error Number : 3704

Error Description : 개체가 닫혀있으면 작업이 허용되지 않습니다.

             Date : 2003년 9월 23일 월요일

             Time : 오전 9:46:10
━━━━━━━━━━━━━━━━━━━━━━━━━━━━━━━━━━━━━━━━
        Procedure : clsCommon - Public Function Get_TestItemList() As ADODB.Recordset

     Error Source : ADODB.Connection

     Error Number : 3704

Error Description : 개체가 닫혀있으면 작업이 허용되지 않습니다.

             Date : 2003년 9월 23일 월요일

             Time : 오전 9:46:10
━━━━━━━━━━━━━━━━━━━━━━━━━━━━━━━━━━━━━━━━
        Procedure : clsCommon - Public Function Get_TestItemList() As ADODB.Recordset

     Error Source : ADODB.Connection

     Error Number : 3704

Error Description : 개체가 닫혀있으면 작업이 허용되지 않습니다.

             Date : 2003년 9월 23일 월요일

             Time : 오전 9:46:10
━━━━━━━━━━━━━━━━━━━━━━━━━━━━━━━━━━━━━━━━
        Procedure : clsCommon - Public Function Get_TestItemList() As ADODB.Recordset

     Error Source : ADODB.Connection

     Error Number : 3704

Error Description : 개체가 닫혀있으면 작업이 허용되지 않습니다.

             Date : 2003년 9월 23일 월요일

             Time : 오전 9:46:11
━━━━━━━━━━━━━━━━━━━━━━━━━━━━━━━━━━━━━━━━
        Procedure : clsCommon - Public Function Get_TestItemList() As ADODB.Recordset

     Error Source : ADODB.Connection

     Error Number : 3704

Error Description : 개체가 닫혀있으면 작업이 허용되지 않습니다.

             Date : 2003년 9월 23일 월요일

             Time : 오전 9:46:11
━━━━━━━━━━━━━━━━━━━━━━━━━━━━━━━━━━━━━━━━
        Procedure : clsCommon - Public Function Get_TestItemList() As ADODB.Recordset

     Error Source : ADODB.Connection

     Error Number : 3704

Error Description : 개체가 닫혀있으면 작업이 허용되지 않습니다.

             Date : 2003년 9월 23일 월요일

             Time : 오전 9:46:11
━━━━━━━━━━━━━━━━━━━━━━━━━━━━━━━━━━━━━━━━
        Procedure : clsCommon - Public Function Get_TestItemList() As ADODB.Recordset

     Error Source : ADODB.Connection

     Error Number : 3704

Error Description : 개체가 닫혀있으면 작업이 허용되지 않습니다.

             Date : 2003년 9월 23일 월요일

             Time : 오전 9:46:11
━━━━━━━━━━━━━━━━━━━━━━━━━━━━━━━━━━━━━━━━
        Procedure : clsCommon - Public Function Get_TestItemList() As ADODB.Recordset

     Error Source : ADODB.Connection

     Error Number : 3704

Error Description : 개체가 닫혀있으면 작업이 허용되지 않습니다.

             Date : 2003년 9월 23일 월요일

             Time : 오전 9:46:11
━━━━━━━━━━━━━━━━━━━━━━━━━━━━━━━━━━━━━━━━
        Procedure : clsCommon - Public Function Get_TestItemList() As ADODB.Recordset

     Error Source : ADODB.Connection

     Error Number : 3704

Error Description : 개체가 닫혀있으면 작업이 허용되지 않습니다.

             Date : 2003년 9월 23일 월요일

             Time : 오전 9:46:11
━━━━━━━━━━━━━━━━━━━━━━━━━━━━━━━━━━━━━━━━
        Procedure : clsCommon - Public Function Get_TestItemList() As ADODB.Recordset

     Error Source : ADODB.Connection

     Error Number : 3704

Error Description : 개체가 닫혀있으면 작업이 허용되지 않습니다.

             Date : 2003년 9월 23일 월요일

             Time : 오전 9:46:11
━━━━━━━━━━━━━━━━━━━━━━━━━━━━━━━━━━━━━━━━
        Procedure : clsCommon - Public Function Get_TestItemList() As ADODB.Recordset

     Error Source : ADODB.Connection

     Error Number : 3704

Error Description : 개체가 닫혀있으면 작업이 허용되지 않습니다.

             Date : 2003년 9월 23일 월요일

             Time : 오전 9:46:11
━━━━━━━━━━━━━━━━━━━━━━━━━━━━━━━━━━━━━━━━
        Procedure : clsCommon - Public Function Get_TestItemList() As ADODB.Recordset

     Error Source : ADODB.Connection

     Error Number : 3704

Error Description : 개체가 닫혀있으면 작업이 허용되지 않습니다.

             Date : 2003년 9월 23일 월요일

             Time : 오전 9:46:12
━━━━━━━━━━━━━━━━━━━━━━━━━━━━━━━━━━━━━━━━
        Procedure : clsCommon - Public Function Get_TestItemList() As ADODB.Recordset

     Error Source : ADODB.Connection

     Error Number : 3704

Error Description : 개체가 닫혀있으면 작업이 허용되지 않습니다.

             Date : 2003년 9월 23일 월요일

             Time : 오전 9:46:12
━━━━━━━━━━━━━━━━━━━━━━━━━━━━━━━━━━━━━━━━
        Procedure : clsCommon - Public Function Get_TestItemList() As ADODB.Recordset

     Error Source : ADODB.Connection

     Error Number : 3704

Error Description : 개체가 닫혀있으면 작업이 허용되지 않습니다.

             Date : 2003년 9월 23일 월요일

             Time : 오전 9:46:12
━━━━━━━━━━━━━━━━━━━━━━━━━━━━━━━━━━━━━━━━
        Procedure : clsCommon - Public Function Get_TestItemList() As ADODB.Recordset

     Error Source : ADODB.Connection

     Error Number : 3704

Error Description : 개체가 닫혀있으면 작업이 허용되지 않습니다.

             Date : 2003년 9월 23일 월요일

             Time : 오전 9:46:12
━━━━━━━━━━━━━━━━━━━━━━━━━━━━━━━━━━━━━━━━
        Procedure : clsCommon - Public Function Get_TestItemList() As ADODB.Recordset

     Error Source : ADODB.Connection

     Error Number : 3704

Error Description : 개체가 닫혀있으면 작업이 허용되지 않습니다.

             Date : 2003년 9월 23일 월요일

             Time : 오전 9:46:12
━━━━━━━━━━━━━━━━━━━━━━━━━━━━━━━━━━━━━━━━
        Procedure : clsCommon - Public Function Get_TestItemList() As ADODB.Recordset

     Error Source : ADODB.Connection

     Error Number : 3704

Error Description : 개체가 닫혀있으면 작업이 허용되지 않습니다.

             Date : 2003년 9월 23일 월요일

             Time : 오전 9:46:12
━━━━━━━━━━━━━━━━━━━━━━━━━━━━━━━━━━━━━━━━
        Procedure : clsCommon - Public Function Get_TestItemList() As ADODB.Recordset

     Error Source : ADODB.Connection

     Error Number : 3704

Error Description : 개체가 닫혀있으면 작업이 허용되지 않습니다.

             Date : 2003년 9월 23일 월요일

             Time : 오전 9:46:12
━━━━━━━━━━━━━━━━━━━━━━━━━━━━━━━━━━━━━━━━
        Procedure : clsCommon - Public Function Get_TestItemList() As ADODB.Recordset

     Error Source : ADODB.Connection

     Error Number : 3704

Error Description : 개체가 닫혀있으면 작업이 허용되지 않습니다.

             Date : 2003년 9월 23일 월요일

             Time : 오전 9:46:12
━━━━━━━━━━━━━━━━━━━━━━━━━━━━━━━━━━━━━━━━
        Procedure : clsCommon - Public Function Get_TestItemList() As ADODB.Recordset

     Error Source : ADODB.Connection

     Error Number : 3704

Error Description : 개체가 닫혀있으면 작업이 허용되지 않습니다.

             Date : 2003년 9월 23일 월요일

             Time : 오전 9:46:13
━━━━━━━━━━━━━━━━━━━━━━━━━━━━━━━━━━━━━━━━
        Procedure : clsCommon - Public Function Get_TestItemList() As ADODB.Recordset

     Error Source : ADODB.Connection

     Error Number : 3704

Error Description : 개체가 닫혀있으면 작업이 허용되지 않습니다.

             Date : 2003년 9월 23일 월요일

             Time : 오전 9:46:13
━━━━━━━━━━━━━━━━━━━━━━━━━━━━━━━━━━━━━━━━
        Procedure : clsCommon - Public Function Get_TestItemList() As ADODB.Recordset

     Error Source : ADODB.Connection

     Error Number : 3704

Error Description : 개체가 닫혀있으면 작업이 허용되지 않습니다.

             Date : 2003년 9월 23일 월요일

             Time : 오전 9:46:13
━━━━━━━━━━━━━━━━━━━━━━━━━━━━━━━━━━━━━━━━
        Procedure : clsCommon - Public Function Get_TestItemList() As ADODB.Recordset

     Error Source : ADODB.Connection

     Error Number : 3704

Error Description : 개체가 닫혀있으면 작업이 허용되지 않습니다.

             Date : 2003년 9월 23일 월요일

             Time : 오전 9:46:13
━━━━━━━━━━━━━━━━━━━━━━━━━━━━━━━━━━━━━━━━
        Procedure : clsCommon - Public Function Get_TestItemList() As ADODB.Recordset

     Error Source : ADODB.Connection

     Error Number : 3704

Error Description : 개체가 닫혀있으면 작업이 허용되지 않습니다.

             Date : 2003년 9월 23일 월요일

             Time : 오전 9:46:13
━━━━━━━━━━━━━━━━━━━━━━━━━━━━━━━━━━━━━━━━
        Procedure : clsCommon - Public Function Get_TestItemList() As ADODB.Recordset

     Error Source : ADODB.Connection

     Error Number : 3704

Error Description : 개체가 닫혀있으면 작업이 허용되지 않습니다.

             Date : 2003년 9월 23일 월요일

             Time : 오전 9:46:13
━━━━━━━━━━━━━━━━━━━━━━━━━━━━━━━━━━━━━━━━
        Procedure : clsCommon - Public Function Get_TestItemList() As ADODB.Recordset

     Error Source : ADODB.Connection

     Error Number : 3704

Error Description : 개체가 닫혀있으면 작업이 허용되지 않습니다.

             Date : 2003년 9월 23일 월요일

             Time : 오전 9:46:13
━━━━━━━━━━━━━━━━━━━━━━━━━━━━━━━━━━━━━━━━
        Procedure : clsCommon - Public Function Get_TestItemList() As ADODB.Recordset

     Error Source : ADODB.Connection

     Error Number : 3704

Error Description : 개체가 닫혀있으면 작업이 허용되지 않습니다.

             Date : 2003년 9월 23일 월요일

             Time : 오전 9:46:13
━━━━━━━━━━━━━━━━━━━━━━━━━━━━━━━━━━━━━━━━
        Procedure : clsCommon - Public Function Get_TestItemList() As ADODB.Recordset

     Error Source : ADODB.Connection

     Error Number : 3704

Error Description : 개체가 닫혀있으면 작업이 허용되지 않습니다.

             Date : 2003년 9월 23일 월요일

             Time : 오전 9:46:14
━━━━━━━━━━━━━━━━━━━━━━━━━━━━━━━━━━━━━━━━
        Procedure : clsCommon - Public Function Get_TestItemList() As ADODB.Recordset

     Error Source : ADODB.Connection

     Error Number : 3704

Error Description : 개체가 닫혀있으면 작업이 허용되지 않습니다.

             Date : 2003년 9월 23일 월요일

             Time : 오전 9:46:14
━━━━━━━━━━━━━━━━━━━━━━━━━━━━━━━━━━━━━━━━
        Procedure : clsCommon - Public Function Get_TestItemList() As ADODB.Recordset

     Error Source : ADODB.Connection

     Error Number : 3704

Error Description : 개체가 닫혀있으면 작업이 허용되지 않습니다.

             Date : 2003년 9월 23일 월요일

             Time : 오전 9:46:16
━━━━━━━━━━━━━━━━━━━━━━━━━━━━━━━━━━━━━━━━
        Procedure : clsCommon - Public Function Get_TestItemList() As ADODB.Recordset

     Error Source : ADODB.Connection

     Error Number : 3704

Error Description : 개체가 닫혀있으면 작업이 허용되지 않습니다.

             Date : 2003년 9월 23일 월요일

             Time : 오전 9:46:16
━━━━━━━━━━━━━━━━━━━━━━━━━━━━━━━━━━━━━━━━
        Procedure : clsCommon - Public Function Get_TestItemList() As ADODB.Recordset

     Error Source : ADODB.Connection

     Error Number : 3704

Error Description : 개체가 닫혀있으면 작업이 허용되지 않습니다.

             Date : 2003년 9월 23일 월요일

             Time : 오전 9:46:16
━━━━━━━━━━━━━━━━━━━━━━━━━━━━━━━━━━━━━━━━
        Procedure : clsCommon - Public Function Get_TestItemList() As ADODB.Recordset

     Error Source : ADODB.Connection

     Error Number : 3704

Error Description : 개체가 닫혀있으면 작업이 허용되지 않습니다.

             Date : 2003년 9월 23일 월요일

             Time : 오전 9:46:17
━━━━━━━━━━━━━━━━━━━━━━━━━━━━━━━━━━━━━━━━
        Procedure : clsCommon - Public Function Get_TestItemList() As ADODB.Recordset

     Error Source : ADODB.Connection

     Error Number : 3704

Error Description : 개체가 닫혀있으면 작업이 허용되지 않습니다.

             Date : 2003년 9월 23일 월요일

             Time : 오전 9:46:17
━━━━━━━━━━━━━━━━━━━━━━━━━━━━━━━━━━━━━━━━
        Procedure : clsCommon - Public Function Get_TestItemList() As ADODB.Recordset

     Error Source : ADODB.Connection

     Error Number : 3704

Error Description : 개체가 닫혀있으면 작업이 허용되지 않습니다.

             Date : 2003년 9월 23일 월요일

             Time : 오전 9:46:18
━━━━━━━━━━━━━━━━━━━━━━━━━━━━━━━━━━━━━━━━
        Procedure : clsCommon - Public Function Get_TestItemList() As ADODB.Recordset

     Error Source : ADODB.Connection

     Error Number : 3704

Error Description : 개체가 닫혀있으면 작업이 허용되지 않습니다.

             Date : 2003년 9월 23일 월요일

             Time : 오전 9:46:18
━━━━━━━━━━━━━━━━━━━━━━━━━━━━━━━━━━━━━━━━
        Procedure : clsCommon - Public Function Get_TestItemList() As ADODB.Recordset

     Error Source : ADODB.Connection

     Error Number : 3704

Error Description : 개체가 닫혀있으면 작업이 허용되지 않습니다.

             Date : 2003년 9월 23일 월요일

             Time : 오전 9:46:18
━━━━━━━━━━━━━━━━━━━━━━━━━━━━━━━━━━━━━━━━
        Procedure : clsCommon - Public Function Get_TestItemList() As ADODB.Recordset

     Error Source : ADODB.Connection

     Error Number : 3704

Error Description : 개체가 닫혀있으면 작업이 허용되지 않습니다.

             Date : 2003년 9월 23일 월요일

             Time : 오전 9:46:18
━━━━━━━━━━━━━━━━━━━━━━━━━━━━━━━━━━━━━━━━
        Procedure : clsCommon - Public Function Get_TestItemList() As ADODB.Recordset

     Error Source : ADODB.Connection

     Error Number : 3704

Error Description : 개체가 닫혀있으면 작업이 허용되지 않습니다.

             Date : 2003년 9월 23일 월요일

             Time : 오전 9:46:18
━━━━━━━━━━━━━━━━━━━━━━━━━━━━━━━━━━━━━━━━
        Procedure : clsCommon - Public Function Get_TestItemList() As ADODB.Recordset

     Error Source : ADODB.Connection

     Error Number : 3704

Error Description : 개체가 닫혀있으면 작업이 허용되지 않습니다.

             Date : 2003년 9월 23일 월요일

             Time : 오전 9:46:19
━━━━━━━━━━━━━━━━━━━━━━━━━━━━━━━━━━━━━━━━
        Procedure : clsCommon - Public Function Get_TestItemList() As ADODB.Recordset

     Error Source : ADODB.Connection

     Error Number : 3704

Error Description : 개체가 닫혀있으면 작업이 허용되지 않습니다.

             Date : 2003년 9월 23일 월요일

             Time : 오전 9:46:19
━━━━━━━━━━━━━━━━━━━━━━━━━━━━━━━━━━━━━━━━
        Procedure : clsCommon - Public Function Get_TestItemList() As ADODB.Recordset

     Error Source : ADODB.Connection

     Error Number : 3704

Error Description : 개체가 닫혀있으면 작업이 허용되지 않습니다.

             Date : 2003년 9월 23일 월요일

             Time : 오전 9:46:19
━━━━━━━━━━━━━━━━━━━━━━━━━━━━━━━━━━━━━━━━
        Procedure : clsCommon - Public Function Get_TestItemList() As ADODB.Recordset

     Error Source : ADODB.Connection

     Error Number : 3704

Error Description : 개체가 닫혀있으면 작업이 허용되지 않습니다.

             Date : 2003년 9월 23일 월요일

             Time : 오전 9:46:19
━━━━━━━━━━━━━━━━━━━━━━━━━━━━━━━━━━━━━━━━
        Procedure : clsCommon - Public Function Get_TestItemList() As ADODB.Recordset

     Error Source : ADODB.Connection

     Error Number : 3704

Error Description : 개체가 닫혀있으면 작업이 허용되지 않습니다.

             Date : 2003년 9월 23일 월요일

             Time : 오전 9:46:19
━━━━━━━━━━━━━━━━━━━━━━━━━━━━━━━━━━━━━━━━
        Procedure : clsCommon - Public Function Get_TestItemList() As ADODB.Recordset

     Error Source : ADODB.Connection

     Error Number : 3704

Error Description : 개체가 닫혀있으면 작업이 허용되지 않습니다.

             Date : 2003년 9월 23일 월요일

             Time : 오전 9:46:19
━━━━━━━━━━━━━━━━━━━━━━━━━━━━━━━━━━━━━━━━
        Procedure : clsCommon - Public Function Get_TestItemList() As ADODB.Recordset

     Error Source : ADODB.Connection

     Error Number : 3704

Error Description : 개체가 닫혀있으면 작업이 허용되지 않습니다.

             Date : 2003년 9월 23일 월요일

             Time : 오전 9:46:19
━━━━━━━━━━━━━━━━━━━━━━━━━━━━━━━━━━━━━━━━
        Procedure : clsCommon - Public Function Get_TestItemList() As ADODB.Recordset

     Error Source : ADODB.Connection

     Error Number : 3704

Error Description : 개체가 닫혀있으면 작업이 허용되지 않습니다.

             Date : 2003년 9월 23일 월요일

             Time : 오전 9:46:19
━━━━━━━━━━━━━━━━━━━━━━━━━━━━━━━━━━━━━━━━
        Procedure : clsCommon - Public Function Get_TestItemList() As ADODB.Recordset

     Error Source : ADODB.Connection

     Error Number : 3704

Error Description : 개체가 닫혀있으면 작업이 허용되지 않습니다.

             Date : 2003년 9월 23일 월요일

             Time : 오전 9:46:20
━━━━━━━━━━━━━━━━━━━━━━━━━━━━━━━━━━━━━━━━
        Procedure : clsCommon - Public Function Get_TestItemList() As ADODB.Recordset

     Error Source : ADODB.Connection

     Error Number : 3704

Error Description : 개체가 닫혀있으면 작업이 허용되지 않습니다.

             Date : 2003년 9월 23일 월요일

             Time : 오전 9:46:20
━━━━━━━━━━━━━━━━━━━━━━━━━━━━━━━━━━━━━━━━
        Procedure : clsCommon - Public Function Get_TestItemList() As ADODB.Recordset

     Error Source : ADODB.Connection

     Error Number : 3704

Error Description : 개체가 닫혀있으면 작업이 허용되지 않습니다.

             Date : 2003년 9월 23일 월요일

             Time : 오전 9:46:20
━━━━━━━━━━━━━━━━━━━━━━━━━━━━━━━━━━━━━━━━
        Procedure : clsCommon - Public Function Get_TestItemList() As ADODB.Recordset

     Error Source : ADODB.Connection

     Error Number : 3704

Error Description : 개체가 닫혀있으면 작업이 허용되지 않습니다.

             Date : 2003년 9월 23일 월요일

             Time : 오전 9:46:20
━━━━━━━━━━━━━━━━━━━━━━━━━━━━━━━━━━━━━━━━
        Procedure : clsCommon - Public Function Get_TestItemList() As ADODB.Recordset

     Error Source : ADODB.Connection

     Error Number : 3704

Error Description : 개체가 닫혀있으면 작업이 허용되지 않습니다.

             Date : 2003년 9월 23일 월요일

             Time : 오전 9:46:20
━━━━━━━━━━━━━━━━━━━━━━━━━━━━━━━━━━━━━━━━
        Procedure : clsCommon - Public Function Get_TestItemList() As ADODB.Recordset

     Error Source : ADODB.Connection

     Error Number : 3704

Error Description : 개체가 닫혀있으면 작업이 허용되지 않습니다.

             Date : 2003년 9월 23일 월요일

             Time : 오전 9:46:20
━━━━━━━━━━━━━━━━━━━━━━━━━━━━━━━━━━━━━━━━
        Procedure : clsCommon - Public Function Get_TestItemList() As ADODB.Recordset

     Error Source : ADODB.Connection

     Error Number : 3704

Error Description : 개체가 닫혀있으면 작업이 허용되지 않습니다.

             Date : 2003년 9월 23일 월요일

             Time : 오전 9:46:20
━━━━━━━━━━━━━━━━━━━━━━━━━━━━━━━━━━━━━━━━
        Procedure : clsCommon - Public Function Get_TestItemList() As ADODB.Recordset

     Error Source : ADODB.Connection

     Error Number : 3704

Error Description : 개체가 닫혀있으면 작업이 허용되지 않습니다.

             Date : 2003년 9월 23일 월요일

             Time : 오전 9:46:20
━━━━━━━━━━━━━━━━━━━━━━━━━━━━━━━━━━━━━━━━
        Procedure : clsCommon - Public Function Get_TestItemList() As ADODB.Recordset

     Error Source : ADODB.Connection

     Error Number : 3704

Error Description : 개체가 닫혀있으면 작업이 허용되지 않습니다.

             Date : 2003년 9월 23일 월요일

             Time : 오전 9:46:20
━━━━━━━━━━━━━━━━━━━━━━━━━━━━━━━━━━━━━━━━
        Procedure : clsCommon - Public Function Get_TestItemList() As ADODB.Recordset

     Error Source : ADODB.Connection

     Error Number : 3704

Error Description : 개체가 닫혀있으면 작업이 허용되지 않습니다.

             Date : 2003년 9월 23일 월요일

             Time : 오전 9:46:21
━━━━━━━━━━━━━━━━━━━━━━━━━━━━━━━━━━━━━━━━
        Procedure : clsCommon - Public Function Get_TestItemList() As ADODB.Recordset

     Error Source : ADODB.Connection

     Error Number : 3704

Error Description : 개체가 닫혀있으면 작업이 허용되지 않습니다.

             Date : 2003년 9월 23일 월요일

             Time : 오전 9:46:21
━━━━━━━━━━━━━━━━━━━━━━━━━━━━━━━━━━━━━━━━
        Procedure : clsCommon - Public Function Get_TestItemList() As ADODB.Recordset

     Error Source : ADODB.Connection

     Error Number : 3704

Error Description : 개체가 닫혀있으면 작업이 허용되지 않습니다.

             Date : 2003년 9월 23일 월요일

             Time : 오전 9:46:21
━━━━━━━━━━━━━━━━━━━━━━━━━━━━━━━━━━━━━━━━
        Procedure : clsCommon - Public Function Get_TestItemList() As ADODB.Recordset

     Error Source : ADODB.Connection

     Error Number : 3704

Error Description : 개체가 닫혀있으면 작업이 허용되지 않습니다.

             Date : 2003년 9월 23일 월요일

             Time : 오전 9:46:21
━━━━━━━━━━━━━━━━━━━━━━━━━━━━━━━━━━━━━━━━
        Procedure : clsCommon - Public Function Get_TestItemList() As ADODB.Recordset

     Error Source : ADODB.Connection

     Error Number : 3704

Error Description : 개체가 닫혀있으면 작업이 허용되지 않습니다.

             Date : 2003년 9월 23일 월요일

             Time : 오전 9:46:21
━━━━━━━━━━━━━━━━━━━━━━━━━━━━━━━━━━━━━━━━
        Procedure : clsCommon - Public Function Get_TestItemList() As ADODB.Recordset

     Error Source : ADODB.Connection

     Error Number : 3704

Error Description : 개체가 닫혀있으면 작업이 허용되지 않습니다.

             Date : 2003년 9월 23일 월요일

             Time : 오전 9:46:21
━━━━━━━━━━━━━━━━━━━━━━━━━━━━━━━━━━━━━━━━
        Procedure : clsCommon - Public Function Get_TestItemList() As ADODB.Recordset

     Error Source : ADODB.Connection

     Error Number : 3704

Error Description : 개체가 닫혀있으면 작업이 허용되지 않습니다.

             Date : 2003년 9월 23일 월요일

             Time : 오전 9:46:22
━━━━━━━━━━━━━━━━━━━━━━━━━━━━━━━━━━━━━━━━
        Procedure : clsCommon - Public Function Get_TestItemList() As ADODB.Recordset

     Error Source : ADODB.Connection

     Error Number : 3704

Error Description : 개체가 닫혀있으면 작업이 허용되지 않습니다.

             Date : 2003년 9월 23일 월요일

             Time : 오전 9:46:23
━━━━━━━━━━━━━━━━━━━━━━━━━━━━━━━━━━━━━━━━
