    Procedure : clsCommon - Public Function Get_WorkList() As ADODB.Recordset

 Error Number : -2147217865

  Description : Microsoft Jet 데이터베이스 엔진에서 입력 테이블이나 'LIMAS301' 쿼리를 찾을 수 없습니다. 테이블이나 쿼리가 있는지, 이름을 정확히 입력했는지를 확인하십시오.

       Source : Microsoft JET Database Engine

    SQL State : 3078

 Native Error : -524420377

   SQL String : select * from LIMAS301 

         Date : 2003년 6월 5일 월요일

         Time : 오전 7:58:09
━━━━━━━━━━━━━━━━━━━━━━━━━━━━━━━━━━━━━━━━
    Procedure : clsCommon - Public Function Get_WorkList() As ADODB.Recordset

 Error Number : -2147217865

  Description : Microsoft Jet 데이터베이스 엔진에서 입력 테이블이나 'LIMAS301' 쿼리를 찾을 수 없습니다. 테이블이나 쿼리가 있는지, 이름을 정확히 입력했는지를 확인하십시오.

       Source : Microsoft JET Database Engine

    SQL State : 3078

 Native Error : -524420377

   SQL String : select * from LIMAS301 

         Date : 2003년 6월 5일 월요일

         Time : 오전 7:58:35
━━━━━━━━━━━━━━━━━━━━━━━━━━━━━━━━━━━━━━━━
    Procedure : clsCommon - Public Function Get_WorkList() As ADODB.Recordset

 Error Number : -2147217865

  Description : Microsoft Jet 데이터베이스 엔진에서 입력 테이블이나 'LIMAS301' 쿼리를 찾을 수 없습니다. 테이블이나 쿼리가 있는지, 이름을 정확히 입력했는지를 확인하십시오.

       Source : Microsoft JET Database Engine

    SQL State : 3078

 Native Error : -524420377

   SQL String : select * from LIMAS301 

         Date : 2003년 6월 5일 월요일

         Time : 오전 7:58:52
━━━━━━━━━━━━━━━━━━━━━━━━━━━━━━━━━━━━━━━━
    Procedure : clsCommon - Public Function Get_WorkList() As ADODB.Recordset

 Error Number : -2147217865

  Description : Microsoft Jet 데이터베이스 엔진에서 입력 테이블이나 'LIMAS301' 쿼리를 찾을 수 없습니다. 테이블이나 쿼리가 있는지, 이름을 정확히 입력했는지를 확인하십시오.

       Source : Microsoft JET Database Engine

    SQL State : 3078

 Native Error : -524420377

   SQL String : select * from LIMAS301 

         Date : 2003년 6월 5일 월요일

         Time : 오전 8:00:26
━━━━━━━━━━━━━━━━━━━━━━━━━━━━━━━━━━━━━━━━
    Procedure : clsCommon - Public Function Get_WorkList() As ADODB.Recordset

 Error Number : -2147217865

  Description : Microsoft Jet 데이터베이스 엔진에서 입력 테이블이나 'LIMAS301' 쿼리를 찾을 수 없습니다. 테이블이나 쿼리가 있는지, 이름을 정확히 입력했는지를 확인하십시오.

       Source : Microsoft JET Database Engine

    SQL State : 3078

 Native Error : -524420377

   SQL String : select distinct SPCNO from LIMAS301 

         Date : 2003년 6월 5일 월요일

         Time : 오전 8:01:15
━━━━━━━━━━━━━━━━━━━━━━━━━━━━━━━━━━━━━━━━
    Procedure : clsCommon - Public Function Get_WorkList() As ADODB.Recordset

 Error Number : -2147217865

  Description : Microsoft Jet 데이터베이스 엔진에서 입력 테이블이나 'LIMAS301' 쿼리를 찾을 수 없습니다. 테이블이나 쿼리가 있는지, 이름을 정확히 입력했는지를 확인하십시오.

       Source : Microsoft JET Database Engine

    SQL State : 3078

 Native Error : -524420377

   SQL String : select distinct SPCNO from LIMAS301 

         Date : 2003년 6월 5일 월요일

         Time : 오전 8:03:44
━━━━━━━━━━━━━━━━━━━━━━━━━━━━━━━━━━━━━━━━
    Procedure : clsCommon - Public Function Get_WorkList() As ADODB.Recordset

 Error Number : -2147217865

  Description : Microsoft Jet 데이터베이스 엔진에서 입력 테이블이나 'LIMAS301' 쿼리를 찾을 수 없습니다. 테이블이나 쿼리가 있는지, 이름을 정확히 입력했는지를 확인하십시오.

       Source : Microsoft JET Database Engine

    SQL State : 3078

 Native Error : -524420377

   SQL String : select distinct SPCNO from LIMAS301 

         Date : 2003년 6월 5일 월요일

         Time : 오전 8:04:34
━━━━━━━━━━━━━━━━━━━━━━━━━━━━━━━━━━━━━━━━
    Procedure : Public Function Get_Date() As String

 Error Number : -2147467259

  Description : [DBNETLIB][ConnectionWrite (send()).]일반 네트워크 오류입니다. 네트워크 설명서를 참조하십시오.

       Source : Microsoft OLE DB Provider for SQL Server

    SQL State : 08S01

 Native Error : 11

   SQL String : SELECT GETDATE()

         Date : 2003년 6월 5일 월요일

         Time : 오전 8:14:46
━━━━━━━━━━━━━━━━━━━━━━━━━━━━━━━━━━━━━━━━
    Procedure : clsCommon - Public Function Get_WorkList() As ADODB.Recordset

 Error Number : -2147467259

  Description : 연결을 실패했습니다.

       Source : Microsoft OLE DB Provider for SQL Server

    SQL State : 08S01

 Native Error : 0

   SQL String : select distinct SPCNO from LIMAS301 

         Date : 2003년 6월 5일 월요일

         Time : 오전 8:14:55
━━━━━━━━━━━━━━━━━━━━━━━━━━━━━━━━━━━━━━━━
    Procedure : clsCommon - Public Function Get_WorkList() As ADODB.Recordset

 Error Number : -2147217900

  Description : 'and' 키워드 근처의 구문이 잘못되었습니다.

       Source : Microsoft OLE DB Provider for SQL Server

    SQL State : 42000

 Native Error : 156

   SQL String :    and SPCNO = '20020102' 

         Date : 2003년 6월 5일 월요일

         Time : 오전 8:33:43
━━━━━━━━━━━━━━━━━━━━━━━━━━━━━━━━━━━━━━━━
    Procedure : clsCommon - Public Function Get_WorkList() As ADODB.Recordset

 Error Number : -2147217900

  Description : 열 이름 'SPCNO'이(가) 불확실합니다.

       Source : Microsoft OLE DB Provider for SQL Server

    SQL State : 42000

 Native Error : 209

   SQL String : select distinct b.SPCNO from LIMAS201 a, LIMAS301 b Where a.SpcNo = b.SpcNo    and SPCNO = '20020102' 

         Date : 2003년 6월 5일 월요일

         Time : 오전 8:33:58
━━━━━━━━━━━━━━━━━━━━━━━━━━━━━━━━━━━━━━━━
    Procedure : clsCommon - Public Function Get_WorkList() As ADODB.Recordset

 Error Number : -2147217900

  Description : 'substr'은(는) 인식되지 않은 함수 이름입니다.

       Source : Microsoft OLE DB Provider for SQL Server

    SQL State : 42000

 Native Error : 195

   SQL String : select distinct b.SPCNO from LIMAS201 a, LIMAS301 b Where a.SPCNO = b.SPCNO    and substr(b.SPCNO,1,8) = '20030605' 

         Date : 2003년 6월 5일 월요일

         Time : 오전 8:40:25
━━━━━━━━━━━━━━━━━━━━━━━━━━━━━━━━━━━━━━━━
        Procedure : frmInterface - Private Sub cmdRun_Click()

     Error Source : CellTac

     Error Number : 91

Error Description : 개체 변수 또는 With 문의 변수가 설정되어 있지 않습니다.

             Date : 2003년 6월 5일 월요일

             Time : 오전 11:08:07
━━━━━━━━━━━━━━━━━━━━━━━━━━━━━━━━━━━━━━━━
        Procedure : frmInterface - Private Sub cmdRun_Click()

     Error Source : ListItem

     Error Number : 35602

Error Description : 컬렉션에서 유일한 키가 아닙니다.

             Date : 2003년 6월 5일 월요일

             Time : 오전 11:17:29
━━━━━━━━━━━━━━━━━━━━━━━━━━━━━━━━━━━━━━━━
        Procedure : frmInterface - Private Sub cmdRun_Click()

     Error Source : ListItems

     Error Number : 35603

Error Description : 키가 잘못되었습니다.

             Date : 2003년 6월 5일 월요일

             Time : 오전 11:17:48
━━━━━━━━━━━━━━━━━━━━━━━━━━━━━━━━━━━━━━━━
        Procedure : frmInterface - Private Sub cmdRun_Click()

     Error Source : ListItem

     Error Number : 35602

Error Description : 컬렉션에서 유일한 키가 아닙니다.

             Date : 2003년 6월 5일 월요일

             Time : 오전 11:19:55
━━━━━━━━━━━━━━━━━━━━━━━━━━━━━━━━━━━━━━━━
        Procedure : frmInterface - Private Sub cmdRun_Click()

     Error Source : ListItem

     Error Number : 35602

Error Description : 컬렉션에서 유일한 키가 아닙니다.

             Date : 2003년 6월 5일 월요일

             Time : 오전 11:22:25
━━━━━━━━━━━━━━━━━━━━━━━━━━━━━━━━━━━━━━━━
        Procedure : frmInterface - Private Sub cmdRun_Click()

     Error Source : ListItem

     Error Number : 380

Error Description : 속성값이 잘못되었습니다.

             Date : 2003년 6월 5일 월요일

             Time : 오전 11:34:30
━━━━━━━━━━━━━━━━━━━━━━━━━━━━━━━━━━━━━━━━
        Procedure : frmInterface - Private Sub cmdRun_Click()

     Error Source : ListItem

     Error Number : 380

Error Description : 속성값이 잘못되었습니다.

             Date : 2003년 6월 5일 월요일

             Time : 오전 11:38:06
━━━━━━━━━━━━━━━━━━━━━━━━━━━━━━━━━━━━━━━━
        Procedure : frmInterface - Private Sub cmdRun_Click()

     Error Source : ListItem

     Error Number : 380

Error Description : 속성값이 잘못되었습니다.

             Date : 2003년 6월 5일 월요일

             Time : 오전 11:38:33
━━━━━━━━━━━━━━━━━━━━━━━━━━━━━━━━━━━━━━━━
        Procedure : frmInterface - Private Sub cmdRun_Click()

     Error Source : ListItem

     Error Number : 380

Error Description : 속성값이 잘못되었습니다.

             Date : 2003년 6월 5일 월요일

             Time : 오전 11:39:07
━━━━━━━━━━━━━━━━━━━━━━━━━━━━━━━━━━━━━━━━
        Procedure : frmInterface - Private Sub cmdRun_Click()

     Error Source : ListItem

     Error Number : 380

Error Description : 속성값이 잘못되었습니다.

             Date : 2003년 6월 5일 월요일

             Time : 오전 11:41:13
━━━━━━━━━━━━━━━━━━━━━━━━━━━━━━━━━━━━━━━━
        Procedure : frmInterface - Private Sub cmdRun_Click()

     Error Source : CellTac

     Error Number : 91

Error Description : 개체 변수 또는 With 문의 변수가 설정되어 있지 않습니다.

             Date : 2003년 6월 5일 월요일

             Time : 오후 12:00:59
━━━━━━━━━━━━━━━━━━━━━━━━━━━━━━━━━━━━━━━━
    Procedure : clsEqpResult - Private Sub Set_EqpResoult(ByVal EqpRst As Collection)

 Error Number : -2147217833

  Description : 필드가 너무 작아서 추가하려는 데이터 양을 받아 들일 수 없습니다. 삽입하거나 붙여 넣을 데이터 양을 줄이십시오.

       Source : Microsoft JET Database Engine

    SQL State : 3163

 Native Error : -68551703

   SQL String : INSERT INTO INTERFACE003 (SPCNO, TESTCD, EQPNUM, TRANSDT, TRANSTM, RSTVAL, EQUIPCD) VALUES('2003060502', '013', '', '20030605', '1324', '28.6', 'CellTac')

         Date : 2003년 6월 5일 월요일

         Time : 오후 1:25:16
━━━━━━━━━━━━━━━━━━━━━━━━━━━━━━━━━━━━━━━━
    Procedure : clsEqpResult - Private Sub Set_EqpResoult(ByVal EqpRst As Collection)

 Error Number : -2147217833

  Description : 필드가 너무 작아서 추가하려는 데이터 양을 받아 들일 수 없습니다. 삽입하거나 붙여 넣을 데이터 양을 줄이십시오.

       Source : Microsoft JET Database Engine

    SQL State : 3163

 Native Error : -68551703

   SQL String : INSERT INTO INTERFACE003 (SPCNO, TESTCD, EQPNUM, TRANSDT, TRANSTM, RSTVAL, EQUIPCD) VALUES('2003060502', '013', '', '20030605', '1325', '3.4', 'CellTac')

         Date : 2003년 6월 5일 월요일

         Time : 오후 1:25:23
━━━━━━━━━━━━━━━━━━━━━━━━━━━━━━━━━━━━━━━━
    Procedure : clsEqpResult - Private Sub Set_EqpResoult(ByVal EqpRst As Collection)

 Error Number : -2147217833

  Description : 필드가 너무 작아서 추가하려는 데이터 양을 받아 들일 수 없습니다. 삽입하거나 붙여 넣을 데이터 양을 줄이십시오.

       Source : Microsoft JET Database Engine

    SQL State : 3163

 Native Error : -68551703

   SQL String : INSERT INTO INTERFACE003 (SPCNO, TESTCD, EQPNUM, TRANSDT, TRANSTM, RSTVAL, EQUIPCD) VALUES('2003060502', '007', '', '20030605', '1330', '7.9', 'CellTac')

         Date : 2003년 6월 5일 월요일

         Time : 오후 1:34:44
━━━━━━━━━━━━━━━━━━━━━━━━━━━━━━━━━━━━━━━━
    Procedure : clsEqpResult - Private Sub Set_EqpResoult(ByVal EqpRst As Collection)

 Error Number : -2147217833

  Description : 필드가 너무 작아서 추가하려는 데이터 양을 받아 들일 수 없습니다. 삽입하거나 붙여 넣을 데이터 양을 줄이십시오.

       Source : Microsoft JET Database Engine

    SQL State : 3163

 Native Error : -68551703

   SQL String : INSERT INTO INTERFACE003 (SPCNO, TESTCD, EQPNUM, TRANSDT, TRANSTM, RSTVAL, EQUIPCD) VALUES('2003060502', '007', '', '20030605', '1338', '7.9', 'CellTac')

         Date : 2003년 6월 5일 월요일

         Time : 오후 1:38:15
━━━━━━━━━━━━━━━━━━━━━━━━━━━━━━━━━━━━━━━━
    Procedure : clsEqpResult - Private Sub Set_EqpResoult(ByVal EqpRst As Collection)

 Error Number : -2147217833

  Description : 필드가 너무 작아서 추가하려는 데이터 양을 받아 들일 수 없습니다. 삽입하거나 붙여 넣을 데이터 양을 줄이십시오.

       Source : Microsoft JET Database Engine

    SQL State : 3163

 Native Error : -68551703

   SQL String : INSERT INTO INTERFACE003 (SPCNO, TESTCD, EQPNUM, TRANSDT, TRANSTM, RSTVAL, EQUIPCD) VALUES('2003060502', '007', '', '20030605', '1338', '7.9', 'CellTac')

         Date : 2003년 6월 5일 월요일

         Time : 오후 1:38:59
━━━━━━━━━━━━━━━━━━━━━━━━━━━━━━━━━━━━━━━━
