    Procedure : clsCommon - Public Function Get_RoomList() As ADODB.Recordset

 Error Number : -2147217865

  Description : 개체 이름 'LIMAS032'이(가) 잘못되었습니다.

       Source : Microsoft OLE DB Provider for SQL Server

    SQL State : 42S02

 Native Error : 208

   SQL String : SELECT CDVAL1 AS ROOMCD , FIELD1 AS ROOMNM FROM LIMAS032 WHERE CDDIV = 'C252' ORDER BY FIELD1

         Date : 2003년 6월 10일 월요일

         Time : 오전 9:23:12
━━━━━━━━━━━━━━━━━━━━━━━━━━━━━━━━━━━━━━━━
        Procedure : clsCommon - Public Function Get_WorkList() As ADODB.Recordset

     Error Source : Microsoft JET Database Engine

     Error Number : -2147217865

Error Description : Microsoft Jet 데이터베이스 엔진에서 입력 테이블이나 'InterfaceBarcode_SELECT_sp' 쿼리를 찾을 수 없습니다. 테이블이나 쿼리가 있는지, 이름을 정확히 입력했는지를 확인하십시오.

             Date : 2003년 6월 10일 월요일

             Time : 오전 9:44:19
━━━━━━━━━━━━━━━━━━━━━━━━━━━━━━━━━━━━━━━━
        Procedure : clsCommon - Public Function Get_TestItemList() As ADODB.Recordset

     Error Source : Microsoft JET Database Engine

     Error Number : -2147217865

Error Description : Microsoft Jet 데이터베이스 엔진에서 입력 테이블이나 'Interface_item_WS_SELECT_sp' 쿼리를 찾을 수 없습니다. 테이블이나 쿼리가 있는지, 이름을 정확히 입력했는지를 확인하십시오.

             Date : 2003년 6월 10일 월요일

             Time : 오전 11:10:10
━━━━━━━━━━━━━━━━━━━━━━━━━━━━━━━━━━━━━━━━
        Procedure : clsCommon - Public Function Get_TestItemList() As ADODB.Recordset

     Error Source : Microsoft JET Database Engine

     Error Number : -2147217865

Error Description : Microsoft Jet 데이터베이스 엔진에서 입력 테이블이나 'Interface_item_WS_SELECT_sp' 쿼리를 찾을 수 없습니다. 테이블이나 쿼리가 있는지, 이름을 정확히 입력했는지를 확인하십시오.

             Date : 2003년 6월 10일 월요일

             Time : 오전 11:10:14
━━━━━━━━━━━━━━━━━━━━━━━━━━━━━━━━━━━━━━━━
        Procedure : clsCommon - Public Function Get_TestItemList() As ADODB.Recordset

     Error Source : Microsoft JET Database Engine

     Error Number : -2147217865

Error Description : Microsoft Jet 데이터베이스 엔진에서 입력 테이블이나 'Interface_item_WS_SELECT_sp' 쿼리를 찾을 수 없습니다. 테이블이나 쿼리가 있는지, 이름을 정확히 입력했는지를 확인하십시오.

             Date : 2003년 6월 10일 월요일

             Time : 오전 11:10:15
━━━━━━━━━━━━━━━━━━━━━━━━━━━━━━━━━━━━━━━━
        Procedure : clsCommon - Public Function Get_TestItemList() As ADODB.Recordset

     Error Source : Microsoft JET Database Engine

     Error Number : -2147217865

Error Description : Microsoft Jet 데이터베이스 엔진에서 입력 테이블이나 'Interface_item_WS_SELECT_sp' 쿼리를 찾을 수 없습니다. 테이블이나 쿼리가 있는지, 이름을 정확히 입력했는지를 확인하십시오.

             Date : 2003년 6월 10일 월요일

             Time : 오전 11:10:16
━━━━━━━━━━━━━━━━━━━━━━━━━━━━━━━━━━━━━━━━
        Procedure : clsCommon - Public Function Get_TestItemList() As ADODB.Recordset

     Error Source : 

     Error Number : 0

Error Description : 

             Date : 2003년 6월 10일 월요일

             Time : 오전 11:11:09
━━━━━━━━━━━━━━━━━━━━━━━━━━━━━━━━━━━━━━━━
        Procedure : clsCommon - Public Function Get_TestItemList() As ADODB.Recordset

     Error Source : 

     Error Number : 0

Error Description : 

             Date : 2003년 6월 10일 월요일

             Time : 오전 11:11:18
━━━━━━━━━━━━━━━━━━━━━━━━━━━━━━━━━━━━━━━━
        Procedure : clsCommon - Public Function Get_TestItemList() As ADODB.Recordset

     Error Source : 

     Error Number : 0

Error Description : 

             Date : 2003년 6월 10일 월요일

             Time : 오전 11:11:20
━━━━━━━━━━━━━━━━━━━━━━━━━━━━━━━━━━━━━━━━
        Procedure : clsCommon - Public Function Get_TestItemList() As ADODB.Recordset

     Error Source : 

     Error Number : 0

Error Description : 

             Date : 2003년 6월 10일 월요일

             Time : 오전 11:11:21
━━━━━━━━━━━━━━━━━━━━━━━━━━━━━━━━━━━━━━━━
        Procedure : clsCommon - Public Function Get_TestItemList() As ADODB.Recordset

     Error Source : 

     Error Number : 0

Error Description : 

             Date : 2003년 6월 10일 월요일

             Time : 오전 11:11:22
━━━━━━━━━━━━━━━━━━━━━━━━━━━━━━━━━━━━━━━━
        Procedure : clsCommon - Public Function Get_TestItemList() As ADODB.Recordset

     Error Source : 

     Error Number : 0

Error Description : 

             Date : 2003년 6월 10일 월요일

             Time : 오전 11:11:23
━━━━━━━━━━━━━━━━━━━━━━━━━━━━━━━━━━━━━━━━
        Procedure : clsCommon - Public Function Get_TestItemList() As ADODB.Recordset

     Error Source : 

     Error Number : 0

Error Description : 

             Date : 2003년 6월 10일 월요일

             Time : 오전 11:11:24
━━━━━━━━━━━━━━━━━━━━━━━━━━━━━━━━━━━━━━━━
        Procedure : clsCommon - Public Function Get_TestItemList() As ADODB.Recordset

     Error Source : 

     Error Number : 0

Error Description : 

             Date : 2003년 6월 10일 월요일

             Time : 오전 11:11:25
━━━━━━━━━━━━━━━━━━━━━━━━━━━━━━━━━━━━━━━━
        Procedure : clsCommon - Public Function Get_TestItemList() As ADODB.Recordset

     Error Source : 

     Error Number : 0

Error Description : 

             Date : 2003년 6월 10일 월요일

             Time : 오전 11:11:26
━━━━━━━━━━━━━━━━━━━━━━━━━━━━━━━━━━━━━━━━
        Procedure : clsCommon - Public Function Get_TestItemList() As ADODB.Recordset

     Error Source : 

     Error Number : 0

Error Description : 

             Date : 2003년 6월 10일 월요일

             Time : 오전 11:11:27
━━━━━━━━━━━━━━━━━━━━━━━━━━━━━━━━━━━━━━━━
        Procedure : clsCommon - Public Function Get_TestItemList() As ADODB.Recordset

     Error Source : 

     Error Number : 0

Error Description : 

             Date : 2003년 6월 10일 월요일

             Time : 오전 11:11:27
━━━━━━━━━━━━━━━━━━━━━━━━━━━━━━━━━━━━━━━━
        Procedure : clsCommon - Public Function Get_TestItemList() As ADODB.Recordset

     Error Source : 

     Error Number : 0

Error Description : 

             Date : 2003년 6월 10일 월요일

             Time : 오전 11:11:29
━━━━━━━━━━━━━━━━━━━━━━━━━━━━━━━━━━━━━━━━
        Procedure : clsCommon - Public Function Get_TestItemList() As ADODB.Recordset

     Error Source : 

     Error Number : 0

Error Description : 

             Date : 2003년 6월 10일 월요일

             Time : 오전 11:11:30
━━━━━━━━━━━━━━━━━━━━━━━━━━━━━━━━━━━━━━━━
        Procedure : clsCommon - Public Function Get_TestItemList() As ADODB.Recordset

     Error Source : 

     Error Number : 0

Error Description : 

             Date : 2003년 6월 10일 월요일

             Time : 오전 11:11:31
━━━━━━━━━━━━━━━━━━━━━━━━━━━━━━━━━━━━━━━━
        Procedure : clsCommon - Public Function Get_TestItemList() As ADODB.Recordset

     Error Source : 

     Error Number : 0

Error Description : 

             Date : 2003년 6월 10일 월요일

             Time : 오전 11:11:32
━━━━━━━━━━━━━━━━━━━━━━━━━━━━━━━━━━━━━━━━
        Procedure : clsCommon - Public Function Get_TestItemList() As ADODB.Recordset

     Error Source : 

     Error Number : 0

Error Description : 

             Date : 2003년 6월 10일 월요일

             Time : 오전 11:11:33
━━━━━━━━━━━━━━━━━━━━━━━━━━━━━━━━━━━━━━━━
        Procedure : clsCommon - Public Function Get_TestItemList() As ADODB.Recordset

     Error Source : Microsoft JET Database Engine

     Error Number : -2147217865

Error Description : Microsoft Jet 데이터베이스 엔진에서 입력 테이블이나 'Interface_item_WS_SELECT_sp' 쿼리를 찾을 수 없습니다. 테이블이나 쿼리가 있는지, 이름을 정확히 입력했는지를 확인하십시오.

             Date : 2003년 6월 10일 월요일

             Time : 오전 11:15:00
━━━━━━━━━━━━━━━━━━━━━━━━━━━━━━━━━━━━━━━━
        Procedure : clsCommon - Public Function Get_TestItemList() As ADODB.Recordset

     Error Source : Microsoft JET Database Engine

     Error Number : -2147217865

Error Description : Microsoft Jet 데이터베이스 엔진에서 입력 테이블이나 'Interface_item_WS_SELECT_sp' 쿼리를 찾을 수 없습니다. 테이블이나 쿼리가 있는지, 이름을 정확히 입력했는지를 확인하십시오.

             Date : 2003년 6월 10일 월요일

             Time : 오전 11:50:42
━━━━━━━━━━━━━━━━━━━━━━━━━━━━━━━━━━━━━━━━
        Procedure : clsCommon - Public Function Get_TestItemList() As ADODB.Recordset

     Error Source : Microsoft JET Database Engine

     Error Number : -2147217865

Error Description : Microsoft Jet 데이터베이스 엔진에서 입력 테이블이나 'Interface_item_WS_SELECT_sp' 쿼리를 찾을 수 없습니다. 테이블이나 쿼리가 있는지, 이름을 정확히 입력했는지를 확인하십시오.

             Date : 2003년 6월 10일 월요일

             Time : 오전 11:56:16
━━━━━━━━━━━━━━━━━━━━━━━━━━━━━━━━━━━━━━━━
        Procedure : clsCommon - Public Function Get_TestItemList() As ADODB.Recordset

     Error Source : Microsoft JET Database Engine

     Error Number : -2147217865

Error Description : Microsoft Jet 데이터베이스 엔진에서 입력 테이블이나 'Interface_item_WS_SELECT_sp' 쿼리를 찾을 수 없습니다. 테이블이나 쿼리가 있는지, 이름을 정확히 입력했는지를 확인하십시오.

             Date : 2003년 6월 10일 월요일

             Time : 오후 12:01:08
━━━━━━━━━━━━━━━━━━━━━━━━━━━━━━━━━━━━━━━━
        Procedure : clsCommon - Public Function Get_TestItemList() As ADODB.Recordset

     Error Source : Microsoft JET Database Engine

     Error Number : -2147217865

Error Description : Microsoft Jet 데이터베이스 엔진에서 입력 테이블이나 'Interface_item_WS_SELECT_sp' 쿼리를 찾을 수 없습니다. 테이블이나 쿼리가 있는지, 이름을 정확히 입력했는지를 확인하십시오.

             Date : 2003년 6월 10일 월요일

             Time : 오후 12:33:00
━━━━━━━━━━━━━━━━━━━━━━━━━━━━━━━━━━━━━━━━
        Procedure : frmInterface - Private Sub cmdRun_Click()

     Error Source : MSComm

     Error Number : 8005

Error Description : 포트가 이미 열려 있습니다.

             Date : 2003년 6월 10일 월요일

             Time : 오후 1:37:58
━━━━━━━━━━━━━━━━━━━━━━━━━━━━━━━━━━━━━━━━
        Procedure : frmInterface - Private Sub cmdRun_Click()

     Error Source : MSComm

     Error Number : 8005

Error Description : 포트가 이미 열려 있습니다.

             Date : 2003년 6월 10일 월요일

             Time : 오후 1:38:59
━━━━━━━━━━━━━━━━━━━━━━━━━━━━━━━━━━━━━━━━
        Procedure : frmInterface - Private Sub cmdRun_Click()

     Error Source : MSComm

     Error Number : 8005

Error Description : 포트가 이미 열려 있습니다.

             Date : 2003년 6월 10일 월요일

             Time : 오후 1:58:56
━━━━━━━━━━━━━━━━━━━━━━━━━━━━━━━━━━━━━━━━
        Procedure : frmInterface - Private Sub Get_Setting()

     Error Source : CellTac

     Error Number : 91

Error Description : 개체 변수 또는 With 문의 변수가 설정되어 있지 않습니다.

             Date : 2003년 6월 10일 월요일

             Time : 오후 2:31:51
━━━━━━━━━━━━━━━━━━━━━━━━━━━━━━━━━━━━━━━━
        Procedure : frmInterface - Private Sub cmdRun_Click()

     Error Source : MSComm

     Error Number : 8005

Error Description : 포트가 이미 열려 있습니다.

             Date : 2003년 6월 10일 월요일

             Time : 오후 2:31:55
━━━━━━━━━━━━━━━━━━━━━━━━━━━━━━━━━━━━━━━━
    Procedure : clsCommon - Public Function Spc_Exists(ByVal Spcno As String) As Boolean

 Error Number : -2147217865

  Description : 개체 이름 'LIMAS201'이(가) 잘못되었습니다.

       Source : Microsoft OLE DB Provider for SQL Server

    SQL State : 42S02

 Native Error : 208

   SQL String : SELECT COUNT(SPCNO) AS CNT FROM LIMAS201 WHERE SPCNO = 'M0306100012'

         Date : 2003년 6월 10일 월요일

         Time : 오후 4:13:24
━━━━━━━━━━━━━━━━━━━━━━━━━━━━━━━━━━━━━━━━
        Procedure : frmComm - Private Sub Result_Update(ByVal Result As clsResult)

     Error Source : ColumnHeaders

     Error Number : 35601

Error Description : 요소를 찾을 수 없습니다.

             Date : 2003년 6월 10일 월요일

             Time : 오후 4:13:39
━━━━━━━━━━━━━━━━━━━━━━━━━━━━━━━━━━━━━━━━
    Procedure : clsCommon - Public Function Spc_Exists(ByVal Spcno As String) As Boolean

 Error Number : -2147217865

  Description : 개체 이름 'LIMAS201'이(가) 잘못되었습니다.

       Source : Microsoft OLE DB Provider for SQL Server

    SQL State : 42S02

 Native Error : 208

   SQL String : SELECT COUNT(SPCNO) AS CNT FROM LIMAS201 WHERE SPCNO = 'M0306100012'

         Date : 2003년 6월 10일 월요일

         Time : 오후 4:13:43
━━━━━━━━━━━━━━━━━━━━━━━━━━━━━━━━━━━━━━━━
        Procedure : frmComm - Private Sub Result_Update(ByVal Result As clsResult)

     Error Source : ColumnHeaders

     Error Number : 35601

Error Description : 요소를 찾을 수 없습니다.

             Date : 2003년 6월 10일 월요일

             Time : 오후 4:13:45
━━━━━━━━━━━━━━━━━━━━━━━━━━━━━━━━━━━━━━━━
        Procedure : frmComm - Private Sub Result_Update(ByVal Result As clsResult)

     Error Source : ColumnHeaders

     Error Number : 35601

Error Description : 요소를 찾을 수 없습니다.

             Date : 2003년 6월 10일 월요일

             Time : 오후 4:16:07
━━━━━━━━━━━━━━━━━━━━━━━━━━━━━━━━━━━━━━━━
        Procedure : frmComm - Private Sub Result_Update(ByVal Result As clsResult)

     Error Source : ColumnHeaders

     Error Number : 35601

Error Description : 요소를 찾을 수 없습니다.

             Date : 2003년 6월 10일 월요일

             Time : 오후 4:18:51
━━━━━━━━━━━━━━━━━━━━━━━━━━━━━━━━━━━━━━━━
        Procedure : frmComm - Private Sub Result_Update(ByVal Result As clsResult)

     Error Source : ColumnHeaders

     Error Number : 35601

Error Description : 요소를 찾을 수 없습니다.

             Date : 2003년 6월 10일 월요일

             Time : 오후 4:25:15
━━━━━━━━━━━━━━━━━━━━━━━━━━━━━━━━━━━━━━━━
        Procedure : clsCommon - Public Function Get_WorkList() As ADODB.Recordset

     Error Source : Microsoft OLE DB Provider for SQL Server

     Error Number : -2147467259

Error Description : [DBNETLIB][ConnectionRead (recv()).]일반 네트워크 오류입니다. 네트워크 설명서를 참조하십시오.

             Date : 2003년 6월 10일 월요일

             Time : 오후 4:25:19
━━━━━━━━━━━━━━━━━━━━━━━━━━━━━━━━━━━━━━━━
        Procedure : frmComm - Private Sub Result_Update(ByVal Result As clsResult)

     Error Source : ColumnHeaders

     Error Number : 35601

Error Description : 요소를 찾을 수 없습니다.

             Date : 2003년 6월 10일 월요일

             Time : 오후 4:25:21
━━━━━━━━━━━━━━━━━━━━━━━━━━━━━━━━━━━━━━━━
        Procedure : clsCommon - Public Function Get_WorkList() As ADODB.Recordset

     Error Source : Microsoft OLE DB Provider for SQL Server

     Error Number : -2147467259

Error Description : 연결을 실패했습니다.

             Date : 2003년 6월 10일 월요일

             Time : 오후 4:25:26
━━━━━━━━━━━━━━━━━━━━━━━━━━━━━━━━━━━━━━━━
        Procedure : frmComm - Private Sub Result_Update(ByVal Result As clsResult)

     Error Source : ColumnHeaders

     Error Number : 35601

Error Description : 요소를 찾을 수 없습니다.

             Date : 2003년 6월 10일 월요일

             Time : 오후 4:25:27
━━━━━━━━━━━━━━━━━━━━━━━━━━━━━━━━━━━━━━━━
        Procedure : clsCommon - Public Function Get_WorkList() As ADODB.Recordset

     Error Source : Microsoft OLE DB Provider for SQL Server

     Error Number : -2147467259

Error Description : 연결을 실패했습니다.

             Date : 2003년 6월 10일 월요일

             Time : 오후 4:25:28
━━━━━━━━━━━━━━━━━━━━━━━━━━━━━━━━━━━━━━━━
        Procedure : frmComm - Private Sub Result_Update(ByVal Result As clsResult)

     Error Source : ColumnHeaders

     Error Number : 35601

Error Description : 요소를 찾을 수 없습니다.

             Date : 2003년 6월 10일 월요일

             Time : 오후 4:25:29
━━━━━━━━━━━━━━━━━━━━━━━━━━━━━━━━━━━━━━━━
        Procedure : clsCommon - Public Function Get_WorkList() As ADODB.Recordset

     Error Source : Microsoft OLE DB Provider for SQL Server

     Error Number : -2147467259

Error Description : 연결을 실패했습니다.

             Date : 2003년 6월 10일 월요일

             Time : 오후 4:25:30
━━━━━━━━━━━━━━━━━━━━━━━━━━━━━━━━━━━━━━━━
        Procedure : frmComm - Private Sub Result_Update(ByVal Result As clsResult)

     Error Source : ColumnHeaders

     Error Number : 35601

Error Description : 요소를 찾을 수 없습니다.

             Date : 2003년 6월 10일 월요일

             Time : 오후 4:25:30
━━━━━━━━━━━━━━━━━━━━━━━━━━━━━━━━━━━━━━━━
        Procedure : clsCommon - Public Function Get_WorkList() As ADODB.Recordset

     Error Source : Microsoft OLE DB Provider for SQL Server

     Error Number : -2147467259

Error Description : 연결을 실패했습니다.

             Date : 2003년 6월 10일 월요일

             Time : 오후 4:25:32
━━━━━━━━━━━━━━━━━━━━━━━━━━━━━━━━━━━━━━━━
        Procedure : frmComm - Private Sub Result_Update(ByVal Result As clsResult)

     Error Source : ColumnHeaders

     Error Number : 35601

Error Description : 요소를 찾을 수 없습니다.

             Date : 2003년 6월 10일 월요일

             Time : 오후 4:25:32
━━━━━━━━━━━━━━━━━━━━━━━━━━━━━━━━━━━━━━━━
        Procedure : clsCommon - Public Function Get_WorkList() As ADODB.Recordset

     Error Source : Microsoft OLE DB Provider for SQL Server

     Error Number : -2147467259

Error Description : 연결을 실패했습니다.

             Date : 2003년 6월 10일 월요일

             Time : 오후 4:25:33
━━━━━━━━━━━━━━━━━━━━━━━━━━━━━━━━━━━━━━━━
        Procedure : frmComm - Private Sub Result_Update(ByVal Result As clsResult)

     Error Source : ColumnHeaders

     Error Number : 35601

Error Description : 요소를 찾을 수 없습니다.

             Date : 2003년 6월 10일 월요일

             Time : 오후 4:25:34
━━━━━━━━━━━━━━━━━━━━━━━━━━━━━━━━━━━━━━━━
        Procedure : clsCommon - Public Function Get_WorkList() As ADODB.Recordset

     Error Source : Microsoft OLE DB Provider for SQL Server

     Error Number : -2147467259

Error Description : 연결을 실패했습니다.

             Date : 2003년 6월 10일 월요일

             Time : 오후 4:25:35
━━━━━━━━━━━━━━━━━━━━━━━━━━━━━━━━━━━━━━━━
        Procedure : frmComm - Private Sub Result_Update(ByVal Result As clsResult)

     Error Source : ColumnHeaders

     Error Number : 35601

Error Description : 요소를 찾을 수 없습니다.

             Date : 2003년 6월 10일 월요일

             Time : 오후 4:25:35
━━━━━━━━━━━━━━━━━━━━━━━━━━━━━━━━━━━━━━━━
        Procedure : frmComm - Private Sub Result_Update(ByVal Result As clsResult)

     Error Source : ColumnHeaders

     Error Number : 35601

Error Description : 요소를 찾을 수 없습니다.

             Date : 2003년 6월 10일 월요일

             Time : 오후 4:50:51
━━━━━━━━━━━━━━━━━━━━━━━━━━━━━━━━━━━━━━━━
    Procedure : clsEqpResult - Private Sub Set_EqpResoult(ByVal EqpRst As Collection)

 Error Number : -2147467259

  Description : 인덱스, 기본 키 또는 관계에서 중복된 값을 만들었기 때문에 테이블에 요청된 변경 사항이 적용되지 않았습니다. 필드의 데이터 또는 중복 데이터가 있는 필드를 변경하거나 인덱스를 제거하거나 중복이 가능한 인덱스로 다시 정의하여 다시 시도하십시오.

       Source : Microsoft JET Database Engine

    SQL State : 3022

 Native Error : -105121349

   SQL String : INSERT INTO INTERFACE003 (SPCNO, TESTCD, EQPNUM, TRANSDT, TRANSTM, RSTVAL, EQUIPCD) VALUES('M0306100021', 'RBC', '02', '20030610', '1650', '4.58*', '02')

         Date : 2003년 6월 10일 월요일

         Time : 오후 4:50:59
━━━━━━━━━━━━━━━━━━━━━━━━━━━━━━━━━━━━━━━━
        Procedure : frmComm - Private Sub Result_Update(ByVal Result As clsResult)

     Error Source : ColumnHeaders

     Error Number : 35601

Error Description : 요소를 찾을 수 없습니다.

             Date : 2003년 6월 10일 월요일

             Time : 오후 4:51:04
━━━━━━━━━━━━━━━━━━━━━━━━━━━━━━━━━━━━━━━━
    Procedure : clsEqpResult - Private Sub Set_EqpResoult(ByVal EqpRst As Collection)

 Error Number : -2147467259

  Description : 인덱스, 기본 키 또는 관계에서 중복된 값을 만들었기 때문에 테이블에 요청된 변경 사항이 적용되지 않았습니다. 필드의 데이터 또는 중복 데이터가 있는 필드를 변경하거나 인덱스를 제거하거나 중복이 가능한 인덱스로 다시 정의하여 다시 시도하십시오.

       Source : Microsoft JET Database Engine

    SQL State : 3022

 Native Error : -105121349

   SQL String : INSERT INTO INTERFACE003 (SPCNO, TESTCD, EQPNUM, TRANSDT, TRANSTM, RSTVAL, EQUIPCD) VALUES('M0306100021', 'RBC', '02', '20030610', '1651', '39.4', '02')

         Date : 2003년 6월 10일 월요일

         Time : 오후 4:51:55
━━━━━━━━━━━━━━━━━━━━━━━━━━━━━━━━━━━━━━━━
    Procedure : clsEqpResult - Private Sub Set_EqpResoult(ByVal EqpRst As Collection)

 Error Number : -2147467259

  Description : 인덱스, 기본 키 또는 관계에서 중복된 값을 만들었기 때문에 테이블에 요청된 변경 사항이 적용되지 않았습니다. 필드의 데이터 또는 중복 데이터가 있는 필드를 변경하거나 인덱스를 제거하거나 중복이 가능한 인덱스로 다시 정의하여 다시 시도하십시오.

       Source : Microsoft JET Database Engine

    SQL State : 3022

 Native Error : -105121349

   SQL String : INSERT INTO INTERFACE003 (SPCNO, TESTCD, EQPNUM, TRANSDT, TRANSTM, RSTVAL, EQUIPCD) VALUES('M0306100021', 'RBC', '02', '20030610', '1651', '86.0', '02')

         Date : 2003년 6월 10일 월요일

         Time : 오후 4:51:58
━━━━━━━━━━━━━━━━━━━━━━━━━━━━━━━━━━━━━━━━
    Procedure : clsEqpResult - Private Sub Set_EqpResoult(ByVal EqpRst As Collection)

 Error Number : -2147467259

  Description : 인덱스, 기본 키 또는 관계에서 중복된 값을 만들었기 때문에 테이블에 요청된 변경 사항이 적용되지 않았습니다. 필드의 데이터 또는 중복 데이터가 있는 필드를 변경하거나 인덱스를 제거하거나 중복이 가능한 인덱스로 다시 정의하여 다시 시도하십시오.

       Source : Microsoft JET Database Engine

    SQL State : 3022

 Native Error : -105121349

   SQL String : INSERT INTO INTERFACE003 (SPCNO, TESTCD, EQPNUM, TRANSDT, TRANSTM, RSTVAL, EQUIPCD) VALUES('M0306100021', 'RBC', '02', '20030610', '1652', '35.5', '02')

         Date : 2003년 6월 10일 월요일

         Time : 오후 4:52:25
━━━━━━━━━━━━━━━━━━━━━━━━━━━━━━━━━━━━━━━━
        Procedure : clsEqpResult - Private Sub Set_EqpResoult(ByVal EqpRst As Collection)

     Error Source : Microsoft OLE DB Provider for SQL Server

     Error Number : -2147217873

Error Description : PRIMARY KEY 제약 조건 'PK_InterfaceResult'을(를) 위반했습니다. 'InterfaceResult' 개체에 중복 키를 삽입할 수 없습니다.

             Date : 2003년 6월 10일 월요일

             Time : 오후 5:42:26
━━━━━━━━━━━━━━━━━━━━━━━━━━━━━━━━━━━━━━━━
        Procedure : clsEqpResult - Private Sub Set_EqpResoult(ByVal EqpRst As Collection)

     Error Source : Microsoft OLE DB Provider for SQL Server

     Error Number : -2147217873

Error Description : PRIMARY KEY 제약 조건 'PK_InterfaceResult'을(를) 위반했습니다. 'InterfaceResult' 개체에 중복 키를 삽입할 수 없습니다.

             Date : 2003년 6월 10일 월요일

             Time : 오후 5:42:32
━━━━━━━━━━━━━━━━━━━━━━━━━━━━━━━━━━━━━━━━
        Procedure : frmComm - Private Sub Result_Update(ByVal Result As clsResult)

     Error Source : ColumnHeaders

     Error Number : 35603

Error Description : 키가 잘못되었습니다.

             Date : 2003년 6월 10일 월요일

             Time : 오후 6:17:44
━━━━━━━━━━━━━━━━━━━━━━━━━━━━━━━━━━━━━━━━
        Procedure : frmComm - Private Sub Result_Update(ByVal Result As clsResult)

     Error Source : ColumnHeaders

     Error Number : 35603

Error Description : 키가 잘못되었습니다.

             Date : 2003년 6월 10일 월요일

             Time : 오후 6:17:48
━━━━━━━━━━━━━━━━━━━━━━━━━━━━━━━━━━━━━━━━
        Procedure : frmComm - Private Sub Result_Update(ByVal Result As clsResult)

     Error Source : ColumnHeaders

     Error Number : 35603

Error Description : 키가 잘못되었습니다.

             Date : 2003년 6월 10일 월요일

             Time : 오후 6:17:50
━━━━━━━━━━━━━━━━━━━━━━━━━━━━━━━━━━━━━━━━
        Procedure : frmComm - Private Sub Result_Update(ByVal Result As clsResult)

     Error Source : ColumnHeaders

     Error Number : 35603

Error Description : 키가 잘못되었습니다.

             Date : 2003년 6월 10일 월요일

             Time : 오후 6:17:51
━━━━━━━━━━━━━━━━━━━━━━━━━━━━━━━━━━━━━━━━
        Procedure : frmComm - Private Sub Result_Update(ByVal Result As clsResult)

     Error Source : ColumnHeaders

     Error Number : 35603

Error Description : 키가 잘못되었습니다.

             Date : 2003년 6월 10일 월요일

             Time : 오후 6:17:53
━━━━━━━━━━━━━━━━━━━━━━━━━━━━━━━━━━━━━━━━
        Procedure : frmComm - Private Sub Result_Update(ByVal Result As clsResult)

     Error Source : ColumnHeaders

     Error Number : 35603

Error Description : 키가 잘못되었습니다.

             Date : 2003년 6월 10일 월요일

             Time : 오후 6:17:54
━━━━━━━━━━━━━━━━━━━━━━━━━━━━━━━━━━━━━━━━
        Procedure : frmComm - Private Sub Result_Update(ByVal Result As clsResult)

     Error Source : ColumnHeaders

     Error Number : 35603

Error Description : 키가 잘못되었습니다.

             Date : 2003년 6월 10일 월요일

             Time : 오후 6:17:55
━━━━━━━━━━━━━━━━━━━━━━━━━━━━━━━━━━━━━━━━
        Procedure : frmComm - Private Sub Result_Update(ByVal Result As clsResult)

     Error Source : ColumnHeaders

     Error Number : 35603

Error Description : 키가 잘못되었습니다.

             Date : 2003년 6월 10일 월요일

             Time : 오후 6:17:56
━━━━━━━━━━━━━━━━━━━━━━━━━━━━━━━━━━━━━━━━
        Procedure : frmComm - Private Sub Result_Update(ByVal Result As clsResult)

     Error Source : ColumnHeaders

     Error Number : 35603

Error Description : 키가 잘못되었습니다.

             Date : 2003년 6월 10일 월요일

             Time : 오후 6:19:15
━━━━━━━━━━━━━━━━━━━━━━━━━━━━━━━━━━━━━━━━
        Procedure : frmComm - Private Sub Result_Update(ByVal Result As clsResult)

     Error Source : ColumnHeaders

     Error Number : 35603

Error Description : 키가 잘못되었습니다.

             Date : 2003년 6월 10일 월요일

             Time : 오후 6:19:29
━━━━━━━━━━━━━━━━━━━━━━━━━━━━━━━━━━━━━━━━
        Procedure : frmComm - Private Sub Result_Update(ByVal Result As clsResult)

     Error Source : ColumnHeaders

     Error Number : 35603

Error Description : 키가 잘못되었습니다.

             Date : 2003년 6월 10일 월요일

             Time : 오후 6:20:19
━━━━━━━━━━━━━━━━━━━━━━━━━━━━━━━━━━━━━━━━
        Procedure : frmComm - Private Sub Result_Update(ByVal Result As clsResult)

     Error Source : ColumnHeaders

     Error Number : 35603

Error Description : 키가 잘못되었습니다.

             Date : 2003년 6월 10일 월요일

             Time : 오후 6:20:47
━━━━━━━━━━━━━━━━━━━━━━━━━━━━━━━━━━━━━━━━
        Procedure : frmComm - Private Sub Result_Update(ByVal Result As clsResult)

     Error Source : ColumnHeaders

     Error Number : 35603

Error Description : 키가 잘못되었습니다.

             Date : 2003년 6월 10일 월요일

             Time : 오후 6:20:48
━━━━━━━━━━━━━━━━━━━━━━━━━━━━━━━━━━━━━━━━
        Procedure : frmComm - Private Sub Result_Update(ByVal Result As clsResult)

     Error Source : ColumnHeaders

     Error Number : 35603

Error Description : 키가 잘못되었습니다.

             Date : 2003년 6월 10일 월요일

             Time : 오후 6:20:49
━━━━━━━━━━━━━━━━━━━━━━━━━━━━━━━━━━━━━━━━
        Procedure : clsEqpResult - Private Sub Set_EqpResoult(ByVal EqpRst As Collection)

     Error Source : Microsoft OLE DB Provider for SQL Server

     Error Number : -2147217873

Error Description : PRIMARY KEY 제약 조건 'PK_InterfaceResult'을(를) 위반했습니다. 'InterfaceResult' 개체에 중복 키를 삽입할 수 없습니다.

             Date : 2003년 6월 10일 월요일

             Time : 오후 6:20:49
━━━━━━━━━━━━━━━━━━━━━━━━━━━━━━━━━━━━━━━━
        Procedure : frmComm - Private Sub Result_Update(ByVal Result As clsResult)

     Error Source : ColumnHeaders

     Error Number : 35603

Error Description : 키가 잘못되었습니다.

             Date : 2003년 6월 10일 월요일

             Time : 오후 6:20:50
━━━━━━━━━━━━━━━━━━━━━━━━━━━━━━━━━━━━━━━━
        Procedure : frmComm - Private Sub Result_Update(ByVal Result As clsResult)

     Error Source : ColumnHeaders

     Error Number : 35603

Error Description : 키가 잘못되었습니다.

             Date : 2003년 6월 10일 월요일

             Time : 오후 6:20:50
━━━━━━━━━━━━━━━━━━━━━━━━━━━━━━━━━━━━━━━━
        Procedure : frmComm - Private Sub Result_Update(ByVal Result As clsResult)

     Error Source : ColumnHeaders

     Error Number : 35603

Error Description : 키가 잘못되었습니다.

             Date : 2003년 6월 10일 월요일

             Time : 오후 6:22:22
━━━━━━━━━━━━━━━━━━━━━━━━━━━━━━━━━━━━━━━━
        Procedure : frmComm - Private Sub Result_Update(ByVal Result As clsResult)

     Error Source : ColumnHeaders

     Error Number : 35603

Error Description : 키가 잘못되었습니다.

             Date : 2003년 6월 10일 월요일

             Time : 오후 6:22:25
━━━━━━━━━━━━━━━━━━━━━━━━━━━━━━━━━━━━━━━━
        Procedure : frmComm - Private Sub Result_Update(ByVal Result As clsResult)

     Error Source : ColumnHeaders

     Error Number : 35603

Error Description : 키가 잘못되었습니다.

             Date : 2003년 6월 10일 월요일

             Time : 오후 6:22:36
━━━━━━━━━━━━━━━━━━━━━━━━━━━━━━━━━━━━━━━━
        Procedure : frmComm - Private Sub Result_Update(ByVal Result As clsResult)

     Error Source : ColumnHeaders

     Error Number : 35603

Error Description : 키가 잘못되었습니다.

             Date : 2003년 6월 10일 월요일

             Time : 오후 6:22:51
━━━━━━━━━━━━━━━━━━━━━━━━━━━━━━━━━━━━━━━━
        Procedure : frmComm - Private Sub Result_Update(ByVal Result As clsResult)

     Error Source : ColumnHeaders

     Error Number : 35603

Error Description : 키가 잘못되었습니다.

             Date : 2003년 6월 10일 월요일

             Time : 오후 6:23:38
━━━━━━━━━━━━━━━━━━━━━━━━━━━━━━━━━━━━━━━━
        Procedure : frmComm - Private Sub Result_Update(ByVal Result As clsResult)

     Error Source : ColumnHeaders

     Error Number : 35603

Error Description : 키가 잘못되었습니다.

             Date : 2003년 6월 10일 월요일

             Time : 오후 6:23:40
━━━━━━━━━━━━━━━━━━━━━━━━━━━━━━━━━━━━━━━━
        Procedure : frmComm - Private Sub Result_Update(ByVal Result As clsResult)

     Error Source : ColumnHeaders

     Error Number : 35603

Error Description : 키가 잘못되었습니다.

             Date : 2003년 6월 10일 월요일

             Time : 오후 6:23:41
━━━━━━━━━━━━━━━━━━━━━━━━━━━━━━━━━━━━━━━━
        Procedure : frmComm - Private Sub Result_Update(ByVal Result As clsResult)

     Error Source : ColumnHeaders

     Error Number : 35603

Error Description : 키가 잘못되었습니다.

             Date : 2003년 6월 10일 월요일

             Time : 오후 6:23:42
━━━━━━━━━━━━━━━━━━━━━━━━━━━━━━━━━━━━━━━━
        Procedure : clsEqpResult - Private Sub Set_EqpResoult(ByVal EqpRst As Collection)

     Error Source : Microsoft OLE DB Provider for SQL Server

     Error Number : -2147217873

Error Description : PRIMARY KEY 제약 조건 'PK_InterfaceResult'을(를) 위반했습니다. 'InterfaceResult' 개체에 중복 키를 삽입할 수 없습니다.

             Date : 2003년 6월 10일 월요일

             Time : 오후 6:28:17
━━━━━━━━━━━━━━━━━━━━━━━━━━━━━━━━━━━━━━━━
        Procedure : clsEqpResult - Private Sub Set_EqpResoult(ByVal EqpRst As Collection)

     Error Source : Microsoft OLE DB Provider for SQL Server

     Error Number : -2147217873

Error Description : PRIMARY KEY 제약 조건 'PK_InterfaceResult'을(를) 위반했습니다. 'InterfaceResult' 개체에 중복 키를 삽입할 수 없습니다.

             Date : 2003년 6월 10일 월요일

             Time : 오후 6:28:22
━━━━━━━━━━━━━━━━━━━━━━━━━━━━━━━━━━━━━━━━
        Procedure : clsEqpResult - Private Sub Set_EqpResoult(ByVal EqpRst As Collection)

     Error Source : Microsoft OLE DB Provider for SQL Server

     Error Number : -2147217873

Error Description : PRIMARY KEY 제약 조건 'PK_InterfaceResult'을(를) 위반했습니다. 'InterfaceResult' 개체에 중복 키를 삽입할 수 없습니다.

             Date : 2003년 6월 10일 월요일

             Time : 오후 6:28:23
━━━━━━━━━━━━━━━━━━━━━━━━━━━━━━━━━━━━━━━━
        Procedure : clsEqpResult - Private Sub Set_EqpResoult(ByVal EqpRst As Collection)

     Error Source : Microsoft OLE DB Provider for SQL Server

     Error Number : -2147217873

Error Description : PRIMARY KEY 제약 조건 'PK_InterfaceResult'을(를) 위반했습니다. 'InterfaceResult' 개체에 중복 키를 삽입할 수 없습니다.

             Date : 2003년 6월 10일 월요일

             Time : 오후 6:28:23
━━━━━━━━━━━━━━━━━━━━━━━━━━━━━━━━━━━━━━━━
        Procedure : clsEqpResult - Private Sub Set_EqpResoult(ByVal EqpRst As Collection)

     Error Source : Microsoft OLE DB Provider for SQL Server

     Error Number : -2147217873

Error Description : PRIMARY KEY 제약 조건 'PK_InterfaceResult'을(를) 위반했습니다. 'InterfaceResult' 개체에 중복 키를 삽입할 수 없습니다.

             Date : 2003년 6월 10일 월요일

             Time : 오후 6:29:44
━━━━━━━━━━━━━━━━━━━━━━━━━━━━━━━━━━━━━━━━
        Procedure : clsEqpResult - Private Sub Set_EqpResoult(ByVal EqpRst As Collection)

     Error Source : Microsoft OLE DB Provider for SQL Server

     Error Number : -2147217873

Error Description : PRIMARY KEY 제약 조건 'PK_InterfaceResult'을(를) 위반했습니다. 'InterfaceResult' 개체에 중복 키를 삽입할 수 없습니다.

             Date : 2003년 6월 10일 월요일

             Time : 오후 6:29:48
━━━━━━━━━━━━━━━━━━━━━━━━━━━━━━━━━━━━━━━━
        Procedure : clsEqpResult - Private Sub Set_EqpResoult(ByVal EqpRst As Collection)

     Error Source : Microsoft OLE DB Provider for SQL Server

     Error Number : -2147217873

Error Description : PRIMARY KEY 제약 조건 'PK_InterfaceResult'을(를) 위반했습니다. 'InterfaceResult' 개체에 중복 키를 삽입할 수 없습니다.

             Date : 2003년 6월 10일 월요일

             Time : 오후 6:29:50
━━━━━━━━━━━━━━━━━━━━━━━━━━━━━━━━━━━━━━━━
        Procedure : clsEqpResult - Private Sub Set_EqpResoult(ByVal EqpRst As Collection)

     Error Source : Microsoft OLE DB Provider for SQL Server

     Error Number : -2147217873

Error Description : PRIMARY KEY 제약 조건 'PK_InterfaceResult'을(를) 위반했습니다. 'InterfaceResult' 개체에 중복 키를 삽입할 수 없습니다.

             Date : 2003년 6월 10일 월요일

             Time : 오후 6:29:50
━━━━━━━━━━━━━━━━━━━━━━━━━━━━━━━━━━━━━━━━
        Procedure : clsEqpResult - Private Sub Set_EqpResoult(ByVal EqpRst As Collection)

     Error Source : Microsoft OLE DB Provider for SQL Server

     Error Number : -2147217873

Error Description : PRIMARY KEY 제약 조건 'PK_InterfaceResult'을(를) 위반했습니다. 'InterfaceResult' 개체에 중복 키를 삽입할 수 없습니다.

             Date : 2003년 6월 10일 월요일

             Time : 오후 6:31:58
━━━━━━━━━━━━━━━━━━━━━━━━━━━━━━━━━━━━━━━━
        Procedure : clsEqpResult - Private Sub Set_EqpResoult(ByVal EqpRst As Collection)

     Error Source : Microsoft OLE DB Provider for SQL Server

     Error Number : -2147217873

Error Description : PRIMARY KEY 제약 조건 'PK_InterfaceResult'을(를) 위반했습니다. 'InterfaceResult' 개체에 중복 키를 삽입할 수 없습니다.

             Date : 2003년 6월 10일 월요일

             Time : 오후 6:32:00
━━━━━━━━━━━━━━━━━━━━━━━━━━━━━━━━━━━━━━━━
        Procedure : clsEqpResult - Private Sub Set_EqpResoult(ByVal EqpRst As Collection)

     Error Source : Microsoft OLE DB Provider for SQL Server

     Error Number : -2147217873

Error Description : PRIMARY KEY 제약 조건 'PK_InterfaceResult'을(를) 위반했습니다. 'InterfaceResult' 개체에 중복 키를 삽입할 수 없습니다.

             Date : 2003년 6월 10일 월요일

             Time : 오후 6:32:03
━━━━━━━━━━━━━━━━━━━━━━━━━━━━━━━━━━━━━━━━
