        Procedure : frmInterface - Private Sub cmdRun_Click()

     Error Source : MSComm

     Error Number : 8005

Error Description : 포트가 이미 열려 있습니다.

             Date : 2003년 6월 9일 월요일

             Time : 오후 7:48:47
━━━━━━━━━━━━━━━━━━━━━━━━━━━━━━━━━━━━━━━━
    Procedure : clsCommon - Public Function Get_InstrumentList() As ADODB.Recordset

 Error Number : -2147217865

  Description : 개체 이름 'LIMAS032'이(가) 잘못되었습니다.

       Source : Microsoft OLE DB Provider for SQL Server

    SQL State : 42S02

 Native Error : 208

   SQL String : SELECT CDVAL1 AS EQPCD , FIELD1 AS EQPNM FROM LIMAS032 WHERE CDDIV = 'C209' ORDER BY FIELD1

         Date : 2003년 6월 9일 월요일

         Time : 오후 7:48:54
━━━━━━━━━━━━━━━━━━━━━━━━━━━━━━━━━━━━━━━━
    Procedure : clsCommon - Public Function Get_RoomList() As ADODB.Recordset

 Error Number : -2147217865

  Description : 개체 이름 'LIMAS032'이(가) 잘못되었습니다.

       Source : Microsoft OLE DB Provider for SQL Server

    SQL State : 42S02

 Native Error : 208

   SQL String : SELECT CDVAL1 AS ROOMCD , FIELD1 AS ROOMNM FROM LIMAS032 WHERE CDDIV = 'C252' ORDER BY FIELD1

         Date : 2003년 6월 9일 월요일

         Time : 오후 7:49:00
━━━━━━━━━━━━━━━━━━━━━━━━━━━━━━━━━━━━━━━━
        Procedure : frmInterface - Private Sub cmdRun_Click()

     Error Source : MSComm

     Error Number : 8005

Error Description : 포트가 이미 열려 있습니다.

             Date : 2003년 6월 9일 월요일

             Time : 오후 7:50:36
━━━━━━━━━━━━━━━━━━━━━━━━━━━━━━━━━━━━━━━━
    Procedure : clsCommon - Public Function Get_StationList() As ADODB.Recordset

 Error Number : -2147217865

  Description : 개체 이름 'LIMAS032'이(가) 잘못되었습니다.

       Source : Microsoft OLE DB Provider for SQL Server

    SQL State : 42S02

 Native Error : 208

   SQL String : SELECT CDVAL1 AS STACD , FIELD1 AS STANM FROM LIMAS032 WHERE CDDIV = 'C202' ORDER BY FIELD1

         Date : 2003년 6월 9일 월요일

         Time : 오후 7:51:27
━━━━━━━━━━━━━━━━━━━━━━━━━━━━━━━━━━━━━━━━
        Procedure : frmInterface - Private Sub cmdRun_Click()

     Error Source : MSComm

     Error Number : 8005

Error Description : 포트가 이미 열려 있습니다.

             Date : 2003년 6월 9일 월요일

             Time : 오후 7:53:33
━━━━━━━━━━━━━━━━━━━━━━━━━━━━━━━━━━━━━━━━
        Procedure : frmInterface - Private Sub cmdRun_Click()

     Error Source : MSComm

     Error Number : 8005

Error Description : 포트가 이미 열려 있습니다.

             Date : 2003년 6월 9일 월요일

             Time : 오후 7:54:16
━━━━━━━━━━━━━━━━━━━━━━━━━━━━━━━━━━━━━━━━
        Procedure : frmInterface - Private Sub cmdRun_Click()

     Error Source : MSComm

     Error Number : 8005

Error Description : 포트가 이미 열려 있습니다.

             Date : 2003년 6월 9일 월요일

             Time : 오후 8:32:07
━━━━━━━━━━━━━━━━━━━━━━━━━━━━━━━━━━━━━━━━
