        Procedure : frmInterface - Private Sub cmdRun_Click()

     Error Source : G7

     Error Number : 5

Error Description : 프로시저 호출 또는 인수가 잘못되었습니다.

             Date : 2003년 6월 4일 월요일

             Time : 오후 7:07:27
━━━━━━━━━━━━━━━━━━━━━━━━━━━━━━━━━━━━━━━━
        Procedure : clsCommon - Public Function Get_TestItemList() As ADODB.Recordset

     Error Source : CellTac

     Error Number : 91

Error Description : 개체 변수 또는 With 문의 변수가 설정되어 있지 않습니다.

             Date : 2003년 6월 4일 월요일

             Time : 오후 7:46:49
━━━━━━━━━━━━━━━━━━━━━━━━━━━━━━━━━━━━━━━━
        Procedure : clsCommon - Public Function Get_TestItemList() As ADODB.Recordset

     Error Source : CellTac

     Error Number : 91

Error Description : 개체 변수 또는 With 문의 변수가 설정되어 있지 않습니다.

             Date : 2003년 6월 4일 월요일

             Time : 오후 7:46:55
━━━━━━━━━━━━━━━━━━━━━━━━━━━━━━━━━━━━━━━━

━━━━━━━━━━━━━━━━━━━━━━━━━━━━━━━━━━━━━━━━

━━━━━━━━━━━━━━━━━━━━━━━━━━━━━━━━━━━━━━━━

━━━━━━━━━━━━━━━━━━━━━━━━━━━━━━━━━━━━━━━━

━━━━━━━━━━━━━━━━━━━━━━━━━━━━━━━━━━━━━━━━

━━━━━━━━━━━━━━━━━━━━━━━━━━━━━━━━━━━━━━━━
