        Procedure : frmInterface - Private Sub cmdRun()

     Error Source : MSComm

     Error Number : 8005

Error Description : んお陛 檜嘐 翮溥 氈蝗棲棻.

             Date : 2007喇 9錯 12橾 錯蹂橾

             Time : 螃 3:31:56
收收收收收收收收收收收收收收收收收收收收收收收收收收收收收收收收收收收收收收收收
        Procedure : frmInterface - Private Sub cmdRun()

     Error Source : MSComm

     Error Number : 8002

Error Description : んお 廓ㄟ 澀跤腎歷蝗棲棻.

             Date : 2007喇 9錯 12橾 錯蹂橾

             Time : 螃 3:32:10
收收收收收收收收收收收收收收收收收收收收收收收收收收收收收收收收收收收收收收收收
        Procedure : clsCommon - Public Function f_subSet_WorkList() As ADODB.Recordset

     Error Source : Microsoft OLE DB Provider for SQL Server

     Error Number : -2147217900

Error Description : 盪濰 Щ煎衛盪 'AP_INF_Order'擊(蒂) 瓊擊 熱 橈蝗棲棻.

             Date : 2007喇 9錯 12橾 錯蹂橾

             Time : 螃 3:32:14
收收收收收收收收收收收收收收收收收收收收收收收收收收收收收收收收收收收收收收收收
        Procedure : clsCommon - Public Function f_subSet_WorkList() As ADODB.Recordset

     Error Source : AU400

     Error Number : 424

Error Description : 偃羹陛 в蹂м棲棻.

             Date : 2007喇 9錯 12橾 錯蹂橾

             Time : 螃 3:32:15
收收收收收收收收收收收收收收收收收收收收收收收收收收收收收收收收收收收收收收收收
        Procedure : frmInterface - Private Sub cmdRun()

     Error Source : MSComm

     Error Number : 8002

Error Description : んお 廓ㄟ 澀跤腎歷蝗棲棻.

             Date : 2007喇 9錯 12橾 錯蹂橾

             Time : 螃 3:32:57
收收收收收收收收收收收收收收收收收收收收收收收收收收收收收收收收收收收收收收收收
        Procedure : clsCommon - Public Function f_subSet_WorkList() As ADODB.Recordset

     Error Source : Microsoft OLE DB Provider for SQL Server

     Error Number : -2147217900

Error Description : 盪濰 Щ煎衛盪 'AP_INF_S_Order'擊(蒂) 瓊擊 熱 橈蝗棲棻.

             Date : 2007喇 9錯 12橾 錯蹂橾

             Time : 螃 3:32:59
收收收收收收收收收收收收收收收收收收收收收收收收收收收收收收收收收收收收收收收收
        Procedure : clsCommon - Public Function f_subSet_WorkList() As ADODB.Recordset

     Error Source : AU400

     Error Number : 424

Error Description : 偃羹陛 в蹂м棲棻.

             Date : 2007喇 9錯 12橾 錯蹂橾

             Time : 螃 3:33:05
收收收收收收收收收收收收收收收收收收收收收收收收收收收收收收收收收收收收收收收收
        Procedure : frmInterface - Private Sub cmdRun()

     Error Source : MSComm

     Error Number : 8002

Error Description : んお 廓ㄟ 澀跤腎歷蝗棲棻.

             Date : 2007喇 9錯 12橾 錯蹂橾

             Time : 螃 3:34:14
收收收收收收收收收收收收收收收收收收收收收收收收收收收收收收收收收收收收收收收收
        Procedure : clsCommon - Public Function f_subSet_WorkList() As ADODB.Recordset

     Error Source : Microsoft OLE DB Provider for SQL Server

     Error Number : -2147217900

Error Description : 盪濰 Щ煎衛盪 'AP_INF_S_Order'擊(蒂) 瓊擊 熱 橈蝗棲棻.

             Date : 2007喇 9錯 12橾 錯蹂橾

             Time : 螃 3:34:36
收收收收收收收收收收收收收收收收收收收收收收收收收收收收收收收收收收收收收收收收
        Procedure : clsCommon - Public Function f_subSet_WorkList() As ADODB.Recordset

     Error Source : AU400

     Error Number : 424

Error Description : 偃羹陛 в蹂м棲棻.

             Date : 2007喇 9錯 12橾 錯蹂橾

             Time : 螃 3:34:41
收收收收收收收收收收收收收收收收收收收收收收收收收收收收收收收收收收收收收收收收
        Procedure : frmInterface - Private Sub cmdRun()

     Error Source : MSComm

     Error Number : 8002

Error Description : んお 廓ㄟ 澀跤腎歷蝗棲棻.

             Date : 2007喇 9錯 12橾 錯蹂橾

             Time : 螃 3:35:25
收收收收收收收收收收收收收收收收收收收收收收收收收收收收收收收收收收收收收收收收
        Procedure : clsCommon - Public Function f_subSet_WorkList() As ADODB.Recordset

     Error Source : Microsoft OLE DB Provider for SQL Server

     Error Number : -2147217900

Error Description : 盪濰 Щ煎衛盪 'AP_INF_S_Order'擊(蒂) 瓊擊 熱 橈蝗棲棻.

             Date : 2007喇 9錯 12橾 錯蹂橾

             Time : 螃 3:35:34
收收收收收收收收收收收收收收收收收收收收收收收收收收收收收收收收收收收收收收收收
        Procedure : clsCommon - Public Function f_subSet_WorkList() As ADODB.Recordset

     Error Source : AU400

     Error Number : 424

Error Description : 偃羹陛 в蹂м棲棻.

             Date : 2007喇 9錯 12橾 錯蹂橾

             Time : 螃 3:35:36
收收收收收收收收收收收收收收收收收收收收收收收收收收收收收收收收收收收收收收收收
        Procedure : frmInterface - Private Sub cmdRun()

     Error Source : MSComm

     Error Number : 8002

Error Description : んお 廓ㄟ 澀跤腎歷蝗棲棻.

             Date : 2007喇 9錯 12橾 錯蹂橾

             Time : 螃 3:36:43
收收收收收收收收收收收收收收收收收收收收收收收收收收收收收收收收收收收收收收收收
        Procedure : clsCommon - Public Function f_subSet_WorkList() As ADODB.Recordset

     Error Source : Microsoft OLE DB Provider for SQL Server

     Error Number : -2147217900

Error Description : 盪濰 Щ煎衛盪 'AP_INF_S_Order'擊(蒂) 瓊擊 熱 橈蝗棲棻.

             Date : 2007喇 9錯 12橾 錯蹂橾

             Time : 螃 3:36:45
收收收收收收收收收收收收收收收收收收收收收收收收收收收收收收收收收收收收收收收收
        Procedure : clsCommon - Public Function f_subSet_WorkList() As ADODB.Recordset

     Error Source : AU400

     Error Number : 424

Error Description : 偃羹陛 в蹂м棲棻.

             Date : 2007喇 9錯 12橾 錯蹂橾

             Time : 螃 3:36:47
收收收收收收收收收收收收收收收收收收收收收收收收收收收收收收收收收收收收收收收收
        Procedure : frmInterface - Private Sub cmdRun()

     Error Source : MSComm

     Error Number : 8002

Error Description : んお 廓ㄟ 澀跤腎歷蝗棲棻.

             Date : 2007喇 9錯 12橾 錯蹂橾

             Time : 螃 3:37:16
收收收收收收收收收收收收收收收收收收收收收收收收收收收收收收收收收收收收收收收收
        Procedure : clsCommon - Public Function f_subSet_WorkList() As ADODB.Recordset

     Error Source : Microsoft OLE DB Provider for SQL Server

     Error Number : -2147217900

Error Description : 盪濰 Щ煎衛盪 'AP_INF_S_Order'擊(蒂) 瓊擊 熱 橈蝗棲棻.

             Date : 2007喇 9錯 12橾 錯蹂橾

             Time : 螃 3:37:20
收收收收收收收收收收收收收收收收收收收收收收收收收收收收收收收收收收收收收收收收
        Procedure : clsCommon - Public Function f_subSet_WorkList() As ADODB.Recordset

     Error Source : AU400

     Error Number : 424

Error Description : 偃羹陛 в蹂м棲棻.

             Date : 2007喇 9錯 12橾 錯蹂橾

             Time : 螃 3:37:25
收收收收收收收收收收收收收收收收收收收收收收收收收收收收收收收收收收收收收收收收
        Procedure : frmInterface - Private Sub cmdRun()

     Error Source : MSComm

     Error Number : 8002

Error Description : んお 廓ㄟ 澀跤腎歷蝗棲棻.

             Date : 2007喇 9錯 12橾 錯蹂橾

             Time : 螃 3:39:51
收收收收收收收收收收收收收收收收收收收收收收收收收收收收收收收收收收收收收收收收
        Procedure : frmInterface - Private Sub cmdRun()

     Error Source : MSComm

     Error Number : 8002

Error Description : んお 廓ㄟ 澀跤腎歷蝗棲棻.

             Date : 2007喇 9錯 12橾 錯蹂橾

             Time : 螃 4:37:04
收收收收收收收收收收收收收收收收收收收收收收收收收收收收收收收收收收收收收收收收
