        Procedure : frmInterface - Private Sub cmdRun()

     Error Source : MSComm

     Error Number : 8002

Error Description : Invalid port number

             Date : 2012년 1월 5일 월요일

             Time : 오전 10:53:44
━━━━━━━━━━━━━━━━━━━━━━━━━━━━━━━━━━━━━━━━
        Procedure : frmInterface - Private Sub cmdRun()

     Error Source : MSComm

     Error Number : 8002

Error Description : Invalid port number

             Date : 2012년 1월 5일 월요일

             Time : 오후 1:01:01
━━━━━━━━━━━━━━━━━━━━━━━━━━━━━━━━━━━━━━━━
        Procedure : frmInterface - Private Sub cmdRun()

     Error Source : MSComm

     Error Number : 8002

Error Description : Invalid port number

             Date : 2012년 1월 5일 월요일

             Time : 오후 1:21:59
━━━━━━━━━━━━━━━━━━━━━━━━━━━━━━━━━━━━━━━━
