        Procedure : frmInterface - Private Sub cmdRun()

     Error Source : MSComm

     Error Number : 8005

Error Description : 포트가 이미 열려 있습니다.

             Date : 2014년 5월 26일 월요일

             Time : 오후 2:36:47
━━━━━━━━━━━━━━━━━━━━━━━━━━━━━━━━━━━━━━━━
        Procedure : frmInterface - Private Sub cmdRun()

     Error Source : MSComm

     Error Number : 8005

Error Description : 포트가 이미 열려 있습니다.

             Date : 2014년 5월 26일 월요일

             Time : 오후 2:37:05
━━━━━━━━━━━━━━━━━━━━━━━━━━━━━━━━━━━━━━━━
        Procedure : clsCommon - Public Function f_subSet_WorkList() As ADODB.Recordset

     Error Source : VESMatic

     Error Number : 13

Error Description : 형식이 일치하지 않습니다.

             Date : 2014년 5월 26일 월요일

             Time : 오후 3:26:18
━━━━━━━━━━━━━━━━━━━━━━━━━━━━━━━━━━━━━━━━
        Procedure : clsCommon - Public Function f_subSet_WorkList() As ADODB.Recordset

     Error Source : VESMatic

     Error Number : 13

Error Description : 형식이 일치하지 않습니다.

             Date : 2014년 5월 26일 월요일

             Time : 오후 3:32:46
━━━━━━━━━━━━━━━━━━━━━━━━━━━━━━━━━━━━━━━━
        Procedure : clsCommon - Public Function f_subSet_WorkList() As ADODB.Recordset

     Error Source : VESMatic

     Error Number : 13

Error Description : 형식이 일치하지 않습니다.

             Date : 2014년 5월 26일 월요일

             Time : 오후 3:33:07
━━━━━━━━━━━━━━━━━━━━━━━━━━━━━━━━━━━━━━━━
        Procedure : clsCommon - Public Function f_subSet_WorkList() As ADODB.Recordset

     Error Source : VESMatic

     Error Number : 13

Error Description : 형식이 일치하지 않습니다.

             Date : 2014년 5월 26일 월요일

             Time : 오후 3:34:16
━━━━━━━━━━━━━━━━━━━━━━━━━━━━━━━━━━━━━━━━
        Procedure : clsCommon - Public Function f_subSet_WorkList() As ADODB.Recordset

     Error Source : VESMatic

     Error Number : 13

Error Description : 형식이 일치하지 않습니다.

             Date : 2014년 5월 26일 월요일

             Time : 오후 4:12:23
━━━━━━━━━━━━━━━━━━━━━━━━━━━━━━━━━━━━━━━━
        Procedure : clsCommon - Public Function f_subSet_WorkList() As ADODB.Recordset

     Error Source : VESMatic

     Error Number : 13

Error Description : 형식이 일치하지 않습니다.

             Date : 2014년 5월 26일 월요일

             Time : 오후 4:29:22
━━━━━━━━━━━━━━━━━━━━━━━━━━━━━━━━━━━━━━━━
