오후 12:35:29 [Use Proc => PG_SRL.SLP91_S03 ]<Table><QID><![CDATA[PG_SRL.SLP91_S03]]></QID><QTYPE><![CDATA[Package]]></QTYPE><USERID><![CDATA[LIA]]></USERID><EXECTYPE><![CDATA[FILL]]></EXECTYPE><TABLENAME><![CDATA[]]></TABLENAME><P0><![CDATA[12042502300]]></P0><P1><![CDATA[]]></P1></Table>
오후 12:35:29 [Return Proc => PG_SRL.SLP91_S03 ]<?xml version='1.0' encoding='euc-kr'?>
<NewDataSet>
	<Table0>
		<TST_CD><![CDATA[L2262]]></TST_CD>
		<TST_NM><![CDATA[DIC Panel]]></TST_NM>
		<TST_FRCT_CD><![CDATA[L22]]></TST_FRCT_CD>
		<ACPTNO_1><![CDATA[712]]></ACPTNO_1>
		<PT_NO><![CDATA[33171568]]></PT_NO>
		<PT_NM><![CDATA[김상연]]></PT_NM>
		<SEX><![CDATA[M]]></SEX>
		<SPC_CD_1><![CDATA[1CIT]]></SPC_CD_1>
		<ORD_SITE><![CDATA[052]]></ORD_SITE>
		<TST_CLS><![CDATA[P]]></TST_CLS>
		<RERUN><![CDATA[N]]></RERUN>
		<TST_FRCT_CD1><![CDATA[L22]]></TST_FRCT_CD1>
		<HSP_CLS><![CDATA[8]]></HSP_CLS>
		<ACPT_DTETM><![CDATA[2012-04-25 11:15:18]]></ACPT_DTETM>
		<AGE><![CDATA[64]]></AGE>
		<ACPT_DTE><![CDATA[20120425]]></ACPT_DTE>
		<PATSECT><![CDATA[O]]></PATSECT>
		<CAUTION_YN><![CDATA[N]]></CAUTION_YN>
		<MEDDEPT><![CDATA[LUTS]]></MEDDEPT>
	</Table0>
</NewDataSet>

