

***********************************************************************
Fatal NI connect error 12535, connecting to:
 (DESCRIPTION=(ADDRESS=(PROTOCOL=TCP)(Host=172.16.100.1)(Port=1521))(CONNECT_DATA=(SERVICE_NAME=PMC)(FAILOVER_MODE=(BACKUP=172.16.100.4)(TYPE=SELECT)(METHOD=BASIC))(CID=(PROGRAM=C:\Program Files\Microsoft Visual Studio\VB98\vb6.exe)(HOST=GABIN)(USER=ohsewon))))

  VERSION INFORMATION:
	TNS for 32-bit Windows: Version 9.2.0.1.0 - Production
	Windows NT TCP/IP NT Protocol Adapter for 32-bit Windows: Version 9.2.0.1.0 - Production
  Time: 21-FEB-2008 10:05:14
  Tracing not turned on.
  Tns error struct:
    nr err code: 0
    ns main err code: 12535
    TNS-12535: TNS:작동이 중단중입니다
    ns secondary err code: 12560
    nt main err code: 505
    TNS-00505: 작동이 중단중입니다
    nt secondary err code: 60
    nt OS err code: 0


***********************************************************************
Fatal NI connect error 12560, connecting to:
 (DESCRIPTION=(ADDRESS=(PROTOCOL=BEQ)(PROGRAM=oracle)(ARGV0=oracleORCL)(ARGS='(DESCRIPTION=(LOCAL=YES)(ADDRESS=(PROTOCOL=beq)))'))(CONNECT_DATA=(SID=ORCL)(CID=(PROGRAM=C:\Program Files\Microsoft Visual Studio\VB98\vb6.exe)(HOST=GABIN)(USER=ohsewon))))

  VERSION INFORMATION:
	TNS for 32-bit Windows: Version 9.2.0.1.0 - Production
	Oracle Bequeath NT Protocol Adapter for 32-bit Windows: Version 9.2.0.1.0 - Production
  Time: 21-FEB-2008 10:05:14
  Tracing not turned on.
  Tns error struct:
    nr err code: 0
    ns main err code: 12560
    TNS-12560: TNS:프로토콜 어댑터 오류
    ns secondary err code: 0
    nt main err code: 530
    TNS-00530: 프로토콜 어댑터 오류입니다
    nt secondary err code: 126
    nt OS err code: 0


***********************************************************************
Fatal NI connect error 12560, connecting to:
 (DESCRIPTION=(ADDRESS=(PROTOCOL=BEQ)(PROGRAM=oracle)(ARGV0=oracleORCL)(ARGS='(DESCRIPTION=(LOCAL=YES)(ADDRESS=(PROTOCOL=beq)))'))(CONNECT_DATA=(SID=ORCL)(CID=(PROGRAM=C:\Program Files\Microsoft Visual Studio\VB98\vb6.exe)(HOST=GABIN)(USER=ohsewon))))

  VERSION INFORMATION:
	TNS for 32-bit Windows: Version 9.2.0.1.0 - Production
	Oracle Bequeath NT Protocol Adapter for 32-bit Windows: Version 9.2.0.1.0 - Production
  Time: 21-FEB-2008 10:05:44
  Tracing not turned on.
  Tns error struct:
    nr err code: 0
    ns main err code: 12560
    TNS-12560: TNS:프로토콜 어댑터 오류
    ns secondary err code: 0
    nt main err code: 530
    TNS-00530: 프로토콜 어댑터 오류입니다
    nt secondary err code: 126
    nt OS err code: 0


***********************************************************************
Fatal NI connect error 12541, connecting to:
 (DESCRIPTION=(ADDRESS=(PROTOCOL=TCP)(Host=172.16.100.1)(Port=1521))(CONNECT_DATA=(SERVICE_NAME=PMC)(FAILOVER_MODE=(BACKUP=172.16.100.4)(TYPE=SELECT)(METHOD=BASIC))(CID=(PROGRAM=C:\Program Files\Microsoft Visual Studio\VB98\vb6.exe)(HOST=MAJESTIC-5C3F64)(USER=Administrator))))

  VERSION INFORMATION:
	TNS for 32-bit Windows: Version 8.1.7.0.0 - Production
	Windows NT TCP/IP NT Protocol Adapter for 32-bit Windows: Version 8.1.7.0.0 - Production
  Time: 29-JAN-2013 16:51:46
  Tracing not turned on.
  Tns error struct:
    nr err code: 0
    ns main err code: 12541
    TNS-12541: TNS:리스너가 아닙니다
    ns secondary err code: 12560
    nt main err code: 511
    TNS-00511: 리스너가 아닙니다
    nt secondary err code: 61
    nt OS err code: 0


***********************************************************************
Fatal NI connect error 12560, connecting to:
 (DESCRIPTION=(ADDRESS=(PROTOCOL=BEQ)(PROGRAM=oracle)(ARGV0=oracleORCL)(ARGS='(DESCRIPTION=(LOCAL=YES)(ADDRESS=(PROTOCOL=beq)))'))(CONNECT_DATA=(SID=ORCL)(CID=(PROGRAM=C:\Program Files\Microsoft Visual Studio\VB98\vb6.exe)(HOST=MAJESTIC-5C3F64)(USER=Administrator))))

  VERSION INFORMATION:
	TNS for 32-bit Windows: Version 8.1.7.0.0 - Production
	Oracle Bequeath NT Protocol Adapter for 32-bit Windows: Version 8.1.7.0.0 - Production
  Time: 29-JAN-2013 16:51:46
  Tracing not turned on.
  Tns error struct:
    nr err code: 0
    ns main err code: 12560
    TNS-12560: TNS:프로토콜 어댑터 오류
    ns secondary err code: 0
    nt main err code: 530
    TNS-00530: 프로토콜 어댑터 오류입니다
    nt secondary err code: 126
    nt OS err code: 0


***********************************************************************
Fatal NI connect error 12541, connecting to:
 (DESCRIPTION=(ADDRESS=(PROTOCOL=TCP)(Host=172.16.100.1)(Port=1521))(CONNECT_DATA=(SERVICE_NAME=PMC)(FAILOVER_MODE=(BACKUP=172.16.100.4)(TYPE=SELECT)(METHOD=BASIC))(CID=(PROGRAM=C:\Program Files\Microsoft Visual Studio\VB98\vb6.exe)(HOST=MAJESTIC-5C3F64)(USER=Administrator))))

  VERSION INFORMATION:
	TNS for 32-bit Windows: Version 8.1.7.0.0 - Production
	Windows NT TCP/IP NT Protocol Adapter for 32-bit Windows: Version 8.1.7.0.0 - Production
  Time: 29-JAN-2013 16:51:55
  Tracing not turned on.
  Tns error struct:
    nr err code: 0
    ns main err code: 12541
    TNS-12541: TNS:리스너가 아닙니다
    ns secondary err code: 12560
    nt main err code: 511
    TNS-00511: 리스너가 아닙니다
    nt secondary err code: 61
    nt OS err code: 0


***********************************************************************
Fatal NI connect error 12560, connecting to:
 (DESCRIPTION=(ADDRESS=(PROTOCOL=BEQ)(PROGRAM=oracle)(ARGV0=oracleORCL)(ARGS='(DESCRIPTION=(LOCAL=YES)(ADDRESS=(PROTOCOL=beq)))'))(CONNECT_DATA=(SID=ORCL)(CID=(PROGRAM=C:\Program Files\Microsoft Visual Studio\VB98\vb6.exe)(HOST=MAJESTIC-5C3F64)(USER=Administrator))))

  VERSION INFORMATION:
	TNS for 32-bit Windows: Version 8.1.7.0.0 - Production
	Oracle Bequeath NT Protocol Adapter for 32-bit Windows: Version 8.1.7.0.0 - Production
  Time: 29-JAN-2013 16:51:55
  Tracing not turned on.
  Tns error struct:
    nr err code: 0
    ns main err code: 12560
    TNS-12560: TNS:프로토콜 어댑터 오류
    ns secondary err code: 0
    nt main err code: 530
    TNS-00530: 프로토콜 어댑터 오류입니다
    nt secondary err code: 126
    nt OS err code: 0


***********************************************************************
Fatal NI connect error 12541, connecting to:
 (DESCRIPTION=(ADDRESS=(PROTOCOL=TCP)(Host=172.16.100.1)(Port=1521))(CONNECT_DATA=(SERVICE_NAME=PMC)(FAILOVER_MODE=(BACKUP=172.16.100.4)(TYPE=SELECT)(METHOD=BASIC))(CID=(PROGRAM=C:\Program Files\Microsoft Visual Studio\VB98\vb6.exe)(HOST=MAJESTIC-5C3F64)(USER=Administrator))))

  VERSION INFORMATION:
	TNS for 32-bit Windows: Version 8.1.7.0.0 - Production
	Windows NT TCP/IP NT Protocol Adapter for 32-bit Windows: Version 8.1.7.0.0 - Production
  Time: 29-JAN-2013 16:52:00
  Tracing not turned on.
  Tns error struct:
    nr err code: 0
    ns main err code: 12541
    TNS-12541: TNS:리스너가 아닙니다
    ns secondary err code: 12560
    nt main err code: 511
    TNS-00511: 리스너가 아닙니다
    nt secondary err code: 61
    nt OS err code: 0


***********************************************************************
Fatal NI connect error 12560, connecting to:
 (DESCRIPTION=(ADDRESS=(PROTOCOL=BEQ)(PROGRAM=oracle)(ARGV0=oracleORCL)(ARGS='(DESCRIPTION=(LOCAL=YES)(ADDRESS=(PROTOCOL=beq)))'))(CONNECT_DATA=(SID=ORCL)(CID=(PROGRAM=C:\Program Files\Microsoft Visual Studio\VB98\vb6.exe)(HOST=MAJESTIC-5C3F64)(USER=Administrator))))

  VERSION INFORMATION:
	TNS for 32-bit Windows: Version 8.1.7.0.0 - Production
	Oracle Bequeath NT Protocol Adapter for 32-bit Windows: Version 8.1.7.0.0 - Production
  Time: 29-JAN-2013 16:52:00
  Tracing not turned on.
  Tns error struct:
    nr err code: 0
    ns main err code: 12560
    TNS-12560: TNS:프로토콜 어댑터 오류
    ns secondary err code: 0
    nt main err code: 530
    TNS-00530: 프로토콜 어댑터 오류입니다
    nt secondary err code: 126
    nt OS err code: 0


***********************************************************************
Fatal NI connect error 12560, connecting to:
 (DESCRIPTION=(ADDRESS=(PROTOCOL=TCP)(Host=172.16.100.1)(Port=1521))(CONNECT_DATA=(SERVICE_NAME=PMC)(FAILOVER_MODE=(BACKUP=172.16.100.4)(TYPE=SELECT)(METHOD=BASIC))(CID=(PROGRAM=C:\Program Files\Microsoft Visual Studio\VB98\vb6.exe)(HOST=MAJESTIC-5C3F64)(USER=Administrator))))

  VERSION INFORMATION:
	TNS for 32-bit Windows: Version 8.1.7.0.0 - Production
	Windows NT TCP/IP NT Protocol Adapter for 32-bit Windows: Version 8.1.7.0.0 - Production
  Time: 29-JAN-2013 16:53:55
  Tracing not turned on.
  Tns error struct:
    nr err code: 0
    ns main err code: 12560
    TNS-12560: TNS:프로토콜 어댑터 오류
    ns secondary err code: 0
    nt main err code: 538
    TNS-00538: Message 538 not found;  product=NETWORK; facility=TNS

    nt secondary err code: 65
    nt OS err code: 0


***********************************************************************
Fatal NI connect error 12560, connecting to:
 (DESCRIPTION=(ADDRESS=(PROTOCOL=BEQ)(PROGRAM=oracle)(ARGV0=oracleORCL)(ARGS='(DESCRIPTION=(LOCAL=YES)(ADDRESS=(PROTOCOL=beq)))'))(CONNECT_DATA=(SID=ORCL)(CID=(PROGRAM=C:\Program Files\Microsoft Visual Studio\VB98\vb6.exe)(HOST=MAJESTIC-5C3F64)(USER=Administrator))))

  VERSION INFORMATION:
	TNS for 32-bit Windows: Version 8.1.7.0.0 - Production
	Oracle Bequeath NT Protocol Adapter for 32-bit Windows: Version 8.1.7.0.0 - Production
  Time: 29-JAN-2013 16:53:55
  Tracing not turned on.
  Tns error struct:
    nr err code: 0
    ns main err code: 12560
    TNS-12560: TNS:프로토콜 어댑터 오류
    ns secondary err code: 0
    nt main err code: 530
    TNS-00530: 프로토콜 어댑터 오류입니다
    nt secondary err code: 126
    nt OS err code: 0
