12:37:10 : ERROR_FILE_NOT_EXISTS()
   위치: IdifCommon.clsDatabaseExcel..ctor(String prmExcelFilePath)
   위치: IdifCommon.clsDatabaseExcel..ctor(String prmExcelFilePath)
   위치: IdifCommon.frmExcelPrintBase.Search()
   위치: IdifCommon.frmExcelPrintBase.cmdRefresh_Click(Object sender, EventArgs e)

12:37:21 : 개체 참조가 개체의 인스턴스로 설정되지 않았습니다.
   위치: HanhuengPrint2008.frmExcelPrint.CalculatePrintQty()

12:45:42 : 개체 참조가 개체의 인스턴스로 설정되지 않았습니다.
   위치: HanhuengPrint2008.frmExcelPrint.CalculatePrintQty()

12:53:13 : 개체 참조가 개체의 인스턴스로 설정되지 않았습니다.
   위치: HanhuengPrint2008.frmExcelPrint.CalculatePrintQty()

12:56:00 : 개체 참조가 개체의 인스턴스로 설정되지 않았습니다.
   위치: HanhuengPrint2008.frmExcelPrint.CalculatePrintQty()

14:01:34 : 프린터 상태를 확인하세요.:응답없음
   위치: IdifCommon.frmExcelPrintBase.PrintStart()
   위치: IdifCommon.frmExcelPrintBase.PrintStart()
   위치: IdifCommon.frmExcelPrintBase.cmdPrintStart_Click(Object sender, EventArgs e)

14:06:38 : 개체 참조가 개체의 인스턴스로 설정되지 않았습니다.
   위치: HanhuengPrint2008.frmExcelPrint.CalculatePrintQty()

14:09:08 : 개체 참조가 개체의 인스턴스로 설정되지 않았습니다.
   위치: HanhuengPrint2008.frmExcelPrint.CalculatePrintQty()

14:13:53 : 프린터 상태를 확인하세요.:응답없음
   위치: IdifCommon.frmExcelPrintBase.PrintStart()
   위치: IdifCommon.frmExcelPrintBase.PrintStart()
   위치: IdifCommon.frmExcelPrintBase.cmdPrintStart_Click(Object sender, EventArgs e)

14:49:42 : 프린터 상태를 확인하세요.:응답없음
   위치: IdifCommon.frmExcelPrintBase.PrintStart()
   위치: IdifCommon.frmExcelPrintBase.PrintStart()
   위치: IdifCommon.frmExcelPrintBase.cmdPrintStart_Click(Object sender, EventArgs e)

15:11:33 : 프린터 상태를 확인하세요.:응답없음
   위치: IdifCommon.frmExcelPrintBase.PrintStart()
   위치: IdifCommon.frmExcelPrintBase.PrintStart()
   위치: IdifCommon.frmExcelPrintBase.cmdPrintStart_Click(Object sender, EventArgs e)

15:50:22 : 프린터 상태를 확인하세요.:응답없음
   위치: IdifCommon.frmExcelPrintBase.PrintStart()
   위치: IdifCommon.frmExcelPrintBase.PrintStart()
   위치: IdifCommon.frmExcelPrintBase.cmdPrintStart_Click(Object sender, EventArgs e)

16:36:00 : 프린터 상태를 확인하세요.:응답없음
   위치: IdifCommon.frmExcelPrintBase.PrintStart()
   위치: IdifCommon.frmExcelPrintBase.PrintStart()
   위치: IdifCommon.frmExcelPrintBase.cmdPrintStart_Click(Object sender, EventArgs e)

17:14:58 : 프린터 상태를 확인하세요.:응답없음
   위치: IdifCommon.frmExcelPrintBase.PrintStart()
   위치: IdifCommon.frmExcelPrintBase.PrintStart()
   위치: IdifCommon.frmExcelPrintBase.cmdPrintStart_Click(Object sender, EventArgs e)

17:40:26 : 프린터 상태를 확인하세요.:응답없음
   위치: IdifCommon.frmExcelPrintBase.PrintStart()
   위치: IdifCommon.frmExcelPrintBase.PrintStart()
   위치: IdifCommon.frmExcelPrintBase.cmdPrintStart_Click(Object sender, EventArgs e)

17:52:03 : 프린터 상태를 확인하세요.:응답없음
   위치: IdifCommon.frmExcelPrintBase.PrintStart()
   위치: IdifCommon.frmExcelPrintBase.PrintStart()
   위치: IdifCommon.frmExcelPrintBase.cmdPrintStart_Click(Object sender, EventArgs e)

18:05:19 : 프린터 상태를 확인하세요.:버퍼FULL
   위치: IdifCommon.frmExcelPrintBase.PrintStart()
   위치: IdifCommon.frmExcelPrintBase.PrintStart()
   위치: IdifCommon.frmExcelPrintBase.cmdPrintStart_Click(Object sender, EventArgs e)

18:05:24 : 프린터 상태를 확인하세요.:버퍼FULL
   위치: IdifCommon.frmExcelPrintBase.PrintStart()
   위치: IdifCommon.frmExcelPrintBase.PrintStart()
   위치: IdifCommon.frmExcelPrintBase.cmdPrintStart_Click(Object sender, EventArgs e)

