        Procedure : frmInterface - Privete sub f_subSet_Result()

     Error Source : Urinscan

     Error Number : 6

Error Description : 숫자가 너무 큽니다.

             Date : 2003년 7월 22일 월요일

             Time : 오후 1:35:00
━━━━━━━━━━━━━━━━━━━━━━━━━━━━━━━━━━━━━━━━
        Procedure : frmInterface - Privete sub f_subSet_Result()

     Error Source : Urinscan

     Error Number : 6

Error Description : 숫자가 너무 큽니다.

             Date : 2003년 7월 22일 월요일

             Time : 오후 1:41:27
━━━━━━━━━━━━━━━━━━━━━━━━━━━━━━━━━━━━━━━━
        Procedure : frmInterface - Privete sub f_subSet_Result()

     Error Source : Microsoft JET Database Engine

     Error Number : -2147217904

Error Description : 필요한 매개 변수 중 한 개 이상에 값이 주어지지 않았습니다.

             Date : 2003년 7월 22일 월요일

             Time : 오후 3:38:13
━━━━━━━━━━━━━━━━━━━━━━━━━━━━━━━━━━━━━━━━
        Procedure : frmInterface - Privete sub f_subSet_Result()

     Error Source : Microsoft JET Database Engine

     Error Number : -2147217904

Error Description : 필요한 매개 변수 중 한 개 이상에 값이 주어지지 않았습니다.

             Date : 2003년 7월 22일 월요일

             Time : 오후 3:43:49
━━━━━━━━━━━━━━━━━━━━━━━━━━━━━━━━━━━━━━━━
