        Procedure : frmInterface - Private Sub cmdRun_Click()

     Error Source : MSComm

     Error Number : 8002

Error Description : んお 廓ㄟ 澀跤腎歷蝗棲棻.

             Date : 2003喇 6錯 11橾 錯蹂橾

             Time : 螃瞪 9:44:03
收收收收收收收收收收收收收收收收收收收收收收收收收收收收收收收收收收收收收收收收
    Procedure : clsCommon - Public Function Get_TestItem() As ADODB.Recordset

 Error Number : -2147217900

  Description : 'AND' 酈錶萄 斬籀曖 掘僥檜 澀跤腎歷蝗棲棻.

       Source : Microsoft OLE DB Provider for SQL Server

    SQL State : 42000

 Native Error : 156

   SQL String : SELECT DISTINCT LIMAS002.TESTCD, LIMAS001.ABBRNM AS TESTNM FROM LIMAS001, LIMAS002 WHERE  LIMAS001.TESTCD =  LIMAS002.TESTCD AND LIMAS002.EQUIPCD =  AND LIMAS002.DELDT = ''

         Date : 2003喇 6錯 11橾 錯蹂橾

         Time : 螃瞪 9:45:03
收收收收收收收收收收收收收收收收收收收收收收收收收收收收收收收收收收收收收收收收
    Procedure : clsCommon - Public Function Get_TestItem() As ADODB.Recordset

 Error Number : -2147217900

  Description : 還 1: ')' 斬籀曖 掘僥檜 澀跤腎歷蝗棲棻.

       Source : Microsoft OLE DB Provider for SQL Server

    SQL State : 42000

 Native Error : 170

   SQL String : select distinct ORD_CODE, ORD_NAME as TESTNM, SPEC_CODE from SUBOR where PART in ('ER', 'GC', LD')

         Date : 2003喇 6錯 11橾 錯蹂橾

         Time : 螃瞪 10:33:48
收收收收收收收收收收收收收收收收收收收收收收收收收收收收收收收收收收收收收收收收
        Procedure : frmComm - Private Sub cmdOk_Click()

     Error Source : ListItem

     Error Number : 380

Error Description : 樓撩高檜 澀跤腎歷蝗棲棻.

             Date : 2003喇 6錯 11橾 錯蹂橾

             Time : 螃 1:14:26
收收收收收收收收收收收收收收收收收收收收收收收收收收收收收收收收收收收收收收收收
        Procedure : frmComm - Private Sub cmdOk_Click()

     Error Source : ListItem

     Error Number : 380

Error Description : 樓撩高檜 澀跤腎歷蝗棲棻.

             Date : 2003喇 6錯 11橾 錯蹂橾

             Time : 螃 1:41:21
收收收收收收收收收收收收收收收收收收收收收收收收收收收收收收收收收收收收收收收收
        Procedure : frmComm - Private Sub cmdServer_Click()

     Error Source : ListItem

     Error Number : 380

Error Description : 樓撩高檜 澀跤腎歷蝗棲棻.

             Date : 2003喇 6錯 11橾 錯蹂橾

             Time : 螃 1:42:05
收收收收收收收收收收收收收收收收收收收收收收收收收收收收收收收收收收收收收收收收
        Procedure : frmComm - Private Sub cmdServer_Click()

     Error Source : ListItem

     Error Number : 380

Error Description : 樓撩高檜 澀跤腎歷蝗棲棻.

             Date : 2003喇 6錯 11橾 錯蹂橾

             Time : 螃 1:42:50
收收收收收收收收收收收收收收收收收收收收收收收收收收收收收收收收收收收收收收收收
        Procedure : frmComm - Private Sub cmdServer_Click()

     Error Source : ListItem

     Error Number : 380

Error Description : 樓撩高檜 澀跤腎歷蝗棲棻.

             Date : 2003喇 6錯 11橾 錯蹂橾

             Time : 螃 1:52:13
收收收收收收收收收收收收收收收收收收收收收收收收收收收收收收收收收收收收收收收收
        Procedure : frmComm - Private Sub cmdServer_Click()

     Error Source : ListItem

     Error Number : 380

Error Description : 樓撩高檜 澀跤腎歷蝗棲棻.

             Date : 2003喇 6錯 11橾 錯蹂橾

             Time : 螃 1:52:52
收收收收收收收收收收收收收收收收收收收收收收收收收收收收收收收收收收收收收收收收
        Procedure : frmComm - Private Sub cmdServer_Click()

     Error Source : ListItem

     Error Number : 380

Error Description : 樓撩高檜 澀跤腎歷蝗棲棻.

             Date : 2003喇 6錯 11橾 錯蹂橾

             Time : 螃 1:54:06
收收收收收收收收收收收收收收收收收收收收收收收收收收收收收收收收收收收收收收收收
        Procedure : frmComm - Private Sub cmdServer_Click()

     Error Source : Microsoft OLE DB Provider for SQL Server

     Error Number : -2147217900

Error Description : 還 1: ')' 斬籀曖 掘僥檜 澀跤腎歷蝗棲棻.

             Date : 2003喇 6錯 11橾 錯蹂橾

             Time : 螃 1:55:08
收收收收收收收收收收收收收收收收收收收收收收收收收收收收收收收收收收收收收收收收
        Procedure : frmComm - Private Sub cmdServer_Click()

     Error Source : Microsoft OLE DB Provider for SQL Server

     Error Number : -2147217900

Error Description : 盪濰 Щ煎衛盪 'p_l3a01interface'擊(蒂) 瓊擊 熱 橈蝗棲棻.

             Date : 2003喇 6錯 11橾 錯蹂橾

             Time : 螃 1:55:51
收收收收收收收收收收收收收收收收收收收收收收收收收收收收收收收收收收收收收收收收
        Procedure : frmComm - Private Sub cmdServer_Click()

     Error Source : Microsoft OLE DB Provider for SQL Server

     Error Number : -2147217865

Error Description : 偃羹 檜葷 'LPART'檜(陛) 澀跤腎歷蝗棲棻.

             Date : 2003喇 6錯 11橾 錯蹂橾

             Time : 螃 2:03:35
收收收收收收收收收收收收收收收收收收收收收收收收收收收收收收收收收收收收收收收收
        Procedure : frmComm - Private Sub cmdServer_Click()

     Error Source : Cx7

     Error Number : 91

Error Description : 偃羹 滲熱 傳朝 With 僥曖 滲熱陛 撲薑腎橫 氈雖 彊蝗棲棻.

             Date : 2003喇 6錯 11橾 錯蹂橾

             Time : 螃 2:04:53
收收收收收收收收收收收收收收收收收收收收收收收收收收收收收收收收收收收收收收收收
        Procedure : frmComm - Private Sub cmdServer_Click()

     Error Source : Cx7

     Error Number : 438

Error Description : 偃羹陛 檜 樓撩 傳朝 詭憮萄蒂 雖錳ж雖 彊蝗棲棻.

             Date : 2003喇 6錯 11橾 錯蹂橾

             Time : 螃 2:23:59
收收收收收收收收收收收收收收收收收收收收收收收收收收收收收收收收收收收收收收收收
        Procedure : frmComm - Private Sub cmdServer_Click()

     Error Source : Cx7

     Error Number : 438

Error Description : 偃羹陛 檜 樓撩 傳朝 詭憮萄蒂 雖錳ж雖 彊蝗棲棻.

             Date : 2003喇 6錯 11橾 錯蹂橾

             Time : 螃 2:24:37
收收收收收收收收收收收收收收收收收收收收收收收收收收收收收收收收收收收收收收收收
    Procedure : clsEqpResult - Private Sub Set_EqpResoult(ByVal EqpRst As Collection)

 Error Number : -2147467259

  Description : 檣策蝶, 晦獄 酈 傳朝 婦啗縑憮 醞犒脹 高擊 虜菟歷晦 陽僥縑 纔檜綰縑 蹂羶脹 滲唳 餌о檜 瞳辨腎雖 彊懊蝗棲棻. в萄曖 等檜攪 傳朝 醞犒 等檜攪陛 氈朝 в萄蒂 滲唳ж剪釭 檣策蝶蒂 薯剪ж剪釭 醞犒檜 陛棟и 檣策蝶煎 棻衛 薑曖ж罹 棻衛 衛紫ж褊衛螃.

       Source : Microsoft JET Database Engine

    SQL State : 3022

 Native Error : -105121349

   SQL String : INSERT INTO INTERFACE003 (SPCNO, TESTCD, EQPNUM, TRANSDT, TRANSTM, RSTVAL, EQUIPCD) VALUES('0610002ER', 'LERGC013', '0610002ER', '20030611', '1427', '26', 'CX7')

         Date : 2003喇 6錯 11橾 錯蹂橾

         Time : 螃 2:27:42
收收收收收收收收收收收收收收收收收收收收收收收收收收收收收收收收收收收收收收收收
    Procedure : clsEqpResult - Private Sub Set_EqpResoult(ByVal EqpRst As Collection)

 Error Number : -2147467259

  Description : 檣策蝶, 晦獄 酈 傳朝 婦啗縑憮 醞犒脹 高擊 虜菟歷晦 陽僥縑 纔檜綰縑 蹂羶脹 滲唳 餌о檜 瞳辨腎雖 彊懊蝗棲棻. в萄曖 等檜攪 傳朝 醞犒 等檜攪陛 氈朝 в萄蒂 滲唳ж剪釭 檣策蝶蒂 薯剪ж剪釭 醞犒檜 陛棟и 檣策蝶煎 棻衛 薑曖ж罹 棻衛 衛紫ж褊衛螃.

       Source : Microsoft JET Database Engine

    SQL State : 3022

 Native Error : -105121349

   SQL String : INSERT INTO INTERFACE003 (SPCNO, TESTCD, EQPNUM, TRANSDT, TRANSTM, RSTVAL, EQUIPCD) VALUES('0610002ER', 'LERGC014', '0610002ER', '20030611', '1427', '31', 'CX7')

         Date : 2003喇 6錯 11橾 錯蹂橾

         Time : 螃 2:27:49
收收收收收收收收收收收收收收收收收收收收收收收收收收收收收收收收收收收收收收收收
        Procedure : frmComm - Private Sub cmdServer_Click()

     Error Source : ListItem

     Error Number : 35602

Error Description : 鏽滓暮縑憮 嶸橾и 酈陛 嬴椎棲棻.

             Date : 2003喇 6錯 11橾 錯蹂橾

             Time : 螃 11:43:08
收收收收收收收收收收收收收收收收收收收收收收收收收收收收收收收收收收收收收收收收
        Procedure : frmComm - Private Sub cmdServer_Click()

     Error Source : ListItem

     Error Number : 35602

Error Description : 鏽滓暮縑憮 嶸橾и 酈陛 嬴椎棲棻.

             Date : 2003喇 6錯 11橾 錯蹂橾

             Time : 螃 11:44:40
收收收收收收收收收收收收收收收收收收收收收收收收收收收收收收收收收收收收收收收收
        Procedure : frmComm - Private Sub cmdServer_Click()

     Error Source : ListItem

     Error Number : 35605

Error Description : 檜 о跡曖 鐘お煤檜 餉薯腎歷蝗棲棻.

             Date : 2003喇 6錯 11橾 錯蹂橾

             Time : 螃 11:45:48
收收收收收收收收收收收收收收收收收收收收收收收收收收收收收收收收收收收收收收收收
        Procedure : frmComm - Private Sub cmdServer_Click()

     Error Source : ListItem

     Error Number : 35605

Error Description : 檜 о跡曖 鐘お煤檜 餉薯腎歷蝗棲棻.

             Date : 2003喇 6錯 11橾 錯蹂橾

             Time : 螃 11:46:09
收收收收收收收收收收收收收收收收收收收收收收收收收收收收收收收收收收收收收收收收
