        Procedure : frmInterface - Private Sub f_subSet_ItemList()

     Error Source : ADODB.Fields

     Error Number : 3265

Error Description : 요청한 이름 또는 서수에 해당하는 컬렉션에서 항목을 찾을 수 없습니다.

             Date : 2003년 7월 30일 월요일

             Time : 오후 10:09:24
━━━━━━━━━━━━━━━━━━━━━━━━━━━━━━━━━━━━━━━━
        Procedure : frmInterface - Privete sub txtBarCode_LostFocus()

     Error Source : Chiron644

     Error Number : 9

Error Description : 첨자 사용이 잘못되었습니다.

             Date : 2003년 7월 30일 월요일

             Time : 오후 10:10:05
━━━━━━━━━━━━━━━━━━━━━━━━━━━━━━━━━━━━━━━━
        Procedure : frmInterface - Privete sub txtBarCode_LostFocus()

     Error Source : Chiron644

     Error Number : 9

Error Description : 첨자 사용이 잘못되었습니다.

             Date : 2003년 7월 30일 월요일

             Time : 오후 10:11:16
━━━━━━━━━━━━━━━━━━━━━━━━━━━━━━━━━━━━━━━━
        Procedure : frmInterface - Privete sub txtBarCode_LostFocus()

     Error Source : Chiron644

     Error Number : 9

Error Description : 첨자 사용이 잘못되었습니다.

             Date : 2003년 7월 30일 월요일

             Time : 오후 10:11:29
━━━━━━━━━━━━━━━━━━━━━━━━━━━━━━━━━━━━━━━━
        Procedure : frmInterface - Privete sub txtBarCode_LostFocus()

     Error Source : Chiron644

     Error Number : 9

Error Description : 첨자 사용이 잘못되었습니다.

             Date : 2003년 7월 30일 월요일

             Time : 오후 10:11:36
━━━━━━━━━━━━━━━━━━━━━━━━━━━━━━━━━━━━━━━━
        Procedure : frmInterface - Privete sub txtBarCode_LostFocus()

     Error Source : Chiron644

     Error Number : 9

Error Description : 첨자 사용이 잘못되었습니다.

             Date : 2003년 7월 30일 월요일

             Time : 오후 10:11:42
━━━━━━━━━━━━━━━━━━━━━━━━━━━━━━━━━━━━━━━━
        Procedure : frmInterface - Privete sub txtBarCode_LostFocus()

     Error Source : Chiron644

     Error Number : 9

Error Description : 첨자 사용이 잘못되었습니다.

             Date : 2003년 7월 30일 월요일

             Time : 오후 10:16:17
━━━━━━━━━━━━━━━━━━━━━━━━━━━━━━━━━━━━━━━━
        Procedure : frmInterface - Privete sub txtBarCode_LostFocus()

     Error Source : Chiron644

     Error Number : 9

Error Description : 첨자 사용이 잘못되었습니다.

             Date : 2003년 7월 30일 월요일

             Time : 오후 10:44:17
━━━━━━━━━━━━━━━━━━━━━━━━━━━━━━━━━━━━━━━━
