        Procedure : frmInterface - Privete sub f_subSet_Result()

     Error Source : M644

     Error Number : 9

Error Description : 繩濠 餌辨檜 澀跤腎歷蝗棲棻.

             Date : 2003喇 7錯 25橾 錯蹂橾

             Time : 螃瞪 10:30:52
收收收收收收收收收收收收收收收收收收收收收收收收收收收收收收收收收收收收收收收收
        Procedure : frmInterface - Privete sub f_subSet_Result()

     Error Source : M644

     Error Number : 9

Error Description : 繩濠 餌辨檜 澀跤腎歷蝗棲棻.

             Date : 2003喇 7錯 25橾 錯蹂橾

             Time : 螃瞪 10:38:41
收收收收收收收收收收收收收收收收收收收收收收收收收收收收收收收收收收收收收收收收
        Procedure : frmInterface - Privete sub f_subSet_Result()

     Error Source : M644

     Error Number : 9

Error Description : 繩濠 餌辨檜 澀跤腎歷蝗棲棻.

             Date : 2003喇 7錯 25橾 錯蹂橾

             Time : 螃瞪 10:41:54
收收收收收收收收收收收收收收收收收收收收收收收收收收收收收收收收收收收收收收收收
        Procedure : frmInterface - Private Sub cmdRun()

     Error Source : MSComm

     Error Number : 8005

Error Description : んお陛 檜嘐 翮溥 氈蝗棲棻.

             Date : 2003喇 7錯 25橾 錯蹂橾

             Time : 螃瞪 10:47:36
收收收收收收收收收收收收收收收收收收收收收收收收收收收收收收收收收收收收收收收收
        Procedure : frmInterface - Privete sub f_subSet_Result()

     Error Source : M644

     Error Number : 9

Error Description : 繩濠 餌辨檜 澀跤腎歷蝗棲棻.

             Date : 2003喇 7錯 25橾 錯蹂橾

             Time : 螃瞪 10:48:02
收收收收收收收收收收收收收收收收收收收收收收收收收收收收收收收收收收收收收收收收
        Procedure : frmInterface - Privete sub f_subSet_Result()

     Error Source : M644

     Error Number : 9

Error Description : 繩濠 餌辨檜 澀跤腎歷蝗棲棻.

             Date : 2003喇 7錯 25橾 錯蹂橾

             Time : 螃瞪 10:52:43
收收收收收收收收收收收收收收收收收收收收收收收收收收收收收收收收收收收收收收收收
        Procedure : frmInterface - Privete sub f_subSet_Result()

     Error Source : M644

     Error Number : 9

Error Description : 繩濠 餌辨檜 澀跤腎歷蝗棲棻.

             Date : 2003喇 7錯 25橾 錯蹂橾

             Time : 螃瞪 10:53:14
收收收收收收收收收收收收收收收收收收收收收收收收收收收收收收收收收收收收收收收收
        Procedure : frmInterface - Privete sub f_subSet_Result()

     Error Source : M644

     Error Number : 9

Error Description : 繩濠 餌辨檜 澀跤腎歷蝗棲棻.

             Date : 2003喇 7錯 25橾 錯蹂橾

             Time : 螃瞪 10:56:20
收收收收收收收收收收收收收收收收收收收收收收收收收收收收收收收收收收收收收收收收
        Procedure : frmInterface - Privete sub f_subSet_Result()

     Error Source : M644

     Error Number : 9

Error Description : 繩濠 餌辨檜 澀跤腎歷蝗棲棻.

             Date : 2003喇 7錯 25橾 錯蹂橾

             Time : 螃瞪 10:56:22
收收收收收收收收收收收收收收收收收收收收收收收收收收收收收收收收收收收收收收收收
        Procedure : frmInterface - Privete sub f_subSet_Result()

     Error Source : M644

     Error Number : 9

Error Description : 繩濠 餌辨檜 澀跤腎歷蝗棲棻.

             Date : 2003喇 7錯 25橾 錯蹂橾

             Time : 螃瞪 11:13:28
收收收收收收收收收收收收收收收收收收收收收收收收收收收收收收收收收收收收收收收收
        Procedure : frmInterface - Private Sub cmdRun()

     Error Source : MSComm

     Error Number : 8002

Error Description : んお 廓ㄟ 澀跤腎歷蝗棲棻.

             Date : 2003喇 7錯 25橾 錯蹂橾

             Time : 螃 3:46:36
收收收收收收收收收收收收收收收收收收收收收收收收收收收收收收收收收收收收收收收收
        Procedure : frmInterface - Private Sub cmdRun()

     Error Source : MSComm

     Error Number : 8002

Error Description : んお 廓ㄟ 澀跤腎歷蝗棲棻.

             Date : 2003喇 7錯 25橾 錯蹂橾

             Time : 螃 4:06:39
收收收收收收收收收收收收收收收收收收收收收收收收收收收收收收收收收收收收收收收收
        Procedure : frmInterface - Privete sub f_subSet_Result()

     Error Source : Microsoft JET Database Engine

     Error Number : -2147467259

Error Description : 'INTERFACE003.SpcNo' в萄朝 望檜陛 0檣 僥濠翮檜 腆 熱 橈蝗棲棻.

             Date : 2003喇 7錯 25橾 錯蹂橾

             Time : 螃 5:43:53
收收收收收收收收收收收收收收收收收收收收收收收收收收收收收收收收收收收收收收收收
        Procedure : frmInterface - Privete sub f_subSet_Result()

     Error Source : Microsoft JET Database Engine

     Error Number : -2147467259

Error Description : 'INTERFACE003.SpcNo' в萄朝 望檜陛 0檣 僥濠翮檜 腆 熱 橈蝗棲棻.

             Date : 2003喇 7錯 25橾 錯蹂橾

             Time : 螃 5:51:00
收收收收收收收收收收收收收收收收收收收收收收收收收收收收收收收收收收收收收收收收
        Procedure : frmInterface - Privete sub f_subSet_Result()

     Error Source : Microsoft JET Database Engine

     Error Number : -2147467259

Error Description : 'INTERFACE003.SpcNo' в萄朝 望檜陛 0檣 僥濠翮檜 腆 熱 橈蝗棲棻.

             Date : 2003喇 7錯 25橾 錯蹂橾

             Time : 螃 6:05:59
收收收收收收收收收收收收收收收收收收收收收收收收收收收收收收收收收收收收收收收收
        Procedure : frmInterface - Privete sub f_subSet_Result()

     Error Source : Chiron644

     Error Number : 9

Error Description : 繩濠 餌辨檜 澀跤腎歷蝗棲棻.

             Date : 2003喇 7錯 25橾 錯蹂橾

             Time : 螃 6:57:26
收收收收收收收收收收收收收收收收收收收收收收收收收收收收收收收收收收收收收收收收
        Procedure : frmInterface - Privete sub f_subSet_Result()

     Error Source : Microsoft JET Database Engine

     Error Number : -2147467259

Error Description : 'INTERFACE003.SpcNo' в萄朝 望檜陛 0檣 僥濠翮檜 腆 熱 橈蝗棲棻.

             Date : 2003喇 7錯 25橾 錯蹂橾

             Time : 螃 7:34:47
收收收收收收收收收收收收收收收收收收收收收收收收收收收收收收收收收收收收收收收收
        Procedure : frmInterface - Privete sub f_subSet_Result()

     Error Source : Microsoft JET Database Engine

     Error Number : -2147467259

Error Description : 'INTERFACE003.SpcNo' в萄朝 望檜陛 0檣 僥濠翮檜 腆 熱 橈蝗棲棻.

             Date : 2003喇 7錯 25橾 錯蹂橾

             Time : 螃 7:36:33
收收收收收收收收收收收收收收收收收收收收收收收收收收收收收收收收收收收收收收收收
        Procedure : frmInterface - Privete sub f_subSet_Result()

     Error Source : Chiron644

     Error Number : 13

Error Description : ⑽衝檜 橾纂ж雖 彊蝗棲棻.

             Date : 2003喇 7錯 25橾 錯蹂橾

             Time : 螃 7:42:18
收收收收收收收收收收收收收收收收收收收收收收收收收收收收收收收收收收收收收收收收
        Procedure : frmInterface - Privete sub f_subSet_Result()

     Error Source : Chiron644

     Error Number : 9

Error Description : 繩濠 餌辨檜 澀跤腎歷蝗棲棻.

             Date : 2003喇 7錯 25橾 錯蹂橾

             Time : 螃 7:57:33
收收收收收收收收收收收收收收收收收收收收收收收收收收收收收收收收收收收收收收收收
        Procedure : frmInterface - Privete sub f_subSet_Result()

     Error Source : Chiron644

     Error Number : 13

Error Description : ⑽衝檜 橾纂ж雖 彊蝗棲棻.

             Date : 2003喇 7錯 25橾 錯蹂橾

             Time : 螃 8:03:47
收收收收收收收收收收收收收收收收收收收收收收收收收收收收收收收收收收收收收收收收
        Procedure : frmInterface - Privete sub f_subSet_Result()

     Error Source : Microsoft JET Database Engine

     Error Number : -2147467259

Error Description : 'INTERFACE003.SpcNo' в萄朝 望檜陛 0檣 僥濠翮檜 腆 熱 橈蝗棲棻.

             Date : 2003喇 7錯 25橾 錯蹂橾

             Time : 螃 8:11:15
收收收收收收收收收收收收收收收收收收收收收收收收收收收收收收收收收收收收收收收收
