        Procedure : frmInterface - Private Sub f_subSet_ItemList()

     Error Source : Vitros950

     Error Number : 9

Error Description : 첨자 사용이 잘못되었습니다.

             Date : 2003년 11월 4일 월요일

             Time : 오전 10:51:51
━━━━━━━━━━━━━━━━━━━━━━━━━━━━━━━━━━━━━━━━
        Procedure : frmInterface - Private Sub f_subSet_ItemList()

     Error Source : Vitros950

     Error Number : 9

Error Description : 첨자 사용이 잘못되었습니다.

             Date : 2003년 11월 4일 월요일

             Time : 오전 10:52:11
━━━━━━━━━━━━━━━━━━━━━━━━━━━━━━━━━━━━━━━━
        Procedure : frmInterface - Private Sub f_subSet_ItemList()

     Error Source : Vitros950

     Error Number : 9

Error Description : 첨자 사용이 잘못되었습니다.

             Date : 2003년 11월 4일 월요일

             Time : 오전 10:53:07
━━━━━━━━━━━━━━━━━━━━━━━━━━━━━━━━━━━━━━━━
        Procedure : frmInterface - Private Sub f_subSet_ItemList()

     Error Source : Vitros950

     Error Number : 9

Error Description : 첨자 사용이 잘못되었습니다.

             Date : 2003년 11월 4일 월요일

             Time : 오전 10:53:34
━━━━━━━━━━━━━━━━━━━━━━━━━━━━━━━━━━━━━━━━
        Procedure : frmInterface - Private Sub f_subSet_ItemList()

     Error Source : Vitros950

     Error Number : 9

Error Description : 첨자 사용이 잘못되었습니다.

             Date : 2003년 11월 4일 월요일

             Time : 오전 11:47:15
━━━━━━━━━━━━━━━━━━━━━━━━━━━━━━━━━━━━━━━━
        Procedure : frmInterface - Private Sub f_subSet_ItemList()

     Error Source : Vitros950

     Error Number : 9

Error Description : 첨자 사용이 잘못되었습니다.

             Date : 2003년 11월 4일 월요일

             Time : 오전 11:47:19
━━━━━━━━━━━━━━━━━━━━━━━━━━━━━━━━━━━━━━━━
        Procedure : clsCommon - Public Function f_subSet_WorkList() As ADODB.Recordset

     Error Source : ADODB.Recordset

     Error Number : 3709

Error Description : 이 작업을 수행하는 데 연결을 사용할 수 없습니다. 이 컨텍스트에서 연결이 닫혀 있거나 잘못되었습니다.

             Date : 2003년 11월 4일 월요일

             Time : 오전 11:49:03
━━━━━━━━━━━━━━━━━━━━━━━━━━━━━━━━━━━━━━━━
        Procedure : clsCommon - Public Function f_subSet_WorkList() As ADODB.Recordset

     Error Source : Vitros950

     Error Number : 424

Error Description : 개체가 필요합니다.

             Date : 2003년 11월 4일 월요일

             Time : 오전 11:49:05
━━━━━━━━━━━━━━━━━━━━━━━━━━━━━━━━━━━━━━━━
        Procedure : clsCommon - Public Function f_subSet_WorkList() As ADODB.Recordset

     Error Source : ADODB.Recordset

     Error Number : 3709

Error Description : 이 작업을 수행하는 데 연결을 사용할 수 없습니다. 이 컨텍스트에서 연결이 닫혀 있거나 잘못되었습니다.

             Date : 2003년 11월 4일 월요일

             Time : 오전 11:50:06
━━━━━━━━━━━━━━━━━━━━━━━━━━━━━━━━━━━━━━━━
        Procedure : clsCommon - Public Function f_subSet_WorkList() As ADODB.Recordset

     Error Source : Vitros950

     Error Number : 424

Error Description : 개체가 필요합니다.

             Date : 2003년 11월 4일 월요일

             Time : 오전 11:50:08
━━━━━━━━━━━━━━━━━━━━━━━━━━━━━━━━━━━━━━━━
