53 행: imlList 컨트롤의 MSComctlLib.ImageList 클래스는 로드한 컨트롤 클래스가 아닙니다.
91 행: imlStatus 컨트롤의 MSComctlLib.ImageList 클래스는 로드한 컨트롤 클래스가 아닙니다.
348 행: CaptionBar1 컨트롤의 HSCotrol.CaptionBar 클래스는 로드한 컨트롤 클래스가 아닙니다.
622 행: lvwCuData 컨트롤의 MSComctlLib.ListView 클래스는 로드한 컨트롤 클래스가 아닙니다.
1165 행: pnlCom2 컨트롤의 HSCotrol.UserPanel 클래스는 로드한 컨트롤 클래스가 아닙니다.
1215 행: cmdChksum 컨트롤의 HSCotrol.CButton 클래스는 로드한 컨트롤 클래스가 아닙니다.
1237 행: cmdCOMOutput2 컨트롤의 HSCotrol.CButton 클래스는 로드한 컨트롤 클래스가 아닙니다.
1259 행: cmdCOMClear2 컨트롤의 HSCotrol.CButton 클래스는 로드한 컨트롤 클래스가 아닙니다.
1282 행: cmdCOMInput2 컨트롤의 HSCotrol.CButton 클래스는 로드한 컨트롤 클래스가 아닙니다.
1304 행: cmdCOMLoad 컨트롤의 HSCotrol.CButton 클래스는 로드한 컨트롤 클래스가 아닙니다.
1327 행: cmdACK 컨트롤의 HSCotrol.CButton 클래스는 로드한 컨트롤 클래스가 아닙니다.
1349 행: cmdENQ 컨트롤의 HSCotrol.CButton 클래스는 로드한 컨트롤 클래스가 아닙니다.
1871 행: pnlCom 컨트롤의 HSCotrol.UserPanel 클래스는 로드한 컨트롤 클래스가 아닙니다.
1916 행: cmdCOMSave 컨트롤의 HSCotrol.CButton 클래스는 로드한 컨트롤 클래스가 아닙니다.
1939 행: cmdCOMOutput 컨트롤의 HSCotrol.CButton 클래스는 로드한 컨트롤 클래스가 아닙니다.
1961 행: cmdCOMClear 컨트롤의 HSCotrol.CButton 클래스는 로드한 컨트롤 클래스가 아닙니다.
1984 행: cmdCOMInput 컨트롤의 HSCotrol.CButton 클래스는 로드한 컨트롤 클래스가 아닙니다.
56 행: imlList의 _ExtentX 속성 이름이 잘못되었습니다. 
57 행: imlList의 _ExtentY 속성 이름이 잘못되었습니다. 
59 행: imlList의 ImageWidth 속성 이름이 잘못되었습니다. 
60 행: imlList의 ImageHeight 속성 이름이 잘못되었습니다. 
61 행: imlList의 MaskColor 속성 이름이 잘못되었습니다. 
62 행: imlList의 _Version 속성 이름이 잘못되었습니다. 
89 행: imlList의 Images 속성 이름이 잘못되었습니다. 
94 행: imlStatus의 _ExtentX 속성 이름이 잘못되었습니다. 
95 행: imlStatus의 _ExtentY 속성 이름이 잘못되었습니다. 
97 행: imlStatus의 ImageWidth 속성 이름이 잘못되었습니다. 
98 행: imlStatus의 ImageHeight 속성 이름이 잘못되었습니다. 
99 행: imlStatus의 MaskColor 속성 이름이 잘못되었습니다. 
100 행: imlStatus의 _Version 속성 이름이 잘못되었습니다. 
131 행: imlStatus의 Images 속성 이름이 잘못되었습니다. 
355 행: CaptionBar1의 _ExtentX 속성 이름이 잘못되었습니다. 
356 행: CaptionBar1의 _ExtentY 속성 이름이 잘못되었습니다. 
357 행: CaptionBar1의 Border 속성 이름이 잘못되었습니다. 
358 행: CaptionBar1의 CaptionBackColor 속성 이름이 잘못되었습니다. 
359 행: CaptionBar1의 Caption 속성 이름이 잘못되었습니다. 
360 행: CaptionBar1의 SubCaption 속성 이름이 잘못되었습니다. 
378 행: CaptionBar1의 SubCaptionFont 속성 이름이 잘못되었습니다. 
582 행: spdResult1 컨트롤을 로드할 수 없습니다. 사용 권한을 찾을 수 없습니다.
629 행: lvwCuData의 _ExtentX 속성 이름이 잘못되었습니다. 
630 행: lvwCuData의 _ExtentY 속성 이름이 잘못되었습니다. 
631 행: lvwCuData의 View 속성 이름이 잘못되었습니다. 
632 행: lvwCuData의 LabelWrap 속성 이름이 잘못되었습니다. 
633 행: lvwCuData의 HideSelection 속성 이름이 잘못되었습니다. 
634 행: lvwCuData의 _Version 속성 이름이 잘못되었습니다. 
639 행: lvwCuData의 NumItems 속성 이름이 잘못되었습니다. 
641 행: spdRstview 컨트롤을 로드할 수 없습니다. 사용 권한을 찾을 수 없습니다.
1172 행: pnlCom2의 _ExtentX 속성 이름이 잘못되었습니다. 
1173 행: pnlCom2의 _ExtentY 속성 이름이 잘못되었습니다. 
1174 행: pnlCom2의 Bevel 속성 이름이 잘못되었습니다. 
1221 행: cmdChksum의 _ExtentX 속성 이름이 잘못되었습니다. 
1222 행: cmdChksum의 _ExtentY 속성 이름이 잘못되었습니다. 
1223 행: cmdChksum의 Caption 속성 이름이 잘못되었습니다. 
1233 행: cmdChksum의 MaskColor 속성 이름이 잘못되었습니다. 
1235 행: cmdChksum의 BorderColor 속성 이름이 잘못되었습니다. 
1243 행: cmdCOMOutput2의 _ExtentX 속성 이름이 잘못되었습니다. 
1244 행: cmdCOMOutput2의 _ExtentY 속성 이름이 잘못되었습니다. 
1245 행: cmdCOMOutput2의 Caption 속성 이름이 잘못되었습니다. 
1255 행: cmdCOMOutput2의 MaskColor 속성 이름이 잘못되었습니다. 
1257 행: cmdCOMOutput2의 BorderColor 속성 이름이 잘못되었습니다. 
1266 행: cmdCOMClear2의 _ExtentX 속성 이름이 잘못되었습니다. 
1267 행: cmdCOMClear2의 _ExtentY 속성 이름이 잘못되었습니다. 
1268 행: cmdCOMClear2의 Caption 속성 이름이 잘못되었습니다. 
1278 행: cmdCOMClear2의 MaskColor 속성 이름이 잘못되었습니다. 
1280 행: cmdCOMClear2의 BorderColor 속성 이름이 잘못되었습니다. 
1288 행: cmdCOMInput2의 _ExtentX 속성 이름이 잘못되었습니다. 
1289 행: cmdCOMInput2의 _ExtentY 속성 이름이 잘못되었습니다. 
1290 행: cmdCOMInput2의 Caption 속성 이름이 잘못되었습니다. 
1300 행: cmdCOMInput2의 MaskColor 속성 이름이 잘못되었습니다. 
1302 행: cmdCOMInput2의 BorderColor 속성 이름이 잘못되었습니다. 
1311 행: cmdCOMLoad의 _ExtentX 속성 이름이 잘못되었습니다. 
1312 행: cmdCOMLoad의 _ExtentY 속성 이름이 잘못되었습니다. 
1313 행: cmdCOMLoad의 Caption 속성 이름이 잘못되었습니다. 
1323 행: cmdCOMLoad의 MaskColor 속성 이름이 잘못되었습니다. 
1325 행: cmdCOMLoad의 BorderColor 속성 이름이 잘못되었습니다. 
1333 행: cmdACK의 _ExtentX 속성 이름이 잘못되었습니다. 
1334 행: cmdACK의 _ExtentY 속성 이름이 잘못되었습니다. 
1335 행: cmdACK의 Caption 속성 이름이 잘못되었습니다. 
1345 행: cmdACK의 MaskColor 속성 이름이 잘못되었습니다. 
1347 행: cmdACK의 BorderColor 속성 이름이 잘못되었습니다. 
1355 행: cmdENQ의 _ExtentX 속성 이름이 잘못되었습니다. 
1356 행: cmdENQ의 _ExtentY 속성 이름이 잘못되었습니다. 
1357 행: cmdENQ의 Caption 속성 이름이 잘못되었습니다. 
1367 행: cmdENQ의 MaskColor 속성 이름이 잘못되었습니다. 
1369 행: cmdENQ의 BorderColor 속성 이름이 잘못되었습니다. 
1382 행: spdWorklist 컨트롤을 로드할 수 없습니다. 사용 권한을 찾을 수 없습니다.
1849 행: tblexcel 컨트롤을 로드할 수 없습니다. 사용 권한을 찾을 수 없습니다.
1878 행: pnlCom의 _ExtentX 속성 이름이 잘못되었습니다. 
1879 행: pnlCom의 _ExtentY 속성 이름이 잘못되었습니다. 
1880 행: pnlCom의 Bevel 속성 이름이 잘못되었습니다. 
1881 행: pnlCom의 Moveble 속성 이름이 잘못되었습니다. 
1882 행: pnlCom의 CloseEnabled 속성 이름이 잘못되었습니다. 
1923 행: cmdCOMSave의 _ExtentX 속성 이름이 잘못되었습니다. 
1924 행: cmdCOMSave의 _ExtentY 속성 이름이 잘못되었습니다. 
1925 행: cmdCOMSave의 Caption 속성 이름이 잘못되었습니다. 
1935 행: cmdCOMSave의 MaskColor 속성 이름이 잘못되었습니다. 
1937 행: cmdCOMSave의 BorderColor 속성 이름이 잘못되었습니다. 
1945 행: cmdCOMOutput의 _ExtentX 속성 이름이 잘못되었습니다. 
1946 행: cmdCOMOutput의 _ExtentY 속성 이름이 잘못되었습니다. 
1947 행: cmdCOMOutput의 Caption 속성 이름이 잘못되었습니다. 
1957 행: cmdCOMOutput의 MaskColor 속성 이름이 잘못되었습니다. 
1959 행: cmdCOMOutput의 BorderColor 속성 이름이 잘못되었습니다. 
1968 행: cmdCOMClear의 _ExtentX 속성 이름이 잘못되었습니다. 
1969 행: cmdCOMClear의 _ExtentY 속성 이름이 잘못되었습니다. 
1970 행: cmdCOMClear의 Caption 속성 이름이 잘못되었습니다. 
1980 행: cmdCOMClear의 MaskColor 속성 이름이 잘못되었습니다. 
1982 행: cmdCOMClear의 BorderColor 속성 이름이 잘못되었습니다. 
1990 행: cmdCOMInput의 _ExtentX 속성 이름이 잘못되었습니다. 
1991 행: cmdCOMInput의 _ExtentY 속성 이름이 잘못되었습니다. 
1992 행: cmdCOMInput의 Caption 속성 이름이 잘못되었습니다. 
2002 행: cmdCOMInput의 MaskColor 속성 이름이 잘못되었습니다. 
2004 행: cmdCOMInput의 BorderColor 속성 이름이 잘못되었습니다. 
2008 행: spdResult2 컨트롤을 로드할 수 없습니다. 사용 권한을 찾을 수 없습니다.
