101 행: LisLabel8 컨트롤의 MedControls1.LisLabel 클래스는 로드한 컨트롤 클래스가 아닙니다.
142 행: LisLabel4 컨트롤의 MedControls1.LisLabel 클래스는 로드한 컨트롤 클래스가 아닙니다.
167 행: LisLabel4 컨트롤의 MedControls1.LisLabel 클래스는 로드한 컨트롤 클래스가 아닙니다.
212 행: lblAccNo 컨트롤의 MedControls1.LisLabel 클래스는 로드한 컨트롤 클래스가 아닙니다.
234 행: lblBarNo 컨트롤의 MedControls1.LisLabel 클래스는 로드한 컨트롤 클래스가 아닙니다.
257 행: LisLabel6 컨트롤의 MedControls1.LisLabel 클래스는 로드한 컨트롤 클래스가 아닙니다.
306 행: lblCtrlNm 컨트롤의 MedControls1.LisLabel 클래스는 로드한 컨트롤 클래스가 아닙니다.
327 행: lblCtrlDiv 컨트롤의 MedControls1.LisLabel 클래스는 로드한 컨트롤 클래스가 아닙니다.
349 행: lblEqp 컨트롤의 MedControls1.LisLabel 클래스는 로드한 컨트롤 클래스가 아닙니다.
370 행: lblBuilding 컨트롤의 MedControls1.LisLabel 클래스는 로드한 컨트롤 클래스가 아닙니다.
391 행: lblSection 컨트롤의 MedControls1.LisLabel 클래스는 로드한 컨트롤 클래스가 아닙니다.
412 행: lblWorkarea 컨트롤의 MedControls1.LisLabel 클래스는 로드한 컨트롤 클래스가 아닙니다.
472 행: LisLabel4 컨트롤의 MedControls1.LisLabel 클래스는 로드한 컨트롤 클래스가 아닙니다.
497 행: LisLabel4 컨트롤의 MedControls1.LisLabel 클래스는 로드한 컨트롤 클래스가 아닙니다.
522 행: LisLabel4 컨트롤의 MedControls1.LisLabel 클래스는 로드한 컨트롤 클래스가 아닙니다.
546 행: LisLabel4 컨트롤의 MedControls1.LisLabel 클래스는 로드한 컨트롤 클래스가 아닙니다.
570 행: LisLabel4 컨트롤의 MedControls1.LisLabel 클래스는 로드한 컨트롤 클래스가 아닙니다.
594 행: LisLabel4 컨트롤의 MedControls1.LisLabel 클래스는 로드한 컨트롤 클래스가 아닙니다.
619 행: LisLabel4 컨트롤의 MedControls1.LisLabel 클래스는 로드한 컨트롤 클래스가 아닙니다.
659 행: lblOpenDt 컨트롤의 MedControls1.LisLabel 클래스는 로드한 컨트롤 클래스가 아닙니다.
681 행: lblExpDt 컨트롤의 MedControls1.LisLabel 클래스는 로드한 컨트롤 클래스가 아닙니다.
703 행: lblMakeCd 컨트롤의 MedControls1.LisLabel 클래스는 로드한 컨트롤 클래스가 아닙니다.
724 행: lblRemark 컨트롤의 MedControls1.LisLabel 클래스는 로드한 컨트롤 클래스가 아닙니다.
745 행: LisLabel4 컨트롤의 MedControls1.LisLabel 클래스는 로드한 컨트롤 클래스가 아닙니다.
770 행: LisLabel4 컨트롤의 MedControls1.LisLabel 클래스는 로드한 컨트롤 클래스가 아닙니다.
794 행: LisLabel4 컨트롤의 MedControls1.LisLabel 클래스는 로드한 컨트롤 클래스가 아닙니다.
818 행: LisLabel4 컨트롤의 MedControls1.LisLabel 클래스는 로드한 컨트롤 클래스가 아닙니다.
842 행: LisLabel4 컨트롤의 MedControls1.LisLabel 클래스는 로드한 컨트롤 클래스가 아닙니다.
868 행: LisLabel9 컨트롤의 MedControls1.LisLabel 클래스는 로드한 컨트롤 클래스가 아닙니다.
907 행: lblAllCnt 컨트롤의 MedControls1.LisLabel 클래스는 로드한 컨트롤 클래스가 아닙니다.
929 행: lblSelCnt 컨트롤의 MedControls1.LisLabel 클래스는 로드한 컨트롤 클래스가 아닙니다.
951 행: LisLabel4 컨트롤의 MedControls1.LisLabel 클래스는 로드한 컨트롤 클래스가 아닙니다.
975 행: LisLabel4 컨트롤의 MedControls1.LisLabel 클래스는 로드한 컨트롤 클래스가 아닙니다.
