64 행: LisLabel6 컨트롤의 MedControls1.LisLabel 클래스는 로드한 컨트롤 클래스가 아닙니다.
115 행: lblCtrlNm 컨트롤의 MedControls1.LisLabel 클래스는 로드한 컨트롤 클래스가 아닙니다.
155 행: lblCtrlDiv 컨트롤의 MedControls1.LisLabel 클래스는 로드한 컨트롤 클래스가 아닙니다.
177 행: lblEqp 컨트롤의 MedControls1.LisLabel 클래스는 로드한 컨트롤 클래스가 아닙니다.
198 행: lblBuilding 컨트롤의 MedControls1.LisLabel 클래스는 로드한 컨트롤 클래스가 아닙니다.
219 행: lblSection 컨트롤의 MedControls1.LisLabel 클래스는 로드한 컨트롤 클래스가 아닙니다.
240 행: lblWorkarea 컨트롤의 MedControls1.LisLabel 클래스는 로드한 컨트롤 클래스가 아닙니다.
300 행: LisLabel4 컨트롤의 MedControls1.LisLabel 클래스는 로드한 컨트롤 클래스가 아닙니다.
325 행: LisLabel4 컨트롤의 MedControls1.LisLabel 클래스는 로드한 컨트롤 클래스가 아닙니다.
350 행: LisLabel4 컨트롤의 MedControls1.LisLabel 클래스는 로드한 컨트롤 클래스가 아닙니다.
374 행: LisLabel4 컨트롤의 MedControls1.LisLabel 클래스는 로드한 컨트롤 클래스가 아닙니다.
398 행: LisLabel4 컨트롤의 MedControls1.LisLabel 클래스는 로드한 컨트롤 클래스가 아닙니다.
422 행: LisLabel4 컨트롤의 MedControls1.LisLabel 클래스는 로드한 컨트롤 클래스가 아닙니다.
447 행: LisLabel4 컨트롤의 MedControls1.LisLabel 클래스는 로드한 컨트롤 클래스가 아닙니다.
472 행: LisLabel3 컨트롤의 MedControls1.LisLabel 클래스는 로드한 컨트롤 클래스가 아닙니다.
502 행: LisLabel4 컨트롤의 MedControls1.LisLabel 클래스는 로드한 컨트롤 클래스가 아닙니다.
527 행: LisLabel4 컨트롤의 MedControls1.LisLabel 클래스는 로드한 컨트롤 클래스가 아닙니다.
749 행: lblDayCnt 컨트롤의 MedControls1.LisLabel 클래스는 로드한 컨트롤 클래스가 아닙니다.
771 행: lblTestCnt 컨트롤의 MedControls1.LisLabel 클래스는 로드한 컨트롤 클래스가 아닙니다.
889 행: LisLabel2 컨트롤의 MedControls1.LisLabel 클래스는 로드한 컨트롤 클래스가 아닙니다.
1042 행: LisLabel4 컨트롤의 MedControls1.LisLabel 클래스는 로드한 컨트롤 클래스가 아닙니다.
1078 행: LisLabel4 컨트롤의 MedControls1.LisLabel 클래스는 로드한 컨트롤 클래스가 아닙니다.
