159 행: spdResult1 컨트롤의 FPSpread.vaSpread 클래스는 로드한 컨트롤 클래스가 아닙니다.
301 행: spdRstDetail 컨트롤의 FPSpread.vaSpread 클래스는 로드한 컨트롤 클래스가 아닙니다.
165 행: spdResult1의 _Version 속성 이름이 잘못되었습니다. 
166 행: spdResult1의 _ExtentX 속성 이름이 잘못되었습니다. 
167 행: spdResult1의 _ExtentY 속성 이름이 잘못되었습니다. 
168 행: spdResult1의 _StockProps 속성 이름이 잘못되었습니다. 
169 행: spdResult1의 AllowDragDrop 속성 이름이 잘못되었습니다. 
170 행: spdResult1의 AllowMultiBlocks 속성 이름이 잘못되었습니다. 
171 행: spdResult1의 AllowUserFormulas 속성 이름이 잘못되었습니다. 
172 행: spdResult1의 BackColorStyle 속성 이름이 잘못되었습니다. 
173 행: spdResult1의 ColHeaderDisplay 속성 이름이 잘못되었습니다. 
174 행: spdResult1의 ColsFrozen 속성 이름이 잘못되었습니다. 
175 행: spdResult1의 EditEnterAction 속성 이름이 잘못되었습니다. 
185 행: spdResult1의 MaxCols 속성 이름이 잘못되었습니다. 
186 행: spdResult1의 MaxRows 속성 이름이 잘못되었습니다. 
187 행: spdResult1의 Protect 속성 이름이 잘못되었습니다. 
188 행: spdResult1의 RetainSelBlock 속성 이름이 잘못되었습니다. 
189 행: spdResult1의 SpreadDesigner 속성 이름이 잘못되었습니다. 
190 행: spdResult1의 ScrollBarTrack 속성 이름이 잘못되었습니다. 
307 행: spdRstDetail의 _Version 속성 이름이 잘못되었습니다. 
308 행: spdRstDetail의 _ExtentX 속성 이름이 잘못되었습니다. 
309 행: spdRstDetail의 _ExtentY 속성 이름이 잘못되었습니다. 
310 행: spdRstDetail의 _StockProps 속성 이름이 잘못되었습니다. 
311 행: spdRstDetail의 AllowDragDrop 속성 이름이 잘못되었습니다. 
312 행: spdRstDetail의 AllowMultiBlocks 속성 이름이 잘못되었습니다. 
313 행: spdRstDetail의 AllowUserFormulas 속성 이름이 잘못되었습니다. 
314 행: spdRstDetail의 BackColorStyle 속성 이름이 잘못되었습니다. 
315 행: spdRstDetail의 ColHeaderDisplay 속성 이름이 잘못되었습니다. 
316 행: spdRstDetail의 EditEnterAction 속성 이름이 잘못되었습니다. 
317 행: spdRstDetail의 EditModePermanent 속성 이름이 잘못되었습니다. 
327 행: spdRstDetail의 MaxCols 속성 이름이 잘못되었습니다. 
328 행: spdRstDetail의 MaxRows 속성 이름이 잘못되었습니다. 
329 행: spdRstDetail의 Protect 속성 이름이 잘못되었습니다. 
330 행: spdRstDetail의 RetainSelBlock 속성 이름이 잘못되었습니다. 
331 행: spdRstDetail의 ScrollBarMaxAlign 속성 이름이 잘못되었습니다. 
332 행: spdRstDetail의 ScrollBars 속성 이름이 잘못되었습니다. 
333 행: spdRstDetail의 ScrollBarShowMax 속성 이름이 잘못되었습니다. 
334 행: spdRstDetail의 SelectBlockOptions 속성 이름이 잘못되었습니다. 
335 행: spdRstDetail의 SpreadDesigner 속성 이름이 잘못되었습니다. 
336 행: spdRstDetail의 ScrollBarTrack 속성 이름이 잘못되었습니다. 
