## ABL 555 Version History ##

## 버  전: 1.0.0
## 작성일: 2004-06-02

## 버  전: 1.0.0
## 적용일: 2004-09-30
## 병  원: 동국대학교 경주병원

## 버  전: 1.0.1
## 수정일: 2005-02-22
## 내  용:
   1. Alarm창이 닫힌후 txtBarNo로 포커스가 이동하도록 수정
      - frmIISABL555 - cmdAlarm_Click
## 병  원: 동국대학교 경주병원

## 버  전: 1.0.2
## 수정일: 2005-05-27
## 내  용:
   1. txtWorkNo의 MaxLength를 9로 제한
      - Form Design
## 병  원: 동국대학교 경주병원

## 버  전: 1.0.3
## 수정일: 2005-06-24
## 내  용:
   1. tblComplete에 결과표시시 버그수정
      - frmIISAB555 - tblComplete_Click

## 버  전: 1.0.4
## 수정일: 2005-06-29
## 내  용:
   1. 수신한 데이터 편집시 첫번째의 레코드는 두번째 문자가 Record Type인데 처리되지 않어
      처리기능 추가
      - frmIISAB555 - EditRcvData
   2. 접수정보가 없는 검체의 결과수신시 장비결과란에 LIS결과가 표시되는 버그수정
      - frmIISAB555 - SetComplete1

## 버  전: 1.0.4
## 적용일: 2005-07-30
## 병  원: 동국대학교 경주병원

## 버  전: 1.0.4
## 적용일: 2005-09-06
## 병  원: 단국대병원
