        Procedure : frmInterface - Private Sub cmdRun()

     Error Source : MSComm

     Error Number : 8002

Error Description : 포트 번호가 잘못되었습니다.

             Date : 2012년 12월 28일 월요일

             Time : 오전 11:01:06
━━━━━━━━━━━━━━━━━━━━━━━━━━━━━━━━━━━━━━━━
        Procedure : frmTestEqp - Private Sub cmdSave()

     Error Source : Microsoft JET Database Engine

     Error Number : -2147467259

Error Description : 인덱스, 기본 키 또는 관계에서 중복된 값을 만들었기 때문에 테이블에 요청된 변경 사항이 적용되지 않았습니다. 필드의 데이터 또는 중복 데이터가 있는 필드를 변경하거나 인덱스를 제거하거나 중복이 가능한 인덱스로 다시 정의하여 다시 시도하십시오.

             Date : 2012년 12월 28일 월요일

             Time : 오전 11:46:51
━━━━━━━━━━━━━━━━━━━━━━━━━━━━━━━━━━━━━━━━
        Procedure : frmTestEqp - Private Sub cmdSave()

     Error Source : Microsoft JET Database Engine

     Error Number : -2147467259

Error Description : 인덱스, 기본 키 또는 관계에서 중복된 값을 만들었기 때문에 테이블에 요청된 변경 사항이 적용되지 않았습니다. 필드의 데이터 또는 중복 데이터가 있는 필드를 변경하거나 인덱스를 제거하거나 중복이 가능한 인덱스로 다시 정의하여 다시 시도하십시오.

             Date : 2012년 12월 28일 월요일

             Time : 오전 11:47:08
━━━━━━━━━━━━━━━━━━━━━━━━━━━━━━━━━━━━━━━━
        Procedure : frmInterface - Private Sub cmdRun()

     Error Source : MSComm

     Error Number : 8002

Error Description : 포트 번호가 잘못되었습니다.

             Date : 2012년 12월 28일 월요일

             Time : 오후 1:14:28
━━━━━━━━━━━━━━━━━━━━━━━━━━━━━━━━━━━━━━━━
        Procedure : frmInterface - Private Sub cmdRun()

     Error Source : MSComm

     Error Number : 8002

Error Description : 포트 번호가 잘못되었습니다.

             Date : 2012년 12월 28일 월요일

             Time : 오후 1:16:13
━━━━━━━━━━━━━━━━━━━━━━━━━━━━━━━━━━━━━━━━
        Procedure : frmInterface - Private Sub cmdRun()

     Error Source : MSComm

     Error Number : 8002

Error Description : 포트 번호가 잘못되었습니다.

             Date : 2012년 12월 28일 월요일

             Time : 오후 1:16:54
━━━━━━━━━━━━━━━━━━━━━━━━━━━━━━━━━━━━━━━━
        Procedure : frmInterface - Private Sub cmdRun()

     Error Source : MSComm

     Error Number : 8002

Error Description : 포트 번호가 잘못되었습니다.

             Date : 2012년 12월 28일 월요일

             Time : 오후 1:17:28
━━━━━━━━━━━━━━━━━━━━━━━━━━━━━━━━━━━━━━━━
        Procedure : frmInterface - Private Sub cmdRun()

     Error Source : MSComm

     Error Number : 8002

Error Description : 포트 번호가 잘못되었습니다.

             Date : 2012년 12월 28일 월요일

             Time : 오후 1:30:24
━━━━━━━━━━━━━━━━━━━━━━━━━━━━━━━━━━━━━━━━
        Procedure : frmInterface - Private Sub cmdRun()

     Error Source : MSComm

     Error Number : 8002

Error Description : 포트 번호가 잘못되었습니다.

             Date : 2012년 12월 28일 월요일

             Time : 오후 1:31:29
━━━━━━━━━━━━━━━━━━━━━━━━━━━━━━━━━━━━━━━━
