21 행: SSPanel3 컨트롤의 Threed.SSPanel 클래스는 로드한 컨트롤 클래스가 아닙니다.
48 행: SSPanel1 컨트롤의 Threed.SSPanel 클래스는 로드한 컨트롤 클래스가 아닙니다.
71 행: pnlMsg 컨트롤의 Threed.SSPanel 클래스는 로드한 컨트롤 클래스가 아닙니다.
95 행: pnlUserNm 컨트롤의 Threed.SSPanel 클래스는 로드한 컨트롤 클래스가 아닙니다.
120 행: SSPanel2 컨트롤의 Threed.SSPanel 클래스는 로드한 컨트롤 클래스가 아닙니다.
143 행: pnlDT 컨트롤의 Threed.SSPanel 클래스는 로드한 컨트롤 클래스가 아닙니다.
28 행: SSPanel3의 _Version 속성 이름이 잘못되었습니다. 
29 행: SSPanel3의 _ExtentX 속성 이름이 잘못되었습니다. 
30 행: SSPanel3의 _ExtentY 속성 이름이 잘못되었습니다. 
31 행: SSPanel3의 _StockProps 속성 이름이 잘못되었습니다. 
43 행: SSPanel3의 BevelWidth 속성 이름이 잘못되었습니다. 
44 행: SSPanel3의 BorderWidth 속성 이름이 잘못되었습니다. 
45 행: SSPanel3의 BevelInner 속성 이름이 잘못되었습니다. 
46 행: SSPanel3의 Alignment 속성 이름이 잘못되었습니다. 
55 행: SSPanel1의 _Version 속성 이름이 잘못되었습니다. 
56 행: SSPanel1의 _ExtentX 속성 이름이 잘못되었습니다. 
57 행: SSPanel1의 _ExtentY 속성 이름이 잘못되었습니다. 
58 행: SSPanel1의 _StockProps 속성 이름이 잘못되었습니다. 
69 행: SSPanel1의 BorderWidth 속성 이름이 잘못되었습니다. 
70 행: SSPanel1의 BevelOuter 속성 이름이 잘못되었습니다. 
77 행: pnlMsg의 _Version 속성 이름이 잘못되었습니다. 
78 행: pnlMsg의 _ExtentX 속성 이름이 잘못되었습니다. 
79 행: pnlMsg의 _ExtentY 속성 이름이 잘못되었습니다. 
80 행: pnlMsg의 _StockProps 속성 이름이 잘못되었습니다. 
91 행: pnlMsg의 BorderWidth 속성 이름이 잘못되었습니다. 
92 행: pnlMsg의 BevelOuter 속성 이름이 잘못되었습니다. 
93 행: pnlMsg의 Alignment 속성 이름이 잘못되었습니다. 
101 행: pnlUserNm의 _Version 속성 이름이 잘못되었습니다. 
102 행: pnlUserNm의 _ExtentX 속성 이름이 잘못되었습니다. 
103 행: pnlUserNm의 _ExtentY 속성 이름이 잘못되었습니다. 
104 행: pnlUserNm의 _StockProps 속성 이름이 잘못되었습니다. 
105 행: pnlUserNm의 Caption 속성 이름이 잘못되었습니다. 
116 행: pnlUserNm의 BorderWidth 속성 이름이 잘못되었습니다. 
117 행: pnlUserNm의 BevelOuter 속성 이름이 잘못되었습니다. 
118 행: pnlUserNm의 Alignment 속성 이름이 잘못되었습니다. 
126 행: SSPanel2의 _Version 속성 이름이 잘못되었습니다. 
127 행: SSPanel2의 _ExtentX 속성 이름이 잘못되었습니다. 
128 행: SSPanel2의 _ExtentY 속성 이름이 잘못되었습니다. 
129 행: SSPanel2의 _StockProps 속성 이름이 잘못되었습니다. 
130 행: SSPanel2의 Caption 속성 이름이 잘못되었습니다. 
149 행: pnlDT의 _Version 속성 이름이 잘못되었습니다. 
150 행: pnlDT의 _ExtentX 속성 이름이 잘못되었습니다. 
151 행: pnlDT의 _ExtentY 속성 이름이 잘못되었습니다. 
152 행: pnlDT의 _StockProps 속성 이름이 잘못되었습니다. 
153 행: pnlDT의 Caption 속성 이름이 잘못되었습니다. 
164 행: pnlDT의 BorderWidth 속성 이름이 잘못되었습니다. 
165 행: pnlDT의 BevelOuter 속성 이름이 잘못되었습니다. 
