98 행: spdMicro 컨트롤의 FPUSpreadADO.fpSpread 클래스는 로드한 컨트롤 클래스가 아닙니다.
151 행: imlList 컨트롤의 MSComctlLib.ImageList 클래스는 로드한 컨트롤 클래스가 아닙니다.
189 행: imlStatus 컨트롤의 MSComctlLib.ImageList 클래스는 로드한 컨트롤 클래스가 아닙니다.
585 행: spd저장체크 컨트롤의 FPUSpreadADO.fpSpread 클래스는 로드한 컨트롤 클래스가 아닙니다.
1306 행: lvwCuData 컨트롤의 MSComctlLib.ListView 클래스는 로드한 컨트롤 클래스가 아닙니다.
1543 행: spdResult2 컨트롤의 FPSpreadADO.fpSpread 클래스는 로드한 컨트롤 클래스가 아닙니다.
1774 행: spdResult1 컨트롤의 FPUSpreadADO.fpSpread 클래스는 로드한 컨트롤 클래스가 아닙니다.
1840 행: spdRstview 컨트롤의 FPUSpreadADO.fpSpread 클래스는 로드한 컨트롤 클래스가 아닙니다.
104 행: spdMicro의 _Version 속성 이름이 잘못되었습니다. 
105 행: spdMicro의 _ExtentX 속성 이름이 잘못되었습니다. 
106 행: spdMicro의 _ExtentY 속성 이름이 잘못되었습니다. 
107 행: spdMicro의 _StockProps 속성 이름이 잘못되었습니다. 
108 행: spdMicro의 ColsFrozen 속성 이름이 잘못되었습니다. 
118 행: spdMicro의 MaxCols 속성 이름이 잘못되었습니다. 
119 행: spdMicro의 MaxRows 속성 이름이 잘못되었습니다. 
120 행: spdMicro의 ScrollBars 속성 이름이 잘못되었습니다. 
121 행: spdMicro의 SpreadDesigner 속성 이름이 잘못되었습니다. 
154 행: imlList의 _ExtentX 속성 이름이 잘못되었습니다. 
155 행: imlList의 _ExtentY 속성 이름이 잘못되었습니다. 
157 행: imlList의 ImageWidth 속성 이름이 잘못되었습니다. 
158 행: imlList의 ImageHeight 속성 이름이 잘못되었습니다. 
159 행: imlList의 MaskColor 속성 이름이 잘못되었습니다. 
160 행: imlList의 _Version 속성 이름이 잘못되었습니다. 
187 행: imlList의 Images 속성 이름이 잘못되었습니다. 
192 행: imlStatus의 _ExtentX 속성 이름이 잘못되었습니다. 
193 행: imlStatus의 _ExtentY 속성 이름이 잘못되었습니다. 
195 행: imlStatus의 ImageWidth 속성 이름이 잘못되었습니다. 
196 행: imlStatus의 ImageHeight 속성 이름이 잘못되었습니다. 
197 행: imlStatus의 MaskColor 속성 이름이 잘못되었습니다. 
198 행: imlStatus의 _Version 속성 이름이 잘못되었습니다. 
229 행: imlStatus의 Images 속성 이름이 잘못되었습니다. 
592 행: spd저장체크의 _Version 속성 이름이 잘못되었습니다. 
593 행: spd저장체크의 _ExtentX 속성 이름이 잘못되었습니다. 
594 행: spd저장체크의 _ExtentY 속성 이름이 잘못되었습니다. 
595 행: spd저장체크의 _StockProps 속성 이름이 잘못되었습니다. 
596 행: spd저장체크의 EditEnterAction 속성 이름이 잘못되었습니다. 
597 행: spd저장체크의 EditModeReplace 속성 이름이 잘못되었습니다. 
607 행: spd저장체크의 MaxCols 속성 이름이 잘못되었습니다. 
608 행: spd저장체크의 MaxRows 속성 이름이 잘못되었습니다. 
609 행: spd저장체크의 RowsFrozen 속성 이름이 잘못되었습니다. 
610 행: spd저장체크의 SpreadDesigner 속성 이름이 잘못되었습니다. 
1313 행: lvwCuData의 _ExtentX 속성 이름이 잘못되었습니다. 
1314 행: lvwCuData의 _ExtentY 속성 이름이 잘못되었습니다. 
1315 행: lvwCuData의 View 속성 이름이 잘못되었습니다. 
1316 행: lvwCuData의 LabelWrap 속성 이름이 잘못되었습니다. 
1317 행: lvwCuData의 HideSelection 속성 이름이 잘못되었습니다. 
1318 행: lvwCuData의 _Version 속성 이름이 잘못되었습니다. 
1323 행: lvwCuData의 NumItems 속성 이름이 잘못되었습니다. 
1549 행: spdResult2의 _Version 속성 이름이 잘못되었습니다. 
1550 행: spdResult2의 _ExtentX 속성 이름이 잘못되었습니다. 
1551 행: spdResult2의 _ExtentY 속성 이름이 잘못되었습니다. 
1552 행: spdResult2의 _StockProps 속성 이름이 잘못되었습니다. 
1562 행: spdResult2의 MaxCols 속성 이름이 잘못되었습니다. 
1563 행: spdResult2의 SpreadDesigner 속성 이름이 잘못되었습니다. 
1780 행: spdResult1의 _Version 속성 이름이 잘못되었습니다. 
1781 행: spdResult1의 _ExtentX 속성 이름이 잘못되었습니다. 
1782 행: spdResult1의 _ExtentY 속성 이름이 잘못되었습니다. 
1783 행: spdResult1의 _StockProps 속성 이름이 잘못되었습니다. 
1784 행: spdResult1의 ColsFrozen 속성 이름이 잘못되었습니다. 
1785 행: spdResult1의 EditEnterAction 속성 이름이 잘못되었습니다. 
1786 행: spdResult1의 EditModeReplace 속성 이름이 잘못되었습니다. 
1796 행: spdResult1의 MaxCols 속성 이름이 잘못되었습니다. 
1797 행: spdResult1의 MaxRows 속성 이름이 잘못되었습니다. 
1798 행: spdResult1의 RowsFrozen 속성 이름이 잘못되었습니다. 
1799 행: spdResult1의 SpreadDesigner 속성 이름이 잘못되었습니다. 
1800 행: spdResult1의 CellNoteIndicatorColor 속성 이름이 잘못되었습니다. 
1846 행: spdRstview의 _Version 속성 이름이 잘못되었습니다. 
1847 행: spdRstview의 _ExtentX 속성 이름이 잘못되었습니다. 
1848 행: spdRstview의 _ExtentY 속성 이름이 잘못되었습니다. 
1849 행: spdRstview의 _StockProps 속성 이름이 잘못되었습니다. 
1850 행: spdRstview의 EditEnterAction 속성 이름이 잘못되었습니다. 
1851 행: spdRstview의 EditModeReplace 속성 이름이 잘못되었습니다. 
1861 행: spdRstview의 MaxCols 속성 이름이 잘못되었습니다. 
1862 행: spdRstview의 MaxRows 속성 이름이 잘못되었습니다. 
1863 행: spdRstview의 RowsFrozen 속성 이름이 잘못되었습니다. 
1864 행: spdRstview의 SpreadDesigner 속성 이름이 잘못되었습니다. 
