        Procedure : frmInterface - Privete sub psDataDefine()

     Error Source : Ca500

     Error Number : 9

Error Description : 繩濠 餌辨檜 澀跤腎歷蝗棲棻.

             Date : 2003喇 9錯 29橾 錯蹂橾

             Time : 螃 5:31:02
收收收收收收收收收收收收收收收收收收收收收收收收收收收收收收收收收收收收收收收收
        Procedure : frmInterface - Privete sub psDataDefine()

     Error Source : Ca500

     Error Number : 9

Error Description : 繩濠 餌辨檜 澀跤腎歷蝗棲棻.

             Date : 2003喇 9錯 29橾 錯蹂橾

             Time : 螃 5:36:43
收收收收收收收收收收收收收收收收收收收收收收收收收收收收收收收收收收收收收收收收
        Procedure : frmInterface - Privete sub psDataDefine()

     Error Source : Ca500

     Error Number : 9

Error Description : 繩濠 餌辨檜 澀跤腎歷蝗棲棻.

             Date : 2003喇 9錯 29橾 錯蹂橾

             Time : 螃 5:41:05
收收收收收收收收收收收收收收收收收收收收收收收收收收收收收收收收收收收收收收收收
        Procedure : frmInterface - Privete sub psDataDefine()

     Error Source : Ca500

     Error Number : 9

Error Description : 繩濠 餌辨檜 澀跤腎歷蝗棲棻.

             Date : 2003喇 9錯 29橾 錯蹂橾

             Time : 螃 5:41:34
收收收收收收收收收收收收收收收收收收收收收收收收收收收收收收收收收收收收收收收收
        Procedure : frmInterface - Privete sub psDataDefine()

     Error Source : Ca500

     Error Number : 9

Error Description : 繩濠 餌辨檜 澀跤腎歷蝗棲棻.

             Date : 2003喇 9錯 29橾 錯蹂橾

             Time : 螃 5:41:43
收收收收收收收收收收收收收收收收收收收收收收收收收收收收收收收收收收收收收收收收
        Procedure : frmInterface - Privete sub psDataDefine()

     Error Source : Ca500

     Error Number : 9

Error Description : 繩濠 餌辨檜 澀跤腎歷蝗棲棻.

             Date : 2003喇 9錯 29橾 錯蹂橾

             Time : 螃 5:49:59
收收收收收收收收收收收收收收收收收收收收收收收收收收收收收收收收收收收收收收收收
        Procedure : frmInterface - Privete sub psDataDefine()

     Error Source : Ca500

     Error Number : 9

Error Description : 繩濠 餌辨檜 澀跤腎歷蝗棲棻.

             Date : 2003喇 9錯 29橾 錯蹂橾

             Time : 螃 5:50:06
收收收收收收收收收收收收收收收收收收收收收收收收收收收收收收收收收收收收收收收收
        Procedure : frmInterface - Privete sub psDataDefine()

     Error Source : Ca500

     Error Number : 9

Error Description : 繩濠 餌辨檜 澀跤腎歷蝗棲棻.

             Date : 2003喇 9錯 29橾 錯蹂橾

             Time : 螃 5:50:15
收收收收收收收收收收收收收收收收收收收收收收收收收收收收收收收收收收收收收收收收
        Procedure : frmInterface - Privete sub psDataDefine()

     Error Source : Ca500

     Error Number : 9

Error Description : 繩濠 餌辨檜 澀跤腎歷蝗棲棻.

             Date : 2003喇 9錯 29橾 錯蹂橾

             Time : 螃 5:50:48
收收收收收收收收收收收收收收收收收收收收收收收收收收收收收收收收收收收收收收收收
        Procedure : frmInterface - Privete sub psDataDefine()

     Error Source : Ca500

     Error Number : 9

Error Description : 繩濠 餌辨檜 澀跤腎歷蝗棲棻.

             Date : 2003喇 9錯 29橾 錯蹂橾

             Time : 螃 5:58:39
收收收收收收收收收收收收收收收收收收收收收收收收收收收收收收收收收收收收收收收收
        Procedure : frmInterface - Privete sub psDataDefine()

     Error Source : Ca500

     Error Number : 9

Error Description : 繩濠 餌辨檜 澀跤腎歷蝗棲棻.

             Date : 2003喇 9錯 29橾 錯蹂橾

             Time : 螃 5:58:43
收收收收收收收收收收收收收收收收收收收收收收收收收收收收收收收收收收收收收收收收
        Procedure : frmInterface - Privete sub psDataDefine()

     Error Source : Ca500

     Error Number : 9

Error Description : 繩濠 餌辨檜 澀跤腎歷蝗棲棻.

             Date : 2003喇 9錯 29橾 錯蹂橾

             Time : 螃 5:59:26
收收收收收收收收收收收收收收收收收收收收收收收收收收收收收收收收收收收收收收收收
        Procedure : frmInterface - Privete sub psDataDefine()

     Error Source : Ca500

     Error Number : 9

Error Description : 繩濠 餌辨檜 澀跤腎歷蝗棲棻.

             Date : 2003喇 9錯 29橾 錯蹂橾

             Time : 螃 6:01:35
收收收收收收收收收收收收收收收收收收收收收收收收收收收收收收收收收收收收收收收收
        Procedure : frmInterface - Privete sub psDataDefine()

     Error Source : Ca500

     Error Number : 9

Error Description : 繩濠 餌辨檜 澀跤腎歷蝗棲棻.

             Date : 2003喇 9錯 29橾 錯蹂橾

             Time : 螃 6:01:38
收收收收收收收收收收收收收收收收收收收收收收收收收收收收收收收收收收收收收收收收
        Procedure : frmInterface - Privete sub psDataDefine()

     Error Source : Ca500

     Error Number : 9

Error Description : 繩濠 餌辨檜 澀跤腎歷蝗棲棻.

             Date : 2003喇 9錯 29橾 錯蹂橾

             Time : 螃 6:01:40
收收收收收收收收收收收收收收收收收收收收收收收收收收收收收收收收收收收收收收收收
        Procedure : frmInterface - Privete sub psDataDefine()

     Error Source : Ca500

     Error Number : 9

Error Description : 繩濠 餌辨檜 澀跤腎歷蝗棲棻.

             Date : 2003喇 9錯 29橾 錯蹂橾

             Time : 螃 6:03:16
收收收收收收收收收收收收收收收收收收收收收收收收收收收收收收收收收收收收收收收收
        Procedure : frmInterface - Privete sub psDataDefine()

     Error Source : Ca500

     Error Number : 9

Error Description : 繩濠 餌辨檜 澀跤腎歷蝗棲棻.

             Date : 2003喇 9錯 29橾 錯蹂橾

             Time : 螃 6:05:07
收收收收收收收收收收收收收收收收收收收收收收收收收收收收收收收收收收收收收收收收
        Procedure : frmInterface - Privete sub psDataDefine()

     Error Source : Microsoft JET Database Engine

     Error Number : -2147467259

Error Description : 'INTERFACE003.SpcNo' в萄朝 望檜陛 0檣 僥濠翮檜 腆 熱 橈蝗棲棻.

             Date : 2003喇 9錯 29橾 錯蹂橾

             Time : 螃 6:21:38
收收收收收收收收收收收收收收收收收收收收收收收收收收收收收收收收收收收收收收收收
        Procedure : frmInterface - Privete sub psDataDefine()

     Error Source : Microsoft JET Database Engine

     Error Number : -2147467259

Error Description : 'INTERFACE003.SpcNo' в萄朝 望檜陛 0檣 僥濠翮檜 腆 熱 橈蝗棲棻.

             Date : 2003喇 9錯 29橾 錯蹂橾

             Time : 螃 6:31:14
收收收收收收收收收收收收收收收收收收收收收收收收收收收收收收收收收收收收收收收收
        Procedure : frmInterface - Privete sub psDataDefine()

     Error Source : Microsoft JET Database Engine

     Error Number : -2147467259

Error Description : 'INTERFACE003.SpcNo' в萄朝 望檜陛 0檣 僥濠翮檜 腆 熱 橈蝗棲棻.

             Date : 2003喇 9錯 29橾 錯蹂橾

             Time : 螃 6:32:03
收收收收收收收收收收收收收收收收收收收收收收收收收收收收收收收收收收收收收收收收
        Procedure : frmInterface - Privete sub psDataDefine()

     Error Source : Microsoft JET Database Engine

     Error Number : -2147467259

Error Description : 'INTERFACE003.SpcNo' в萄朝 望檜陛 0檣 僥濠翮檜 腆 熱 橈蝗棲棻.

             Date : 2003喇 9錯 29橾 錯蹂橾

             Time : 螃 6:32:07
收收收收收收收收收收收收收收收收收收收收收收收收收收收收收收收收收收收收收收收收
        Procedure : frmInterface - Privete sub psDataDefine()

     Error Source : Microsoft JET Database Engine

     Error Number : -2147467259

Error Description : 'INTERFACE003.SpcNo' в萄朝 望檜陛 0檣 僥濠翮檜 腆 熱 橈蝗棲棻.

             Date : 2003喇 9錯 29橾 錯蹂橾

             Time : 螃 6:34:04
收收收收收收收收收收收收收收收收收收收收收收收收收收收收收收收收收收收收收收收收
        Procedure : frmInterface - Privete sub psDataDefine()

     Error Source : Microsoft JET Database Engine

     Error Number : -2147467259

Error Description : 'INTERFACE003.SpcNo' в萄朝 望檜陛 0檣 僥濠翮檜 腆 熱 橈蝗棲棻.

             Date : 2003喇 9錯 29橾 錯蹂橾

             Time : 螃 6:34:14
收收收收收收收收收收收收收收收收收收收收收收收收收收收收收收收收收收收收收收收收
        Procedure : frmInterface - Privete sub psDataDefine()

     Error Source : Microsoft JET Database Engine

     Error Number : -2147467259

Error Description : 'INTERFACE003.SpcNo' в萄朝 望檜陛 0檣 僥濠翮檜 腆 熱 橈蝗棲棻.

             Date : 2003喇 9錯 29橾 錯蹂橾

             Time : 螃 6:34:18
收收收收收收收收收收收收收收收收收收收收收收收收收收收收收收收收收收收收收收收收
