        Procedure : frmInterface - Private Sub f_subSet_ItemList()

     Error Source : Ca7000

     Error Number : 5

Error Description : 프로시저 호출 또는 인수가 잘못되었습니다.

             Date : 2003년 10월 13일 월요일

             Time : 오후 4:28:26
━━━━━━━━━━━━━━━━━━━━━━━━━━━━━━━━━━━━━━━━
        Procedure : frmInterface - Private Sub f_subSet_ItemList()

     Error Source : Ca7000

     Error Number : 5

Error Description : 프로시저 호출 또는 인수가 잘못되었습니다.

             Date : 2003년 10월 13일 월요일

             Time : 오후 4:28:47
━━━━━━━━━━━━━━━━━━━━━━━━━━━━━━━━━━━━━━━━
        Procedure : frmInterface - Private Sub f_subSet_ItemList()

     Error Source : Ca7000

     Error Number : 5

Error Description : 프로시저 호출 또는 인수가 잘못되었습니다.

             Date : 2003년 10월 13일 월요일

             Time : 오후 6:03:39
━━━━━━━━━━━━━━━━━━━━━━━━━━━━━━━━━━━━━━━━
        Procedure : frmInterface - Private Sub f_subSet_ItemList()

     Error Source : Ca7000

     Error Number : 5

Error Description : 프로시저 호출 또는 인수가 잘못되었습니다.

             Date : 2003년 10월 13일 월요일

             Time : 오후 6:03:50
━━━━━━━━━━━━━━━━━━━━━━━━━━━━━━━━━━━━━━━━
        Procedure : clsCommon - Public Function f_subSet_DateOrder() As ADODB.Recordset

     Error Source : ADODB.Field

     Error Number : 3021

Error Description : BOF 또는 EOF가 참이거나, 현재 레코드를 삭제했습니다. 요청한 작업에 현재 레코드가 필요합니다.

             Date : 2003년 10월 13일 월요일

             Time : 오후 6:37:34
━━━━━━━━━━━━━━━━━━━━━━━━━━━━━━━━━━━━━━━━
