        Procedure : frmInterface - Privete sub psDataDefine()

     Error Source : Ca500

     Error Number : 9

Error Description : 첨자 사용이 잘못되었습니다.

             Date : 2003년 9월 30일 월요일

             Time : 오전 11:01:21
━━━━━━━━━━━━━━━━━━━━━━━━━━━━━━━━━━━━━━━━
        Procedure : frmInterface - Private Sub f_subSet_ItemList()

     Error Source : Ca500

     Error Number : 5

Error Description : 프로시저 호출 또는 인수가 잘못되었습니다.

             Date : 2003년 9월 30일 월요일

             Time : 오후 1:58:00
━━━━━━━━━━━━━━━━━━━━━━━━━━━━━━━━━━━━━━━━
        Procedure : clsCommon - Public Function f_subSet_DateOrder() As ADODB.Recordset

     Error Source : Ca500

     Error Number : 9

Error Description : 첨자 사용이 잘못되었습니다.

             Date : 2003년 9월 30일 월요일

             Time : 오후 1:58:04
━━━━━━━━━━━━━━━━━━━━━━━━━━━━━━━━━━━━━━━━
        Procedure : frmInterface - Private Sub f_subSet_ItemList()

     Error Source : Ca500

     Error Number : 5

Error Description : 프로시저 호출 또는 인수가 잘못되었습니다.

             Date : 2003년 9월 30일 월요일

             Time : 오후 1:58:13
━━━━━━━━━━━━━━━━━━━━━━━━━━━━━━━━━━━━━━━━
        Procedure : frmInterface - Privete sub psDataDefine()

     Error Source : Microsoft JET Database Engine

     Error Number : -2147467259

Error Description : 'INTERFACE003.TransDt' 필드는 길이가 0인 문자열이 될 수 없습니다.

             Date : 2003년 9월 30일 월요일

             Time : 오후 2:24:28
━━━━━━━━━━━━━━━━━━━━━━━━━━━━━━━━━━━━━━━━
        Procedure : frmInterface - Privete sub psDataDefine()

     Error Source : Microsoft JET Database Engine

     Error Number : -2147467259

Error Description : 'INTERFACE003.TransDt' 필드는 길이가 0인 문자열이 될 수 없습니다.

             Date : 2003년 9월 30일 월요일

             Time : 오후 2:24:34
━━━━━━━━━━━━━━━━━━━━━━━━━━━━━━━━━━━━━━━━
        Procedure : frmInterface - Privete sub psDataDefine()

     Error Source : Microsoft JET Database Engine

     Error Number : -2147467259

Error Description : 'INTERFACE003.TransDt' 필드는 길이가 0인 문자열이 될 수 없습니다.

             Date : 2003년 9월 30일 월요일

             Time : 오후 2:28:19
━━━━━━━━━━━━━━━━━━━━━━━━━━━━━━━━━━━━━━━━
        Procedure : frmInterface - Privete sub psDataDefine()

     Error Source : Microsoft JET Database Engine

     Error Number : -2147467259

Error Description : 'INTERFACE003.TransDt' 필드는 길이가 0인 문자열이 될 수 없습니다.

             Date : 2003년 9월 30일 월요일

             Time : 오후 2:28:35
━━━━━━━━━━━━━━━━━━━━━━━━━━━━━━━━━━━━━━━━
        Procedure : frmInterface - Privete sub psDataDefine()

     Error Source : Microsoft JET Database Engine

     Error Number : -2147467259

Error Description : 'INTERFACE003.TransDt' 필드는 길이가 0인 문자열이 될 수 없습니다.

             Date : 2003년 9월 30일 월요일

             Time : 오후 2:33:15
━━━━━━━━━━━━━━━━━━━━━━━━━━━━━━━━━━━━━━━━
        Procedure : frmInterface - Privete sub psDataDefine()

     Error Source : Ca500

     Error Number : 91

Error Description : 개체 변수 또는 With 문의 변수가 설정되어 있지 않습니다.

             Date : 2003년 9월 30일 월요일

             Time : 오후 3:08:51
━━━━━━━━━━━━━━━━━━━━━━━━━━━━━━━━━━━━━━━━
