        Procedure : frmInterface - Private Sub cmdRun()

     Error Source : MSComm

     Error Number : 8005

Error Description : 포트가 이미 열려 있습니다.

             Date : 2003년 7월 22일 월요일

             Time : 오전 11:45:16
━━━━━━━━━━━━━━━━━━━━━━━━━━━━━━━━━━━━━━━━
    Procedure : clsCommon - Public Function LetEqp_MatchItem(ByVal MatchItem As Scripting.Dictionary) As Boolean

 Error Number : -2147217913

  Description : 조건식의 데이터 형식이 일치하지 않습니다.

       Source : Microsoft JET Database Engine

    SQL State : 3464

 Native Error : -539888598

   SQL String : UPDATE INTERFACE002 SET TESTNM_EQP = 'WBC', OUT_SEQ = 0, TESTCD = 'L2001', TESTNM = 'WBC', AUTOVERIFY = '0', REMARK = '0',                        REFL = '4.0', REFH = '10.0', DELTA = '0', DELTAGBN = '0', PANICL = '0', PANICH = '0' WHERE (EQP_CD = 'XE2100') AND (TESTCD_EQP = '1')

         Date : 2003년 7월 22일 월요일

         Time : 오후 1:55:17
━━━━━━━━━━━━━━━━━━━━━━━━━━━━━━━━━━━━━━━━
    Procedure : clsCommon - Public Function LetEqp_MatchItem(ByVal MatchItem As Scripting.Dictionary) As Boolean

 Error Number : -2147217913

  Description : 조건식의 데이터 형식이 일치하지 않습니다.

       Source : Microsoft JET Database Engine

    SQL State : 3464

 Native Error : -539888598

   SQL String : UPDATE INTERFACE002 SET TESTNM_EQP = 'RBC', OUT_SEQ = 0, TESTCD = 'L2002', TESTNM = 'RBC', AUTOVERIFY = '0', REMARK = '0',                        REFL = '3.9', REFH = '6.5', DELTA = '0', DELTAGBN = '0', PANICL = '0', PANICH = '0' WHERE (EQP_CD = 'XE2100') AND (TESTCD_EQP = '2')

         Date : 2003년 7월 22일 월요일

         Time : 오후 1:55:24
━━━━━━━━━━━━━━━━━━━━━━━━━━━━━━━━━━━━━━━━
    Procedure : clsCommon - Public Function LetEqp_MatchItem(ByVal MatchItem As Scripting.Dictionary) As Boolean

 Error Number : -2147217913

  Description : 조건식의 데이터 형식이 일치하지 않습니다.

       Source : Microsoft JET Database Engine

    SQL State : 3464

 Native Error : -539888598

   SQL String : UPDATE INTERFACE002 SET TESTNM_EQP = 'Hb', OUT_SEQ = 0, TESTCD = 'L2003', TESTNM = 'Hb', AUTOVERIFY = '0', REMARK = '0',                        REFL = '11.5', REFH = '17.0', DELTA = '0', DELTAGBN = '0', PANICL = '0', PANICH = '0' WHERE (EQP_CD = 'XE2100') AND (TESTCD_EQP = '3')

         Date : 2003년 7월 22일 월요일

         Time : 오후 1:55:25
━━━━━━━━━━━━━━━━━━━━━━━━━━━━━━━━━━━━━━━━
    Procedure : clsCommon - Public Function LetEqp_MatchItem(ByVal MatchItem As Scripting.Dictionary) As Boolean

 Error Number : -2147217913

  Description : 조건식의 데이터 형식이 일치하지 않습니다.

       Source : Microsoft JET Database Engine

    SQL State : 3464

 Native Error : -539888598

   SQL String : UPDATE INTERFACE002 SET TESTNM_EQP = 'Hct', OUT_SEQ = 0, TESTCD = 'L2004', TESTNM = 'Hct', AUTOVERIFY = '0', REMARK = '0',                        REFL = '36', REFH = '54', DELTA = '0', DELTAGBN = '0', PANICL = '0', PANICH = '0' WHERE (EQP_CD = 'XE2100') AND (TESTCD_EQP = '4')

         Date : 2003년 7월 22일 월요일

         Time : 오후 1:55:25
━━━━━━━━━━━━━━━━━━━━━━━━━━━━━━━━━━━━━━━━
    Procedure : clsCommon - Public Function LetEqp_MatchItem(ByVal MatchItem As Scripting.Dictionary) As Boolean

 Error Number : -2147217913

  Description : 조건식의 데이터 형식이 일치하지 않습니다.

       Source : Microsoft JET Database Engine

    SQL State : 3464

 Native Error : -539888598

   SQL String : UPDATE INTERFACE002 SET TESTNM_EQP = 'MCV', OUT_SEQ = 0, TESTCD = 'L20021', TESTNM = 'MCV', AUTOVERIFY = '0', REMARK = '0',                        REFL = '', REFH = '', DELTA = '0', DELTAGBN = '0', PANICL = '0', PANICH = '0' WHERE (EQP_CD = 'XE2100') AND (TESTCD_EQP = '5')

         Date : 2003년 7월 22일 월요일

         Time : 오후 1:55:25
━━━━━━━━━━━━━━━━━━━━━━━━━━━━━━━━━━━━━━━━
    Procedure : clsCommon - Public Function LetEqp_MatchItem(ByVal MatchItem As Scripting.Dictionary) As Boolean

 Error Number : -2147217913

  Description : 조건식의 데이터 형식이 일치하지 않습니다.

       Source : Microsoft JET Database Engine

    SQL State : 3464

 Native Error : -539888598

   SQL String : UPDATE INTERFACE002 SET TESTNM_EQP = 'MCH', OUT_SEQ = 0, TESTCD = 'L20022', TESTNM = 'MCH', AUTOVERIFY = '0', REMARK = '0',                        REFL = '', REFH = '', DELTA = '0', DELTAGBN = '0', PANICL = '0', PANICH = '0' WHERE (EQP_CD = 'XE2100') AND (TESTCD_EQP = '6')

         Date : 2003년 7월 22일 월요일

         Time : 오후 1:55:26
━━━━━━━━━━━━━━━━━━━━━━━━━━━━━━━━━━━━━━━━
    Procedure : clsCommon - Public Function LetEqp_MatchItem(ByVal MatchItem As Scripting.Dictionary) As Boolean

 Error Number : -2147217913

  Description : 조건식의 데이터 형식이 일치하지 않습니다.

       Source : Microsoft JET Database Engine

    SQL State : 3464

 Native Error : -539888598

   SQL String : UPDATE INTERFACE002 SET TESTNM_EQP = 'MCHC', OUT_SEQ = 0, TESTCD = 'L20023', TESTNM = 'MCHC', AUTOVERIFY = '0', REMARK = '0',                        REFL = '', REFH = '', DELTA = '0', DELTAGBN = '0', PANICL = '0', PANICH = '0' WHERE (EQP_CD = 'XE2100') AND (TESTCD_EQP = '7')

         Date : 2003년 7월 22일 월요일

         Time : 오후 1:55:26
━━━━━━━━━━━━━━━━━━━━━━━━━━━━━━━━━━━━━━━━
    Procedure : clsCommon - Public Function LetEqp_MatchItem(ByVal MatchItem As Scripting.Dictionary) As Boolean

 Error Number : -2147217913

  Description : 조건식의 데이터 형식이 일치하지 않습니다.

       Source : Microsoft JET Database Engine

    SQL State : 3464

 Native Error : -539888598

   SQL String : UPDATE INTERFACE002 SET TESTNM_EQP = 'Platlet', OUT_SEQ = 0, TESTCD = 'L2009', TESTNM = 'Platlet', AUTOVERIFY = '0', REMARK = '0',                        REFL = '', REFH = '', DELTA = '0', DELTAGBN = '0', PANICL = '0', PANICH = '0' WHERE (EQP_CD = 'XE2100') AND (TESTCD_EQP = '8')

         Date : 2003년 7월 22일 월요일

         Time : 오후 1:55:26
━━━━━━━━━━━━━━━━━━━━━━━━━━━━━━━━━━━━━━━━
    Procedure : clsCommon - Public Function LetEqp_MatchItem(ByVal MatchItem As Scripting.Dictionary) As Boolean

 Error Number : -2147217913

  Description : 조건식의 데이터 형식이 일치하지 않습니다.

       Source : Microsoft JET Database Engine

    SQL State : 3464

 Native Error : -539888598

   SQL String : UPDATE INTERFACE002 SET TESTNM_EQP = 'lymphoccyte', OUT_SEQ = 0, TESTCD = 'L20125', TESTNM = 'lymphoccyte', AUTOVERIFY = '0', REMARK = '0',                        REFL = '', REFH = '', DELTA = '0', DELTAGBN = '0', PANICL = '0', PANICH = '0' WHERE (EQP_CD = 'XE2100') AND (TESTCD_EQP = '9')

         Date : 2003년 7월 22일 월요일

         Time : 오후 1:55:26
━━━━━━━━━━━━━━━━━━━━━━━━━━━━━━━━━━━━━━━━
    Procedure : clsCommon - Public Function LetEqp_MatchItem(ByVal MatchItem As Scripting.Dictionary) As Boolean

 Error Number : -2147217913

  Description : 조건식의 데이터 형식이 일치하지 않습니다.

       Source : Microsoft JET Database Engine

    SQL State : 3464

 Native Error : -539888598

   SQL String : UPDATE INTERFACE002 SET TESTNM_EQP = 'monoccyte', OUT_SEQ = 0, TESTCD = 'L20126', TESTNM = 'monoccyte', AUTOVERIFY = '0', REMARK = '0',                        REFL = '4', REFH = '10', DELTA = '0', DELTAGBN = '0', PANICL = '0', PANICH = '0' WHERE (EQP_CD = 'XE2100') AND (TESTCD_EQP = '10')

         Date : 2003년 7월 22일 월요일

         Time : 오후 1:55:26
━━━━━━━━━━━━━━━━━━━━━━━━━━━━━━━━━━━━━━━━
    Procedure : clsCommon - Public Function LetEqp_MatchItem(ByVal MatchItem As Scripting.Dictionary) As Boolean

 Error Number : -2147217913

  Description : 조건식의 데이터 형식이 일치하지 않습니다.

       Source : Microsoft JET Database Engine

    SQL State : 3464

 Native Error : -539888598

   SQL String : UPDATE INTERFACE002 SET TESTNM_EQP = 'neutrophil', OUT_SEQ = 0, TESTCD = 'L20124', TESTNM = 'neutrophil', AUTOVERIFY = '0', REMARK = '0',                        REFL = '40', REFH = '65', DELTA = '0', DELTAGBN = '0', PANICL = '0', PANICH = '0' WHERE (EQP_CD = 'XE2100') AND (TESTCD_EQP = '11')

         Date : 2003년 7월 22일 월요일

         Time : 오후 1:55:27
━━━━━━━━━━━━━━━━━━━━━━━━━━━━━━━━━━━━━━━━
    Procedure : clsCommon - Public Function LetEqp_MatchItem(ByVal MatchItem As Scripting.Dictionary) As Boolean

 Error Number : -2147217913

  Description : 조건식의 데이터 형식이 일치하지 않습니다.

       Source : Microsoft JET Database Engine

    SQL State : 3464

 Native Error : -539888598

   SQL String : UPDATE INTERFACE002 SET TESTNM_EQP = 'eosnophil', OUT_SEQ = 0, TESTCD = 'L20127', TESTNM = 'eosnophil', AUTOVERIFY = '0', REMARK = '0',                        REFL = '1', REFH = '5', DELTA = '0', DELTAGBN = '0', PANICL = '0', PANICH = '0' WHERE (EQP_CD = 'XE2100') AND (TESTCD_EQP = '12')

         Date : 2003년 7월 22일 월요일

         Time : 오후 1:55:27
━━━━━━━━━━━━━━━━━━━━━━━━━━━━━━━━━━━━━━━━
    Procedure : clsCommon - Public Function LetEqp_MatchItem(ByVal MatchItem As Scripting.Dictionary) As Boolean

 Error Number : -2147217913

  Description : 조건식의 데이터 형식이 일치하지 않습니다.

       Source : Microsoft JET Database Engine

    SQL State : 3464

 Native Error : -539888598

   SQL String : UPDATE INTERFACE002 SET TESTNM_EQP = 'basophil', OUT_SEQ = 0, TESTCD = 'L20128', TESTNM = 'basophil', AUTOVERIFY = '0', REMARK = '0',                        REFL = '0', REFH = '1', DELTA = '0', DELTAGBN = '0', PANICL = '0', PANICH = '0' WHERE (EQP_CD = 'XE2100') AND (TESTCD_EQP = '13')

         Date : 2003년 7월 22일 월요일

         Time : 오후 1:55:27
━━━━━━━━━━━━━━━━━━━━━━━━━━━━━━━━━━━━━━━━
    Procedure : clsCommon - Public Function LetEqp_MatchItem(ByVal MatchItem As Scripting.Dictionary) As Boolean

 Error Number : -2147217913

  Description : 조건식의 데이터 형식이 일치하지 않습니다.

       Source : Microsoft JET Database Engine

    SQL State : 3464

 Native Error : -539888598

   SQL String : UPDATE INTERFACE002 SET TESTNM_EQP = 'RDW', OUT_SEQ = 0, TESTCD = 'L2005', TESTNM = 'RDW', AUTOVERIFY = '0', REMARK = '0',                        REFL = '0', REFH = '15', DELTA = '0', DELTAGBN = '0', PANICL = '0', PANICH = '0' WHERE (EQP_CD = 'XE2100') AND (TESTCD_EQP = '19')

         Date : 2003년 7월 22일 월요일

         Time : 오후 1:55:27
━━━━━━━━━━━━━━━━━━━━━━━━━━━━━━━━━━━━━━━━
    Procedure : clsCommon - Public Function LetEqp_MatchItem(ByVal MatchItem As Scripting.Dictionary) As Boolean

 Error Number : -2147217913

  Description : 조건식의 데이터 형식이 일치하지 않습니다.

       Source : Microsoft JET Database Engine

    SQL State : 3464

 Native Error : -539888598

   SQL String : UPDATE INTERFACE002 SET TESTNM_EQP = 'PDW', OUT_SEQ = 0, TESTCD = 'L2006', TESTNM = 'PDW', AUTOVERIFY = '0', REMARK = '0',                        REFL = '', REFH = '', DELTA = '0', DELTAGBN = '0', PANICL = '0', PANICH = '0' WHERE (EQP_CD = 'XE2100') AND (TESTCD_EQP = '21')

         Date : 2003년 7월 22일 월요일

         Time : 오후 1:55:27
━━━━━━━━━━━━━━━━━━━━━━━━━━━━━━━━━━━━━━━━
    Procedure : clsCommon - Public Function LetEqp_MatchItem(ByVal MatchItem As Scripting.Dictionary) As Boolean

 Error Number : -2147217913

  Description : 조건식의 데이터 형식이 일치하지 않습니다.

       Source : Microsoft JET Database Engine

    SQL State : 3464

 Native Error : -539888598

   SQL String : UPDATE INTERFACE002 SET TESTNM_EQP = 'Reticulocyte', OUT_SEQ = 0, TESTCD = 'L2011', TESTNM = 'Reticulocyte', AUTOVERIFY = '0', REMARK = '0',                        REFL = '', REFH = '', DELTA = '0', DELTAGBN = '0', PANICL = '0', PANICH = '0' WHERE (EQP_CD = 'XE2100') AND (TESTCD_EQP = '24')

         Date : 2003년 7월 22일 월요일

         Time : 오후 1:55:27
━━━━━━━━━━━━━━━━━━━━━━━━━━━━━━━━━━━━━━━━
    Procedure : clsCommon - Public Function LetEqp_MatchItem(ByVal MatchItem As Scripting.Dictionary) As Boolean

 Error Number : -2147217913

  Description : 조건식의 데이터 형식이 일치하지 않습니다.

       Source : Microsoft JET Database Engine

    SQL State : 3464

 Native Error : -539888598

   SQL String : UPDATE INTERFACE002 SET TESTNM_EQP = 'IRF', OUT_SEQ = 0, TESTCD = 'L20141', TESTNM = 'IRF', AUTOVERIFY = '0', REMARK = '0',                        REFL = '', REFH = '', DELTA = '0', DELTAGBN = '0', PANICL = '0', PANICH = '0' WHERE (EQP_CD = 'XE2100') AND (TESTCD_EQP = '26')

         Date : 2003년 7월 22일 월요일

         Time : 오후 1:55:28
━━━━━━━━━━━━━━━━━━━━━━━━━━━━━━━━━━━━━━━━
    Procedure : clsCommon - Public Function LetEqp_MatchItem(ByVal MatchItem As Scripting.Dictionary) As Boolean

 Error Number : -2147217913

  Description : 조건식의 데이터 형식이 일치하지 않습니다.

       Source : Microsoft JET Database Engine

    SQL State : 3464

 Native Error : -539888598

   SQL String : UPDATE INTERFACE002 SET TESTNM_EQP = 'NRBC', OUT_SEQ = 0, TESTCD = 'L2999', TESTNM = 'NRBC', AUTOVERIFY = '0', REMARK = '0',                        REFL = '', REFH = '', DELTA = '0', DELTAGBN = '0', PANICL = '0', PANICH = '0' WHERE (EQP_CD = 'XE2100') AND (TESTCD_EQP = '31')

         Date : 2003년 7월 22일 월요일

         Time : 오후 1:55:28
━━━━━━━━━━━━━━━━━━━━━━━━━━━━━━━━━━━━━━━━
    Procedure : clsCommon - Public Function LetEqp_MatchItem(ByVal MatchItem As Scripting.Dictionary) As Boolean

 Error Number : -2147217913

  Description : 조건식의 데이터 형식이 일치하지 않습니다.

       Source : Microsoft JET Database Engine

    SQL State : 3464

 Native Error : -539888598

   SQL String : UPDATE INTERFACE002 SET TESTNM_EQP = 'WBC', OUT_SEQ = 0, TESTCD = 'L2001', TESTNM = 'WBC', AUTOVERIFY = '0', REMARK = '0',                        REFL = '4.0', REFH = '10.0', DELTA = '0', DELTAGBN = '0', PANICL = '0', PANICH = '0' WHERE (EQP_CD = 'XE2100') AND (TESTCD_EQP = '1')

         Date : 2003년 7월 22일 월요일

         Time : 오후 1:55:52
━━━━━━━━━━━━━━━━━━━━━━━━━━━━━━━━━━━━━━━━
    Procedure : clsCommon - Public Function LetEqp_MatchItem(ByVal MatchItem As Scripting.Dictionary) As Boolean

 Error Number : -2147217913

  Description : 조건식의 데이터 형식이 일치하지 않습니다.

       Source : Microsoft JET Database Engine

    SQL State : 3464

 Native Error : -539888598

   SQL String : UPDATE INTERFACE002 SET TESTNM_EQP = 'RBC', OUT_SEQ = 0, TESTCD = 'L2002', TESTNM = 'RBC', AUTOVERIFY = '0', REMARK = '0',                        REFL = '3.9', REFH = '6.5', DELTA = '0', DELTAGBN = '0', PANICL = '0', PANICH = '0' WHERE (EQP_CD = 'XE2100') AND (TESTCD_EQP = '2')

         Date : 2003년 7월 22일 월요일

         Time : 오후 1:55:53
━━━━━━━━━━━━━━━━━━━━━━━━━━━━━━━━━━━━━━━━
    Procedure : clsCommon - Public Function LetEqp_MatchItem(ByVal MatchItem As Scripting.Dictionary) As Boolean

 Error Number : -2147217913

  Description : 조건식의 데이터 형식이 일치하지 않습니다.

       Source : Microsoft JET Database Engine

    SQL State : 3464

 Native Error : -539888598

   SQL String : UPDATE INTERFACE002 SET TESTNM_EQP = 'Hb', OUT_SEQ = 0, TESTCD = 'L2003', TESTNM = 'Hb', AUTOVERIFY = '0', REMARK = '0',                        REFL = '11.5', REFH = '17.0', DELTA = '0', DELTAGBN = '0', PANICL = '0', PANICH = '0' WHERE (EQP_CD = 'XE2100') AND (TESTCD_EQP = '3')

         Date : 2003년 7월 22일 월요일

         Time : 오후 1:55:53
━━━━━━━━━━━━━━━━━━━━━━━━━━━━━━━━━━━━━━━━
    Procedure : clsCommon - Public Function LetEqp_MatchItem(ByVal MatchItem As Scripting.Dictionary) As Boolean

 Error Number : -2147217913

  Description : 조건식의 데이터 형식이 일치하지 않습니다.

       Source : Microsoft JET Database Engine

    SQL State : 3464

 Native Error : -539888598

   SQL String : UPDATE INTERFACE002 SET TESTNM_EQP = 'Hct', OUT_SEQ = 0, TESTCD = 'L2004', TESTNM = 'Hct', AUTOVERIFY = '0', REMARK = '0',                        REFL = '36', REFH = '54', DELTA = '0', DELTAGBN = '0', PANICL = '0', PANICH = '0' WHERE (EQP_CD = 'XE2100') AND (TESTCD_EQP = '4')

         Date : 2003년 7월 22일 월요일

         Time : 오후 1:55:53
━━━━━━━━━━━━━━━━━━━━━━━━━━━━━━━━━━━━━━━━
    Procedure : clsCommon - Public Function LetEqp_MatchItem(ByVal MatchItem As Scripting.Dictionary) As Boolean

 Error Number : -2147217913

  Description : 조건식의 데이터 형식이 일치하지 않습니다.

       Source : Microsoft JET Database Engine

    SQL State : 3464

 Native Error : -539888598

   SQL String : UPDATE INTERFACE002 SET TESTNM_EQP = 'MCV', OUT_SEQ = 0, TESTCD = 'L20021', TESTNM = 'MCV', AUTOVERIFY = '0', REMARK = '0',                        REFL = '', REFH = '', DELTA = '0', DELTAGBN = '0', PANICL = '0', PANICH = '0' WHERE (EQP_CD = 'XE2100') AND (TESTCD_EQP = '5')

         Date : 2003년 7월 22일 월요일

         Time : 오후 1:55:53
━━━━━━━━━━━━━━━━━━━━━━━━━━━━━━━━━━━━━━━━
    Procedure : clsCommon - Public Function LetEqp_MatchItem(ByVal MatchItem As Scripting.Dictionary) As Boolean

 Error Number : -2147217913

  Description : 조건식의 데이터 형식이 일치하지 않습니다.

       Source : Microsoft JET Database Engine

    SQL State : 3464

 Native Error : -539888598

   SQL String : UPDATE INTERFACE002 SET TESTNM_EQP = 'MCH', OUT_SEQ = 0, TESTCD = 'L20022', TESTNM = 'MCH', AUTOVERIFY = '0', REMARK = '0',                        REFL = '', REFH = '', DELTA = '0', DELTAGBN = '0', PANICL = '0', PANICH = '0' WHERE (EQP_CD = 'XE2100') AND (TESTCD_EQP = '6')

         Date : 2003년 7월 22일 월요일

         Time : 오후 1:55:53
━━━━━━━━━━━━━━━━━━━━━━━━━━━━━━━━━━━━━━━━
    Procedure : clsCommon - Public Function LetEqp_MatchItem(ByVal MatchItem As Scripting.Dictionary) As Boolean

 Error Number : -2147217913

  Description : 조건식의 데이터 형식이 일치하지 않습니다.

       Source : Microsoft JET Database Engine

    SQL State : 3464

 Native Error : -539888598

   SQL String : UPDATE INTERFACE002 SET TESTNM_EQP = 'MCHC', OUT_SEQ = 0, TESTCD = 'L20023', TESTNM = 'MCHC', AUTOVERIFY = '0', REMARK = '0',                        REFL = '', REFH = '', DELTA = '0', DELTAGBN = '0', PANICL = '0', PANICH = '0' WHERE (EQP_CD = 'XE2100') AND (TESTCD_EQP = '7')

         Date : 2003년 7월 22일 월요일

         Time : 오후 1:55:53
━━━━━━━━━━━━━━━━━━━━━━━━━━━━━━━━━━━━━━━━
    Procedure : clsCommon - Public Function LetEqp_MatchItem(ByVal MatchItem As Scripting.Dictionary) As Boolean

 Error Number : -2147217913

  Description : 조건식의 데이터 형식이 일치하지 않습니다.

       Source : Microsoft JET Database Engine

    SQL State : 3464

 Native Error : -539888598

   SQL String : UPDATE INTERFACE002 SET TESTNM_EQP = 'Platlet', OUT_SEQ = 0, TESTCD = 'L2009', TESTNM = 'Platlet', AUTOVERIFY = '0', REMARK = '0',                        REFL = '', REFH = '', DELTA = '0', DELTAGBN = '0', PANICL = '0', PANICH = '0' WHERE (EQP_CD = 'XE2100') AND (TESTCD_EQP = '8')

         Date : 2003년 7월 22일 월요일

         Time : 오후 1:55:54
━━━━━━━━━━━━━━━━━━━━━━━━━━━━━━━━━━━━━━━━
    Procedure : clsCommon - Public Function LetEqp_MatchItem(ByVal MatchItem As Scripting.Dictionary) As Boolean

 Error Number : -2147217913

  Description : 조건식의 데이터 형식이 일치하지 않습니다.

       Source : Microsoft JET Database Engine

    SQL State : 3464

 Native Error : -539888598

   SQL String : UPDATE INTERFACE002 SET TESTNM_EQP = 'lymphoccyte', OUT_SEQ = 0, TESTCD = 'L20125', TESTNM = 'lymphoccyte', AUTOVERIFY = '0', REMARK = '0',                        REFL = '', REFH = '', DELTA = '0', DELTAGBN = '0', PANICL = '0', PANICH = '0' WHERE (EQP_CD = 'XE2100') AND (TESTCD_EQP = '9')

         Date : 2003년 7월 22일 월요일

         Time : 오후 1:55:54
━━━━━━━━━━━━━━━━━━━━━━━━━━━━━━━━━━━━━━━━
    Procedure : clsCommon - Public Function LetEqp_MatchItem(ByVal MatchItem As Scripting.Dictionary) As Boolean

 Error Number : -2147217913

  Description : 조건식의 데이터 형식이 일치하지 않습니다.

       Source : Microsoft JET Database Engine

    SQL State : 3464

 Native Error : -539888598

   SQL String : UPDATE INTERFACE002 SET TESTNM_EQP = 'monoccyte', OUT_SEQ = 0, TESTCD = 'L20126', TESTNM = 'monoccyte', AUTOVERIFY = '0', REMARK = '0',                        REFL = '4', REFH = '10', DELTA = '0', DELTAGBN = '0', PANICL = '0', PANICH = '0' WHERE (EQP_CD = 'XE2100') AND (TESTCD_EQP = '10')

         Date : 2003년 7월 22일 월요일

         Time : 오후 1:55:54
━━━━━━━━━━━━━━━━━━━━━━━━━━━━━━━━━━━━━━━━
    Procedure : clsCommon - Public Function LetEqp_MatchItem(ByVal MatchItem As Scripting.Dictionary) As Boolean

 Error Number : -2147217913

  Description : 조건식의 데이터 형식이 일치하지 않습니다.

       Source : Microsoft JET Database Engine

    SQL State : 3464

 Native Error : -539888598

   SQL String : UPDATE INTERFACE002 SET TESTNM_EQP = 'neutrophil', OUT_SEQ = 0, TESTCD = 'L20124', TESTNM = 'neutrophil', AUTOVERIFY = '0', REMARK = '0',                        REFL = '40', REFH = '65', DELTA = '0', DELTAGBN = '0', PANICL = '0', PANICH = '0' WHERE (EQP_CD = 'XE2100') AND (TESTCD_EQP = '11')

         Date : 2003년 7월 22일 월요일

         Time : 오후 1:55:54
━━━━━━━━━━━━━━━━━━━━━━━━━━━━━━━━━━━━━━━━
    Procedure : clsCommon - Public Function LetEqp_MatchItem(ByVal MatchItem As Scripting.Dictionary) As Boolean

 Error Number : -2147217913

  Description : 조건식의 데이터 형식이 일치하지 않습니다.

       Source : Microsoft JET Database Engine

    SQL State : 3464

 Native Error : -539888598

   SQL String : UPDATE INTERFACE002 SET TESTNM_EQP = 'eosnophil', OUT_SEQ = 0, TESTCD = 'L20127', TESTNM = 'eosnophil', AUTOVERIFY = '0', REMARK = '0',                        REFL = '1', REFH = '5', DELTA = '0', DELTAGBN = '0', PANICL = '0', PANICH = '0' WHERE (EQP_CD = 'XE2100') AND (TESTCD_EQP = '12')

         Date : 2003년 7월 22일 월요일

         Time : 오후 1:55:54
━━━━━━━━━━━━━━━━━━━━━━━━━━━━━━━━━━━━━━━━
    Procedure : clsCommon - Public Function LetEqp_MatchItem(ByVal MatchItem As Scripting.Dictionary) As Boolean

 Error Number : -2147217913

  Description : 조건식의 데이터 형식이 일치하지 않습니다.

       Source : Microsoft JET Database Engine

    SQL State : 3464

 Native Error : -539888598

   SQL String : UPDATE INTERFACE002 SET TESTNM_EQP = 'basophil', OUT_SEQ = 0, TESTCD = 'L20128', TESTNM = 'basophil', AUTOVERIFY = '0', REMARK = '0',                        REFL = '0', REFH = '1', DELTA = '0', DELTAGBN = '0', PANICL = '0', PANICH = '0' WHERE (EQP_CD = 'XE2100') AND (TESTCD_EQP = '13')

         Date : 2003년 7월 22일 월요일

         Time : 오후 1:55:54
━━━━━━━━━━━━━━━━━━━━━━━━━━━━━━━━━━━━━━━━
    Procedure : clsCommon - Public Function LetEqp_MatchItem(ByVal MatchItem As Scripting.Dictionary) As Boolean

 Error Number : -2147217913

  Description : 조건식의 데이터 형식이 일치하지 않습니다.

       Source : Microsoft JET Database Engine

    SQL State : 3464

 Native Error : -539888598

   SQL String : UPDATE INTERFACE002 SET TESTNM_EQP = 'RDW', OUT_SEQ = 0, TESTCD = 'L2005', TESTNM = 'RDW', AUTOVERIFY = '0', REMARK = '0',                        REFL = '0', REFH = '15', DELTA = '0', DELTAGBN = '0', PANICL = '0', PANICH = '0' WHERE (EQP_CD = 'XE2100') AND (TESTCD_EQP = '19')

         Date : 2003년 7월 22일 월요일

         Time : 오후 1:55:55
━━━━━━━━━━━━━━━━━━━━━━━━━━━━━━━━━━━━━━━━
    Procedure : clsCommon - Public Function LetEqp_MatchItem(ByVal MatchItem As Scripting.Dictionary) As Boolean

 Error Number : -2147217913

  Description : 조건식의 데이터 형식이 일치하지 않습니다.

       Source : Microsoft JET Database Engine

    SQL State : 3464

 Native Error : -539888598

   SQL String : UPDATE INTERFACE002 SET TESTNM_EQP = 'PDW', OUT_SEQ = 0, TESTCD = 'L2006', TESTNM = 'PDW', AUTOVERIFY = '0', REMARK = '0',                        REFL = '', REFH = '', DELTA = '0', DELTAGBN = '0', PANICL = '0', PANICH = '0' WHERE (EQP_CD = 'XE2100') AND (TESTCD_EQP = '21')

         Date : 2003년 7월 22일 월요일

         Time : 오후 1:55:55
━━━━━━━━━━━━━━━━━━━━━━━━━━━━━━━━━━━━━━━━
    Procedure : clsCommon - Public Function LetEqp_MatchItem(ByVal MatchItem As Scripting.Dictionary) As Boolean

 Error Number : -2147217913

  Description : 조건식의 데이터 형식이 일치하지 않습니다.

       Source : Microsoft JET Database Engine

    SQL State : 3464

 Native Error : -539888598

   SQL String : UPDATE INTERFACE002 SET TESTNM_EQP = 'Reticulocyte', OUT_SEQ = 0, TESTCD = 'L2011', TESTNM = 'Reticulocyte', AUTOVERIFY = '0', REMARK = '0',                        REFL = '', REFH = '', DELTA = '0', DELTAGBN = '0', PANICL = '0', PANICH = '0' WHERE (EQP_CD = 'XE2100') AND (TESTCD_EQP = '24')

         Date : 2003년 7월 22일 월요일

         Time : 오후 1:55:55
━━━━━━━━━━━━━━━━━━━━━━━━━━━━━━━━━━━━━━━━
    Procedure : clsCommon - Public Function LetEqp_MatchItem(ByVal MatchItem As Scripting.Dictionary) As Boolean

 Error Number : -2147217913

  Description : 조건식의 데이터 형식이 일치하지 않습니다.

       Source : Microsoft JET Database Engine

    SQL State : 3464

 Native Error : -539888598

   SQL String : UPDATE INTERFACE002 SET TESTNM_EQP = 'IRF', OUT_SEQ = 0, TESTCD = 'L20141', TESTNM = 'IRF', AUTOVERIFY = '0', REMARK = '0',                        REFL = '', REFH = '', DELTA = '0', DELTAGBN = '0', PANICL = '0', PANICH = '0' WHERE (EQP_CD = 'XE2100') AND (TESTCD_EQP = '26')

         Date : 2003년 7월 22일 월요일

         Time : 오후 1:55:55
━━━━━━━━━━━━━━━━━━━━━━━━━━━━━━━━━━━━━━━━
    Procedure : clsCommon - Public Function LetEqp_MatchItem(ByVal MatchItem As Scripting.Dictionary) As Boolean

 Error Number : -2147217913

  Description : 조건식의 데이터 형식이 일치하지 않습니다.

       Source : Microsoft JET Database Engine

    SQL State : 3464

 Native Error : -539888598

   SQL String : UPDATE INTERFACE002 SET TESTNM_EQP = 'NRBC', OUT_SEQ = 0, TESTCD = 'L2999', TESTNM = 'NRBC', AUTOVERIFY = '0', REMARK = '0',                        REFL = '', REFH = '', DELTA = '0', DELTAGBN = '0', PANICL = '0', PANICH = '0' WHERE (EQP_CD = 'XE2100') AND (TESTCD_EQP = '31')

         Date : 2003년 7월 22일 월요일

         Time : 오후 1:55:55
━━━━━━━━━━━━━━━━━━━━━━━━━━━━━━━━━━━━━━━━
    Procedure : clsCommon - Public Function LetEqp_MatchItem(ByVal MatchItem As Scripting.Dictionary) As Boolean

 Error Number : -2147217913

  Description : 조건식의 데이터 형식이 일치하지 않습니다.

       Source : Microsoft JET Database Engine

    SQL State : 3464

 Native Error : -539888598

   SQL String : UPDATE INTERFACE002 SET TESTNM_EQP = 'WBC', OUT_SEQ = 0, TESTCD = 'L2001', TESTNM = 'WBC', AUTOVERIFY = '0', REMARK = '0',                        REFL = '4.0', REFH = '10.0', DELTA = '0', DELTAGBN = '0', PANICL = '0', PANICH = '0' WHERE (EQP_CD = 'XE2100') AND (TESTCD_EQP = '1')

         Date : 2003년 7월 22일 월요일

         Time : 오후 1:56:04
━━━━━━━━━━━━━━━━━━━━━━━━━━━━━━━━━━━━━━━━
    Procedure : clsCommon - Public Function LetEqp_MatchItem(ByVal MatchItem As Scripting.Dictionary) As Boolean

 Error Number : -2147217913

  Description : 조건식의 데이터 형식이 일치하지 않습니다.

       Source : Microsoft JET Database Engine

    SQL State : 3464

 Native Error : -539888598

   SQL String : UPDATE INTERFACE002 SET TESTNM_EQP = 'RBC', OUT_SEQ = 0, TESTCD = 'L2002', TESTNM = 'RBC', AUTOVERIFY = '0', REMARK = '0',                        REFL = '3.9', REFH = '6.5', DELTA = '0', DELTAGBN = '0', PANICL = '0', PANICH = '0' WHERE (EQP_CD = 'XE2100') AND (TESTCD_EQP = '2')

         Date : 2003년 7월 22일 월요일

         Time : 오후 1:56:05
━━━━━━━━━━━━━━━━━━━━━━━━━━━━━━━━━━━━━━━━
    Procedure : clsCommon - Public Function LetEqp_MatchItem(ByVal MatchItem As Scripting.Dictionary) As Boolean

 Error Number : -2147217913

  Description : 조건식의 데이터 형식이 일치하지 않습니다.

       Source : Microsoft JET Database Engine

    SQL State : 3464

 Native Error : -539888598

   SQL String : UPDATE INTERFACE002 SET TESTNM_EQP = 'Hb', OUT_SEQ = 0, TESTCD = 'L2003', TESTNM = 'Hb', AUTOVERIFY = '0', REMARK = '0',                        REFL = '11.5', REFH = '17.0', DELTA = '0', DELTAGBN = '0', PANICL = '0', PANICH = '0' WHERE (EQP_CD = 'XE2100') AND (TESTCD_EQP = '3')

         Date : 2003년 7월 22일 월요일

         Time : 오후 1:56:06
━━━━━━━━━━━━━━━━━━━━━━━━━━━━━━━━━━━━━━━━
    Procedure : clsCommon - Public Function LetEqp_MatchItem(ByVal MatchItem As Scripting.Dictionary) As Boolean

 Error Number : -2147217913

  Description : 조건식의 데이터 형식이 일치하지 않습니다.

       Source : Microsoft JET Database Engine

    SQL State : 3464

 Native Error : -539888598

   SQL String : UPDATE INTERFACE002 SET TESTNM_EQP = 'Hct', OUT_SEQ = 0, TESTCD = 'L2004', TESTNM = 'Hct', AUTOVERIFY = '0', REMARK = '0',                        REFL = '36', REFH = '54', DELTA = '0', DELTAGBN = '0', PANICL = '0', PANICH = '0' WHERE (EQP_CD = 'XE2100') AND (TESTCD_EQP = '4')

         Date : 2003년 7월 22일 월요일

         Time : 오후 1:56:06
━━━━━━━━━━━━━━━━━━━━━━━━━━━━━━━━━━━━━━━━
    Procedure : clsCommon - Public Function LetEqp_MatchItem(ByVal MatchItem As Scripting.Dictionary) As Boolean

 Error Number : -2147217913

  Description : 조건식의 데이터 형식이 일치하지 않습니다.

       Source : Microsoft JET Database Engine

    SQL State : 3464

 Native Error : -539888598

   SQL String : UPDATE INTERFACE002 SET TESTNM_EQP = 'MCV', OUT_SEQ = 0, TESTCD = 'L20021', TESTNM = 'MCV', AUTOVERIFY = '0', REMARK = '0',                        REFL = '', REFH = '', DELTA = '0', DELTAGBN = '0', PANICL = '0', PANICH = '0' WHERE (EQP_CD = 'XE2100') AND (TESTCD_EQP = '5')

         Date : 2003년 7월 22일 월요일

         Time : 오후 1:56:06
━━━━━━━━━━━━━━━━━━━━━━━━━━━━━━━━━━━━━━━━
    Procedure : clsCommon - Public Function LetEqp_MatchItem(ByVal MatchItem As Scripting.Dictionary) As Boolean

 Error Number : -2147217913

  Description : 조건식의 데이터 형식이 일치하지 않습니다.

       Source : Microsoft JET Database Engine

    SQL State : 3464

 Native Error : -539888598

   SQL String : UPDATE INTERFACE002 SET TESTNM_EQP = 'MCH', OUT_SEQ = 0, TESTCD = 'L20022', TESTNM = 'MCH', AUTOVERIFY = '0', REMARK = '0',                        REFL = '', REFH = '', DELTA = '0', DELTAGBN = '0', PANICL = '0', PANICH = '0' WHERE (EQP_CD = 'XE2100') AND (TESTCD_EQP = '6')

         Date : 2003년 7월 22일 월요일

         Time : 오후 1:56:06
━━━━━━━━━━━━━━━━━━━━━━━━━━━━━━━━━━━━━━━━
    Procedure : clsCommon - Public Function LetEqp_MatchItem(ByVal MatchItem As Scripting.Dictionary) As Boolean

 Error Number : -2147217913

  Description : 조건식의 데이터 형식이 일치하지 않습니다.

       Source : Microsoft JET Database Engine

    SQL State : 3464

 Native Error : -539888598

   SQL String : UPDATE INTERFACE002 SET TESTNM_EQP = 'MCHC', OUT_SEQ = 0, TESTCD = 'L20023', TESTNM = 'MCHC', AUTOVERIFY = '0', REMARK = '0',                        REFL = '', REFH = '', DELTA = '0', DELTAGBN = '0', PANICL = '0', PANICH = '0' WHERE (EQP_CD = 'XE2100') AND (TESTCD_EQP = '7')

         Date : 2003년 7월 22일 월요일

         Time : 오후 1:56:06
━━━━━━━━━━━━━━━━━━━━━━━━━━━━━━━━━━━━━━━━
    Procedure : clsCommon - Public Function LetEqp_MatchItem(ByVal MatchItem As Scripting.Dictionary) As Boolean

 Error Number : -2147217913

  Description : 조건식의 데이터 형식이 일치하지 않습니다.

       Source : Microsoft JET Database Engine

    SQL State : 3464

 Native Error : -539888598

   SQL String : UPDATE INTERFACE002 SET TESTNM_EQP = 'Platlet', OUT_SEQ = 0, TESTCD = 'L2009', TESTNM = 'Platlet', AUTOVERIFY = '0', REMARK = '0',                        REFL = '', REFH = '', DELTA = '0', DELTAGBN = '0', PANICL = '0', PANICH = '0' WHERE (EQP_CD = 'XE2100') AND (TESTCD_EQP = '8')

         Date : 2003년 7월 22일 월요일

         Time : 오후 1:56:06
━━━━━━━━━━━━━━━━━━━━━━━━━━━━━━━━━━━━━━━━
    Procedure : clsCommon - Public Function LetEqp_MatchItem(ByVal MatchItem As Scripting.Dictionary) As Boolean

 Error Number : -2147217913

  Description : 조건식의 데이터 형식이 일치하지 않습니다.

       Source : Microsoft JET Database Engine

    SQL State : 3464

 Native Error : -539888598

   SQL String : UPDATE INTERFACE002 SET TESTNM_EQP = 'lymphoccyte', OUT_SEQ = 0, TESTCD = 'L20125', TESTNM = 'lymphoccyte', AUTOVERIFY = '0', REMARK = '0',                        REFL = '', REFH = '', DELTA = '0', DELTAGBN = '0', PANICL = '0', PANICH = '0' WHERE (EQP_CD = 'XE2100') AND (TESTCD_EQP = '9')

         Date : 2003년 7월 22일 월요일

         Time : 오후 1:56:07
━━━━━━━━━━━━━━━━━━━━━━━━━━━━━━━━━━━━━━━━
    Procedure : clsCommon - Public Function LetEqp_MatchItem(ByVal MatchItem As Scripting.Dictionary) As Boolean

 Error Number : -2147217913

  Description : 조건식의 데이터 형식이 일치하지 않습니다.

       Source : Microsoft JET Database Engine

    SQL State : 3464

 Native Error : -539888598

   SQL String : UPDATE INTERFACE002 SET TESTNM_EQP = 'monoccyte', OUT_SEQ = 0, TESTCD = 'L20126', TESTNM = 'monoccyte', AUTOVERIFY = '0', REMARK = '0',                        REFL = '4', REFH = '10', DELTA = '0', DELTAGBN = '0', PANICL = '0', PANICH = '0' WHERE (EQP_CD = 'XE2100') AND (TESTCD_EQP = '10')

         Date : 2003년 7월 22일 월요일

         Time : 오후 1:56:07
━━━━━━━━━━━━━━━━━━━━━━━━━━━━━━━━━━━━━━━━
    Procedure : clsCommon - Public Function LetEqp_MatchItem(ByVal MatchItem As Scripting.Dictionary) As Boolean

 Error Number : -2147217913

  Description : 조건식의 데이터 형식이 일치하지 않습니다.

       Source : Microsoft JET Database Engine

    SQL State : 3464

 Native Error : -539888598

   SQL String : UPDATE INTERFACE002 SET TESTNM_EQP = 'neutrophil', OUT_SEQ = 0, TESTCD = 'L20124', TESTNM = 'neutrophil', AUTOVERIFY = '0', REMARK = '0',                        REFL = '40', REFH = '65', DELTA = '0', DELTAGBN = '0', PANICL = '0', PANICH = '0' WHERE (EQP_CD = 'XE2100') AND (TESTCD_EQP = '11')

         Date : 2003년 7월 22일 월요일

         Time : 오후 1:56:07
━━━━━━━━━━━━━━━━━━━━━━━━━━━━━━━━━━━━━━━━
    Procedure : clsCommon - Public Function LetEqp_MatchItem(ByVal MatchItem As Scripting.Dictionary) As Boolean

 Error Number : -2147217913

  Description : 조건식의 데이터 형식이 일치하지 않습니다.

       Source : Microsoft JET Database Engine

    SQL State : 3464

 Native Error : -539888598

   SQL String : UPDATE INTERFACE002 SET TESTNM_EQP = 'eosnophil', OUT_SEQ = 0, TESTCD = 'L20127', TESTNM = 'eosnophil', AUTOVERIFY = '0', REMARK = '0',                        REFL = '1', REFH = '5', DELTA = '0', DELTAGBN = '0', PANICL = '0', PANICH = '0' WHERE (EQP_CD = 'XE2100') AND (TESTCD_EQP = '12')

         Date : 2003년 7월 22일 월요일

         Time : 오후 1:56:07
━━━━━━━━━━━━━━━━━━━━━━━━━━━━━━━━━━━━━━━━
    Procedure : clsCommon - Public Function LetEqp_MatchItem(ByVal MatchItem As Scripting.Dictionary) As Boolean

 Error Number : -2147217913

  Description : 조건식의 데이터 형식이 일치하지 않습니다.

       Source : Microsoft JET Database Engine

    SQL State : 3464

 Native Error : -539888598

   SQL String : UPDATE INTERFACE002 SET TESTNM_EQP = 'basophil', OUT_SEQ = 0, TESTCD = 'L20128', TESTNM = 'basophil', AUTOVERIFY = '0', REMARK = '0',                        REFL = '0', REFH = '1', DELTA = '0', DELTAGBN = '0', PANICL = '0', PANICH = '0' WHERE (EQP_CD = 'XE2100') AND (TESTCD_EQP = '13')

         Date : 2003년 7월 22일 월요일

         Time : 오후 1:56:07
━━━━━━━━━━━━━━━━━━━━━━━━━━━━━━━━━━━━━━━━
    Procedure : clsCommon - Public Function LetEqp_MatchItem(ByVal MatchItem As Scripting.Dictionary) As Boolean

 Error Number : -2147217913

  Description : 조건식의 데이터 형식이 일치하지 않습니다.

       Source : Microsoft JET Database Engine

    SQL State : 3464

 Native Error : -539888598

   SQL String : UPDATE INTERFACE002 SET TESTNM_EQP = 'RDW', OUT_SEQ = 0, TESTCD = 'L2005', TESTNM = 'RDW', AUTOVERIFY = '0', REMARK = '0',                        REFL = '0', REFH = '15', DELTA = '0', DELTAGBN = '0', PANICL = '0', PANICH = '0' WHERE (EQP_CD = 'XE2100') AND (TESTCD_EQP = '19')

         Date : 2003년 7월 22일 월요일

         Time : 오후 1:56:07
━━━━━━━━━━━━━━━━━━━━━━━━━━━━━━━━━━━━━━━━
    Procedure : clsCommon - Public Function LetEqp_MatchItem(ByVal MatchItem As Scripting.Dictionary) As Boolean

 Error Number : -2147217913

  Description : 조건식의 데이터 형식이 일치하지 않습니다.

       Source : Microsoft JET Database Engine

    SQL State : 3464

 Native Error : -539888598

   SQL String : UPDATE INTERFACE002 SET TESTNM_EQP = 'PDW', OUT_SEQ = 0, TESTCD = 'L2006', TESTNM = 'PDW', AUTOVERIFY = '0', REMARK = '0',                        REFL = '', REFH = '', DELTA = '0', DELTAGBN = '0', PANICL = '0', PANICH = '0' WHERE (EQP_CD = 'XE2100') AND (TESTCD_EQP = '21')

         Date : 2003년 7월 22일 월요일

         Time : 오후 1:56:08
━━━━━━━━━━━━━━━━━━━━━━━━━━━━━━━━━━━━━━━━
    Procedure : clsCommon - Public Function LetEqp_MatchItem(ByVal MatchItem As Scripting.Dictionary) As Boolean

 Error Number : -2147217913

  Description : 조건식의 데이터 형식이 일치하지 않습니다.

       Source : Microsoft JET Database Engine

    SQL State : 3464

 Native Error : -539888598

   SQL String : UPDATE INTERFACE002 SET TESTNM_EQP = 'Reticulocyte', OUT_SEQ = 0, TESTCD = 'L2011', TESTNM = 'Reticulocyte', AUTOVERIFY = '0', REMARK = '0',                        REFL = '', REFH = '', DELTA = '0', DELTAGBN = '0', PANICL = '0', PANICH = '0' WHERE (EQP_CD = 'XE2100') AND (TESTCD_EQP = '24')

         Date : 2003년 7월 22일 월요일

         Time : 오후 1:56:08
━━━━━━━━━━━━━━━━━━━━━━━━━━━━━━━━━━━━━━━━
    Procedure : clsCommon - Public Function LetEqp_MatchItem(ByVal MatchItem As Scripting.Dictionary) As Boolean

 Error Number : -2147217913

  Description : 조건식의 데이터 형식이 일치하지 않습니다.

       Source : Microsoft JET Database Engine

    SQL State : 3464

 Native Error : -539888598

   SQL String : UPDATE INTERFACE002 SET TESTNM_EQP = 'IRF', OUT_SEQ = 0, TESTCD = 'L20141', TESTNM = 'IRF', AUTOVERIFY = '0', REMARK = '0',                        REFL = '', REFH = '', DELTA = '0', DELTAGBN = '0', PANICL = '0', PANICH = '0' WHERE (EQP_CD = 'XE2100') AND (TESTCD_EQP = '26')

         Date : 2003년 7월 22일 월요일

         Time : 오후 1:56:08
━━━━━━━━━━━━━━━━━━━━━━━━━━━━━━━━━━━━━━━━
    Procedure : clsCommon - Public Function LetEqp_MatchItem(ByVal MatchItem As Scripting.Dictionary) As Boolean

 Error Number : -2147217913

  Description : 조건식의 데이터 형식이 일치하지 않습니다.

       Source : Microsoft JET Database Engine

    SQL State : 3464

 Native Error : -539888598

   SQL String : UPDATE INTERFACE002 SET TESTNM_EQP = 'NRBC', OUT_SEQ = 0, TESTCD = 'L2999', TESTNM = 'NRBC', AUTOVERIFY = '0', REMARK = '0',                        REFL = '', REFH = '', DELTA = '0', DELTAGBN = '0', PANICL = '0', PANICH = '0' WHERE (EQP_CD = 'XE2100') AND (TESTCD_EQP = '31')

         Date : 2003년 7월 22일 월요일

         Time : 오후 1:56:08
━━━━━━━━━━━━━━━━━━━━━━━━━━━━━━━━━━━━━━━━
    Procedure : clsCommon - Public Function LetEqp_MatchItem(ByVal MatchItem As Scripting.Dictionary) As Boolean

 Error Number : -2147217913

  Description : 조건식의 데이터 형식이 일치하지 않습니다.

       Source : Microsoft JET Database Engine

    SQL State : 3464

 Native Error : -539888598

   SQL String : UPDATE INTERFACE002 SET TESTNM_EQP = 'WBC', OUT_SEQ = 0, TESTCD = 'L2001', TESTNM = 'WBC', AUTOVERIFY = '0', REMARK = '0',                        REFL = '4.0', REFH = '10.0', DELTA = '0', DELTAGBN = '0', PANICL = '0', PANICH = '0' WHERE (EQP_CD = 'XE2100') AND (TESTCD_EQP = '1')

         Date : 2003년 7월 22일 월요일

         Time : 오후 1:57:55
━━━━━━━━━━━━━━━━━━━━━━━━━━━━━━━━━━━━━━━━
    Procedure : clsCommon - Public Function LetEqp_MatchItem(ByVal MatchItem As Scripting.Dictionary) As Boolean

 Error Number : -2147217913

  Description : 조건식의 데이터 형식이 일치하지 않습니다.

       Source : Microsoft JET Database Engine

    SQL State : 3464

 Native Error : -539888598

   SQL String : UPDATE INTERFACE002 SET TESTNM_EQP = 'RBC', OUT_SEQ = 0, TESTCD = 'L2002', TESTNM = 'RBC', AUTOVERIFY = '0', REMARK = '0',                        REFL = '3.9', REFH = '6.5', DELTA = '0', DELTAGBN = '0', PANICL = '0', PANICH = '0' WHERE (EQP_CD = 'XE2100') AND (TESTCD_EQP = '2')

         Date : 2003년 7월 22일 월요일

         Time : 오후 1:57:58
━━━━━━━━━━━━━━━━━━━━━━━━━━━━━━━━━━━━━━━━
    Procedure : clsCommon - Public Function LetEqp_MatchItem(ByVal MatchItem As Scripting.Dictionary) As Boolean

 Error Number : -2147217913

  Description : 조건식의 데이터 형식이 일치하지 않습니다.

       Source : Microsoft JET Database Engine

    SQL State : 3464

 Native Error : -539888598

   SQL String : UPDATE INTERFACE002 SET TESTNM_EQP = 'Hb', OUT_SEQ = 0, TESTCD = 'L2003', TESTNM = 'Hb', AUTOVERIFY = '0', REMARK = '0',                        REFL = '11.5', REFH = '17.0', DELTA = '0', DELTAGBN = '0', PANICL = '0', PANICH = '0' WHERE (EQP_CD = 'XE2100') AND (TESTCD_EQP = '3')

         Date : 2003년 7월 22일 월요일

         Time : 오후 1:57:59
━━━━━━━━━━━━━━━━━━━━━━━━━━━━━━━━━━━━━━━━
    Procedure : clsCommon - Public Function LetEqp_MatchItem(ByVal MatchItem As Scripting.Dictionary) As Boolean

 Error Number : -2147217913

  Description : 조건식의 데이터 형식이 일치하지 않습니다.

       Source : Microsoft JET Database Engine

    SQL State : 3464

 Native Error : -539888598

   SQL String : UPDATE INTERFACE002 SET TESTNM_EQP = 'Hct', OUT_SEQ = 0, TESTCD = 'L2004', TESTNM = 'Hct', AUTOVERIFY = '0', REMARK = '0',                        REFL = '36', REFH = '54', DELTA = '0', DELTAGBN = '0', PANICL = '0', PANICH = '0' WHERE (EQP_CD = 'XE2100') AND (TESTCD_EQP = '4')

         Date : 2003년 7월 22일 월요일

         Time : 오후 1:58:29
━━━━━━━━━━━━━━━━━━━━━━━━━━━━━━━━━━━━━━━━
