        Procedure : frmInterface - Private Sub f_subSet_ItemList()

     Error Source : Au640

     Error Number : 5

Error Description : Щ煎衛盪 轎 傳朝 檣熱陛 澀跤腎歷蝗棲棻.

             Date : 2003喇 11錯 26橾 錯蹂橾

             Time : 螃 2:40:29
收收收收收收收收收收收收收收收收收收收收收收收收收收收收收收收收收收收收收收收收
        Procedure : clsCommon - Public Function f_subSet_DateOrder() As ADODB.Recordset

     Error Source : Microsoft OLE DB Provider for SQL Server

     Error Number : -2147217904

Error Description : 'interface_WorkList_SELECT_sp' Щ煎衛盪縑 в蹂и '@i_Step' 衙偃 滲熱陛 薯奢腎雖 彊懊蝗棲棻.

             Date : 2003喇 11錯 26橾 錯蹂橾

             Time : 螃 2:40:31
收收收收收收收收收收收收收收收收收收收收收收收收收收收收收收收收收收收收收收收收
        Procedure : frmInterface - Private Sub f_subSet_ItemList()

     Error Source : Au640

     Error Number : 5

Error Description : Щ煎衛盪 轎 傳朝 檣熱陛 澀跤腎歷蝗棲棻.

             Date : 2003喇 11錯 26橾 錯蹂橾

             Time : 螃 2:40:46
收收收收收收收收收收收收收收收收收收收收收收收收收收收收收收收收收收收收收收收收
        Procedure : clsCommon - Public Function f_subSet_DateOrder() As ADODB.Recordset

     Error Source : Microsoft OLE DB Provider for SQL Server

     Error Number : -2147217904

Error Description : 'interface_WorkList_SELECT_sp' Щ煎衛盪縑 в蹂и '@i_Step' 衙偃 滲熱陛 薯奢腎雖 彊懊蝗棲棻.

             Date : 2003喇 11錯 26橾 錯蹂橾

             Time : 螃 2:40:47
收收收收收收收收收收收收收收收收收收收收收收收收收收收收收收收收收收收收收收收收
        Procedure : frmInterface - Private Sub f_subSet_ItemList()

     Error Source : Au640

     Error Number : 5

Error Description : Щ煎衛盪 轎 傳朝 檣熱陛 澀跤腎歷蝗棲棻.

             Date : 2003喇 11錯 26橾 錯蹂橾

             Time : 螃 2:40:50
收收收收收收收收收收收收收收收收收收收收收收收收收收收收收收收收收收收收收收收收
        Procedure : clsCommon - Public Function f_subSet_DateOrder() As ADODB.Recordset

     Error Source : Microsoft OLE DB Provider for SQL Server

     Error Number : -2147217904

Error Description : 'interface_WorkList_SELECT_sp' Щ煎衛盪縑 в蹂и '@i_Step' 衙偃 滲熱陛 薯奢腎雖 彊懊蝗棲棻.

             Date : 2003喇 11錯 26橾 錯蹂橾

             Time : 螃 2:40:51
收收收收收收收收收收收收收收收收收收收收收收收收收收收收收收收收收收收收收收收收
        Procedure : frmInterface - Private Sub f_subSet_ItemList()

     Error Source : Au640

     Error Number : 5

Error Description : Щ煎衛盪 轎 傳朝 檣熱陛 澀跤腎歷蝗棲棻.

             Date : 2003喇 11錯 26橾 錯蹂橾

             Time : 螃 3:12:20
收收收收收收收收收收收收收收收收收收收收收收收收收收收收收收收收收收收收收收收收
        Procedure : clsCommon - Public Function f_subSet_DateOrder() As ADODB.Recordset

     Error Source : Microsoft OLE DB Provider for SQL Server

     Error Number : -2147217904

Error Description : 'interface_WorkList_SELECT_sp' Щ煎衛盪縑 в蹂и '@i_Step' 衙偃 滲熱陛 薯奢腎雖 彊懊蝗棲棻.

             Date : 2003喇 11錯 26橾 錯蹂橾

             Time : 螃 3:12:21
收收收收收收收收收收收收收收收收收收收收收收收收收收收收收收收收收收收收收收收收
        Procedure : frmInterface - Private Sub f_subSet_ItemList()

     Error Source : Au640

     Error Number : 5

Error Description : Щ煎衛盪 轎 傳朝 檣熱陛 澀跤腎歷蝗棲棻.

             Date : 2003喇 11錯 26橾 錯蹂橾

             Time : 螃 3:12:51
收收收收收收收收收收收收收收收收收收收收收收收收收收收收收收收收收收收收收收收收
        Procedure : clsCommon - Public Function f_subSet_DateOrder() As ADODB.Recordset

     Error Source : Microsoft OLE DB Provider for SQL Server

     Error Number : -2147217904

Error Description : 'interface_WorkList_SELECT_sp' Щ煎衛盪縑 в蹂и '@i_Step' 衙偃 滲熱陛 薯奢腎雖 彊懊蝗棲棻.

             Date : 2003喇 11錯 26橾 錯蹂橾

             Time : 螃 3:12:52
收收收收收收收收收收收收收收收收收收收收收收收收收收收收收收收收收收收收收收收收
        Procedure : frmInterface - Private Sub f_subSet_ItemList()

     Error Source : Au640

     Error Number : 5

Error Description : Щ煎衛盪 轎 傳朝 檣熱陛 澀跤腎歷蝗棲棻.

             Date : 2003喇 11錯 26橾 錯蹂橾

             Time : 螃 3:13:20
收收收收收收收收收收收收收收收收收收收收收收收收收收收收收收收收收收收收收收收收
        Procedure : clsCommon - Public Function f_subSet_DateOrder() As ADODB.Recordset

     Error Source : Microsoft OLE DB Provider for SQL Server

     Error Number : -2147217904

Error Description : 'interface_WorkList_SELECT_sp' Щ煎衛盪縑 в蹂и '@i_Step' 衙偃 滲熱陛 薯奢腎雖 彊懊蝗棲棻.

             Date : 2003喇 11錯 26橾 錯蹂橾

             Time : 螃 3:13:23
收收收收收收收收收收收收收收收收收收收收收收收收收收收收收收收收收收收收收收收收
        Procedure : frmInterface - Private Sub f_subSet_ItemList()

     Error Source : Au640

     Error Number : 5

Error Description : Щ煎衛盪 轎 傳朝 檣熱陛 澀跤腎歷蝗棲棻.

             Date : 2003喇 11錯 26橾 錯蹂橾

             Time : 螃 3:13:35
收收收收收收收收收收收收收收收收收收收收收收收收收收收收收收收收收收收收收收收收
        Procedure : clsCommon - Public Function f_subSet_DateOrder() As ADODB.Recordset

     Error Source : Microsoft OLE DB Provider for SQL Server

     Error Number : -2147217904

Error Description : 'interface_WorkList_SELECT_sp' Щ煎衛盪縑 в蹂и '@i_Step' 衙偃 滲熱陛 薯奢腎雖 彊懊蝗棲棻.

             Date : 2003喇 11錯 26橾 錯蹂橾

             Time : 螃 3:13:36
收收收收收收收收收收收收收收收收收收收收收收收收收收收收收收收收收收收收收收收收
        Procedure : frmInterface - Private Sub f_subSet_ItemList()

     Error Source : Au640

     Error Number : 5

Error Description : Щ煎衛盪 轎 傳朝 檣熱陛 澀跤腎歷蝗棲棻.

             Date : 2003喇 11錯 26橾 錯蹂橾

             Time : 螃 3:15:58
收收收收收收收收收收收收收收收收收收收收收收收收收收收收收收收收收收收收收收收收
        Procedure : clsCommon - Public Function f_subSet_DateOrder() As ADODB.Recordset

     Error Source : Microsoft OLE DB Provider for SQL Server

     Error Number : -2147217904

Error Description : 'interface_WorkList_SELECT_sp' Щ煎衛盪縑 в蹂и '@i_Step' 衙偃 滲熱陛 薯奢腎雖 彊懊蝗棲棻.

             Date : 2003喇 11錯 26橾 錯蹂橾

             Time : 螃 3:16:04
收收收收收收收收收收收收收收收收收收收收收收收收收收收收收收收收收收收收收收收收
        Procedure : frmInterface - Private Sub f_subSet_ItemList()

     Error Source : Au640

     Error Number : 5

Error Description : Щ煎衛盪 轎 傳朝 檣熱陛 澀跤腎歷蝗棲棻.

             Date : 2003喇 11錯 26橾 錯蹂橾

             Time : 螃 3:16:11
收收收收收收收收收收收收收收收收收收收收收收收收收收收收收收收收收收收收收收收收
        Procedure : clsCommon - Public Function f_subSet_DateOrder() As ADODB.Recordset

     Error Source : Microsoft OLE DB Provider for SQL Server

     Error Number : -2147217904

Error Description : 'interface_WorkList_SELECT_sp' Щ煎衛盪縑 в蹂и '@i_Step' 衙偃 滲熱陛 薯奢腎雖 彊懊蝗棲棻.

             Date : 2003喇 11錯 26橾 錯蹂橾

             Time : 螃 3:16:12
收收收收收收收收收收收收收收收收收收收收收收收收收收收收收收收收收收收收收收收收
        Procedure : frmInterface - Private Sub f_subSet_ItemList()

     Error Source : Au640

     Error Number : 5

Error Description : Щ煎衛盪 轎 傳朝 檣熱陛 澀跤腎歷蝗棲棻.

             Date : 2003喇 11錯 26橾 錯蹂橾

             Time : 螃 3:21:41
收收收收收收收收收收收收收收收收收收收收收收收收收收收收收收收收收收收收收收收收
        Procedure : clsCommon - Public Function f_subSet_DateOrder() As ADODB.Recordset

     Error Source : Microsoft OLE DB Provider for SQL Server

     Error Number : -2147217904

Error Description : 'interface_WorkList_SELECT_sp' Щ煎衛盪縑 в蹂и '@i_Step' 衙偃 滲熱陛 薯奢腎雖 彊懊蝗棲棻.

             Date : 2003喇 11錯 26橾 錯蹂橾

             Time : 螃 3:21:45
收收收收收收收收收收收收收收收收收收收收收收收收收收收收收收收收收收收收收收收收
        Procedure : frmInterface - Private Sub f_subSet_ItemList()

     Error Source : Au640

     Error Number : 5

Error Description : Щ煎衛盪 轎 傳朝 檣熱陛 澀跤腎歷蝗棲棻.

             Date : 2003喇 11錯 26橾 錯蹂橾

             Time : 螃 3:25:39
收收收收收收收收收收收收收收收收收收收收收收收收收收收收收收收收收收收收收收收收
        Procedure : clsCommon - Public Function f_subSet_DateOrder() As ADODB.Recordset

     Error Source : Microsoft OLE DB Provider for SQL Server

     Error Number : -2147217904

Error Description : 'interface_WorkList_SELECT_sp' Щ煎衛盪縑 в蹂и '@i_Step' 衙偃 滲熱陛 薯奢腎雖 彊懊蝗棲棻.

             Date : 2003喇 11錯 26橾 錯蹂橾

             Time : 螃 3:25:42
收收收收收收收收收收收收收收收收收收收收收收收收收收收收收收收收收收收收收收收收
        Procedure : frmInterface - Private Sub f_subSet_ItemList()

     Error Source : Au640

     Error Number : 5

Error Description : Щ煎衛盪 轎 傳朝 檣熱陛 澀跤腎歷蝗棲棻.

             Date : 2003喇 11錯 26橾 錯蹂橾

             Time : 螃 3:25:54
收收收收收收收收收收收收收收收收收收收收收收收收收收收收收收收收收收收收收收收收
        Procedure : clsCommon - Public Function f_subSet_DateOrder() As ADODB.Recordset

     Error Source : Microsoft OLE DB Provider for SQL Server

     Error Number : -2147217904

Error Description : 'interface_WorkList_SELECT_sp' Щ煎衛盪縑 в蹂и '@i_Step' 衙偃 滲熱陛 薯奢腎雖 彊懊蝗棲棻.

             Date : 2003喇 11錯 26橾 錯蹂橾

             Time : 螃 3:25:58
收收收收收收收收收收收收收收收收收收收收收收收收收收收收收收收收收收收收收收收收
        Procedure : frmInterface - Private Sub f_subSet_ItemList()

     Error Source : Au640

     Error Number : 5

Error Description : Щ煎衛盪 轎 傳朝 檣熱陛 澀跤腎歷蝗棲棻.

             Date : 2003喇 11錯 26橾 錯蹂橾

             Time : 螃 3:26:16
收收收收收收收收收收收收收收收收收收收收收收收收收收收收收收收收收收收收收收收收
        Procedure : clsCommon - Public Function f_subSet_DateOrder() As ADODB.Recordset

     Error Source : Microsoft OLE DB Provider for SQL Server

     Error Number : -2147217904

Error Description : 'interface_WorkList_SELECT_sp' Щ煎衛盪縑 в蹂и '@i_Step' 衙偃 滲熱陛 薯奢腎雖 彊懊蝗棲棻.

             Date : 2003喇 11錯 26橾 錯蹂橾

             Time : 螃 3:26:17
收收收收收收收收收收收收收收收收收收收收收收收收收收收收收收收收收收收收收收收收
        Procedure : clsCommon - Public Function f_subSet_DateOrder() As ADODB.Recordset

     Error Source : Microsoft OLE DB Provider for SQL Server

     Error Number : -2147217904

Error Description : 'interface_WorkList_SELECT_sp' Щ煎衛盪縑 в蹂и '@i_Step' 衙偃 滲熱陛 薯奢腎雖 彊懊蝗棲棻.

             Date : 2003喇 11錯 26橾 錯蹂橾

             Time : 螃 3:34:58
收收收收收收收收收收收收收收收收收收收收收收收收收收收收收收收收收收收收收收收收
        Procedure : clsCommon - Public Function f_subSet_DateOrder() As ADODB.Recordset

     Error Source : Microsoft OLE DB Provider for SQL Server

     Error Number : -2147217904

Error Description : 'interface_WorkList_SELECT_sp' Щ煎衛盪縑 в蹂и '@i_Step' 衙偃 滲熱陛 薯奢腎雖 彊懊蝗棲棻.

             Date : 2003喇 11錯 26橾 錯蹂橾

             Time : 螃 3:35:54
收收收收收收收收收收收收收收收收收收收收收收收收收收收收收收收收收收收收收收收收
        Procedure : clsCommon - Public Function f_subSet_DateOrder() As ADODB.Recordset

     Error Source : Microsoft OLE DB Provider for SQL Server

     Error Number : -2147217904

Error Description : 'interface_WorkList_SELECT_sp' Щ煎衛盪縑 в蹂и '@i_Step' 衙偃 滲熱陛 薯奢腎雖 彊懊蝗棲棻.

             Date : 2003喇 11錯 26橾 錯蹂橾

             Time : 螃 3:36:50
收收收收收收收收收收收收收收收收收收收收收收收收收收收收收收收收收收收收收收收收
        Procedure : clsCommon - Public Function f_subSet_DateOrder() As ADODB.Recordset

     Error Source : Microsoft OLE DB Provider for SQL Server

     Error Number : -2147217904

Error Description : 'interface_WorkList_SELECT_sp' Щ煎衛盪縑 в蹂и '@i_Step' 衙偃 滲熱陛 薯奢腎雖 彊懊蝗棲棻.

             Date : 2003喇 11錯 26橾 錯蹂橾

             Time : 螃 3:37:31
收收收收收收收收收收收收收收收收收收收收收收收收收收收收收收收收收收收收收收收收
        Procedure : clsCommon - Public Function f_subSet_DateOrder() As ADODB.Recordset

     Error Source : Microsoft OLE DB Provider for SQL Server

     Error Number : -2147217904

Error Description : 'interface_WorkList_SELECT_sp' Щ煎衛盪縑 в蹂и '@i_Step' 衙偃 滲熱陛 薯奢腎雖 彊懊蝗棲棻.

             Date : 2003喇 11錯 26橾 錯蹂橾

             Time : 螃 3:41:21
收收收收收收收收收收收收收收收收收收收收收收收收收收收收收收收收收收收收收收收收
        Procedure : clsCommon - Public Function f_subSet_DateOrder() As ADODB.Recordset

     Error Source : Microsoft OLE DB Provider for SQL Server

     Error Number : -2147217904

Error Description : 'interface_WorkList_SELECT_sp' Щ煎衛盪縑 в蹂и '@i_Step' 衙偃 滲熱陛 薯奢腎雖 彊懊蝗棲棻.

             Date : 2003喇 11錯 26橾 錯蹂橾

             Time : 螃 3:41:36
收收收收收收收收收收收收收收收收收收收收收收收收收收收收收收收收收收收收收收收收
