        Procedure : clsCommon - Public Function Get_RoomList() As ADODB.Recordset

     Error Source : Rapidlab850

     Error Number : 91

Error Description : 개체 변수 또는 With 문의 변수가 설정되어 있지 않습니다.

             Date : 2003년 9월 24일 월요일

             Time : 오전 9:31:18
━━━━━━━━━━━━━━━━━━━━━━━━━━━━━━━━━━━━━━━━
        Procedure : clsCommon - Public Function Get_StationList() As ADODB.Recordset

     Error Source : Rapidlab850

     Error Number : 91

Error Description : 개체 변수 또는 With 문의 변수가 설정되어 있지 않습니다.

             Date : 2003년 9월 24일 월요일

             Time : 오전 9:31:21
━━━━━━━━━━━━━━━━━━━━━━━━━━━━━━━━━━━━━━━━
        Procedure : frmInterface - Privete sub cmdWorkQuery_Click()

     Error Source : Rapidlab850

     Error Number : 9

Error Description : 첨자 사용이 잘못되었습니다.

             Date : 2003년 9월 24일 월요일

             Time : 오전 9:41:45
━━━━━━━━━━━━━━━━━━━━━━━━━━━━━━━━━━━━━━━━
        Procedure : frmInterface - Privete sub cmdWorkQuery_Click()

     Error Source : Rapidlab850

     Error Number : 9

Error Description : 첨자 사용이 잘못되었습니다.

             Date : 2003년 9월 24일 월요일

             Time : 오전 9:48:28
━━━━━━━━━━━━━━━━━━━━━━━━━━━━━━━━━━━━━━━━
        Procedure : frmInterface - Privete sub cmdWorkQuery_Click()

     Error Source : Rapidlab850

     Error Number : 9

Error Description : 첨자 사용이 잘못되었습니다.

             Date : 2003년 9월 24일 월요일

             Time : 오전 9:54:56
━━━━━━━━━━━━━━━━━━━━━━━━━━━━━━━━━━━━━━━━
        Procedure : frmInterface - Privete sub cmdWorkQuery_Click()

     Error Source : Rapidlab850

     Error Number : 9

Error Description : 첨자 사용이 잘못되었습니다.

             Date : 2003년 9월 24일 월요일

             Time : 오전 9:55:01
━━━━━━━━━━━━━━━━━━━━━━━━━━━━━━━━━━━━━━━━
        Procedure : frmInterface - Private Sub cmdRun()

     Error Source : MSComm

     Error Number : 8005

Error Description : 포트가 이미 열려 있습니다.

             Date : 2003년 9월 24일 월요일

             Time : 오전 10:29:05
━━━━━━━━━━━━━━━━━━━━━━━━━━━━━━━━━━━━━━━━
        Procedure : frmInterface - Private Sub cmdRun()

     Error Source : MSComm

     Error Number : 8005

Error Description : 포트가 이미 열려 있습니다.

             Date : 2003년 9월 24일 월요일

             Time : 오전 10:29:27
━━━━━━━━━━━━━━━━━━━━━━━━━━━━━━━━━━━━━━━━
        Procedure : frmInterface - Privete sub cmdWorkQuery_Click()

     Error Source : Rapidlab850

     Error Number : 9

Error Description : 첨자 사용이 잘못되었습니다.

             Date : 2003년 9월 24일 월요일

             Time : 오후 1:15:03
━━━━━━━━━━━━━━━━━━━━━━━━━━━━━━━━━━━━━━━━
    Procedure : clsCommon - Public Function Get_RoomList() As ADODB.Recordset

 Error Number : -2147217908

  Description : 명령 텍스트가 명령 개체에 대하여 설정되지 않았습니다.

       Source : SQL Server용 Microsoft OLE DB 공급자

    SQL State : 

 Native Error : 0

   SQL String : 

         Date : 2003년 9월 24일 월요일

         Time : 오후 1:57:49
━━━━━━━━━━━━━━━━━━━━━━━━━━━━━━━━━━━━━━━━
        Procedure : frmInterface - Private Sub f_subSet_ItemList()

     Error Source : Rapidlab850

     Error Number : 5

Error Description : 프로시저 호출 또는 인수가 잘못되었습니다.

             Date : 2003년 9월 24일 월요일

             Time : 오후 2:21:29
━━━━━━━━━━━━━━━━━━━━━━━━━━━━━━━━━━━━━━━━
        Procedure : frmInterface - Private Sub f_subSet_ItemList()

     Error Source : Rapidlab850

     Error Number : 5

Error Description : 프로시저 호출 또는 인수가 잘못되었습니다.

             Date : 2003년 9월 24일 월요일

             Time : 오후 2:22:34
━━━━━━━━━━━━━━━━━━━━━━━━━━━━━━━━━━━━━━━━
        Procedure : frmInterface - Private Sub f_subSet_ItemList()

     Error Source : Rapidlab850

     Error Number : 5

Error Description : 프로시저 호출 또는 인수가 잘못되었습니다.

             Date : 2003년 9월 24일 월요일

             Time : 오후 2:23:55
━━━━━━━━━━━━━━━━━━━━━━━━━━━━━━━━━━━━━━━━
        Procedure : clsCommon - Public Function f_subSet_DateOrder() As ADODB.Recordset

     Error Source : SQL Server용 Microsoft OLE DB 공급자

     Error Number : -2147217900

Error Description : 프로시저 또는 함수 'InterfaceBarcode_SELECT_sp'에 너무 많은 인수가 지정되었습니다.

             Date : 2003년 9월 24일 월요일

             Time : 오후 2:26:58
━━━━━━━━━━━━━━━━━━━━━━━━━━━━━━━━━━━━━━━━
        Procedure : clsCommon - Public Function f_subSet_DateOrder() As ADODB.Recordset

     Error Source : Rapidlab850

     Error Number : 91

Error Description : 개체 변수 또는 With 문의 변수가 설정되어 있지 않습니다.

             Date : 2003년 9월 24일 월요일

             Time : 오후 2:27:59
━━━━━━━━━━━━━━━━━━━━━━━━━━━━━━━━━━━━━━━━
        Procedure : clsCommon - Public Function f_subSet_DateOrder() As ADODB.Recordset

     Error Source : Rapidlab850

     Error Number : 91

Error Description : 개체 변수 또는 With 문의 변수가 설정되어 있지 않습니다.

             Date : 2003년 9월 24일 월요일

             Time : 오후 2:28:15
━━━━━━━━━━━━━━━━━━━━━━━━━━━━━━━━━━━━━━━━
        Procedure : clsCommon - Public Function f_subSet_DateOrder() As ADODB.Recordset

     Error Source : SQL Server용 Microsoft OLE DB 공급자

     Error Number : -2147217900

Error Description : 프로시저 또는 함수 'InterfaceBarcode_SELECT_sp'에 너무 많은 인수가 지정되었습니다.

             Date : 2003년 9월 24일 월요일

             Time : 오후 2:29:17
━━━━━━━━━━━━━━━━━━━━━━━━━━━━━━━━━━━━━━━━
        Procedure : clsCommon - Public Function f_subSet_DateOrder() As ADODB.Recordset

     Error Source : SQL Server용 Microsoft OLE DB 공급자

     Error Number : -2147217913

Error Description : 문자열을 datetime으로 변환하는 중 구문 오류가 발생했습니다.

             Date : 2003년 9월 24일 월요일

             Time : 오후 2:32:12
━━━━━━━━━━━━━━━━━━━━━━━━━━━━━━━━━━━━━━━━
        Procedure : clsCommon - Public Function f_subSet_DateOrder() As ADODB.Recordset

     Error Source : Rapidlab850

     Error Number : 6

Error Description : 숫자가 너무 큽니다.

             Date : 2003년 9월 24일 월요일

             Time : 오후 2:32:58
━━━━━━━━━━━━━━━━━━━━━━━━━━━━━━━━━━━━━━━━
        Procedure : clsCommon - Public Function f_subSet_DateOrder() As ADODB.Recordset

     Error Source : SQL Server용 Microsoft OLE DB 공급자

     Error Number : -2147217913

Error Description : 문자열을 datetime으로 변환하는 중 구문 오류가 발생했습니다.

             Date : 2003년 9월 24일 월요일

             Time : 오후 2:34:21
━━━━━━━━━━━━━━━━━━━━━━━━━━━━━━━━━━━━━━━━
        Procedure : clsCommon - Public Function f_subSet_DateOrder() As ADODB.Recordset

     Error Source : SQL Server용 Microsoft OLE DB 공급자

     Error Number : -2147217913

Error Description : 문자열을 datetime으로 변환하는 중 구문 오류가 발생했습니다.

             Date : 2003년 9월 24일 월요일

             Time : 오후 2:34:59
━━━━━━━━━━━━━━━━━━━━━━━━━━━━━━━━━━━━━━━━
        Procedure : frmInterface - Privete sub cmdWorkQuery_Click()

     Error Source : Rapidlab850

     Error Number : 9

Error Description : 첨자 사용이 잘못되었습니다.

             Date : 2003년 9월 24일 월요일

             Time : 오후 2:36:20
━━━━━━━━━━━━━━━━━━━━━━━━━━━━━━━━━━━━━━━━
        Procedure : clsCommon - Public Function f_subSet_DateOrder() As ADODB.Recordset

     Error Source : Rapidlab850

     Error Number : 380

Error Description : 속성값이 잘못되었습니다.

             Date : 2003년 9월 24일 월요일

             Time : 오후 2:48:03
━━━━━━━━━━━━━━━━━━━━━━━━━━━━━━━━━━━━━━━━
        Procedure : clsCommon - Public Function f_subSet_DateOrder() As ADODB.Recordset

     Error Source : SQL Server용 Microsoft OLE DB 공급자

     Error Number : -2147217900

Error Description : 프로시저 또는 함수 'interface_WorkList_SELECT_sp'에 너무 많은 인수가 지정되었습니다.

             Date : 2003년 9월 24일 월요일

             Time : 오후 2:51:54
━━━━━━━━━━━━━━━━━━━━━━━━━━━━━━━━━━━━━━━━
        Procedure : clsCommon - Public Function f_subSet_DateOrder() As ADODB.Recordset

     Error Source : Rapidlab850

     Error Number : 424

Error Description : 개체가 필요합니다.

             Date : 2003년 9월 24일 월요일

             Time : 오후 2:51:58
━━━━━━━━━━━━━━━━━━━━━━━━━━━━━━━━━━━━━━━━
        Procedure : clsCommon - Public Function f_subSet_DateOrder() As ADODB.Recordset

     Error Source : Rapidlab850

     Error Number : 9

Error Description : 첨자 사용이 잘못되었습니다.

             Date : 2003년 9월 24일 월요일

             Time : 오후 2:57:04
━━━━━━━━━━━━━━━━━━━━━━━━━━━━━━━━━━━━━━━━
        Procedure : clsCommon - Public Function f_subSet_DateOrder() As ADODB.Recordset

     Error Source : Rapidlab850

     Error Number : 9

Error Description : 첨자 사용이 잘못되었습니다.

             Date : 2003년 9월 24일 월요일

             Time : 오후 2:57:56
━━━━━━━━━━━━━━━━━━━━━━━━━━━━━━━━━━━━━━━━
        Procedure : clsCommon - Public Function f_subSet_DateOrder() As ADODB.Recordset

     Error Source : Rapidlab850

     Error Number : 9

Error Description : 첨자 사용이 잘못되었습니다.

             Date : 2003년 9월 24일 월요일

             Time : 오후 3:16:28
━━━━━━━━━━━━━━━━━━━━━━━━━━━━━━━━━━━━━━━━
        Procedure : clsCommon - Public Function f_subSet_DateOrder() As ADODB.Recordset

     Error Source : Rapidlab850

     Error Number : 9

Error Description : 첨자 사용이 잘못되었습니다.

             Date : 2003년 9월 24일 월요일

             Time : 오후 3:16:40
━━━━━━━━━━━━━━━━━━━━━━━━━━━━━━━━━━━━━━━━
        Procedure : frmComm - Private Sub cmdAppend_Click()

     Error Source : Rapidlab850

     Error Number : 9

Error Description : 첨자 사용이 잘못되었습니다.

             Date : 2003년 9월 24일 월요일

             Time : 오후 3:36:54
━━━━━━━━━━━━━━━━━━━━━━━━━━━━━━━━━━━━━━━━
        Procedure : frmComm - Private Sub cmdAppend_Click()

     Error Source : Rapidlab850

     Error Number : 9

Error Description : 첨자 사용이 잘못되었습니다.

             Date : 2003년 9월 24일 월요일

             Time : 오후 3:40:51
━━━━━━━━━━━━━━━━━━━━━━━━━━━━━━━━━━━━━━━━
        Procedure : clsCommon - Public Function f_subSet_DateOrder() As ADODB.Recordset

     Error Source : Rapidlab850

     Error Number : 424

Error Description : 개체가 필요합니다.

             Date : 2003년 9월 24일 월요일

             Time : 오후 3:51:11
━━━━━━━━━━━━━━━━━━━━━━━━━━━━━━━━━━━━━━━━
        Procedure : clsCommon - Public Function f_subSet_DateOrder() As ADODB.Recordset

     Error Source : SQL Server용 Microsoft OLE DB 공급자

     Error Number : -2147217900

Error Description : PRIMARY KEY 제약 조건 'PK_InterfaceResult'을(를) 위반했습니다. 'InterfaceResult' 개체에 중복 키를 삽입할 수 없습니다.

             Date : 2003년 9월 24일 월요일

             Time : 오후 3:59:23
━━━━━━━━━━━━━━━━━━━━━━━━━━━━━━━━━━━━━━━━
        Procedure : clsCommon - Public Function f_subSet_DateOrder() As ADODB.Recordset

     Error Source : SQL Server용 Microsoft OLE DB 공급자

     Error Number : -2147467259

Error Description : [DBNETLIB]

             Date : 2003년 9월 24일 월요일

             Time : 오후 4:11:00
━━━━━━━━━━━━━━━━━━━━━━━━━━━━━━━━━━━━━━━━
        Procedure : clsCommon - Public Function f_subSet_DateOrder() As ADODB.Recordset

     Error Source : Rapidlab850

     Error Number : 424

Error Description : 개체가 필요합니다.

             Date : 2003년 9월 24일 월요일

             Time : 오후 4:11:01
━━━━━━━━━━━━━━━━━━━━━━━━━━━━━━━━━━━━━━━━
        Procedure : clsCommon - Public Function f_subSet_DateOrder() As ADODB.Recordset

     Error Source : ADODB.Fields

     Error Number : 3265

Error Description : 요청한 이름 또는 서수에 해당하는 컬렉션에서 항목을 찾을 수 없습니다.

             Date : 2003년 9월 24일 월요일

             Time : 오후 4:23:00
━━━━━━━━━━━━━━━━━━━━━━━━━━━━━━━━━━━━━━━━
        Procedure : clsCommon - Public Function f_subSet_DateOrder() As ADODB.Recordset

     Error Source : ADODB.Fields

     Error Number : 3265

Error Description : 요청한 이름 또는 서수에 해당하는 컬렉션에서 항목을 찾을 수 없습니다.

             Date : 2003년 9월 24일 월요일

             Time : 오후 4:23:08
━━━━━━━━━━━━━━━━━━━━━━━━━━━━━━━━━━━━━━━━
        Procedure : clsCommon - Public Function f_subSet_DateOrder() As ADODB.Recordset

     Error Source : ADODB.Fields

     Error Number : 3265

Error Description : 요청한 이름 또는 서수에 해당하는 컬렉션에서 항목을 찾을 수 없습니다.

             Date : 2003년 9월 24일 월요일

             Time : 오후 4:23:10
━━━━━━━━━━━━━━━━━━━━━━━━━━━━━━━━━━━━━━━━
        Procedure : clsCommon - Public Function f_subSet_WorkList() As ADODB.Recordset

     Error Source : ADODB.Fields

     Error Number : 3265

Error Description : 요청한 이름 또는 서수에 해당하는 컬렉션에서 항목을 찾을 수 없습니다.

             Date : 2003년 9월 24일 월요일

             Time : 오후 4:24:39
━━━━━━━━━━━━━━━━━━━━━━━━━━━━━━━━━━━━━━━━
        Procedure : frmInterface - Privete sub psDataDefine()

     Error Source : Rapidlab850

     Error Number : 13

Error Description : 형식이 일치하지 않습니다.

             Date : 2003년 9월 24일 월요일

             Time : 오후 4:33:38
━━━━━━━━━━━━━━━━━━━━━━━━━━━━━━━━━━━━━━━━
        Procedure : frmInterface - Privete sub psDataDefine()

     Error Source : Rapidlab850

     Error Number : 13

Error Description : 형식이 일치하지 않습니다.

             Date : 2003년 9월 24일 월요일

             Time : 오후 4:34:15
━━━━━━━━━━━━━━━━━━━━━━━━━━━━━━━━━━━━━━━━
        Procedure : clsCommon - Public Function f_subSet_DateOrder() As ADODB.Recordset

     Error Source : SQL Server용 Microsoft OLE DB 공급자

     Error Number : -2147467259

Error Description : [DBNETLIB]

             Date : 2003년 9월 24일 월요일

             Time : 오후 4:36:44
━━━━━━━━━━━━━━━━━━━━━━━━━━━━━━━━━━━━━━━━
        Procedure : clsCommon - Public Function f_subSet_DateOrder() As ADODB.Recordset

     Error Source : Rapidlab850

     Error Number : 424

Error Description : 개체가 필요합니다.

             Date : 2003년 9월 24일 월요일

             Time : 오후 4:36:47
━━━━━━━━━━━━━━━━━━━━━━━━━━━━━━━━━━━━━━━━
        Procedure : clsCommon - Public Function f_subSet_DateOrder() As ADODB.Recordset

     Error Source : Rapidlab850

     Error Number : 9

Error Description : 첨자 사용이 잘못되었습니다.

             Date : 2003년 9월 24일 월요일

             Time : 오후 4:43:35
━━━━━━━━━━━━━━━━━━━━━━━━━━━━━━━━━━━━━━━━
        Procedure : clsCommon - Public Function f_subSet_DateOrder() As ADODB.Recordset

     Error Source : SQL Server용 Microsoft OLE DB 공급자

     Error Number : -2147217900

Error Description : PRIMARY KEY 제약 조건 'PK_InterfaceResult'을(를) 위반했습니다. 'InterfaceResult' 개체에 중복 키를 삽입할 수 없습니다.

             Date : 2003년 9월 24일 월요일

             Time : 오후 4:50:16
━━━━━━━━━━━━━━━━━━━━━━━━━━━━━━━━━━━━━━━━
        Procedure : clsCommon - Public Function f_subSet_DateOrder() As ADODB.Recordset

     Error Source : SQL Server용 Microsoft OLE DB 공급자

     Error Number : -2147217900

Error Description : PRIMARY KEY 제약 조건 'PK_InterfaceResult'을(를) 위반했습니다. 'InterfaceResult' 개체에 중복 키를 삽입할 수 없습니다.

             Date : 2003년 9월 24일 월요일

             Time : 오후 4:50:22
━━━━━━━━━━━━━━━━━━━━━━━━━━━━━━━━━━━━━━━━
        Procedure : clsCommon - Public Function f_subSet_DateOrder() As ADODB.Recordset

     Error Source : SQL Server용 Microsoft OLE DB 공급자

     Error Number : -2147217900

Error Description : PRIMARY KEY 제약 조건 'PK_InterfaceResult'을(를) 위반했습니다. 'InterfaceResult' 개체에 중복 키를 삽입할 수 없습니다.

             Date : 2003년 9월 24일 월요일

             Time : 오후 4:50:30
━━━━━━━━━━━━━━━━━━━━━━━━━━━━━━━━━━━━━━━━
        Procedure : clsCommon - Public Function f_subSet_DateOrder() As ADODB.Recordset

     Error Source : SQL Server용 Microsoft OLE DB 공급자

     Error Number : -2147217900

Error Description : PRIMARY KEY 제약 조건 'PK_InterfaceResult'을(를) 위반했습니다. 'InterfaceResult' 개체에 중복 키를 삽입할 수 없습니다.

             Date : 2003년 9월 24일 월요일

             Time : 오후 4:50:42
━━━━━━━━━━━━━━━━━━━━━━━━━━━━━━━━━━━━━━━━
        Procedure : clsCommon - Public Function f_subSet_DateOrder() As ADODB.Recordset

     Error Source : SQL Server용 Microsoft OLE DB 공급자

     Error Number : -2147467259

Error Description : [DBNETLIB]

             Date : 2003년 9월 24일 월요일

             Time : 오후 4:51:21
━━━━━━━━━━━━━━━━━━━━━━━━━━━━━━━━━━━━━━━━
        Procedure : clsCommon - Public Function f_subSet_DateOrder() As ADODB.Recordset

     Error Source : SQL Server용 Microsoft OLE DB 공급자

     Error Number : -2147217900

Error Description : PRIMARY KEY 제약 조건 'PK_InterfaceResult'을(를) 위반했습니다. 'InterfaceResult' 개체에 중복 키를 삽입할 수 없습니다.

             Date : 2003년 9월 24일 월요일

             Time : 오후 4:52:37
━━━━━━━━━━━━━━━━━━━━━━━━━━━━━━━━━━━━━━━━
        Procedure : clsCommon - Public Function f_subSet_DateOrder() As ADODB.Recordset

     Error Source : SQL Server용 Microsoft OLE DB 공급자

     Error Number : -2147217900

Error Description : PRIMARY KEY 제약 조건 'PK_InterfaceResult'을(를) 위반했습니다. 'InterfaceResult' 개체에 중복 키를 삽입할 수 없습니다.

             Date : 2003년 9월 24일 월요일

             Time : 오후 4:52:46
━━━━━━━━━━━━━━━━━━━━━━━━━━━━━━━━━━━━━━━━
        Procedure : clsCommon - Public Function f_subSet_DateOrder() As ADODB.Recordset

     Error Source : SQL Server용 Microsoft OLE DB 공급자

     Error Number : -2147217900

Error Description : PRIMARY KEY 제약 조건 'PK_InterfaceResult'을(를) 위반했습니다. 'InterfaceResult' 개체에 중복 키를 삽입할 수 없습니다.

             Date : 2003년 9월 24일 월요일

             Time : 오후 4:53:02
━━━━━━━━━━━━━━━━━━━━━━━━━━━━━━━━━━━━━━━━
        Procedure : clsCommon - Public Function f_subSet_TestList() As ADODB.Recordset

     Error Source : SQL Server용 Microsoft OLE DB 공급자

     Error Number : -2147217900

Error Description : PRIMARY KEY 제약 조건 'PK_InterfaceResult'을(를) 위반했습니다. 'InterfaceResult' 개체에 중복 키를 삽입할 수 없습니다.

             Date : 2003년 9월 24일 월요일

             Time : 오후 4:54:08
━━━━━━━━━━━━━━━━━━━━━━━━━━━━━━━━━━━━━━━━
        Procedure : clsCommon - Public Function f_subSet_DateOrder() As ADODB.Recordset

     Error Source : SQL Server용 Microsoft OLE DB 공급자

     Error Number : -2147217900

Error Description : PRIMARY KEY 제약 조건 'PK_InterfaceResult'을(를) 위반했습니다. 'InterfaceResult' 개체에 중복 키를 삽입할 수 없습니다.

             Date : 2003년 9월 24일 월요일

             Time : 오후 4:55:58
━━━━━━━━━━━━━━━━━━━━━━━━━━━━━━━━━━━━━━━━
