        Procedure : clsCommon - Public Function f_subSet_DateOrder() As ADODB.Recordset

     Error Source : Microsoft OLE DB Provider for SQL Server

     Error Number : -2147217873

Error Description : PRIMARY KEY 제약 조건 'PK_InterfaceResult'을(를) 위반했습니다. 'InterfaceResult' 개체에 중복 키를 삽입할 수 없습니다.

             Date : 2003년 11월 3일 월요일

             Time : 오전 10:20:09
━━━━━━━━━━━━━━━━━━━━━━━━━━━━━━━━━━━━━━━━
        Procedure : clsCommon - Public Function f_subSet_DateOrder() As ADODB.Recordset

     Error Source : Microsoft OLE DB Provider for SQL Server

     Error Number : -2147217873

Error Description : PRIMARY KEY 제약 조건 'PK_InterfaceResult'을(를) 위반했습니다. 'InterfaceResult' 개체에 중복 키를 삽입할 수 없습니다.

             Date : 2003년 11월 3일 월요일

             Time : 오전 10:21:23
━━━━━━━━━━━━━━━━━━━━━━━━━━━━━━━━━━━━━━━━
        Procedure : clsCommon - Public Function f_subSet_DateOrder() As ADODB.Recordset

     Error Source : Microsoft OLE DB Provider for SQL Server

     Error Number : -2147217873

Error Description : PRIMARY KEY 제약 조건 'PK_InterfaceResult'을(를) 위반했습니다. 'InterfaceResult' 개체에 중복 키를 삽입할 수 없습니다.

             Date : 2003년 11월 3일 월요일

             Time : 오전 10:37:57
━━━━━━━━━━━━━━━━━━━━━━━━━━━━━━━━━━━━━━━━
        Procedure : clsCommon - Public Function f_subSet_DateOrder() As ADODB.Recordset

     Error Source : Microsoft OLE DB Provider for SQL Server

     Error Number : -2147217873

Error Description : PRIMARY KEY 제약 조건 'PK_InterfaceResult'을(를) 위반했습니다. 'InterfaceResult' 개체에 중복 키를 삽입할 수 없습니다.

             Date : 2003년 11월 3일 월요일

             Time : 오전 10:38:46
━━━━━━━━━━━━━━━━━━━━━━━━━━━━━━━━━━━━━━━━
        Procedure : clsCommon - Public Function f_subSet_DateOrder() As ADODB.Recordset

     Error Source : Microsoft OLE DB Provider for SQL Server

     Error Number : -2147217873

Error Description : PRIMARY KEY 제약 조건 'PK_InterfaceResult'을(를) 위반했습니다. 'InterfaceResult' 개체에 중복 키를 삽입할 수 없습니다.

             Date : 2003년 11월 3일 월요일

             Time : 오전 10:38:52
━━━━━━━━━━━━━━━━━━━━━━━━━━━━━━━━━━━━━━━━
        Procedure : clsCommon - Public Function f_subSet_DateOrder() As ADODB.Recordset

     Error Source : ADODB.Recordset

     Error Number : 3705

Error Description : 개체가 열려있으면 작업이 허용되지 않습니다.

             Date : 2003년 11월 3일 월요일

             Time : 오전 10:40:51
━━━━━━━━━━━━━━━━━━━━━━━━━━━━━━━━━━━━━━━━
        Procedure : clsCommon - Public Function f_subSet_DateOrder() As ADODB.Recordset

     Error Source : Microsoft OLE DB Provider for SQL Server

     Error Number : -2147217873

Error Description : PRIMARY KEY 제약 조건 'PK_InterfaceResult'을(를) 위반했습니다. 'InterfaceResult' 개체에 중복 키를 삽입할 수 없습니다.

             Date : 2003년 11월 3일 월요일

             Time : 오전 10:55:00
━━━━━━━━━━━━━━━━━━━━━━━━━━━━━━━━━━━━━━━━
