        Procedure : frmInterface - Privete sub psDataDefine()

     Error Source : Microsoft JET Database Engine

     Error Number : -2147467259

Error Description : 'INTERFACE003.SpcNo' 필드는 길이가 0인 문자열이 될 수 없습니다.

             Date : 2003년 10월 8일 월요일

             Time : 오전 11:43:07
━━━━━━━━━━━━━━━━━━━━━━━━━━━━━━━━━━━━━━━━
        Procedure : frmInterface - Privete sub psDataDefine()

     Error Source : Microsoft JET Database Engine

     Error Number : -2147467259

Error Description : 'INTERFACE003.SpcNo' 필드는 길이가 0인 문자열이 될 수 없습니다.

             Date : 2003년 10월 8일 월요일

             Time : 오전 11:43:14
━━━━━━━━━━━━━━━━━━━━━━━━━━━━━━━━━━━━━━━━
        Procedure : frmInterface - Privete sub psDataDefine()

     Error Source : Microsoft JET Database Engine

     Error Number : -2147467259

Error Description : 'INTERFACE003.SpcNo' 필드는 길이가 0인 문자열이 될 수 없습니다.

             Date : 2003년 10월 8일 월요일

             Time : 오전 11:43:18
━━━━━━━━━━━━━━━━━━━━━━━━━━━━━━━━━━━━━━━━
        Procedure : frmInterface - Privete sub psDataDefine()

     Error Source : Microsoft JET Database Engine

     Error Number : -2147467259

Error Description : 'INTERFACE003.SpcNo' 필드는 길이가 0인 문자열이 될 수 없습니다.

             Date : 2003년 10월 8일 월요일

             Time : 오전 11:45:42
━━━━━━━━━━━━━━━━━━━━━━━━━━━━━━━━━━━━━━━━
