        Procedure : clsCommon - Public Function f_subSet_WorkList() As ADODB.Recordset

     Error Source : Rapidlab850

     Error Number : 91

Error Description : 개체 변수 또는 With 문의 변수가 설정되어 있지 않습니다.

             Date : 2003년 9월 25일 월요일

             Time : 오전 9:30:11
━━━━━━━━━━━━━━━━━━━━━━━━━━━━━━━━━━━━━━━━
        Procedure : clsCommon - Public Function f_subSet_DateOrder() As ADODB.Recordset

     Error Source : SQL Server용 Microsoft OLE DB 공급자

     Error Number : -2147467259

Error Description : [DBNETLIB]

             Date : 2003년 9월 25일 월요일

             Time : 오전 9:41:38
━━━━━━━━━━━━━━━━━━━━━━━━━━━━━━━━━━━━━━━━
        Procedure : clsCommon - Public Function f_subSet_DateOrder() As ADODB.Recordset

     Error Source : Rapidlab850

     Error Number : 424

Error Description : 개체가 필요합니다.

             Date : 2003년 9월 25일 월요일

             Time : 오전 9:41:42
━━━━━━━━━━━━━━━━━━━━━━━━━━━━━━━━━━━━━━━━
        Procedure : clsCommon - Public Function f_subSet_DateOrder() As ADODB.Recordset

     Error Source : SQL Server용 Microsoft OLE DB 공급자

     Error Number : -2147467259

Error Description : [DBNETLIB]

             Date : 2003년 9월 25일 월요일

             Time : 오전 9:42:09
━━━━━━━━━━━━━━━━━━━━━━━━━━━━━━━━━━━━━━━━
