        Procedure : frmTestEqp - Private Sub cmdSave()

     Error Source : Microsoft JET Database Engine

     Error Number : -2147467259

Error Description : 인덱스, 기본 키 또는 관계에서 중복된 값을 만들었기 때문에 테이블에 요청된 변경 사항이 적용되지 않았습니다. 필드의 데이터 또는 중복 데이터가 있는 필드를 변경하거나 인덱스를 제거하거나 중복이 가능한 인덱스로 다시 정의하여 다시 시도하십시오.

             Date : 2004년 2월 20일 월요일

             Time : 17:22:06
━━━━━━━━━━━━━━━━━━━━━━━━━━━━━━━━━━━━━━━━
        Procedure : frmInterface - Private Sub f_subSet_ItemList()

     Error Source : Microsoft JET Database Engine

     Error Number : -2147467259

Error Description : 이미 다른 사용자가 'INTERFACE002' 테이블을 단독 사용 모드로 열었거나 사용자 인터페이스를 통하여 열려 있으므로, 프로그램적으로 조작할 수 없습니다.

             Date : 2004년 2월 20일 월요일

             Time : 17:29:54
━━━━━━━━━━━━━━━━━━━━━━━━━━━━━━━━━━━━━━━━
        Procedure : frmInterface - Private Sub f_subSet_ItemList()

     Error Source : Au640

     Error Number : 5

Error Description : 프로시저 호출 또는 인수가 잘못되었습니다.

             Date : 2004년 2월 20일 월요일

             Time : 17:30:07
━━━━━━━━━━━━━━━━━━━━━━━━━━━━━━━━━━━━━━━━
        Procedure : frmInterface - Private Sub f_subSet_ItemList()

     Error Source : Au640

     Error Number : 5

Error Description : 프로시저 호출 또는 인수가 잘못되었습니다.

             Date : 2004년 2월 20일 월요일

             Time : 17:30:11
━━━━━━━━━━━━━━━━━━━━━━━━━━━━━━━━━━━━━━━━
        Procedure : frmInterface - Private Sub f_subSet_ItemList()

     Error Source : Au640

     Error Number : 5

Error Description : 프로시저 호출 또는 인수가 잘못되었습니다.

             Date : 2004년 2월 20일 월요일

             Time : 17:30:25
━━━━━━━━━━━━━━━━━━━━━━━━━━━━━━━━━━━━━━━━
        Procedure : frmInterface - Private Sub f_subSet_ItemList()

     Error Source : Au640

     Error Number : 5

Error Description : 프로시저 호출 또는 인수가 잘못되었습니다.

             Date : 2004년 2월 20일 월요일

             Time : 17:30:30
━━━━━━━━━━━━━━━━━━━━━━━━━━━━━━━━━━━━━━━━
