        Procedure : clsCommon - Public Function f_subSet_DateOrder() As ADODB.Recordset

     Error Source : Advia120

     Error Number : 91

Error Description : 개체 변수 또는 With 문의 변수가 설정되어 있지 않습니다.

             Date : 2004년 7월 2일 월요일

             Time : 오전 11:27:57
━━━━━━━━━━━━━━━━━━━━━━━━━━━━━━━━━━━━━━━━
        Procedure : frmInterface - Private Sub f_subSet_ItemList()

     Error Source : Advia120

     Error Number : 5

Error Description : 프로시저 호출 또는 인수가 잘못되었습니다.

             Date : 2004년 7월 2일 월요일

             Time : 오후 4:10:57
━━━━━━━━━━━━━━━━━━━━━━━━━━━━━━━━━━━━━━━━
        Procedure : frmInterface - Privete sub psDataDefine()

     Error Source : Microsoft JET Database Engine

     Error Number : -2147467259

Error Description : 인덱스, 기본 키 또는 관계에서 중복된 값을 만들었기 때문에 테이블에 요청된 변경 사항이 적용되지 않았습니다. 필드의 데이터 또는 중복 데이터가 있는 필드를 변경하거나 인덱스를 제거하거나 중복이 가능한 인덱스로 다시 정의하여 다시 시도하십시오.

             Date : 2004년 7월 2일 월요일

             Time : 오후 7:36:50
━━━━━━━━━━━━━━━━━━━━━━━━━━━━━━━━━━━━━━━━
        Procedure : frmInterface - Private Sub f_subSet_ItemList()

     Error Source : Advia120

     Error Number : 5

Error Description : 프로시저 호출 또는 인수가 잘못되었습니다.

             Date : 2004년 7월 2일 월요일

             Time : 오후 8:17:48
━━━━━━━━━━━━━━━━━━━━━━━━━━━━━━━━━━━━━━━━
        Procedure : frmInterface - Private Sub cmdRun()

     Error Source : MSComm

     Error Number : 8002

Error Description : 포트 번호가 잘못되었습니다.

             Date : 2004년 7월 2일 월요일

             Time : 오후 8:17:52
━━━━━━━━━━━━━━━━━━━━━━━━━━━━━━━━━━━━━━━━
        Procedure : frmInterface - Private Sub f_subSet_ItemList()

     Error Source : Advia120

     Error Number : 5

Error Description : 프로시저 호출 또는 인수가 잘못되었습니다.

             Date : 2004년 7월 2일 월요일

             Time : 오후 8:18:11
━━━━━━━━━━━━━━━━━━━━━━━━━━━━━━━━━━━━━━━━
        Procedure : frmInterface - Private Sub f_subSet_ItemList()

     Error Source : Advia120

     Error Number : 5

Error Description : 프로시저 호출 또는 인수가 잘못되었습니다.

             Date : 2004년 7월 2일 월요일

             Time : 오후 8:18:57
━━━━━━━━━━━━━━━━━━━━━━━━━━━━━━━━━━━━━━━━
