        Procedure : Private Sub MDIForm_Tool()

     Error Source : Advia120

     Error Number : 6

Error Description : 璋濠陛 傘鼠 躓棲棻.

             Date : 2004喇 11錯 23橾 錯蹂橾

             Time : 螃瞪 11:31:50
收收收收收收收收收收收收收收收收收收收收收收收收收收收收收收收收收收收收收收收收
        Procedure : frmInterface - Private Sub f_subSet_ItemList()

     Error Source : Advia120

     Error Number : 5

Error Description : Щ煎衛盪 轎 傳朝 檣熱陛 澀跤腎歷蝗棲棻.

             Date : 2004喇 11錯 23橾 錯蹂橾

             Time : 螃瞪 11:31:52
收收收收收收收收收收收收收收收收收收收收收收收收收收收收收收收收收收收收收收收收
        Procedure : clsCommon - Public Function f_subSet_DateOrder() As ADODB.Recordset

     Error Source : Microsoft OLE DB Provider for SQL Server

     Error Number : -2147217900

Error Description : 盪濰 Щ煎衛盪 'Interface_WorkListStep_SELECT_sp'擊(蒂) 瓊擊 熱 橈蝗棲棻.

             Date : 2004喇 11錯 23橾 錯蹂橾

             Time : 螃瞪 11:31:53
收收收收收收收收收收收收收收收收收收收收收收收收收收收收收收收收收收收收收收收收
        Procedure : clsCommon - Public Function Get_InstrumentList() As ADODB.Recordset

     Error Source : Microsoft OLE DB Provider for SQL Server

     Error Number : -2147217900

Error Description : 盪濰 Щ煎衛盪 'Instrument_SELECT_sp'擊(蒂) 瓊擊 熱 橈蝗棲棻.

             Date : 2004喇 11錯 23橾 錯蹂橾

             Time : 螃瞪 11:31:58
收收收收收收收收收收收收收收收收收收收收收收收收收收收收收收收收收收收收收收收收
        Procedure : Private Sub MDIForm_Tool()

     Error Source : Advia120

     Error Number : 6

Error Description : 璋濠陛 傘鼠 躓棲棻.

             Date : 2004喇 11錯 23橾 錯蹂橾

             Time : 螃瞪 11:32:39
收收收收收收收收收收收收收收收收收收收收收收收收收收收收收收收收收收收收收收收收
        Procedure : frmInterface - Private Sub f_subSet_ItemList()

     Error Source : Advia120

     Error Number : 5

Error Description : Щ煎衛盪 轎 傳朝 檣熱陛 澀跤腎歷蝗棲棻.

             Date : 2004喇 11錯 23橾 錯蹂橾

             Time : 螃瞪 11:32:41
收收收收收收收收收收收收收收收收收收收收收收收收收收收收收收收收收收收收收收收收
        Procedure : clsCommon - Public Function f_subSet_DateOrder() As ADODB.Recordset

     Error Source : Microsoft OLE DB Provider for SQL Server

     Error Number : -2147217900

Error Description : 盪濰 Щ煎衛盪 'Interface_WorkListStep_SELECT_sp'擊(蒂) 瓊擊 熱 橈蝗棲棻.

             Date : 2004喇 11錯 23橾 錯蹂橾

             Time : 螃瞪 11:32:42
收收收收收收收收收收收收收收收收收收收收收收收收收收收收收收收收收收收收收收收收
        Procedure : clsCommon - Public Function Get_InstrumentList() As ADODB.Recordset

     Error Source : Microsoft OLE DB Provider for SQL Server

     Error Number : -2147217900

Error Description : 盪濰 Щ煎衛盪 'Instrument_SELECT_sp'擊(蒂) 瓊擊 熱 橈蝗棲棻.

             Date : 2004喇 11錯 23橾 錯蹂橾

             Time : 螃瞪 11:32:46
收收收收收收收收收收收收收收收收收收收收收收收收收收收收收收收收收收收收收收收收
        Procedure : Private Sub MDIForm_Tool()

     Error Source : Advia120

     Error Number : 6

Error Description : 璋濠陛 傘鼠 躓棲棻.

             Date : 2004喇 11錯 23橾 錯蹂橾

             Time : 螃瞪 11:32:57
收收收收收收收收收收收收收收收收收收收收收收收收收收收收收收收收收收收收收收收收
        Procedure : frmInterface - Private Sub f_subSet_ItemList()

     Error Source : Advia120

     Error Number : 5

Error Description : Щ煎衛盪 轎 傳朝 檣熱陛 澀跤腎歷蝗棲棻.

             Date : 2004喇 11錯 23橾 錯蹂橾

             Time : 螃瞪 11:32:58
收收收收收收收收收收收收收收收收收收收收收收收收收收收收收收收收收收收收收收收收
        Procedure : clsCommon - Public Function f_subSet_DateOrder() As ADODB.Recordset

     Error Source : Microsoft OLE DB Provider for SQL Server

     Error Number : -2147217900

Error Description : 盪濰 Щ煎衛盪 'Interface_WorkListStep_SELECT_sp'擊(蒂) 瓊擊 熱 橈蝗棲棻.

             Date : 2004喇 11錯 23橾 錯蹂橾

             Time : 螃瞪 11:32:59
收收收收收收收收收收收收收收收收收收收收收收收收收收收收收收收收收收收收收收收收
        Procedure : Private Sub MDIForm_Tool()

     Error Source : Advia120

     Error Number : 6

Error Description : 璋濠陛 傘鼠 躓棲棻.

             Date : 2004喇 11錯 23橾 錯蹂橾

             Time : 螃瞪 11:34:17
收收收收收收收收收收收收收收收收收收收收收收收收收收收收收收收收收收收收收收收收
        Procedure : frmInterface - Private Sub f_subSet_ItemList()

     Error Source : Advia120

     Error Number : 5

Error Description : Щ煎衛盪 轎 傳朝 檣熱陛 澀跤腎歷蝗棲棻.

             Date : 2004喇 11錯 23橾 錯蹂橾

             Time : 螃瞪 11:34:18
收收收收收收收收收收收收收收收收收收收收收收收收收收收收收收收收收收收收收收收收
        Procedure : clsCommon - Public Function f_subSet_DateOrder() As ADODB.Recordset

     Error Source : Microsoft OLE DB Provider for SQL Server

     Error Number : -2147217900

Error Description : 盪濰 Щ煎衛盪 'Interface_WorkListStep_SELECT_sp'擊(蒂) 瓊擊 熱 橈蝗棲棻.

             Date : 2004喇 11錯 23橾 錯蹂橾

             Time : 螃瞪 11:34:21
收收收收收收收收收收收收收收收收收收收收收收收收收收收收收收收收收收收收收收收收
        Procedure : clsCommon - Public Function f_subSet_DateOrder() As ADODB.Recordset

     Error Source : Microsoft OLE DB Provider for SQL Server

     Error Number : -2147217900

Error Description : 盪濰 Щ煎衛盪 'Interface_WorkListStep_SELECT_sp'擊(蒂) 瓊擊 熱 橈蝗棲棻.

             Date : 2004喇 11錯 23橾 錯蹂橾

             Time : 螃瞪 11:34:38
收收收收收收收收收收收收收收收收收收收收收收收收收收收收收收收收收收收收收收收收
        Procedure : clsCommon - Public Function f_subSet_DateOrder() As ADODB.Recordset

     Error Source : Microsoft OLE DB Provider for SQL Server

     Error Number : -2147217900

Error Description : 'SUBSTR'擎(朝) 檣衝腎雖 彊擎 л熱 檜葷殮棲棻.

             Date : 2004喇 11錯 23橾 錯蹂橾

             Time : 螃 12:56:29
收收收收收收收收收收收收收收收收收收收收收收收收收收收收收收收收收收收收收收收收
        Procedure : clsCommon - Public Function f_subSet_TestList() As ADODB.Recordset

     Error Source : Microsoft OLE DB Provider for SQL Server

     Error Number : -2147217900

Error Description : 翮 檜葷 'strBarcode'檜(陛) 澀跤腎歷蝗棲棻.

             Date : 2004喇 11錯 23橾 錯蹂橾

             Time : 螃 1:00:30
收收收收收收收收收收收收收收收收收收收收收收收收收收收收收收收收收收收收收收收收
        Procedure : clsCommon - Public Function f_subSet_TestList() As ADODB.Recordset

     Error Source : Microsoft OLE DB Provider for SQL Server

     Error Number : -2147217900

Error Description : 翮 檜葷 'strBarcode'檜(陛) 澀跤腎歷蝗棲棻.

             Date : 2004喇 11錯 23橾 錯蹂橾

             Time : 螃 1:00:48
收收收收收收收收收收收收收收收收收收收收收收收收收收收收收收收收收收收收收收收收
        Procedure : clsCommon - Public Function f_subSet_TestList() As ADODB.Recordset

     Error Source : ADODB.Recordset

     Error Number : 3709

Error Description : 檜 濛機擊 熱чж朝 等 翱唸擊 餌辨й 熱 橈蝗棲棻. 檜 鐘臢蝶お縑憮 翱唸檜 殘⑵ 氈剪釭 澀跤腎歷蝗棲棻.

             Date : 2004喇 11錯 23橾 錯蹂橾

             Time : 螃 2:57:57
收收收收收收收收收收收收收收收收收收收收收收收收收收收收收收收收收收收收收收收收
        Procedure : clsCommon - Public Function f_subSet_TestList() As ADODB.Recordset

     Error Source : ADODB.Field

     Error Number : 3021

Error Description : BOF 傳朝 EOF陛 霤檜剪釭, ⑷營 溯囀萄蒂 餉薯ц蝗棲棻. 蹂羶и 濛機縑 ⑷營 溯囀萄陛 в蹂м棲棻.

             Date : 2004喇 11錯 23橾 錯蹂橾

             Time : 螃 4:55:24
收收收收收收收收收收收收收收收收收收收收收收收收收收收收收收收收收收收收收收收收
        Procedure : clsCommon - Public Function f_subSet_TestList() As ADODB.Recordset

     Error Source : Advia120

     Error Number : 91

Error Description : 偃羹 滲熱 傳朝 With 僥曖 滲熱陛 撲薑腎橫 氈雖 彊蝗棲棻.

             Date : 2004喇 11錯 23橾 錯蹂橾

             Time : 螃 4:57:08
收收收收收收收收收收收收收收收收收收收收收收收收收收收收收收收收收收收收收收收收
        Procedure : clsCommon - Public Function f_subSet_TestList() As ADODB.Recordset

     Error Source : Microsoft OLE DB Provider for SQL Server

     Error Number : -2147217900

Error Description : 盪濰 Щ煎衛盪 'STR_YEJ_LABResult1'擊(蒂) 瓊擊 熱 橈蝗棲棻.

             Date : 2004喇 11錯 23橾 錯蹂橾

             Time : 螃 5:21:50
收收收收收收收收收收收收收收收收收收收收收收收收收收收收收收收收收收收收收收收收
        Procedure : clsCommon - Public Function f_subSet_TestList() As ADODB.Recordset

     Error Source : Microsoft OLE DB Provider for SQL Server

     Error Number : -2147217900

Error Description : 盪濰 Щ煎衛盪 'STR_YEJ_LABResult1'擊(蒂) 瓊擊 熱 橈蝗棲棻.

             Date : 2004喇 11錯 23橾 錯蹂橾

             Time : 螃 5:22:51
收收收收收收收收收收收收收收收收收收收收收收收收收收收收收收收收收收收收收收收收
        Procedure : clsCommon - Public Function f_subSet_TestList() As ADODB.Recordset

     Error Source : Microsoft OLE DB Provider for SQL Server

     Error Number : -2147217900

Error Description : 盪濰 Щ煎衛盪 'STR_YEJ_LABResult_l'擊(蒂) 瓊擊 熱 橈蝗棲棻.

             Date : 2004喇 11錯 23橾 錯蹂橾

             Time : 螃 5:23:38
收收收收收收收收收收收收收收收收收收收收收收收收收收收收收收收收收收收收收收收收
        Procedure : clsCommon - Public Function f_subSet_TestList() As ADODB.Recordset

     Error Source : Microsoft OLE DB Provider for SQL Server

     Error Number : -2147217900

Error Description : Щ煎衛盪 傳朝 л熱 'STR_YEJ_LABResult_I'縑 傘鼠 號擎 檣熱陛 雖薑腎歷蝗棲棻.

             Date : 2004喇 11錯 23橾 錯蹂橾

             Time : 螃 5:28:14
收收收收收收收收收收收收收收收收收收收收收收收收收收收收收收收收收收收收收收收收
        Procedure : clsCommon - Public Function f_subSet_TestList() As ADODB.Recordset

     Error Source : Microsoft OLE DB Provider for SQL Server

     Error Number : -2147217900

Error Description : Щ煎衛盪 傳朝 л熱 'STR_YEJ_LABResult_I'縑 傘鼠 號擎 檣熱陛 雖薑腎歷蝗棲棻.

             Date : 2004喇 11錯 23橾 錯蹂橾

             Time : 螃 5:28:24
收收收收收收收收收收收收收收收收收收收收收收收收收收收收收收收收收收收收收收收收
        Procedure : clsCommon - Public Function f_subSet_TestList() As ADODB.Recordset

     Error Source : Microsoft JET Database Engine

     Error Number : -2147467259

Error Description : 檣策蝶, 晦獄 酈 傳朝 婦啗縑憮 醞犒脹 高擊 虜菟歷晦 陽僥縑 纔檜綰縑 蹂羶脹 滲唳 餌о檜 瞳辨腎雖 彊懊蝗棲棻. в萄曖 等檜攪 傳朝 醞犒 等檜攪陛 氈朝 в萄蒂 滲唳ж剪釭 檣策蝶蒂 薯剪ж剪釭 醞犒檜 陛棟и 檣策蝶煎 棻衛 薑曖ж罹 棻衛 衛紫ж褊衛螃.

             Date : 2004喇 11錯 23橾 錯蹂橾

             Time : 螃 5:36:09
收收收收收收收收收收收收收收收收收收收收收收收收收收收收收收收收收收收收收收收收
