        Procedure : clsCommon - Public Function f_subSet_DateOrder() As ADODB.Recordset

     Error Source : Microsoft JET Database Engine

     Error Number : -2147467259

Error Description : 檣策蝶, 晦獄 酈 傳朝 婦啗縑憮 醞犒脹 高擊 虜菟歷晦 陽僥縑 纔檜綰縑 蹂羶脹 滲唳 餌о檜 瞳辨腎雖 彊懊蝗棲棻. в萄曖 等檜攪 傳朝 醞犒 等檜攪陛 氈朝 в萄蒂 滲唳ж剪釭 檣策蝶蒂 薯剪ж剪釭 醞犒檜 陛棟и 檣策蝶煎 棻衛 薑曖ж罹 棻衛 衛紫ж褊衛螃.

             Date : 2004喇 6錯 12橾 錯蹂橾

             Time : 螃瞪 3:23:41
收收收收收收收收收收收收收收收收收收收收收收收收收收收收收收收收收收收收收收收收
        Procedure : clsCommon - Public Function f_subSet_DateOrder() As ADODB.Recordset

     Error Source : Advia120

     Error Number : 91

Error Description : 偃羹 滲熱 傳朝 With 僥曖 滲熱陛 撲薑腎橫 氈雖 彊蝗棲棻.

             Date : 2004喇 6錯 12橾 錯蹂橾

             Time : 螃瞪 11:24:40
收收收收收收收收收收收收收收收收收收收收收收收收收收收收收收收收收收收收收收收收
        Procedure : clsCommon - Public Function f_subSet_DateOrder() As ADODB.Recordset

     Error Source : Advia120

     Error Number : 91

Error Description : 偃羹 滲熱 傳朝 With 僥曖 滲熱陛 撲薑腎橫 氈雖 彊蝗棲棻.

             Date : 2004喇 6錯 12橾 錯蹂橾

             Time : 螃瞪 11:24:36
收收收收收收收收收收收收收收收收收收收收收收收收收收收收收收收收收收收收收收收收
        Procedure : clsCommon - Public Function f_subSet_DateOrder() As ADODB.Recordset

     Error Source : Advia120

     Error Number : 91

Error Description : 偃羹 滲熱 傳朝 With 僥曖 滲熱陛 撲薑腎橫 氈雖 彊蝗棲棻.

             Date : 2004喇 6錯 12橾 錯蹂橾

             Time : 螃 12:39:04
收收收收收收收收收收收收收收收收收收收收收收收收收收收收收收收收收收收收收收收收
        Procedure : clsCommon - Public Function f_subSet_DateOrder() As ADODB.Recordset

     Error Source : Advia120

     Error Number : 91

Error Description : 偃羹 滲熱 傳朝 With 僥曖 滲熱陛 撲薑腎橫 氈雖 彊蝗棲棻.

             Date : 2004喇 6錯 12橾 錯蹂橾

             Time : 螃 12:40:01
收收收收收收收收收收收收收收收收收收收收收收收收收收收收收收收收收收收收收收收收
        Procedure : clsCommon - Public Function f_subSet_DateOrder() As ADODB.Recordset

     Error Source : Advia120

     Error Number : 424

Error Description : 偃羹陛 в蹂м棲棻.

             Date : 2004喇 6錯 12橾 錯蹂橾

             Time : 螃 12:40:02
收收收收收收收收收收收收收收收收收收收收收收收收收收收收收收收收收收收收收收收收
        Procedure : clsCommon - Public Function f_subSet_DateOrder() As ADODB.Recordset

     Error Source : Advia120

     Error Number : 91

Error Description : 偃羹 滲熱 傳朝 With 僥曖 滲熱陛 撲薑腎橫 氈雖 彊蝗棲棻.

             Date : 2004喇 6錯 12橾 錯蹂橾

             Time : 螃 12:41:04
收收收收收收收收收收收收收收收收收收收收收收收收收收收收收收收收收收收收收收收收
        Procedure : clsCommon - Public Function f_subSet_DateOrder() As ADODB.Recordset

     Error Source : Advia120

     Error Number : 424

Error Description : 偃羹陛 в蹂м棲棻.

             Date : 2004喇 6錯 12橾 錯蹂橾

             Time : 螃 12:41:05
收收收收收收收收收收收收收收收收收收收收收收收收收收收收收收收收收收收收收收收收
        Procedure : clsCommon - Public Function f_subSet_DateOrder() As ADODB.Recordset

     Error Source : Advia120

     Error Number : 91

Error Description : 偃羹 滲熱 傳朝 With 僥曖 滲熱陛 撲薑腎橫 氈雖 彊蝗棲棻.

             Date : 2004喇 6錯 12橾 錯蹂橾

             Time : 螃 12:42:33
收收收收收收收收收收收收收收收收收收收收收收收收收收收收收收收收收收收收收收收收
        Procedure : clsCommon - Public Function f_subSet_DateOrder() As ADODB.Recordset

     Error Source : Advia120

     Error Number : 424

Error Description : 偃羹陛 в蹂м棲棻.

             Date : 2004喇 6錯 12橾 錯蹂橾

             Time : 螃 12:42:36
收收收收收收收收收收收收收收收收收收收收收收收收收收收收收收收收收收收收收收收收
        Procedure : clsCommon - Public Function f_subSet_DateOrder() As ADODB.Recordset

     Error Source : Advia120

     Error Number : 91

Error Description : 偃羹 滲熱 傳朝 With 僥曖 滲熱陛 撲薑腎橫 氈雖 彊蝗棲棻.

             Date : 2004喇 6錯 12橾 錯蹂橾

             Time : 螃 12:43:49
收收收收收收收收收收收收收收收收收收收收收收收收收收收收收收收收收收收收收收收收
        Procedure : clsCommon - Public Function f_subSet_DateOrder() As ADODB.Recordset

     Error Source : Advia120

     Error Number : 424

Error Description : 偃羹陛 в蹂м棲棻.

             Date : 2004喇 6錯 12橾 錯蹂橾

             Time : 螃 12:43:52
收收收收收收收收收收收收收收收收收收收收收收收收收收收收收收收收收收收收收收收收
        Procedure : clsCommon - Public Function f_subSet_DateOrder() As ADODB.Recordset

     Error Source : Advia120

     Error Number : 91

Error Description : 偃羹 滲熱 傳朝 With 僥曖 滲熱陛 撲薑腎橫 氈雖 彊蝗棲棻.

             Date : 2004喇 6錯 12橾 錯蹂橾

             Time : 螃 12:44:36
收收收收收收收收收收收收收收收收收收收收收收收收收收收收收收收收收收收收收收收收
        Procedure : clsCommon - Public Function f_subSet_DateOrder() As ADODB.Recordset

     Error Source : Advia120

     Error Number : 424

Error Description : 偃羹陛 в蹂м棲棻.

             Date : 2004喇 6錯 12橾 錯蹂橾

             Time : 螃 12:44:37
收收收收收收收收收收收收收收收收收收收收收收收收收收收收收收收收收收收收收收收收
        Procedure : clsCommon - Public Function f_subSet_DateOrder() As ADODB.Recordset

     Error Source : Advia120

     Error Number : 91

Error Description : 偃羹 滲熱 傳朝 With 僥曖 滲熱陛 撲薑腎橫 氈雖 彊蝗棲棻.

             Date : 2004喇 6錯 12橾 錯蹂橾

             Time : 螃 12:45:06
收收收收收收收收收收收收收收收收收收收收收收收收收收收收收收收收收收收收收收收收
        Procedure : clsCommon - Public Function f_subSet_DateOrder() As ADODB.Recordset

     Error Source : Advia120

     Error Number : 424

Error Description : 偃羹陛 в蹂м棲棻.

             Date : 2004喇 6錯 12橾 錯蹂橾

             Time : 螃 12:45:07
收收收收收收收收收收收收收收收收收收收收收收收收收收收收收收收收收收收收收收收收
        Procedure : clsCommon - Public Function f_subSet_DateOrder() As ADODB.Recordset

     Error Source : Advia120

     Error Number : 91

Error Description : 偃羹 滲熱 傳朝 With 僥曖 滲熱陛 撲薑腎橫 氈雖 彊蝗棲棻.

             Date : 2004喇 6錯 12橾 錯蹂橾

             Time : 螃 12:45:36
收收收收收收收收收收收收收收收收收收收收收收收收收收收收收收收收收收收收收收收收
        Procedure : clsCommon - Public Function f_subSet_DateOrder() As ADODB.Recordset

     Error Source : Advia120

     Error Number : 424

Error Description : 偃羹陛 в蹂м棲棻.

             Date : 2004喇 6錯 12橾 錯蹂橾

             Time : 螃 12:45:39
收收收收收收收收收收收收收收收收收收收收收收收收收收收收收收收收收收收收收收收收
        Procedure : clsCommon - Public Function f_subSet_DateOrder() As ADODB.Recordset

     Error Source : Advia120

     Error Number : 91

Error Description : 偃羹 滲熱 傳朝 With 僥曖 滲熱陛 撲薑腎橫 氈雖 彊蝗棲棻.

             Date : 2004喇 6錯 12橾 錯蹂橾

             Time : 螃 12:45:41
收收收收收收收收收收收收收收收收收收收收收收收收收收收收收收收收收收收收收收收收
        Procedure : clsCommon - Public Function f_subSet_DateOrder() As ADODB.Recordset

     Error Source : Advia120

     Error Number : 424

Error Description : 偃羹陛 в蹂м棲棻.

             Date : 2004喇 6錯 12橾 錯蹂橾

             Time : 螃 12:45:42
收收收收收收收收收收收收收收收收收收收收收收收收收收收收收收收收收收收收收收收收
        Procedure : clsCommon - Public Function f_subSet_DateOrder() As ADODB.Recordset

     Error Source : Advia120

     Error Number : 91

Error Description : 偃羹 滲熱 傳朝 With 僥曖 滲熱陛 撲薑腎橫 氈雖 彊蝗棲棻.

             Date : 2004喇 6錯 12橾 錯蹂橾

             Time : 螃 12:46:12
收收收收收收收收收收收收收收收收收收收收收收收收收收收收收收收收收收收收收收收收
        Procedure : clsCommon - Public Function f_subSet_DateOrder() As ADODB.Recordset

     Error Source : Advia120

     Error Number : 424

Error Description : 偃羹陛 в蹂м棲棻.

             Date : 2004喇 6錯 12橾 錯蹂橾

             Time : 螃 12:46:14
收收收收收收收收收收收收收收收收收收收收收收收收收收收收收收收收收收收收收收收收
        Procedure : clsCommon - Public Function f_subSet_DateOrder() As ADODB.Recordset

     Error Source : Advia120

     Error Number : 91

Error Description : 偃羹 滲熱 傳朝 With 僥曖 滲熱陛 撲薑腎橫 氈雖 彊蝗棲棻.

             Date : 2004喇 6錯 12橾 錯蹂橾

             Time : 螃 12:50:54
收收收收收收收收收收收收收收收收收收收收收收收收收收收收收收收收收收收收收收收收
        Procedure : clsCommon - Public Function f_subSet_DateOrder() As ADODB.Recordset

     Error Source : Advia120

     Error Number : 91

Error Description : 偃羹 滲熱 傳朝 With 僥曖 滲熱陛 撲薑腎橫 氈雖 彊蝗棲棻.

             Date : 2004喇 6錯 12橾 錯蹂橾

             Time : 螃 12:52:41
收收收收收收收收收收收收收收收收收收收收收收收收收收收收收收收收收收收收收收收收
