        Procedure : frmInterface - Private Sub f_subSet_ItemList()

     Error Source : Au640

     Error Number : 5

Error Description : Щ煎衛盪 轎 傳朝 檣熱陛 澀跤腎歷蝗棲棻.

             Date : 2004喇 3錯 29橾 錯蹂橾

             Time : 螃 1:10:17
收收收收收收收收收收收收收收收收收收收收收收收收收收收收收收收收收收收收收收收收
        Procedure : frmInterface - Private Sub f_subSet_ItemList()

     Error Source : Advia120

     Error Number : 5

Error Description : Щ煎衛盪 轎 傳朝 檣熱陛 澀跤腎歷蝗棲棻.

             Date : 2004喇 3錯 29橾 錯蹂橾

             Time : 螃 1:34:55
收收收收收收收收收收收收收收收收收收收收收收收收收收收收收收收收收收收收收收收收
        Procedure : frmInterface - Private Sub f_subSet_ItemList()

     Error Source : Advia120

     Error Number : 5

Error Description : Щ煎衛盪 轎 傳朝 檣熱陛 澀跤腎歷蝗棲棻.

             Date : 2004喇 3錯 29橾 錯蹂橾

             Time : 螃 1:37:09
收收收收收收收收收收收收收收收收收收收收收收收收收收收收收收收收收收收收收收收收
        Procedure : clsCommon - Public Function f_subSet_WorkList() As ADODB.Recordset

     Error Source : Microsoft OLE DB Provider for SQL Server

     Error Number : -2147217900

Error Description : Щ煎衛盪 傳朝 л熱 'interface_WorkList_SELECT_sp'縑 傘鼠 號擎 檣熱陛 雖薑腎歷蝗棲棻.

             Date : 2004喇 3錯 29橾 錯蹂橾

             Time : 螃 2:15:18
收收收收收收收收收收收收收收收收收收收收收收收收收收收收收收收收收收收收收收收收
        Procedure : clsCommon - Public Function f_subSet_WorkList() As ADODB.Recordset

     Error Source : Advia120

     Error Number : 424

Error Description : 偃羹陛 в蹂м棲棻.

             Date : 2004喇 3錯 29橾 錯蹂橾

             Time : 螃 2:15:19
收收收收收收收收收收收收收收收收收收收收收收收收收收收收收收收收收收收收收收收收
        Procedure : clsCommon - Public Function f_subSet_WorkList() As ADODB.Recordset

     Error Source : Microsoft OLE DB Provider for SQL Server

     Error Number : -2147217900

Error Description : Щ煎衛盪 傳朝 л熱 'interface_WorkList_SELECT_sp'縑 傘鼠 號擎 檣熱陛 雖薑腎歷蝗棲棻.

             Date : 2004喇 3錯 29橾 錯蹂橾

             Time : 螃 2:15:21
收收收收收收收收收收收收收收收收收收收收收收收收收收收收收收收收收收收收收收收收
        Procedure : clsCommon - Public Function f_subSet_WorkList() As ADODB.Recordset

     Error Source : Advia120

     Error Number : 424

Error Description : 偃羹陛 в蹂м棲棻.

             Date : 2004喇 3錯 29橾 錯蹂橾

             Time : 螃 2:15:25
收收收收收收收收收收收收收收收收收收收收收收收收收收收收收收收收收收收收收收收收
        Procedure : clsCommon - Public Function f_subSet_WorkList() As ADODB.Recordset

     Error Source : Microsoft OLE DB Provider for SQL Server

     Error Number : -2147217900

Error Description : Щ煎衛盪 傳朝 л熱 'interface_WorkList_SELECT_sp'縑 傘鼠 號擎 檣熱陛 雖薑腎歷蝗棲棻.

             Date : 2004喇 3錯 29橾 錯蹂橾

             Time : 螃 2:15:29
收收收收收收收收收收收收收收收收收收收收收收收收收收收收收收收收收收收收收收收收
        Procedure : clsCommon - Public Function f_subSet_WorkList() As ADODB.Recordset

     Error Source : Advia120

     Error Number : 424

Error Description : 偃羹陛 в蹂м棲棻.

             Date : 2004喇 3錯 29橾 錯蹂橾

             Time : 螃 2:15:31
收收收收收收收收收收收收收收收收收收收收收收收收收收收收收收收收收收收收收收收收
        Procedure : clsCommon - Public Function f_subSet_WorkList() As ADODB.Recordset

     Error Source : Microsoft OLE DB Provider for SQL Server

     Error Number : -2147217900

Error Description : Щ煎衛盪 傳朝 л熱 'interface_WorkList_SELECT_sp'縑 傘鼠 號擎 檣熱陛 雖薑腎歷蝗棲棻.

             Date : 2004喇 3錯 29橾 錯蹂橾

             Time : 螃 2:15:34
收收收收收收收收收收收收收收收收收收收收收收收收收收收收收收收收收收收收收收收收
        Procedure : clsCommon - Public Function f_subSet_WorkList() As ADODB.Recordset

     Error Source : Advia120

     Error Number : 424

Error Description : 偃羹陛 в蹂м棲棻.

             Date : 2004喇 3錯 29橾 錯蹂橾

             Time : 螃 2:15:38
收收收收收收收收收收收收收收收收收收收收收收收收收收收收收收收收收收收收收收收收
        Procedure : clsCommon - Public Function f_subSet_WorkList() As ADODB.Recordset

     Error Source : Microsoft OLE DB Provider for SQL Server

     Error Number : -2147217900

Error Description : Щ煎衛盪 傳朝 л熱 'interface_WorkList_SELECT_sp'縑 傘鼠 號擎 檣熱陛 雖薑腎歷蝗棲棻.

             Date : 2004喇 3錯 29橾 錯蹂橾

             Time : 螃 2:17:10
收收收收收收收收收收收收收收收收收收收收收收收收收收收收收收收收收收收收收收收收
        Procedure : clsCommon - Public Function f_subSet_WorkList() As ADODB.Recordset

     Error Source : Advia120

     Error Number : 424

Error Description : 偃羹陛 в蹂м棲棻.

             Date : 2004喇 3錯 29橾 錯蹂橾

             Time : 螃 2:17:11
收收收收收收收收收收收收收收收收收收收收收收收收收收收收收收收收收收收收收收收收
        Procedure : clsCommon - Public Function f_subSet_WorkList() As ADODB.Recordset

     Error Source : Microsoft OLE DB Provider for SQL Server

     Error Number : -2147217900

Error Description : Щ煎衛盪 傳朝 л熱 'interface_WorkList_SELECT_sp'縑 傘鼠 號擎 檣熱陛 雖薑腎歷蝗棲棻.

             Date : 2004喇 3錯 29橾 錯蹂橾

             Time : 螃 2:36:13
收收收收收收收收收收收收收收收收收收收收收收收收收收收收收收收收收收收收收收收收
        Procedure : clsCommon - Public Function f_subSet_WorkList() As ADODB.Recordset

     Error Source : Advia120

     Error Number : 424

Error Description : 偃羹陛 в蹂м棲棻.

             Date : 2004喇 3錯 29橾 錯蹂橾

             Time : 螃 2:36:14
收收收收收收收收收收收收收收收收收收收收收收收收收收收收收收收收收收收收收收收收
        Procedure : clsCommon - Public Function f_subSet_WorkList() As ADODB.Recordset

     Error Source : Microsoft OLE DB Provider for SQL Server

     Error Number : -2147217900

Error Description : Щ煎衛盪 傳朝 л熱 'interface_WorkList_SELECT_sp'縑 傘鼠 號擎 檣熱陛 雖薑腎歷蝗棲棻.

             Date : 2004喇 3錯 29橾 錯蹂橾

             Time : 螃 3:29:35
收收收收收收收收收收收收收收收收收收收收收收收收收收收收收收收收收收收收收收收收
        Procedure : clsCommon - Public Function f_subSet_WorkList() As ADODB.Recordset

     Error Source : Advia120

     Error Number : 424

Error Description : 偃羹陛 в蹂м棲棻.

             Date : 2004喇 3錯 29橾 錯蹂橾

             Time : 螃 3:29:36
收收收收收收收收收收收收收收收收收收收收收收收收收收收收收收收收收收收收收收收收
        Procedure : clsCommon - Public Function f_subSet_WorkList() As ADODB.Recordset

     Error Source : Microsoft OLE DB Provider for SQL Server

     Error Number : -2147217900

Error Description : Щ煎衛盪 傳朝 л熱 'interface_WorkList_SELECT_sp'縑 傘鼠 號擎 檣熱陛 雖薑腎歷蝗棲棻.

             Date : 2004喇 3錯 29橾 錯蹂橾

             Time : 螃 3:30:34
收收收收收收收收收收收收收收收收收收收收收收收收收收收收收收收收收收收收收收收收
        Procedure : clsCommon - Public Function f_subSet_WorkList() As ADODB.Recordset

     Error Source : Advia120

     Error Number : 424

Error Description : 偃羹陛 в蹂м棲棻.

             Date : 2004喇 3錯 29橾 錯蹂橾

             Time : 螃 3:30:39
收收收收收收收收收收收收收收收收收收收收收收收收收收收收收收收收收收收收收收收收
        Procedure : clsCommon - Public Function f_subSet_WorkList() As ADODB.Recordset

     Error Source : Microsoft OLE DB Provider for SQL Server

     Error Number : -2147217900

Error Description : Щ煎衛盪 傳朝 л熱 'interface_WorkList_SELECT_sp'縑 傘鼠 號擎 檣熱陛 雖薑腎歷蝗棲棻.

             Date : 2004喇 3錯 29橾 錯蹂橾

             Time : 螃 3:31:14
收收收收收收收收收收收收收收收收收收收收收收收收收收收收收收收收收收收收收收收收
        Procedure : clsCommon - Public Function f_subSet_WorkList() As ADODB.Recordset

     Error Source : Advia120

     Error Number : 424

Error Description : 偃羹陛 в蹂м棲棻.

             Date : 2004喇 3錯 29橾 錯蹂橾

             Time : 螃 3:31:20
收收收收收收收收收收收收收收收收收收收收收收收收收收收收收收收收收收收收收收收收
