        Procedure : frmInterface - Private Sub f_subSet_ItemList()

     Error Source : Advia120

     Error Number : 5

Error Description : 프로시저 호출 또는 인수가 잘못되었습니다.

             Date : 2004년 4월 1일 월요일

             Time : 오후 8:11:55
━━━━━━━━━━━━━━━━━━━━━━━━━━━━━━━━━━━━━━━━
        Procedure : frmInterface - Private Sub cmdRun()

     Error Source : MSComm

     Error Number : 8002

Error Description : 포트 번호가 잘못되었습니다.

             Date : 2004년 4월 1일 월요일

             Time : 오후 8:11:57
━━━━━━━━━━━━━━━━━━━━━━━━━━━━━━━━━━━━━━━━
        Procedure : clsCommon - Public Function f_subSet_DateOrder() As ADODB.Recordset

     Error Source : Microsoft JET Database Engine

     Error Number : -2147467259

Error Description : 'INTERFACE003.SpcNo' 필드는 길이가 0인 문자열이 될 수 없습니다.

             Date : 2004년 4월 1일 월요일

             Time : 오후 8:53:21
━━━━━━━━━━━━━━━━━━━━━━━━━━━━━━━━━━━━━━━━
        Procedure : clsCommon - Public Function f_subSet_DateOrder() As ADODB.Recordset

     Error Source : Microsoft JET Database Engine

     Error Number : -2147467259

Error Description : 인덱스, 기본 키 또는 관계에서 중복된 값을 만들었기 때문에 테이블에 요청된 변경 사항이 적용되지 않았습니다. 필드의 데이터 또는 중복 데이터가 있는 필드를 변경하거나 인덱스를 제거하거나 중복이 가능한 인덱스로 다시 정의하여 다시 시도하십시오.

             Date : 2004년 4월 1일 월요일

             Time : 오후 9:14:26
━━━━━━━━━━━━━━━━━━━━━━━━━━━━━━━━━━━━━━━━
        Procedure : clsCommon - Public Function f_subSet_DateOrder() As ADODB.Recordset

     Error Source : Microsoft JET Database Engine

     Error Number : -2147467259

Error Description : 인덱스, 기본 키 또는 관계에서 중복된 값을 만들었기 때문에 테이블에 요청된 변경 사항이 적용되지 않았습니다. 필드의 데이터 또는 중복 데이터가 있는 필드를 변경하거나 인덱스를 제거하거나 중복이 가능한 인덱스로 다시 정의하여 다시 시도하십시오.

             Date : 2004년 4월 1일 월요일

             Time : 오후 9:14:40
━━━━━━━━━━━━━━━━━━━━━━━━━━━━━━━━━━━━━━━━
        Procedure : clsCommon - Public Function f_subSet_DateOrder() As ADODB.Recordset

     Error Source : Microsoft JET Database Engine

     Error Number : -2147467259

Error Description : 인덱스, 기본 키 또는 관계에서 중복된 값을 만들었기 때문에 테이블에 요청된 변경 사항이 적용되지 않았습니다. 필드의 데이터 또는 중복 데이터가 있는 필드를 변경하거나 인덱스를 제거하거나 중복이 가능한 인덱스로 다시 정의하여 다시 시도하십시오.

             Date : 2004년 4월 1일 월요일

             Time : 오후 9:15:26
━━━━━━━━━━━━━━━━━━━━━━━━━━━━━━━━━━━━━━━━
        Procedure : clsCommon - Public Function f_subSet_DateOrder() As ADODB.Recordset

     Error Source : Microsoft JET Database Engine

     Error Number : -2147467259

Error Description : 인덱스, 기본 키 또는 관계에서 중복된 값을 만들었기 때문에 테이블에 요청된 변경 사항이 적용되지 않았습니다. 필드의 데이터 또는 중복 데이터가 있는 필드를 변경하거나 인덱스를 제거하거나 중복이 가능한 인덱스로 다시 정의하여 다시 시도하십시오.

             Date : 2004년 4월 1일 월요일

             Time : 오후 9:15:41
━━━━━━━━━━━━━━━━━━━━━━━━━━━━━━━━━━━━━━━━
        Procedure : clsCommon - Public Function f_subSet_DateOrder() As ADODB.Recordset

     Error Source : Microsoft JET Database Engine

     Error Number : -2147467259

Error Description : 인덱스, 기본 키 또는 관계에서 중복된 값을 만들었기 때문에 테이블에 요청된 변경 사항이 적용되지 않았습니다. 필드의 데이터 또는 중복 데이터가 있는 필드를 변경하거나 인덱스를 제거하거나 중복이 가능한 인덱스로 다시 정의하여 다시 시도하십시오.

             Date : 2004년 4월 1일 월요일

             Time : 오후 9:15:56
━━━━━━━━━━━━━━━━━━━━━━━━━━━━━━━━━━━━━━━━
        Procedure : clsCommon - Public Function f_subSet_DateOrder() As ADODB.Recordset

     Error Source : Microsoft JET Database Engine

     Error Number : -2147467259

Error Description : 인덱스, 기본 키 또는 관계에서 중복된 값을 만들었기 때문에 테이블에 요청된 변경 사항이 적용되지 않았습니다. 필드의 데이터 또는 중복 데이터가 있는 필드를 변경하거나 인덱스를 제거하거나 중복이 가능한 인덱스로 다시 정의하여 다시 시도하십시오.

             Date : 2004년 4월 1일 월요일

             Time : 오후 9:24:23
━━━━━━━━━━━━━━━━━━━━━━━━━━━━━━━━━━━━━━━━
