        Procedure : frmInterface - Private Sub cmdRun()

     Error Source : MSComm

     Error Number : 8002

Error Description : 포트 번호가 잘못되었습니다.

             Date : 2014년 5월 28일 월요일

             Time : 오후 4:19:56
━━━━━━━━━━━━━━━━━━━━━━━━━━━━━━━━━━━━━━━━
        Procedure : frmInterface - Private Sub cmdRun()

     Error Source : MSComm

     Error Number : 8002

Error Description : 포트 번호가 잘못되었습니다.

             Date : 2014년 5월 28일 월요일

             Time : 오후 4:20:53
━━━━━━━━━━━━━━━━━━━━━━━━━━━━━━━━━━━━━━━━
        Procedure : frmInterface - Private Sub cmdRun()

     Error Source : MSComm

     Error Number : 8002

Error Description : 포트 번호가 잘못되었습니다.

             Date : 2014년 5월 28일 월요일

             Time : 오후 4:21:04
━━━━━━━━━━━━━━━━━━━━━━━━━━━━━━━━━━━━━━━━
        Procedure : clsCommon - Public Function f_subSet_WorkList() As ADODB.Recordset

     Error Source : VESMatic

     Error Number : 6

Error Description : 숫자가 너무 큽니다.

             Date : 2014년 5월 28일 월요일

             Time : 오후 5:26:09
━━━━━━━━━━━━━━━━━━━━━━━━━━━━━━━━━━━━━━━━
        Procedure : clsCommon - Public Function f_subSet_WorkList() As ADODB.Recordset

     Error Source : VESMatic

     Error Number : 6

Error Description : 숫자가 너무 큽니다.

             Date : 2014년 5월 28일 월요일

             Time : 오후 5:26:34
━━━━━━━━━━━━━━━━━━━━━━━━━━━━━━━━━━━━━━━━
        Procedure : clsCommon - Public Function f_subSet_WorkList() As ADODB.Recordset

     Error Source : Microsoft OLE DB Provider for Oracle

     Error Number : -2147217913

Error Description : ORA-01861: 리터럴이 형식 문자열과 일치하지 않음


             Date : 2014년 5월 28일 월요일

             Time : 오후 5:38:52
━━━━━━━━━━━━━━━━━━━━━━━━━━━━━━━━━━━━━━━━
        Procedure : clsCommon - Public Function f_subSet_WorkList() As ADODB.Recordset

     Error Source : Microsoft OLE DB Provider for Oracle

     Error Number : -2147217913

Error Description : ORA-01861: 리터럴이 형식 문자열과 일치하지 않음


             Date : 2014년 5월 28일 월요일

             Time : 오후 5:39:35
━━━━━━━━━━━━━━━━━━━━━━━━━━━━━━━━━━━━━━━━
