[2014-07-28 09:45:05]
Project Name   : IISLibrary
Class Name     : clsIISInterface
Procedure Name : GetIntTestCds
Description    : E083 장비에 장비별 검사항목이 설정되지 않었습니다.

[2014-07-28 09:45:13]
Project Name   : IISLibrary
Class Name     : clsIISInterface
Procedure Name : GetIntTestCds
Description    : E083 장비에 장비별 검사항목이 설정되지 않었습니다.

[2014-07-28 10:17:52]
Project Name   : IISLibrary
Class Name     : clsIISInterface
Procedure Name : GetIntTestCds
Description    : E083 장비에 장비별 검사항목이 설정되지 않었습니다.

[2014-07-28 10:23:11]
Project Name   : IISLibrary
Class Name     : clsIISInterface
Procedure Name : GetIntTestCds
Description    : E083 장비에 장비별 검사항목이 설정되지 않었습니다.

[2014-07-28 10:30:51]
Project Name   : IISLibrary
Class Name     : clsIISInterface
Procedure Name : GetIntTestCds
Description    : E083 장비에 장비별 검사항목이 설정되지 않었습니다.

[2014-07-28 10:33:07]
Project Name   : IISLibrary
Class Name     : clsIISInterface
Procedure Name : GetIntTestCds
Description    : E083 장비에 장비별 검사항목이 설정되지 않었습니다.

[2014-07-28 10:35:10]
Project Name   : IISLibrary
Class Name     : clsIISInterface
Procedure Name : GetIntTestCds
Description    : E083 장비에 장비별 검사항목이 설정되지 않었습니다.

[2014-07-28 10:41:33]
Project Name   : IISLibrary
Class Name     : clsIISInterface
Procedure Name : GetIntTestCds
Description    : E083 장비에 장비별 검사항목이 설정되지 않었습니다.

[2014-07-28 10:46:34]
Project Name   : IISLibrary
Class Name     : clsIISInterface
Procedure Name : GetIntTestCds
Description    : E083 장비에 장비별 검사항목이 설정되지 않었습니다.

[2014-07-28 11:15:27]
Project Name   : IISLibrary
Class Name     : clsIISInterface
Procedure Name : GetIntTestCds
Description    : E083 장비에 장비별 검사항목이 설정되지 않었습니다.

[2014-07-28 11:50:15]
Project Name   : IISLibrary
Class Name     : clsIISInterface
Procedure Name : GetIntTestCds
Description    : E083 장비에 장비별 검사항목이 설정되지 않었습니다.

[2014-07-28 11:51:34]
Project Name   : IISLibrary
Class Name     : clsIISInterface
Procedure Name : GetIntTestCds
Description    : E083 장비에 장비별 검사항목이 설정되지 않었습니다.

[2014-07-28 11:53:11]
Project Name   : IISLibrary
Class Name     : clsIISInterface
Procedure Name : GetIntTestCds
Description    : E083 장비에 장비별 검사항목이 설정되지 않었습니다.

[2014-07-28 11:53:57]
Project Name   : IISLibrary
Class Name     : clsIISInterface
Procedure Name : GetIntTestCds
Description    : E083 장비에 장비별 검사항목이 설정되지 않었습니다.

[2014-07-28 11:54:18]
Project Name   : IISLibrary
Class Name     : clsIISInterface
Procedure Name : GetIntTestCds
Description    : E083 장비에 장비별 검사항목이 설정되지 않었습니다.

[2014-07-28 11:56:30]
Project Name   : IISLibrary
Class Name     : clsIISInterface
Procedure Name : GetIntTestCds
Description    : E083 장비에 장비별 검사항목이 설정되지 않었습니다.

[2014-07-28 11:57:55]
Project Name   : IISLibrary
Class Name     : clsIISInterface
Procedure Name : GetIntTestCds
Description    : E083 장비에 장비별 검사항목이 설정되지 않었습니다.

[2014-07-28 12:03:23]
Project Name   : IISLibrary
Class Name     : clsIISInterface
Procedure Name : GetIntTestCds
Description    : E083 장비에 장비별 검사항목이 설정되지 않었습니다.

[2014-07-28 12:05:40]
Project Name   : IISLibrary
Class Name     : clsIISInterface
Procedure Name : GetIntTestCds
Description    : E083 장비에 장비별 검사항목이 설정되지 않었습니다.

[2014-07-28 12:05:55]
Project Name   : IISLibrary
Class Name     : clsIISInterface
Procedure Name : GetIntTestCds
Description    : E083 장비에 장비별 검사항목이 설정되지 않었습니다.

[2014-07-28 12:06:21]
Project Name   : IISLibrary
Class Name     : clsIISInterface
Procedure Name : GetIntTestCds
Description    : E083 장비에 장비별 검사항목이 설정되지 않었습니다.

[2014-07-28 12:07:47]
Project Name   : IISLibrary
Class Name     : clsIISInterface
Procedure Name : GetIntTestCds
Description    : E083 장비에 장비별 검사항목이 설정되지 않었습니다.

[2014-07-28 12:14:58]
Project Name   : IISLibrary
Class Name     : clsIISInterface
Procedure Name : GetIntTestCds
Description    : E083 장비에 장비별 검사항목이 설정되지 않었습니다.

[2014-07-28 12:18:09]
Project Name   : IISLibrary
Class Name     : clsIISInterface
Procedure Name : GetIntTestCds
Description    : E083 장비에 장비별 검사항목이 설정되지 않었습니다.

[2014-07-28 12:21:13]
Project Name   : IISLibrary
Class Name     : clsIISInterface
Procedure Name : GetIntTestCds
Description    : E083 장비에 장비별 검사항목이 설정되지 않었습니다.

[2014-07-28 12:50:35]
Project Name   : IISLibrary
Class Name     : clsIISInterface
Procedure Name : GetIntTestCds
Description    : E083 장비에 장비별 검사항목이 설정되지 않었습니다.

[2014-07-28 12:57:25]
Project Name   : IISLibrary
Class Name     : clsIISInterface
Procedure Name : GetIntTestCds
Description    : E083 장비에 장비별 검사항목이 설정되지 않었습니다.

[2014-07-28 13:48:03]
Project Name   : IISLibrary
Class Name     : clsIISInterface
Procedure Name : GetIntTestCds
Description    : E083 장비에 장비별 검사항목이 설정되지 않었습니다.

[2014-07-28 13:58:13]
Project Name   : IISLibrary
Class Name     : clsIISInterface
Procedure Name : GetIntTestCds
Description    : E083 장비에 장비별 검사항목이 설정되지 않었습니다.

[2014-07-28 13:59:35]
Project Name   : IISLibrary
Class Name     : clsIISInterface
Procedure Name : GetIntTestCds
Description    : E083 장비에 장비별 검사항목이 설정되지 않었습니다.

[2014-07-28 14:01:19]
Project Name   : IISLibrary
Class Name     : clsIISInterface
Procedure Name : GetIntTestCds
Description    : E083 장비에 장비별 검사항목이 설정되지 않었습니다.

[2014-07-28 14:06:47]
Project Name   : IISLibrary
Class Name     : clsIISInterface
Procedure Name : GetIntTestCds
Description    : E083 장비에 장비별 검사항목이 설정되지 않었습니다.

[2014-07-28 14:17:42]
Project Name   : IISLibrary
Class Name     : clsIISInterface
Procedure Name : GetIntTestCds
Description    : E083 장비에 장비별 검사항목이 설정되지 않었습니다.

[2014-07-28 14:23:07]
Project Name   : IISLibrary
Class Name     : clsIISInterface
Procedure Name : GetIntTestCds
Description    : E083 장비에 장비별 검사항목이 설정되지 않었습니다.

[2014-07-28 14:32:17]
Project Name   : IISLibrary
Class Name     : clsIISInterface
Procedure Name : GetIntTestCds
Description    : E083 장비에 장비별 검사항목이 설정되지 않었습니다.

[2014-07-28 14:38:28]
Project Name   : IISLibrary
Class Name     : clsIISInterface
Procedure Name : GetIntTestCds
Description    : E083 장비에 장비별 검사항목이 설정되지 않었습니다.

[2014-07-28 17:36:41]
Project Name   : IISLibrary
Class Name     : clsIISInterface
Procedure Name : GetIntTestCds
Description    : E083 장비에 장비별 검사항목이 설정되지 않었습니다.

[2014-07-28 17:39:23]
Project Name   : IISLibrary
Class Name     : clsIISInterface
Procedure Name : GetIntTestCds
Description    : E083 장비에 장비별 검사항목이 설정되지 않었습니다.

[2014-07-28 18:05:10]
Project Name   : IISLibrary
Class Name     : clsIISInterface
Procedure Name : GetIntTestCds
Description    : E083 장비에 장비별 검사항목이 설정되지 않었습니다.

