[2014-09-01 12:54:30]
Project Name   : IISLibrary
Class Name     : clsIISInterface
Procedure Name : GetAccInfo
Description    : 바코드번호: 14000828490는 장비로 검사할 항목이 없습니다.

[2014-09-01 15:56:43]
Project Name   : IISLibrary
Class Name     : clsIISInterface
Procedure Name : GetAccInfo
Description    : 바코드번호: 14000829497는 Worklist에 존재하는 검체입니다.

[2014-09-01 16:34:13]
Project Name   : IISLibrary
Class Name     : clsIISInterface
Procedure Name : GetAccInfo
Description    : 바코드번호: 14000828727는 장비로 검사할 항목이 없습니다.

[2014-09-01 17:30:18]
Project Name   : IISLibrary
Class Name     : clsIISInterface
Procedure Name : GetAccInfo
Description    : 바코드번호: 14000828727는 장비로 검사할 항목이 없습니다.

