        Procedure : frmTestEqp - Private Sub cmdSave()

     Error Source : Rapidlab850

     Error Number : 13

Error Description : 형식이 일치하지 않습니다.

             Date : 2003년 9월 26일 월요일

             Time : 오전 11:47:06
━━━━━━━━━━━━━━━━━━━━━━━━━━━━━━━━━━━━━━━━
        Procedure : frmInterface - Private Sub f_subSet_ItemList()

     Error Source : Rapidlab850

     Error Number : 5

Error Description : 프로시저 호출 또는 인수가 잘못되었습니다.

             Date : 2003년 9월 26일 월요일

             Time : 오전 11:57:21
━━━━━━━━━━━━━━━━━━━━━━━━━━━━━━━━━━━━━━━━
        Procedure : Private Sub MDIForm_Tool()

     Error Source : ListImages

     Error Number : 35601

Error Description : 요소를 찾을 수 없습니다.

             Date : 2003년 9월 26일 월요일

             Time : 오후 1:54:46
━━━━━━━━━━━━━━━━━━━━━━━━━━━━━━━━━━━━━━━━
