        Procedure : frmInterface - Private Sub f_subSet_ItemList()

     Error Source : Nova20

     Error Number : 5

Error Description : 프로시저 호출 또는 인수가 잘못되었습니다.

             Date : 2003년 11월 24일 월요일

             Time : 오후 6:33:48
━━━━━━━━━━━━━━━━━━━━━━━━━━━━━━━━━━━━━━━━
        Procedure : clsCommon - Public Function f_subSet_DateOrder() As ADODB.Recordset

     Error Source : Microsoft OLE DB Provider for SQL Server

     Error Number : -2147217904

Error Description : 'interface_WorkList_SELECT_sp' 프로시저에 필요한 '@i_Step' 매개 변수가 제공되지 않았습니다.

             Date : 2003년 11월 24일 월요일

             Time : 오후 6:33:50
━━━━━━━━━━━━━━━━━━━━━━━━━━━━━━━━━━━━━━━━
        Procedure : clsCommon - Public Function f_subSet_DateOrder() As ADODB.Recordset

     Error Source : Microsoft OLE DB Provider for SQL Server

     Error Number : -2147217904

Error Description : 'interface_WorkList_SELECT_sp' 프로시저에 필요한 '@i_Step' 매개 변수가 제공되지 않았습니다.

             Date : 2003년 11월 24일 월요일

             Time : 오후 6:33:51
━━━━━━━━━━━━━━━━━━━━━━━━━━━━━━━━━━━━━━━━
        Procedure : frmInterface - Private Sub f_subSet_ItemList()

     Error Source : Nova20

     Error Number : 5

Error Description : 프로시저 호출 또는 인수가 잘못되었습니다.

             Date : 2003년 11월 24일 월요일

             Time : 오후 6:34:28
━━━━━━━━━━━━━━━━━━━━━━━━━━━━━━━━━━━━━━━━
        Procedure : clsCommon - Public Function f_subSet_DateOrder() As ADODB.Recordset

     Error Source : Microsoft OLE DB Provider for SQL Server

     Error Number : -2147217904

Error Description : 'interface_WorkList_SELECT_sp' 프로시저에 필요한 '@i_Step' 매개 변수가 제공되지 않았습니다.

             Date : 2003년 11월 24일 월요일

             Time : 오후 6:34:29
━━━━━━━━━━━━━━━━━━━━━━━━━━━━━━━━━━━━━━━━
        Procedure : clsCommon - Public Function f_subSet_DateOrder() As ADODB.Recordset

     Error Source : Microsoft OLE DB Provider for SQL Server

     Error Number : -2147217904

Error Description : 'interface_WorkList_SELECT_sp' 프로시저에 필요한 '@i_Step' 매개 변수가 제공되지 않았습니다.

             Date : 2003년 11월 24일 월요일

             Time : 오후 6:34:30
━━━━━━━━━━━━━━━━━━━━━━━━━━━━━━━━━━━━━━━━
        Procedure : frmInterface - Private Sub f_subSet_ItemList()

     Error Source : Nova20

     Error Number : 5

Error Description : 프로시저 호출 또는 인수가 잘못되었습니다.

             Date : 2003년 11월 24일 월요일

             Time : 오후 6:34:32
━━━━━━━━━━━━━━━━━━━━━━━━━━━━━━━━━━━━━━━━
        Procedure : clsCommon - Public Function f_subSet_DateOrder() As ADODB.Recordset

     Error Source : Microsoft OLE DB Provider for SQL Server

     Error Number : -2147217904

Error Description : 'interface_WorkList_SELECT_sp' 프로시저에 필요한 '@i_Step' 매개 변수가 제공되지 않았습니다.

             Date : 2003년 11월 24일 월요일

             Time : 오후 6:34:34
━━━━━━━━━━━━━━━━━━━━━━━━━━━━━━━━━━━━━━━━
        Procedure : clsCommon - Public Function f_subSet_DateOrder() As ADODB.Recordset

     Error Source : Microsoft OLE DB Provider for SQL Server

     Error Number : -2147217904

Error Description : 'interface_WorkList_SELECT_sp' 프로시저에 필요한 '@i_Step' 매개 변수가 제공되지 않았습니다.

             Date : 2003년 11월 24일 월요일

             Time : 오후 6:34:34
━━━━━━━━━━━━━━━━━━━━━━━━━━━━━━━━━━━━━━━━
        Procedure : clsCommon - Public Function f_subSet_DateOrder() As ADODB.Recordset

     Error Source : Microsoft OLE DB Provider for SQL Server

     Error Number : -2147217904

Error Description : 'interface_WorkList_SELECT_sp' 프로시저에 필요한 '@i_Step' 매개 변수가 제공되지 않았습니다.

             Date : 2003년 11월 24일 월요일

             Time : 오후 6:40:09
━━━━━━━━━━━━━━━━━━━━━━━━━━━━━━━━━━━━━━━━
        Procedure : clsCommon - Public Function f_subSet_DateOrder() As ADODB.Recordset

     Error Source : Microsoft OLE DB Provider for SQL Server

     Error Number : -2147217904

Error Description : 'interface_WorkList_SELECT_sp' 프로시저에 필요한 '@i_Step' 매개 변수가 제공되지 않았습니다.

             Date : 2003년 11월 24일 월요일

             Time : 오후 6:40:19
━━━━━━━━━━━━━━━━━━━━━━━━━━━━━━━━━━━━━━━━
        Procedure : clsCommon - Public Function f_subSet_DateOrder() As ADODB.Recordset

     Error Source : Microsoft OLE DB Provider for SQL Server

     Error Number : -2147217904

Error Description : 'interface_WorkList_SELECT_sp' 프로시저에 필요한 '@i_Step' 매개 변수가 제공되지 않았습니다.

             Date : 2003년 11월 24일 월요일

             Time : 오후 6:40:30
━━━━━━━━━━━━━━━━━━━━━━━━━━━━━━━━━━━━━━━━
        Procedure : clsCommon - Public Function f_subSet_DateOrder() As ADODB.Recordset

     Error Source : Microsoft OLE DB Provider for SQL Server

     Error Number : -2147217904

Error Description : 'interface_WorkList_SELECT_sp' 프로시저에 필요한 '@i_Step' 매개 변수가 제공되지 않았습니다.

             Date : 2003년 11월 24일 월요일

             Time : 오후 6:40:31
━━━━━━━━━━━━━━━━━━━━━━━━━━━━━━━━━━━━━━━━
        Procedure : clsCommon - Public Function f_subSet_DateOrder() As ADODB.Recordset

     Error Source : ADODB.Fields

     Error Number : 3265

Error Description : 요청한 이름 또는 서수에 해당하는 컬렉션에서 항목을 찾을 수 없습니다.

             Date : 2003년 11월 24일 월요일

             Time : 오후 6:45:44
━━━━━━━━━━━━━━━━━━━━━━━━━━━━━━━━━━━━━━━━
        Procedure : clsCommon - Public Function f_subSet_DateOrder() As ADODB.Recordset

     Error Source : ADODB.Fields

     Error Number : 3265

Error Description : 요청한 이름 또는 서수에 해당하는 컬렉션에서 항목을 찾을 수 없습니다.

             Date : 2003년 11월 24일 월요일

             Time : 오후 6:45:50
━━━━━━━━━━━━━━━━━━━━━━━━━━━━━━━━━━━━━━━━
        Procedure : clsCommon - Public Function f_subSet_DateOrder() As ADODB.Recordset

     Error Source : ADODB.Fields

     Error Number : 3265

Error Description : 요청한 이름 또는 서수에 해당하는 컬렉션에서 항목을 찾을 수 없습니다.

             Date : 2003년 11월 24일 월요일

             Time : 오후 6:45:57
━━━━━━━━━━━━━━━━━━━━━━━━━━━━━━━━━━━━━━━━
        Procedure : clsCommon - Public Function f_subSet_DateOrder() As ADODB.Recordset

     Error Source : ADODB.Fields

     Error Number : 3265

Error Description : 요청한 이름 또는 서수에 해당하는 컬렉션에서 항목을 찾을 수 없습니다.

             Date : 2003년 11월 24일 월요일

             Time : 오후 6:46:02
━━━━━━━━━━━━━━━━━━━━━━━━━━━━━━━━━━━━━━━━
        Procedure : clsCommon - Public Function f_subSet_DateOrder() As ADODB.Recordset

     Error Source : ADODB.Fields

     Error Number : 3265

Error Description : 요청한 이름 또는 서수에 해당하는 컬렉션에서 항목을 찾을 수 없습니다.

             Date : 2003년 11월 24일 월요일

             Time : 오후 6:46:04
━━━━━━━━━━━━━━━━━━━━━━━━━━━━━━━━━━━━━━━━
        Procedure : clsCommon - Public Function f_subSet_DateOrder() As ADODB.Recordset

     Error Source : ADODB.Fields

     Error Number : 3265

Error Description : 요청한 이름 또는 서수에 해당하는 컬렉션에서 항목을 찾을 수 없습니다.

             Date : 2003년 11월 24일 월요일

             Time : 오후 6:48:09
━━━━━━━━━━━━━━━━━━━━━━━━━━━━━━━━━━━━━━━━
        Procedure : clsCommon - Public Function f_subSet_DateOrder() As ADODB.Recordset

     Error Source : ADODB.Fields

     Error Number : 3265

Error Description : 요청한 이름 또는 서수에 해당하는 컬렉션에서 항목을 찾을 수 없습니다.

             Date : 2003년 11월 24일 월요일

             Time : 오후 6:48:13
━━━━━━━━━━━━━━━━━━━━━━━━━━━━━━━━━━━━━━━━
        Procedure : clsCommon - Public Function f_subSet_DateOrder() As ADODB.Recordset

     Error Source : ADODB.Recordset

     Error Number : 3705

Error Description : 개체가 열려있으면 작업이 허용되지 않습니다.

             Date : 2003년 11월 24일 월요일

             Time : 오후 6:48:52
━━━━━━━━━━━━━━━━━━━━━━━━━━━━━━━━━━━━━━━━
        Procedure : clsCommon - Public Function f_subSet_DateOrder() As ADODB.Recordset

     Error Source : ADODB.Fields

     Error Number : 3265

Error Description : 요청한 이름 또는 서수에 해당하는 컬렉션에서 항목을 찾을 수 없습니다.

             Date : 2003년 11월 24일 월요일

             Time : 오후 6:48:55
━━━━━━━━━━━━━━━━━━━━━━━━━━━━━━━━━━━━━━━━
        Procedure : clsCommon - Public Function f_subSet_DateOrder() As ADODB.Recordset

     Error Source : ADODB.Fields

     Error Number : 3265

Error Description : 요청한 이름 또는 서수에 해당하는 컬렉션에서 항목을 찾을 수 없습니다.

             Date : 2003년 11월 24일 월요일

             Time : 오후 6:53:04
━━━━━━━━━━━━━━━━━━━━━━━━━━━━━━━━━━━━━━━━
        Procedure : clsCommon - Public Function f_subSet_DateOrder() As ADODB.Recordset

     Error Source : ADODB.Fields

     Error Number : 3265

Error Description : 요청한 이름 또는 서수에 해당하는 컬렉션에서 항목을 찾을 수 없습니다.

             Date : 2003년 11월 24일 월요일

             Time : 오후 6:53:07
━━━━━━━━━━━━━━━━━━━━━━━━━━━━━━━━━━━━━━━━
        Procedure : clsCommon - Public Function f_subSet_DateOrder() As ADODB.Recordset

     Error Source : ADODB.Fields

     Error Number : 3265

Error Description : 요청한 이름 또는 서수에 해당하는 컬렉션에서 항목을 찾을 수 없습니다.

             Date : 2003년 11월 24일 월요일

             Time : 오후 6:54:14
━━━━━━━━━━━━━━━━━━━━━━━━━━━━━━━━━━━━━━━━
        Procedure : clsCommon - Public Function f_subSet_DateOrder() As ADODB.Recordset

     Error Source : ADODB.Fields

     Error Number : 3265

Error Description : 요청한 이름 또는 서수에 해당하는 컬렉션에서 항목을 찾을 수 없습니다.

             Date : 2003년 11월 24일 월요일

             Time : 오후 6:54:17
━━━━━━━━━━━━━━━━━━━━━━━━━━━━━━━━━━━━━━━━
        Procedure : clsCommon - Public Function f_subSet_DateOrder() As ADODB.Recordset

     Error Source : ADODB.Fields

     Error Number : 3265

Error Description : 요청한 이름 또는 서수에 해당하는 컬렉션에서 항목을 찾을 수 없습니다.

             Date : 2003년 11월 24일 월요일

             Time : 오후 6:54:22
━━━━━━━━━━━━━━━━━━━━━━━━━━━━━━━━━━━━━━━━
        Procedure : clsCommon - Public Function f_subSet_DateOrder() As ADODB.Recordset

     Error Source : ADODB.Fields

     Error Number : 3265

Error Description : 요청한 이름 또는 서수에 해당하는 컬렉션에서 항목을 찾을 수 없습니다.

             Date : 2003년 11월 24일 월요일

             Time : 오후 6:56:08
━━━━━━━━━━━━━━━━━━━━━━━━━━━━━━━━━━━━━━━━
        Procedure : clsCommon - Public Function f_subSet_DateOrder() As ADODB.Recordset

     Error Source : ADODB.Fields

     Error Number : 3265

Error Description : 요청한 이름 또는 서수에 해당하는 컬렉션에서 항목을 찾을 수 없습니다.

             Date : 2003년 11월 24일 월요일

             Time : 오후 6:58:20
━━━━━━━━━━━━━━━━━━━━━━━━━━━━━━━━━━━━━━━━
        Procedure : clsCommon - Public Function f_subSet_DateOrder() As ADODB.Recordset

     Error Source : ADODB.Fields

     Error Number : 3265

Error Description : 요청한 이름 또는 서수에 해당하는 컬렉션에서 항목을 찾을 수 없습니다.

             Date : 2003년 11월 24일 월요일

             Time : 오후 6:58:21
━━━━━━━━━━━━━━━━━━━━━━━━━━━━━━━━━━━━━━━━
        Procedure : frmInterface - Private Sub f_subSet_ItemList()

     Error Source : Nova20

     Error Number : 5

Error Description : 프로시저 호출 또는 인수가 잘못되었습니다.

             Date : 2003년 11월 24일 월요일

             Time : 오후 6:58:31
━━━━━━━━━━━━━━━━━━━━━━━━━━━━━━━━━━━━━━━━
        Procedure : clsCommon - Public Function f_subSet_DateOrder() As ADODB.Recordset

     Error Source : ADODB.Fields

     Error Number : 3265

Error Description : 요청한 이름 또는 서수에 해당하는 컬렉션에서 항목을 찾을 수 없습니다.

             Date : 2003년 11월 24일 월요일

             Time : 오후 6:58:32
━━━━━━━━━━━━━━━━━━━━━━━━━━━━━━━━━━━━━━━━
        Procedure : clsCommon - Public Function f_subSet_DateOrder() As ADODB.Recordset

     Error Source : ADODB.Fields

     Error Number : 3265

Error Description : 요청한 이름 또는 서수에 해당하는 컬렉션에서 항목을 찾을 수 없습니다.

             Date : 2003년 11월 24일 월요일

             Time : 오후 6:58:32
━━━━━━━━━━━━━━━━━━━━━━━━━━━━━━━━━━━━━━━━
        Procedure : frmInterface - Private Sub f_subSet_ItemList()

     Error Source : Nova20

     Error Number : 5

Error Description : 프로시저 호출 또는 인수가 잘못되었습니다.

             Date : 2003년 11월 24일 월요일

             Time : 오후 6:58:35
━━━━━━━━━━━━━━━━━━━━━━━━━━━━━━━━━━━━━━━━
        Procedure : clsCommon - Public Function f_subSet_DateOrder() As ADODB.Recordset

     Error Source : ADODB.Fields

     Error Number : 3265

Error Description : 요청한 이름 또는 서수에 해당하는 컬렉션에서 항목을 찾을 수 없습니다.

             Date : 2003년 11월 24일 월요일

             Time : 오후 6:58:38
━━━━━━━━━━━━━━━━━━━━━━━━━━━━━━━━━━━━━━━━
        Procedure : clsCommon - Public Function f_subSet_DateOrder() As ADODB.Recordset

     Error Source : ADODB.Fields

     Error Number : 3265

Error Description : 요청한 이름 또는 서수에 해당하는 컬렉션에서 항목을 찾을 수 없습니다.

             Date : 2003년 11월 24일 월요일

             Time : 오후 6:58:38
━━━━━━━━━━━━━━━━━━━━━━━━━━━━━━━━━━━━━━━━
        Procedure : clsCommon - Public Function f_subSet_DateOrder() As ADODB.Recordset

     Error Source : ADODB.Fields

     Error Number : 3265

Error Description : 요청한 이름 또는 서수에 해당하는 컬렉션에서 항목을 찾을 수 없습니다.

             Date : 2003년 11월 24일 월요일

             Time : 오후 6:58:43
━━━━━━━━━━━━━━━━━━━━━━━━━━━━━━━━━━━━━━━━
        Procedure : frmInterface - Private Sub f_subSet_ItemList()

     Error Source : Nova20

     Error Number : 5

Error Description : 프로시저 호출 또는 인수가 잘못되었습니다.

             Date : 2003년 11월 24일 월요일

             Time : 오후 6:58:47
━━━━━━━━━━━━━━━━━━━━━━━━━━━━━━━━━━━━━━━━
        Procedure : clsCommon - Public Function f_subSet_DateOrder() As ADODB.Recordset

     Error Source : ADODB.Fields

     Error Number : 3265

Error Description : 요청한 이름 또는 서수에 해당하는 컬렉션에서 항목을 찾을 수 없습니다.

             Date : 2003년 11월 24일 월요일

             Time : 오후 6:58:48
━━━━━━━━━━━━━━━━━━━━━━━━━━━━━━━━━━━━━━━━
        Procedure : clsCommon - Public Function f_subSet_DateOrder() As ADODB.Recordset

     Error Source : ADODB.Fields

     Error Number : 3265

Error Description : 요청한 이름 또는 서수에 해당하는 컬렉션에서 항목을 찾을 수 없습니다.

             Date : 2003년 11월 24일 월요일

             Time : 오후 6:58:48
━━━━━━━━━━━━━━━━━━━━━━━━━━━━━━━━━━━━━━━━
        Procedure : frmInterface - Private Sub f_subSet_ItemList()

     Error Source : Nova20

     Error Number : 5

Error Description : 프로시저 호출 또는 인수가 잘못되었습니다.

             Date : 2003년 11월 24일 월요일

             Time : 오후 6:59:41
━━━━━━━━━━━━━━━━━━━━━━━━━━━━━━━━━━━━━━━━
        Procedure : clsCommon - Public Function f_subSet_DateOrder() As ADODB.Recordset

     Error Source : ADODB.Fields

     Error Number : 3265

Error Description : 요청한 이름 또는 서수에 해당하는 컬렉션에서 항목을 찾을 수 없습니다.

             Date : 2003년 11월 24일 월요일

             Time : 오후 7:00:34
━━━━━━━━━━━━━━━━━━━━━━━━━━━━━━━━━━━━━━━━
        Procedure : clsCommon - Public Function f_subSet_DateOrder() As ADODB.Recordset

     Error Source : ADODB.Fields

     Error Number : 3265

Error Description : 요청한 이름 또는 서수에 해당하는 컬렉션에서 항목을 찾을 수 없습니다.

             Date : 2003년 11월 24일 월요일

             Time : 오후 7:00:42
━━━━━━━━━━━━━━━━━━━━━━━━━━━━━━━━━━━━━━━━
        Procedure : clsCommon - Public Function f_subSet_DateOrder() As ADODB.Recordset

     Error Source : ADODB.Fields

     Error Number : 3265

Error Description : 요청한 이름 또는 서수에 해당하는 컬렉션에서 항목을 찾을 수 없습니다.

             Date : 2003년 11월 24일 월요일

             Time : 오후 7:00:50
━━━━━━━━━━━━━━━━━━━━━━━━━━━━━━━━━━━━━━━━
        Procedure : clsCommon - Public Function f_subSet_DateOrder() As ADODB.Recordset

     Error Source : ADODB.Fields

     Error Number : 3265

Error Description : 요청한 이름 또는 서수에 해당하는 컬렉션에서 항목을 찾을 수 없습니다.

             Date : 2003년 11월 24일 월요일

             Time : 오후 7:00:51
━━━━━━━━━━━━━━━━━━━━━━━━━━━━━━━━━━━━━━━━
        Procedure : clsCommon - Public Function f_subSet_DateOrder() As ADODB.Recordset

     Error Source : ADODB.Fields

     Error Number : 3265

Error Description : 요청한 이름 또는 서수에 해당하는 컬렉션에서 항목을 찾을 수 없습니다.

             Date : 2003년 11월 24일 월요일

             Time : 오후 7:01:05
━━━━━━━━━━━━━━━━━━━━━━━━━━━━━━━━━━━━━━━━
        Procedure : clsCommon - Public Function f_subSet_DateOrder() As ADODB.Recordset

     Error Source : ADODB.Fields

     Error Number : 3265

Error Description : 요청한 이름 또는 서수에 해당하는 컬렉션에서 항목을 찾을 수 없습니다.

             Date : 2003년 11월 24일 월요일

             Time : 오후 7:01:11
━━━━━━━━━━━━━━━━━━━━━━━━━━━━━━━━━━━━━━━━
        Procedure : clsCommon - Public Function f_subSet_DateOrder() As ADODB.Recordset

     Error Source : ADODB.Fields

     Error Number : 3265

Error Description : 요청한 이름 또는 서수에 해당하는 컬렉션에서 항목을 찾을 수 없습니다.

             Date : 2003년 11월 24일 월요일

             Time : 오후 7:01:12
━━━━━━━━━━━━━━━━━━━━━━━━━━━━━━━━━━━━━━━━
        Procedure : clsCommon - Public Function f_subSet_DateOrder() As ADODB.Recordset

     Error Source : Nova20

     Error Number : 91

Error Description : 개체 변수 또는 With 문의 변수가 설정되어 있지 않습니다.

             Date : 2003년 11월 24일 월요일

             Time : 오후 9:33:32
━━━━━━━━━━━━━━━━━━━━━━━━━━━━━━━━━━━━━━━━
        Procedure : clsCommon - Public Function f_subSet_DateOrder() As ADODB.Recordset

     Error Source : Nova20

     Error Number : 91

Error Description : 개체 변수 또는 With 문의 변수가 설정되어 있지 않습니다.

             Date : 2003년 11월 24일 월요일

             Time : 오후 9:33:35
━━━━━━━━━━━━━━━━━━━━━━━━━━━━━━━━━━━━━━━━
        Procedure : clsCommon - Public Function f_subSet_DateOrder() As ADODB.Recordset

     Error Source : Nova20

     Error Number : 91

Error Description : 개체 변수 또는 With 문의 변수가 설정되어 있지 않습니다.

             Date : 2003년 11월 24일 월요일

             Time : 오후 9:34:43
━━━━━━━━━━━━━━━━━━━━━━━━━━━━━━━━━━━━━━━━
        Procedure : clsCommon - Public Function f_subSet_DateOrder() As ADODB.Recordset

     Error Source : Nova20

     Error Number : 91

Error Description : 개체 변수 또는 With 문의 변수가 설정되어 있지 않습니다.

             Date : 2003년 11월 24일 월요일

             Time : 오후 9:34:44
━━━━━━━━━━━━━━━━━━━━━━━━━━━━━━━━━━━━━━━━
        Procedure : frmInterface - Privete sub psDataDefine()

     Error Source : Microsoft JET Database Engine

     Error Number : -2147467259

Error Description : 'INTERFACE003.SpcNo' 필드는 길이가 0인 문자열이 될 수 없습니다.

             Date : 2003년 11월 24일 월요일

             Time : 오후 9:35:17
━━━━━━━━━━━━━━━━━━━━━━━━━━━━━━━━━━━━━━━━
        Procedure : frmInterface - Privete sub psDataDefine()

     Error Source : Microsoft JET Database Engine

     Error Number : -2147467259

Error Description : 'INTERFACE003.SpcNo' 필드는 길이가 0인 문자열이 될 수 없습니다.

             Date : 2003년 11월 24일 월요일

             Time : 오후 9:35:22
━━━━━━━━━━━━━━━━━━━━━━━━━━━━━━━━━━━━━━━━
        Procedure : frmInterface - Privete sub psDataDefine()

     Error Source : Microsoft JET Database Engine

     Error Number : -2147467259

Error Description : 'INTERFACE003.SpcNo' 필드는 길이가 0인 문자열이 될 수 없습니다.

             Date : 2003년 11월 24일 월요일

             Time : 오후 9:35:28
━━━━━━━━━━━━━━━━━━━━━━━━━━━━━━━━━━━━━━━━
        Procedure : frmInterface - Privete sub psDataDefine()

     Error Source : Nova20

     Error Number : 13

Error Description : 형식이 일치하지 않습니다.

             Date : 2003년 11월 24일 월요일

             Time : 오후 9:35:30
━━━━━━━━━━━━━━━━━━━━━━━━━━━━━━━━━━━━━━━━
        Procedure : frmInterface - Privete sub psDataDefine()

     Error Source : Microsoft JET Database Engine

     Error Number : -2147467259

Error Description : 'INTERFACE003.SpcNo' 필드는 길이가 0인 문자열이 될 수 없습니다.

             Date : 2003년 11월 24일 월요일

             Time : 오후 9:35:33
━━━━━━━━━━━━━━━━━━━━━━━━━━━━━━━━━━━━━━━━
        Procedure : frmInterface - Privete sub psDataDefine()

     Error Source : Microsoft JET Database Engine

     Error Number : -2147467259

Error Description : 'INTERFACE003.SpcNo' 필드는 길이가 0인 문자열이 될 수 없습니다.

             Date : 2003년 11월 24일 월요일

             Time : 오후 9:35:34
━━━━━━━━━━━━━━━━━━━━━━━━━━━━━━━━━━━━━━━━
        Procedure : frmInterface - Privete sub psDataDefine()

     Error Source : Microsoft JET Database Engine

     Error Number : -2147467259

Error Description : 'INTERFACE003.SpcNo' 필드는 길이가 0인 문자열이 될 수 없습니다.

             Date : 2003년 11월 24일 월요일

             Time : 오후 9:35:36
━━━━━━━━━━━━━━━━━━━━━━━━━━━━━━━━━━━━━━━━
        Procedure : frmInterface - Privete sub psDataDefine()

     Error Source : Nova20

     Error Number : 13

Error Description : 형식이 일치하지 않습니다.

             Date : 2003년 11월 24일 월요일

             Time : 오후 9:35:37
━━━━━━━━━━━━━━━━━━━━━━━━━━━━━━━━━━━━━━━━
        Procedure : frmInterface - Privete sub psDataDefine()

     Error Source : Microsoft JET Database Engine

     Error Number : -2147467259

Error Description : 'INTERFACE003.SpcNo' 필드는 길이가 0인 문자열이 될 수 없습니다.

             Date : 2003년 11월 24일 월요일

             Time : 오후 9:35:39
━━━━━━━━━━━━━━━━━━━━━━━━━━━━━━━━━━━━━━━━
        Procedure : frmInterface - Privete sub psDataDefine()

     Error Source : Microsoft JET Database Engine

     Error Number : -2147467259

Error Description : 'INTERFACE003.SpcNo' 필드는 길이가 0인 문자열이 될 수 없습니다.

             Date : 2003년 11월 24일 월요일

             Time : 오후 9:35:41
━━━━━━━━━━━━━━━━━━━━━━━━━━━━━━━━━━━━━━━━
        Procedure : frmInterface - Privete sub psDataDefine()

     Error Source : Microsoft JET Database Engine

     Error Number : -2147467259

Error Description : 'INTERFACE003.SpcNo' 필드는 길이가 0인 문자열이 될 수 없습니다.

             Date : 2003년 11월 24일 월요일

             Time : 오후 9:35:42
━━━━━━━━━━━━━━━━━━━━━━━━━━━━━━━━━━━━━━━━
        Procedure : frmInterface - Privete sub psDataDefine()

     Error Source : Nova20

     Error Number : 13

Error Description : 형식이 일치하지 않습니다.

             Date : 2003년 11월 24일 월요일

             Time : 오후 9:35:43
━━━━━━━━━━━━━━━━━━━━━━━━━━━━━━━━━━━━━━━━
        Procedure : frmInterface - Privete sub psDataDefine()

     Error Source : Microsoft JET Database Engine

     Error Number : -2147467259

Error Description : 'INTERFACE003.SpcNo' 필드는 길이가 0인 문자열이 될 수 없습니다.

             Date : 2003년 11월 24일 월요일

             Time : 오후 9:36:50
━━━━━━━━━━━━━━━━━━━━━━━━━━━━━━━━━━━━━━━━
        Procedure : frmInterface - Privete sub psDataDefine()

     Error Source : Microsoft JET Database Engine

     Error Number : -2147467259

Error Description : 'INTERFACE003.SpcNo' 필드는 길이가 0인 문자열이 될 수 없습니다.

             Date : 2003년 11월 24일 월요일

             Time : 오후 9:36:52
━━━━━━━━━━━━━━━━━━━━━━━━━━━━━━━━━━━━━━━━
        Procedure : frmInterface - Privete sub psDataDefine()

     Error Source : Microsoft JET Database Engine

     Error Number : -2147467259

Error Description : 'INTERFACE003.SpcNo' 필드는 길이가 0인 문자열이 될 수 없습니다.

             Date : 2003년 11월 24일 월요일

             Time : 오후 9:36:54
━━━━━━━━━━━━━━━━━━━━━━━━━━━━━━━━━━━━━━━━
        Procedure : frmInterface - Privete sub psDataDefine()

     Error Source : Nova20

     Error Number : 13

Error Description : 형식이 일치하지 않습니다.

             Date : 2003년 11월 24일 월요일

             Time : 오후 9:36:55
━━━━━━━━━━━━━━━━━━━━━━━━━━━━━━━━━━━━━━━━
        Procedure : frmInterface - Privete sub psDataDefine()

     Error Source : Microsoft JET Database Engine

     Error Number : -2147467259

Error Description : 'INTERFACE003.SpcNo' 필드는 길이가 0인 문자열이 될 수 없습니다.

             Date : 2003년 11월 24일 월요일

             Time : 오후 9:36:56
━━━━━━━━━━━━━━━━━━━━━━━━━━━━━━━━━━━━━━━━
        Procedure : frmInterface - Privete sub psDataDefine()

     Error Source : Microsoft JET Database Engine

     Error Number : -2147467259

Error Description : 'INTERFACE003.SpcNo' 필드는 길이가 0인 문자열이 될 수 없습니다.

             Date : 2003년 11월 24일 월요일

             Time : 오후 9:36:58
━━━━━━━━━━━━━━━━━━━━━━━━━━━━━━━━━━━━━━━━
        Procedure : frmInterface - Privete sub psDataDefine()

     Error Source : Microsoft JET Database Engine

     Error Number : -2147467259

Error Description : 'INTERFACE003.SpcNo' 필드는 길이가 0인 문자열이 될 수 없습니다.

             Date : 2003년 11월 24일 월요일

             Time : 오후 9:37:00
━━━━━━━━━━━━━━━━━━━━━━━━━━━━━━━━━━━━━━━━
        Procedure : frmInterface - Privete sub psDataDefine()

     Error Source : Nova20

     Error Number : 13

Error Description : 형식이 일치하지 않습니다.

             Date : 2003년 11월 24일 월요일

             Time : 오후 9:37:01
━━━━━━━━━━━━━━━━━━━━━━━━━━━━━━━━━━━━━━━━
        Procedure : frmInterface - Privete sub psDataDefine()

     Error Source : Microsoft JET Database Engine

     Error Number : -2147467259

Error Description : 'INTERFACE003.SpcNo' 필드는 길이가 0인 문자열이 될 수 없습니다.

             Date : 2003년 11월 24일 월요일

             Time : 오후 9:37:03
━━━━━━━━━━━━━━━━━━━━━━━━━━━━━━━━━━━━━━━━
        Procedure : frmInterface - Privete sub psDataDefine()

     Error Source : Microsoft JET Database Engine

     Error Number : -2147467259

Error Description : 'INTERFACE003.SpcNo' 필드는 길이가 0인 문자열이 될 수 없습니다.

             Date : 2003년 11월 24일 월요일

             Time : 오후 9:37:04
━━━━━━━━━━━━━━━━━━━━━━━━━━━━━━━━━━━━━━━━
        Procedure : frmInterface - Privete sub psDataDefine()

     Error Source : Microsoft JET Database Engine

     Error Number : -2147467259

Error Description : 'INTERFACE003.SpcNo' 필드는 길이가 0인 문자열이 될 수 없습니다.

             Date : 2003년 11월 24일 월요일

             Time : 오후 9:37:05
━━━━━━━━━━━━━━━━━━━━━━━━━━━━━━━━━━━━━━━━
        Procedure : frmInterface - Privete sub psDataDefine()

     Error Source : Nova20

     Error Number : 13

Error Description : 형식이 일치하지 않습니다.

             Date : 2003년 11월 24일 월요일

             Time : 오후 9:37:06
━━━━━━━━━━━━━━━━━━━━━━━━━━━━━━━━━━━━━━━━
