        Procedure : clsCommon - Public Function f_subSet_DateOrder() As ADODB.Recordset

     Error Source : AXSYM

     Error Number : 91

Error Description : 개체 변수 또는 With 문의 변수가 설정되어 있지 않습니다.

             Date : 2004년 5월 6일 월요일

             Time : 오전 11:21:58
━━━━━━━━━━━━━━━━━━━━━━━━━━━━━━━━━━━━━━━━
        Procedure : clsCommon - Public Function f_subSet_DateOrder() As ADODB.Recordset

     Error Source : AXSYM

     Error Number : 91

Error Description : 개체 변수 또는 With 문의 변수가 설정되어 있지 않습니다.

             Date : 2004년 5월 6일 월요일

             Time : 오전 11:21:59
━━━━━━━━━━━━━━━━━━━━━━━━━━━━━━━━━━━━━━━━
        Procedure : clsCommon - Public Function f_subSet_DateOrder() As ADODB.Recordset

     Error Source : AXSYM

     Error Number : 91

Error Description : 개체 변수 또는 With 문의 변수가 설정되어 있지 않습니다.

             Date : 2004년 5월 6일 월요일

             Time : 오전 11:22:31
━━━━━━━━━━━━━━━━━━━━━━━━━━━━━━━━━━━━━━━━
        Procedure : clsCommon - Public Function f_subSet_DateOrder() As ADODB.Recordset

     Error Source : AXSYM

     Error Number : 91

Error Description : 개체 변수 또는 With 문의 변수가 설정되어 있지 않습니다.

             Date : 2004년 5월 6일 월요일

             Time : 오전 11:22:32
━━━━━━━━━━━━━━━━━━━━━━━━━━━━━━━━━━━━━━━━
        Procedure : frmComm - Private Sub cmdAppend_Click()

     Error Source : Microsoft JET Database Engine

     Error Number : -2147217833

Error Description : 필드가 너무 작아서 추가하려는 데이터 양을 받아 들일 수 없습니다. 삽입하거나 붙여 넣을 데이터 양을 줄이십시오.

             Date : 2004년 5월 6일 월요일

             Time : 오전 11:23:03
━━━━━━━━━━━━━━━━━━━━━━━━━━━━━━━━━━━━━━━━
        Procedure : frmComm - Private Sub cmdAppend_Click()

     Error Source : Microsoft JET Database Engine

     Error Number : -2147217833

Error Description : 필드가 너무 작아서 추가하려는 데이터 양을 받아 들일 수 없습니다. 삽입하거나 붙여 넣을 데이터 양을 줄이십시오.

             Date : 2004년 5월 6일 월요일

             Time : 오전 11:23:06
━━━━━━━━━━━━━━━━━━━━━━━━━━━━━━━━━━━━━━━━
