        Procedure : Private Sub MDIForm_Tool()

     Error Source : Buttons

     Error Number : 35600

Error Description : 인덱스가 유효 범위를 벗어났습니다.

             Date : 2004년 3월 9일 월요일

             Time : 오후 2:56:33
━━━━━━━━━━━━━━━━━━━━━━━━━━━━━━━━━━━━━━━━
        Procedure : Private Sub MDIForm_Tool()

     Error Source : ListImages

     Error Number : 35601

Error Description : 요소를 찾을 수 없습니다.

             Date : 2004년 3월 9일 월요일

             Time : 오후 3:05:27
━━━━━━━━━━━━━━━━━━━━━━━━━━━━━━━━━━━━━━━━
        Procedure : frmInterface - Private Sub cmdRun()

     Error Source : MSComm

     Error Number : 8005

Error Description : 포트가 이미 열려 있습니다.

             Date : 2004년 3월 9일 월요일

             Time : 오후 6:05:32
━━━━━━━━━━━━━━━━━━━━━━━━━━━━━━━━━━━━━━━━
