        Procedure : frmInterface - Private Sub cmdSerch_Click()

     Error Source : ADODB.Fields

     Error Number : 3265

Error Description : 요청한 이름 또는 서수에 해당하는 컬렉션에서 항목을 찾을 수 없습니다.

             Date : 2004년 3월 12일 월요일

             Time : 오전 11:39:29
━━━━━━━━━━━━━━━━━━━━━━━━━━━━━━━━━━━━━━━━
        Procedure : frmInterface - Private Sub cmdSerch_Click()

     Error Source : ADODB.Fields

     Error Number : 3265

Error Description : 요청한 이름 또는 서수에 해당하는 컬렉션에서 항목을 찾을 수 없습니다.

             Date : 2004년 3월 12일 월요일

             Time : 오전 11:40:14
━━━━━━━━━━━━━━━━━━━━━━━━━━━━━━━━━━━━━━━━
        Procedure : frmInterface - Private Sub f_subSet_StatList()

     Error Source : Axsym

     Error Number : 9

Error Description : 첨자 사용이 잘못되었습니다.

             Date : 2004년 3월 12일 월요일

             Time : 오후 1:08:44
━━━━━━━━━━━━━━━━━━━━━━━━━━━━━━━━━━━━━━━━
        Procedure : frmInterface - Private Sub f_subSet_StatList()

     Error Source : Axsym

     Error Number : 9

Error Description : 첨자 사용이 잘못되었습니다.

             Date : 2004년 3월 12일 월요일

             Time : 오후 1:09:16
━━━━━━━━━━━━━━━━━━━━━━━━━━━━━━━━━━━━━━━━
        Procedure : frmInterface - Private Sub f_subSet_StatList()

     Error Source : Axsym

     Error Number : 9

Error Description : 첨자 사용이 잘못되었습니다.

             Date : 2004년 3월 12일 월요일

             Time : 오후 1:09:23
━━━━━━━━━━━━━━━━━━━━━━━━━━━━━━━━━━━━━━━━
        Procedure : frmInterface - Private Sub f_subSet_StatList()

     Error Source : Axsym

     Error Number : 9

Error Description : 첨자 사용이 잘못되었습니다.

             Date : 2004년 3월 12일 월요일

             Time : 오후 1:13:24
━━━━━━━━━━━━━━━━━━━━━━━━━━━━━━━━━━━━━━━━
        Procedure : frmInterface - Private Sub f_subSet_StatList()

     Error Source : Axsym

     Error Number : 9

Error Description : 첨자 사용이 잘못되었습니다.

             Date : 2004년 3월 12일 월요일

             Time : 오후 1:14:43
━━━━━━━━━━━━━━━━━━━━━━━━━━━━━━━━━━━━━━━━
        Procedure : frmInterface - Private Sub f_subSet_StatList()

     Error Source : Axsym

     Error Number : 9

Error Description : 첨자 사용이 잘못되었습니다.

             Date : 2004년 3월 12일 월요일

             Time : 오후 1:15:04
━━━━━━━━━━━━━━━━━━━━━━━━━━━━━━━━━━━━━━━━
        Procedure : frmInterface - Private Sub f_subSet_StatList()

     Error Source : Axsym

     Error Number : 9

Error Description : 첨자 사용이 잘못되었습니다.

             Date : 2004년 3월 12일 월요일

             Time : 오후 1:15:21
━━━━━━━━━━━━━━━━━━━━━━━━━━━━━━━━━━━━━━━━
        Procedure : frmInterface - Private Sub f_subSet_StatList()

     Error Source : Axsym

     Error Number : 9

Error Description : 첨자 사용이 잘못되었습니다.

             Date : 2004년 3월 12일 월요일

             Time : 오후 1:17:26
━━━━━━━━━━━━━━━━━━━━━━━━━━━━━━━━━━━━━━━━
        Procedure : clsCommon - Public Function Get_RoomList() As ADODB.Recordset

     Error Source : Axsym

     Error Number : 91

Error Description : 개체 변수 또는 With 문의 변수가 설정되어 있지 않습니다.

             Date : 2004년 3월 12일 월요일

             Time : 오후 3:18:50
━━━━━━━━━━━━━━━━━━━━━━━━━━━━━━━━━━━━━━━━
