        Procedure : Private Sub MDIForm_Tool()

     Error Source : Microsoft JET Database Engine

     Error Number : -2147217865

Error Description : Microsoft Jet 데이터베이스 엔진에서 입력 테이블이나 'INTERFACE001' 쿼리를 찾을 수 없습니다. 테이블이나 쿼리가 있는지, 이름을 정확히 입력했는지를 확인하십시오.

             Date : 2004년 7월 13일 월요일

             Time : 오전 11:52:43
━━━━━━━━━━━━━━━━━━━━━━━━━━━━━━━━━━━━━━━━
        Procedure : Private Sub MDIForm_Tool()

     Error Source : ADODB.Recordset

     Error Number : 3704

Error Description : 개체가 닫혀있으면 작업이 허용되지 않습니다.

             Date : 2004년 7월 13일 월요일

             Time : 오전 11:52:45
━━━━━━━━━━━━━━━━━━━━━━━━━━━━━━━━━━━━━━━━
        Procedure : Private Sub MDIForm_Tool()

     Error Source : ADODB.Recordset

     Error Number : 3704

Error Description : 개체가 닫혀있으면 작업이 허용되지 않습니다.

             Date : 2004년 7월 13일 월요일

             Time : 오전 11:52:47
━━━━━━━━━━━━━━━━━━━━━━━━━━━━━━━━━━━━━━━━
        Procedure : Private Sub MDIForm_Tool()

     Error Source : ADODB.Recordset

     Error Number : 3704

Error Description : 개체가 닫혀있으면 작업이 허용되지 않습니다.

             Date : 2004년 7월 13일 월요일

             Time : 오전 11:52:47
━━━━━━━━━━━━━━━━━━━━━━━━━━━━━━━━━━━━━━━━
        Procedure : Private Sub MDIForm_Tool()

     Error Source : Microsoft JET Database Engine

     Error Number : -2147467259

Error Description : Microsoft Jet 데이터베이스 엔진에서 입력 테이블이나 'INTERFACE001' 쿼리를 찾을 수 없습니다. 테이블이나 쿼리가 있는지, 이름을 정확히 입력했는지를 확인하십시오.

             Date : 2004년 7월 13일 월요일

             Time : 오전 11:52:48
━━━━━━━━━━━━━━━━━━━━━━━━━━━━━━━━━━━━━━━━
        Procedure : Private Sub MDIForm_Tool()

     Error Source : ADODB.Recordset

     Error Number : 3704

Error Description : 개체가 닫혀있으면 작업이 허용되지 않습니다.

             Date : 2004년 7월 13일 월요일

             Time : 오전 11:52:48
━━━━━━━━━━━━━━━━━━━━━━━━━━━━━━━━━━━━━━━━
        Procedure : Private Sub MDIForm_Tool()

     Error Source : Microsoft JET Database Engine

     Error Number : -2147217865

Error Description : Microsoft Jet 데이터베이스 엔진에서 입력 테이블이나 'INTERFACE003' 쿼리를 찾을 수 없습니다. 테이블이나 쿼리가 있는지, 이름을 정확히 입력했는지를 확인하십시오.

             Date : 2004년 7월 13일 월요일

             Time : 오전 11:52:48
━━━━━━━━━━━━━━━━━━━━━━━━━━━━━━━━━━━━━━━━
        Procedure : Private Sub MDIForm_Tool()

     Error Source : ADODB.Recordset

     Error Number : 3704

Error Description : 개체가 닫혀있으면 작업이 허용되지 않습니다.

             Date : 2004년 7월 13일 월요일

             Time : 오전 11:52:48
━━━━━━━━━━━━━━━━━━━━━━━━━━━━━━━━━━━━━━━━
        Procedure : Private Sub MDIForm_Tool()

     Error Source : ADODB.Recordset

     Error Number : 3704

Error Description : 개체가 닫혀있으면 작업이 허용되지 않습니다.

             Date : 2004년 7월 13일 월요일

             Time : 오전 11:52:49
━━━━━━━━━━━━━━━━━━━━━━━━━━━━━━━━━━━━━━━━
        Procedure : Private Sub MDIForm_Tool()

     Error Source : ADODB.Recordset

     Error Number : 3704

Error Description : 개체가 닫혀있으면 작업이 허용되지 않습니다.

             Date : 2004년 7월 13일 월요일

             Time : 오전 11:52:49
━━━━━━━━━━━━━━━━━━━━━━━━━━━━━━━━━━━━━━━━
        Procedure : Private Sub MDIForm_Tool()

     Error Source : Microsoft JET Database Engine

     Error Number : -2147467259

Error Description : Microsoft Jet 데이터베이스 엔진에서 입력 테이블이나 'INTERFACE003' 쿼리를 찾을 수 없습니다. 테이블이나 쿼리가 있는지, 이름을 정확히 입력했는지를 확인하십시오.

             Date : 2004년 7월 13일 월요일

             Time : 오전 11:52:49
━━━━━━━━━━━━━━━━━━━━━━━━━━━━━━━━━━━━━━━━
        Procedure : Private Sub MDIForm_Tool()

     Error Source : ADODB.Recordset

     Error Number : 3704

Error Description : 개체가 닫혀있으면 작업이 허용되지 않습니다.

             Date : 2004년 7월 13일 월요일

             Time : 오전 11:52:49
━━━━━━━━━━━━━━━━━━━━━━━━━━━━━━━━━━━━━━━━
        Procedure : frmInterface - Private Sub f_subSet_ItemList()

     Error Source : Microsoft JET Database Engine

     Error Number : -2147217865

Error Description : Microsoft Jet 데이터베이스 엔진에서 입력 테이블이나 'INTERFACE002' 쿼리를 찾을 수 없습니다. 테이블이나 쿼리가 있는지, 이름을 정확히 입력했는지를 확인하십시오.

             Date : 2004년 7월 13일 월요일

             Time : 오전 11:52:51
━━━━━━━━━━━━━━━━━━━━━━━━━━━━━━━━━━━━━━━━
    Procedure : clsCommon - Public Function Get_EqpProperty(ByVal strEqpCd As String) As ADODB.Recordset

 Error Number : -2147217865

  Description : Microsoft Jet 데이터베이스 엔진에서 입력 테이블이나 'INTERFACE001' 쿼리를 찾을 수 없습니다. 테이블이나 쿼리가 있는지, 이름을 정확히 입력했는지를 확인하십시오.

       Source : Microsoft JET Database Engine

    SQL State : 3078

 Native Error : -524420377

   SQL String : SELECT EQP_CD, EQP_NM, CALL_ID, STATION, WORK_ST, SAVE_DT, BUY_DT, TMP_LH, VENDOR, CHARGE, BUY_TEL, PRODUCT, MODEL_NO, COM_PORT, COM_SPEED, COM_DATABIT, COM_PARITYBIT, COM_STOPBIT, COM_HANDSHAK, COM_INPUTMOD, COM_DTR, COM_EOF, COM_NULDIS, COM_RTS, COM_ECHO, COM_IBS, COM_INLEN, COM_OBS, COM_PTR, COM_RTH, COM_STH FROM INTERFACE001 WHERE EQP_CD = 'ax2004'

         Date : 2004년 7월 13일 월요일

         Time : 오전 11:52:52
━━━━━━━━━━━━━━━━━━━━━━━━━━━━━━━━━━━━━━━━
        Procedure : frmInterface - Private Sub f_subSet_ItemList()

     Error Source : Microsoft JET Database Engine

     Error Number : -2147217865

Error Description : Microsoft Jet 데이터베이스 엔진에서 입력 테이블이나 'INTERFACE002' 쿼리를 찾을 수 없습니다. 테이블이나 쿼리가 있는지, 이름을 정확히 입력했는지를 확인하십시오.

             Date : 2004년 7월 13일 월요일

             Time : 오전 11:52:54
━━━━━━━━━━━━━━━━━━━━━━━━━━━━━━━━━━━━━━━━
    Procedure : clsCommon - Public Function Get_EqpProperty(ByVal strEqpCd As String) As ADODB.Recordset

 Error Number : -2147217865

  Description : Microsoft Jet 데이터베이스 엔진에서 입력 테이블이나 'INTERFACE001' 쿼리를 찾을 수 없습니다. 테이블이나 쿼리가 있는지, 이름을 정확히 입력했는지를 확인하십시오.

       Source : Microsoft JET Database Engine

    SQL State : 3078

 Native Error : -524420377

   SQL String : SELECT EQP_CD, EQP_NM, CALL_ID, STATION, WORK_ST, SAVE_DT, BUY_DT, TMP_LH, VENDOR, CHARGE, BUY_TEL, PRODUCT, MODEL_NO, COM_PORT, COM_SPEED, COM_DATABIT, COM_PARITYBIT, COM_STOPBIT, COM_HANDSHAK, COM_INPUTMOD, COM_DTR, COM_EOF, COM_NULDIS, COM_RTS, COM_ECHO, COM_IBS, COM_INLEN, COM_OBS, COM_PTR, COM_RTH, COM_STH FROM INTERFACE001 WHERE EQP_CD = 'ax2004'

         Date : 2004년 7월 13일 월요일

         Time : 오전 11:52:55
━━━━━━━━━━━━━━━━━━━━━━━━━━━━━━━━━━━━━━━━
        Procedure : frmInterface - Private Sub f_subGet_Setting()

     Error Source : MSComm

     Error Number : 8002

Error Description : 포트 번호가 잘못되었습니다.

             Date : 2004년 7월 13일 월요일

             Time : 오전 11:52:57
━━━━━━━━━━━━━━━━━━━━━━━━━━━━━━━━━━━━━━━━
        Procedure : frmInterface - Private Sub f_subSet_ItemList()

     Error Source : Microsoft JET Database Engine

     Error Number : -2147217865

Error Description : Microsoft Jet 데이터베이스 엔진에서 입력 테이블이나 'INTERFACE002' 쿼리를 찾을 수 없습니다. 테이블이나 쿼리가 있는지, 이름을 정확히 입력했는지를 확인하십시오.

             Date : 2004년 7월 13일 월요일

             Time : 오전 11:52:57
━━━━━━━━━━━━━━━━━━━━━━━━━━━━━━━━━━━━━━━━
    Procedure : clsCommon - Public Function Get_EqpProperty(ByVal strEqpCd As String) As ADODB.Recordset

 Error Number : -2147217865

  Description : Microsoft Jet 데이터베이스 엔진에서 입력 테이블이나 'INTERFACE001' 쿼리를 찾을 수 없습니다. 테이블이나 쿼리가 있는지, 이름을 정확히 입력했는지를 확인하십시오.

       Source : Microsoft JET Database Engine

    SQL State : 3078

 Native Error : -524420377

   SQL String : SELECT EQP_CD, EQP_NM, CALL_ID, STATION, WORK_ST, SAVE_DT, BUY_DT, TMP_LH, VENDOR, CHARGE, BUY_TEL, PRODUCT, MODEL_NO, COM_PORT, COM_SPEED, COM_DATABIT, COM_PARITYBIT, COM_STOPBIT, COM_HANDSHAK, COM_INPUTMOD, COM_DTR, COM_EOF, COM_NULDIS, COM_RTS, COM_ECHO, COM_IBS, COM_INLEN, COM_OBS, COM_PTR, COM_RTH, COM_STH FROM INTERFACE001 WHERE EQP_CD = 'ax2004'

         Date : 2004년 7월 13일 월요일

         Time : 오전 11:52:57
━━━━━━━━━━━━━━━━━━━━━━━━━━━━━━━━━━━━━━━━
        Procedure : frmInterface - Private Sub f_subGet_Setting()

     Error Source : MSComm

     Error Number : 8002

Error Description : 포트 번호가 잘못되었습니다.

             Date : 2004년 7월 13일 월요일

             Time : 오전 11:52:58
━━━━━━━━━━━━━━━━━━━━━━━━━━━━━━━━━━━━━━━━
        Procedure : frmInterface - Private Sub f_subSet_ItemList()

     Error Source : Microsoft JET Database Engine

     Error Number : -2147217865

Error Description : Microsoft Jet 데이터베이스 엔진에서 입력 테이블이나 'INTERFACE002' 쿼리를 찾을 수 없습니다. 테이블이나 쿼리가 있는지, 이름을 정확히 입력했는지를 확인하십시오.

             Date : 2004년 7월 13일 월요일

             Time : 오전 11:52:58
━━━━━━━━━━━━━━━━━━━━━━━━━━━━━━━━━━━━━━━━
    Procedure : clsCommon - Public Function Get_EqpProperty(ByVal strEqpCd As String) As ADODB.Recordset

 Error Number : -2147217865

  Description : Microsoft Jet 데이터베이스 엔진에서 입력 테이블이나 'INTERFACE001' 쿼리를 찾을 수 없습니다. 테이블이나 쿼리가 있는지, 이름을 정확히 입력했는지를 확인하십시오.

       Source : Microsoft JET Database Engine

    SQL State : 3078

 Native Error : -524420377

   SQL String : SELECT EQP_CD, EQP_NM, CALL_ID, STATION, WORK_ST, SAVE_DT, BUY_DT, TMP_LH, VENDOR, CHARGE, BUY_TEL, PRODUCT, MODEL_NO, COM_PORT, COM_SPEED, COM_DATABIT, COM_PARITYBIT, COM_STOPBIT, COM_HANDSHAK, COM_INPUTMOD, COM_DTR, COM_EOF, COM_NULDIS, COM_RTS, COM_ECHO, COM_IBS, COM_INLEN, COM_OBS, COM_PTR, COM_RTH, COM_STH FROM INTERFACE001 WHERE EQP_CD = 'ax2004'

         Date : 2004년 7월 13일 월요일

         Time : 오전 11:52:58
━━━━━━━━━━━━━━━━━━━━━━━━━━━━━━━━━━━━━━━━
        Procedure : frmInterface - Private Sub f_subGet_Setting()

     Error Source : MSComm

     Error Number : 8002

Error Description : 포트 번호가 잘못되었습니다.

             Date : 2004년 7월 13일 월요일

             Time : 오전 11:52:59
━━━━━━━━━━━━━━━━━━━━━━━━━━━━━━━━━━━━━━━━
        Procedure : frmInterface - Private Sub f_subSet_ItemList()

     Error Source : Microsoft JET Database Engine

     Error Number : -2147217865

Error Description : Microsoft Jet 데이터베이스 엔진에서 입력 테이블이나 'INTERFACE002' 쿼리를 찾을 수 없습니다. 테이블이나 쿼리가 있는지, 이름을 정확히 입력했는지를 확인하십시오.

             Date : 2004년 7월 13일 월요일

             Time : 오전 11:52:59
━━━━━━━━━━━━━━━━━━━━━━━━━━━━━━━━━━━━━━━━
    Procedure : clsCommon - Public Function Get_EqpProperty(ByVal strEqpCd As String) As ADODB.Recordset

 Error Number : -2147217865

  Description : Microsoft Jet 데이터베이스 엔진에서 입력 테이블이나 'INTERFACE001' 쿼리를 찾을 수 없습니다. 테이블이나 쿼리가 있는지, 이름을 정확히 입력했는지를 확인하십시오.

       Source : Microsoft JET Database Engine

    SQL State : 3078

 Native Error : -524420377

   SQL String : SELECT EQP_CD, EQP_NM, CALL_ID, STATION, WORK_ST, SAVE_DT, BUY_DT, TMP_LH, VENDOR, CHARGE, BUY_TEL, PRODUCT, MODEL_NO, COM_PORT, COM_SPEED, COM_DATABIT, COM_PARITYBIT, COM_STOPBIT, COM_HANDSHAK, COM_INPUTMOD, COM_DTR, COM_EOF, COM_NULDIS, COM_RTS, COM_ECHO, COM_IBS, COM_INLEN, COM_OBS, COM_PTR, COM_RTH, COM_STH FROM INTERFACE001 WHERE EQP_CD = 'ax2004'

         Date : 2004년 7월 13일 월요일

         Time : 오전 11:52:59
━━━━━━━━━━━━━━━━━━━━━━━━━━━━━━━━━━━━━━━━
        Procedure : frmInterface - Private Sub f_subGet_Setting()

     Error Source : MSComm

     Error Number : 8002

Error Description : 포트 번호가 잘못되었습니다.

             Date : 2004년 7월 13일 월요일

             Time : 오전 11:53:00
━━━━━━━━━━━━━━━━━━━━━━━━━━━━━━━━━━━━━━━━
        Procedure : frmInterface - Private Sub f_subSet_ItemList()

     Error Source : Microsoft JET Database Engine

     Error Number : -2147217865

Error Description : Microsoft Jet 데이터베이스 엔진에서 입력 테이블이나 'INTERFACE002' 쿼리를 찾을 수 없습니다. 테이블이나 쿼리가 있는지, 이름을 정확히 입력했는지를 확인하십시오.

             Date : 2004년 7월 13일 월요일

             Time : 오전 11:53:00
━━━━━━━━━━━━━━━━━━━━━━━━━━━━━━━━━━━━━━━━
    Procedure : clsCommon - Public Function Get_EqpProperty(ByVal strEqpCd As String) As ADODB.Recordset

 Error Number : -2147217865

  Description : Microsoft Jet 데이터베이스 엔진에서 입력 테이블이나 'INTERFACE001' 쿼리를 찾을 수 없습니다. 테이블이나 쿼리가 있는지, 이름을 정확히 입력했는지를 확인하십시오.

       Source : Microsoft JET Database Engine

    SQL State : 3078

 Native Error : -524420377

   SQL String : SELECT EQP_CD, EQP_NM, CALL_ID, STATION, WORK_ST, SAVE_DT, BUY_DT, TMP_LH, VENDOR, CHARGE, BUY_TEL, PRODUCT, MODEL_NO, COM_PORT, COM_SPEED, COM_DATABIT, COM_PARITYBIT, COM_STOPBIT, COM_HANDSHAK, COM_INPUTMOD, COM_DTR, COM_EOF, COM_NULDIS, COM_RTS, COM_ECHO, COM_IBS, COM_INLEN, COM_OBS, COM_PTR, COM_RTH, COM_STH FROM INTERFACE001 WHERE EQP_CD = 'ax2004'

         Date : 2004년 7월 13일 월요일

         Time : 오전 11:53:00
━━━━━━━━━━━━━━━━━━━━━━━━━━━━━━━━━━━━━━━━
        Procedure : frmInterface - Private Sub f_subGet_Setting()

     Error Source : MSComm

     Error Number : 8002

Error Description : 포트 번호가 잘못되었습니다.

             Date : 2004년 7월 13일 월요일

             Time : 오전 11:53:00
━━━━━━━━━━━━━━━━━━━━━━━━━━━━━━━━━━━━━━━━
        Procedure : frmInterface - Private Sub f_subSet_ItemList()

     Error Source : Microsoft JET Database Engine

     Error Number : -2147217865

Error Description : Microsoft Jet 데이터베이스 엔진에서 입력 테이블이나 'INTERFACE002' 쿼리를 찾을 수 없습니다. 테이블이나 쿼리가 있는지, 이름을 정확히 입력했는지를 확인하십시오.

             Date : 2004년 7월 13일 월요일

             Time : 오전 11:53:00
━━━━━━━━━━━━━━━━━━━━━━━━━━━━━━━━━━━━━━━━
    Procedure : clsCommon - Public Function Get_EqpProperty(ByVal strEqpCd As String) As ADODB.Recordset

 Error Number : -2147217865

  Description : Microsoft Jet 데이터베이스 엔진에서 입력 테이블이나 'INTERFACE001' 쿼리를 찾을 수 없습니다. 테이블이나 쿼리가 있는지, 이름을 정확히 입력했는지를 확인하십시오.

       Source : Microsoft JET Database Engine

    SQL State : 3078

 Native Error : -524420377

   SQL String : SELECT EQP_CD, EQP_NM, CALL_ID, STATION, WORK_ST, SAVE_DT, BUY_DT, TMP_LH, VENDOR, CHARGE, BUY_TEL, PRODUCT, MODEL_NO, COM_PORT, COM_SPEED, COM_DATABIT, COM_PARITYBIT, COM_STOPBIT, COM_HANDSHAK, COM_INPUTMOD, COM_DTR, COM_EOF, COM_NULDIS, COM_RTS, COM_ECHO, COM_IBS, COM_INLEN, COM_OBS, COM_PTR, COM_RTH, COM_STH FROM INTERFACE001 WHERE EQP_CD = 'ax2004'

         Date : 2004년 7월 13일 월요일

         Time : 오전 11:53:00
━━━━━━━━━━━━━━━━━━━━━━━━━━━━━━━━━━━━━━━━
        Procedure : frmInterface - Private Sub f_subGet_Setting()

     Error Source : MSComm

     Error Number : 8002

Error Description : 포트 번호가 잘못되었습니다.

             Date : 2004년 7월 13일 월요일

             Time : 오전 11:53:00
━━━━━━━━━━━━━━━━━━━━━━━━━━━━━━━━━━━━━━━━
        Procedure : frmInterface - Private Sub f_subSet_ItemList()

     Error Source : Microsoft JET Database Engine

     Error Number : -2147217865

Error Description : Microsoft Jet 데이터베이스 엔진에서 입력 테이블이나 'INTERFACE002' 쿼리를 찾을 수 없습니다. 테이블이나 쿼리가 있는지, 이름을 정확히 입력했는지를 확인하십시오.

             Date : 2004년 7월 13일 월요일

             Time : 오전 11:53:00
━━━━━━━━━━━━━━━━━━━━━━━━━━━━━━━━━━━━━━━━
    Procedure : clsCommon - Public Function Get_EqpProperty(ByVal strEqpCd As String) As ADODB.Recordset

 Error Number : -2147217865

  Description : Microsoft Jet 데이터베이스 엔진에서 입력 테이블이나 'INTERFACE001' 쿼리를 찾을 수 없습니다. 테이블이나 쿼리가 있는지, 이름을 정확히 입력했는지를 확인하십시오.

       Source : Microsoft JET Database Engine

    SQL State : 3078

 Native Error : -524420377

   SQL String : SELECT EQP_CD, EQP_NM, CALL_ID, STATION, WORK_ST, SAVE_DT, BUY_DT, TMP_LH, VENDOR, CHARGE, BUY_TEL, PRODUCT, MODEL_NO, COM_PORT, COM_SPEED, COM_DATABIT, COM_PARITYBIT, COM_STOPBIT, COM_HANDSHAK, COM_INPUTMOD, COM_DTR, COM_EOF, COM_NULDIS, COM_RTS, COM_ECHO, COM_IBS, COM_INLEN, COM_OBS, COM_PTR, COM_RTH, COM_STH FROM INTERFACE001 WHERE EQP_CD = 'ax2004'

         Date : 2004년 7월 13일 월요일

         Time : 오전 11:53:00
━━━━━━━━━━━━━━━━━━━━━━━━━━━━━━━━━━━━━━━━
        Procedure : frmInterface - Private Sub f_subGet_Setting()

     Error Source : MSComm

     Error Number : 8002

Error Description : 포트 번호가 잘못되었습니다.

             Date : 2004년 7월 13일 월요일

             Time : 오전 11:53:00
━━━━━━━━━━━━━━━━━━━━━━━━━━━━━━━━━━━━━━━━
        Procedure : frmInterface - Private Sub f_subSet_ItemList()

     Error Source : Microsoft JET Database Engine

     Error Number : -2147217865

Error Description : Microsoft Jet 데이터베이스 엔진에서 입력 테이블이나 'INTERFACE002' 쿼리를 찾을 수 없습니다. 테이블이나 쿼리가 있는지, 이름을 정확히 입력했는지를 확인하십시오.

             Date : 2004년 7월 13일 월요일

             Time : 오전 11:53:01
━━━━━━━━━━━━━━━━━━━━━━━━━━━━━━━━━━━━━━━━
    Procedure : clsCommon - Public Function Get_EqpProperty(ByVal strEqpCd As String) As ADODB.Recordset

 Error Number : -2147217865

  Description : Microsoft Jet 데이터베이스 엔진에서 입력 테이블이나 'INTERFACE001' 쿼리를 찾을 수 없습니다. 테이블이나 쿼리가 있는지, 이름을 정확히 입력했는지를 확인하십시오.

       Source : Microsoft JET Database Engine

    SQL State : 3078

 Native Error : -524420377

   SQL String : SELECT EQP_CD, EQP_NM, CALL_ID, STATION, WORK_ST, SAVE_DT, BUY_DT, TMP_LH, VENDOR, CHARGE, BUY_TEL, PRODUCT, MODEL_NO, COM_PORT, COM_SPEED, COM_DATABIT, COM_PARITYBIT, COM_STOPBIT, COM_HANDSHAK, COM_INPUTMOD, COM_DTR, COM_EOF, COM_NULDIS, COM_RTS, COM_ECHO, COM_IBS, COM_INLEN, COM_OBS, COM_PTR, COM_RTH, COM_STH FROM INTERFACE001 WHERE EQP_CD = 'ax2004'

         Date : 2004년 7월 13일 월요일

         Time : 오전 11:53:01
━━━━━━━━━━━━━━━━━━━━━━━━━━━━━━━━━━━━━━━━
        Procedure : frmInterface - Private Sub f_subGet_Setting()

     Error Source : MSComm

     Error Number : 8002

Error Description : 포트 번호가 잘못되었습니다.

             Date : 2004년 7월 13일 월요일

             Time : 오전 11:53:01
━━━━━━━━━━━━━━━━━━━━━━━━━━━━━━━━━━━━━━━━
        Procedure : frmInterface - Private Sub f_subSet_ItemList()

     Error Source : Microsoft JET Database Engine

     Error Number : -2147217865

Error Description : Microsoft Jet 데이터베이스 엔진에서 입력 테이블이나 'INTERFACE002' 쿼리를 찾을 수 없습니다. 테이블이나 쿼리가 있는지, 이름을 정확히 입력했는지를 확인하십시오.

             Date : 2004년 7월 13일 월요일

             Time : 오전 11:53:01
━━━━━━━━━━━━━━━━━━━━━━━━━━━━━━━━━━━━━━━━
    Procedure : clsCommon - Public Function Get_EqpProperty(ByVal strEqpCd As String) As ADODB.Recordset

 Error Number : -2147217865

  Description : Microsoft Jet 데이터베이스 엔진에서 입력 테이블이나 'INTERFACE001' 쿼리를 찾을 수 없습니다. 테이블이나 쿼리가 있는지, 이름을 정확히 입력했는지를 확인하십시오.

       Source : Microsoft JET Database Engine

    SQL State : 3078

 Native Error : -524420377

   SQL String : SELECT EQP_CD, EQP_NM, CALL_ID, STATION, WORK_ST, SAVE_DT, BUY_DT, TMP_LH, VENDOR, CHARGE, BUY_TEL, PRODUCT, MODEL_NO, COM_PORT, COM_SPEED, COM_DATABIT, COM_PARITYBIT, COM_STOPBIT, COM_HANDSHAK, COM_INPUTMOD, COM_DTR, COM_EOF, COM_NULDIS, COM_RTS, COM_ECHO, COM_IBS, COM_INLEN, COM_OBS, COM_PTR, COM_RTH, COM_STH FROM INTERFACE001 WHERE EQP_CD = 'ax2004'

         Date : 2004년 7월 13일 월요일

         Time : 오전 11:53:01
━━━━━━━━━━━━━━━━━━━━━━━━━━━━━━━━━━━━━━━━
        Procedure : frmInterface - Private Sub f_subGet_Setting()

     Error Source : MSComm

     Error Number : 8002

Error Description : 포트 번호가 잘못되었습니다.

             Date : 2004년 7월 13일 월요일

             Time : 오전 11:53:01
━━━━━━━━━━━━━━━━━━━━━━━━━━━━━━━━━━━━━━━━
        Procedure : frmInterface - Private Sub f_subSet_ItemList()

     Error Source : Microsoft JET Database Engine

     Error Number : -2147217865

Error Description : Microsoft Jet 데이터베이스 엔진에서 입력 테이블이나 'INTERFACE002' 쿼리를 찾을 수 없습니다. 테이블이나 쿼리가 있는지, 이름을 정확히 입력했는지를 확인하십시오.

             Date : 2004년 7월 13일 월요일

             Time : 오전 11:53:01
━━━━━━━━━━━━━━━━━━━━━━━━━━━━━━━━━━━━━━━━
    Procedure : clsCommon - Public Function Get_EqpProperty(ByVal strEqpCd As String) As ADODB.Recordset

 Error Number : -2147217865

  Description : Microsoft Jet 데이터베이스 엔진에서 입력 테이블이나 'INTERFACE001' 쿼리를 찾을 수 없습니다. 테이블이나 쿼리가 있는지, 이름을 정확히 입력했는지를 확인하십시오.

       Source : Microsoft JET Database Engine

    SQL State : 3078

 Native Error : -524420377

   SQL String : SELECT EQP_CD, EQP_NM, CALL_ID, STATION, WORK_ST, SAVE_DT, BUY_DT, TMP_LH, VENDOR, CHARGE, BUY_TEL, PRODUCT, MODEL_NO, COM_PORT, COM_SPEED, COM_DATABIT, COM_PARITYBIT, COM_STOPBIT, COM_HANDSHAK, COM_INPUTMOD, COM_DTR, COM_EOF, COM_NULDIS, COM_RTS, COM_ECHO, COM_IBS, COM_INLEN, COM_OBS, COM_PTR, COM_RTH, COM_STH FROM INTERFACE001 WHERE EQP_CD = 'ax2004'

         Date : 2004년 7월 13일 월요일

         Time : 오전 11:53:01
━━━━━━━━━━━━━━━━━━━━━━━━━━━━━━━━━━━━━━━━
        Procedure : frmInterface - Private Sub f_subGet_Setting()

     Error Source : MSComm

     Error Number : 8002

Error Description : 포트 번호가 잘못되었습니다.

             Date : 2004년 7월 13일 월요일

             Time : 오전 11:53:01
━━━━━━━━━━━━━━━━━━━━━━━━━━━━━━━━━━━━━━━━
        Procedure : frmInterface - Private Sub f_subSet_ItemList()

     Error Source : Microsoft JET Database Engine

     Error Number : -2147217865

Error Description : Microsoft Jet 데이터베이스 엔진에서 입력 테이블이나 'INTERFACE002' 쿼리를 찾을 수 없습니다. 테이블이나 쿼리가 있는지, 이름을 정확히 입력했는지를 확인하십시오.

             Date : 2004년 7월 13일 월요일

             Time : 오전 11:53:01
━━━━━━━━━━━━━━━━━━━━━━━━━━━━━━━━━━━━━━━━
    Procedure : clsCommon - Public Function Get_EqpProperty(ByVal strEqpCd As String) As ADODB.Recordset

 Error Number : -2147217865

  Description : Microsoft Jet 데이터베이스 엔진에서 입력 테이블이나 'INTERFACE001' 쿼리를 찾을 수 없습니다. 테이블이나 쿼리가 있는지, 이름을 정확히 입력했는지를 확인하십시오.

       Source : Microsoft JET Database Engine

    SQL State : 3078

 Native Error : -524420377

   SQL String : SELECT EQP_CD, EQP_NM, CALL_ID, STATION, WORK_ST, SAVE_DT, BUY_DT, TMP_LH, VENDOR, CHARGE, BUY_TEL, PRODUCT, MODEL_NO, COM_PORT, COM_SPEED, COM_DATABIT, COM_PARITYBIT, COM_STOPBIT, COM_HANDSHAK, COM_INPUTMOD, COM_DTR, COM_EOF, COM_NULDIS, COM_RTS, COM_ECHO, COM_IBS, COM_INLEN, COM_OBS, COM_PTR, COM_RTH, COM_STH FROM INTERFACE001 WHERE EQP_CD = 'ax2004'

         Date : 2004년 7월 13일 월요일

         Time : 오전 11:53:01
━━━━━━━━━━━━━━━━━━━━━━━━━━━━━━━━━━━━━━━━
        Procedure : frmInterface - Private Sub f_subGet_Setting()

     Error Source : MSComm

     Error Number : 8002

Error Description : 포트 번호가 잘못되었습니다.

             Date : 2004년 7월 13일 월요일

             Time : 오전 11:53:01
━━━━━━━━━━━━━━━━━━━━━━━━━━━━━━━━━━━━━━━━
        Procedure : frmInterface - Private Sub f_subSet_ItemList()

     Error Source : Microsoft JET Database Engine

     Error Number : -2147217865

Error Description : Microsoft Jet 데이터베이스 엔진에서 입력 테이블이나 'INTERFACE002' 쿼리를 찾을 수 없습니다. 테이블이나 쿼리가 있는지, 이름을 정확히 입력했는지를 확인하십시오.

             Date : 2004년 7월 13일 월요일

             Time : 오전 11:53:01
━━━━━━━━━━━━━━━━━━━━━━━━━━━━━━━━━━━━━━━━
    Procedure : clsCommon - Public Function Get_EqpProperty(ByVal strEqpCd As String) As ADODB.Recordset

 Error Number : -2147217865

  Description : Microsoft Jet 데이터베이스 엔진에서 입력 테이블이나 'INTERFACE001' 쿼리를 찾을 수 없습니다. 테이블이나 쿼리가 있는지, 이름을 정확히 입력했는지를 확인하십시오.

       Source : Microsoft JET Database Engine

    SQL State : 3078

 Native Error : -524420377

   SQL String : SELECT EQP_CD, EQP_NM, CALL_ID, STATION, WORK_ST, SAVE_DT, BUY_DT, TMP_LH, VENDOR, CHARGE, BUY_TEL, PRODUCT, MODEL_NO, COM_PORT, COM_SPEED, COM_DATABIT, COM_PARITYBIT, COM_STOPBIT, COM_HANDSHAK, COM_INPUTMOD, COM_DTR, COM_EOF, COM_NULDIS, COM_RTS, COM_ECHO, COM_IBS, COM_INLEN, COM_OBS, COM_PTR, COM_RTH, COM_STH FROM INTERFACE001 WHERE EQP_CD = 'ax2004'

         Date : 2004년 7월 13일 월요일

         Time : 오전 11:53:01
━━━━━━━━━━━━━━━━━━━━━━━━━━━━━━━━━━━━━━━━
        Procedure : frmInterface - Private Sub f_subGet_Setting()

     Error Source : MSComm

     Error Number : 8002

Error Description : 포트 번호가 잘못되었습니다.

             Date : 2004년 7월 13일 월요일

             Time : 오전 11:53:01
━━━━━━━━━━━━━━━━━━━━━━━━━━━━━━━━━━━━━━━━
        Procedure : frmInterface - Private Sub f_subSet_ItemList()

     Error Source : Microsoft JET Database Engine

     Error Number : -2147217865

Error Description : Microsoft Jet 데이터베이스 엔진에서 입력 테이블이나 'INTERFACE002' 쿼리를 찾을 수 없습니다. 테이블이나 쿼리가 있는지, 이름을 정확히 입력했는지를 확인하십시오.

             Date : 2004년 7월 13일 월요일

             Time : 오전 11:53:01
━━━━━━━━━━━━━━━━━━━━━━━━━━━━━━━━━━━━━━━━
    Procedure : clsCommon - Public Function Get_EqpProperty(ByVal strEqpCd As String) As ADODB.Recordset

 Error Number : -2147217865

  Description : Microsoft Jet 데이터베이스 엔진에서 입력 테이블이나 'INTERFACE001' 쿼리를 찾을 수 없습니다. 테이블이나 쿼리가 있는지, 이름을 정확히 입력했는지를 확인하십시오.

       Source : Microsoft JET Database Engine

    SQL State : 3078

 Native Error : -524420377

   SQL String : SELECT EQP_CD, EQP_NM, CALL_ID, STATION, WORK_ST, SAVE_DT, BUY_DT, TMP_LH, VENDOR, CHARGE, BUY_TEL, PRODUCT, MODEL_NO, COM_PORT, COM_SPEED, COM_DATABIT, COM_PARITYBIT, COM_STOPBIT, COM_HANDSHAK, COM_INPUTMOD, COM_DTR, COM_EOF, COM_NULDIS, COM_RTS, COM_ECHO, COM_IBS, COM_INLEN, COM_OBS, COM_PTR, COM_RTH, COM_STH FROM INTERFACE001 WHERE EQP_CD = 'ax2004'

         Date : 2004년 7월 13일 월요일

         Time : 오전 11:53:01
━━━━━━━━━━━━━━━━━━━━━━━━━━━━━━━━━━━━━━━━
        Procedure : frmInterface - Private Sub f_subGet_Setting()

     Error Source : MSComm

     Error Number : 8002

Error Description : 포트 번호가 잘못되었습니다.

             Date : 2004년 7월 13일 월요일

             Time : 오전 11:53:02
━━━━━━━━━━━━━━━━━━━━━━━━━━━━━━━━━━━━━━━━
        Procedure : frmInterface - Private Sub f_subSet_ItemList()

     Error Source : Microsoft JET Database Engine

     Error Number : -2147217865

Error Description : Microsoft Jet 데이터베이스 엔진에서 입력 테이블이나 'INTERFACE002' 쿼리를 찾을 수 없습니다. 테이블이나 쿼리가 있는지, 이름을 정확히 입력했는지를 확인하십시오.

             Date : 2004년 7월 13일 월요일

             Time : 오전 11:53:02
━━━━━━━━━━━━━━━━━━━━━━━━━━━━━━━━━━━━━━━━
    Procedure : clsCommon - Public Function Get_EqpProperty(ByVal strEqpCd As String) As ADODB.Recordset

 Error Number : -2147217865

  Description : Microsoft Jet 데이터베이스 엔진에서 입력 테이블이나 'INTERFACE001' 쿼리를 찾을 수 없습니다. 테이블이나 쿼리가 있는지, 이름을 정확히 입력했는지를 확인하십시오.

       Source : Microsoft JET Database Engine

    SQL State : 3078

 Native Error : -524420377

   SQL String : SELECT EQP_CD, EQP_NM, CALL_ID, STATION, WORK_ST, SAVE_DT, BUY_DT, TMP_LH, VENDOR, CHARGE, BUY_TEL, PRODUCT, MODEL_NO, COM_PORT, COM_SPEED, COM_DATABIT, COM_PARITYBIT, COM_STOPBIT, COM_HANDSHAK, COM_INPUTMOD, COM_DTR, COM_EOF, COM_NULDIS, COM_RTS, COM_ECHO, COM_IBS, COM_INLEN, COM_OBS, COM_PTR, COM_RTH, COM_STH FROM INTERFACE001 WHERE EQP_CD = 'ax2004'

         Date : 2004년 7월 13일 월요일

         Time : 오전 11:53:02
━━━━━━━━━━━━━━━━━━━━━━━━━━━━━━━━━━━━━━━━
        Procedure : frmInterface - Private Sub f_subGet_Setting()

     Error Source : MSComm

     Error Number : 8002

Error Description : 포트 번호가 잘못되었습니다.

             Date : 2004년 7월 13일 월요일

             Time : 오전 11:53:02
━━━━━━━━━━━━━━━━━━━━━━━━━━━━━━━━━━━━━━━━
        Procedure : frmInterface - Private Sub f_subSet_ItemList()

     Error Source : Microsoft JET Database Engine

     Error Number : -2147217865

Error Description : Microsoft Jet 데이터베이스 엔진에서 입력 테이블이나 'INTERFACE002' 쿼리를 찾을 수 없습니다. 테이블이나 쿼리가 있는지, 이름을 정확히 입력했는지를 확인하십시오.

             Date : 2004년 7월 13일 월요일

             Time : 오전 11:53:02
━━━━━━━━━━━━━━━━━━━━━━━━━━━━━━━━━━━━━━━━
    Procedure : clsCommon - Public Function Get_EqpProperty(ByVal strEqpCd As String) As ADODB.Recordset

 Error Number : -2147217865

  Description : Microsoft Jet 데이터베이스 엔진에서 입력 테이블이나 'INTERFACE001' 쿼리를 찾을 수 없습니다. 테이블이나 쿼리가 있는지, 이름을 정확히 입력했는지를 확인하십시오.

       Source : Microsoft JET Database Engine

    SQL State : 3078

 Native Error : -524420377

   SQL String : SELECT EQP_CD, EQP_NM, CALL_ID, STATION, WORK_ST, SAVE_DT, BUY_DT, TMP_LH, VENDOR, CHARGE, BUY_TEL, PRODUCT, MODEL_NO, COM_PORT, COM_SPEED, COM_DATABIT, COM_PARITYBIT, COM_STOPBIT, COM_HANDSHAK, COM_INPUTMOD, COM_DTR, COM_EOF, COM_NULDIS, COM_RTS, COM_ECHO, COM_IBS, COM_INLEN, COM_OBS, COM_PTR, COM_RTH, COM_STH FROM INTERFACE001 WHERE EQP_CD = 'ax2004'

         Date : 2004년 7월 13일 월요일

         Time : 오전 11:53:02
━━━━━━━━━━━━━━━━━━━━━━━━━━━━━━━━━━━━━━━━
        Procedure : frmInterface - Private Sub f_subGet_Setting()

     Error Source : MSComm

     Error Number : 8002

Error Description : 포트 번호가 잘못되었습니다.

             Date : 2004년 7월 13일 월요일

             Time : 오전 11:53:02
━━━━━━━━━━━━━━━━━━━━━━━━━━━━━━━━━━━━━━━━
        Procedure : frmInterface - Private Sub f_subSet_ItemList()

     Error Source : Microsoft JET Database Engine

     Error Number : -2147217865

Error Description : Microsoft Jet 데이터베이스 엔진에서 입력 테이블이나 'INTERFACE002' 쿼리를 찾을 수 없습니다. 테이블이나 쿼리가 있는지, 이름을 정확히 입력했는지를 확인하십시오.

             Date : 2004년 7월 13일 월요일

             Time : 오전 11:53:02
━━━━━━━━━━━━━━━━━━━━━━━━━━━━━━━━━━━━━━━━
    Procedure : clsCommon - Public Function Get_EqpProperty(ByVal strEqpCd As String) As ADODB.Recordset

 Error Number : -2147217865

  Description : Microsoft Jet 데이터베이스 엔진에서 입력 테이블이나 'INTERFACE001' 쿼리를 찾을 수 없습니다. 테이블이나 쿼리가 있는지, 이름을 정확히 입력했는지를 확인하십시오.

       Source : Microsoft JET Database Engine

    SQL State : 3078

 Native Error : -524420377

   SQL String : SELECT EQP_CD, EQP_NM, CALL_ID, STATION, WORK_ST, SAVE_DT, BUY_DT, TMP_LH, VENDOR, CHARGE, BUY_TEL, PRODUCT, MODEL_NO, COM_PORT, COM_SPEED, COM_DATABIT, COM_PARITYBIT, COM_STOPBIT, COM_HANDSHAK, COM_INPUTMOD, COM_DTR, COM_EOF, COM_NULDIS, COM_RTS, COM_ECHO, COM_IBS, COM_INLEN, COM_OBS, COM_PTR, COM_RTH, COM_STH FROM INTERFACE001 WHERE EQP_CD = 'ax2004'

         Date : 2004년 7월 13일 월요일

         Time : 오전 11:53:02
━━━━━━━━━━━━━━━━━━━━━━━━━━━━━━━━━━━━━━━━
        Procedure : frmInterface - Private Sub f_subGet_Setting()

     Error Source : MSComm

     Error Number : 8002

Error Description : 포트 번호가 잘못되었습니다.

             Date : 2004년 7월 13일 월요일

             Time : 오전 11:53:02
━━━━━━━━━━━━━━━━━━━━━━━━━━━━━━━━━━━━━━━━
        Procedure : frmInterface - Private Sub f_subSet_ItemList()

     Error Source : Microsoft JET Database Engine

     Error Number : -2147217865

Error Description : Microsoft Jet 데이터베이스 엔진에서 입력 테이블이나 'INTERFACE002' 쿼리를 찾을 수 없습니다. 테이블이나 쿼리가 있는지, 이름을 정확히 입력했는지를 확인하십시오.

             Date : 2004년 7월 13일 월요일

             Time : 오전 11:53:02
━━━━━━━━━━━━━━━━━━━━━━━━━━━━━━━━━━━━━━━━
