        Procedure : frmInterface - Private Sub f_subSet_ItemList()

     Error Source : ADODB.Fields

     Error Number : 3265

Error Description : 蹂羶и 檜葷 傳朝 憮熱縑 п渡ж朝 鏽滓暮縑憮 о跡擊 瓊擊 熱 橈蝗棲棻.

             Date : 2004喇 5錯 4橾 錯蹂橾

             Time : 螃瞪 9:15:14
收收收收收收收收收收收收收收收收收收收收收收收收收收收收收收收收收收收收收收收收
        Procedure : frmInterface - Private Sub f_subSet_ItemList()

     Error Source : ADODB.Fields

     Error Number : 3265

Error Description : 蹂羶и 檜葷 傳朝 憮熱縑 п渡ж朝 鏽滓暮縑憮 о跡擊 瓊擊 熱 橈蝗棲棻.

             Date : 2004喇 5錯 4橾 錯蹂橾

             Time : 螃瞪 9:15:30
收收收收收收收收收收收收收收收收收收收收收收收收收收收收收收收收收收收收收收收收
        Procedure : frmInterface - Private Sub f_subSet_ItemList()

     Error Source : ADODB.Fields

     Error Number : 3265

Error Description : 蹂羶и 檜葷 傳朝 憮熱縑 п渡ж朝 鏽滓暮縑憮 о跡擊 瓊擊 熱 橈蝗棲棻.

             Date : 2004喇 5錯 4橾 錯蹂橾

             Time : 螃瞪 9:16:51
收收收收收收收收收收收收收收收收收收收收收收收收收收收收收收收收收收收收收收收收
        Procedure : frmInterface - Private Sub f_subSet_ItemList()

     Error Source : ADODB.Fields

     Error Number : 3265

Error Description : 蹂羶и 檜葷 傳朝 憮熱縑 п渡ж朝 鏽滓暮縑憮 о跡擊 瓊擊 熱 橈蝗棲棻.

             Date : 2004喇 5錯 4橾 錯蹂橾

             Time : 螃瞪 9:17:21
收收收收收收收收收收收收收收收收收收收收收收收收收收收收收收收收收收收收收收收收
        Procedure : frmComm - Private Sub cmdAppend_Click()

     Error Source : Microsoft JET Database Engine

     Error Number : -2147467259

Error Description : 檣策蝶, 晦獄 酈 傳朝 婦啗縑憮 醞犒脹 高擊 虜菟歷晦 陽僥縑 纔檜綰縑 蹂羶脹 滲唳 餌о檜 瞳辨腎雖 彊懊蝗棲棻. в萄曖 等檜攪 傳朝 醞犒 等檜攪陛 氈朝 в萄蒂 滲唳ж剪釭 檣策蝶蒂 薯剪ж剪釭 醞犒檜 陛棟и 檣策蝶煎 棻衛 薑曖ж罹 棻衛 衛紫ж褊衛螃.

             Date : 2004喇 5錯 4橾 錯蹂橾

             Time : 螃瞪 9:41:23
收收收收收收收收收收收收收收收收收收收收收收收收收收收收收收收收收收收收收收收收
        Procedure : clsCommon - Public Function f_subSet_DateOrder() As ADODB.Recordset

     Error Source : AXSYM

     Error Number : 91

Error Description : 偃羹 滲熱 傳朝 With 僥曖 滲熱陛 撲薑腎橫 氈雖 彊蝗棲棻.

             Date : 2004喇 5錯 4橾 錯蹂橾

             Time : 螃瞪 9:41:28
收收收收收收收收收收收收收收收收收收收收收收收收收收收收收收收收收收收收收收收收
        Procedure : clsCommon - Public Function f_subSet_DateOrder() As ADODB.Recordset

     Error Source : AXSYM

     Error Number : 91

Error Description : 偃羹 滲熱 傳朝 With 僥曖 滲熱陛 撲薑腎橫 氈雖 彊蝗棲棻.

             Date : 2004喇 5錯 4橾 錯蹂橾

             Time : 螃瞪 9:41:30
收收收收收收收收收收收收收收收收收收收收收收收收收收收收收收收收收收收收收收收收
        Procedure : frmComm - Private Sub cmdAppend_Click()

     Error Source : Microsoft JET Database Engine

     Error Number : -2147217900

Error Description : '''        AUTOMSG  = 'Free_T4陛 薑鼻纂爾棻 雪蝗棲棻.CA 125陛 薑鼻纂爾棻 堪蝗棲棻.'' 蘭葬衝曖 翱骯濠陛 橈朝 掘僥 螃盟殮棲棻.

             Date : 2004喇 5錯 4橾 錯蹂橾

             Time : 螃瞪 9:43:45
收收收收收收收收收收收收收收收收收收收收收收收收收收收收收收收收收收收收收收收收
        Procedure : clsCommon - Public Function f_subSet_DateOrder() As ADODB.Recordset

     Error Source : AXSYM

     Error Number : 91

Error Description : 偃羹 滲熱 傳朝 With 僥曖 滲熱陛 撲薑腎橫 氈雖 彊蝗棲棻.

             Date : 2004喇 5錯 4橾 錯蹂橾

             Time : 螃瞪 9:44:45
收收收收收收收收收收收收收收收收收收收收收收收收收收收收收收收收收收收收收收收收
        Procedure : clsCommon - Public Function f_subSet_DateOrder() As ADODB.Recordset

     Error Source : AXSYM

     Error Number : 91

Error Description : 偃羹 滲熱 傳朝 With 僥曖 滲熱陛 撲薑腎橫 氈雖 彊蝗棲棻.

             Date : 2004喇 5錯 4橾 錯蹂橾

             Time : 螃瞪 9:44:47
收收收收收收收收收收收收收收收收收收收收收收收收收收收收收收收收收收收收收收收收
        Procedure : clsCommon - Public Function f_subSet_DateOrder() As ADODB.Recordset

     Error Source : AXSYM

     Error Number : 91

Error Description : 偃羹 滲熱 傳朝 With 僥曖 滲熱陛 撲薑腎橫 氈雖 彊蝗棲棻.

             Date : 2004喇 5錯 4橾 錯蹂橾

             Time : 螃瞪 9:44:59
收收收收收收收收收收收收收收收收收收收收收收收收收收收收收收收收收收收收收收收收
        Procedure : clsCommon - Public Function f_subSet_DateOrder() As ADODB.Recordset

     Error Source : AXSYM

     Error Number : 91

Error Description : 偃羹 滲熱 傳朝 With 僥曖 滲熱陛 撲薑腎橫 氈雖 彊蝗棲棻.

             Date : 2004喇 5錯 4橾 錯蹂橾

             Time : 螃瞪 9:45:00
收收收收收收收收收收收收收收收收收收收收收收收收收收收收收收收收收收收收收收收收
        Procedure : clsCommon - Public Function f_subSet_DateOrder() As ADODB.Recordset

     Error Source : AXSYM

     Error Number : 91

Error Description : 偃羹 滲熱 傳朝 With 僥曖 滲熱陛 撲薑腎橫 氈雖 彊蝗棲棻.

             Date : 2004喇 5錯 4橾 錯蹂橾

             Time : 螃瞪 9:45:16
收收收收收收收收收收收收收收收收收收收收收收收收收收收收收收收收收收收收收收收收
        Procedure : clsCommon - Public Function f_subSet_DateOrder() As ADODB.Recordset

     Error Source : AXSYM

     Error Number : 91

Error Description : 偃羹 滲熱 傳朝 With 僥曖 滲熱陛 撲薑腎橫 氈雖 彊蝗棲棻.

             Date : 2004喇 5錯 4橾 錯蹂橾

             Time : 螃瞪 9:45:17
收收收收收收收收收收收收收收收收收收收收收收收收收收收收收收收收收收收收收收收收
        Procedure : frmInterface - Private Sub f_subSet_ItemList()

     Error Source : Microsoft JET Database Engine

     Error Number : -2147217904

Error Description : в蹂и 衙偃 滲熱 醞 и 偃 檜鼻縑 高檜 輿橫雖雖 彊懊蝗棲棻.

             Date : 2004喇 5錯 4橾 錯蹂橾

             Time : 螃瞪 9:50:03
收收收收收收收收收收收收收收收收收收收收收收收收收收收收收收收收收收收收收收收收
        Procedure : frmInterface - Private Sub f_subSet_ItemList()

     Error Source : Microsoft JET Database Engine

     Error Number : -2147217904

Error Description : в蹂и 衙偃 滲熱 醞 и 偃 檜鼻縑 高檜 輿橫雖雖 彊懊蝗棲棻.

             Date : 2004喇 5錯 4橾 錯蹂橾

             Time : 螃瞪 9:50:31
收收收收收收收收收收收收收收收收收收收收收收收收收收收收收收收收收收收收收收收收
        Procedure : frmInterface - Private Sub f_subSet_ItemList()

     Error Source : Microsoft JET Database Engine

     Error Number : -2147217904

Error Description : в蹂и 衙偃 滲熱 醞 и 偃 檜鼻縑 高檜 輿橫雖雖 彊懊蝗棲棻.

             Date : 2004喇 5錯 4橾 錯蹂橾

             Time : 螃瞪 9:50:36
收收收收收收收收收收收收收收收收收收收收收收收收收收收收收收收收收收收收收收收收
        Procedure : frmInterface - Private Sub f_subSet_ItemList()

     Error Source : Microsoft JET Database Engine

     Error Number : -2147217904

Error Description : в蹂и 衙偃 滲熱 醞 и 偃 檜鼻縑 高檜 輿橫雖雖 彊懊蝗棲棻.

             Date : 2004喇 5錯 4橾 錯蹂橾

             Time : 螃瞪 9:50:53
收收收收收收收收收收收收收收收收收收收收收收收收收收收收收收收收收收收收收收收收
        Procedure : frmInterface - Private Sub f_subSet_ItemList()

     Error Source : Microsoft JET Database Engine

     Error Number : -2147217904

Error Description : в蹂и 衙偃 滲熱 醞 и 偃 檜鼻縑 高檜 輿橫雖雖 彊懊蝗棲棻.

             Date : 2004喇 5錯 4橾 錯蹂橾

             Time : 螃瞪 9:51:23
收收收收收收收收收收收收收收收收收收收收收收收收收收收收收收收收收收收收收收收收
        Procedure : frmInterface - Private Sub f_subSet_ItemList()

     Error Source : Microsoft JET Database Engine

     Error Number : -2147217904

Error Description : в蹂и 衙偃 滲熱 醞 и 偃 檜鼻縑 高檜 輿橫雖雖 彊懊蝗棲棻.

             Date : 2004喇 5錯 4橾 錯蹂橾

             Time : 螃瞪 9:52:30
收收收收收收收收收收收收收收收收收收收收收收收收收收收收收收收收收收收收收收收收
        Procedure : clsCommon - Public Function f_subSet_DateOrder() As ADODB.Recordset

     Error Source : AXSYM

     Error Number : 91

Error Description : 偃羹 滲熱 傳朝 With 僥曖 滲熱陛 撲薑腎橫 氈雖 彊蝗棲棻.

             Date : 2004喇 5錯 4橾 錯蹂橾

             Time : 螃瞪 10:00:48
收收收收收收收收收收收收收收收收收收收收收收收收收收收收收收收收收收收收收收收收
        Procedure : clsCommon - Public Function f_subSet_DateOrder() As ADODB.Recordset

     Error Source : AXSYM

     Error Number : 91

Error Description : 偃羹 滲熱 傳朝 With 僥曖 滲熱陛 撲薑腎橫 氈雖 彊蝗棲棻.

             Date : 2004喇 5錯 4橾 錯蹂橾

             Time : 螃瞪 10:00:49
收收收收收收收收收收收收收收收收收收收收收收收收收收收收收收收收收收收收收收收收
        Procedure : clsCommon - Public Function f_subSet_DateOrder() As ADODB.Recordset

     Error Source : AXSYM

     Error Number : 91

Error Description : 偃羹 滲熱 傳朝 With 僥曖 滲熱陛 撲薑腎橫 氈雖 彊蝗棲棻.

             Date : 2004喇 5錯 4橾 錯蹂橾

             Time : 螃瞪 10:25:20
收收收收收收收收收收收收收收收收收收收收收收收收收收收收收收收收收收收收收收收收
        Procedure : clsCommon - Public Function f_subSet_DateOrder() As ADODB.Recordset

     Error Source : AXSYM

     Error Number : 91

Error Description : 偃羹 滲熱 傳朝 With 僥曖 滲熱陛 撲薑腎橫 氈雖 彊蝗棲棻.

             Date : 2004喇 5錯 4橾 錯蹂橾

             Time : 螃瞪 10:25:23
收收收收收收收收收收收收收收收收收收收收收收收收收收收收收收收收收收收收收收收收
