        Procedure : frmInterface - Private Sub cmdRun()

     Error Source : MSComm

     Error Number : 8002

Error Description : 포트 번호가 잘못되었습니다.

             Date : 2004년 4월 29일 월요일

             Time : 오후 3:05:27
━━━━━━━━━━━━━━━━━━━━━━━━━━━━━━━━━━━━━━━━
        Procedure : frmInterface - Private Sub cmdRun()

     Error Source : MSComm

     Error Number : 8002

Error Description : 포트 번호가 잘못되었습니다.

             Date : 2004년 4월 29일 월요일

             Time : 오후 3:26:22
━━━━━━━━━━━━━━━━━━━━━━━━━━━━━━━━━━━━━━━━
        Procedure : frmInterface - Private Sub cmdRun()

     Error Source : MSComm

     Error Number : 8002

Error Description : 포트 번호가 잘못되었습니다.

             Date : 2004년 4월 29일 월요일

             Time : 오후 3:27:31
━━━━━━━━━━━━━━━━━━━━━━━━━━━━━━━━━━━━━━━━
        Procedure : frmInterface - Private Sub cmdRun()

     Error Source : MSComm

     Error Number : 8002

Error Description : 포트 번호가 잘못되었습니다.

             Date : 2004년 4월 29일 월요일

             Time : 오후 3:39:37
━━━━━━━━━━━━━━━━━━━━━━━━━━━━━━━━━━━━━━━━
        Procedure : frmInterface - Private Sub cmdRun()

     Error Source : MSComm

     Error Number : 8002

Error Description : 포트 번호가 잘못되었습니다.

             Date : 2004년 4월 29일 월요일

             Time : 오후 3:44:42
━━━━━━━━━━━━━━━━━━━━━━━━━━━━━━━━━━━━━━━━
        Procedure : frmInterface - Private Sub cmdRun()

     Error Source : MSComm

     Error Number : 8002

Error Description : 포트 번호가 잘못되었습니다.

             Date : 2004년 4월 29일 월요일

             Time : 오후 3:57:15
━━━━━━━━━━━━━━━━━━━━━━━━━━━━━━━━━━━━━━━━
        Procedure : frmInterface - Private Sub cmdRun()

     Error Source : MSComm

     Error Number : 8002

Error Description : 포트 번호가 잘못되었습니다.

             Date : 2004년 4월 29일 월요일

             Time : 오후 3:57:50
━━━━━━━━━━━━━━━━━━━━━━━━━━━━━━━━━━━━━━━━
        Procedure : frmInterface - Private Sub cmdRun()

     Error Source : MSComm

     Error Number : 8002

Error Description : 포트 번호가 잘못되었습니다.

             Date : 2004년 4월 29일 월요일

             Time : 오후 3:58:17
━━━━━━━━━━━━━━━━━━━━━━━━━━━━━━━━━━━━━━━━
        Procedure : frmInterface - Private Sub cmdRun()

     Error Source : MSComm

     Error Number : 8002

Error Description : 포트 번호가 잘못되었습니다.

             Date : 2004년 4월 29일 월요일

             Time : 오후 4:02:45
━━━━━━━━━━━━━━━━━━━━━━━━━━━━━━━━━━━━━━━━
        Procedure : frmInterface - Private Sub cmdRun()

     Error Source : MSComm

     Error Number : 8002

Error Description : 포트 번호가 잘못되었습니다.

             Date : 2004년 4월 29일 월요일

             Time : 오후 4:04:06
━━━━━━━━━━━━━━━━━━━━━━━━━━━━━━━━━━━━━━━━
        Procedure : frmInterface - Private Sub cmdRun()

     Error Source : MSComm

     Error Number : 8002

Error Description : 포트 번호가 잘못되었습니다.

             Date : 2004년 4월 29일 월요일

             Time : 오후 4:54:08
━━━━━━━━━━━━━━━━━━━━━━━━━━━━━━━━━━━━━━━━
        Procedure : frmInterface - Private Sub cmdRun()

     Error Source : MSComm

     Error Number : 8002

Error Description : 포트 번호가 잘못되었습니다.

             Date : 2004년 4월 29일 월요일

             Time : 오후 5:07:36
━━━━━━━━━━━━━━━━━━━━━━━━━━━━━━━━━━━━━━━━
        Procedure : frmInterface - Private Sub cmdRun()

     Error Source : MSComm

     Error Number : 8002

Error Description : 포트 번호가 잘못되었습니다.

             Date : 2004년 4월 29일 월요일

             Time : 오후 5:17:34
━━━━━━━━━━━━━━━━━━━━━━━━━━━━━━━━━━━━━━━━
        Procedure : frmInterface - Private Sub cmdRun()

     Error Source : MSComm

     Error Number : 8002

Error Description : 포트 번호가 잘못되었습니다.

             Date : 2004년 4월 29일 월요일

             Time : 오후 5:26:13
━━━━━━━━━━━━━━━━━━━━━━━━━━━━━━━━━━━━━━━━
