

***********************************************************************
Fatal NI connect error 12560, connecting to:
 (DESCRIPTION=(ADDRESS=(PROTOCOL=BEQ)(PROGRAM=oracle)(ARGV0=oracleORCL)(ARGS='(DESCRIPTION=(LOCAL=YES)(ADDRESS=(PROTOCOL=beq)))'))(CONNECT_DATA=(SID=ORCL)(CID=(PROGRAM=C:\Program Files\Microsoft Visual Studio\VB98\vb6.exe)(HOST=LOWMAN-PC)(USER=Lowman))))

  VERSION INFORMATION:
	TNS for 32-bit Windows: Version 9.2.0.1.0 - Production
	Oracle Bequeath NT Protocol Adapter for 32-bit Windows: Version 9.2.0.1.0 - Production
  Time: 05-OCT-2010 11:27:58
  Tracing not turned on.
  Tns error struct:
    nr err code: 0
    ns main err code: 12560
    TNS-12560: TNS:프로토콜 어댑터 오류
    ns secondary err code: 0
    nt main err code: 530
    TNS-00530: 프로토콜 어댑터 오류입니다
    nt secondary err code: 126
    nt OS err code: 0


***********************************************************************
Fatal NI connect error 12560, connecting to:
 (DESCRIPTION=(ADDRESS=(PROTOCOL=BEQ)(PROGRAM=oracle)(ARGV0=oracleORCL)(ARGS='(DESCRIPTION=(LOCAL=YES)(ADDRESS=(PROTOCOL=beq)))'))(CONNECT_DATA=(SID=ORCL)(CID=(PROGRAM=C:\Program Files\Microsoft Visual Studio\VB98\vb6.exe)(HOST=LOWMAN-PC)(USER=Lowman))))

  VERSION INFORMATION:
	TNS for 32-bit Windows: Version 9.2.0.1.0 - Production
	Oracle Bequeath NT Protocol Adapter for 32-bit Windows: Version 9.2.0.1.0 - Production
  Time: 05-OCT-2010 11:27:58
  Tracing not turned on.
  Tns error struct:
    nr err code: 0
    ns main err code: 12560
    TNS-12560: TNS:프로토콜 어댑터 오류
    ns secondary err code: 0
    nt main err code: 530
    TNS-00530: 프로토콜 어댑터 오류입니다
    nt secondary err code: 126
    nt OS err code: 0


***********************************************************************
Fatal NI connect error 12560, connecting to:
 (DESCRIPTION=(ADDRESS=(PROTOCOL=BEQ)(PROGRAM=oracle)(ARGV0=oracleORCL)(ARGS='(DESCRIPTION=(LOCAL=YES)(ADDRESS=(PROTOCOL=beq)))'))(CONNECT_DATA=(SID=ORCL)(CID=(PROGRAM=C:\Program Files\Microsoft Visual Studio\VB98\vb6.exe)(HOST=LOWMAN-PC)(USER=Lowman))))

  VERSION INFORMATION:
	TNS for 32-bit Windows: Version 9.2.0.1.0 - Production
	Oracle Bequeath NT Protocol Adapter for 32-bit Windows: Version 9.2.0.1.0 - Production
  Time: 05-OCT-2010 11:28:58
  Tracing not turned on.
  Tns error struct:
    nr err code: 0
    ns main err code: 12560
    TNS-12560: TNS:프로토콜 어댑터 오류
    ns secondary err code: 0
    nt main err code: 530
    TNS-00530: 프로토콜 어댑터 오류입니다
    nt secondary err code: 126
    nt OS err code: 0


***********************************************************************
Fatal NI connect error 12560, connecting to:
 (DESCRIPTION=(ADDRESS=(PROTOCOL=BEQ)(PROGRAM=oracle)(ARGV0=oracleORCL)(ARGS='(DESCRIPTION=(LOCAL=YES)(ADDRESS=(PROTOCOL=beq)))'))(CONNECT_DATA=(SID=ORCL)(CID=(PROGRAM=C:\Program Files\Microsoft Visual Studio\VB98\vb6.exe)(HOST=LOWMAN-PC)(USER=Lowman))))

  VERSION INFORMATION:
	TNS for 32-bit Windows: Version 9.2.0.1.0 - Production
	Oracle Bequeath NT Protocol Adapter for 32-bit Windows: Version 9.2.0.1.0 - Production
  Time: 05-OCT-2010 11:28:58
  Tracing not turned on.
  Tns error struct:
    nr err code: 0
    ns main err code: 12560
    TNS-12560: TNS:프로토콜 어댑터 오류
    ns secondary err code: 0
    nt main err code: 530
    TNS-00530: 프로토콜 어댑터 오류입니다
    nt secondary err code: 126
    nt OS err code: 0
