        Procedure : frmInterface - Private Sub cmdRun()

     Error Source : MSComm

     Error Number : 8005

Error Description : 포트가 이미 열려 있습니다.

             Date : 2008년 2월 15일 월요일

             Time : 오후 3:39:55
━━━━━━━━━━━━━━━━━━━━━━━━━━━━━━━━━━━━━━━━
        Procedure : clsCommon - Public Function f_subSet_DateOrder() As ADODB.Recordset

     Error Source : Microsoft OLE DB Provider for SQL Server

     Error Number : -2147217900

Error Description : 저장 프로시저 'Interface_WorkListStep_SELECT_sp'을(를) 찾을 수 없습니다.

             Date : 2008년 2월 15일 월요일

             Time : 오후 3:39:57
━━━━━━━━━━━━━━━━━━━━━━━━━━━━━━━━━━━━━━━━
        Procedure : frmInterface - Private Sub cmdRun()

     Error Source : MSComm

     Error Number : 8005

Error Description : 포트가 이미 열려 있습니다.

             Date : 2008년 2월 15일 월요일

             Time : 오후 3:41:22
━━━━━━━━━━━━━━━━━━━━━━━━━━━━━━━━━━━━━━━━
        Procedure : clsCommon - Public Function f_subSet_WorkList() As ADODB.Recordset

     Error Source : Microsoft OLE DB Provider for SQL Server

     Error Number : -2147217911

Error Description : 개체 'AP_INF_Order', 데이터베이스 'NEOEMR', 스키마 'dbo'에 대한 EXECUTE 사용 권한이 거부되었습니다.

             Date : 2008년 2월 15일 월요일

             Time : 오후 3:41:25
━━━━━━━━━━━━━━━━━━━━━━━━━━━━━━━━━━━━━━━━
        Procedure : clsCommon - Public Function f_subSet_WorkList() As ADODB.Recordset

     Error Source : ACL7000

     Error Number : 424

Error Description : 개체가 필요합니다.

             Date : 2008년 2월 15일 월요일

             Time : 오후 3:41:34
━━━━━━━━━━━━━━━━━━━━━━━━━━━━━━━━━━━━━━━━
        Procedure : clsCommon - Public Function f_subSet_WorkList() As ADODB.Recordset

     Error Source : Microsoft OLE DB Provider for SQL Server

     Error Number : -2147217911

Error Description : 개체 'AP_INF_Order', 데이터베이스 'NEOEMR', 스키마 'dbo'에 대한 EXECUTE 사용 권한이 거부되었습니다.

             Date : 2008년 2월 15일 월요일

             Time : 오후 3:42:02
━━━━━━━━━━━━━━━━━━━━━━━━━━━━━━━━━━━━━━━━
        Procedure : clsCommon - Public Function f_subSet_WorkList() As ADODB.Recordset

     Error Source : ACL7000

     Error Number : 424

Error Description : 개체가 필요합니다.

             Date : 2008년 2월 15일 월요일

             Time : 오후 3:42:07
━━━━━━━━━━━━━━━━━━━━━━━━━━━━━━━━━━━━━━━━
        Procedure : clsCommon - Public Function f_subSet_WorkList() As ADODB.Recordset

     Error Source : Microsoft OLE DB Provider for SQL Server

     Error Number : -2147217911

Error Description : 개체 'AP_INF_Order', 데이터베이스 'NEOEMR', 스키마 'dbo'에 대한 EXECUTE 사용 권한이 거부되었습니다.

             Date : 2008년 2월 15일 월요일

             Time : 오후 3:43:05
━━━━━━━━━━━━━━━━━━━━━━━━━━━━━━━━━━━━━━━━
        Procedure : clsCommon - Public Function f_subSet_WorkList() As ADODB.Recordset

     Error Source : ACL7000

     Error Number : 424

Error Description : 개체가 필요합니다.

             Date : 2008년 2월 15일 월요일

             Time : 오후 3:43:06
━━━━━━━━━━━━━━━━━━━━━━━━━━━━━━━━━━━━━━━━
        Procedure : clsCommon - Public Function f_subSet_WorkList() As ADODB.Recordset

     Error Source : Microsoft OLE DB Provider for SQL Server

     Error Number : -2147217911

Error Description : 개체 'AP_INF_Order', 데이터베이스 'NEOEMR', 스키마 'dbo'에 대한 EXECUTE 사용 권한이 거부되었습니다.

             Date : 2008년 2월 15일 월요일

             Time : 오후 3:43:08
━━━━━━━━━━━━━━━━━━━━━━━━━━━━━━━━━━━━━━━━
        Procedure : clsCommon - Public Function f_subSet_WorkList() As ADODB.Recordset

     Error Source : ACL7000

     Error Number : 424

Error Description : 개체가 필요합니다.

             Date : 2008년 2월 15일 월요일

             Time : 오후 3:43:11
━━━━━━━━━━━━━━━━━━━━━━━━━━━━━━━━━━━━━━━━
        Procedure : frmInterface - Private Sub cmdRun()

     Error Source : MSComm

     Error Number : 8005

Error Description : 포트가 이미 열려 있습니다.

             Date : 2008년 2월 15일 월요일

             Time : 오후 4:07:07
━━━━━━━━━━━━━━━━━━━━━━━━━━━━━━━━━━━━━━━━
        Procedure : frmInterface - Private Sub cmdRun()

     Error Source : MSComm

     Error Number : 8005

Error Description : 포트가 이미 열려 있습니다.

             Date : 2008년 2월 15일 월요일

             Time : 오후 4:39:59
━━━━━━━━━━━━━━━━━━━━━━━━━━━━━━━━━━━━━━━━
        Procedure : clsCommon - Public Function f_subSet_TestList() As ADODB.Recordset

     Error Source : Microsoft OLE DB Provider for SQL Server

     Error Number : -2147217911

Error Description : 개체 'AP_INF_GetCoda', 데이터베이스 'NEOEMR', 스키마 'dbo'에 대한 EXECUTE 사용 권한이 거부되었습니다.

             Date : 2008년 2월 15일 월요일

             Time : 오후 5:05:29
━━━━━━━━━━━━━━━━━━━━━━━━━━━━━━━━━━━━━━━━
        Procedure : clsCommon - Public Function f_subSet_TestList() As ADODB.Recordset

     Error Source : ACL7000

     Error Number : 424

Error Description : 개체가 필요합니다.

             Date : 2008년 2월 15일 월요일

             Time : 오후 5:05:31
━━━━━━━━━━━━━━━━━━━━━━━━━━━━━━━━━━━━━━━━
        Procedure : clsCommon - Public Function f_subSet_TestList() As ADODB.Recordset

     Error Source : Microsoft OLE DB Provider for SQL Server

     Error Number : -2147217911

Error Description : 개체 'AP_INF_GetCoda', 데이터베이스 'NEOEMR', 스키마 'dbo'에 대한 EXECUTE 사용 권한이 거부되었습니다.

             Date : 2008년 2월 15일 월요일

             Time : 오후 5:06:12
━━━━━━━━━━━━━━━━━━━━━━━━━━━━━━━━━━━━━━━━
        Procedure : frmInterface - Private Sub cmdRun()

     Error Source : MSComm

     Error Number : 8005

Error Description : 포트가 이미 열려 있습니다.

             Date : 2008년 2월 15일 월요일

             Time : 오후 6:40:55
━━━━━━━━━━━━━━━━━━━━━━━━━━━━━━━━━━━━━━━━
    Procedure : clsCommon - Public Function Get_TestItem() As ADODB.Recordset

 Error Number : -2147217865

  Description : 개체 이름 'SUBOR'이(가) 잘못되었습니다.

       Source : Microsoft OLE DB Provider for SQL Server

    SQL State : 42S02

 Native Error : 208

   SQL String : select distinct ORD_CODE, ORD_NAME as TESTNM, SPEC_CODE from SUBOR where PART in ('ER', 'GC', 'ID')

         Date : 2008년 2월 15일 월요일

         Time : 오후 6:41:04
━━━━━━━━━━━━━━━━━━━━━━━━━━━━━━━━━━━━━━━━
        Procedure : frmInterface - Private Sub cmdRun()

     Error Source : MSComm

     Error Number : 8005

Error Description : 포트가 이미 열려 있습니다.

             Date : 2008년 2월 15일 월요일

             Time : 오후 6:41:24
━━━━━━━━━━━━━━━━━━━━━━━━━━━━━━━━━━━━━━━━
    Procedure : clsCommon - Public Function Get_TestItem() As ADODB.Recordset

 Error Number : -2147217865

  Description : 개체 이름 'SUBOR'이(가) 잘못되었습니다.

       Source : Microsoft OLE DB Provider for SQL Server

    SQL State : 42S02

 Native Error : 208

   SQL String : select distinct ORD_CODE, ORD_NAME as TESTNM, SPEC_CODE from SUBOR where PART in ('ER', 'GC', 'ID')

         Date : 2008년 2월 15일 월요일

         Time : 오후 6:41:44
━━━━━━━━━━━━━━━━━━━━━━━━━━━━━━━━━━━━━━━━
        Procedure : frmInterface - Private Sub cmdRun()

     Error Source : MSComm

     Error Number : 8005

Error Description : 포트가 이미 열려 있습니다.

             Date : 2008년 2월 15일 월요일

             Time : 오후 6:44:54
━━━━━━━━━━━━━━━━━━━━━━━━━━━━━━━━━━━━━━━━
        Procedure : frmInterface - Private Sub cmdRun()

     Error Source : MSComm

     Error Number : 8005

Error Description : 포트가 이미 열려 있습니다.

             Date : 2008년 2월 15일 월요일

             Time : 오후 6:47:09
━━━━━━━━━━━━━━━━━━━━━━━━━━━━━━━━━━━━━━━━
        Procedure : frmInterface - Private Sub cmdRun()

     Error Source : MSComm

     Error Number : 8005

Error Description : 포트가 이미 열려 있습니다.

             Date : 2008년 2월 15일 월요일

             Time : 오후 6:47:15
━━━━━━━━━━━━━━━━━━━━━━━━━━━━━━━━━━━━━━━━
        Procedure : frmInterface - Private Sub cmdRun()

     Error Source : MSComm

     Error Number : 8005

Error Description : 포트가 이미 열려 있습니다.

             Date : 2008년 2월 15일 월요일

             Time : 오후 6:55:19
━━━━━━━━━━━━━━━━━━━━━━━━━━━━━━━━━━━━━━━━
        Procedure : frmInterface - Private Sub cmdRun()

     Error Source : MSComm

     Error Number : 8005

Error Description : 포트가 이미 열려 있습니다.

             Date : 2008년 2월 15일 월요일

             Time : 오후 6:58:00
━━━━━━━━━━━━━━━━━━━━━━━━━━━━━━━━━━━━━━━━
        Procedure : frmInterface - Private Sub cmdRun()

     Error Source : MSComm

     Error Number : 8005

Error Description : 포트가 이미 열려 있습니다.

             Date : 2008년 2월 15일 월요일

             Time : 오후 7:01:57
━━━━━━━━━━━━━━━━━━━━━━━━━━━━━━━━━━━━━━━━
        Procedure : frmTestEqp - Private Sub cmdSave()

     Error Source : Microsoft JET Database Engine

     Error Number : -2147217900

Error Description : 쿼리 값과 대상 필드의 수가 다릅니다.

             Date : 2008년 2월 15일 월요일

             Time : 오후 7:02:16
━━━━━━━━━━━━━━━━━━━━━━━━━━━━━━━━━━━━━━━━
        Procedure : frmInterface - Private Sub cmdRun()

     Error Source : MSComm

     Error Number : 8005

Error Description : 포트가 이미 열려 있습니다.

             Date : 2008년 2월 15일 월요일

             Time : 오후 7:03:19
━━━━━━━━━━━━━━━━━━━━━━━━━━━━━━━━━━━━━━━━
        Procedure : frmInterface - Private Sub cmdRun()

     Error Source : MSComm

     Error Number : 8005

Error Description : 포트가 이미 열려 있습니다.

             Date : 2008년 2월 15일 월요일

             Time : 오후 7:12:07
━━━━━━━━━━━━━━━━━━━━━━━━━━━━━━━━━━━━━━━━
        Procedure : frmInterface - Private Sub cmdRun()

     Error Source : MSComm

     Error Number : 8005

Error Description : 포트가 이미 열려 있습니다.

             Date : 2008년 2월 15일 월요일

             Time : 오후 7:13:06
━━━━━━━━━━━━━━━━━━━━━━━━━━━━━━━━━━━━━━━━
        Procedure : frmInterface - Private Sub cmdRun()

     Error Source : MSComm

     Error Number : 8005

Error Description : 포트가 이미 열려 있습니다.

             Date : 2008년 2월 15일 월요일

             Time : 오후 7:21:42
━━━━━━━━━━━━━━━━━━━━━━━━━━━━━━━━━━━━━━━━
        Procedure : frmInterface - Private Sub cmdRun()

     Error Source : MSComm

     Error Number : 8002

Error Description : 포트 번호가 잘못되었습니다.

             Date : 2008년 2월 15일 월요일

             Time : 오후 8:16:19
━━━━━━━━━━━━━━━━━━━━━━━━━━━━━━━━━━━━━━━━
        Procedure : frmInterface - Private Sub cmdRun()

     Error Source : MSComm

     Error Number : 8002

Error Description : 포트 번호가 잘못되었습니다.

             Date : 2008년 2월 15일 월요일

             Time : 오후 8:16:25
━━━━━━━━━━━━━━━━━━━━━━━━━━━━━━━━━━━━━━━━
        Procedure : frmInterface - Private Sub cmdRun()

     Error Source : MSComm

     Error Number : 8002

Error Description : 포트 번호가 잘못되었습니다.

             Date : 2008년 2월 15일 월요일

             Time : 오후 8:17:49
━━━━━━━━━━━━━━━━━━━━━━━━━━━━━━━━━━━━━━━━
        Procedure : 

     Error Source : Microsoft OLE DB Provider for SQL Server

     Error Number : -2147217911

Error Description : 개체 'LAB_Machine_Coda', 데이터베이스 'NEOEMR', 스키마 'dbo'에 대한 SELECT 사용 권한이 거부되었습니다.

             Date : 2008년 2월 15일 월요일

             Time : 오후 8:29:14
━━━━━━━━━━━━━━━━━━━━━━━━━━━━━━━━━━━━━━━━
        Procedure : 

     Error Source : Microsoft OLE DB Provider for SQL Server

     Error Number : -2147217911

Error Description : 개체 'LAB_Machine_Coda', 데이터베이스 'NEOEMR', 스키마 'dbo'에 대한 SELECT 사용 권한이 거부되었습니다.

             Date : 2008년 2월 15일 월요일

             Time : 오후 8:29:50
━━━━━━━━━━━━━━━━━━━━━━━━━━━━━━━━━━━━━━━━
        Procedure : 

     Error Source : Microsoft OLE DB Provider for SQL Server

     Error Number : -2147217911

Error Description : 개체 'LAB_Machine_Coda', 데이터베이스 'NEOEMR', 스키마 'dbo'에 대한 SELECT 사용 권한이 거부되었습니다.

             Date : 2008년 2월 15일 월요일

             Time : 오후 8:36:05
━━━━━━━━━━━━━━━━━━━━━━━━━━━━━━━━━━━━━━━━
        Procedure : 

     Error Source : Microsoft OLE DB Provider for SQL Server

     Error Number : -2147217911

Error Description : 개체 'LAB_Machine_Coda', 데이터베이스 'NEOEMR', 스키마 'dbo'에 대한 SELECT 사용 권한이 거부되었습니다.

             Date : 2008년 2월 15일 월요일

             Time : 오후 8:37:26
━━━━━━━━━━━━━━━━━━━━━━━━━━━━━━━━━━━━━━━━
        Procedure : 

     Error Source : Microsoft OLE DB Provider for SQL Server

     Error Number : -2147217911

Error Description : 개체 'LAB_Machine_Coda', 데이터베이스 'NEOEMR', 스키마 'dbo'에 대한 SELECT 사용 권한이 거부되었습니다.

             Date : 2008년 2월 15일 월요일

             Time : 오후 8:38:40
━━━━━━━━━━━━━━━━━━━━━━━━━━━━━━━━━━━━━━━━
    Procedure : clsCommon - Public Function Get_TestItem() As ADODB.Recordset

 Error Number : -2147217911

  Description : 개체 'N_Mother', 데이터베이스 'NEOEMR', 스키마 'dbo'에 대한 SELECT 사용 권한이 거부되었습니다.

       Source : Microsoft OLE DB Provider for SQL Server

    SQL State : 42000

 Native Error : 229

   SQL String : SELECT ls.Coda, SubCoda,  m.LName AS LabEName, Isnull(ls.LabSubEName, '' ) AS LabSubEName FROM lalas ls LEFT JOIN N_Mother m ON ls.Coda = m.Coda WHERE ls.Coda LIKE '' AND ls. UseYn = '1' AND DeletedYn = '0' AND DYN = '1'

         Date : 2008년 2월 15일 월요일

         Time : 오후 8:39:11
━━━━━━━━━━━━━━━━━━━━━━━━━━━━━━━━━━━━━━━━
        Procedure : clsCommon - Public Function Get_TestItem() As ADODB.Recordset

     Error Source : ADODB.Recordset

     Error Number : 3704

Error Description : 개체가 닫혀있으면 작업이 허용되지 않습니다.

             Date : 2008년 2월 15일 월요일

             Time : 오후 8:39:31
━━━━━━━━━━━━━━━━━━━━━━━━━━━━━━━━━━━━━━━━
        Procedure : frmInterface - Private Sub cmdRun()

     Error Source : MSComm

     Error Number : 8002

Error Description : 포트 번호가 잘못되었습니다.

             Date : 2008년 2월 15일 월요일

             Time : 오후 8:41:22
━━━━━━━━━━━━━━━━━━━━━━━━━━━━━━━━━━━━━━━━
        Procedure : clsCommon - Public Function f_subSet_WorkList() As ADODB.Recordset

     Error Source : Microsoft OLE DB Provider for SQL Server

     Error Number : -2147217900

Error Description : 저장 프로시저 'AP_INF_bar_Order'을(를) 찾을 수 없습니다.

             Date : 2008년 2월 15일 월요일

             Time : 오후 9:30:41
━━━━━━━━━━━━━━━━━━━━━━━━━━━━━━━━━━━━━━━━
        Procedure : frmInterface - Private Sub cmdRun()

     Error Source : MSComm

     Error Number : 8002

Error Description : 포트 번호가 잘못되었습니다.

             Date : 2008년 2월 15일 월요일

             Time : 오후 11:54:31
━━━━━━━━━━━━━━━━━━━━━━━━━━━━━━━━━━━━━━━━
        Procedure : frmInterface - Private Sub cmdRun()

     Error Source : MSComm

     Error Number : 8002

Error Description : 포트 번호가 잘못되었습니다.

             Date : 2008년 2월 15일 월요일

             Time : 오후 11:59:02
━━━━━━━━━━━━━━━━━━━━━━━━━━━━━━━━━━━━━━━━
