[2010-05-31 오후 2:38:36]
Project Name   : IISLibrary
Class Name     : clsIISAccInfo
Procedure Name : GetTargetSpcs
Description    : 클래스가 자동화를 지원하지 않거나 예상되는 인터페이스를 지원하지 않습니다.

[2010-05-31 오후 2:39:39]
Project Name   : IISLibrary
Class Name     : clsIISAccInfo
Procedure Name : GetTargetSpcs
Description    : 클래스가 자동화를 지원하지 않거나 예상되는 인터페이스를 지원하지 않습니다.

[2010-05-31 오후 2:57:10]
Project Name   : IISLibrary
Class Name     : clsIISAccInfo
Procedure Name : GetTargetSpcs
Description    : 클래스가 자동화를 지원하지 않거나 예상되는 인터페이스를 지원하지 않습니다.

[2010-05-31 오후 2:57:23]
Project Name   : IISLibrary
Class Name     : clsIISAccInfo
Procedure Name : GetTargetSpcs
Description    : 클래스가 자동화를 지원하지 않거나 예상되는 인터페이스를 지원하지 않습니다.

[2010-05-31 오후 2:58:32]
Project Name   : IISLibrary
Class Name     : clsIISAccInfo
Procedure Name : GetTargetSpcs
Description    : ORA-00918: column ambiguously defined


[2010-05-31 오후 2:59:28]
Project Name   : IISLibrary
Class Name     : clsIISAccInfo
Procedure Name : GetTargetSpcs
Description    : ORA-00918: column ambiguously defined


[2010-05-31 오후 3:07:28]
Project Name   : IISLibrary
Class Name     : clsIISAccInfo
Procedure Name : GetTargetSpcs
Description    : ORA-00918: column ambiguously defined


[2010-05-31 오후 3:11:49]
Project Name   : IISLibrary
Class Name     : clsIISAccInfo
Procedure Name : GetTargetSpcs
Description    : ORA-00918: column ambiguously defined


[2010-05-31 오후 3:39:38]
Project Name   : IISLibrary
Class Name     : clsIISAccInfo
Procedure Name : GetTargetSpcs
Description    : ORA-00918: column ambiguously defined


[2010-05-31 오후 3:40:45]
Project Name   : IISLibrary
Class Name     : clsIISAccInfo
Procedure Name : GetTargetSpcs
Description    : ORA-00918: column ambiguously defined


[2010-05-31 오후 4:11:37]
Project Name   : IISLibrary
Class Name     : clsIISAccInfo
Procedure Name : GetTargetSpcs
Description    : ORA-00918: column ambiguously defined


[2010-05-31 오후 4:34:42]
Project Name   : IISLibrary
Class Name     : clsIISInterface
Procedure Name : GetAccInfo
Description    : 바코드번호: 10000158506는 Worklist에 존재하는 검체입니다.

[2010-05-31 오후 4:34:42]
Project Name   : IISLibrary
Class Name     : clsIISInterface
Procedure Name : GetAccInfo
Description    : 바코드번호: 10000158496는 Worklist에 존재하는 검체입니다.

[2010-05-31 오후 4:36:07]
Project Name   : IISLibrary
Class Name     : clsIISInterface
Procedure Name : GetAccInfo
Description    : 바코드번호:는 잘못된 바코드번호 입니다.

[2010-05-31 오후 4:36:11]
Project Name   : IISLibrary
Class Name     : clsIISInterface
Procedure Name : GetAccInfo
Description    : 바코드번호:는 잘못된 바코드번호 입니다.

[2010-05-31 오후 4:36:17]
Project Name   : IISLibrary
Class Name     : clsIISInterface
Procedure Name : GetAccInfo
Description    : 바코드번호:는 잘못된 바코드번호 입니다.

[2010-05-31 오후 4:37:50]
Project Name   : IISLibrary
Class Name     : clsIISInterface
Procedure Name : GetAccInfo
Description    : 바코드번호: 10000157543는 Worklist에 존재하는 검체입니다.

[2010-05-31 오후 4:37:51]
Project Name   : IISLibrary
Class Name     : clsIISInterface
Procedure Name : GetAccInfo
Description    : 바코드번호: 10000157543는 Worklist에 존재하는 검체입니다.

[2010-05-31 오후 5:06:23]
Project Name   : IISLibrary
Class Name     : clsIISInterface
Procedure Name : GetAccInfo
Description    : 바코드번호:10000158460는 접수상태가 아닙니다.

[2010-05-31 오후 5:10:07]
Project Name   : IISLibrary
Class Name     : clsIISInterface
Procedure Name : GetAccInfo
Description    : 바코드번호:10000158460는 접수상태가 아닙니다.

[2010-05-31 오후 5:14:48]
Project Name   : IISLibrary
Class Name     : clsIISInterface
Procedure Name : GetAccInfo
Description    : 바코드번호:10000158460는 접수상태가 아닙니다.

[2010-05-31 오후 5:22:04]
Project Name   : IISLibrary
Class Name     : clsIISInterface
Procedure Name : GetAccInfo
Description    : 바코드번호: 10000158497는 Worklist에 존재하는 검체입니다.

[2010-05-31 오후 5:22:06]
Project Name   : IISLibrary
Class Name     : clsIISInterface
Procedure Name : GetAccInfo
Description    : 바코드번호: 10000158496는 Worklist에 존재하는 검체입니다.

[2010-05-31 오후 5:22:06]
Project Name   : IISLibrary
Class Name     : clsIISInterface
Procedure Name : GetAccInfo
Description    : 바코드번호: 10000158497는 Worklist에 존재하는 검체입니다.

[2010-05-31 오후 5:22:07]
Project Name   : IISLibrary
Class Name     : clsIISInterface
Procedure Name : GetAccInfo
Description    : 바코드번호: 10000158498는 Worklist에 존재하는 검체입니다.

[2010-05-31 오후 5:22:07]
Project Name   : IISLibrary
Class Name     : clsIISInterface
Procedure Name : GetAccInfo
Description    : 바코드번호: 10000158506는 Worklist에 존재하는 검체입니다.

[2010-05-31 오후 5:22:13]
Project Name   : IISLibrary
Class Name     : clsIISInterface
Procedure Name : GetAccInfo
Description    : 바코드번호: 10000158506는 Worklist에 존재하는 검체입니다.

[2010-05-31 오후 5:27:50]
Project Name   : IISLibrary
Class Name     : clsIISInterface
Procedure Name : GetAccInfo
Description    : 바코드번호:10000158460는 접수상태가 아닙니다.

[2010-05-31 오후 5:43:18]
Project Name   : IISLibrary
Class Name     : clsIISInterface
Procedure Name : GetAccInfo
Description    : 바코드번호: 10000157538는 Worklist에 존재하는 검체입니다.

[2010-05-31 오후 5:46:25]
Project Name   : IISLibrary
Class Name     : clsIISInterface
Procedure Name : GetAccInfo
Description    : 바코드번호: 10000158497는 Worklist에 존재하는 검체입니다.

[2010-05-31 오후 5:46:31]
Project Name   : IISLibrary
Class Name     : clsIISInterface
Procedure Name : GetAccInfo
Description    : 바코드번호: 10000158497는 Worklist에 존재하는 검체입니다.

[2010-05-31 오후 5:47:08]
Project Name   : IISLibrary
Class Name     : clsIISInterface
Procedure Name : GetAccInfo
Description    : 바코드번호: 10000158497는 Worklist에 존재하는 검체입니다.

[2010-05-31 오후 5:50:21]
Project Name   : IISLibrary
Class Name     : clsIISInterface
Procedure Name : GetAccInfo
Description    : 바코드번호: 10000157541는 Worklist에 존재하는 검체입니다.

[2010-05-31 오후 5:50:24]
Project Name   : IISLibrary
Class Name     : clsIISInterface
Procedure Name : GetAccInfo
Description    : 바코드번호: 10000157543는 Worklist에 존재하는 검체입니다.

[2010-05-31 오후 5:56:45]
Project Name   : IISLibrary
Class Name     : clsIISInterface
Procedure Name : GetIntTestCds
Description    : C013 장비에 장비별 검사항목이 설정되지 않었습니다.

[2010-05-31 오후 5:56:45]
Project Name   : IISLibrary
Class Name     : clsIISInterface
Procedure Name : GetEqpComm
Description    : C013 장비에 대한 통신설정이 되어 있지 않습니다.

[2010-05-31 오후 5:59:50]
Project Name   : IISLibrary
Class Name     : clsIISInterface
Procedure Name : GetAccInfo
Description    : 바코드번호: 10000000069는 장비로 검사할 항목이 없습니다.

[2010-05-31 오후 5:59:50]
Project Name   : IISLibrary
Class Name     : clsIISInterface
Procedure Name : GetAccInfo
Description    : 바코드번호: 10000000069는 장비로 검사할 항목이 없습니다.

[2010-05-31 오후 6:00:18]
Project Name   : IISLibrary
Class Name     : clsIISInterface
Procedure Name : GetAccInfo
Description    : 바코드번호: 10000000069는 Worklist에 존재하는 검체입니다.

[2010-05-31 오후 6:33:43]
Project Name   : IISLibrary
Class Name     : clsIISInterface
Procedure Name : GetAccInfo
Description    : 바코드번호: 10000158821는 Worklist에 존재하는 검체입니다.

[2010-05-31 오후 6:35:53]
Project Name   : IISLibrary
Class Name     : clsIISInterface
Procedure Name : GetAccInfo
Description    : 바코드번호: 10000158821는 Worklist에 존재하는 검체입니다.

[2010-05-31 오후 6:42:10]
Project Name   : IISLibrary
Class Name     : clsIISInterface
Procedure Name : GetAccInfo
Description    : 바코드번호: 10000157538는 Worklist에 존재하는 검체입니다.

[2010-05-31 오후 6:43:23]
Project Name   : IISLibrary
Class Name     : clsIISInterface
Procedure Name : GetAccInfo
Description    : 바코드번호: 10000157538는 Worklist에 존재하는 검체입니다.

[2010-05-31 오후 7:27:40]
Project Name   : IISLibrary
Class Name     : clsIISInterface
Procedure Name : GetAccInfo
Description    : 바코드번호:10157892는 접수상태가 아닙니다.

[2010-05-31 오후 7:32:07]
Project Name   : IISLibrary
Class Name     : clsIISInterface
Procedure Name : GetAccInfo
Description    : 바코드번호:10157892는 접수상태가 아닙니다.

[2010-05-31 오후 8:43:23]
Project Name   : IISLibrary
Class Name     : clsIISInterface
Procedure Name : GetAccInfo
Description    : 바코드번호: 10000158969는 Worklist에 존재하는 검체입니다.

[2010-05-31 오후 8:43:24]
Project Name   : IISLibrary
Class Name     : clsIISInterface
Procedure Name : GetAccInfo
Description    : 바코드번호: 10000158969는 Worklist에 존재하는 검체입니다.

[2010-05-31 오후 8:43:25]
Project Name   : IISLibrary
Class Name     : clsIISInterface
Procedure Name : GetAccInfo
Description    : 바코드번호: 10000158969는 Worklist에 존재하는 검체입니다.

[2010-05-31 오후 8:43:27]
Project Name   : IISLibrary
Class Name     : clsIISInterface
Procedure Name : GetAccInfo
Description    : 바코드번호: 10000158969는 Worklist에 존재하는 검체입니다.

[2010-05-31 오후 8:43:28]
Project Name   : IISLibrary
Class Name     : clsIISInterface
Procedure Name : GetAccInfo
Description    : 바코드번호: 10000158969는 Worklist에 존재하는 검체입니다.

[2010-05-31 오후 8:43:29]
Project Name   : IISLibrary
Class Name     : clsIISInterface
Procedure Name : GetAccInfo
Description    : 바코드번호: 10000158969는 Worklist에 존재하는 검체입니다.

[2010-05-31 오후 8:43:31]
Project Name   : IISLibrary
Class Name     : clsIISInterface
Procedure Name : GetAccInfo
Description    : 바코드번호: 10000158969는 Worklist에 존재하는 검체입니다.

[2010-05-31 오후 8:43:32]
Project Name   : IISLibrary
Class Name     : clsIISInterface
Procedure Name : GetAccInfo
Description    : 바코드번호: 10000158969는 Worklist에 존재하는 검체입니다.

[2010-05-31 오후 8:43:33]
Project Name   : IISLibrary
Class Name     : clsIISInterface
Procedure Name : GetAccInfo
Description    : 바코드번호: 10000158969는 Worklist에 존재하는 검체입니다.

[2010-05-31 오후 8:43:35]
Project Name   : IISLibrary
Class Name     : clsIISInterface
Procedure Name : GetAccInfo
Description    : 바코드번호: 10000158969는 Worklist에 존재하는 검체입니다.

[2010-05-31 오후 8:43:36]
Project Name   : IISLibrary
Class Name     : clsIISInterface
Procedure Name : GetAccInfo
Description    : 바코드번호: 10000158969는 Worklist에 존재하는 검체입니다.

[2010-05-31 오후 8:43:37]
Project Name   : IISLibrary
Class Name     : clsIISInterface
Procedure Name : GetAccInfo
Description    : 바코드번호: 10000158969는 Worklist에 존재하는 검체입니다.

[2010-05-31 오후 8:43:39]
Project Name   : IISLibrary
Class Name     : clsIISInterface
Procedure Name : GetAccInfo
Description    : 바코드번호: 10000158969는 Worklist에 존재하는 검체입니다.

[2010-05-31 오후 8:43:40]
Project Name   : IISLibrary
Class Name     : clsIISInterface
Procedure Name : GetAccInfo
Description    : 바코드번호: 10000158969는 Worklist에 존재하는 검체입니다.

[2010-05-31 오후 8:43:42]
Project Name   : IISLibrary
Class Name     : clsIISInterface
Procedure Name : GetAccInfo
Description    : 바코드번호: 10000158969는 Worklist에 존재하는 검체입니다.

[2010-05-31 오후 8:43:43]
Project Name   : IISLibrary
Class Name     : clsIISInterface
Procedure Name : GetAccInfo
Description    : 바코드번호: 10000158969는 Worklist에 존재하는 검체입니다.

[2010-05-31 오후 8:43:44]
Project Name   : IISLibrary
Class Name     : clsIISInterface
Procedure Name : GetAccInfo
Description    : 바코드번호: 10000158969는 Worklist에 존재하는 검체입니다.

[2010-05-31 오후 8:43:46]
Project Name   : IISLibrary
Class Name     : clsIISInterface
Procedure Name : GetAccInfo
Description    : 바코드번호: 10000158969는 Worklist에 존재하는 검체입니다.

[2010-05-31 오후 8:43:47]
Project Name   : IISLibrary
Class Name     : clsIISInterface
Procedure Name : GetAccInfo
Description    : 바코드번호: 10000158969는 Worklist에 존재하는 검체입니다.

[2010-05-31 오후 8:43:48]
Project Name   : IISLibrary
Class Name     : clsIISInterface
Procedure Name : GetAccInfo
Description    : 바코드번호: 10000158969는 Worklist에 존재하는 검체입니다.

[2010-05-31 오후 8:43:50]
Project Name   : IISLibrary
Class Name     : clsIISInterface
Procedure Name : GetAccInfo
Description    : 바코드번호: 10000158969는 Worklist에 존재하는 검체입니다.

[2010-05-31 오후 8:43:51]
Project Name   : IISLibrary
Class Name     : clsIISInterface
Procedure Name : GetAccInfo
Description    : 바코드번호: 10000158969는 Worklist에 존재하는 검체입니다.

[2010-05-31 오후 8:43:52]
Project Name   : IISLibrary
Class Name     : clsIISInterface
Procedure Name : GetAccInfo
Description    : 바코드번호: 10000158969는 Worklist에 존재하는 검체입니다.

[2010-05-31 오후 8:43:54]
Project Name   : IISLibrary
Class Name     : clsIISInterface
Procedure Name : GetAccInfo
Description    : 바코드번호: 10000158969는 Worklist에 존재하는 검체입니다.

[2010-05-31 오후 8:43:55]
Project Name   : IISLibrary
Class Name     : clsIISInterface
Procedure Name : GetAccInfo
Description    : 바코드번호: 10000158969는 Worklist에 존재하는 검체입니다.

[2010-05-31 오후 8:43:57]
Project Name   : IISLibrary
Class Name     : clsIISInterface
Procedure Name : GetAccInfo
Description    : 바코드번호: 10000158969는 Worklist에 존재하는 검체입니다.

[2010-05-31 오후 8:43:58]
Project Name   : IISLibrary
Class Name     : clsIISInterface
Procedure Name : GetAccInfo
Description    : 바코드번호: 10000158969는 Worklist에 존재하는 검체입니다.

[2010-05-31 오후 8:43:59]
Project Name   : IISLibrary
Class Name     : clsIISInterface
Procedure Name : GetAccInfo
Description    : 바코드번호: 10000158969는 Worklist에 존재하는 검체입니다.

[2010-05-31 오후 8:44:00]
Project Name   : IISLibrary
Class Name     : clsIISInterface
Procedure Name : GetAccInfo
Description    : 바코드번호: 10000158969는 Worklist에 존재하는 검체입니다.

[2010-05-31 오후 8:44:02]
Project Name   : IISLibrary
Class Name     : clsIISInterface
Procedure Name : GetAccInfo
Description    : 바코드번호: 10000158969는 Worklist에 존재하는 검체입니다.

[2010-05-31 오후 8:44:03]
Project Name   : IISLibrary
Class Name     : clsIISInterface
Procedure Name : GetAccInfo
Description    : 바코드번호: 10000158969는 Worklist에 존재하는 검체입니다.

[2010-05-31 오후 8:44:05]
Project Name   : IISLibrary
Class Name     : clsIISInterface
Procedure Name : GetAccInfo
Description    : 바코드번호: 10000158969는 Worklist에 존재하는 검체입니다.

[2010-05-31 오후 8:44:06]
Project Name   : IISLibrary
Class Name     : clsIISInterface
Procedure Name : GetAccInfo
Description    : 바코드번호: 10000158969는 Worklist에 존재하는 검체입니다.

[2010-05-31 오후 8:44:30]
Project Name   : IISLibrary
Class Name     : clsIISInterface
Procedure Name : GetAccInfo
Description    : 바코드번호: 10000158969는 Worklist에 존재하는 검체입니다.

[2010-05-31 오후 8:44:31]
Project Name   : IISLibrary
Class Name     : clsIISInterface
Procedure Name : GetAccInfo
Description    : 바코드번호: 10000158969는 Worklist에 존재하는 검체입니다.

[2010-05-31 오후 8:44:32]
Project Name   : IISLibrary
Class Name     : clsIISInterface
Procedure Name : GetAccInfo
Description    : 바코드번호: 10000158969는 Worklist에 존재하는 검체입니다.

[2010-05-31 오후 8:44:34]
Project Name   : IISLibrary
Class Name     : clsIISInterface
Procedure Name : GetAccInfo
Description    : 바코드번호: 10000158969는 Worklist에 존재하는 검체입니다.

[2010-05-31 오후 8:44:54]
Project Name   : IISLibrary
Class Name     : clsIISInterface
Procedure Name : GetAccInfo
Description    : 바코드번호: 10000158969는 Worklist에 존재하는 검체입니다.

[2010-05-31 오후 8:44:58]
Project Name   : IISLibrary
Class Name     : clsIISInterface
Procedure Name : GetAccInfo
Description    : 바코드번호: 10000158969는 Worklist에 존재하는 검체입니다.

[2010-05-31 오후 8:45:00]
Project Name   : IISLibrary
Class Name     : clsIISInterface
Procedure Name : GetAccInfo
Description    : 바코드번호: 10000158969는 Worklist에 존재하는 검체입니다.

[2010-05-31 오후 8:45:02]
Project Name   : IISLibrary
Class Name     : clsIISInterface
Procedure Name : GetAccInfo
Description    : 바코드번호: 10000158969는 Worklist에 존재하는 검체입니다.

[2010-05-31 오후 8:45:08]
Project Name   : IISLibrary
Class Name     : clsIISInterface
Procedure Name : GetAccInfo
Description    : 바코드번호: 10000158969는 Worklist에 존재하는 검체입니다.

[2010-05-31 오후 8:45:24]
Project Name   : IISLibrary
Class Name     : clsIISInterface
Procedure Name : GetAccInfo
Description    : 바코드번호: 10000158969는 Worklist에 존재하는 검체입니다.

[2010-05-31 오후 8:45:28]
Project Name   : IISLibrary
Class Name     : clsIISInterface
Procedure Name : GetAccInfo
Description    : 바코드번호: 10000158969는 Worklist에 존재하는 검체입니다.

[2010-05-31 오후 8:45:30]
Project Name   : IISLibrary
Class Name     : clsIISInterface
Procedure Name : GetAccInfo
Description    : 바코드번호: 10000158969는 Worklist에 존재하는 검체입니다.

[2010-05-31 오후 8:45:32]
Project Name   : IISLibrary
Class Name     : clsIISInterface
Procedure Name : GetAccInfo
Description    : 바코드번호: 10000158969는 Worklist에 존재하는 검체입니다.

[2010-05-31 오후 8:45:34]
Project Name   : IISLibrary
Class Name     : clsIISInterface
Procedure Name : GetAccInfo
Description    : 바코드번호: 10000158969는 Worklist에 존재하는 검체입니다.

[2010-05-31 오후 8:45:36]
Project Name   : IISLibrary
Class Name     : clsIISInterface
Procedure Name : GetAccInfo
Description    : 바코드번호: 10000158969는 Worklist에 존재하는 검체입니다.

[2010-05-31 오후 8:45:37]
Project Name   : IISLibrary
Class Name     : clsIISInterface
Procedure Name : GetAccInfo
Description    : 바코드번호: 10000158969는 Worklist에 존재하는 검체입니다.

[2010-05-31 오후 8:45:39]
Project Name   : IISLibrary
Class Name     : clsIISInterface
Procedure Name : GetAccInfo
Description    : 바코드번호: 10000158969는 Worklist에 존재하는 검체입니다.

[2010-05-31 오후 8:45:46]
Project Name   : IISLibrary
Class Name     : clsIISInterface
Procedure Name : GetAccInfo
Description    : 바코드번호: 10000158969는 Worklist에 존재하는 검체입니다.

[2010-05-31 오후 8:45:48]
Project Name   : IISLibrary
Class Name     : clsIISInterface
Procedure Name : GetAccInfo
Description    : 바코드번호: 10000158969는 Worklist에 존재하는 검체입니다.

[2010-05-31 오후 8:45:50]
Project Name   : IISLibrary
Class Name     : clsIISInterface
Procedure Name : GetAccInfo
Description    : 바코드번호: 10000158969는 Worklist에 존재하는 검체입니다.

[2010-05-31 오후 8:45:57]
Project Name   : IISLibrary
Class Name     : clsIISInterface
Procedure Name : GetAccInfo
Description    : 바코드번호: 10000158969는 Worklist에 존재하는 검체입니다.

