2018-08-03 오전 8:44:28 : 통신포트 연결 성공ismart30|COM4|9600|8|None|One
2018-08-03 오전 9:22:03 : [Get EOT] :1H|\^&|||i-Smart 30^iSmart^-^1.0.7.1||||||||1394-97|20180803092847
2P|1|||||||||||||||||||||||||||||||||
3O|1||196354-S20||||||||||||Sample|||||||||||||||
4R|1|^^^Na+^M|141|mmol/L|20^250^Reportable|-||||||20180803092847|
5R|2|^^^K+^M|6.5|mmol/L|0.5^20.0^Reportable|-|||||||
6R|3|^^^Cl-^M|105|mmol/L|20^250^Reportable|-|||||||
7R|4|^^^Hct^M|Out of Range(L)|%|10^60^Reportable|<|||||||
0L|1|N

2018-08-03 오전 9:22:03 : [장비에서받기 OBX] :4R|1|^^^Na+^M|141|mmol/L|20^250^Reportable|-||||||20180803092847|
2018-08-03 오전 9:22:03 : [장비에서받기 OBX] :5R|2|^^^K+^M|6.5|mmol/L|0.5^20.0^Reportable|-|||||||
2018-08-03 오전 9:22:03 : [장비에서받기 OBX] :6R|3|^^^Cl-^M|105|mmol/L|20^250^Reportable|-|||||||
2018-08-03 오전 9:22:03 : [장비에서받기 OBX] :7R|4|^^^Hct^M|Out of Range(L)|%|10^60^Reportable|<|||||||
2018-08-03 오전 9:22:03 : [장비에서받기 L] : 빠져나감
2018-08-03 오전 9:22:03 : Select count(*) FROM  [LabPatMst] where INTER_GUBUN = 'E ' AND INTER_CHAM_ID = '196354-S20 ' and INTER_ORDT  = '20180803'   AND INTER_BARCODE = ''   AND INTER_LABCOD = 'D2800020'  AND INTER_SUBCOD = '1'
2018-08-03 오전 9:22:03 : INSERT INTO [LabPatMst](INTER_DATE, INTER_GUBUN, INTER_STATE, INTER_CHAM_ID, INTER_BARCODE, INTER_PID, INTER_PNAME, INTER_PSEX, INTER_PAGE, INTER_ORDT, INTER_LABNAM, INTER_LABCOD,  INTER_SUBCOD, INTER_LABRLT, INTER_LOWHIGH, INTER_NO, INTER_INOUTTYPE, INTER_MODIFY, INTER_BIGO1) VALUES (#2018-08-03 09:22:03#,'E','E','196354-S20','','','', '','','20180803','Na+','D2800020','1', '141','', '','','','141')
2018-08-03 오전 9:22:03 : Select count(*) FROM  [LabPatMst] where INTER_GUBUN = 'E ' AND INTER_CHAM_ID = '196354-S20 ' and INTER_ORDT  = '20180803'   AND INTER_BARCODE = ''   AND INTER_LABCOD = 'D2800060'  AND INTER_SUBCOD = '2'
2018-08-03 오전 9:22:03 : INSERT INTO [LabPatMst](INTER_DATE, INTER_GUBUN, INTER_STATE, INTER_CHAM_ID, INTER_BARCODE, INTER_PID, INTER_PNAME, INTER_PSEX, INTER_PAGE, INTER_ORDT, INTER_LABNAM, INTER_LABCOD,  INTER_SUBCOD, INTER_LABRLT, INTER_LOWHIGH, INTER_NO, INTER_INOUTTYPE, INTER_MODIFY, INTER_BIGO1) VALUES (#2018-08-03 09:22:03#,'E','E','196354-S20','','','', '','','20180803','K+','D2800060','2', '6.5','', '','','','6.5')
2018-08-03 오전 9:22:03 : Select count(*) FROM  [LabPatMst] where INTER_GUBUN = 'E ' AND INTER_CHAM_ID = '196354-S20 ' and INTER_ORDT  = '20180803'   AND INTER_BARCODE = ''   AND INTER_LABCOD = 'D2800030'  AND INTER_SUBCOD = '3'
2018-08-03 오전 9:22:03 : INSERT INTO [LabPatMst](INTER_DATE, INTER_GUBUN, INTER_STATE, INTER_CHAM_ID, INTER_BARCODE, INTER_PID, INTER_PNAME, INTER_PSEX, INTER_PAGE, INTER_ORDT, INTER_LABNAM, INTER_LABCOD,  INTER_SUBCOD, INTER_LABRLT, INTER_LOWHIGH, INTER_NO, INTER_INOUTTYPE, INTER_MODIFY, INTER_BIGO1) VALUES (#2018-08-03 09:22:03#,'E','E','196354-S20','','','', '','','20180803','Cl-','D2800030','3', '105','', '','','','105')
2018-08-03 오전 9:23:46 : [Get EOT] :1H|\^&|||i-Smart 30^iSmart^-^1.0.7.1||||||||1394-97|20180803093031
2P|1|||||||||||||||||||||||||||||||||
3O|1||196354-S21||||||||||||Sample|||||||||||||||
4R|1|^^^Na+^M|141|mmol/L|20^250^Reportable|-||||||20180803093031|
5R|2|^^^K+^M|3.7|mmol/L|0.5^20.0^Reportable|-|||||||
6R|3|^^^Cl-^M|106|mmol/L|20^250^Reportable|-|||||||
7R|4|^^^Hct^M|Out of Range(L)|%|10^60^Reportable|<|||||||
0L|1|N

2018-08-03 오전 9:23:47 : [장비에서받기 OBX] :4R|1|^^^Na+^M|141|mmol/L|20^250^Reportable|-||||||20180803093031|
2018-08-03 오전 9:23:47 : [장비에서받기 OBX] :5R|2|^^^K+^M|3.7|mmol/L|0.5^20.0^Reportable|-|||||||
2018-08-03 오전 9:23:47 : [장비에서받기 OBX] :6R|3|^^^Cl-^M|106|mmol/L|20^250^Reportable|-|||||||
2018-08-03 오전 9:23:47 : [장비에서받기 OBX] :7R|4|^^^Hct^M|Out of Range(L)|%|10^60^Reportable|<|||||||
2018-08-03 오전 9:23:47 : [장비에서받기 L] : 빠져나감
2018-08-03 오전 9:23:47 : Select count(*) FROM  [LabPatMst] where INTER_GUBUN = 'E ' AND INTER_CHAM_ID = '196354-S21 ' and INTER_ORDT  = '20180803'   AND INTER_BARCODE = ''   AND INTER_LABCOD = 'D2800020'  AND INTER_SUBCOD = '1'
2018-08-03 오전 9:23:47 : INSERT INTO [LabPatMst](INTER_DATE, INTER_GUBUN, INTER_STATE, INTER_CHAM_ID, INTER_BARCODE, INTER_PID, INTER_PNAME, INTER_PSEX, INTER_PAGE, INTER_ORDT, INTER_LABNAM, INTER_LABCOD,  INTER_SUBCOD, INTER_LABRLT, INTER_LOWHIGH, INTER_NO, INTER_INOUTTYPE, INTER_MODIFY, INTER_BIGO1) VALUES (#2018-08-03 09:23:47#,'E','E','196354-S21','','','', '','','20180803','Na+','D2800020','1', '141','', '','','','141')
2018-08-03 오전 9:23:47 : Select count(*) FROM  [LabPatMst] where INTER_GUBUN = 'E ' AND INTER_CHAM_ID = '196354-S21 ' and INTER_ORDT  = '20180803'   AND INTER_BARCODE = ''   AND INTER_LABCOD = 'D2800060'  AND INTER_SUBCOD = '2'
2018-08-03 오전 9:23:47 : INSERT INTO [LabPatMst](INTER_DATE, INTER_GUBUN, INTER_STATE, INTER_CHAM_ID, INTER_BARCODE, INTER_PID, INTER_PNAME, INTER_PSEX, INTER_PAGE, INTER_ORDT, INTER_LABNAM, INTER_LABCOD,  INTER_SUBCOD, INTER_LABRLT, INTER_LOWHIGH, INTER_NO, INTER_INOUTTYPE, INTER_MODIFY, INTER_BIGO1) VALUES (#2018-08-03 09:23:47#,'E','E','196354-S21','','','', '','','20180803','K+','D2800060','2', '3.7','', '','','','3.7')
2018-08-03 오전 9:23:47 : Select count(*) FROM  [LabPatMst] where INTER_GUBUN = 'E ' AND INTER_CHAM_ID = '196354-S21 ' and INTER_ORDT  = '20180803'   AND INTER_BARCODE = ''   AND INTER_LABCOD = 'D2800030'  AND INTER_SUBCOD = '3'
2018-08-03 오전 9:23:47 : INSERT INTO [LabPatMst](INTER_DATE, INTER_GUBUN, INTER_STATE, INTER_CHAM_ID, INTER_BARCODE, INTER_PID, INTER_PNAME, INTER_PSEX, INTER_PAGE, INTER_ORDT, INTER_LABNAM, INTER_LABCOD,  INTER_SUBCOD, INTER_LABRLT, INTER_LOWHIGH, INTER_NO, INTER_INOUTTYPE, INTER_MODIFY, INTER_BIGO1) VALUES (#2018-08-03 09:23:47#,'E','E','196354-S21','','','', '','','20180803','Cl-','D2800030','3', '106','', '','','','106')
2018-08-03 오전 9:25:37 : [Get EOT] :1H|\^&|||i-Smart 30^iSmart^-^1.0.7.1||||||||1394-97|20180803093222
2P|1|||||||||||||||||||||||||||||||||
3O|1||196354-S22||||||||||||Sample|||||||||||||||
4R|1|^^^Na+^M|136|mmol/L|20^250^Reportable|-||||||20180803093222|
5R|2|^^^K+^M|3.7|mmol/L|0.5^20.0^Reportable|-|||||||
6R|3|^^^Cl-^M|98|mmol/L|20^250^Reportable|-|||||||
7R|4|^^^Hct^M|Out of Range(L)|%|10^60^Reportable|<|||||||
0L|1|N

2018-08-03 오전 9:25:37 : [장비에서받기 OBX] :4R|1|^^^Na+^M|136|mmol/L|20^250^Reportable|-||||||20180803093222|
2018-08-03 오전 9:25:37 : [장비에서받기 OBX] :5R|2|^^^K+^M|3.7|mmol/L|0.5^20.0^Reportable|-|||||||
2018-08-03 오전 9:25:37 : [장비에서받기 OBX] :6R|3|^^^Cl-^M|98|mmol/L|20^250^Reportable|-|||||||
2018-08-03 오전 9:25:37 : [장비에서받기 OBX] :7R|4|^^^Hct^M|Out of Range(L)|%|10^60^Reportable|<|||||||
2018-08-03 오전 9:25:37 : [장비에서받기 L] : 빠져나감
2018-08-03 오전 9:25:37 : Select count(*) FROM  [LabPatMst] where INTER_GUBUN = 'E ' AND INTER_CHAM_ID = '196354-S22 ' and INTER_ORDT  = '20180803'   AND INTER_BARCODE = ''   AND INTER_LABCOD = 'D2800020'  AND INTER_SUBCOD = '1'
2018-08-03 오전 9:25:37 : INSERT INTO [LabPatMst](INTER_DATE, INTER_GUBUN, INTER_STATE, INTER_CHAM_ID, INTER_BARCODE, INTER_PID, INTER_PNAME, INTER_PSEX, INTER_PAGE, INTER_ORDT, INTER_LABNAM, INTER_LABCOD,  INTER_SUBCOD, INTER_LABRLT, INTER_LOWHIGH, INTER_NO, INTER_INOUTTYPE, INTER_MODIFY, INTER_BIGO1) VALUES (#2018-08-03 09:25:37#,'E','E','196354-S22','','','', '','','20180803','Na+','D2800020','1', '136','', '','','','136')
2018-08-03 오전 9:25:38 : Select count(*) FROM  [LabPatMst] where INTER_GUBUN = 'E ' AND INTER_CHAM_ID = '196354-S22 ' and INTER_ORDT  = '20180803'   AND INTER_BARCODE = ''   AND INTER_LABCOD = 'D2800060'  AND INTER_SUBCOD = '2'
2018-08-03 오전 9:25:38 : INSERT INTO [LabPatMst](INTER_DATE, INTER_GUBUN, INTER_STATE, INTER_CHAM_ID, INTER_BARCODE, INTER_PID, INTER_PNAME, INTER_PSEX, INTER_PAGE, INTER_ORDT, INTER_LABNAM, INTER_LABCOD,  INTER_SUBCOD, INTER_LABRLT, INTER_LOWHIGH, INTER_NO, INTER_INOUTTYPE, INTER_MODIFY, INTER_BIGO1) VALUES (#2018-08-03 09:25:37#,'E','E','196354-S22','','','', '','','20180803','K+','D2800060','2', '3.7','', '','','','3.7')
2018-08-03 오전 9:25:38 : Select count(*) FROM  [LabPatMst] where INTER_GUBUN = 'E ' AND INTER_CHAM_ID = '196354-S22 ' and INTER_ORDT  = '20180803'   AND INTER_BARCODE = ''   AND INTER_LABCOD = 'D2800030'  AND INTER_SUBCOD = '3'
2018-08-03 오전 9:25:38 : INSERT INTO [LabPatMst](INTER_DATE, INTER_GUBUN, INTER_STATE, INTER_CHAM_ID, INTER_BARCODE, INTER_PID, INTER_PNAME, INTER_PSEX, INTER_PAGE, INTER_ORDT, INTER_LABNAM, INTER_LABCOD,  INTER_SUBCOD, INTER_LABRLT, INTER_LOWHIGH, INTER_NO, INTER_INOUTTYPE, INTER_MODIFY, INTER_BIGO1) VALUES (#2018-08-03 09:25:37#,'E','E','196354-S22','','','', '','','20180803','Cl-','D2800030','3', '98','', '','','','98')
2018-08-03 오전 9:27:11 : [Get EOT] :1H|\^&|||i-Smart 30^iSmart^-^1.0.7.1||||||||1394-97|20180803093356
2P|1|||||||||||||||||||||||||||||||||
3O|1||196354-S23||||||||||||Sample|||||||||||||||
4R|1|^^^Na+^M|139|mmol/L|20^250^Reportable|-||||||20180803093356|
5R|2|^^^K+^M|3.9|mmol/L|0.5^20.0^Reportable|-|||||||
6R|3|^^^Cl-^M|102|mmol/L|20^250^Reportable|-|||||||
7R|4|^^^Hct^M|Out of Range(L)|%|10^60^Reportable|<|||||||
0L|1|N

2018-08-03 오전 9:27:11 : [장비에서받기 OBX] :4R|1|^^^Na+^M|139|mmol/L|20^250^Reportable|-||||||20180803093356|
2018-08-03 오전 9:27:11 : [장비에서받기 OBX] :5R|2|^^^K+^M|3.9|mmol/L|0.5^20.0^Reportable|-|||||||
2018-08-03 오전 9:27:11 : [장비에서받기 OBX] :6R|3|^^^Cl-^M|102|mmol/L|20^250^Reportable|-|||||||
2018-08-03 오전 9:27:11 : [장비에서받기 OBX] :7R|4|^^^Hct^M|Out of Range(L)|%|10^60^Reportable|<|||||||
2018-08-03 오전 9:27:11 : [장비에서받기 L] : 빠져나감
2018-08-03 오전 9:27:11 : Select count(*) FROM  [LabPatMst] where INTER_GUBUN = 'E ' AND INTER_CHAM_ID = '196354-S23 ' and INTER_ORDT  = '20180803'   AND INTER_BARCODE = ''   AND INTER_LABCOD = 'D2800020'  AND INTER_SUBCOD = '1'
2018-08-03 오전 9:27:11 : INSERT INTO [LabPatMst](INTER_DATE, INTER_GUBUN, INTER_STATE, INTER_CHAM_ID, INTER_BARCODE, INTER_PID, INTER_PNAME, INTER_PSEX, INTER_PAGE, INTER_ORDT, INTER_LABNAM, INTER_LABCOD,  INTER_SUBCOD, INTER_LABRLT, INTER_LOWHIGH, INTER_NO, INTER_INOUTTYPE, INTER_MODIFY, INTER_BIGO1) VALUES (#2018-08-03 09:27:11#,'E','E','196354-S23','','','', '','','20180803','Na+','D2800020','1', '139','', '','','','139')
2018-08-03 오전 9:27:11 : Select count(*) FROM  [LabPatMst] where INTER_GUBUN = 'E ' AND INTER_CHAM_ID = '196354-S23 ' and INTER_ORDT  = '20180803'   AND INTER_BARCODE = ''   AND INTER_LABCOD = 'D2800060'  AND INTER_SUBCOD = '2'
2018-08-03 오전 9:27:11 : INSERT INTO [LabPatMst](INTER_DATE, INTER_GUBUN, INTER_STATE, INTER_CHAM_ID, INTER_BARCODE, INTER_PID, INTER_PNAME, INTER_PSEX, INTER_PAGE, INTER_ORDT, INTER_LABNAM, INTER_LABCOD,  INTER_SUBCOD, INTER_LABRLT, INTER_LOWHIGH, INTER_NO, INTER_INOUTTYPE, INTER_MODIFY, INTER_BIGO1) VALUES (#2018-08-03 09:27:11#,'E','E','196354-S23','','','', '','','20180803','K+','D2800060','2', '3.9','', '','','','3.9')
2018-08-03 오전 9:27:11 : Select count(*) FROM  [LabPatMst] where INTER_GUBUN = 'E ' AND INTER_CHAM_ID = '196354-S23 ' and INTER_ORDT  = '20180803'   AND INTER_BARCODE = ''   AND INTER_LABCOD = 'D2800030'  AND INTER_SUBCOD = '3'
2018-08-03 오전 9:27:11 : INSERT INTO [LabPatMst](INTER_DATE, INTER_GUBUN, INTER_STATE, INTER_CHAM_ID, INTER_BARCODE, INTER_PID, INTER_PNAME, INTER_PSEX, INTER_PAGE, INTER_ORDT, INTER_LABNAM, INTER_LABCOD,  INTER_SUBCOD, INTER_LABRLT, INTER_LOWHIGH, INTER_NO, INTER_INOUTTYPE, INTER_MODIFY, INTER_BIGO1) VALUES (#2018-08-03 09:27:11#,'E','E','196354-S23','','','', '','','20180803','Cl-','D2800030','3', '102','', '','','','102')
2018-08-03 오전 9:29:09 : [Get EOT] :1H|\^&|||i-Smart 30^iSmart^-^1.0.7.1||||||||1394-97|20180803093553
2P|1|||||||||||||||||||||||||||||||||
3O|1||196354-S24||||||||||||Sample|||||||||||||||
4R|1|^^^Na+^M|141|mmol/L|20^250^Reportable|-||||||20180803093553|
5R|2|^^^K+^M|4.1|mmol/L|0.5^20.0^Reportable|-|||||||
6R|3|^^^Cl-^M|104|mmol/L|20^250^Reportable|-|||||||
7R|4|^^^Hct^M|Out of Range(L)|%|10^60^Reportable|<|||||||
0L|1|N

2018-08-03 오전 9:29:09 : [장비에서받기 OBX] :4R|1|^^^Na+^M|141|mmol/L|20^250^Reportable|-||||||20180803093553|
2018-08-03 오전 9:29:09 : [장비에서받기 OBX] :5R|2|^^^K+^M|4.1|mmol/L|0.5^20.0^Reportable|-|||||||
2018-08-03 오전 9:29:09 : [장비에서받기 OBX] :6R|3|^^^Cl-^M|104|mmol/L|20^250^Reportable|-|||||||
2018-08-03 오전 9:29:09 : [장비에서받기 OBX] :7R|4|^^^Hct^M|Out of Range(L)|%|10^60^Reportable|<|||||||
2018-08-03 오전 9:29:09 : [장비에서받기 L] : 빠져나감
2018-08-03 오전 9:29:09 : Select count(*) FROM  [LabPatMst] where INTER_GUBUN = 'E ' AND INTER_CHAM_ID = '196354-S24 ' and INTER_ORDT  = '20180803'   AND INTER_BARCODE = ''   AND INTER_LABCOD = 'D2800020'  AND INTER_SUBCOD = '1'
2018-08-03 오전 9:29:09 : INSERT INTO [LabPatMst](INTER_DATE, INTER_GUBUN, INTER_STATE, INTER_CHAM_ID, INTER_BARCODE, INTER_PID, INTER_PNAME, INTER_PSEX, INTER_PAGE, INTER_ORDT, INTER_LABNAM, INTER_LABCOD,  INTER_SUBCOD, INTER_LABRLT, INTER_LOWHIGH, INTER_NO, INTER_INOUTTYPE, INTER_MODIFY, INTER_BIGO1) VALUES (#2018-08-03 09:29:09#,'E','E','196354-S24','','','', '','','20180803','Na+','D2800020','1', '141','', '','','','141')
2018-08-03 오전 9:29:09 : Select count(*) FROM  [LabPatMst] where INTER_GUBUN = 'E ' AND INTER_CHAM_ID = '196354-S24 ' and INTER_ORDT  = '20180803'   AND INTER_BARCODE = ''   AND INTER_LABCOD = 'D2800060'  AND INTER_SUBCOD = '2'
2018-08-03 오전 9:29:09 : INSERT INTO [LabPatMst](INTER_DATE, INTER_GUBUN, INTER_STATE, INTER_CHAM_ID, INTER_BARCODE, INTER_PID, INTER_PNAME, INTER_PSEX, INTER_PAGE, INTER_ORDT, INTER_LABNAM, INTER_LABCOD,  INTER_SUBCOD, INTER_LABRLT, INTER_LOWHIGH, INTER_NO, INTER_INOUTTYPE, INTER_MODIFY, INTER_BIGO1) VALUES (#2018-08-03 09:29:09#,'E','E','196354-S24','','','', '','','20180803','K+','D2800060','2', '4.1','', '','','','4.1')
2018-08-03 오전 9:29:09 : Select count(*) FROM  [LabPatMst] where INTER_GUBUN = 'E ' AND INTER_CHAM_ID = '196354-S24 ' and INTER_ORDT  = '20180803'   AND INTER_BARCODE = ''   AND INTER_LABCOD = 'D2800030'  AND INTER_SUBCOD = '3'
2018-08-03 오전 9:29:09 : INSERT INTO [LabPatMst](INTER_DATE, INTER_GUBUN, INTER_STATE, INTER_CHAM_ID, INTER_BARCODE, INTER_PID, INTER_PNAME, INTER_PSEX, INTER_PAGE, INTER_ORDT, INTER_LABNAM, INTER_LABCOD,  INTER_SUBCOD, INTER_LABRLT, INTER_LOWHIGH, INTER_NO, INTER_INOUTTYPE, INTER_MODIFY, INTER_BIGO1) VALUES (#2018-08-03 09:29:09#,'E','E','196354-S24','','','', '','','20180803','Cl-','D2800030','3', '104','', '','','','104')
2018-08-03 오전 9:32:20 : [Get EOT] :1H|\^&|||i-Smart 30^iSmart^-^1.0.7.1||||||||1394-97|20180803093905
2P|1|||||||||||||||||||||||||||||||||
3O|1||196354-S25||||||||||||Sample|||||||||||||||
4R|1|^^^Na+^M|142|mmol/L|20^250^Reportable|-||||||20180803093905|
5R|2|^^^K+^M|3.7|mmol/L|0.5^20.0^Reportable|-|||||||
6R|3|^^^Cl-^M|107|mmol/L|20^250^Reportable|-|||||||
7R|4|^^^Hct^M|Out of Range(L)|%|10^60^Reportable|<|||||||
0L|1|N

2018-08-03 오전 9:32:20 : [장비에서받기 OBX] :4R|1|^^^Na+^M|142|mmol/L|20^250^Reportable|-||||||20180803093905|
2018-08-03 오전 9:32:20 : [장비에서받기 OBX] :5R|2|^^^K+^M|3.7|mmol/L|0.5^20.0^Reportable|-|||||||
2018-08-03 오전 9:32:20 : [장비에서받기 OBX] :6R|3|^^^Cl-^M|107|mmol/L|20^250^Reportable|-|||||||
2018-08-03 오전 9:32:20 : [장비에서받기 OBX] :7R|4|^^^Hct^M|Out of Range(L)|%|10^60^Reportable|<|||||||
2018-08-03 오전 9:32:20 : [장비에서받기 L] : 빠져나감
2018-08-03 오전 9:32:20 : Select count(*) FROM  [LabPatMst] where INTER_GUBUN = 'E ' AND INTER_CHAM_ID = '196354-S25 ' and INTER_ORDT  = '20180803'   AND INTER_BARCODE = ''   AND INTER_LABCOD = 'D2800020'  AND INTER_SUBCOD = '1'
2018-08-03 오전 9:32:20 : INSERT INTO [LabPatMst](INTER_DATE, INTER_GUBUN, INTER_STATE, INTER_CHAM_ID, INTER_BARCODE, INTER_PID, INTER_PNAME, INTER_PSEX, INTER_PAGE, INTER_ORDT, INTER_LABNAM, INTER_LABCOD,  INTER_SUBCOD, INTER_LABRLT, INTER_LOWHIGH, INTER_NO, INTER_INOUTTYPE, INTER_MODIFY, INTER_BIGO1) VALUES (#2018-08-03 09:32:20#,'E','E','196354-S25','','','', '','','20180803','Na+','D2800020','1', '142','', '','','','142')
2018-08-03 오전 9:32:20 : Select count(*) FROM  [LabPatMst] where INTER_GUBUN = 'E ' AND INTER_CHAM_ID = '196354-S25 ' and INTER_ORDT  = '20180803'   AND INTER_BARCODE = ''   AND INTER_LABCOD = 'D2800060'  AND INTER_SUBCOD = '2'
2018-08-03 오전 9:32:21 : INSERT INTO [LabPatMst](INTER_DATE, INTER_GUBUN, INTER_STATE, INTER_CHAM_ID, INTER_BARCODE, INTER_PID, INTER_PNAME, INTER_PSEX, INTER_PAGE, INTER_ORDT, INTER_LABNAM, INTER_LABCOD,  INTER_SUBCOD, INTER_LABRLT, INTER_LOWHIGH, INTER_NO, INTER_INOUTTYPE, INTER_MODIFY, INTER_BIGO1) VALUES (#2018-08-03 09:32:20#,'E','E','196354-S25','','','', '','','20180803','K+','D2800060','2', '3.7','', '','','','3.7')
2018-08-03 오전 9:32:21 : Select count(*) FROM  [LabPatMst] where INTER_GUBUN = 'E ' AND INTER_CHAM_ID = '196354-S25 ' and INTER_ORDT  = '20180803'   AND INTER_BARCODE = ''   AND INTER_LABCOD = 'D2800030'  AND INTER_SUBCOD = '3'
2018-08-03 오전 9:32:21 : INSERT INTO [LabPatMst](INTER_DATE, INTER_GUBUN, INTER_STATE, INTER_CHAM_ID, INTER_BARCODE, INTER_PID, INTER_PNAME, INTER_PSEX, INTER_PAGE, INTER_ORDT, INTER_LABNAM, INTER_LABCOD,  INTER_SUBCOD, INTER_LABRLT, INTER_LOWHIGH, INTER_NO, INTER_INOUTTYPE, INTER_MODIFY, INTER_BIGO1) VALUES (#2018-08-03 09:32:20#,'E','E','196354-S25','','','', '','','20180803','Cl-','D2800030','3', '107','', '','','','107')
2018-08-03 오전 9:38:48 : [Get EOT] :1H|\^&|||i-Smart 30^iSmart^-^1.0.7.1||||||||1394-97|20180803094532
2P|1|||||||||||||||||||||||||||||||||
3O|1||196354-S26||||||||||||Sample|||||||||||||||
4R|1|^^^Na+^M|140|mmol/L|20^250^Reportable|-||||||20180803094532|
5R|2|^^^K+^M|4.3|mmol/L|0.5^20.0^Reportable|-|||||||
6R|3|^^^Cl-^M|105|mmol/L|20^250^Reportable|-|||||||
7R|4|^^^Hct^M|Out of Range(L)|%|10^60^Reportable|<|||||||
0L|1|N

2018-08-03 오전 9:38:48 : [장비에서받기 OBX] :4R|1|^^^Na+^M|140|mmol/L|20^250^Reportable|-||||||20180803094532|
2018-08-03 오전 9:38:48 : [장비에서받기 OBX] :5R|2|^^^K+^M|4.3|mmol/L|0.5^20.0^Reportable|-|||||||
2018-08-03 오전 9:38:48 : [장비에서받기 OBX] :6R|3|^^^Cl-^M|105|mmol/L|20^250^Reportable|-|||||||
2018-08-03 오전 9:38:48 : [장비에서받기 OBX] :7R|4|^^^Hct^M|Out of Range(L)|%|10^60^Reportable|<|||||||
2018-08-03 오전 9:38:48 : [장비에서받기 L] : 빠져나감
2018-08-03 오전 9:38:48 : Select count(*) FROM  [LabPatMst] where INTER_GUBUN = 'E ' AND INTER_CHAM_ID = '196354-S26 ' and INTER_ORDT  = '20180803'   AND INTER_BARCODE = ''   AND INTER_LABCOD = 'D2800020'  AND INTER_SUBCOD = '1'
2018-08-03 오전 9:38:48 : INSERT INTO [LabPatMst](INTER_DATE, INTER_GUBUN, INTER_STATE, INTER_CHAM_ID, INTER_BARCODE, INTER_PID, INTER_PNAME, INTER_PSEX, INTER_PAGE, INTER_ORDT, INTER_LABNAM, INTER_LABCOD,  INTER_SUBCOD, INTER_LABRLT, INTER_LOWHIGH, INTER_NO, INTER_INOUTTYPE, INTER_MODIFY, INTER_BIGO1) VALUES (#2018-08-03 09:38:48#,'E','E','196354-S26','','','', '','','20180803','Na+','D2800020','1', '140','', '','','','140')
2018-08-03 오전 9:38:48 : Select count(*) FROM  [LabPatMst] where INTER_GUBUN = 'E ' AND INTER_CHAM_ID = '196354-S26 ' and INTER_ORDT  = '20180803'   AND INTER_BARCODE = ''   AND INTER_LABCOD = 'D2800060'  AND INTER_SUBCOD = '2'
2018-08-03 오전 9:38:48 : INSERT INTO [LabPatMst](INTER_DATE, INTER_GUBUN, INTER_STATE, INTER_CHAM_ID, INTER_BARCODE, INTER_PID, INTER_PNAME, INTER_PSEX, INTER_PAGE, INTER_ORDT, INTER_LABNAM, INTER_LABCOD,  INTER_SUBCOD, INTER_LABRLT, INTER_LOWHIGH, INTER_NO, INTER_INOUTTYPE, INTER_MODIFY, INTER_BIGO1) VALUES (#2018-08-03 09:38:48#,'E','E','196354-S26','','','', '','','20180803','K+','D2800060','2', '4.3','', '','','','4.3')
2018-08-03 오전 9:38:48 : Select count(*) FROM  [LabPatMst] where INTER_GUBUN = 'E ' AND INTER_CHAM_ID = '196354-S26 ' and INTER_ORDT  = '20180803'   AND INTER_BARCODE = ''   AND INTER_LABCOD = 'D2800030'  AND INTER_SUBCOD = '3'
2018-08-03 오전 9:38:48 : INSERT INTO [LabPatMst](INTER_DATE, INTER_GUBUN, INTER_STATE, INTER_CHAM_ID, INTER_BARCODE, INTER_PID, INTER_PNAME, INTER_PSEX, INTER_PAGE, INTER_ORDT, INTER_LABNAM, INTER_LABCOD,  INTER_SUBCOD, INTER_LABRLT, INTER_LOWHIGH, INTER_NO, INTER_INOUTTYPE, INTER_MODIFY, INTER_BIGO1) VALUES (#2018-08-03 09:38:48#,'E','E','196354-S26','','','', '','','20180803','Cl-','D2800030','3', '105','', '','','','105')
2018-08-03 오전 9:42:23 : [Get EOT] :1H|\^&|||i-Smart 30^iSmart^-^1.0.7.1||||||||1394-97|20180803094907
2P|1|||||||||||||||||||||||||||||||||
3O|1||196354-S27||||||||||||Sample|||||||||||||||
4R|1|^^^Na+^M|139|mmol/L|20^250^Reportable|-||||||20180803094907|
5R|2|^^^K+^M|4.4|mmol/L|0.5^20.0^Reportable|-|||||||
6R|3|^^^Cl-^M|102|mmol/L|20^250^Reportable|-|||||||
7R|4|^^^Hct^M|Out of Range(L)|%|10^60^Reportable|<|||||||
0L|1|N

2018-08-03 오전 9:42:23 : [장비에서받기 OBX] :4R|1|^^^Na+^M|139|mmol/L|20^250^Reportable|-||||||20180803094907|
2018-08-03 오전 9:42:23 : [장비에서받기 OBX] :5R|2|^^^K+^M|4.4|mmol/L|0.5^20.0^Reportable|-|||||||
2018-08-03 오전 9:42:23 : [장비에서받기 OBX] :6R|3|^^^Cl-^M|102|mmol/L|20^250^Reportable|-|||||||
2018-08-03 오전 9:42:23 : [장비에서받기 OBX] :7R|4|^^^Hct^M|Out of Range(L)|%|10^60^Reportable|<|||||||
2018-08-03 오전 9:42:23 : [장비에서받기 L] : 빠져나감
2018-08-03 오전 9:42:23 : Select count(*) FROM  [LabPatMst] where INTER_GUBUN = 'E ' AND INTER_CHAM_ID = '196354-S27 ' and INTER_ORDT  = '20180803'   AND INTER_BARCODE = ''   AND INTER_LABCOD = 'D2800020'  AND INTER_SUBCOD = '1'
2018-08-03 오전 9:42:23 : INSERT INTO [LabPatMst](INTER_DATE, INTER_GUBUN, INTER_STATE, INTER_CHAM_ID, INTER_BARCODE, INTER_PID, INTER_PNAME, INTER_PSEX, INTER_PAGE, INTER_ORDT, INTER_LABNAM, INTER_LABCOD,  INTER_SUBCOD, INTER_LABRLT, INTER_LOWHIGH, INTER_NO, INTER_INOUTTYPE, INTER_MODIFY, INTER_BIGO1) VALUES (#2018-08-03 09:42:23#,'E','E','196354-S27','','','', '','','20180803','Na+','D2800020','1', '139','', '','','','139')
2018-08-03 오전 9:42:23 : Select count(*) FROM  [LabPatMst] where INTER_GUBUN = 'E ' AND INTER_CHAM_ID = '196354-S27 ' and INTER_ORDT  = '20180803'   AND INTER_BARCODE = ''   AND INTER_LABCOD = 'D2800060'  AND INTER_SUBCOD = '2'
2018-08-03 오전 9:42:23 : INSERT INTO [LabPatMst](INTER_DATE, INTER_GUBUN, INTER_STATE, INTER_CHAM_ID, INTER_BARCODE, INTER_PID, INTER_PNAME, INTER_PSEX, INTER_PAGE, INTER_ORDT, INTER_LABNAM, INTER_LABCOD,  INTER_SUBCOD, INTER_LABRLT, INTER_LOWHIGH, INTER_NO, INTER_INOUTTYPE, INTER_MODIFY, INTER_BIGO1) VALUES (#2018-08-03 09:42:23#,'E','E','196354-S27','','','', '','','20180803','K+','D2800060','2', '4.4','', '','','','4.4')
2018-08-03 오전 9:42:23 : Select count(*) FROM  [LabPatMst] where INTER_GUBUN = 'E ' AND INTER_CHAM_ID = '196354-S27 ' and INTER_ORDT  = '20180803'   AND INTER_BARCODE = ''   AND INTER_LABCOD = 'D2800030'  AND INTER_SUBCOD = '3'
2018-08-03 오전 9:42:23 : INSERT INTO [LabPatMst](INTER_DATE, INTER_GUBUN, INTER_STATE, INTER_CHAM_ID, INTER_BARCODE, INTER_PID, INTER_PNAME, INTER_PSEX, INTER_PAGE, INTER_ORDT, INTER_LABNAM, INTER_LABCOD,  INTER_SUBCOD, INTER_LABRLT, INTER_LOWHIGH, INTER_NO, INTER_INOUTTYPE, INTER_MODIFY, INTER_BIGO1) VALUES (#2018-08-03 09:42:23#,'E','E','196354-S27','','','', '','','20180803','Cl-','D2800030','3', '102','', '','','','102')
2018-08-03 오전 9:43:56 : [Get EOT] :1H|\^&|||i-Smart 30^iSmart^-^1.0.7.1||||||||1394-97|20180803095040
2P|1|||||||||||||||||||||||||||||||||
3O|1||196354-S28||||||||||||Sample|||||||||||||||
4R|1|^^^Na+^M|141|mmol/L|20^250^Reportable|-||||||20180803095040|
5R|2|^^^K+^M|3.9|mmol/L|0.5^20.0^Reportable|-|||||||
6R|3|^^^Cl-^M|103|mmol/L|20^250^Reportable|-|||||||
7R|4|^^^Hct^M|Out of Range(L)|%|10^60^Reportable|<|||||||
0L|1|N

2018-08-03 오전 9:43:56 : [장비에서받기 OBX] :4R|1|^^^Na+^M|141|mmol/L|20^250^Reportable|-||||||20180803095040|
2018-08-03 오전 9:43:56 : [장비에서받기 OBX] :5R|2|^^^K+^M|3.9|mmol/L|0.5^20.0^Reportable|-|||||||
2018-08-03 오전 9:43:56 : [장비에서받기 OBX] :6R|3|^^^Cl-^M|103|mmol/L|20^250^Reportable|-|||||||
2018-08-03 오전 9:43:56 : [장비에서받기 OBX] :7R|4|^^^Hct^M|Out of Range(L)|%|10^60^Reportable|<|||||||
2018-08-03 오전 9:43:56 : [장비에서받기 L] : 빠져나감
2018-08-03 오전 9:43:56 : Select count(*) FROM  [LabPatMst] where INTER_GUBUN = 'E ' AND INTER_CHAM_ID = '196354-S28 ' and INTER_ORDT  = '20180803'   AND INTER_BARCODE = ''   AND INTER_LABCOD = 'D2800020'  AND INTER_SUBCOD = '1'
2018-08-03 오전 9:43:56 : INSERT INTO [LabPatMst](INTER_DATE, INTER_GUBUN, INTER_STATE, INTER_CHAM_ID, INTER_BARCODE, INTER_PID, INTER_PNAME, INTER_PSEX, INTER_PAGE, INTER_ORDT, INTER_LABNAM, INTER_LABCOD,  INTER_SUBCOD, INTER_LABRLT, INTER_LOWHIGH, INTER_NO, INTER_INOUTTYPE, INTER_MODIFY, INTER_BIGO1) VALUES (#2018-08-03 09:43:56#,'E','E','196354-S28','','','', '','','20180803','Na+','D2800020','1', '141','', '','','','141')
2018-08-03 오전 9:43:56 : Select count(*) FROM  [LabPatMst] where INTER_GUBUN = 'E ' AND INTER_CHAM_ID = '196354-S28 ' and INTER_ORDT  = '20180803'   AND INTER_BARCODE = ''   AND INTER_LABCOD = 'D2800060'  AND INTER_SUBCOD = '2'
2018-08-03 오전 9:43:56 : INSERT INTO [LabPatMst](INTER_DATE, INTER_GUBUN, INTER_STATE, INTER_CHAM_ID, INTER_BARCODE, INTER_PID, INTER_PNAME, INTER_PSEX, INTER_PAGE, INTER_ORDT, INTER_LABNAM, INTER_LABCOD,  INTER_SUBCOD, INTER_LABRLT, INTER_LOWHIGH, INTER_NO, INTER_INOUTTYPE, INTER_MODIFY, INTER_BIGO1) VALUES (#2018-08-03 09:43:56#,'E','E','196354-S28','','','', '','','20180803','K+','D2800060','2', '3.9','', '','','','3.9')
2018-08-03 오전 9:43:56 : Select count(*) FROM  [LabPatMst] where INTER_GUBUN = 'E ' AND INTER_CHAM_ID = '196354-S28 ' and INTER_ORDT  = '20180803'   AND INTER_BARCODE = ''   AND INTER_LABCOD = 'D2800030'  AND INTER_SUBCOD = '3'
2018-08-03 오전 9:43:56 : INSERT INTO [LabPatMst](INTER_DATE, INTER_GUBUN, INTER_STATE, INTER_CHAM_ID, INTER_BARCODE, INTER_PID, INTER_PNAME, INTER_PSEX, INTER_PAGE, INTER_ORDT, INTER_LABNAM, INTER_LABCOD,  INTER_SUBCOD, INTER_LABRLT, INTER_LOWHIGH, INTER_NO, INTER_INOUTTYPE, INTER_MODIFY, INTER_BIGO1) VALUES (#2018-08-03 09:43:56#,'E','E','196354-S28','','','', '','','20180803','Cl-','D2800030','3', '103','', '','','','103')
2018-08-03 오전 9:45:45 : [Get EOT] :1H|\^&|||i-Smart 30^iSmart^-^1.0.7.1||||||||1394-97|20180803095230
2P|1|||||||||||||||||||||||||||||||||
3O|1||196354-S29||||||||||||Sample|||||||||||||||
4R|1|^^^Na+^M|137|mmol/L|20^250^Reportable|-||||||20180803095229|
5R|2|^^^K+^M|3.8|mmol/L|0.5^20.0^Reportable|-|||||||
6R|3|^^^Cl-^M|104|mmol/L|20^250^Reportable|-|||||||
7R|4|^^^Hct^M|Out of Range(L)|%|10^60^Reportable|<|||||||
0L|1|N

2018-08-03 오전 9:45:45 : [장비에서받기 OBX] :4R|1|^^^Na+^M|137|mmol/L|20^250^Reportable|-||||||20180803095229|
2018-08-03 오전 9:45:45 : [장비에서받기 OBX] :5R|2|^^^K+^M|3.8|mmol/L|0.5^20.0^Reportable|-|||||||
2018-08-03 오전 9:45:45 : [장비에서받기 OBX] :6R|3|^^^Cl-^M|104|mmol/L|20^250^Reportable|-|||||||
2018-08-03 오전 9:45:45 : [장비에서받기 OBX] :7R|4|^^^Hct^M|Out of Range(L)|%|10^60^Reportable|<|||||||
2018-08-03 오전 9:45:45 : [장비에서받기 L] : 빠져나감
2018-08-03 오전 9:45:45 : Select count(*) FROM  [LabPatMst] where INTER_GUBUN = 'E ' AND INTER_CHAM_ID = '196354-S29 ' and INTER_ORDT  = '20180803'   AND INTER_BARCODE = ''   AND INTER_LABCOD = 'D2800020'  AND INTER_SUBCOD = '1'
2018-08-03 오전 9:45:45 : INSERT INTO [LabPatMst](INTER_DATE, INTER_GUBUN, INTER_STATE, INTER_CHAM_ID, INTER_BARCODE, INTER_PID, INTER_PNAME, INTER_PSEX, INTER_PAGE, INTER_ORDT, INTER_LABNAM, INTER_LABCOD,  INTER_SUBCOD, INTER_LABRLT, INTER_LOWHIGH, INTER_NO, INTER_INOUTTYPE, INTER_MODIFY, INTER_BIGO1) VALUES (#2018-08-03 09:45:45#,'E','E','196354-S29','','','', '','','20180803','Na+','D2800020','1', '137','', '','','','137')
2018-08-03 오전 9:45:45 : Select count(*) FROM  [LabPatMst] where INTER_GUBUN = 'E ' AND INTER_CHAM_ID = '196354-S29 ' and INTER_ORDT  = '20180803'   AND INTER_BARCODE = ''   AND INTER_LABCOD = 'D2800060'  AND INTER_SUBCOD = '2'
2018-08-03 오전 9:45:45 : INSERT INTO [LabPatMst](INTER_DATE, INTER_GUBUN, INTER_STATE, INTER_CHAM_ID, INTER_BARCODE, INTER_PID, INTER_PNAME, INTER_PSEX, INTER_PAGE, INTER_ORDT, INTER_LABNAM, INTER_LABCOD,  INTER_SUBCOD, INTER_LABRLT, INTER_LOWHIGH, INTER_NO, INTER_INOUTTYPE, INTER_MODIFY, INTER_BIGO1) VALUES (#2018-08-03 09:45:45#,'E','E','196354-S29','','','', '','','20180803','K+','D2800060','2', '3.8','', '','','','3.8')
2018-08-03 오전 9:45:45 : Select count(*) FROM  [LabPatMst] where INTER_GUBUN = 'E ' AND INTER_CHAM_ID = '196354-S29 ' and INTER_ORDT  = '20180803'   AND INTER_BARCODE = ''   AND INTER_LABCOD = 'D2800030'  AND INTER_SUBCOD = '3'
2018-08-03 오전 9:45:45 : INSERT INTO [LabPatMst](INTER_DATE, INTER_GUBUN, INTER_STATE, INTER_CHAM_ID, INTER_BARCODE, INTER_PID, INTER_PNAME, INTER_PSEX, INTER_PAGE, INTER_ORDT, INTER_LABNAM, INTER_LABCOD,  INTER_SUBCOD, INTER_LABRLT, INTER_LOWHIGH, INTER_NO, INTER_INOUTTYPE, INTER_MODIFY, INTER_BIGO1) VALUES (#2018-08-03 09:45:45#,'E','E','196354-S29','','','', '','','20180803','Cl-','D2800030','3', '104','', '','','','104')
2018-08-03 오전 10:08:54 : [Get EOT] :1H|\^&|||i-Smart 30^iSmart^-^1.0.7.1||||||||1394-97|20180803101539
2P|1|||||||||||||||||||||||||||||||||
3O|1||196354-S30||||||||||||Sample|||||||||||||||
4R|1|^^^Na+^M|134|mmol/L|20^250^Reportable|-||||||20180803101539|
5R|2|^^^K+^M|4.0|mmol/L|0.5^20.0^Reportable|-|||||||
6R|3|^^^Cl-^M|101|mmol/L|20^250^Reportable|-|||||||
7R|4|^^^Hct^M|Out of Range(L)|%|10^60^Reportable|<|||||||
0L|1|N

2018-08-03 오전 10:08:54 : [장비에서받기 OBX] :4R|1|^^^Na+^M|134|mmol/L|20^250^Reportable|-||||||20180803101539|
2018-08-03 오전 10:08:54 : [장비에서받기 OBX] :5R|2|^^^K+^M|4.0|mmol/L|0.5^20.0^Reportable|-|||||||
2018-08-03 오전 10:08:54 : [장비에서받기 OBX] :6R|3|^^^Cl-^M|101|mmol/L|20^250^Reportable|-|||||||
2018-08-03 오전 10:08:54 : [장비에서받기 OBX] :7R|4|^^^Hct^M|Out of Range(L)|%|10^60^Reportable|<|||||||
2018-08-03 오전 10:08:54 : [장비에서받기 L] : 빠져나감
2018-08-03 오전 10:08:54 : Select count(*) FROM  [LabPatMst] where INTER_GUBUN = 'E ' AND INTER_CHAM_ID = '196354-S30 ' and INTER_ORDT  = '20180803'   AND INTER_BARCODE = ''   AND INTER_LABCOD = 'D2800020'  AND INTER_SUBCOD = '1'
2018-08-03 오전 10:08:54 : INSERT INTO [LabPatMst](INTER_DATE, INTER_GUBUN, INTER_STATE, INTER_CHAM_ID, INTER_BARCODE, INTER_PID, INTER_PNAME, INTER_PSEX, INTER_PAGE, INTER_ORDT, INTER_LABNAM, INTER_LABCOD,  INTER_SUBCOD, INTER_LABRLT, INTER_LOWHIGH, INTER_NO, INTER_INOUTTYPE, INTER_MODIFY, INTER_BIGO1) VALUES (#2018-08-03 10:08:54#,'E','E','196354-S30','','','', '','','20180803','Na+','D2800020','1', '134','', '','','','134')
2018-08-03 오전 10:08:54 : Select count(*) FROM  [LabPatMst] where INTER_GUBUN = 'E ' AND INTER_CHAM_ID = '196354-S30 ' and INTER_ORDT  = '20180803'   AND INTER_BARCODE = ''   AND INTER_LABCOD = 'D2800060'  AND INTER_SUBCOD = '2'
2018-08-03 오전 10:08:54 : INSERT INTO [LabPatMst](INTER_DATE, INTER_GUBUN, INTER_STATE, INTER_CHAM_ID, INTER_BARCODE, INTER_PID, INTER_PNAME, INTER_PSEX, INTER_PAGE, INTER_ORDT, INTER_LABNAM, INTER_LABCOD,  INTER_SUBCOD, INTER_LABRLT, INTER_LOWHIGH, INTER_NO, INTER_INOUTTYPE, INTER_MODIFY, INTER_BIGO1) VALUES (#2018-08-03 10:08:54#,'E','E','196354-S30','','','', '','','20180803','K+','D2800060','2', '4.0','', '','','','4.0')
2018-08-03 오전 10:08:54 : Select count(*) FROM  [LabPatMst] where INTER_GUBUN = 'E ' AND INTER_CHAM_ID = '196354-S30 ' and INTER_ORDT  = '20180803'   AND INTER_BARCODE = ''   AND INTER_LABCOD = 'D2800030'  AND INTER_SUBCOD = '3'
2018-08-03 오전 10:08:54 : INSERT INTO [LabPatMst](INTER_DATE, INTER_GUBUN, INTER_STATE, INTER_CHAM_ID, INTER_BARCODE, INTER_PID, INTER_PNAME, INTER_PSEX, INTER_PAGE, INTER_ORDT, INTER_LABNAM, INTER_LABCOD,  INTER_SUBCOD, INTER_LABRLT, INTER_LOWHIGH, INTER_NO, INTER_INOUTTYPE, INTER_MODIFY, INTER_BIGO1) VALUES (#2018-08-03 10:08:54#,'E','E','196354-S30','','','', '','','20180803','Cl-','D2800030','3', '101','', '','','','101')
2018-08-03 오전 11:08:03 : [Get EOT] :1H|\^&|||i-Smart 30^iSmart^-^1.0.7.1||||||||1394-97|20180803111448
2P|1|||||||||||||||||||||||||||||||||
3O|1||196354-S31||||||||||||Sample|||||||||||||||
4R|1|^^^Na+^M|140|mmol/L|20^250^Reportable|-||||||20180803111448|
5R|2|^^^K+^M|3.7|mmol/L|0.5^20.0^Reportable|-|||||||
6R|3|^^^Cl-^M|105|mmol/L|20^250^Reportable|-|||||||
7R|4|^^^Hct^M|Out of Range(L)|%|10^60^Reportable|<|||||||
0L|1|N

2018-08-03 오전 11:08:03 : [장비에서받기 OBX] :4R|1|^^^Na+^M|140|mmol/L|20^250^Reportable|-||||||20180803111448|
2018-08-03 오전 11:08:03 : [장비에서받기 OBX] :5R|2|^^^K+^M|3.7|mmol/L|0.5^20.0^Reportable|-|||||||
2018-08-03 오전 11:08:03 : [장비에서받기 OBX] :6R|3|^^^Cl-^M|105|mmol/L|20^250^Reportable|-|||||||
2018-08-03 오전 11:08:03 : [장비에서받기 OBX] :7R|4|^^^Hct^M|Out of Range(L)|%|10^60^Reportable|<|||||||
2018-08-03 오전 11:08:03 : [장비에서받기 L] : 빠져나감
2018-08-03 오전 11:08:03 : Select count(*) FROM  [LabPatMst] where INTER_GUBUN = 'E ' AND INTER_CHAM_ID = '196354-S31 ' and INTER_ORDT  = '20180803'   AND INTER_BARCODE = ''   AND INTER_LABCOD = 'D2800020'  AND INTER_SUBCOD = '1'
2018-08-03 오전 11:08:03 : INSERT INTO [LabPatMst](INTER_DATE, INTER_GUBUN, INTER_STATE, INTER_CHAM_ID, INTER_BARCODE, INTER_PID, INTER_PNAME, INTER_PSEX, INTER_PAGE, INTER_ORDT, INTER_LABNAM, INTER_LABCOD,  INTER_SUBCOD, INTER_LABRLT, INTER_LOWHIGH, INTER_NO, INTER_INOUTTYPE, INTER_MODIFY, INTER_BIGO1) VALUES (#2018-08-03 11:08:03#,'E','E','196354-S31','','','', '','','20180803','Na+','D2800020','1', '140','', '','','','140')
2018-08-03 오전 11:08:03 : Select count(*) FROM  [LabPatMst] where INTER_GUBUN = 'E ' AND INTER_CHAM_ID = '196354-S31 ' and INTER_ORDT  = '20180803'   AND INTER_BARCODE = ''   AND INTER_LABCOD = 'D2800060'  AND INTER_SUBCOD = '2'
2018-08-03 오전 11:08:03 : INSERT INTO [LabPatMst](INTER_DATE, INTER_GUBUN, INTER_STATE, INTER_CHAM_ID, INTER_BARCODE, INTER_PID, INTER_PNAME, INTER_PSEX, INTER_PAGE, INTER_ORDT, INTER_LABNAM, INTER_LABCOD,  INTER_SUBCOD, INTER_LABRLT, INTER_LOWHIGH, INTER_NO, INTER_INOUTTYPE, INTER_MODIFY, INTER_BIGO1) VALUES (#2018-08-03 11:08:03#,'E','E','196354-S31','','','', '','','20180803','K+','D2800060','2', '3.7','', '','','','3.7')
2018-08-03 오전 11:08:03 : Select count(*) FROM  [LabPatMst] where INTER_GUBUN = 'E ' AND INTER_CHAM_ID = '196354-S31 ' and INTER_ORDT  = '20180803'   AND INTER_BARCODE = ''   AND INTER_LABCOD = 'D2800030'  AND INTER_SUBCOD = '3'
2018-08-03 오전 11:08:03 : INSERT INTO [LabPatMst](INTER_DATE, INTER_GUBUN, INTER_STATE, INTER_CHAM_ID, INTER_BARCODE, INTER_PID, INTER_PNAME, INTER_PSEX, INTER_PAGE, INTER_ORDT, INTER_LABNAM, INTER_LABCOD,  INTER_SUBCOD, INTER_LABRLT, INTER_LOWHIGH, INTER_NO, INTER_INOUTTYPE, INTER_MODIFY, INTER_BIGO1) VALUES (#2018-08-03 11:08:03#,'E','E','196354-S31','','','', '','','20180803','Cl-','D2800030','3', '105','', '','','','105')
2018-08-03 오후 12:14:10 : [Get EOT] :1H|\^&|||i-Smart 30^iSmart^-^1.0.7.1||||||||1394-97|20180803122054
2P|1|||||||||||||||||||||||||||||||||
3O|1||196354-S32||||||||||||Sample|||||||||||||||
4R|1|^^^Na+^M|Insufficient Error|mmol/L|20^250^Reportable|IE||||||20180803122054|
5R|2|^^^K+^M|Insufficient Error|mmol/L|0.5^20.0^Reportable|IE|||||||
6R|3|^^^Cl-^M|Insufficient Error|mmol/L|20^250^Reportable|IE|||||||
7R|4|^^^Hct^M|Insufficient Error|%|10^60^Reportable|IE|||||||
0L|1|N

2018-08-03 오후 12:14:10 : [장비에서받기 OBX] :4R|1|^^^Na+^M|Insufficient Error|mmol/L|20^250^Reportable|IE||||||20180803122054|
2018-08-03 오후 12:14:10 : [장비에서받기 OBX] :5R|2|^^^K+^M|Insufficient Error|mmol/L|0.5^20.0^Reportable|IE|||||||
2018-08-03 오후 12:14:10 : [장비에서받기 OBX] :6R|3|^^^Cl-^M|Insufficient Error|mmol/L|20^250^Reportable|IE|||||||
2018-08-03 오후 12:14:10 : [장비에서받기 OBX] :7R|4|^^^Hct^M|Insufficient Error|%|10^60^Reportable|IE|||||||
2018-08-03 오후 12:14:10 : [장비에서받기 L] : 빠져나감
2018-08-03 오후 12:14:10 : Select count(*) FROM  [LabPatMst] where INTER_GUBUN = 'E ' AND INTER_CHAM_ID = '196354-S32 ' and INTER_ORDT  = '20180803'   AND INTER_BARCODE = ''   AND INTER_LABCOD = 'D2800020'  AND INTER_SUBCOD = '1'
2018-08-03 오후 12:14:10 : INSERT INTO [LabPatMst](INTER_DATE, INTER_GUBUN, INTER_STATE, INTER_CHAM_ID, INTER_BARCODE, INTER_PID, INTER_PNAME, INTER_PSEX, INTER_PAGE, INTER_ORDT, INTER_LABNAM, INTER_LABCOD,  INTER_SUBCOD, INTER_LABRLT, INTER_LOWHIGH, INTER_NO, INTER_INOUTTYPE, INTER_MODIFY, INTER_BIGO1) VALUES (#2018-08-03 12:14:10#,'E','E','196354-S32','','','', '','','20180803','Na+','D2800020','1', 'Insufficient Error','', '','','','Insufficient Error')
2018-08-03 오후 12:14:10 : Select count(*) FROM  [LabPatMst] where INTER_GUBUN = 'E ' AND INTER_CHAM_ID = '196354-S32 ' and INTER_ORDT  = '20180803'   AND INTER_BARCODE = ''   AND INTER_LABCOD = 'D2800060'  AND INTER_SUBCOD = '2'
2018-08-03 오후 12:14:10 : INSERT INTO [LabPatMst](INTER_DATE, INTER_GUBUN, INTER_STATE, INTER_CHAM_ID, INTER_BARCODE, INTER_PID, INTER_PNAME, INTER_PSEX, INTER_PAGE, INTER_ORDT, INTER_LABNAM, INTER_LABCOD,  INTER_SUBCOD, INTER_LABRLT, INTER_LOWHIGH, INTER_NO, INTER_INOUTTYPE, INTER_MODIFY, INTER_BIGO1) VALUES (#2018-08-03 12:14:10#,'E','E','196354-S32','','','', '','','20180803','K+','D2800060','2', 'Insufficient Error','', '','','','Insufficient Error')
2018-08-03 오후 12:14:10 : Select count(*) FROM  [LabPatMst] where INTER_GUBUN = 'E ' AND INTER_CHAM_ID = '196354-S32 ' and INTER_ORDT  = '20180803'   AND INTER_BARCODE = ''   AND INTER_LABCOD = 'D2800030'  AND INTER_SUBCOD = '3'
2018-08-03 오후 12:14:10 : INSERT INTO [LabPatMst](INTER_DATE, INTER_GUBUN, INTER_STATE, INTER_CHAM_ID, INTER_BARCODE, INTER_PID, INTER_PNAME, INTER_PSEX, INTER_PAGE, INTER_ORDT, INTER_LABNAM, INTER_LABCOD,  INTER_SUBCOD, INTER_LABRLT, INTER_LOWHIGH, INTER_NO, INTER_INOUTTYPE, INTER_MODIFY, INTER_BIGO1) VALUES (#2018-08-03 12:14:10#,'E','E','196354-S32','','','', '','','20180803','Cl-','D2800030','3', 'Insufficient Error','', '','','','Insufficient Error')
2018-08-03 오후 12:15:46 : [Get EOT] :1H|\^&|||i-Smart 30^iSmart^-^1.0.7.1||||||||1394-97|20180803122230
2P|1|||||||||||||||||||||||||||||||||
3O|1||196354-S33||||||||||||Sample|||||||||||||||
4R|1|^^^Na+^M|139|mmol/L|20^250^Reportable|-||||||20180803122230|
5R|2|^^^K+^M|4.2|mmol/L|0.5^20.0^Reportable|-|||||||
6R|3|^^^Cl-^M|100|mmol/L|20^250^Reportable|-|||||||
7R|4|^^^Hct^M|Out of Range(L)|%|10^60^Reportable|<|||||||
0L|1|N

2018-08-03 오후 12:15:46 : [장비에서받기 OBX] :4R|1|^^^Na+^M|139|mmol/L|20^250^Reportable|-||||||20180803122230|
2018-08-03 오후 12:15:46 : [장비에서받기 OBX] :5R|2|^^^K+^M|4.2|mmol/L|0.5^20.0^Reportable|-|||||||
2018-08-03 오후 12:15:46 : [장비에서받기 OBX] :6R|3|^^^Cl-^M|100|mmol/L|20^250^Reportable|-|||||||
2018-08-03 오후 12:15:46 : [장비에서받기 OBX] :7R|4|^^^Hct^M|Out of Range(L)|%|10^60^Reportable|<|||||||
2018-08-03 오후 12:15:46 : [장비에서받기 L] : 빠져나감
2018-08-03 오후 12:15:46 : Select count(*) FROM  [LabPatMst] where INTER_GUBUN = 'E ' AND INTER_CHAM_ID = '196354-S33 ' and INTER_ORDT  = '20180803'   AND INTER_BARCODE = ''   AND INTER_LABCOD = 'D2800020'  AND INTER_SUBCOD = '1'
2018-08-03 오후 12:15:46 : INSERT INTO [LabPatMst](INTER_DATE, INTER_GUBUN, INTER_STATE, INTER_CHAM_ID, INTER_BARCODE, INTER_PID, INTER_PNAME, INTER_PSEX, INTER_PAGE, INTER_ORDT, INTER_LABNAM, INTER_LABCOD,  INTER_SUBCOD, INTER_LABRLT, INTER_LOWHIGH, INTER_NO, INTER_INOUTTYPE, INTER_MODIFY, INTER_BIGO1) VALUES (#2018-08-03 12:15:46#,'E','E','196354-S33','','','', '','','20180803','Na+','D2800020','1', '139','', '','','','139')
2018-08-03 오후 12:15:46 : Select count(*) FROM  [LabPatMst] where INTER_GUBUN = 'E ' AND INTER_CHAM_ID = '196354-S33 ' and INTER_ORDT  = '20180803'   AND INTER_BARCODE = ''   AND INTER_LABCOD = 'D2800060'  AND INTER_SUBCOD = '2'
2018-08-03 오후 12:15:46 : INSERT INTO [LabPatMst](INTER_DATE, INTER_GUBUN, INTER_STATE, INTER_CHAM_ID, INTER_BARCODE, INTER_PID, INTER_PNAME, INTER_PSEX, INTER_PAGE, INTER_ORDT, INTER_LABNAM, INTER_LABCOD,  INTER_SUBCOD, INTER_LABRLT, INTER_LOWHIGH, INTER_NO, INTER_INOUTTYPE, INTER_MODIFY, INTER_BIGO1) VALUES (#2018-08-03 12:15:46#,'E','E','196354-S33','','','', '','','20180803','K+','D2800060','2', '4.2','', '','','','4.2')
2018-08-03 오후 12:15:46 : Select count(*) FROM  [LabPatMst] where INTER_GUBUN = 'E ' AND INTER_CHAM_ID = '196354-S33 ' and INTER_ORDT  = '20180803'   AND INTER_BARCODE = ''   AND INTER_LABCOD = 'D2800030'  AND INTER_SUBCOD = '3'
2018-08-03 오후 12:15:46 : INSERT INTO [LabPatMst](INTER_DATE, INTER_GUBUN, INTER_STATE, INTER_CHAM_ID, INTER_BARCODE, INTER_PID, INTER_PNAME, INTER_PSEX, INTER_PAGE, INTER_ORDT, INTER_LABNAM, INTER_LABCOD,  INTER_SUBCOD, INTER_LABRLT, INTER_LOWHIGH, INTER_NO, INTER_INOUTTYPE, INTER_MODIFY, INTER_BIGO1) VALUES (#2018-08-03 12:15:46#,'E','E','196354-S33','','','', '','','20180803','Cl-','D2800030','3', '100','', '','','','100')
2018-08-03 오후 5:53:41 : [Get EOT] :1H|\^&|||i-Smart 30^iSmart^-^1.0.7.1||||||||1394-97|20180803180025
2P|1|||||||||||||||||||||||||||||||||
3O|1||196354-S34||||||||||||Sample|||||||||||||||
4R|1|^^^Na+^M|140|mmol/L|20^250^Reportable|-||||||20180803180025|
5R|2|^^^K+^M|4.1|mmol/L|0.5^20.0^Reportable|-|||||||
6R|3|^^^Cl-^M|105|mmol/L|20^250^Reportable|-|||||||
7R|4|^^^Hct^M|Out of Range(L)|%|10^60^Reportable|<|||||||
0L|1|N

2018-08-03 오후 5:53:42 : [장비에서받기 OBX] :4R|1|^^^Na+^M|140|mmol/L|20^250^Reportable|-||||||20180803180025|
2018-08-03 오후 5:53:42 : [장비에서받기 OBX] :5R|2|^^^K+^M|4.1|mmol/L|0.5^20.0^Reportable|-|||||||
2018-08-03 오후 5:53:42 : [장비에서받기 OBX] :6R|3|^^^Cl-^M|105|mmol/L|20^250^Reportable|-|||||||
2018-08-03 오후 5:53:42 : [장비에서받기 OBX] :7R|4|^^^Hct^M|Out of Range(L)|%|10^60^Reportable|<|||||||
2018-08-03 오후 5:53:42 : [장비에서받기 L] : 빠져나감
2018-08-03 오후 5:53:42 : Select count(*) FROM  [LabPatMst] where INTER_GUBUN = 'E ' AND INTER_CHAM_ID = '196354-S34 ' and INTER_ORDT  = '20180803'   AND INTER_BARCODE = ''   AND INTER_LABCOD = 'D2800020'  AND INTER_SUBCOD = '1'
2018-08-03 오후 5:53:42 : INSERT INTO [LabPatMst](INTER_DATE, INTER_GUBUN, INTER_STATE, INTER_CHAM_ID, INTER_BARCODE, INTER_PID, INTER_PNAME, INTER_PSEX, INTER_PAGE, INTER_ORDT, INTER_LABNAM, INTER_LABCOD,  INTER_SUBCOD, INTER_LABRLT, INTER_LOWHIGH, INTER_NO, INTER_INOUTTYPE, INTER_MODIFY, INTER_BIGO1) VALUES (#2018-08-03 17:53:42#,'E','E','196354-S34','','','', '','','20180803','Na+','D2800020','1', '140','', '','','','140')
2018-08-03 오후 5:53:42 : Select count(*) FROM  [LabPatMst] where INTER_GUBUN = 'E ' AND INTER_CHAM_ID = '196354-S34 ' and INTER_ORDT  = '20180803'   AND INTER_BARCODE = ''   AND INTER_LABCOD = 'D2800060'  AND INTER_SUBCOD = '2'
2018-08-03 오후 5:53:42 : INSERT INTO [LabPatMst](INTER_DATE, INTER_GUBUN, INTER_STATE, INTER_CHAM_ID, INTER_BARCODE, INTER_PID, INTER_PNAME, INTER_PSEX, INTER_PAGE, INTER_ORDT, INTER_LABNAM, INTER_LABCOD,  INTER_SUBCOD, INTER_LABRLT, INTER_LOWHIGH, INTER_NO, INTER_INOUTTYPE, INTER_MODIFY, INTER_BIGO1) VALUES (#2018-08-03 17:53:42#,'E','E','196354-S34','','','', '','','20180803','K+','D2800060','2', '4.1','', '','','','4.1')
2018-08-03 오후 5:53:42 : Select count(*) FROM  [LabPatMst] where INTER_GUBUN = 'E ' AND INTER_CHAM_ID = '196354-S34 ' and INTER_ORDT  = '20180803'   AND INTER_BARCODE = ''   AND INTER_LABCOD = 'D2800030'  AND INTER_SUBCOD = '3'
2018-08-03 오후 5:53:42 : INSERT INTO [LabPatMst](INTER_DATE, INTER_GUBUN, INTER_STATE, INTER_CHAM_ID, INTER_BARCODE, INTER_PID, INTER_PNAME, INTER_PSEX, INTER_PAGE, INTER_ORDT, INTER_LABNAM, INTER_LABCOD,  INTER_SUBCOD, INTER_LABRLT, INTER_LOWHIGH, INTER_NO, INTER_INOUTTYPE, INTER_MODIFY, INTER_BIGO1) VALUES (#2018-08-03 17:53:42#,'E','E','196354-S34','','','', '','','20180803','Cl-','D2800030','3', '105','', '','','','105')
2018-08-03 오후 5:55:21 : [Get EOT] :1H|\^&|||i-Smart 30^iSmart^-^1.0.7.1||||||||1394-97|20180803180205
2P|1|||||||||||||||||||||||||||||||||
3O|1||196354-S35||||||||||||Sample|||||||||||||||
4R|1|^^^Na+^M|145|mmol/L|20^250^Reportable|-||||||20180803180205|
5R|2|^^^K+^M|4.5|mmol/L|0.5^20.0^Reportable|-|||||||
6R|3|^^^Cl-^M|111|mmol/L|20^250^Reportable|-|||||||
7R|4|^^^Hct^M|Out of Range(L)|%|10^60^Reportable|<|||||||
0L|1|N

2018-08-03 오후 5:55:21 : [장비에서받기 OBX] :4R|1|^^^Na+^M|145|mmol/L|20^250^Reportable|-||||||20180803180205|
2018-08-03 오후 5:55:21 : [장비에서받기 OBX] :5R|2|^^^K+^M|4.5|mmol/L|0.5^20.0^Reportable|-|||||||
2018-08-03 오후 5:55:21 : [장비에서받기 OBX] :6R|3|^^^Cl-^M|111|mmol/L|20^250^Reportable|-|||||||
2018-08-03 오후 5:55:21 : [장비에서받기 OBX] :7R|4|^^^Hct^M|Out of Range(L)|%|10^60^Reportable|<|||||||
2018-08-03 오후 5:55:21 : [장비에서받기 L] : 빠져나감
2018-08-03 오후 5:55:21 : Select count(*) FROM  [LabPatMst] where INTER_GUBUN = 'E ' AND INTER_CHAM_ID = '196354-S35 ' and INTER_ORDT  = '20180803'   AND INTER_BARCODE = ''   AND INTER_LABCOD = 'D2800020'  AND INTER_SUBCOD = '1'
2018-08-03 오후 5:55:21 : INSERT INTO [LabPatMst](INTER_DATE, INTER_GUBUN, INTER_STATE, INTER_CHAM_ID, INTER_BARCODE, INTER_PID, INTER_PNAME, INTER_PSEX, INTER_PAGE, INTER_ORDT, INTER_LABNAM, INTER_LABCOD,  INTER_SUBCOD, INTER_LABRLT, INTER_LOWHIGH, INTER_NO, INTER_INOUTTYPE, INTER_MODIFY, INTER_BIGO1) VALUES (#2018-08-03 17:55:21#,'E','E','196354-S35','','','', '','','20180803','Na+','D2800020','1', '145','', '','','','145')
2018-08-03 오후 5:55:21 : Select count(*) FROM  [LabPatMst] where INTER_GUBUN = 'E ' AND INTER_CHAM_ID = '196354-S35 ' and INTER_ORDT  = '20180803'   AND INTER_BARCODE = ''   AND INTER_LABCOD = 'D2800060'  AND INTER_SUBCOD = '2'
2018-08-03 오후 5:55:21 : INSERT INTO [LabPatMst](INTER_DATE, INTER_GUBUN, INTER_STATE, INTER_CHAM_ID, INTER_BARCODE, INTER_PID, INTER_PNAME, INTER_PSEX, INTER_PAGE, INTER_ORDT, INTER_LABNAM, INTER_LABCOD,  INTER_SUBCOD, INTER_LABRLT, INTER_LOWHIGH, INTER_NO, INTER_INOUTTYPE, INTER_MODIFY, INTER_BIGO1) VALUES (#2018-08-03 17:55:21#,'E','E','196354-S35','','','', '','','20180803','K+','D2800060','2', '4.5','', '','','','4.5')
2018-08-03 오후 5:55:21 : Select count(*) FROM  [LabPatMst] where INTER_GUBUN = 'E ' AND INTER_CHAM_ID = '196354-S35 ' and INTER_ORDT  = '20180803'   AND INTER_BARCODE = ''   AND INTER_LABCOD = 'D2800030'  AND INTER_SUBCOD = '3'
2018-08-03 오후 5:55:21 : INSERT INTO [LabPatMst](INTER_DATE, INTER_GUBUN, INTER_STATE, INTER_CHAM_ID, INTER_BARCODE, INTER_PID, INTER_PNAME, INTER_PSEX, INTER_PAGE, INTER_ORDT, INTER_LABNAM, INTER_LABCOD,  INTER_SUBCOD, INTER_LABRLT, INTER_LOWHIGH, INTER_NO, INTER_INOUTTYPE, INTER_MODIFY, INTER_BIGO1) VALUES (#2018-08-03 17:55:21#,'E','E','196354-S35','','','', '','','20180803','Cl-','D2800030','3', '111','', '','','','111')
