2018-08-08 오전 12:51:36 : [Get EOT] :1H|\^&|||i-Smart 30^iSmart^-^1.0.7.1||||||||1394-97|20180808005815
2P|1|||||||||||||||||||||||||||||||||
3O|1||196354-S84||||||||||||Sample|||||||||||||||
4R|1|^^^Na+^M|141|mmol/L|20^250^Reportable|-||||||20180808005815|
5R|2|^^^K+^M|4.4|mmol/L|0.5^20.0^Reportable|-|||||||
6R|3|^^^Cl-^M|105|mmol/L|20^250^Reportable|-|||||||
7R|4|^^^Hct^M|Out of Range(L)|%|10^60^Reportable|<|||||||
0L|1|N

2018-08-08 오전 12:51:36 : [장비에서받기 OBX] :4R|1|^^^Na+^M|141|mmol/L|20^250^Reportable|-||||||20180808005815|
2018-08-08 오전 12:51:36 : [장비에서받기 OBX] :5R|2|^^^K+^M|4.4|mmol/L|0.5^20.0^Reportable|-|||||||
2018-08-08 오전 12:51:36 : [장비에서받기 OBX] :6R|3|^^^Cl-^M|105|mmol/L|20^250^Reportable|-|||||||
2018-08-08 오전 12:51:36 : [장비에서받기 OBX] :7R|4|^^^Hct^M|Out of Range(L)|%|10^60^Reportable|<|||||||
2018-08-08 오전 12:51:36 : [장비에서받기 L] : 빠져나감
2018-08-08 오전 12:51:36 : Select count(*) FROM  [LabPatMst] where INTER_GUBUN = 'E ' AND INTER_CHAM_ID = '196354-S84 ' and INTER_ORDT  = '20180808'   AND INTER_BARCODE = ''   AND INTER_LABCOD = 'D2800020'  AND INTER_SUBCOD = '1'
2018-08-08 오전 12:51:36 : INSERT INTO [LabPatMst](INTER_DATE, INTER_GUBUN, INTER_STATE, INTER_CHAM_ID, INTER_BARCODE, INTER_PID, INTER_PNAME, INTER_PSEX, INTER_PAGE, INTER_ORDT, INTER_LABNAM, INTER_LABCOD,  INTER_SUBCOD, INTER_LABRLT, INTER_LOWHIGH, INTER_NO, INTER_INOUTTYPE, INTER_MODIFY, INTER_BIGO1) VALUES (#2018-08-08 00:51:36#,'E','E','196354-S84','','','', '','','20180808','Na+','D2800020','1', '141','', '','','','141')
2018-08-08 오전 12:51:36 : Select count(*) FROM  [LabPatMst] where INTER_GUBUN = 'E ' AND INTER_CHAM_ID = '196354-S84 ' and INTER_ORDT  = '20180808'   AND INTER_BARCODE = ''   AND INTER_LABCOD = 'D2800060'  AND INTER_SUBCOD = '2'
2018-08-08 오전 12:51:36 : INSERT INTO [LabPatMst](INTER_DATE, INTER_GUBUN, INTER_STATE, INTER_CHAM_ID, INTER_BARCODE, INTER_PID, INTER_PNAME, INTER_PSEX, INTER_PAGE, INTER_ORDT, INTER_LABNAM, INTER_LABCOD,  INTER_SUBCOD, INTER_LABRLT, INTER_LOWHIGH, INTER_NO, INTER_INOUTTYPE, INTER_MODIFY, INTER_BIGO1) VALUES (#2018-08-08 00:51:36#,'E','E','196354-S84','','','', '','','20180808','K+','D2800060','2', '4.4','', '','','','4.4')
2018-08-08 오전 12:51:37 : Select count(*) FROM  [LabPatMst] where INTER_GUBUN = 'E ' AND INTER_CHAM_ID = '196354-S84 ' and INTER_ORDT  = '20180808'   AND INTER_BARCODE = ''   AND INTER_LABCOD = 'D2800030'  AND INTER_SUBCOD = '3'
2018-08-08 오전 12:51:37 : INSERT INTO [LabPatMst](INTER_DATE, INTER_GUBUN, INTER_STATE, INTER_CHAM_ID, INTER_BARCODE, INTER_PID, INTER_PNAME, INTER_PSEX, INTER_PAGE, INTER_ORDT, INTER_LABNAM, INTER_LABCOD,  INTER_SUBCOD, INTER_LABRLT, INTER_LOWHIGH, INTER_NO, INTER_INOUTTYPE, INTER_MODIFY, INTER_BIGO1) VALUES (#2018-08-08 00:51:36#,'E','E','196354-S84','','','', '','','20180808','Cl-','D2800030','3', '105','', '','','','105')
2018-08-08 오전 8:38:45 : 통신포트 연결 성공ismart30|COM4|9600|8|None|One
2018-08-08 오전 9:31:28 : [Get EOT] :1H|\^&|||i-Smart 30^iSmart^-^1.0.7.1||||||||1394-97|20180808093808
2P|1|||||||||||||||||||||||||||||||||
3O|1||196354-S85||||||||||||Sample|||||||||||||||
4R|1|^^^Na+^M|142|mmol/L|20^250^Reportable|-||||||20180808093808|
5R|2|^^^K+^M|4.5|mmol/L|0.5^20.0^Reportable|-|||||||
6R|3|^^^Cl-^M|104|mmol/L|20^250^Reportable|-|||||||
7R|4|^^^Hct^M|Out of Range(L)|%|10^60^Reportable|<|||||||
0L|1|N

2018-08-08 오전 9:31:28 : [장비에서받기 OBX] :4R|1|^^^Na+^M|142|mmol/L|20^250^Reportable|-||||||20180808093808|
2018-08-08 오전 9:31:28 : [장비에서받기 OBX] :5R|2|^^^K+^M|4.5|mmol/L|0.5^20.0^Reportable|-|||||||
2018-08-08 오전 9:31:28 : [장비에서받기 OBX] :6R|3|^^^Cl-^M|104|mmol/L|20^250^Reportable|-|||||||
2018-08-08 오전 9:31:28 : [장비에서받기 OBX] :7R|4|^^^Hct^M|Out of Range(L)|%|10^60^Reportable|<|||||||
2018-08-08 오전 9:31:28 : [장비에서받기 L] : 빠져나감
2018-08-08 오전 9:31:31 : Select count(*) FROM  [LabPatMst] where INTER_GUBUN = 'E ' AND INTER_CHAM_ID = '196354-S85 ' and INTER_ORDT  = '20180808'   AND INTER_BARCODE = ''   AND INTER_LABCOD = 'D2800020'  AND INTER_SUBCOD = '1'
2018-08-08 오전 9:31:31 : INSERT INTO [LabPatMst](INTER_DATE, INTER_GUBUN, INTER_STATE, INTER_CHAM_ID, INTER_BARCODE, INTER_PID, INTER_PNAME, INTER_PSEX, INTER_PAGE, INTER_ORDT, INTER_LABNAM, INTER_LABCOD,  INTER_SUBCOD, INTER_LABRLT, INTER_LOWHIGH, INTER_NO, INTER_INOUTTYPE, INTER_MODIFY, INTER_BIGO1) VALUES (#2018-08-08 09:31:28#,'E','E','196354-S85','','','', '','','20180808','Na+','D2800020','1', '142','', '','','','142')
2018-08-08 오전 9:31:31 : Select count(*) FROM  [LabPatMst] where INTER_GUBUN = 'E ' AND INTER_CHAM_ID = '196354-S85 ' and INTER_ORDT  = '20180808'   AND INTER_BARCODE = ''   AND INTER_LABCOD = 'D2800060'  AND INTER_SUBCOD = '2'
2018-08-08 오전 9:31:31 : INSERT INTO [LabPatMst](INTER_DATE, INTER_GUBUN, INTER_STATE, INTER_CHAM_ID, INTER_BARCODE, INTER_PID, INTER_PNAME, INTER_PSEX, INTER_PAGE, INTER_ORDT, INTER_LABNAM, INTER_LABCOD,  INTER_SUBCOD, INTER_LABRLT, INTER_LOWHIGH, INTER_NO, INTER_INOUTTYPE, INTER_MODIFY, INTER_BIGO1) VALUES (#2018-08-08 09:31:28#,'E','E','196354-S85','','','', '','','20180808','K+','D2800060','2', '4.5','', '','','','4.5')
2018-08-08 오전 9:31:31 : Select count(*) FROM  [LabPatMst] where INTER_GUBUN = 'E ' AND INTER_CHAM_ID = '196354-S85 ' and INTER_ORDT  = '20180808'   AND INTER_BARCODE = ''   AND INTER_LABCOD = 'D2800030'  AND INTER_SUBCOD = '3'
2018-08-08 오전 9:31:31 : INSERT INTO [LabPatMst](INTER_DATE, INTER_GUBUN, INTER_STATE, INTER_CHAM_ID, INTER_BARCODE, INTER_PID, INTER_PNAME, INTER_PSEX, INTER_PAGE, INTER_ORDT, INTER_LABNAM, INTER_LABCOD,  INTER_SUBCOD, INTER_LABRLT, INTER_LOWHIGH, INTER_NO, INTER_INOUTTYPE, INTER_MODIFY, INTER_BIGO1) VALUES (#2018-08-08 09:31:28#,'E','E','196354-S85','','','', '','','20180808','Cl-','D2800030','3', '104','', '','','','104')
2018-08-08 오전 10:02:53 : [Get EOT] :1H|\^&|||i-Smart 30^iSmart^-^1.0.7.1||||||||1394-97|20180808100933
2P|1|||||||||||||||||||||||||||||||||
3O|1||196354-S86||||||||||||Sample|||||||||||||||
4R|1|^^^Na+^M|139|mmol/L|20^250^Reportable|-||||||20180808100933|
5R|2|^^^K+^M|4.0|mmol/L|0.5^20.0^Reportable|-|||||||
6R|3|^^^Cl-^M|102|mmol/L|20^250^Reportable|-|||||||
7R|4|^^^Hct^M|Out of Range(L)|%|10^60^Reportable|<|||||||
0L|1|N

2018-08-08 오전 10:02:53 : [장비에서받기 OBX] :4R|1|^^^Na+^M|139|mmol/L|20^250^Reportable|-||||||20180808100933|
2018-08-08 오전 10:02:53 : [장비에서받기 OBX] :5R|2|^^^K+^M|4.0|mmol/L|0.5^20.0^Reportable|-|||||||
2018-08-08 오전 10:02:53 : [장비에서받기 OBX] :6R|3|^^^Cl-^M|102|mmol/L|20^250^Reportable|-|||||||
2018-08-08 오전 10:02:53 : [장비에서받기 OBX] :7R|4|^^^Hct^M|Out of Range(L)|%|10^60^Reportable|<|||||||
2018-08-08 오전 10:02:53 : [장비에서받기 L] : 빠져나감
2018-08-08 오전 10:02:53 : Select count(*) FROM  [LabPatMst] where INTER_GUBUN = 'E ' AND INTER_CHAM_ID = '196354-S86 ' and INTER_ORDT  = '20180808'   AND INTER_BARCODE = ''   AND INTER_LABCOD = 'D2800020'  AND INTER_SUBCOD = '1'
2018-08-08 오전 10:02:53 : INSERT INTO [LabPatMst](INTER_DATE, INTER_GUBUN, INTER_STATE, INTER_CHAM_ID, INTER_BARCODE, INTER_PID, INTER_PNAME, INTER_PSEX, INTER_PAGE, INTER_ORDT, INTER_LABNAM, INTER_LABCOD,  INTER_SUBCOD, INTER_LABRLT, INTER_LOWHIGH, INTER_NO, INTER_INOUTTYPE, INTER_MODIFY, INTER_BIGO1) VALUES (#2018-08-08 10:02:53#,'E','E','196354-S86','','','', '','','20180808','Na+','D2800020','1', '139','', '','','','139')
2018-08-08 오전 10:02:53 : Select count(*) FROM  [LabPatMst] where INTER_GUBUN = 'E ' AND INTER_CHAM_ID = '196354-S86 ' and INTER_ORDT  = '20180808'   AND INTER_BARCODE = ''   AND INTER_LABCOD = 'D2800060'  AND INTER_SUBCOD = '2'
2018-08-08 오전 10:02:53 : INSERT INTO [LabPatMst](INTER_DATE, INTER_GUBUN, INTER_STATE, INTER_CHAM_ID, INTER_BARCODE, INTER_PID, INTER_PNAME, INTER_PSEX, INTER_PAGE, INTER_ORDT, INTER_LABNAM, INTER_LABCOD,  INTER_SUBCOD, INTER_LABRLT, INTER_LOWHIGH, INTER_NO, INTER_INOUTTYPE, INTER_MODIFY, INTER_BIGO1) VALUES (#2018-08-08 10:02:53#,'E','E','196354-S86','','','', '','','20180808','K+','D2800060','2', '4.0','', '','','','4.0')
2018-08-08 오전 10:02:53 : Select count(*) FROM  [LabPatMst] where INTER_GUBUN = 'E ' AND INTER_CHAM_ID = '196354-S86 ' and INTER_ORDT  = '20180808'   AND INTER_BARCODE = ''   AND INTER_LABCOD = 'D2800030'  AND INTER_SUBCOD = '3'
2018-08-08 오전 10:02:53 : INSERT INTO [LabPatMst](INTER_DATE, INTER_GUBUN, INTER_STATE, INTER_CHAM_ID, INTER_BARCODE, INTER_PID, INTER_PNAME, INTER_PSEX, INTER_PAGE, INTER_ORDT, INTER_LABNAM, INTER_LABCOD,  INTER_SUBCOD, INTER_LABRLT, INTER_LOWHIGH, INTER_NO, INTER_INOUTTYPE, INTER_MODIFY, INTER_BIGO1) VALUES (#2018-08-08 10:02:53#,'E','E','196354-S86','','','', '','','20180808','Cl-','D2800030','3', '102','', '','','','102')
2018-08-08 오전 10:04:40 : [Get EOT] :1H|\^&|||i-Smart 30^iSmart^-^1.0.7.1||||||||1394-97|20180808101120
2P|1|||||||||||||||||||||||||||||||||
3O|1||196354-S87||||||||||||Sample|||||||||||||||
4R|1|^^^Na+^M|142|mmol/L|20^250^Reportable|-||||||20180808101120|
5R|2|^^^K+^M|4.1|mmol/L|0.5^20.0^Reportable|-|||||||
6R|3|^^^Cl-^M|105|mmol/L|20^250^Reportable|-|||||||
7R|4|^^^Hct^M|Out of Range(L)|%|10^60^Reportable|<|||||||
0L|1|N

2018-08-08 오전 10:04:40 : [장비에서받기 OBX] :4R|1|^^^Na+^M|142|mmol/L|20^250^Reportable|-||||||20180808101120|
2018-08-08 오전 10:04:40 : [장비에서받기 OBX] :5R|2|^^^K+^M|4.1|mmol/L|0.5^20.0^Reportable|-|||||||
2018-08-08 오전 10:04:40 : [장비에서받기 OBX] :6R|3|^^^Cl-^M|105|mmol/L|20^250^Reportable|-|||||||
2018-08-08 오전 10:04:40 : [장비에서받기 OBX] :7R|4|^^^Hct^M|Out of Range(L)|%|10^60^Reportable|<|||||||
2018-08-08 오전 10:04:40 : [장비에서받기 L] : 빠져나감
2018-08-08 오전 10:04:40 : Select count(*) FROM  [LabPatMst] where INTER_GUBUN = 'E ' AND INTER_CHAM_ID = '196354-S87 ' and INTER_ORDT  = '20180808'   AND INTER_BARCODE = ''   AND INTER_LABCOD = 'D2800020'  AND INTER_SUBCOD = '1'
2018-08-08 오전 10:04:40 : INSERT INTO [LabPatMst](INTER_DATE, INTER_GUBUN, INTER_STATE, INTER_CHAM_ID, INTER_BARCODE, INTER_PID, INTER_PNAME, INTER_PSEX, INTER_PAGE, INTER_ORDT, INTER_LABNAM, INTER_LABCOD,  INTER_SUBCOD, INTER_LABRLT, INTER_LOWHIGH, INTER_NO, INTER_INOUTTYPE, INTER_MODIFY, INTER_BIGO1) VALUES (#2018-08-08 10:04:40#,'E','E','196354-S87','','','', '','','20180808','Na+','D2800020','1', '142','', '','','','142')
2018-08-08 오전 10:04:40 : Select count(*) FROM  [LabPatMst] where INTER_GUBUN = 'E ' AND INTER_CHAM_ID = '196354-S87 ' and INTER_ORDT  = '20180808'   AND INTER_BARCODE = ''   AND INTER_LABCOD = 'D2800060'  AND INTER_SUBCOD = '2'
2018-08-08 오전 10:04:40 : INSERT INTO [LabPatMst](INTER_DATE, INTER_GUBUN, INTER_STATE, INTER_CHAM_ID, INTER_BARCODE, INTER_PID, INTER_PNAME, INTER_PSEX, INTER_PAGE, INTER_ORDT, INTER_LABNAM, INTER_LABCOD,  INTER_SUBCOD, INTER_LABRLT, INTER_LOWHIGH, INTER_NO, INTER_INOUTTYPE, INTER_MODIFY, INTER_BIGO1) VALUES (#2018-08-08 10:04:40#,'E','E','196354-S87','','','', '','','20180808','K+','D2800060','2', '4.1','', '','','','4.1')
2018-08-08 오전 10:04:40 : Select count(*) FROM  [LabPatMst] where INTER_GUBUN = 'E ' AND INTER_CHAM_ID = '196354-S87 ' and INTER_ORDT  = '20180808'   AND INTER_BARCODE = ''   AND INTER_LABCOD = 'D2800030'  AND INTER_SUBCOD = '3'
2018-08-08 오전 10:04:40 : INSERT INTO [LabPatMst](INTER_DATE, INTER_GUBUN, INTER_STATE, INTER_CHAM_ID, INTER_BARCODE, INTER_PID, INTER_PNAME, INTER_PSEX, INTER_PAGE, INTER_ORDT, INTER_LABNAM, INTER_LABCOD,  INTER_SUBCOD, INTER_LABRLT, INTER_LOWHIGH, INTER_NO, INTER_INOUTTYPE, INTER_MODIFY, INTER_BIGO1) VALUES (#2018-08-08 10:04:40#,'E','E','196354-S87','','','', '','','20180808','Cl-','D2800030','3', '105','', '','','','105')
2018-08-08 오전 10:07:04 : [Get EOT] :1H|\^&|||i-Smart 30^iSmart^-^1.0.7.1||||||||1394-97|20180808101344
2P|1|||||||||||||||||||||||||||||||||
3O|1||196354-S88||||||||||||Sample|||||||||||||||
4R|1|^^^Na+^M|139|mmol/L|20^250^Reportable|-||||||20180808101344|
5R|2|^^^K+^M|4.2|mmol/L|0.5^20.0^Reportable|-|||||||
6R|3|^^^Cl-^M|104|mmol/L|20^250^Reportable|-|||||||
7R|4|^^^Hct^M|Out of Range(L)|%|10^60^Reportable|<|||||||
0L|1|N

2018-08-08 오전 10:07:04 : [장비에서받기 OBX] :4R|1|^^^Na+^M|139|mmol/L|20^250^Reportable|-||||||20180808101344|
2018-08-08 오전 10:07:04 : [장비에서받기 OBX] :5R|2|^^^K+^M|4.2|mmol/L|0.5^20.0^Reportable|-|||||||
2018-08-08 오전 10:07:04 : [장비에서받기 OBX] :6R|3|^^^Cl-^M|104|mmol/L|20^250^Reportable|-|||||||
2018-08-08 오전 10:07:04 : [장비에서받기 OBX] :7R|4|^^^Hct^M|Out of Range(L)|%|10^60^Reportable|<|||||||
2018-08-08 오전 10:07:04 : [장비에서받기 L] : 빠져나감
2018-08-08 오전 10:07:04 : Select count(*) FROM  [LabPatMst] where INTER_GUBUN = 'E ' AND INTER_CHAM_ID = '196354-S88 ' and INTER_ORDT  = '20180808'   AND INTER_BARCODE = ''   AND INTER_LABCOD = 'D2800020'  AND INTER_SUBCOD = '1'
2018-08-08 오전 10:07:04 : INSERT INTO [LabPatMst](INTER_DATE, INTER_GUBUN, INTER_STATE, INTER_CHAM_ID, INTER_BARCODE, INTER_PID, INTER_PNAME, INTER_PSEX, INTER_PAGE, INTER_ORDT, INTER_LABNAM, INTER_LABCOD,  INTER_SUBCOD, INTER_LABRLT, INTER_LOWHIGH, INTER_NO, INTER_INOUTTYPE, INTER_MODIFY, INTER_BIGO1) VALUES (#2018-08-08 10:07:04#,'E','E','196354-S88','','','', '','','20180808','Na+','D2800020','1', '139','', '','','','139')
2018-08-08 오전 10:07:04 : Select count(*) FROM  [LabPatMst] where INTER_GUBUN = 'E ' AND INTER_CHAM_ID = '196354-S88 ' and INTER_ORDT  = '20180808'   AND INTER_BARCODE = ''   AND INTER_LABCOD = 'D2800060'  AND INTER_SUBCOD = '2'
2018-08-08 오전 10:07:04 : INSERT INTO [LabPatMst](INTER_DATE, INTER_GUBUN, INTER_STATE, INTER_CHAM_ID, INTER_BARCODE, INTER_PID, INTER_PNAME, INTER_PSEX, INTER_PAGE, INTER_ORDT, INTER_LABNAM, INTER_LABCOD,  INTER_SUBCOD, INTER_LABRLT, INTER_LOWHIGH, INTER_NO, INTER_INOUTTYPE, INTER_MODIFY, INTER_BIGO1) VALUES (#2018-08-08 10:07:04#,'E','E','196354-S88','','','', '','','20180808','K+','D2800060','2', '4.2','', '','','','4.2')
2018-08-08 오전 10:07:04 : Select count(*) FROM  [LabPatMst] where INTER_GUBUN = 'E ' AND INTER_CHAM_ID = '196354-S88 ' and INTER_ORDT  = '20180808'   AND INTER_BARCODE = ''   AND INTER_LABCOD = 'D2800030'  AND INTER_SUBCOD = '3'
2018-08-08 오전 10:07:04 : INSERT INTO [LabPatMst](INTER_DATE, INTER_GUBUN, INTER_STATE, INTER_CHAM_ID, INTER_BARCODE, INTER_PID, INTER_PNAME, INTER_PSEX, INTER_PAGE, INTER_ORDT, INTER_LABNAM, INTER_LABCOD,  INTER_SUBCOD, INTER_LABRLT, INTER_LOWHIGH, INTER_NO, INTER_INOUTTYPE, INTER_MODIFY, INTER_BIGO1) VALUES (#2018-08-08 10:07:04#,'E','E','196354-S88','','','', '','','20180808','Cl-','D2800030','3', '104','', '','','','104')
2018-08-08 오전 10:09:10 : [Get EOT] :1H|\^&|||i-Smart 30^iSmart^-^1.0.7.1||||||||1394-97|20180808101550
2P|1|||||||||||||||||||||||||||||||||
3O|1||196354-S89||||||||||||Sample|||||||||||||||
4R|1|^^^Na+^M|142|mmol/L|20^250^Reportable|-||||||20180808101550|
5R|2|^^^K+^M|3.9|mmol/L|0.5^20.0^Reportable|-|||||||
6R|3|^^^Cl-^M|105|mmol/L|20^250^Reportable|-|||||||
7R|4|^^^Hct^M|Out of Range(L)|%|10^60^Reportable|<|||||||
0L|1|N

2018-08-08 오전 10:09:10 : [장비에서받기 OBX] :4R|1|^^^Na+^M|142|mmol/L|20^250^Reportable|-||||||20180808101550|
2018-08-08 오전 10:09:10 : [장비에서받기 OBX] :5R|2|^^^K+^M|3.9|mmol/L|0.5^20.0^Reportable|-|||||||
2018-08-08 오전 10:09:10 : [장비에서받기 OBX] :6R|3|^^^Cl-^M|105|mmol/L|20^250^Reportable|-|||||||
2018-08-08 오전 10:09:10 : [장비에서받기 OBX] :7R|4|^^^Hct^M|Out of Range(L)|%|10^60^Reportable|<|||||||
2018-08-08 오전 10:09:10 : [장비에서받기 L] : 빠져나감
2018-08-08 오전 10:09:10 : Select count(*) FROM  [LabPatMst] where INTER_GUBUN = 'E ' AND INTER_CHAM_ID = '196354-S89 ' and INTER_ORDT  = '20180808'   AND INTER_BARCODE = ''   AND INTER_LABCOD = 'D2800020'  AND INTER_SUBCOD = '1'
2018-08-08 오전 10:09:10 : INSERT INTO [LabPatMst](INTER_DATE, INTER_GUBUN, INTER_STATE, INTER_CHAM_ID, INTER_BARCODE, INTER_PID, INTER_PNAME, INTER_PSEX, INTER_PAGE, INTER_ORDT, INTER_LABNAM, INTER_LABCOD,  INTER_SUBCOD, INTER_LABRLT, INTER_LOWHIGH, INTER_NO, INTER_INOUTTYPE, INTER_MODIFY, INTER_BIGO1) VALUES (#2018-08-08 10:09:10#,'E','E','196354-S89','','','', '','','20180808','Na+','D2800020','1', '142','', '','','','142')
2018-08-08 오전 10:09:10 : Select count(*) FROM  [LabPatMst] where INTER_GUBUN = 'E ' AND INTER_CHAM_ID = '196354-S89 ' and INTER_ORDT  = '20180808'   AND INTER_BARCODE = ''   AND INTER_LABCOD = 'D2800060'  AND INTER_SUBCOD = '2'
2018-08-08 오전 10:09:10 : INSERT INTO [LabPatMst](INTER_DATE, INTER_GUBUN, INTER_STATE, INTER_CHAM_ID, INTER_BARCODE, INTER_PID, INTER_PNAME, INTER_PSEX, INTER_PAGE, INTER_ORDT, INTER_LABNAM, INTER_LABCOD,  INTER_SUBCOD, INTER_LABRLT, INTER_LOWHIGH, INTER_NO, INTER_INOUTTYPE, INTER_MODIFY, INTER_BIGO1) VALUES (#2018-08-08 10:09:10#,'E','E','196354-S89','','','', '','','20180808','K+','D2800060','2', '3.9','', '','','','3.9')
2018-08-08 오전 10:09:10 : Select count(*) FROM  [LabPatMst] where INTER_GUBUN = 'E ' AND INTER_CHAM_ID = '196354-S89 ' and INTER_ORDT  = '20180808'   AND INTER_BARCODE = ''   AND INTER_LABCOD = 'D2800030'  AND INTER_SUBCOD = '3'
2018-08-08 오전 10:09:10 : INSERT INTO [LabPatMst](INTER_DATE, INTER_GUBUN, INTER_STATE, INTER_CHAM_ID, INTER_BARCODE, INTER_PID, INTER_PNAME, INTER_PSEX, INTER_PAGE, INTER_ORDT, INTER_LABNAM, INTER_LABCOD,  INTER_SUBCOD, INTER_LABRLT, INTER_LOWHIGH, INTER_NO, INTER_INOUTTYPE, INTER_MODIFY, INTER_BIGO1) VALUES (#2018-08-08 10:09:10#,'E','E','196354-S89','','','', '','','20180808','Cl-','D2800030','3', '105','', '','','','105')
2018-08-08 오전 10:17:41 : [Get EOT] :1H|\^&|||i-Smart 30^iSmart^-^1.0.7.1||||||||1394-97|20180808102422
2P|1|||||||||||||||||||||||||||||||||
3O|1||196354-S90||||||||||||Sample|||||||||||||||
4R|1|^^^Na+^M|138|mmol/L|20^250^Reportable|-||||||20180808102421|
5R|2|^^^K+^M|4.6|mmol/L|0.5^20.0^Reportable|-|||||||
6R|3|^^^Cl-^M|96|mmol/L|20^250^Reportable|-|||||||
7R|4|^^^Hct^M|Out of Range(L)|%|10^60^Reportable|<|||||||
0L|1|N

2018-08-08 오전 10:17:41 : [장비에서받기 OBX] :4R|1|^^^Na+^M|138|mmol/L|20^250^Reportable|-||||||20180808102421|
2018-08-08 오전 10:17:41 : [장비에서받기 OBX] :5R|2|^^^K+^M|4.6|mmol/L|0.5^20.0^Reportable|-|||||||
2018-08-08 오전 10:17:41 : [장비에서받기 OBX] :6R|3|^^^Cl-^M|96|mmol/L|20^250^Reportable|-|||||||
2018-08-08 오전 10:17:41 : [장비에서받기 OBX] :7R|4|^^^Hct^M|Out of Range(L)|%|10^60^Reportable|<|||||||
2018-08-08 오전 10:17:41 : [장비에서받기 L] : 빠져나감
2018-08-08 오전 10:17:41 : Select count(*) FROM  [LabPatMst] where INTER_GUBUN = 'E ' AND INTER_CHAM_ID = '196354-S90 ' and INTER_ORDT  = '20180808'   AND INTER_BARCODE = ''   AND INTER_LABCOD = 'D2800020'  AND INTER_SUBCOD = '1'
2018-08-08 오전 10:17:41 : INSERT INTO [LabPatMst](INTER_DATE, INTER_GUBUN, INTER_STATE, INTER_CHAM_ID, INTER_BARCODE, INTER_PID, INTER_PNAME, INTER_PSEX, INTER_PAGE, INTER_ORDT, INTER_LABNAM, INTER_LABCOD,  INTER_SUBCOD, INTER_LABRLT, INTER_LOWHIGH, INTER_NO, INTER_INOUTTYPE, INTER_MODIFY, INTER_BIGO1) VALUES (#2018-08-08 10:17:41#,'E','E','196354-S90','','','', '','','20180808','Na+','D2800020','1', '138','', '','','','138')
2018-08-08 오전 10:17:41 : Select count(*) FROM  [LabPatMst] where INTER_GUBUN = 'E ' AND INTER_CHAM_ID = '196354-S90 ' and INTER_ORDT  = '20180808'   AND INTER_BARCODE = ''   AND INTER_LABCOD = 'D2800060'  AND INTER_SUBCOD = '2'
2018-08-08 오전 10:17:41 : INSERT INTO [LabPatMst](INTER_DATE, INTER_GUBUN, INTER_STATE, INTER_CHAM_ID, INTER_BARCODE, INTER_PID, INTER_PNAME, INTER_PSEX, INTER_PAGE, INTER_ORDT, INTER_LABNAM, INTER_LABCOD,  INTER_SUBCOD, INTER_LABRLT, INTER_LOWHIGH, INTER_NO, INTER_INOUTTYPE, INTER_MODIFY, INTER_BIGO1) VALUES (#2018-08-08 10:17:41#,'E','E','196354-S90','','','', '','','20180808','K+','D2800060','2', '4.6','', '','','','4.6')
2018-08-08 오전 10:17:41 : Select count(*) FROM  [LabPatMst] where INTER_GUBUN = 'E ' AND INTER_CHAM_ID = '196354-S90 ' and INTER_ORDT  = '20180808'   AND INTER_BARCODE = ''   AND INTER_LABCOD = 'D2800030'  AND INTER_SUBCOD = '3'
2018-08-08 오전 10:17:41 : INSERT INTO [LabPatMst](INTER_DATE, INTER_GUBUN, INTER_STATE, INTER_CHAM_ID, INTER_BARCODE, INTER_PID, INTER_PNAME, INTER_PSEX, INTER_PAGE, INTER_ORDT, INTER_LABNAM, INTER_LABCOD,  INTER_SUBCOD, INTER_LABRLT, INTER_LOWHIGH, INTER_NO, INTER_INOUTTYPE, INTER_MODIFY, INTER_BIGO1) VALUES (#2018-08-08 10:17:41#,'E','E','196354-S90','','','', '','','20180808','Cl-','D2800030','3', '96','', '','','','96')
2018-08-08 오전 10:49:19 : [Get EOT] :1H|\^&|||i-Smart 30^iSmart^-^1.0.7.1||||||||1394-97|20180808105559
2P|1|||||||||||||||||||||||||||||||||
3O|1||196354-S91||||||||||||Sample|||||||||||||||
4R|1|^^^Na+^M|144|mmol/L|20^250^Reportable|-||||||20180808105559|
5R|2|^^^K+^M|4.5|mmol/L|0.5^20.0^Reportable|-|||||||
6R|3|^^^Cl-^M|105|mmol/L|20^250^Reportable|-|||||||
7R|4|^^^Hct^M|Out of Range(L)|%|10^60^Reportable|<|||||||
0L|1|N

2018-08-08 오전 10:49:19 : [장비에서받기 OBX] :4R|1|^^^Na+^M|144|mmol/L|20^250^Reportable|-||||||20180808105559|
2018-08-08 오전 10:49:19 : [장비에서받기 OBX] :5R|2|^^^K+^M|4.5|mmol/L|0.5^20.0^Reportable|-|||||||
2018-08-08 오전 10:49:19 : [장비에서받기 OBX] :6R|3|^^^Cl-^M|105|mmol/L|20^250^Reportable|-|||||||
2018-08-08 오전 10:49:19 : [장비에서받기 OBX] :7R|4|^^^Hct^M|Out of Range(L)|%|10^60^Reportable|<|||||||
2018-08-08 오전 10:49:19 : [장비에서받기 L] : 빠져나감
2018-08-08 오전 10:49:19 : Select count(*) FROM  [LabPatMst] where INTER_GUBUN = 'E ' AND INTER_CHAM_ID = '196354-S91 ' and INTER_ORDT  = '20180808'   AND INTER_BARCODE = ''   AND INTER_LABCOD = 'D2800020'  AND INTER_SUBCOD = '1'
2018-08-08 오전 10:49:19 : INSERT INTO [LabPatMst](INTER_DATE, INTER_GUBUN, INTER_STATE, INTER_CHAM_ID, INTER_BARCODE, INTER_PID, INTER_PNAME, INTER_PSEX, INTER_PAGE, INTER_ORDT, INTER_LABNAM, INTER_LABCOD,  INTER_SUBCOD, INTER_LABRLT, INTER_LOWHIGH, INTER_NO, INTER_INOUTTYPE, INTER_MODIFY, INTER_BIGO1) VALUES (#2018-08-08 10:49:19#,'E','E','196354-S91','','','', '','','20180808','Na+','D2800020','1', '144','', '','','','144')
2018-08-08 오전 10:49:19 : Select count(*) FROM  [LabPatMst] where INTER_GUBUN = 'E ' AND INTER_CHAM_ID = '196354-S91 ' and INTER_ORDT  = '20180808'   AND INTER_BARCODE = ''   AND INTER_LABCOD = 'D2800060'  AND INTER_SUBCOD = '2'
2018-08-08 오전 10:49:19 : INSERT INTO [LabPatMst](INTER_DATE, INTER_GUBUN, INTER_STATE, INTER_CHAM_ID, INTER_BARCODE, INTER_PID, INTER_PNAME, INTER_PSEX, INTER_PAGE, INTER_ORDT, INTER_LABNAM, INTER_LABCOD,  INTER_SUBCOD, INTER_LABRLT, INTER_LOWHIGH, INTER_NO, INTER_INOUTTYPE, INTER_MODIFY, INTER_BIGO1) VALUES (#2018-08-08 10:49:19#,'E','E','196354-S91','','','', '','','20180808','K+','D2800060','2', '4.5','', '','','','4.5')
2018-08-08 오전 10:49:19 : Select count(*) FROM  [LabPatMst] where INTER_GUBUN = 'E ' AND INTER_CHAM_ID = '196354-S91 ' and INTER_ORDT  = '20180808'   AND INTER_BARCODE = ''   AND INTER_LABCOD = 'D2800030'  AND INTER_SUBCOD = '3'
2018-08-08 오전 10:49:19 : INSERT INTO [LabPatMst](INTER_DATE, INTER_GUBUN, INTER_STATE, INTER_CHAM_ID, INTER_BARCODE, INTER_PID, INTER_PNAME, INTER_PSEX, INTER_PAGE, INTER_ORDT, INTER_LABNAM, INTER_LABCOD,  INTER_SUBCOD, INTER_LABRLT, INTER_LOWHIGH, INTER_NO, INTER_INOUTTYPE, INTER_MODIFY, INTER_BIGO1) VALUES (#2018-08-08 10:49:19#,'E','E','196354-S91','','','', '','','20180808','Cl-','D2800030','3', '105','', '','','','105')
2018-08-08 오후 1:53:43 : [Get EOT] :1H|\^&|||i-Smart 30^iSmart^-^1.0.7.1||||||||1394-97|20180808140022
2P|1|||||||||||||||||||||||||||||||||
3O|1||196354-S92||||||||||||Sample|||||||||||||||
4R|1|^^^Na+^M|143|mmol/L|20^250^Reportable|-||||||20180808140022|
5R|2|^^^K+^M|4.0|mmol/L|0.5^20.0^Reportable|-|||||||
6R|3|^^^Cl-^M|103|mmol/L|20^250^Reportable|-|||||||
7R|4|^^^Hct^M|Out of Range(L)|%|10^60^Reportable|<|||||||
0L|1|N

2018-08-08 오후 1:53:43 : [장비에서받기 OBX] :4R|1|^^^Na+^M|143|mmol/L|20^250^Reportable|-||||||20180808140022|
2018-08-08 오후 1:53:43 : [장비에서받기 OBX] :5R|2|^^^K+^M|4.0|mmol/L|0.5^20.0^Reportable|-|||||||
2018-08-08 오후 1:53:43 : [장비에서받기 OBX] :6R|3|^^^Cl-^M|103|mmol/L|20^250^Reportable|-|||||||
2018-08-08 오후 1:53:43 : [장비에서받기 OBX] :7R|4|^^^Hct^M|Out of Range(L)|%|10^60^Reportable|<|||||||
2018-08-08 오후 1:53:43 : [장비에서받기 L] : 빠져나감
2018-08-08 오후 1:53:43 : Select count(*) FROM  [LabPatMst] where INTER_GUBUN = 'E ' AND INTER_CHAM_ID = '196354-S92 ' and INTER_ORDT  = '20180808'   AND INTER_BARCODE = ''   AND INTER_LABCOD = 'D2800020'  AND INTER_SUBCOD = '1'
2018-08-08 오후 1:53:43 : INSERT INTO [LabPatMst](INTER_DATE, INTER_GUBUN, INTER_STATE, INTER_CHAM_ID, INTER_BARCODE, INTER_PID, INTER_PNAME, INTER_PSEX, INTER_PAGE, INTER_ORDT, INTER_LABNAM, INTER_LABCOD,  INTER_SUBCOD, INTER_LABRLT, INTER_LOWHIGH, INTER_NO, INTER_INOUTTYPE, INTER_MODIFY, INTER_BIGO1) VALUES (#2018-08-08 13:53:43#,'E','E','196354-S92','','','', '','','20180808','Na+','D2800020','1', '143','', '','','','143')
2018-08-08 오후 1:53:43 : Select count(*) FROM  [LabPatMst] where INTER_GUBUN = 'E ' AND INTER_CHAM_ID = '196354-S92 ' and INTER_ORDT  = '20180808'   AND INTER_BARCODE = ''   AND INTER_LABCOD = 'D2800060'  AND INTER_SUBCOD = '2'
2018-08-08 오후 1:53:43 : INSERT INTO [LabPatMst](INTER_DATE, INTER_GUBUN, INTER_STATE, INTER_CHAM_ID, INTER_BARCODE, INTER_PID, INTER_PNAME, INTER_PSEX, INTER_PAGE, INTER_ORDT, INTER_LABNAM, INTER_LABCOD,  INTER_SUBCOD, INTER_LABRLT, INTER_LOWHIGH, INTER_NO, INTER_INOUTTYPE, INTER_MODIFY, INTER_BIGO1) VALUES (#2018-08-08 13:53:43#,'E','E','196354-S92','','','', '','','20180808','K+','D2800060','2', '4.0','', '','','','4.0')
2018-08-08 오후 1:53:43 : Select count(*) FROM  [LabPatMst] where INTER_GUBUN = 'E ' AND INTER_CHAM_ID = '196354-S92 ' and INTER_ORDT  = '20180808'   AND INTER_BARCODE = ''   AND INTER_LABCOD = 'D2800030'  AND INTER_SUBCOD = '3'
2018-08-08 오후 1:53:43 : INSERT INTO [LabPatMst](INTER_DATE, INTER_GUBUN, INTER_STATE, INTER_CHAM_ID, INTER_BARCODE, INTER_PID, INTER_PNAME, INTER_PSEX, INTER_PAGE, INTER_ORDT, INTER_LABNAM, INTER_LABCOD,  INTER_SUBCOD, INTER_LABRLT, INTER_LOWHIGH, INTER_NO, INTER_INOUTTYPE, INTER_MODIFY, INTER_BIGO1) VALUES (#2018-08-08 13:53:43#,'E','E','196354-S92','','','', '','','20180808','Cl-','D2800030','3', '103','', '','','','103')
2018-08-08 오후 3:59:06 : [Get EOT] :1H|\^&|||i-Smart 30^iSmart^-^1.0.7.1||||||||1394-97|20180808160546
2P|1|||||||||||||||||||||||||||||||||
3O|1||196354-S93||||||||||||Sample|||||||||||||||
4R|1|^^^Na+^M|145|mmol/L|20^250^Reportable|-||||||20180808160546|
5R|2|^^^K+^M|4.3|mmol/L|0.5^20.0^Reportable|-|||||||
6R|3|^^^Cl-^M|105|mmol/L|20^250^Reportable|-|||||||
7R|4|^^^Hct^M|Out of Range(L)|%|10^60^Reportable|<|||||||
0L|1|N

2018-08-08 오후 3:59:06 : [장비에서받기 OBX] :4R|1|^^^Na+^M|145|mmol/L|20^250^Reportable|-||||||20180808160546|
2018-08-08 오후 3:59:06 : [장비에서받기 OBX] :5R|2|^^^K+^M|4.3|mmol/L|0.5^20.0^Reportable|-|||||||
2018-08-08 오후 3:59:06 : [장비에서받기 OBX] :6R|3|^^^Cl-^M|105|mmol/L|20^250^Reportable|-|||||||
2018-08-08 오후 3:59:06 : [장비에서받기 OBX] :7R|4|^^^Hct^M|Out of Range(L)|%|10^60^Reportable|<|||||||
2018-08-08 오후 3:59:06 : [장비에서받기 L] : 빠져나감
2018-08-08 오후 3:59:06 : Select count(*) FROM  [LabPatMst] where INTER_GUBUN = 'E ' AND INTER_CHAM_ID = '196354-S93 ' and INTER_ORDT  = '20180808'   AND INTER_BARCODE = ''   AND INTER_LABCOD = 'D2800020'  AND INTER_SUBCOD = '1'
2018-08-08 오후 3:59:06 : INSERT INTO [LabPatMst](INTER_DATE, INTER_GUBUN, INTER_STATE, INTER_CHAM_ID, INTER_BARCODE, INTER_PID, INTER_PNAME, INTER_PSEX, INTER_PAGE, INTER_ORDT, INTER_LABNAM, INTER_LABCOD,  INTER_SUBCOD, INTER_LABRLT, INTER_LOWHIGH, INTER_NO, INTER_INOUTTYPE, INTER_MODIFY, INTER_BIGO1) VALUES (#2018-08-08 15:59:06#,'E','E','196354-S93','','','', '','','20180808','Na+','D2800020','1', '145','', '','','','145')
2018-08-08 오후 3:59:06 : Select count(*) FROM  [LabPatMst] where INTER_GUBUN = 'E ' AND INTER_CHAM_ID = '196354-S93 ' and INTER_ORDT  = '20180808'   AND INTER_BARCODE = ''   AND INTER_LABCOD = 'D2800060'  AND INTER_SUBCOD = '2'
2018-08-08 오후 3:59:06 : INSERT INTO [LabPatMst](INTER_DATE, INTER_GUBUN, INTER_STATE, INTER_CHAM_ID, INTER_BARCODE, INTER_PID, INTER_PNAME, INTER_PSEX, INTER_PAGE, INTER_ORDT, INTER_LABNAM, INTER_LABCOD,  INTER_SUBCOD, INTER_LABRLT, INTER_LOWHIGH, INTER_NO, INTER_INOUTTYPE, INTER_MODIFY, INTER_BIGO1) VALUES (#2018-08-08 15:59:06#,'E','E','196354-S93','','','', '','','20180808','K+','D2800060','2', '4.3','', '','','','4.3')
2018-08-08 오후 3:59:06 : Select count(*) FROM  [LabPatMst] where INTER_GUBUN = 'E ' AND INTER_CHAM_ID = '196354-S93 ' and INTER_ORDT  = '20180808'   AND INTER_BARCODE = ''   AND INTER_LABCOD = 'D2800030'  AND INTER_SUBCOD = '3'
2018-08-08 오후 3:59:06 : INSERT INTO [LabPatMst](INTER_DATE, INTER_GUBUN, INTER_STATE, INTER_CHAM_ID, INTER_BARCODE, INTER_PID, INTER_PNAME, INTER_PSEX, INTER_PAGE, INTER_ORDT, INTER_LABNAM, INTER_LABCOD,  INTER_SUBCOD, INTER_LABRLT, INTER_LOWHIGH, INTER_NO, INTER_INOUTTYPE, INTER_MODIFY, INTER_BIGO1) VALUES (#2018-08-08 15:59:06#,'E','E','196354-S93','','','', '','','20180808','Cl-','D2800030','3', '105','', '','','','105')
2018-08-08 오후 4:01:18 : [Get EOT] :1H|\^&|||i-Smart 30^iSmart^-^1.0.7.1||||||||1394-97|20180808160758
2P|1|||||||||||||||||||||||||||||||||
3O|1||196354-S94||||||||||||Sample|||||||||||||||
4R|1|^^^Na+^M|145|mmol/L|20^250^Reportable|-||||||20180808160757|
5R|2|^^^K+^M|4.0|mmol/L|0.5^20.0^Reportable|-|||||||
6R|3|^^^Cl-^M|109|mmol/L|20^250^Reportable|-|||||||
7R|4|^^^Hct^M|Out of Range(L)|%|10^60^Reportable|<|||||||
0L|1|N

2018-08-08 오후 4:01:18 : [장비에서받기 OBX] :4R|1|^^^Na+^M|145|mmol/L|20^250^Reportable|-||||||20180808160757|
2018-08-08 오후 4:01:18 : [장비에서받기 OBX] :5R|2|^^^K+^M|4.0|mmol/L|0.5^20.0^Reportable|-|||||||
2018-08-08 오후 4:01:18 : [장비에서받기 OBX] :6R|3|^^^Cl-^M|109|mmol/L|20^250^Reportable|-|||||||
2018-08-08 오후 4:01:18 : [장비에서받기 OBX] :7R|4|^^^Hct^M|Out of Range(L)|%|10^60^Reportable|<|||||||
2018-08-08 오후 4:01:18 : [장비에서받기 L] : 빠져나감
2018-08-08 오후 4:01:18 : Select count(*) FROM  [LabPatMst] where INTER_GUBUN = 'E ' AND INTER_CHAM_ID = '196354-S94 ' and INTER_ORDT  = '20180808'   AND INTER_BARCODE = ''   AND INTER_LABCOD = 'D2800020'  AND INTER_SUBCOD = '1'
2018-08-08 오후 4:01:18 : INSERT INTO [LabPatMst](INTER_DATE, INTER_GUBUN, INTER_STATE, INTER_CHAM_ID, INTER_BARCODE, INTER_PID, INTER_PNAME, INTER_PSEX, INTER_PAGE, INTER_ORDT, INTER_LABNAM, INTER_LABCOD,  INTER_SUBCOD, INTER_LABRLT, INTER_LOWHIGH, INTER_NO, INTER_INOUTTYPE, INTER_MODIFY, INTER_BIGO1) VALUES (#2018-08-08 16:01:18#,'E','E','196354-S94','','','', '','','20180808','Na+','D2800020','1', '145','', '','','','145')
2018-08-08 오후 4:01:18 : Select count(*) FROM  [LabPatMst] where INTER_GUBUN = 'E ' AND INTER_CHAM_ID = '196354-S94 ' and INTER_ORDT  = '20180808'   AND INTER_BARCODE = ''   AND INTER_LABCOD = 'D2800060'  AND INTER_SUBCOD = '2'
2018-08-08 오후 4:01:18 : INSERT INTO [LabPatMst](INTER_DATE, INTER_GUBUN, INTER_STATE, INTER_CHAM_ID, INTER_BARCODE, INTER_PID, INTER_PNAME, INTER_PSEX, INTER_PAGE, INTER_ORDT, INTER_LABNAM, INTER_LABCOD,  INTER_SUBCOD, INTER_LABRLT, INTER_LOWHIGH, INTER_NO, INTER_INOUTTYPE, INTER_MODIFY, INTER_BIGO1) VALUES (#2018-08-08 16:01:18#,'E','E','196354-S94','','','', '','','20180808','K+','D2800060','2', '4.0','', '','','','4.0')
2018-08-08 오후 4:01:18 : Select count(*) FROM  [LabPatMst] where INTER_GUBUN = 'E ' AND INTER_CHAM_ID = '196354-S94 ' and INTER_ORDT  = '20180808'   AND INTER_BARCODE = ''   AND INTER_LABCOD = 'D2800030'  AND INTER_SUBCOD = '3'
2018-08-08 오후 4:01:18 : INSERT INTO [LabPatMst](INTER_DATE, INTER_GUBUN, INTER_STATE, INTER_CHAM_ID, INTER_BARCODE, INTER_PID, INTER_PNAME, INTER_PSEX, INTER_PAGE, INTER_ORDT, INTER_LABNAM, INTER_LABCOD,  INTER_SUBCOD, INTER_LABRLT, INTER_LOWHIGH, INTER_NO, INTER_INOUTTYPE, INTER_MODIFY, INTER_BIGO1) VALUES (#2018-08-08 16:01:18#,'E','E','196354-S94','','','', '','','20180808','Cl-','D2800030','3', '109','', '','','','109')
