        Procedure : frmInterface - Private Sub f_subSet_ItemList()

     Error Source : CobasCore

     Error Number : 5

Error Description : 프로시저 호출 또는 인수가 잘못되었습니다.

             Date : 2003년 8월 12일 월요일

             Time : 오전 9:49:32
━━━━━━━━━━━━━━━━━━━━━━━━━━━━━━━━━━━━━━━━
        Procedure : frmInterface - Private Sub cmdRun()

     Error Source : MSComm

     Error Number : 8002

Error Description : 포트 번호가 잘못되었습니다.

             Date : 2003년 8월 12일 월요일

             Time : 오전 9:51:06
━━━━━━━━━━━━━━━━━━━━━━━━━━━━━━━━━━━━━━━━
        Procedure : frmInterface - Private Sub cmdRun()

     Error Source : MSComm

     Error Number : 8002

Error Description : 포트 번호가 잘못되었습니다.

             Date : 2003년 8월 12일 월요일

             Time : 오전 9:52:05
━━━━━━━━━━━━━━━━━━━━━━━━━━━━━━━━━━━━━━━━
