09:30:51 : 'COM1' 포트에 대한 액세스가 거부되었습니다.
   위치: System.IO.Ports.InternalResources.WinIOError(Int32 errorCode, String str)
   위치: System.IO.Ports.SerialStream..ctor(String portName, Int32 baudRate, Parity parity, Int32 dataBits, StopBits stopBits, Int32 readTimeout, Int32 writeTimeout, Handshake handshake, Boolean dtrEnable, Boolean rtsEnable, Boolean discardNull, Byte parityReplace)
   위치: System.IO.Ports.SerialPort.Open()
   위치: IdifCommon.clsCommon.OpenPort(SerialPort prmSerialPort, String prmPortName, Int32 prmBaudRate)
   위치: IdifCommon.clsCommon.OpenPort(SerialPort prmSerialPort, String prmPortName, Int32 prmBaudRate)
   위치: IdifCommon.frmExcelPrintBase.InitForm()

09:32:49 : 프린터 상태를 확인하세요.:응답없음
   위치: IdifCommon.frmExcelPrintBase.PrintStart()
   위치: IdifCommon.frmExcelPrintBase.PrintStart()
   위치: IdifCommon.frmExcelPrintBase.cmdPrintStart_Click(Object sender, EventArgs e)

09:38:06 : 프린터 상태를 확인하세요.:응답없음
   위치: IdifCommon.frmExcelPrintBase.PrintStart()
   위치: IdifCommon.frmExcelPrintBase.PrintStart()
   위치: IdifCommon.frmExcelPrintBase.cmdPrintStart_Click(Object sender, EventArgs e)

10:01:54 : 프린터 상태를 확인하세요.:응답없음
   위치: IdifCommon.frmExcelPrintBase.PrintStart()
   위치: IdifCommon.frmExcelPrintBase.PrintStart()
   위치: IdifCommon.frmExcelPrintBase.cmdPrintStart_Click(Object sender, EventArgs e)

10:13:05 : 프린터 상태를 확인하세요.:응답없음
   위치: IdifCommon.frmExcelPrintBase.PrintStart()
   위치: IdifCommon.frmExcelPrintBase.PrintStart()
   위치: IdifCommon.frmExcelPrintBase.cmdPrintStart_Click(Object sender, EventArgs e)

10:26:02 : 프린터 상태를 확인하세요.:응답없음
   위치: IdifCommon.frmExcelPrintBase.PrintStart()
   위치: IdifCommon.frmExcelPrintBase.PrintStart()
   위치: IdifCommon.frmExcelPrintBase.cmdPrintStart_Click(Object sender, EventArgs e)

10:53:39 : 프린터 상태를 확인하세요.:응답없음
   위치: IdifCommon.frmExcelPrintBase.PrintStart()
   위치: IdifCommon.frmExcelPrintBase.PrintStart()
   위치: IdifCommon.frmExcelPrintBase.cmdPrintStart_Click(Object sender, EventArgs e)

10:53:43 : 메모리가 부족합니다.
   위치: System.Drawing.Bitmap.Clone(Rectangle rect, PixelFormat format)
   위치: IdifCommon.clsCommon.MakeHangulBitmap(Font prmFont, String prmText)
   위치: IdifCommon.clsCommon.MakeHangulBitmap(Font prmFont, String prmText)
   위치: IdifCommon.clsLabel.MakePrintData(String prmTemplateData, Int32 prmHomeX, Int32 prmHomeY, SheetView prmSpreadSheet, Int32 prmRowIndex, Int32 prmPrintQty)
   위치: IdifCommon.clsLabel.MakePrintData(String prmTemplateData, Int32 prmHomeX, Int32 prmHomeY, SheetView prmSpreadSheet, Int32 prmRowIndex, Int32 prmPrintQty)
   위치: IdifCommon.frmExcelPrintBase.PrintStart()
   위치: IdifCommon.frmExcelPrintBase.PrintStart()
   위치: IdifCommon.frmExcelPrintBase.cmdPrintStart_Click(Object sender, EventArgs e)

10:53:46 : 메모리가 부족합니다.
   위치: System.Drawing.Bitmap.Clone(Rectangle rect, PixelFormat format)
   위치: IdifCommon.clsCommon.MakeHangulBitmap(Font prmFont, String prmText)
   위치: IdifCommon.clsCommon.MakeHangulBitmap(Font prmFont, String prmText)
   위치: IdifCommon.clsLabel.MakePrintData(String prmTemplateData, Int32 prmHomeX, Int32 prmHomeY, SheetView prmSpreadSheet, Int32 prmRowIndex, Int32 prmPrintQty)
   위치: IdifCommon.clsLabel.MakePrintData(String prmTemplateData, Int32 prmHomeX, Int32 prmHomeY, SheetView prmSpreadSheet, Int32 prmRowIndex, Int32 prmPrintQty)
   위치: IdifCommon.frmExcelPrintBase.PrintStart()
   위치: IdifCommon.frmExcelPrintBase.PrintStart()
   위치: IdifCommon.frmExcelPrintBase.cmdPrintStart_Click(Object sender, EventArgs e)

10:53:50 : 메모리가 부족합니다.
   위치: System.Drawing.Bitmap.Clone(Rectangle rect, PixelFormat format)
   위치: IdifCommon.clsCommon.MakeHangulBitmap(Font prmFont, String prmText)
   위치: IdifCommon.clsCommon.MakeHangulBitmap(Font prmFont, String prmText)
   위치: IdifCommon.clsLabel.MakePrintData(String prmTemplateData, Int32 prmHomeX, Int32 prmHomeY, SheetView prmSpreadSheet, Int32 prmRowIndex, Int32 prmPrintQty)
   위치: IdifCommon.clsLabel.MakePrintData(String prmTemplateData, Int32 prmHomeX, Int32 prmHomeY, SheetView prmSpreadSheet, Int32 prmRowIndex, Int32 prmPrintQty)
   위치: IdifCommon.frmExcelPrintBase.PrintStart()
   위치: IdifCommon.frmExcelPrintBase.PrintStart()
   위치: IdifCommon.frmExcelPrintBase.cmdPrintStart_Click(Object sender, EventArgs e)

10:53:55 : 메모리가 부족합니다.
   위치: System.Drawing.Bitmap.Clone(Rectangle rect, PixelFormat format)
   위치: IdifCommon.clsCommon.MakeHangulBitmap(Font prmFont, String prmText)
   위치: IdifCommon.clsCommon.MakeHangulBitmap(Font prmFont, String prmText)
   위치: IdifCommon.clsLabel.MakePrintData(String prmTemplateData, Int32 prmHomeX, Int32 prmHomeY, SheetView prmSpreadSheet, Int32 prmRowIndex, Int32 prmPrintQty)
   위치: IdifCommon.clsLabel.MakePrintData(String prmTemplateData, Int32 prmHomeX, Int32 prmHomeY, SheetView prmSpreadSheet, Int32 prmRowIndex, Int32 prmPrintQty)
   위치: IdifCommon.frmExcelPrintBase.PrintStart()
   위치: IdifCommon.frmExcelPrintBase.PrintStart()
   위치: IdifCommon.frmExcelPrintBase.cmdPrintStart_Click(Object sender, EventArgs e)

10:54:04 : 메모리가 부족합니다.
   위치: System.Drawing.Bitmap.Clone(Rectangle rect, PixelFormat format)
   위치: IdifCommon.clsCommon.MakeHangulBitmap(Font prmFont, String prmText)
   위치: IdifCommon.clsCommon.MakeHangulBitmap(Font prmFont, String prmText)
   위치: IdifCommon.clsLabel.MakePrintData(String prmTemplateData, Int32 prmHomeX, Int32 prmHomeY, SheetView prmSpreadSheet, Int32 prmRowIndex, Int32 prmPrintQty)
   위치: IdifCommon.clsLabel.MakePrintData(String prmTemplateData, Int32 prmHomeX, Int32 prmHomeY, SheetView prmSpreadSheet, Int32 prmRowIndex, Int32 prmPrintQty)
   위치: IdifCommon.frmExcelPrintBase.PrintStart()
   위치: IdifCommon.frmExcelPrintBase.PrintStart()
   위치: IdifCommon.frmExcelPrintBase.cmdPrintStart_Click(Object sender, EventArgs e)

10:54:08 : 메모리가 부족합니다.
   위치: System.Drawing.Bitmap.Clone(Rectangle rect, PixelFormat format)
   위치: IdifCommon.clsCommon.MakeHangulBitmap(Font prmFont, String prmText)
   위치: IdifCommon.clsCommon.MakeHangulBitmap(Font prmFont, String prmText)
   위치: IdifCommon.clsLabel.MakePrintData(String prmTemplateData, Int32 prmHomeX, Int32 prmHomeY, SheetView prmSpreadSheet, Int32 prmRowIndex, Int32 prmPrintQty)
   위치: IdifCommon.clsLabel.MakePrintData(String prmTemplateData, Int32 prmHomeX, Int32 prmHomeY, SheetView prmSpreadSheet, Int32 prmRowIndex, Int32 prmPrintQty)
   위치: IdifCommon.frmExcelPrintBase.PrintStart()
   위치: IdifCommon.frmExcelPrintBase.PrintStart()
   위치: IdifCommon.frmExcelPrintBase.cmdPrintStart_Click(Object sender, EventArgs e)

10:54:25 : 메모리가 부족합니다.
   위치: System.Drawing.Bitmap.Clone(Rectangle rect, PixelFormat format)
   위치: IdifCommon.clsCommon.MakeHangulBitmap(Font prmFont, String prmText)
   위치: IdifCommon.clsCommon.MakeHangulBitmap(Font prmFont, String prmText)
   위치: IdifCommon.clsLabel.MakePrintData(String prmTemplateData, Int32 prmHomeX, Int32 prmHomeY, SheetView prmSpreadSheet, Int32 prmRowIndex, Int32 prmPrintQty)
   위치: IdifCommon.clsLabel.MakePrintData(String prmTemplateData, Int32 prmHomeX, Int32 prmHomeY, SheetView prmSpreadSheet, Int32 prmRowIndex, Int32 prmPrintQty)
   위치: IdifCommon.frmExcelPrintBase.PrintStart()
   위치: IdifCommon.frmExcelPrintBase.PrintStart()
   위치: IdifCommon.frmExcelPrintBase.cmdPrintStart_Click(Object sender, EventArgs e)

10:54:31 : 메모리가 부족합니다.
   위치: System.Drawing.Bitmap.Clone(Rectangle rect, PixelFormat format)
   위치: IdifCommon.clsCommon.MakeHangulBitmap(Font prmFont, String prmText)
   위치: IdifCommon.clsCommon.MakeHangulBitmap(Font prmFont, String prmText)
   위치: IdifCommon.clsLabel.MakePrintData(String prmTemplateData, Int32 prmHomeX, Int32 prmHomeY, SheetView prmSpreadSheet, Int32 prmRowIndex, Int32 prmPrintQty)
   위치: IdifCommon.clsLabel.MakePrintData(String prmTemplateData, Int32 prmHomeX, Int32 prmHomeY, SheetView prmSpreadSheet, Int32 prmRowIndex, Int32 prmPrintQty)
   위치: IdifCommon.frmExcelPrintBase.PrintStart()
   위치: IdifCommon.frmExcelPrintBase.PrintStart()
   위치: IdifCommon.frmExcelPrintBase.cmdPrintStart_Click(Object sender, EventArgs e)

10:55:05 : 메모리가 부족합니다.
   위치: System.Drawing.Bitmap.Clone(Rectangle rect, PixelFormat format)
   위치: IdifCommon.clsCommon.MakeHangulBitmap(Font prmFont, String prmText)
   위치: IdifCommon.clsCommon.MakeHangulBitmap(Font prmFont, String prmText)
   위치: IdifCommon.clsLabel.MakePrintData(String prmTemplateData, Int32 prmHomeX, Int32 prmHomeY, SheetView prmSpreadSheet, Int32 prmRowIndex, Int32 prmPrintQty)
   위치: IdifCommon.clsLabel.MakePrintData(String prmTemplateData, Int32 prmHomeX, Int32 prmHomeY, SheetView prmSpreadSheet, Int32 prmRowIndex, Int32 prmPrintQty)
   위치: IdifCommon.frmExcelPrintBase.PrintStart()
   위치: IdifCommon.frmExcelPrintBase.PrintStart()
   위치: IdifCommon.frmExcelPrintBase.cmdPrintStart_Click(Object sender, EventArgs e)

11:05:07 : 프린터 상태를 확인하세요.:응답없음
   위치: IdifCommon.frmExcelPrintBase.PrintStart()
   위치: IdifCommon.frmExcelPrintBase.PrintStart()
   위치: IdifCommon.frmExcelPrintBase.cmdPrintStart_Click(Object sender, EventArgs e)

