13 행: frmBioPlex2200의 Icon 속성에 잘못된 파일 참조가 있습니다.
45 행: tblErrors의 SpreadDesigner 속성에 잘못된 파일 참조가 있습니다.
236 행: cboWhere의 ItemData 속성에 잘못된 파일 참조가 있습니다.
238 행: cboWhere의 List 속성에 잘못된 파일 참조가 있습니다.
715 행: imgPort의 Picture 속성에 잘못된 파일 참조가 있습니다.
722 행: imgSend의 Picture 속성에 잘못된 파일 참조가 있습니다.
729 행: imgReceive의 Picture 속성에 잘못된 파일 참조가 있습니다.
780 행: SSTab1의 TabPicture(0) 속성에 잘못된 파일 참조가 있습니다.
790 행: SSTab1의 TabPicture(1) 속성에 잘못된 파일 참조가 있습니다.
797 행: SSTab1의 TabPicture(2) 속성에 잘못된 파일 참조가 있습니다.
804 행: SSTab1의 TabPicture(3) 속성에 잘못된 파일 참조가 있습니다.
811 행: SSTab1의 TabPicture(4) 속성에 잘못된 파일 참조가 있습니다.
818 행: SSTab1의 TabPicture(5) 속성에 잘못된 파일 참조가 있습니다.
825 행: SSTab1의 TabPicture(6) 속성에 잘못된 파일 참조가 있습니다.
835 행: SSTab1의 TabPicture(7) 속성에 잘못된 파일 참조가 있습니다.
870 행: spdSeparationResult의 SpreadDesigner 속성에 잘못된 파일 참조가 있습니다.
901 행: spdSeparationOrder의 SpreadDesigner 속성에 잘못된 파일 참조가 있습니다.
933 행: spdSeparationResult의 SpreadDesigner 속성에 잘못된 파일 참조가 있습니다.
965 행: spdSeparationResult의 SpreadDesigner 속성에 잘못된 파일 참조가 있습니다.
997 행: spdSeparationResult의 SpreadDesigner 속성에 잘못된 파일 참조가 있습니다.
1029 행: spdSeparationResult의 SpreadDesigner 속성에 잘못된 파일 참조가 있습니다.
1061 행: spdSeparationResult의 SpreadDesigner 속성에 잘못된 파일 참조가 있습니다.
1093 행: spdSeparationResult의 SpreadDesigner 속성에 잘못된 파일 참조가 있습니다.
1125 행: spdSeparationResult의 SpreadDesigner 속성에 잘못된 파일 참조가 있습니다.
1156 행: spdSeparationOrder의 SpreadDesigner 속성에 잘못된 파일 참조가 있습니다.
1187 행: spdSeparationOrder의 SpreadDesigner 속성에 잘못된 파일 참조가 있습니다.
1218 행: spdSeparationOrder의 SpreadDesigner 속성에 잘못된 파일 참조가 있습니다.
1249 행: spdSeparationOrder의 SpreadDesigner 속성에 잘못된 파일 참조가 있습니다.
1280 행: spdSeparationOrder의 SpreadDesigner 속성에 잘못된 파일 참조가 있습니다.
1311 행: spdSeparationOrder의 SpreadDesigner 속성에 잘못된 파일 참조가 있습니다.
1342 행: spdSeparationOrder의 SpreadDesigner 속성에 잘못된 파일 참조가 있습니다.
1373 행: spdIntegration의 SpreadDesigner 속성에 잘못된 파일 참조가 있습니다.
1404 행: spdIntegration의 SpreadDesigner 속성에 잘못된 파일 참조가 있습니다.
1435 행: spdIntegration의 SpreadDesigner 속성에 잘못된 파일 참조가 있습니다.
1466 행: spdIntegration의 SpreadDesigner 속성에 잘못된 파일 참조가 있습니다.
1497 행: spdIntegration의 SpreadDesigner 속성에 잘못된 파일 참조가 있습니다.
1528 행: spdIntegration의 SpreadDesigner 속성에 잘못된 파일 참조가 있습니다.
1559 행: spdIntegration의 SpreadDesigner 속성에 잘못된 파일 참조가 있습니다.
1590 행: spdIntegration의 SpreadDesigner 속성에 잘못된 파일 참조가 있습니다.
