09:29:37 : 'COM1' 포트에 대한 액세스가 거부되었습니다.
   위치: System.IO.Ports.InternalResources.WinIOError(Int32 errorCode, String str)
   위치: System.IO.Ports.SerialStream..ctor(String portName, Int32 baudRate, Parity parity, Int32 dataBits, StopBits stopBits, Int32 readTimeout, Int32 writeTimeout, Handshake handshake, Boolean dtrEnable, Boolean rtsEnable, Boolean discardNull, Byte parityReplace)
   위치: System.IO.Ports.SerialPort.Open()
   위치: IdifCommon.clsCommon.OpenPort(SerialPort prmSerialPort, String prmPortName, Int32 prmBaudRate)
   위치: IdifCommon.clsCommon.OpenPort(SerialPort prmSerialPort, String prmPortName, Int32 prmBaudRate)
   위치: IdifCommon.frmExcelPrintBase.InitForm()

09:32:55 : 프린터 상태를 확인하세요.:응답없음
   위치: IdifCommon.frmExcelPrintBase.PrintStart()
   위치: IdifCommon.frmExcelPrintBase.PrintStart()
   위치: IdifCommon.frmExcelPrintBase.cmdPrintStart_Click(Object sender, EventArgs e)

09:44:38 : 프린터 상태를 확인하세요.:응답없음
   위치: IdifCommon.frmExcelPrintBase.PrintStart()
   위치: IdifCommon.frmExcelPrintBase.PrintStart()
   위치: IdifCommon.frmExcelPrintBase.cmdPrintStart_Click(Object sender, EventArgs e)

09:44:42 : '__[소비자가]__*0.001'의 토큰이 잘못되었습니다.(__[소비자가]__*0.001)
   위치: MS.Internal.Xml.XPath.XPathParser.ParseXPathExpresion(String xpathExpresion)
   위치: System.Xml.XPath.XPathExpression.Compile(String xpath, IXmlNamespaceResolver nsResolver)
   위치: System.Xml.XPath.XPathNavigator.Evaluate(String xpath)
   위치: IdifCommon.clsCommon.Evaluate(String prmText)
   위치: IdifCommon.clsCommon.Evaluate(String prmText)
   위치: IdifCommon.clsLabel.MakePrintData(String prmTemplateData, Int32 prmHomeX, Int32 prmHomeY, SheetView prmSpreadSheet, Int32 prmRowIndex, Int32 prmPrintQty)
   위치: IdifCommon.clsLabel.MakePrintData(String prmTemplateData, Int32 prmHomeX, Int32 prmHomeY, SheetView prmSpreadSheet, Int32 prmRowIndex, Int32 prmPrintQty)
   위치: IdifCommon.frmExcelPrintBase.PrintStart()
   위치: IdifCommon.frmExcelPrintBase.PrintStart()
   위치: IdifCommon.frmExcelPrintBase.cmdPrintStart_Click(Object sender, EventArgs e)

09:58:29 : 프린터 상태를 확인하세요.:응답없음
   위치: IdifCommon.frmExcelPrintBase.PrintStart()
   위치: IdifCommon.frmExcelPrintBase.PrintStart()
   위치: IdifCommon.frmExcelPrintBase.cmdPrintStart_Click(Object sender, EventArgs e)

09:59:40 : 프린터 상태를 확인하세요.:버퍼FULL
   위치: IdifCommon.frmExcelPrintBase.PrintStart()
   위치: IdifCommon.frmExcelPrintBase.PrintStart()
   위치: IdifCommon.frmExcelPrintBase.cmdPrintStart_Click(Object sender, EventArgs e)

09:59:43 : 프린터 상태를 확인하세요.:버퍼FULL
   위치: IdifCommon.frmExcelPrintBase.PrintStart()
   위치: IdifCommon.frmExcelPrintBase.PrintStart()
   위치: IdifCommon.frmExcelPrintBase.cmdPrintStart_Click(Object sender, EventArgs e)

10:07:56 : 프린터 상태를 확인하세요.:응답없음
   위치: IdifCommon.frmExcelPrintBase.PrintStart()
   위치: IdifCommon.frmExcelPrintBase.PrintStart()
   위치: IdifCommon.frmExcelPrintBase.cmdPrintStart_Click(Object sender, EventArgs e)

10:12:23 : 프린터 상태를 확인하세요.:버퍼FULL
   위치: IdifCommon.frmExcelPrintBase.PrintStart()
   위치: IdifCommon.frmExcelPrintBase.PrintStart()
   위치: IdifCommon.frmExcelPrintBase.cmdPrintStart_Click(Object sender, EventArgs e)

10:12:26 : 프린터 상태를 확인하세요.:버퍼FULL
   위치: IdifCommon.frmExcelPrintBase.PrintStart()
   위치: IdifCommon.frmExcelPrintBase.PrintStart()
   위치: IdifCommon.frmExcelPrintBase.cmdPrintStart_Click(Object sender, EventArgs e)

10:41:03 : 프린터 상태를 확인하세요.:응답없음
   위치: IdifCommon.frmExcelPrintBase.PrintStart()
   위치: IdifCommon.frmExcelPrintBase.PrintStart()
   위치: IdifCommon.frmExcelPrintBase.cmdPrintStart_Click(Object sender, EventArgs e)

10:47:15 : 프린터 상태를 확인하세요.:버퍼FULL
   위치: IdifCommon.frmExcelPrintBase.PrintStart()
   위치: IdifCommon.frmExcelPrintBase.PrintStart()
   위치: IdifCommon.frmExcelPrintBase.cmdPrintStart_Click(Object sender, EventArgs e)

11:09:20 : 프린터 상태를 확인하세요.:응답없음
   위치: IdifCommon.frmExcelPrintBase.PrintStart()
   위치: IdifCommon.frmExcelPrintBase.PrintStart()
   위치: IdifCommon.frmExcelPrintBase.cmdPrintStart_Click(Object sender, EventArgs e)

11:10:49 : 프린터 상태를 확인하세요.:버퍼FULL
   위치: IdifCommon.frmExcelPrintBase.PrintStart()
   위치: IdifCommon.frmExcelPrintBase.PrintStart()
   위치: IdifCommon.frmExcelPrintBase.cmdPrintStart_Click(Object sender, EventArgs e)

11:10:52 : 프린터 상태를 확인하세요.:버퍼FULL
   위치: IdifCommon.frmExcelPrintBase.PrintStart()
   위치: IdifCommon.frmExcelPrintBase.PrintStart()
   위치: IdifCommon.frmExcelPrintBase.cmdPrintStart_Click(Object sender, EventArgs e)

11:18:53 : 프린터 상태를 확인하세요.:응답없음
   위치: IdifCommon.frmExcelPrintBase.PrintStart()
   위치: IdifCommon.frmExcelPrintBase.PrintStart()
   위치: IdifCommon.frmExcelPrintBase.cmdPrintStart_Click(Object sender, EventArgs e)

11:25:21 : 프린터 상태를 확인하세요.:버퍼FULL
   위치: IdifCommon.frmExcelPrintBase.PrintStart()
   위치: IdifCommon.frmExcelPrintBase.PrintStart()
   위치: IdifCommon.frmExcelPrintBase.cmdPrintStart_Click(Object sender, EventArgs e)

12:21:05 : 프린터 상태를 확인하세요.:응답없음
   위치: IdifCommon.frmExcelPrintBase.PrintStart()
   위치: IdifCommon.frmExcelPrintBase.PrintStart()
   위치: IdifCommon.frmExcelPrintBase.cmdPrintStart_Click(Object sender, EventArgs e)

12:21:08 : 프린터 상태를 확인하세요.:버퍼FULL
   위치: IdifCommon.frmExcelPrintBase.PrintStart()
   위치: IdifCommon.frmExcelPrintBase.PrintStart()
   위치: IdifCommon.frmExcelPrintBase.cmdPrintStart_Click(Object sender, EventArgs e)

12:27:41 : 'C:\Documents and Settings\한흥-하나\바탕 화면\2010여름\2.5cns모이츠직생산-CNS0205.xls' 파일은 다른 프로세스에서 사용 중이므로 프로세스에서 액세스할 수 없습니다.
   위치: FarPoint.Win.Spread.FpSpread.a(String A_0, Int32 A_1, String A_2, Int32 A_3, String A_4, ExcelOpenFlags A_5, ExcelWarningList A_6)
   위치: FarPoint.Win.Spread.FpSpread.OpenExcel(String fileName)
   위치: IdifCommon.frmExcelPrintBase.Search()
   위치: IdifCommon.frmExcelPrintBase.Search()
   위치: IdifCommon.frmExcelPrintBase.dlgExcel_FileOk(Object sender, CancelEventArgs e)

13:02:48 : 프린터 상태를 확인하세요.:응답없음
   위치: IdifCommon.frmExcelPrintBase.PrintStart()
   위치: IdifCommon.frmExcelPrintBase.PrintStart()
   위치: IdifCommon.frmExcelPrintBase.cmdPrintStart_Click(Object sender, EventArgs e)

13:07:13 : 프린터 상태를 확인하세요.:버퍼FULL
   위치: IdifCommon.frmExcelPrintBase.PrintStart()
   위치: IdifCommon.frmExcelPrintBase.PrintStart()
   위치: IdifCommon.frmExcelPrintBase.cmdPrintStart_Click(Object sender, EventArgs e)

14:04:20 : 프린터 상태를 확인하세요.:응답없음
   위치: IdifCommon.frmExcelPrintBase.PrintStart()
   위치: IdifCommon.frmExcelPrintBase.PrintStart()
   위치: IdifCommon.frmExcelPrintBase.cmdPrintStart_Click(Object sender, EventArgs e)

14:34:00 : 프린터 상태를 확인하세요.:버퍼FULL
   위치: IdifCommon.frmExcelPrintBase.PrintStart()
   위치: IdifCommon.frmExcelPrintBase.PrintStart()
   위치: IdifCommon.frmExcelPrintBase.cmdPrintStart_Click(Object sender, EventArgs e)

18:44:56 : 프린터 상태를 확인하세요.:응답없음
   위치: IdifCommon.frmExcelPrintBase.PrintStart()
   위치: IdifCommon.frmExcelPrintBase.PrintStart()
   위치: IdifCommon.frmExcelPrintBase.cmdPrintStart_Click(Object sender, EventArgs e)

18:53:53 : '(비 매 품)*0.001'의 토큰이 잘못되었습니다.((비 매 품)*0.001)
   위치: MS.Internal.Xml.XPath.XPathParser.CheckToken(LexKind t)
   위치: MS.Internal.Xml.XPath.XPathParser.ParsePrimaryExpr(AstNode qyInput)
   위치: MS.Internal.Xml.XPath.XPathParser.ParseFilterExpr(AstNode qyInput)
   위치: MS.Internal.Xml.XPath.XPathParser.ParsePathExpr(AstNode qyInput)
   위치: MS.Internal.Xml.XPath.XPathParser.ParseUnionExpr(AstNode qyInput)
   위치: MS.Internal.Xml.XPath.XPathParser.ParseUnaryExpr(AstNode qyInput)
   위치: MS.Internal.Xml.XPath.XPathParser.ParseMultiplicativeExpr(AstNode qyInput)
   위치: MS.Internal.Xml.XPath.XPathParser.ParseAdditiveExpr(AstNode qyInput)
   위치: MS.Internal.Xml.XPath.XPathParser.ParseRelationalExpr(AstNode qyInput)
   위치: MS.Internal.Xml.XPath.XPathParser.ParseEqualityExpr(AstNode qyInput)
   위치: MS.Internal.Xml.XPath.XPathParser.ParseAndExpr(AstNode qyInput)
   위치: MS.Internal.Xml.XPath.XPathParser.ParseOrExpr(AstNode qyInput)
   위치: MS.Internal.Xml.XPath.XPathParser.ParseXPathExpresion(String xpathExpresion)
   위치: System.Xml.XPath.XPathExpression.Compile(String xpath, IXmlNamespaceResolver nsResolver)
   위치: System.Xml.XPath.XPathNavigator.Evaluate(String xpath)
   위치: IdifCommon.clsCommon.Evaluate(String prmText)
   위치: IdifCommon.clsCommon.Evaluate(String prmText)
   위치: IdifCommon.clsLabel.MakePrintData(String prmTemplateData, Int32 prmHomeX, Int32 prmHomeY, SheetView prmSpreadSheet, Int32 prmRowIndex, Int32 prmPrintQty)
   위치: IdifCommon.clsLabel.MakePrintData(String prmTemplateData, Int32 prmHomeX, Int32 prmHomeY, SheetView prmSpreadSheet, Int32 prmRowIndex, Int32 prmPrintQty)
   위치: IdifCommon.frmExcelPrintBase.PrintStart()
   위치: IdifCommon.frmExcelPrintBase.PrintStart()
   위치: IdifCommon.frmExcelPrintBase.cmdPrintStart_Click(Object sender, EventArgs e)

18:53:59 : '(비 매 품)*0.001'의 토큰이 잘못되었습니다.((비 매 품)*0.001)
   위치: MS.Internal.Xml.XPath.XPathParser.CheckToken(LexKind t)
   위치: MS.Internal.Xml.XPath.XPathParser.ParsePrimaryExpr(AstNode qyInput)
   위치: MS.Internal.Xml.XPath.XPathParser.ParseFilterExpr(AstNode qyInput)
   위치: MS.Internal.Xml.XPath.XPathParser.ParsePathExpr(AstNode qyInput)
   위치: MS.Internal.Xml.XPath.XPathParser.ParseUnionExpr(AstNode qyInput)
   위치: MS.Internal.Xml.XPath.XPathParser.ParseUnaryExpr(AstNode qyInput)
   위치: MS.Internal.Xml.XPath.XPathParser.ParseMultiplicativeExpr(AstNode qyInput)
   위치: MS.Internal.Xml.XPath.XPathParser.ParseAdditiveExpr(AstNode qyInput)
   위치: MS.Internal.Xml.XPath.XPathParser.ParseRelationalExpr(AstNode qyInput)
   위치: MS.Internal.Xml.XPath.XPathParser.ParseEqualityExpr(AstNode qyInput)
   위치: MS.Internal.Xml.XPath.XPathParser.ParseAndExpr(AstNode qyInput)
   위치: MS.Internal.Xml.XPath.XPathParser.ParseOrExpr(AstNode qyInput)
   위치: MS.Internal.Xml.XPath.XPathParser.ParseXPathExpresion(String xpathExpresion)
   위치: System.Xml.XPath.XPathExpression.Compile(String xpath, IXmlNamespaceResolver nsResolver)
   위치: System.Xml.XPath.XPathNavigator.Evaluate(String xpath)
   위치: IdifCommon.clsCommon.Evaluate(String prmText)
   위치: IdifCommon.clsCommon.Evaluate(String prmText)
   위치: IdifCommon.clsLabel.MakePrintData(String prmTemplateData, Int32 prmHomeX, Int32 prmHomeY, SheetView prmSpreadSheet, Int32 prmRowIndex, Int32 prmPrintQty)
   위치: IdifCommon.clsLabel.MakePrintData(String prmTemplateData, Int32 prmHomeX, Int32 prmHomeY, SheetView prmSpreadSheet, Int32 prmRowIndex, Int32 prmPrintQty)
   위치: IdifCommon.frmExcelPrintBase.PrintStart()
   위치: IdifCommon.frmExcelPrintBase.PrintStart()
   위치: IdifCommon.frmExcelPrintBase.cmdPrintStart_Click(Object sender, EventArgs e)

18:54:06 : '-*0.001'의 토큰이 잘못되었습니다.(-*0.001)
   위치: MS.Internal.Xml.XPath.XPathParser.ParseXPathExpresion(String xpathExpresion)
   위치: System.Xml.XPath.XPathExpression.Compile(String xpath, IXmlNamespaceResolver nsResolver)
   위치: System.Xml.XPath.XPathNavigator.Evaluate(String xpath)
   위치: IdifCommon.clsCommon.Evaluate(String prmText)
   위치: IdifCommon.clsCommon.Evaluate(String prmText)
   위치: IdifCommon.clsLabel.MakePrintData(String prmTemplateData, Int32 prmHomeX, Int32 prmHomeY, SheetView prmSpreadSheet, Int32 prmRowIndex, Int32 prmPrintQty)
   위치: IdifCommon.clsLabel.MakePrintData(String prmTemplateData, Int32 prmHomeX, Int32 prmHomeY, SheetView prmSpreadSheet, Int32 prmRowIndex, Int32 prmPrintQty)
   위치: IdifCommon.frmExcelPrintBase.PrintStart()
   위치: IdifCommon.frmExcelPrintBase.PrintStart()
   위치: IdifCommon.frmExcelPrintBase.cmdPrintStart_Click(Object sender, EventArgs e)

