57 행: lvwStatics 컨트롤의 MSComctlLib.ListView 클래스는 로드한 컨트롤 클래스가 아닙니다.
75 행: imlList 컨트롤의 MSComctlLib.ImageList 클래스는 로드한 컨트롤 클래스가 아닙니다.
294 행: lvwStatics 컨트롤의 MSComctlLib.ListView 클래스는 로드한 컨트롤 클래스가 아닙니다.
18 행: cmdSerch 컨트롤을 로드할 수 없습니다.
64 행: lvwStatics의 _ExtentX 속성 이름이 잘못되었습니다. 
65 행: lvwStatics의 _ExtentY 속성 이름이 잘못되었습니다. 
66 행: lvwStatics의 LabelWrap 속성 이름이 잘못되었습니다. 
67 행: lvwStatics의 HideSelection 속성 이름이 잘못되었습니다. 
68 행: lvwStatics의 _Version 속성 이름이 잘못되었습니다. 
73 행: lvwStatics의 NumItems 속성 이름이 잘못되었습니다. 
78 행: imlList의 _ExtentX 속성 이름이 잘못되었습니다. 
79 행: imlList의 _ExtentY 속성 이름이 잘못되었습니다. 
81 행: imlList의 ImageWidth 속성 이름이 잘못되었습니다. 
82 행: imlList의 ImageHeight 속성 이름이 잘못되었습니다. 
83 행: imlList의 MaskColor 속성 이름이 잘못되었습니다. 
84 행: imlList의 _Version 속성 이름이 잘못되었습니다. 
111 행: imlList의 Images 속성 이름이 잘못되었습니다. 
128 행: cmdAction 컨트롤을 로드할 수 없습니다.
217 행: CaptionBar1 컨트롤을 로드할 수 없습니다.
301 행: lvwStatics의 _ExtentX 속성 이름이 잘못되었습니다. 
302 행: lvwStatics의 _ExtentY 속성 이름이 잘못되었습니다. 
303 행: lvwStatics의 LabelWrap 속성 이름이 잘못되었습니다. 
304 행: lvwStatics의 HideSelection 속성 이름이 잘못되었습니다. 
305 행: lvwStatics의 _Version 속성 이름이 잘못되었습니다. 
310 행: lvwStatics의 NumItems 속성 이름이 잘못되었습니다. 
