984 행: lvwCuData 컨트롤의 MSComctlLib.ListView 클래스는 로드한 컨트롤 클래스가 아닙니다.
1775 행: imlList 컨트롤의 MSComctlLib.ImageList 클래스는 로드한 컨트롤 클래스가 아닙니다.
1813 행: imlStatus 컨트롤의 MSComctlLib.ImageList 클래스는 로드한 컨트롤 클래스가 아닙니다.
161 행: spdWorklist 컨트롤을 로드할 수 없습니다. 사용 권한을 찾을 수 없습니다.
353 행: spdView 컨트롤을 로드할 수 없습니다. 사용 권한을 찾을 수 없습니다.
423 행: cmdPrevious 컨트롤을 로드할 수 없습니다.
448 행: cmdNext 컨트롤을 로드할 수 없습니다.
474 행: cmdPosNo 컨트롤을 로드할 수 없습니다.
496 행: cmdOrder 컨트롤을 로드할 수 없습니다.
566 행: cmdExcel 컨트롤을 로드할 수 없습니다.
587 행: spdResult1 컨트롤을 로드할 수 없습니다. 사용 권한을 찾을 수 없습니다.
638 행: cmdWorkList 컨트롤을 로드할 수 없습니다.
660 행: spdResult2 컨트롤을 로드할 수 없습니다. 사용 권한을 찾을 수 없습니다.
963 행: cmdRstQuery 컨트롤을 로드할 수 없습니다.
991 행: lvwCuData의 _ExtentX 속성 이름이 잘못되었습니다. 
992 행: lvwCuData의 _ExtentY 속성 이름이 잘못되었습니다. 
993 행: lvwCuData의 View 속성 이름이 잘못되었습니다. 
994 행: lvwCuData의 LabelWrap 속성 이름이 잘못되었습니다. 
995 행: lvwCuData의 HideSelection 속성 이름이 잘못되었습니다. 
996 행: lvwCuData의 _Version 속성 이름이 잘못되었습니다. 
1001 행: lvwCuData의 NumItems 속성 이름이 잘못되었습니다. 
1003 행: cmdAppend 컨트롤을 로드할 수 없습니다.
1070 행: cmdSearch 컨트롤을 로드할 수 없습니다.
1091 행: cmdEot 컨트롤을 로드할 수 없습니다.
1113 행: cmdWordQuery 컨트롤을 로드할 수 없습니다.
1135 행: cmdStartNo 컨트롤을 로드할 수 없습니다.
1157 행: cmdRackNo 컨트롤을 로드할 수 없습니다.
1220 행: cmdPrint 컨트롤을 로드할 수 없습니다.
1241 행: cmdRequist 컨트롤을 로드할 수 없습니다.
1271 행: pnlCom2 컨트롤을 로드할 수 없습니다.
1321 행: cmdChksum 컨트롤을 로드할 수 없습니다.
1343 행: cmdCOMOutput2 컨트롤을 로드할 수 없습니다.
1365 행: cmdCOMClear2 컨트롤을 로드할 수 없습니다.
1388 행: cmdCOMInput2 컨트롤을 로드할 수 없습니다.
1410 행: cmdCOMLoad 컨트롤을 로드할 수 없습니다.
1433 행: cmdACK 컨트롤을 로드할 수 없습니다.
1455 행: cmdENQ 컨트롤을 로드할 수 없습니다.
1479 행: pnlCom 컨트롤을 로드할 수 없습니다.
1525 행: cmdCOMSave 컨트롤을 로드할 수 없습니다.
1548 행: cmdCOMOutput 컨트롤을 로드할 수 없습니다.
1570 행: cmdCOMClear 컨트롤을 로드할 수 없습니다.
1593 행: cmdCOMInput 컨트롤을 로드할 수 없습니다.
1645 행: spdRstview 컨트롤을 로드할 수 없습니다. 사용 권한을 찾을 수 없습니다.
1778 행: imlList의 _ExtentX 속성 이름이 잘못되었습니다. 
1779 행: imlList의 _ExtentY 속성 이름이 잘못되었습니다. 
1781 행: imlList의 ImageWidth 속성 이름이 잘못되었습니다. 
1782 행: imlList의 ImageHeight 속성 이름이 잘못되었습니다. 
1783 행: imlList의 MaskColor 속성 이름이 잘못되었습니다. 
1784 행: imlList의 _Version 속성 이름이 잘못되었습니다. 
1811 행: imlList의 Images 속성 이름이 잘못되었습니다. 
1816 행: imlStatus의 _ExtentX 속성 이름이 잘못되었습니다. 
1817 행: imlStatus의 _ExtentY 속성 이름이 잘못되었습니다. 
1819 행: imlStatus의 ImageWidth 속성 이름이 잘못되었습니다. 
1820 행: imlStatus의 ImageHeight 속성 이름이 잘못되었습니다. 
1821 행: imlStatus의 MaskColor 속성 이름이 잘못되었습니다. 
1822 행: imlStatus의 _Version 속성 이름이 잘못되었습니다. 
1853 행: imlStatus의 Images 속성 이름이 잘못되었습니다. 
1876 행: cmdAction 컨트롤을 로드할 수 없습니다.
2016 행: CaptionBar1 컨트롤을 로드할 수 없습니다.
