






























[Genedia HIV]
Time:;18:07:56
Date:;14/07/03
OVER limit:;3.000
Operator:;
Wavelengths:;450nm/620nm
NC<=0.1995;0.034<=0.1995
PC>=0.9995;2.7425>=0.9995
If 'Sample>=NC+0.3005' Then Result:='+'
If 'Sample<NC+0.2995' Then Result:='-'
Default result := ?
Cut-off;(NC+0.30);0.334

[Results]
Patient ID;Assay;Reader value;Qual. value;Well Location
"";"Genedia HIV";"0.036";"NC1";"A1"
"";"Genedia HIV";"0.034";"NC2";"B1"
"";"Genedia HIV";"0.032";"NC3";"C1"
"";"Genedia HIV";"2.701";"PC1";"D1"
"";"Genedia HIV";"2.784";"PC2";"E1"
"20051026-0030-CA";"Genedia HIV";"0.035";"-";"F1"
"20051026-0030-CA";"Genedia HIV";"0.036";"-";"G1"
[End Of Results]

[Genedia HIV]
Time:;18:07:56
Date:;14/07/03
OVER limit:;3.000
Operator:;
Wavelengths:;450nm/620nm
NC<=0.1995;0.034<=0.1995
PC>=0.9995;2.7425>=0.9995
If 'Sample>=NC+0.3005' Then Result:='+'
If 'Sample<NC+0.2995' Then Result:='-'
Default result := ?
Cut-off;(NC+0.30);0.334

[Results]
Patient ID;Assay;Reader value;Qual. value;Well Location
"";"Genedia HIV";"0.036";"NC1";"A1"
"";"Genedia HIV";"0.034";"NC2";"B1"
"";"Genedia HIV";"0.032";"NC3";"C1"
"";"Genedia HIV";"2.701";"PC1";"D1"
"";"Genedia HIV";"2.784";"PC2";"E1"
"20051026-0030-CA";"Genedia HIV";"0.035";"-";"F1"
"20051026-0030-CA";"Genedia HIV";"0.036";"-";"G1"
[End Of Results]

[Genedia HIV]
Time:;18:07:56
Date:;14/07/03
OVER limit:;3.000
Operator:;
Wavelengths:;450nm/620nm
NC<=0.1995;0.034<=0.1995
PC>=0.9995;2.7425>=0.9995
If 'Sample>=NC+0.3005' Then Result:='+'
If 'Sample<NC+0.2995' Then Result:='-'
Default result := ?
Cut-off;(NC+0.30);0.334

[Results]
Patient ID;Assay;Reader value;Qual. value;Well Location
"";"Genedia HIV";"0.036";"NC1";"A1"
"";"Genedia HIV";"0.034";"NC2";"B1"
"";"Genedia HIV";"0.032";"NC3";"C1"
"";"Genedia HIV";"2.701";"PC1";"D1"
"";"Genedia HIV";"2.784";"PC2";"E1"
"20051026-0030-CA";"Genedia HIV";"0.035";"-";"F1"
"20051026-0030-CA";"Genedia HIV";"0.036";"-";"G1"
[End Of Results]

[Genedia HIV]
Time:;18:07:56
Date:;14/07/03
OVER limit:;3.000
Operator:;
Wavelengths:;450nm/620nm
NC<=0.1995;0.034<=0.1995
PC>=0.9995;2.7425>=0.9995
If 'Sample>=NC+0.3005' Then Result:='+'
If 'Sample<NC+0.2995' Then Result:='-'
Default result := ?
Cut-off;(NC+0.30);0.334

[Results]
Patient ID;Assay;Reader value;Qual. value;Well Location
"";"Genedia HIV";"0.036";"NC1";"A1"
"";"Genedia HIV";"0.034";"NC2";"B1"
"";"Genedia HIV";"0.032";"NC3";"C1"
"";"Genedia HIV";"2.701";"PC1";"D1"
"";"Genedia HIV";"2.784";"PC2";"E1"
"20051026-0030-CA";"Genedia HIV";"0.035";"-";"F1"
"20051026-0030-CA";"Genedia HIV";"0.036";"-";"G1"
[End Of Results]

[Genedia HIV]
Time:;18:07:56
Date:;14/07/03
OVER limit:;3.000
Operator:;
Wavelengths:;450nm/620nm
NC<=0.1995;0.034<=0.1995
PC>=0.9995;2.7425>=0.9995
If 'Sample>=NC+0.3005' Then Result:='+'
If 'Sample<NC+0.2995' Then Result:='-'
Default result := ?
Cut-off;(NC+0.30);0.334

[Results]
Patient ID;Assay;Reader value;Qual. value;Well Location
"";"Genedia HIV";"0.036";"NC1";"A1"
"";"Genedia HIV";"0.034";"NC2";"B1"
"";"Genedia HIV";"0.032";"NC3";"C1"
"";"Genedia HIV";"2.701";"PC1";"D1"
"";"Genedia HIV";"2.784";"PC2";"E1"
"20051026-0030-CA";"Genedia HIV";"0.035";"-";"F1"
"20051026-0030-CA";"Genedia HIV";"0.036";"-";"G1"
[End Of Results]


[Genedia HIV]
Time:;18:07:56
Date:;14/07/03
OVER limit:;3.000
Operator:;
Wavelengths:;450nm/620nm
NC<=0.1995;0.034<=0.1995
PC>=0.9995;2.7425>=0.9995
If 'Sample>=NC+0.3005' Then Result:='+'
If 'Sample<NC+0.2995' Then Result:='-'
Default result := ?
Cut-off;(NC+0.30);0.334

[Results]
Patient ID;Assay;Reader value;Qual. value;Well Location
"";"Genedia HIV";"0.036";"NC1";"A1"
"";"Genedia HIV";"0.034";"NC2";"B1"
"";"Genedia HIV";"0.032";"NC3";"C1"
"";"Genedia HIV";"2.701";"PC1";"D1"
"";"Genedia HIV";"2.784";"PC2";"E1"
"20051026-0030-CA";"Genedia HIV";"0.035";"-";"F1"
"20051026-0030-CA";"Genedia HIV";"0.036";"-";"G1"
[End Of Results]

[Genedia HIV]
Time:;18:07:56
Date:;14/07/03
OVER limit:;3.000
Operator:;
Wavelengths:;450nm/620nm
NC<=0.1995;0.034<=0.1995
PC>=0.9995;2.7425>=0.9995
If 'Sample>=NC+0.3005' Then Result:='+'
If 'Sample<NC+0.2995' Then Result:='-'
Default result := ?
Cut-off;(NC+0.30);0.334

[Results]
Patient ID;Assay;Reader value;Qual. value;Well Location
"";"Genedia HIV";"0.036";"NC1";"A1"
"";"Genedia HIV";"0.034";"NC2";"B1"
"";"Genedia HIV";"0.032";"NC3";"C1"
"";"Genedia HIV";"2.701";"PC1";"D1"
"";"Genedia HIV";"2.784";"PC2";"E1"
"20051026-0030-CA";"Genedia HIV";"0.035";"-";"F1"
"20051026-0030-CA";"Genedia HIV";"0.036";"-";"G1"
[End Of Results]
[Genedia HIV]
Time:;18:07:56
Date:;14/07/03
OVER limit:;3.000
Operator:;
Wavelengths:;450nm/620nm
NC<=0.1995;0.034<=0.1995
PC>=0.9995;2.7425>=0.9995
If 'Sample>=NC+0.3005' Then Result:='+'
If 'Sample<NC+0.2995' Then Result:='-'
Default result := ?
Cut-off;(NC+0.30);0.334

[Results]
Patient ID;Assay;Reader value;Qual. value;Well Location
"";"Genedia HIV";"0.036";"NC1";"A1"
"";"Genedia HIV";"0.034";"NC2";"B1"
"";"Genedia HIV";"0.032";"NC3";"C1"
"";"Genedia HIV";"2.701";"PC1";"D1"
"";"Genedia HIV";"2.784";"PC2";"E1"
"20051026-0030-CA";"Genedia HIV";"0.035";"-";"F1"
"20051026-0030-CA";"Genedia HIV";"0.036";"-";"G1"
[End Of Results]


[Genedia HIV]
Time:;18:07:56
Date:;14/07/03
OVER limit:;3.000
Operator:;
Wavelengths:;450nm/620nm
NC<=0.1995;0.034<=0.1995
PC>=0.9995;2.7425>=0.9995
If 'Sample>=NC+0.3005' Then Result:='+'
If 'Sample<NC+0.2995' Then Result:='-'
Default result := ?
Cut-off;(NC+0.30);0.334

[Results]
Patient ID;Assay;Reader value;Qual. value;Well Location
"";"Genedia HIV";"0.036";"NC1";"A1"
"";"Genedia HIV";"0.034";"NC2";"B1"
"";"Genedia HIV";"0.032";"NC3";"C1"
"";"Genedia HIV";"2.701";"PC1";"D1"
"";"Genedia HIV";"2.784";"PC2";"E1"
"20051026-0030-CA";"Genedia HIV";"0.035";"-";"F1"
"20051026-0030-CA";"Genedia HIV";"0.036";"-";"G1"
[End Of Results]

[Genedia HIV]
Time:;18:07:56
Date:;14/07/03
OVER limit:;3.000
Operator:;
Wavelengths:;450nm/620nm
NC<=0.1995;0.034<=0.1995
PC>=0.9995;2.7425>=0.9995
If 'Sample>=NC+0.3005' Then Result:='+'
If 'Sample<NC+0.2995' Then Result:='-'
Default result := ?
Cut-off;(NC+0.30);0.334

[Results]
Patient ID;Assay;Reader value;Qual. value;Well Location
"";"Genedia HIV";"0.036";"NC1";"A1"
"";"Genedia HIV";"0.034";"NC2";"B1"
"";"Genedia HIV";"0.032";"NC3";"C1"
"";"Genedia HIV";"2.701";"PC1";"D1"
"";"Genedia HIV";"2.784";"PC2";"E1"
"20051026-0030-CA";"Genedia HIV";"0.035";"-";"F1"
"20051026-0030-CA";"Genedia HIV";"0.036";"-";"G1"
[End Of Results]



[Genedia HIV]
Time:;18:07:56
Date:;14/07/03
OVER limit:;3.000
Operator:;
Wavelengths:;450nm/620nm
NC<=0.1995;0.034<=0.1995
PC>=0.9995;2.7425>=0.9995
If 'Sample>=NC+0.3005' Then Result:='+'
If 'Sample<NC+0.2995' Then Result:='-'
Default result := ?
Cut-off;(NC+0.30);0.334

[Results]
Patient ID;Assay;Reader value;Qual. value;Well Location
"";"Genedia HIV";"0.036";"NC1";"A1"
"";"Genedia HIV";"0.034";"NC2";"B1"
"";"Genedia HIV";"0.032";"NC3";"C1"
"";"Genedia HIV";"2.701";"PC1";"D1"
"";"Genedia HIV";"2.784";"PC2";"E1"
"20051026-0030-CA";"Genedia HIV";"0.035";"-";"F1"
"20051026-0001-VD";"Genedia HIV";"0.036";"-";"G1"
[End Of Results]
[Genedia HIV]
Time:;18:07:56
Date:;14/07/03
OVER limit:;3.000
Operator:;
Wavelengths:;450nm/620nm
NC<=0.1995;0.034<=0.1995
PC>=0.9995;2.7425>=0.9995
If 'Sample>=NC+0.3005' Then Result:='+'
If 'Sample<NC+0.2995' Then Result:='-'
Default result := ?
Cut-off;(NC+0.30);0.334

[Results]
Patient ID;Assay;Reader value;Qual. value;Well Location
"";"Genedia HIV";"0.036";"NC1";"A1"
"";"Genedia HIV";"0.034";"NC2";"B1"
"";"Genedia HIV";"0.032";"NC3";"C1"
"";"Genedia HIV";"2.701";"PC1";"D1"
"";"Genedia HIV";"2.784";"PC2";"E1"
"20051026-0030-CA";"Genedia HIV";"0.035";"-";"F1"
"20051026-0001-VD";"Genedia HIV";"0.036";"-";"G1"
[End Of Results]
[Genedia HIV]
Time:;18:07:56
Date:;14/07/03
OVER limit:;3.000
Operator:;
Wavelengths:;450nm/620nm
NC<=0.1995;0.034<=0.1995
PC>=0.9995;2.7425>=0.9995
If 'Sample>=NC+0.3005' Then Result:='+'
If 'Sample<NC+0.2995' Then Result:='-'
Default result := ?
Cut-off;(NC+0.30);0.334

[Results]
Patient ID;Assay;Reader value;Qual. value;Well Location
"";"Genedia HIV";"0.036";"NC1";"A1"
"";"Genedia HIV";"0.034";"NC2";"B1"
"";"Genedia HIV";"0.032";"NC3";"C1"
"";"Genedia HIV";"2.701";"PC1";"D1"
"";"Genedia HIV";"2.784";"PC2";"E1"
"20051026-0030-CA";"Genedia HIV";"0.035";"-";"F1"
"20051026-0001-VD";"Genedia HIV";"0.036";"-";"G1"
[End Of Results]





[Genedia HIV]
Time:;18:07:56
Date:;14/07/03
OVER limit:;3.000
Operator:;
Wavelengths:;450nm/620nm
NC<=0.1995;0.034<=0.1995
PC>=0.9995;2.7425>=0.9995
If 'Sample>=NC+0.3005' Then Result:='+'
If 'Sample<NC+0.2995' Then Result:='-'
Default result := ?
Cut-off;(NC+0.30);0.334

[Results]
Patient ID;Assay;Reader value;Qual. value;Well Location
"";"Genedia HIV";"0.036";"NC1";"A1"
"";"Genedia HIV";"0.034";"NC2";"B1"
"";"Genedia HIV";"0.032";"NC3";"C1"
"";"Genedia HIV";"2.701";"PC1";"D1"
"";"Genedia HIV";"2.784";"PC2";"E1"
"20051026-0030-CA";"Genedia HIV";"0.035";"-";"F1"
"20051026-0001-VD";"Genedia HIV";"0.036";"-";"G1"
[End Of Results]



[Genedia HIV]
Time:;18:07:56
Date:;14/07/03
OVER limit:;3.000
Operator:;
Wavelengths:;450nm/620nm
NC<=0.1995;0.034<=0.1995
PC>=0.9995;2.7425>=0.9995
If 'Sample>=NC+0.3005' Then Result:='+'
If 'Sample<NC+0.2995' Then Result:='-'
Default result := ?
Cut-off;(NC+0.30);0.334

[Results]
Patient ID;Assay;Reader value;Qual. value;Well Location
"";"Genedia HIV";"0.036";"NC1";"A1"
"";"Genedia HIV";"0.034";"NC2";"B1"
"";"Genedia HIV";"0.032";"NC3";"C1"
"";"Genedia HIV";"2.701";"PC1";"D1"
"";"Genedia HIV";"2.784";"PC2";"E1"
"20051026-0030-CA";"Genedia HIV";"0.035";"-";"F1"
"20051026-0001-VD";"Genedia HIV";"0.036";"-";"G1"
[End Of Results]

