        Procedure : frmInterface - Private Sub cmdRun()

     Error Source : MSComm

     Error Number : 8002

Error Description : 포트 번호가 잘못되었습니다.

             Date : 2004년 3월 18일 월요일

             Time : 오전 10:48:36
━━━━━━━━━━━━━━━━━━━━━━━━━━━━━━━━━━━━━━━━
        Procedure : frmInterface - Private Sub cmdRun()

     Error Source : MSComm

     Error Number : 8002

Error Description : 포트 번호가 잘못되었습니다.

             Date : 2004년 3월 18일 월요일

             Time : 오전 11:02:18
━━━━━━━━━━━━━━━━━━━━━━━━━━━━━━━━━━━━━━━━
        Procedure : frmInterface - Private Sub psDataDefine()

     Error Source : Microsoft JET Database Engine

     Error Number : -2147467259

Error Description : 인덱스, 기본 키 또는 관계에서 중복된 값을 만들었기 때문에 테이블에 요청된 변경 사항이 적용되지 않았습니다. 필드의 데이터 또는 중복 데이터가 있는 필드를 변경하거나 인덱스를 제거하거나 중복이 가능한 인덱스로 다시 정의하여 다시 시도하십시오.

             Date : 2004년 3월 18일 월요일

             Time : 오후 2:00:28
━━━━━━━━━━━━━━━━━━━━━━━━━━━━━━━━━━━━━━━━
        Procedure : clsCommon - Public Function f_subSet_WorkList() As ADODB.Recordset

     Error Source : Oracle Automation

     Error Number : 440

Error Description : Error in SQL statement, ORA-00942: 테이블 또는 뷰가 존재하지 않습니다

             Date : 2004년 3월 18일 월요일

             Time : 오후 4:06:26
━━━━━━━━━━━━━━━━━━━━━━━━━━━━━━━━━━━━━━━━
        Procedure : clsCommon - Public Function f_subSet_WorkList() As ADODB.Recordset

     Error Source : Oracle Automation

     Error Number : 440

Error Description : Error in SQL statement, ORA-00942: 테이블 또는 뷰가 존재하지 않습니다

             Date : 2004년 3월 18일 월요일

             Time : 오후 4:06:45
━━━━━━━━━━━━━━━━━━━━━━━━━━━━━━━━━━━━━━━━
        Procedure : clsCommon - Public Function f_subSet_WorkList() As ADODB.Recordset

     Error Source : Oracle Automation

     Error Number : 440

Error Description : Error in SQL statement, ORA-00942: 테이블 또는 뷰가 존재하지 않습니다

             Date : 2004년 3월 18일 월요일

             Time : 오후 4:07:01
━━━━━━━━━━━━━━━━━━━━━━━━━━━━━━━━━━━━━━━━
        Procedure : frmInterface - Private Sub cmdRun()

     Error Source : MSComm

     Error Number : 8002

Error Description : 포트 번호가 잘못되었습니다.

             Date : 2004년 3월 18일 월요일

             Time : 오후 6:24:16
━━━━━━━━━━━━━━━━━━━━━━━━━━━━━━━━━━━━━━━━
