        Procedure : clsCommon - Public Function f_subSet_WorkList() As ADODB.Recordset

     Error Source : Oracle Automation

     Error Number : 440

Error Description : OIP-04099: Field 'CNT' not found

             Date : 2004喇 3錯 16橾 錯蹂橾

             Time : 螃瞪 9:49:56
收收收收收收收收收收收收收收收收收收收收收收收收收收收收收收收收收收收收收收收收
        Procedure : clsCommon - Public Function f_subSet_WorkList() As ADODB.Recordset

     Error Source : Axsym

     Error Number : 5

Error Description : Щ煎衛盪 轎 傳朝 檣熱陛 澀跤腎歷蝗棲棻.

             Date : 2004喇 3錯 16橾 錯蹂橾

             Time : 螃瞪 10:01:25
收收收收收收收收收收收收收收收收收收收收收收收收收收收收收收收收收收收收收收收收
        Procedure : clsCommon - Public Function f_subSet_WorkList() As ADODB.Recordset

     Error Source : Axsym

     Error Number : 5

Error Description : Щ煎衛盪 轎 傳朝 檣熱陛 澀跤腎歷蝗棲棻.

             Date : 2004喇 3錯 16橾 錯蹂橾

             Time : 螃瞪 10:01:57
收收收收收收收收收收收收收收收收收收收收收收收收收收收收收收收收收收收收收收收收
        Procedure : clsCommon - Public Function f_subSet_WorkList() As ADODB.Recordset

     Error Source : Oracle Automation

     Error Number : 440

Error Description : OIP-04108: Invalid row reference

             Date : 2004喇 3錯 16橾 錯蹂橾

             Time : 螃瞪 10:06:44
收收收收收收收收收收收收收收收收收收收收收收收收收收收收收收收收收收收收收收收收
        Procedure : clsCommon - Public Function f_subSet_DateOrder() As ADODB.Recordset

     Error Source : Axsym

     Error Number : 91

Error Description : 偃羹 滲熱 傳朝 With 僥曖 滲熱陛 撲薑腎橫 氈雖 彊蝗棲棻.

             Date : 2004喇 3錯 16橾 錯蹂橾

             Time : 螃 1:11:43
收收收收收收收收收收收收收收收收收收收收收收收收收收收收收收收收收收收收收收收收
        Procedure : clsCommon - Public Function f_subSet_DateOrder() As ADODB.Recordset

     Error Source : Axsym

     Error Number : 13

Error Description : ⑽衝檜 橾纂ж雖 彊蝗棲棻.

             Date : 2004喇 3錯 16橾 錯蹂橾

             Time : 螃 1:13:58
收收收收收收收收收收收收收收收收收收收收收收收收收收收收收收收收收收收收收收收收
        Procedure : clsCommon - Public Function f_subSet_DateOrder() As ADODB.Recordset

     Error Source : Axsym

     Error Number : 91

Error Description : 偃羹 滲熱 傳朝 With 僥曖 滲熱陛 撲薑腎橫 氈雖 彊蝗棲棻.

             Date : 2004喇 3錯 16橾 錯蹂橾

             Time : 螃 1:19:08
收收收收收收收收收收收收收收收收收收收收收收收收收收收收收收收收收收收收收收收收
        Procedure : clsCommon - Public Function f_subSet_DateOrder() As ADODB.Recordset

     Error Source : Axsym

     Error Number : 91

Error Description : 偃羹 滲熱 傳朝 With 僥曖 滲熱陛 撲薑腎橫 氈雖 彊蝗棲棻.

             Date : 2004喇 3錯 16橾 錯蹂橾

             Time : 螃 1:20:05
收收收收收收收收收收收收收收收收收收收收收收收收收收收收收收收收收收收收收收收收
        Procedure : clsCommon - Public Function f_subSet_DateOrder() As ADODB.Recordset

     Error Source : Axsym

     Error Number : 91

Error Description : 偃羹 滲熱 傳朝 With 僥曖 滲熱陛 撲薑腎橫 氈雖 彊蝗棲棻.

             Date : 2004喇 3錯 16橾 錯蹂橾

             Time : 螃 1:20:52
收收收收收收收收收收收收收收收收收收收收收收收收收收收收收收收收收收收收收收收收
        Procedure : clsCommon - Public Function f_subSet_DateOrder() As ADODB.Recordset

     Error Source : Axsym

     Error Number : 91

Error Description : 偃羹 滲熱 傳朝 With 僥曖 滲熱陛 撲薑腎橫 氈雖 彊蝗棲棻.

             Date : 2004喇 3錯 16橾 錯蹂橾

             Time : 螃 1:21:02
收收收收收收收收收收收收收收收收收收收收收收收收收收收收收收收收收收收收收收收收
        Procedure : frmComm - Private Sub cmdAppend_Click()

     Error Source : Microsoft JET Database Engine

     Error Number : -2147217900

Error Description : 蘭葬 高婁 渠鼻 в萄曖 熱陛 棻落棲棻.

             Date : 2004喇 3錯 16橾 錯蹂橾

             Time : 螃 2:04:34
收收收收收收收收收收收收收收收收收收收收收收收收收收收收收收收收收收收收收收收收
        Procedure : Private Sub MDIForm_Tool()

     Error Source : Microsoft JET Database Engine

     Error Number : -2147467259

Error Description : 檜嘐 棻艇 餌辨濠陛 'INTERFACE003' 纔檜綰擊 欽絮 餌辨 賅萄煎 翮歷剪釭 餌辨濠 檣攪む檜蝶蒂 鱔ж罹 翮溥 氈戲嘎煎, Щ煎斜極瞳戲煎 褻濛й 熱 橈蝗棲棻.

             Date : 2004喇 3錯 16橾 錯蹂橾

             Time : 螃 2:06:43
收收收收收收收收收收收收收收收收收收收收收收收收收收收收收收收收收收收收收收收收
        Procedure : Private Sub MDIForm_Tool()

     Error Source : ADODB.Recordset

     Error Number : 3704

Error Description : 偃羹陛 殘⑵氈戲賊 濛機檜 ъ辨腎雖 彊蝗棲棻.

             Date : 2004喇 3錯 16橾 錯蹂橾

             Time : 螃 2:06:45
收收收收收收收收收收收收收收收收收收收收收收收收收收收收收收收收收收收收收收收收
        Procedure : Private Sub MDIForm_Tool()

     Error Source : ADODB.Recordset

     Error Number : 3704

Error Description : 偃羹陛 殘⑵氈戲賊 濛機檜 ъ辨腎雖 彊蝗棲棻.

             Date : 2004喇 3錯 16橾 錯蹂橾

             Time : 螃 2:06:46
收收收收收收收收收收收收收收收收收收收收收收收收收收收收收收收收收收收收收收收收
        Procedure : Private Sub MDIForm_Tool()

     Error Source : ADODB.Recordset

     Error Number : 3704

Error Description : 偃羹陛 殘⑵氈戲賊 濛機檜 ъ辨腎雖 彊蝗棲棻.

             Date : 2004喇 3錯 16橾 錯蹂橾

             Time : 螃 2:06:46
收收收收收收收收收收收收收收收收收收收收收收收收收收收收收收收收收收收收收收收收
        Procedure : Private Sub MDIForm_Tool()

     Error Source : ADODB.Field

     Error Number : 3704

Error Description : 偃羹陛 殘⑵氈戲賊 濛機檜 ъ辨腎雖 彊蝗棲棻.

             Date : 2004喇 3錯 16橾 錯蹂橾

             Time : 螃 2:06:51
收收收收收收收收收收收收收收收收收收收收收收收收收收收收收收收收收收收收收收收收
        Procedure : clsCommon - Public Function f_subSet_WorkList() As ADODB.Recordset

     Error Source : Axsym

     Error Number : 5

Error Description : Щ煎衛盪 轎 傳朝 檣熱陛 澀跤腎歷蝗棲棻.

             Date : 2004喇 3錯 16橾 錯蹂橾

             Time : 螃 3:43:10
收收收收收收收收收收收收收收收收收收收收收收收收收收收收收收收收收收收收收收收收
