30 행: cmdAction 컨트롤의 HSCotrol.CButton 클래스는 로드한 컨트롤 클래스가 아닙니다.
54 행: cmdAction 컨트롤의 HSCotrol.CButton 클래스는 로드한 컨트롤 클래스가 아닙니다.
78 행: cmdAction 컨트롤의 HSCotrol.CButton 클래스는 로드한 컨트롤 클래스가 아닙니다.
102 행: cmdAction 컨트롤의 HSCotrol.CButton 클래스는 로드한 컨트롤 클래스가 아닙니다.
127 행: CaptionBar1 컨트롤의 HSCotrol.CaptionBar 클래스는 로드한 컨트롤 클래스가 아닙니다.
38 행: cmdAction의 _ExtentX 속성 이름이 잘못되었습니다. 
39 행: cmdAction의 _ExtentY 속성 이름이 잘못되었습니다. 
40 행: cmdAction의 Caption 속성 이름이 잘못되었습니다. 
50 행: cmdAction의 MaskColor 속성 이름이 잘못되었습니다. 
52 행: cmdAction의 BorderColor 속성 이름이 잘못되었습니다. 
62 행: cmdAction의 _ExtentX 속성 이름이 잘못되었습니다. 
63 행: cmdAction의 _ExtentY 속성 이름이 잘못되었습니다. 
64 행: cmdAction의 Caption 속성 이름이 잘못되었습니다. 
74 행: cmdAction의 MaskColor 속성 이름이 잘못되었습니다. 
76 행: cmdAction의 BorderColor 속성 이름이 잘못되었습니다. 
86 행: cmdAction의 _ExtentX 속성 이름이 잘못되었습니다. 
87 행: cmdAction의 _ExtentY 속성 이름이 잘못되었습니다. 
88 행: cmdAction의 Caption 속성 이름이 잘못되었습니다. 
98 행: cmdAction의 MaskColor 속성 이름이 잘못되었습니다. 
100 행: cmdAction의 BorderColor 속성 이름이 잘못되었습니다. 
110 행: cmdAction의 _ExtentX 속성 이름이 잘못되었습니다. 
111 행: cmdAction의 _ExtentY 속성 이름이 잘못되었습니다. 
112 행: cmdAction의 Caption 속성 이름이 잘못되었습니다. 
122 행: cmdAction의 MaskColor 속성 이름이 잘못되었습니다. 
124 행: cmdAction의 BorderColor 속성 이름이 잘못되었습니다. 
134 행: CaptionBar1의 _ExtentX 속성 이름이 잘못되었습니다. 
135 행: CaptionBar1의 _ExtentY 속성 이름이 잘못되었습니다. 
136 행: CaptionBar1의 Border 속성 이름이 잘못되었습니다. 
137 행: CaptionBar1의 CaptionBackColor 속성 이름이 잘못되었습니다. 
139 행: CaptionBar1의 Caption 속성 이름이 잘못되었습니다. 
157 행: CaptionBar1의 SubCaptionFont 속성 이름이 잘못되었습니다. 
127 행: CaptionBar1의 Picture 속성을 설정할 수 없습니다.
