## Thrombolyzer Compact Version History ##

## 버  전: 1.0.0
## 작성일: 2004-10-16

## 버  전: 1.0.0
## 적용일: 2004-12-14
## 병  원: 전주예수병원

## 버  전: 1.0.1
## 수정일: 2005-01-11
## 내  용:
   1. %값이 100이상이면 의미없는 결과라서 "100이상"으로 결과저장 하는것으로 수정
      - frmIISCompact - EditRcvData
## 병  원: 전주예수병원

## 버  전: 1.0.2
## 수정일: 2005-01-19
## 내  용:
   1. SetComplete2 함수에 잘못된 코딩이 있어 수정
      - frmIISCompact - SetComplete2
## 병  원: 전주예수병원

## 버  전: 1.0.3
## 수정일: 2005-03-03
## 내  용:
   1. 바코드 사용위치에 대한 옵션삭제
      - frmIISCompact - SaveServer
   2. 한 PC에서 같은장비를 2대 사용할수 있도록 수정
      - clsIISCompact - ShowForm, Class_Terminate

## 버  전: 1.0.3
## 적용일: 2005-03-04
## 병  원: 전주예수병원

## 버  전: 1.0.3 [호환성유지]
## 적용일: 2005-05-30
## 병  원: 예수병원

## 버  전: 1.0.4
## 수정일: 2005-07-12
## 내  용:
   1. tblResult에 결과표시시 버그수정
      - frmIISCompact - tblComplete_Click
## 병  원: 예수병원
