        Procedure : frmInterface - Private Sub f_subSet_ItemList()

     Error Source : M850

     Error Number : 5

Error Description : 프로시저 호출 또는 인수가 잘못되었습니다.

             Date : 2004년 7월 23일 월요일

             Time : 오후 2:15:43
━━━━━━━━━━━━━━━━━━━━━━━━━━━━━━━━━━━━━━━━
        Procedure : frmInterface - Private Sub cmdRun()

     Error Source : MSComm

     Error Number : 8002

Error Description : 포트 번호가 잘못되었습니다.

             Date : 2004년 7월 23일 월요일

             Time : 오후 11:38:06
━━━━━━━━━━━━━━━━━━━━━━━━━━━━━━━━━━━━━━━━
        Procedure : frmInterface - Private Sub cmdRun()

     Error Source : MSComm

     Error Number : 8002

Error Description : 포트 번호가 잘못되었습니다.

             Date : 2004년 7월 23일 월요일

             Time : 오후 11:38:14
━━━━━━━━━━━━━━━━━━━━━━━━━━━━━━━━━━━━━━━━
