        Procedure : frmInterface - Privete sub cmdWorkQuery_Click()

     Error Source : M850

     Error Number : 9

Error Description : 첨자 사용이 잘못되었습니다.

             Date : 2004년 7월 24일 월요일

             Time : 오전 12:13:22
━━━━━━━━━━━━━━━━━━━━━━━━━━━━━━━━━━━━━━━━
        Procedure : frmInterface - Privete sub cmdWorkQuery_Click()

     Error Source : M850

     Error Number : 9

Error Description : 첨자 사용이 잘못되었습니다.

             Date : 2004년 7월 24일 월요일

             Time : 오전 12:13:28
━━━━━━━━━━━━━━━━━━━━━━━━━━━━━━━━━━━━━━━━
        Procedure : frmInterface - Private Sub cmdRun()

     Error Source : MSComm

     Error Number : 8002

Error Description : 포트 번호가 잘못되었습니다.

             Date : 2004년 7월 24일 월요일

             Time : 오전 2:31:34
━━━━━━━━━━━━━━━━━━━━━━━━━━━━━━━━━━━━━━━━
