        Procedure : frmInterface - Private Sub cmdRun()

     Error Source : MSComm

     Error Number : 8002

Error Description : 포트 번호가 잘못되었습니다.

             Date : 2013년 10월 18일 월요일

             Time : 오후 4:49:10
━━━━━━━━━━━━━━━━━━━━━━━━━━━━━━━━━━━━━━━━
        Procedure : frmInterface - Private Sub cmdRun()

     Error Source : MSComm

     Error Number : 8002

Error Description : 포트 번호가 잘못되었습니다.

             Date : 2013년 10월 18일 월요일

             Time : 오후 4:50:04
━━━━━━━━━━━━━━━━━━━━━━━━━━━━━━━━━━━━━━━━
        Procedure : frmInterface - Private Sub cmdRun()

     Error Source : MSComm

     Error Number : 8002

Error Description : 포트 번호가 잘못되었습니다.

             Date : 2013년 10월 18일 월요일

             Time : 오후 4:50:12
━━━━━━━━━━━━━━━━━━━━━━━━━━━━━━━━━━━━━━━━
