    Procedure : Public Function Get_Date() As String

 Error Number : -2147467259

  Description : ERROR: function getdate() does not exist;
Error while executing the query

       Source : Microsoft OLE DB Provider for ODBC Drivers

    SQL State : 42883

 Native Error : 7

   SQL String : SELECT GETDATE()

         Date : 2018년 4월 13일 월요일

         Time : 오후 1:01:37
━━━━━━━━━━━━━━━━━━━━━━━━━━━━━━━━━━━━━━━━
    Procedure : Public Function Get_Date() As String

 Error Number : -2147467259

  Description : ERROR: function getdate() does not exist;
Error while executing the query

       Source : Microsoft OLE DB Provider for ODBC Drivers

    SQL State : 42883

 Native Error : 7

   SQL String : SELECT GETDATE()

         Date : 2018년 4월 13일 월요일

         Time : 오후 1:06:37
━━━━━━━━━━━━━━━━━━━━━━━━━━━━━━━━━━━━━━━━
    Procedure : Public Function Get_Date() As String

 Error Number : -2147467259

  Description : ERROR: function getdate() does not exist;
Error while executing the query

       Source : Microsoft OLE DB Provider for ODBC Drivers

    SQL State : 42883

 Native Error : 7

   SQL String : SELECT GETDATE()

         Date : 2018년 4월 13일 월요일

         Time : 오후 1:08:36
━━━━━━━━━━━━━━━━━━━━━━━━━━━━━━━━━━━━━━━━
        Procedure : frmInterface - Private Sub cmdRun()

     Error Source : MSComm

     Error Number : 8002

Error Description : 포트 번호가 잘못되었습니다.

             Date : 2018년 4월 13일 월요일

             Time : 오후 1:08:40
━━━━━━━━━━━━━━━━━━━━━━━━━━━━━━━━━━━━━━━━
    Procedure : Public Function Get_Date() As String

 Error Number : -2147467259

  Description : ERROR: function getdate() does not exist;
Error while executing the query

       Source : Microsoft OLE DB Provider for ODBC Drivers

    SQL State : 42883

 Native Error : 7

   SQL String : SELECT GETDATE()

         Date : 2018년 4월 13일 월요일

         Time : 오후 1:13:28
━━━━━━━━━━━━━━━━━━━━━━━━━━━━━━━━━━━━━━━━
    Procedure : Public Function Get_Date() As String

 Error Number : -2147467259

  Description : ERROR: function getdate() does not exist;
Error while executing the query

       Source : Microsoft OLE DB Provider for ODBC Drivers

    SQL State : 42883

 Native Error : 7

   SQL String : SELECT GETDATE()

         Date : 2018년 4월 13일 월요일

         Time : 오후 1:13:48
━━━━━━━━━━━━━━━━━━━━━━━━━━━━━━━━━━━━━━━━
    Procedure : Public Function Get_Date() As String

 Error Number : -2147467259

  Description : ERROR: function getdate() does not exist;
Error while executing the query

       Source : Microsoft OLE DB Provider for ODBC Drivers

    SQL State : 42883

 Native Error : 7

   SQL String : SELECT GETDATE()

         Date : 2018년 4월 13일 월요일

         Time : 오후 1:15:01
━━━━━━━━━━━━━━━━━━━━━━━━━━━━━━━━━━━━━━━━
    Procedure : Public Function Get_Date() As String

 Error Number : -2147467259

  Description : ERROR: function getdate() does not exist;
Error while executing the query

       Source : Microsoft OLE DB Provider for ODBC Drivers

    SQL State : 42883

 Native Error : 7

   SQL String : SELECT GETDATE()

         Date : 2018년 4월 13일 월요일

         Time : 오후 1:15:21
━━━━━━━━━━━━━━━━━━━━━━━━━━━━━━━━━━━━━━━━
    Procedure : Public Function Get_Date() As String

 Error Number : -2147467259

  Description : ERROR: function getdate() does not exist;
Error while executing the query

       Source : Microsoft OLE DB Provider for ODBC Drivers

    SQL State : 42883

 Native Error : 7

   SQL String : SELECT GETDATE()

         Date : 2018년 4월 13일 월요일

         Time : 오후 1:15:56
━━━━━━━━━━━━━━━━━━━━━━━━━━━━━━━━━━━━━━━━
        Procedure : frmInterface - Private Sub f_subGet_Setting()

     Error Source : E411

     Error Number : 13

Error Description : 형식이 일치하지 않습니다.

             Date : 2018년 4월 13일 월요일

             Time : 오후 1:17:46
━━━━━━━━━━━━━━━━━━━━━━━━━━━━━━━━━━━━━━━━
        Procedure : clsCommon - Public Function f_subSet_WorkList() As ADODB.Recordset

     Error Source : ADODB.Fields

     Error Number : 3265

Error Description : 요청한 이름 또는 서수에 해당하는 컬렉션에서 항목을 찾을 수 없습니다.

             Date : 2018년 4월 13일 월요일

             Time : 오후 1:32:54
━━━━━━━━━━━━━━━━━━━━━━━━━━━━━━━━━━━━━━━━
        Procedure : clsCommon - Public Function f_subSet_TestList() As ADODB.Recordset

     Error Source : Microsoft OLE DB Provider for ODBC Drivers

     Error Number : -2147217908

Error Description : 명령 텍스트가 명령 개체에 대하여 설정되지 않았습니다.

             Date : 2018년 4월 13일 월요일

             Time : 오후 1:38:29
━━━━━━━━━━━━━━━━━━━━━━━━━━━━━━━━━━━━━━━━
        Procedure : frmInterface - Private Sub cmdRun()

     Error Source : MSComm

     Error Number : 8002

Error Description : 포트 번호가 잘못되었습니다.

             Date : 2018년 4월 13일 월요일

             Time : 오후 4:33:43
━━━━━━━━━━━━━━━━━━━━━━━━━━━━━━━━━━━━━━━━
        Procedure : frmInterface - Private Sub cmdRun()

     Error Source : MSComm

     Error Number : 8002

Error Description : 포트 번호가 잘못되었습니다.

             Date : 2018년 4월 13일 월요일

             Time : 오후 4:35:19
━━━━━━━━━━━━━━━━━━━━━━━━━━━━━━━━━━━━━━━━
