        Procedure : clsCommon - Public Function f_subSet_WorkList() As ADODB.Recordset

     Error Source : ADODB.Recordset

     Error Number : 3709

Error Description : 이 작업을 수행하는 데 연결을 사용할 수 없습니다. 이 컨텍스트에서 연결이 닫혀 있거나 잘못되었습니다.

             Date : 2003년 10월 1일 월요일

             Time : 오후 2:24:41
━━━━━━━━━━━━━━━━━━━━━━━━━━━━━━━━━━━━━━━━
        Procedure : clsCommon - Public Function f_subSet_WorkList() As ADODB.Recordset

     Error Source : Hemacell

     Error Number : 424

Error Description : 개체가 필요합니다.

             Date : 2003년 10월 1일 월요일

             Time : 오후 2:24:47
━━━━━━━━━━━━━━━━━━━━━━━━━━━━━━━━━━━━━━━━
        Procedure : frmInterface - Private Sub f_subSet_ItemList()

     Error Source : Hemacell

     Error Number : 5

Error Description : 프로시저 호출 또는 인수가 잘못되었습니다.

             Date : 2003년 10월 1일 월요일

             Time : 오후 2:45:25
━━━━━━━━━━━━━━━━━━━━━━━━━━━━━━━━━━━━━━━━
