        Procedure : frmInterface - Private Sub f_subSet_ItemList()

     Error Source : M855

     Error Number : 9

Error Description : 첨자 사용이 잘못되었습니다.

             Date : 2003년 8월 28일 월요일

             Time : 오후 5:20:39
━━━━━━━━━━━━━━━━━━━━━━━━━━━━━━━━━━━━━━━━
        Procedure : frmInterface - Private Sub f_subSet_ItemList()

     Error Source : M855

     Error Number : 9

Error Description : 첨자 사용이 잘못되었습니다.

             Date : 2003년 8월 28일 월요일

             Time : 오후 5:20:57
━━━━━━━━━━━━━━━━━━━━━━━━━━━━━━━━━━━━━━━━
        Procedure : frmInterface - Private Sub f_subSet_ItemList()

     Error Source : M855

     Error Number : 9

Error Description : 첨자 사용이 잘못되었습니다.

             Date : 2003년 8월 28일 월요일

             Time : 오후 5:22:28
━━━━━━━━━━━━━━━━━━━━━━━━━━━━━━━━━━━━━━━━
        Procedure : frmInterface - Private Sub f_subSet_ItemList()

     Error Source : M855

     Error Number : 9

Error Description : 첨자 사용이 잘못되었습니다.

             Date : 2003년 8월 28일 월요일

             Time : 오후 5:22:39
━━━━━━━━━━━━━━━━━━━━━━━━━━━━━━━━━━━━━━━━
        Procedure : frmInterface - Private Sub f_subSet_ItemList()

     Error Source : M855

     Error Number : 9

Error Description : 첨자 사용이 잘못되었습니다.

             Date : 2003년 8월 28일 월요일

             Time : 오후 5:22:51
━━━━━━━━━━━━━━━━━━━━━━━━━━━━━━━━━━━━━━━━
        Procedure : frmInterface - Private Sub f_subSet_ItemList()

     Error Source : M855

     Error Number : 9

Error Description : 첨자 사용이 잘못되었습니다.

             Date : 2003년 8월 28일 월요일

             Time : 오후 5:23:41
━━━━━━━━━━━━━━━━━━━━━━━━━━━━━━━━━━━━━━━━
        Procedure : frmInterface - Private Sub f_subSet_ItemList()

     Error Source : M855

     Error Number : 9

Error Description : 첨자 사용이 잘못되었습니다.

             Date : 2003년 8월 28일 월요일

             Time : 오후 5:23:52
━━━━━━━━━━━━━━━━━━━━━━━━━━━━━━━━━━━━━━━━
        Procedure : frmInterface - Private Sub f_subSet_ItemList()

     Error Source : M855

     Error Number : 9

Error Description : 첨자 사용이 잘못되었습니다.

             Date : 2003년 8월 28일 월요일

             Time : 오후 5:24:18
━━━━━━━━━━━━━━━━━━━━━━━━━━━━━━━━━━━━━━━━
        Procedure : frmInterface - Private Sub f_subSet_ItemList()

     Error Source : M855

     Error Number : 9

Error Description : 첨자 사용이 잘못되었습니다.

             Date : 2003년 8월 28일 월요일

             Time : 오후 5:25:04
━━━━━━━━━━━━━━━━━━━━━━━━━━━━━━━━━━━━━━━━
        Procedure : frmInterface - Private Sub f_subSet_ItemList()

     Error Source : M855

     Error Number : 9

Error Description : 첨자 사용이 잘못되었습니다.

             Date : 2003년 8월 28일 월요일

             Time : 오후 5:25:38
━━━━━━━━━━━━━━━━━━━━━━━━━━━━━━━━━━━━━━━━
검체번호 [03082800246]를 저장하지 못했습니다.
━━━━━━━━━━━━━━━━━━━━━━━━━━━━━━━━━━━━━━━━
검체번호 [03082800246]를 저장하지 못했습니다.
━━━━━━━━━━━━━━━━━━━━━━━━━━━━━━━━━━━━━━━━
