159 행: sspUsername 컨트롤의 Threed.SSPanel 클래스는 로드한 컨트롤 클래스가 아닙니다.
797 행: SSPanel3 컨트롤의 Threed.SSPanel 클래스는 로드한 컨트롤 클래스가 아닙니다.
834 행: SSPanel2 컨트롤의 Threed.SSPanel 클래스는 로드한 컨트롤 클래스가 아닙니다.
1186 행: sspMode 컨트롤의 Threed.SSPanel 클래스는 로드한 컨트롤 클래스가 아닙니다.
1223 행: SSPanel1 컨트롤의 Threed.SSPanel 클래스는 로드한 컨트롤 클래스가 아닙니다.
165 행: sspUsername의 _ExtentX 속성 이름이 잘못되었습니다. 
166 행: sspUsername의 _ExtentY 속성 이름이 잘못되었습니다. 
167 행: sspUsername의 _Version 속성 이름이 잘못되었습니다. 
804 행: SSPanel3의 _ExtentX 속성 이름이 잘못되었습니다. 
805 행: SSPanel3의 _ExtentY 속성 이름이 잘못되었습니다. 
806 행: SSPanel3의 _Version 속성 이름이 잘못되었습니다. 
841 행: SSPanel2의 _ExtentX 속성 이름이 잘못되었습니다. 
842 행: SSPanel2의 _ExtentY 속성 이름이 잘못되었습니다. 
843 행: SSPanel2의 _Version 속성 이름이 잘못되었습니다. 
1193 행: sspMode의 _ExtentX 속성 이름이 잘못되었습니다. 
1194 행: sspMode의 _ExtentY 속성 이름이 잘못되었습니다. 
1195 행: sspMode의 _Version 속성 이름이 잘못되었습니다. 
1207 행: sspMode의 Caption 속성 이름이 잘못되었습니다. 
1208 행: sspMode의 BevelWidth 속성 이름이 잘못되었습니다. 
1209 행: sspMode의 BorderWidth 속성 이름이 잘못되었습니다. 
1229 행: SSPanel1의 _ExtentX 속성 이름이 잘못되었습니다. 
1230 행: SSPanel1의 _ExtentY 속성 이름이 잘못되었습니다. 
1231 행: SSPanel1의 _Version 속성 이름이 잘못되었습니다. 
1243 행: SSPanel1의 Caption 속성 이름이 잘못되었습니다. 
1244 행: SSPanel1의 BevelOuter 속성 이름이 잘못되었습니다. 
1245 행: SSPanel1의 Alignment 속성 이름이 잘못되었습니다. 
