        Procedure : frmInterface - Private Sub cmdRun()

     Error Source : MSComm

     Error Number : 8002

Error Description : 포트 번호가 잘못되었습니다.

             Date : 2003년 9월 2일 월요일

             Time : 오전 9:01:05
━━━━━━━━━━━━━━━━━━━━━━━━━━━━━━━━━━━━━━━━
        Procedure : frmInterface - Private Sub cmdRun()

     Error Source : MSComm

     Error Number : 8002

Error Description : 포트 번호가 잘못되었습니다.

             Date : 2003년 9월 2일 월요일

             Time : 오전 9:01:12
━━━━━━━━━━━━━━━━━━━━━━━━━━━━━━━━━━━━━━━━
        Procedure : frmInterface - Private Sub cmdRun()

     Error Source : MSComm

     Error Number : 8002

Error Description : 포트 번호가 잘못되었습니다.

             Date : 2003년 9월 2일 월요일

             Time : 오전 9:01:14
━━━━━━━━━━━━━━━━━━━━━━━━━━━━━━━━━━━━━━━━
        Procedure : frmInterface - Private Sub cmdRun()

     Error Source : MSComm

     Error Number : 8002

Error Description : 포트 번호가 잘못되었습니다.

             Date : 2003년 9월 2일 월요일

             Time : 오전 9:01:37
━━━━━━━━━━━━━━━━━━━━━━━━━━━━━━━━━━━━━━━━
        Procedure : frmInterface - Private Sub cmdRun()

     Error Source : MSComm

     Error Number : 8002

Error Description : 포트 번호가 잘못되었습니다.

             Date : 2003년 9월 2일 월요일

             Time : 오전 9:02:58
━━━━━━━━━━━━━━━━━━━━━━━━━━━━━━━━━━━━━━━━
        Procedure : frmInterface - Private Sub cmdRun()

     Error Source : MSComm

     Error Number : 8002

Error Description : 포트 번호가 잘못되었습니다.

             Date : 2003년 9월 2일 월요일

             Time : 오전 9:05:00
━━━━━━━━━━━━━━━━━━━━━━━━━━━━━━━━━━━━━━━━
