        Procedure : frmInterface - Private Sub f_subGet_Setting()

     Error Source : MSComm

     Error Number : 8002

Error Description : 포트 번호가 잘못되었습니다.

             Date : 2003년 9월 4일 월요일

             Time : 오후 12:26:21
━━━━━━━━━━━━━━━━━━━━━━━━━━━━━━━━━━━━━━━━
        Procedure : frmInterface - Private Sub f_subGet_Setting()

     Error Source : MSComm

     Error Number : 8002

Error Description : 포트 번호가 잘못되었습니다.

             Date : 2003년 9월 4일 월요일

             Time : 오후 12:27:40
━━━━━━━━━━━━━━━━━━━━━━━━━━━━━━━━━━━━━━━━
        Procedure : frmInterface - Private Sub f_subGet_Setting()

     Error Source : MSComm

     Error Number : 8002

Error Description : 포트 번호가 잘못되었습니다.

             Date : 2003년 9월 4일 월요일

             Time : 오후 12:28:27
━━━━━━━━━━━━━━━━━━━━━━━━━━━━━━━━━━━━━━━━
        Procedure : frmInterface - Private Sub f_subGet_Setting()

     Error Source : MSComm

     Error Number : 8002

Error Description : 포트 번호가 잘못되었습니다.

             Date : 2003년 9월 4일 월요일

             Time : 오후 12:28:44
━━━━━━━━━━━━━━━━━━━━━━━━━━━━━━━━━━━━━━━━
        Procedure : frmInterface - Private Sub f_subGet_Setting()

     Error Source : MSComm

     Error Number : 8002

Error Description : 포트 번호가 잘못되었습니다.

             Date : 2003년 9월 4일 월요일

             Time : 오후 12:29:00
━━━━━━━━━━━━━━━━━━━━━━━━━━━━━━━━━━━━━━━━
        Procedure : frmInterface - Private Sub f_subGet_Setting()

     Error Source : MSComm

     Error Number : 8002

Error Description : 포트 번호가 잘못되었습니다.

             Date : 2003년 9월 4일 월요일

             Time : 오후 12:32:21
━━━━━━━━━━━━━━━━━━━━━━━━━━━━━━━━━━━━━━━━
        Procedure : frmInterface - Private Sub f_subGet_Setting()

     Error Source : MSComm

     Error Number : 8002

Error Description : 포트 번호가 잘못되었습니다.

             Date : 2003년 9월 4일 월요일

             Time : 오후 12:32:26
━━━━━━━━━━━━━━━━━━━━━━━━━━━━━━━━━━━━━━━━
        Procedure : frmInterface - Private Sub f_subGet_Setting()

     Error Source : MSComm

     Error Number : 8002

Error Description : 포트 번호가 잘못되었습니다.

             Date : 2003년 9월 4일 월요일

             Time : 오후 12:32:35
━━━━━━━━━━━━━━━━━━━━━━━━━━━━━━━━━━━━━━━━
        Procedure : frmInterface - Private Sub f_subGet_Setting()

     Error Source : MSComm

     Error Number : 8002

Error Description : 포트 번호가 잘못되었습니다.

             Date : 2003년 9월 4일 월요일

             Time : 오후 12:32:51
━━━━━━━━━━━━━━━━━━━━━━━━━━━━━━━━━━━━━━━━
        Procedure : frmInterface - Private Sub f_subGet_Setting()

     Error Source : MSComm

     Error Number : 8002

Error Description : 포트 번호가 잘못되었습니다.

             Date : 2003년 9월 4일 월요일

             Time : 오후 12:32:55
━━━━━━━━━━━━━━━━━━━━━━━━━━━━━━━━━━━━━━━━
        Procedure : frmInterface - Private Sub f_subGet_Setting()

     Error Source : MSComm

     Error Number : 8002

Error Description : 포트 번호가 잘못되었습니다.

             Date : 2003년 9월 4일 월요일

             Time : 오후 12:33:10
━━━━━━━━━━━━━━━━━━━━━━━━━━━━━━━━━━━━━━━━
        Procedure : frmInterface - Private Sub f_subGet_Setting()

     Error Source : MSComm

     Error Number : 8002

Error Description : 포트 번호가 잘못되었습니다.

             Date : 2003년 9월 4일 월요일

             Time : 오후 12:33:16
━━━━━━━━━━━━━━━━━━━━━━━━━━━━━━━━━━━━━━━━
        Procedure : frmInterface - Private Sub f_subGet_Setting()

     Error Source : MSComm

     Error Number : 8002

Error Description : 포트 번호가 잘못되었습니다.

             Date : 2003년 9월 4일 월요일

             Time : 오후 12:34:13
━━━━━━━━━━━━━━━━━━━━━━━━━━━━━━━━━━━━━━━━
        Procedure : frmInterface - Private Sub f_subGet_Setting()

     Error Source : MSComm

     Error Number : 8002

Error Description : 포트 번호가 잘못되었습니다.

             Date : 2003년 9월 4일 월요일

             Time : 오후 12:34:18
━━━━━━━━━━━━━━━━━━━━━━━━━━━━━━━━━━━━━━━━
        Procedure : frmInterface - Private Sub f_subGet_Setting()

     Error Source : MSComm

     Error Number : 8002

Error Description : 포트 번호가 잘못되었습니다.

             Date : 2003년 9월 4일 월요일

             Time : 오후 12:34:38
━━━━━━━━━━━━━━━━━━━━━━━━━━━━━━━━━━━━━━━━
        Procedure : frmInterface - Private Sub f_subGet_Setting()

     Error Source : MSComm

     Error Number : 8002

Error Description : 포트 번호가 잘못되었습니다.

             Date : 2003년 9월 4일 월요일

             Time : 오후 12:35:00
━━━━━━━━━━━━━━━━━━━━━━━━━━━━━━━━━━━━━━━━
        Procedure : frmInterface - Private Sub f_subGet_Setting()

     Error Source : MSComm

     Error Number : 8002

Error Description : 포트 번호가 잘못되었습니다.

             Date : 2003년 9월 4일 월요일

             Time : 오후 12:35:17
━━━━━━━━━━━━━━━━━━━━━━━━━━━━━━━━━━━━━━━━
        Procedure : frmInterface - Private Sub f_subGet_Setting()

     Error Source : MSComm

     Error Number : 8002

Error Description : 포트 번호가 잘못되었습니다.

             Date : 2003년 9월 4일 월요일

             Time : 오후 12:35:48
━━━━━━━━━━━━━━━━━━━━━━━━━━━━━━━━━━━━━━━━
        Procedure : frmInterface - Private Sub f_subGet_Setting()

     Error Source : MSComm

     Error Number : 8002

Error Description : 포트 번호가 잘못되었습니다.

             Date : 2003년 9월 4일 월요일

             Time : 오후 1:24:55
━━━━━━━━━━━━━━━━━━━━━━━━━━━━━━━━━━━━━━━━
        Procedure : frmInterface - Private Sub f_subGet_Setting()

     Error Source : MSComm

     Error Number : 8002

Error Description : 포트 번호가 잘못되었습니다.

             Date : 2003년 9월 4일 월요일

             Time : 오후 1:25:38
━━━━━━━━━━━━━━━━━━━━━━━━━━━━━━━━━━━━━━━━
        Procedure : frmInterface - Private Sub f_subGet_Setting()

     Error Source : MSComm

     Error Number : 8002

Error Description : 포트 번호가 잘못되었습니다.

             Date : 2003년 9월 4일 월요일

             Time : 오후 1:32:57
━━━━━━━━━━━━━━━━━━━━━━━━━━━━━━━━━━━━━━━━
        Procedure : frmInterface - Private Sub f_subGet_Setting()

     Error Source : MSComm

     Error Number : 8002

Error Description : 포트 번호가 잘못되었습니다.

             Date : 2003년 9월 4일 월요일

             Time : 오후 1:35:15
━━━━━━━━━━━━━━━━━━━━━━━━━━━━━━━━━━━━━━━━
        Procedure : frmInterface - Private Sub f_subGet_Setting()

     Error Source : MSComm

     Error Number : 8002

Error Description : 포트 번호가 잘못되었습니다.

             Date : 2003년 9월 4일 월요일

             Time : 오후 1:35:42
━━━━━━━━━━━━━━━━━━━━━━━━━━━━━━━━━━━━━━━━
        Procedure : frmInterface - Private Sub f_subGet_Setting()

     Error Source : MSComm

     Error Number : 8002

Error Description : 포트 번호가 잘못되었습니다.

             Date : 2003년 9월 4일 월요일

             Time : 오후 1:36:41
━━━━━━━━━━━━━━━━━━━━━━━━━━━━━━━━━━━━━━━━
        Procedure : frmInterface - Private Sub f_subGet_Setting()

     Error Source : MSComm

     Error Number : 8002

Error Description : 포트 번호가 잘못되었습니다.

             Date : 2003년 9월 4일 월요일

             Time : 오후 1:37:20
━━━━━━━━━━━━━━━━━━━━━━━━━━━━━━━━━━━━━━━━
        Procedure : frmInterface - Private Sub f_subGet_Setting()

     Error Source : MSComm

     Error Number : 8002

Error Description : 포트 번호가 잘못되었습니다.

             Date : 2003년 9월 4일 월요일

             Time : 오후 1:37:42
━━━━━━━━━━━━━━━━━━━━━━━━━━━━━━━━━━━━━━━━
        Procedure : frmInterface - Private Sub f_subGet_Setting()

     Error Source : MSComm

     Error Number : 8002

Error Description : 포트 번호가 잘못되었습니다.

             Date : 2003년 9월 4일 월요일

             Time : 오후 2:02:08
━━━━━━━━━━━━━━━━━━━━━━━━━━━━━━━━━━━━━━━━
        Procedure : frmInterface - Private Sub f_subGet_Setting()

     Error Source : MSComm

     Error Number : 8002

Error Description : 포트 번호가 잘못되었습니다.

             Date : 2003년 9월 4일 월요일

             Time : 오후 2:08:01
━━━━━━━━━━━━━━━━━━━━━━━━━━━━━━━━━━━━━━━━
        Procedure : frmInterface - Private Sub f_subGet_Setting()

     Error Source : MSComm

     Error Number : 8002

Error Description : 포트 번호가 잘못되었습니다.

             Date : 2003년 9월 4일 월요일

             Time : 오후 2:11:13
━━━━━━━━━━━━━━━━━━━━━━━━━━━━━━━━━━━━━━━━
        Procedure : frmInterface - Private Sub f_subGet_Setting()

     Error Source : MSComm

     Error Number : 8002

Error Description : 포트 번호가 잘못되었습니다.

             Date : 2003년 9월 4일 월요일

             Time : 오후 2:11:38
━━━━━━━━━━━━━━━━━━━━━━━━━━━━━━━━━━━━━━━━
        Procedure : frmInterface - Private Sub f_subGet_Setting()

     Error Source : MSComm

     Error Number : 8002

Error Description : 포트 번호가 잘못되었습니다.

             Date : 2003년 9월 4일 월요일

             Time : 오후 2:12:43
━━━━━━━━━━━━━━━━━━━━━━━━━━━━━━━━━━━━━━━━
        Procedure : frmInterface - Private Sub f_subGet_Setting()

     Error Source : MSComm

     Error Number : 8002

Error Description : 포트 번호가 잘못되었습니다.

             Date : 2003년 9월 4일 월요일

             Time : 오후 5:41:42
━━━━━━━━━━━━━━━━━━━━━━━━━━━━━━━━━━━━━━━━
        Procedure : frmInterface - Private Sub f_subGet_Setting()

     Error Source : MSComm

     Error Number : 8002

Error Description : 포트 번호가 잘못되었습니다.

             Date : 2003년 9월 4일 월요일

             Time : 오후 5:41:46
━━━━━━━━━━━━━━━━━━━━━━━━━━━━━━━━━━━━━━━━
        Procedure : frmInterface - Private Sub f_subGet_Setting()

     Error Source : MSComm

     Error Number : 8002

Error Description : 포트 번호가 잘못되었습니다.

             Date : 2003년 9월 4일 월요일

             Time : 오후 5:42:15
━━━━━━━━━━━━━━━━━━━━━━━━━━━━━━━━━━━━━━━━
        Procedure : frmInterface - Private Sub f_subGet_Setting()

     Error Source : MSComm

     Error Number : 8002

Error Description : 포트 번호가 잘못되었습니다.

             Date : 2003년 9월 4일 월요일

             Time : 오후 5:54:28
━━━━━━━━━━━━━━━━━━━━━━━━━━━━━━━━━━━━━━━━
        Procedure : frmInterface - Private Sub f_subGet_Setting()

     Error Source : MSComm

     Error Number : 8002

Error Description : 포트 번호가 잘못되었습니다.

             Date : 2003년 9월 4일 월요일

             Time : 오후 5:56:59
━━━━━━━━━━━━━━━━━━━━━━━━━━━━━━━━━━━━━━━━
        Procedure : frmInterface - Private Sub f_subGet_Setting()

     Error Source : MSComm

     Error Number : 8002

Error Description : 포트 번호가 잘못되었습니다.

             Date : 2003년 9월 4일 월요일

             Time : 오후 6:43:47
━━━━━━━━━━━━━━━━━━━━━━━━━━━━━━━━━━━━━━━━
        Procedure : frmInterface - Private Sub f_subGet_Setting()

     Error Source : MSComm

     Error Number : 8002

Error Description : 포트 번호가 잘못되었습니다.

             Date : 2003년 9월 4일 월요일

             Time : 오후 6:44:30
━━━━━━━━━━━━━━━━━━━━━━━━━━━━━━━━━━━━━━━━
        Procedure : frmInterface - Private Sub f_subGet_Setting()

     Error Source : MSComm

     Error Number : 8002

Error Description : 포트 번호가 잘못되었습니다.

             Date : 2003년 9월 4일 월요일

             Time : 오후 6:44:39
━━━━━━━━━━━━━━━━━━━━━━━━━━━━━━━━━━━━━━━━
        Procedure : frmInterface - Private Sub f_subGet_Setting()

     Error Source : MSComm

     Error Number : 8002

Error Description : 포트 번호가 잘못되었습니다.

             Date : 2003년 9월 4일 월요일

             Time : 오후 6:47:11
━━━━━━━━━━━━━━━━━━━━━━━━━━━━━━━━━━━━━━━━
        Procedure : frmInterface - Private Sub f_subGet_Setting()

     Error Source : MSComm

     Error Number : 8002

Error Description : 포트 번호가 잘못되었습니다.

             Date : 2003년 9월 4일 월요일

             Time : 오후 6:47:33
━━━━━━━━━━━━━━━━━━━━━━━━━━━━━━━━━━━━━━━━
        Procedure : frmInterface - Private Sub f_subGet_Setting()

     Error Source : MSComm

     Error Number : 8002

Error Description : 포트 번호가 잘못되었습니다.

             Date : 2003년 9월 4일 월요일

             Time : 오후 6:51:19
━━━━━━━━━━━━━━━━━━━━━━━━━━━━━━━━━━━━━━━━
        Procedure : frmInterface - Private Sub f_subGet_Setting()

     Error Source : MSComm

     Error Number : 8002

Error Description : 포트 번호가 잘못되었습니다.

             Date : 2003년 9월 4일 월요일

             Time : 오후 6:52:02
━━━━━━━━━━━━━━━━━━━━━━━━━━━━━━━━━━━━━━━━
        Procedure : frmInterface - Private Sub f_subGet_Setting()

     Error Source : MSComm

     Error Number : 8002

Error Description : 포트 번호가 잘못되었습니다.

             Date : 2003년 9월 4일 월요일

             Time : 오후 6:52:18
━━━━━━━━━━━━━━━━━━━━━━━━━━━━━━━━━━━━━━━━
        Procedure : frmInterface - Private Sub f_subGet_Setting()

     Error Source : MSComm

     Error Number : 8002

Error Description : 포트 번호가 잘못되었습니다.

             Date : 2003년 9월 4일 월요일

             Time : 오후 6:53:22
━━━━━━━━━━━━━━━━━━━━━━━━━━━━━━━━━━━━━━━━
        Procedure : frmInterface - Private Sub f_subGet_Setting()

     Error Source : MSComm

     Error Number : 8002

Error Description : 포트 번호가 잘못되었습니다.

             Date : 2003년 9월 4일 월요일

             Time : 오후 6:54:51
━━━━━━━━━━━━━━━━━━━━━━━━━━━━━━━━━━━━━━━━
        Procedure : frmInterface - Private Sub f_subGet_Setting()

     Error Source : MSComm

     Error Number : 8002

Error Description : 포트 번호가 잘못되었습니다.

             Date : 2003년 9월 4일 월요일

             Time : 오후 6:55:45
━━━━━━━━━━━━━━━━━━━━━━━━━━━━━━━━━━━━━━━━
        Procedure : frmInterface - Private Sub f_subGet_Setting()

     Error Source : MSComm

     Error Number : 8002

Error Description : 포트 번호가 잘못되었습니다.

             Date : 2003년 9월 4일 월요일

             Time : 오후 6:56:37
━━━━━━━━━━━━━━━━━━━━━━━━━━━━━━━━━━━━━━━━
        Procedure : frmInterface - Private Sub f_subGet_Setting()

     Error Source : MSComm

     Error Number : 8002

Error Description : 포트 번호가 잘못되었습니다.

             Date : 2003년 9월 4일 월요일

             Time : 오후 6:57:10
━━━━━━━━━━━━━━━━━━━━━━━━━━━━━━━━━━━━━━━━
        Procedure : frmInterface - Private Sub f_subGet_Setting()

     Error Source : MSComm

     Error Number : 8002

Error Description : 포트 번호가 잘못되었습니다.

             Date : 2003년 9월 4일 월요일

             Time : 오후 6:57:28
━━━━━━━━━━━━━━━━━━━━━━━━━━━━━━━━━━━━━━━━
        Procedure : frmInterface - Private Sub f_subGet_Setting()

     Error Source : MSComm

     Error Number : 8002

Error Description : 포트 번호가 잘못되었습니다.

             Date : 2003년 9월 4일 월요일

             Time : 오후 6:58:36
━━━━━━━━━━━━━━━━━━━━━━━━━━━━━━━━━━━━━━━━
        Procedure : frmInterface - Private Sub f_subGet_Setting()

     Error Source : MSComm

     Error Number : 8002

Error Description : 포트 번호가 잘못되었습니다.

             Date : 2003년 9월 4일 월요일

             Time : 오후 6:58:46
━━━━━━━━━━━━━━━━━━━━━━━━━━━━━━━━━━━━━━━━
        Procedure : frmInterface - Private Sub f_subGet_Setting()

     Error Source : MSComm

     Error Number : 8002

Error Description : 포트 번호가 잘못되었습니다.

             Date : 2003년 9월 4일 월요일

             Time : 오후 6:59:59
━━━━━━━━━━━━━━━━━━━━━━━━━━━━━━━━━━━━━━━━
        Procedure : frmInterface - Private Sub f_subGet_Setting()

     Error Source : MSComm

     Error Number : 8002

Error Description : 포트 번호가 잘못되었습니다.

             Date : 2003년 9월 4일 월요일

             Time : 오후 7:12:45
━━━━━━━━━━━━━━━━━━━━━━━━━━━━━━━━━━━━━━━━
        Procedure : frmInterface - Private Sub f_subGet_Setting()

     Error Source : MSComm

     Error Number : 8002

Error Description : 포트 번호가 잘못되었습니다.

             Date : 2003년 9월 4일 월요일

             Time : 오후 7:28:08
━━━━━━━━━━━━━━━━━━━━━━━━━━━━━━━━━━━━━━━━
        Procedure : frmInterface - Private Sub f_subGet_Setting()

     Error Source : MSComm

     Error Number : 8002

Error Description : 포트 번호가 잘못되었습니다.

             Date : 2003년 9월 4일 월요일

             Time : 오후 7:28:12
━━━━━━━━━━━━━━━━━━━━━━━━━━━━━━━━━━━━━━━━
        Procedure : frmInterface - Private Sub f_subGet_Setting()

     Error Source : MSComm

     Error Number : 8002

Error Description : 포트 번호가 잘못되었습니다.

             Date : 2003년 9월 4일 월요일

             Time : 오후 7:31:22
━━━━━━━━━━━━━━━━━━━━━━━━━━━━━━━━━━━━━━━━
        Procedure : frmInterface - Private Sub f_subGet_Setting()

     Error Source : MSComm

     Error Number : 8002

Error Description : 포트 번호가 잘못되었습니다.

             Date : 2003년 9월 4일 월요일

             Time : 오후 7:31:26
━━━━━━━━━━━━━━━━━━━━━━━━━━━━━━━━━━━━━━━━
        Procedure : frmInterface - Private Sub f_subGet_Setting()

     Error Source : MSComm

     Error Number : 8002

Error Description : 포트 번호가 잘못되었습니다.

             Date : 2003년 9월 4일 월요일

             Time : 오후 7:31:47
━━━━━━━━━━━━━━━━━━━━━━━━━━━━━━━━━━━━━━━━
        Procedure : frmInterface - Private Sub f_subGet_Setting()

     Error Source : MSComm

     Error Number : 8002

Error Description : 포트 번호가 잘못되었습니다.

             Date : 2003년 9월 4일 월요일

             Time : 오후 8:07:00
━━━━━━━━━━━━━━━━━━━━━━━━━━━━━━━━━━━━━━━━
        Procedure : frmInterface - Private Sub f_subGet_Setting()

     Error Source : MSComm

     Error Number : 8002

Error Description : 포트 번호가 잘못되었습니다.

             Date : 2003년 9월 4일 월요일

             Time : 오후 8:08:36
━━━━━━━━━━━━━━━━━━━━━━━━━━━━━━━━━━━━━━━━
        Procedure : frmInterface - Privete sub psDataDefine()

     Error Source : XE2100

     Error Number : 9

Error Description : 첨자 사용이 잘못되었습니다.

             Date : 2003년 9월 4일 월요일

             Time : 오후 8:09:54
━━━━━━━━━━━━━━━━━━━━━━━━━━━━━━━━━━━━━━━━
        Procedure : frmInterface - Privete sub psDataDefine()

     Error Source : XE2100

     Error Number : 9

Error Description : 첨자 사용이 잘못되었습니다.

             Date : 2003년 9월 4일 월요일

             Time : 오후 8:09:53
━━━━━━━━━━━━━━━━━━━━━━━━━━━━━━━━━━━━━━━━
        Procedure : frmInterface - Privete sub psDataDefine()

     Error Source : XE2100

     Error Number : 9

Error Description : 첨자 사용이 잘못되었습니다.

             Date : 2003년 9월 4일 월요일

             Time : 오후 8:09:52
━━━━━━━━━━━━━━━━━━━━━━━━━━━━━━━━━━━━━━━━
        Procedure : frmInterface - Privete sub psDataDefine()

     Error Source : XE2100

     Error Number : 9

Error Description : 첨자 사용이 잘못되었습니다.

             Date : 2003년 9월 4일 월요일

             Time : 오후 8:09:51
━━━━━━━━━━━━━━━━━━━━━━━━━━━━━━━━━━━━━━━━
        Procedure : frmInterface - Privete sub psDataDefine()

     Error Source : XE2100

     Error Number : 9

Error Description : 첨자 사용이 잘못되었습니다.

             Date : 2003년 9월 4일 월요일

             Time : 오후 8:09:51
━━━━━━━━━━━━━━━━━━━━━━━━━━━━━━━━━━━━━━━━
        Procedure : frmInterface - Privete sub psDataDefine()

     Error Source : XE2100

     Error Number : 9

Error Description : 첨자 사용이 잘못되었습니다.

             Date : 2003년 9월 4일 월요일

             Time : 오후 8:09:50
━━━━━━━━━━━━━━━━━━━━━━━━━━━━━━━━━━━━━━━━
        Procedure : frmInterface - Privete sub psDataDefine()

     Error Source : XE2100

     Error Number : 9

Error Description : 첨자 사용이 잘못되었습니다.

             Date : 2003년 9월 4일 월요일

             Time : 오후 8:09:50
━━━━━━━━━━━━━━━━━━━━━━━━━━━━━━━━━━━━━━━━
        Procedure : frmInterface - Privete sub psDataDefine()

     Error Source : XE2100

     Error Number : 9

Error Description : 첨자 사용이 잘못되었습니다.

             Date : 2003년 9월 4일 월요일

             Time : 오후 8:09:49
━━━━━━━━━━━━━━━━━━━━━━━━━━━━━━━━━━━━━━━━
        Procedure : frmInterface - Privete sub psDataDefine()

     Error Source : XE2100

     Error Number : 9

Error Description : 첨자 사용이 잘못되었습니다.

             Date : 2003년 9월 4일 월요일

             Time : 오후 8:09:48
━━━━━━━━━━━━━━━━━━━━━━━━━━━━━━━━━━━━━━━━
        Procedure : frmInterface - Privete sub psDataDefine()

     Error Source : XE2100

     Error Number : 9

Error Description : 첨자 사용이 잘못되었습니다.

             Date : 2003년 9월 4일 월요일

             Time : 오후 8:10:00
━━━━━━━━━━━━━━━━━━━━━━━━━━━━━━━━━━━━━━━━
        Procedure : frmInterface - Privete sub psDataDefine()

     Error Source : XE2100

     Error Number : 9

Error Description : 첨자 사용이 잘못되었습니다.

             Date : 2003년 9월 4일 월요일

             Time : 오후 8:09:48
━━━━━━━━━━━━━━━━━━━━━━━━━━━━━━━━━━━━━━━━
        Procedure : frmInterface - Privete sub psDataDefine()

     Error Source : XE2100

     Error Number : 9

Error Description : 첨자 사용이 잘못되었습니다.

             Date : 2003년 9월 4일 월요일

             Time : 오후 8:10:02
━━━━━━━━━━━━━━━━━━━━━━━━━━━━━━━━━━━━━━━━
        Procedure : frmInterface - Privete sub psDataDefine()

     Error Source : XE2100

     Error Number : 9

Error Description : 첨자 사용이 잘못되었습니다.

             Date : 2003년 9월 4일 월요일

             Time : 오후 8:10:03
━━━━━━━━━━━━━━━━━━━━━━━━━━━━━━━━━━━━━━━━
        Procedure : frmInterface - Privete sub psDataDefine()

     Error Source : XE2100

     Error Number : 9

Error Description : 첨자 사용이 잘못되었습니다.

             Date : 2003년 9월 4일 월요일

             Time : 오후 8:10:03
━━━━━━━━━━━━━━━━━━━━━━━━━━━━━━━━━━━━━━━━
        Procedure : frmInterface - Privete sub psDataDefine()

     Error Source : XE2100

     Error Number : 9

Error Description : 첨자 사용이 잘못되었습니다.

             Date : 2003년 9월 4일 월요일

             Time : 오후 8:10:04
━━━━━━━━━━━━━━━━━━━━━━━━━━━━━━━━━━━━━━━━
        Procedure : frmInterface - Privete sub psDataDefine()

     Error Source : XE2100

     Error Number : 9

Error Description : 첨자 사용이 잘못되었습니다.

             Date : 2003년 9월 4일 월요일

             Time : 오후 8:10:05
━━━━━━━━━━━━━━━━━━━━━━━━━━━━━━━━━━━━━━━━
        Procedure : frmInterface - Privete sub psDataDefine()

     Error Source : XE2100

     Error Number : 9

Error Description : 첨자 사용이 잘못되었습니다.

             Date : 2003년 9월 4일 월요일

             Time : 오후 8:10:06
━━━━━━━━━━━━━━━━━━━━━━━━━━━━━━━━━━━━━━━━
        Procedure : frmInterface - Privete sub psDataDefine()

     Error Source : XE2100

     Error Number : 9

Error Description : 첨자 사용이 잘못되었습니다.

             Date : 2003년 9월 4일 월요일

             Time : 오후 8:10:07
━━━━━━━━━━━━━━━━━━━━━━━━━━━━━━━━━━━━━━━━
        Procedure : frmInterface - Privete sub psDataDefine()

     Error Source : XE2100

     Error Number : 9

Error Description : 첨자 사용이 잘못되었습니다.

             Date : 2003년 9월 4일 월요일

             Time : 오후 8:10:08
━━━━━━━━━━━━━━━━━━━━━━━━━━━━━━━━━━━━━━━━
        Procedure : frmInterface - Private Sub f_subGet_Setting()

     Error Source : MSComm

     Error Number : 8002

Error Description : 포트 번호가 잘못되었습니다.

             Date : 2003년 9월 4일 월요일

             Time : 오후 8:12:02
━━━━━━━━━━━━━━━━━━━━━━━━━━━━━━━━━━━━━━━━
        Procedure : frmInterface - Private Sub f_subGet_Setting()

     Error Source : MSComm

     Error Number : 8002

Error Description : 포트 번호가 잘못되었습니다.

             Date : 2003년 9월 4일 월요일

             Time : 오후 8:12:49
━━━━━━━━━━━━━━━━━━━━━━━━━━━━━━━━━━━━━━━━
        Procedure : frmInterface - Private Sub f_subGet_Setting()

     Error Source : MSComm

     Error Number : 8002

Error Description : 포트 번호가 잘못되었습니다.

             Date : 2003년 9월 4일 월요일

             Time : 오후 8:13:43
━━━━━━━━━━━━━━━━━━━━━━━━━━━━━━━━━━━━━━━━
        Procedure : frmInterface - Private Sub f_subGet_Setting()

     Error Source : MSComm

     Error Number : 8002

Error Description : 포트 번호가 잘못되었습니다.

             Date : 2003년 9월 4일 월요일

             Time : 오후 8:14:29
━━━━━━━━━━━━━━━━━━━━━━━━━━━━━━━━━━━━━━━━
        Procedure : frmInterface - Private Sub f_subGet_Setting()

     Error Source : MSComm

     Error Number : 8002

Error Description : 포트 번호가 잘못되었습니다.

             Date : 2003년 9월 4일 월요일

             Time : 오후 8:15:31
━━━━━━━━━━━━━━━━━━━━━━━━━━━━━━━━━━━━━━━━
        Procedure : frmInterface - Private Sub f_subGet_Setting()

     Error Source : MSComm

     Error Number : 8002

Error Description : 포트 번호가 잘못되었습니다.

             Date : 2003년 9월 4일 월요일

             Time : 오후 8:23:26
━━━━━━━━━━━━━━━━━━━━━━━━━━━━━━━━━━━━━━━━
        Procedure : frmInterface - Private Sub f_subGet_Setting()

     Error Source : MSComm

     Error Number : 8002

Error Description : 포트 번호가 잘못되었습니다.

             Date : 2003년 9월 4일 월요일

             Time : 오후 8:23:46
━━━━━━━━━━━━━━━━━━━━━━━━━━━━━━━━━━━━━━━━
        Procedure : frmInterface - Private Sub f_subGet_Setting()

     Error Source : MSComm

     Error Number : 8002

Error Description : 포트 번호가 잘못되었습니다.

             Date : 2003년 9월 4일 월요일

             Time : 오후 8:42:06
━━━━━━━━━━━━━━━━━━━━━━━━━━━━━━━━━━━━━━━━
        Procedure : frmInterface - Private Sub f_subGet_Setting()

     Error Source : MSComm

     Error Number : 8002

Error Description : 포트 번호가 잘못되었습니다.

             Date : 2003년 9월 4일 월요일

             Time : 오후 8:47:21
━━━━━━━━━━━━━━━━━━━━━━━━━━━━━━━━━━━━━━━━
        Procedure : frmInterface - Private Sub f_subGet_Setting()

     Error Source : MSComm

     Error Number : 8002

Error Description : 포트 번호가 잘못되었습니다.

             Date : 2003년 9월 4일 월요일

             Time : 오후 8:57:49
━━━━━━━━━━━━━━━━━━━━━━━━━━━━━━━━━━━━━━━━
        Procedure : frmInterface - Privete sub psDataDefine()

     Error Source : XE2100

     Error Number : 13

Error Description : 형식이 일치하지 않습니다.

             Date : 2003년 9월 4일 월요일

             Time : 오후 8:58:32
━━━━━━━━━━━━━━━━━━━━━━━━━━━━━━━━━━━━━━━━
        Procedure : frmInterface - Privete sub psDataDefine()

     Error Source : XE2100

     Error Number : 13

Error Description : 형식이 일치하지 않습니다.

             Date : 2003년 9월 4일 월요일

             Time : 오후 8:58:32
━━━━━━━━━━━━━━━━━━━━━━━━━━━━━━━━━━━━━━━━
        Procedure : frmInterface - Privete sub psDataDefine()

     Error Source : XE2100

     Error Number : 13

Error Description : 형식이 일치하지 않습니다.

             Date : 2003년 9월 4일 월요일

             Time : 오후 8:59:13
━━━━━━━━━━━━━━━━━━━━━━━━━━━━━━━━━━━━━━━━
        Procedure : frmInterface - Private Sub f_subGet_Setting()

     Error Source : MSComm

     Error Number : 8002

Error Description : 포트 번호가 잘못되었습니다.

             Date : 2003년 9월 4일 월요일

             Time : 오후 9:05:37
━━━━━━━━━━━━━━━━━━━━━━━━━━━━━━━━━━━━━━━━
        Procedure : frmInterface - Privete sub psDataDefine()

     Error Source : Microsoft JET Database Engine

     Error Number : -2147217833

Error Description : 필드가 너무 작아서 추가하려는 데이터 양을 받아 들일 수 없습니다. 삽입하거나 붙여 넣을 데이터 양을 줄이십시오.

             Date : 2003년 9월 4일 월요일

             Time : 오후 9:06:39
━━━━━━━━━━━━━━━━━━━━━━━━━━━━━━━━━━━━━━━━
        Procedure : frmInterface - Private Sub f_subGet_Setting()

     Error Source : MSComm

     Error Number : 8002

Error Description : 포트 번호가 잘못되었습니다.

             Date : 2003년 9월 4일 월요일

             Time : 오후 9:13:38
━━━━━━━━━━━━━━━━━━━━━━━━━━━━━━━━━━━━━━━━
        Procedure : frmInterface - Private Sub f_subGet_Setting()

     Error Source : MSComm

     Error Number : 8002

Error Description : 포트 번호가 잘못되었습니다.

             Date : 2003년 9월 4일 월요일

             Time : 오후 9:18:36
━━━━━━━━━━━━━━━━━━━━━━━━━━━━━━━━━━━━━━━━
        Procedure : frmInterface - Private Sub f_subGet_Setting()

     Error Source : MSComm

     Error Number : 8002

Error Description : 포트 번호가 잘못되었습니다.

             Date : 2003년 9월 4일 월요일

             Time : 오후 9:23:06
━━━━━━━━━━━━━━━━━━━━━━━━━━━━━━━━━━━━━━━━
        Procedure : frmInterface - Privete sub psDataDefine()

     Error Source : XE2100

     Error Number : 9

Error Description : 첨자 사용이 잘못되었습니다.

             Date : 2003년 9월 4일 월요일

             Time : 오후 9:35:03
━━━━━━━━━━━━━━━━━━━━━━━━━━━━━━━━━━━━━━━━
        Procedure : frmInterface - Private Sub f_subGet_Setting()

     Error Source : MSComm

     Error Number : 8002

Error Description : 포트 번호가 잘못되었습니다.

             Date : 2003년 9월 4일 월요일

             Time : 오후 9:54:49
━━━━━━━━━━━━━━━━━━━━━━━━━━━━━━━━━━━━━━━━
        Procedure : frmInterface - Privete sub psDataDefine()

     Error Source : XE2100

     Error Number : 5

Error Description : 프로시저 호출 또는 인수가 잘못되었습니다.

             Date : 2003년 9월 4일 월요일

             Time : 오후 9:56:59
━━━━━━━━━━━━━━━━━━━━━━━━━━━━━━━━━━━━━━━━
        Procedure : frmInterface - Privete sub psDataDefine()

     Error Source : XE2100

     Error Number : 5

Error Description : 프로시저 호출 또는 인수가 잘못되었습니다.

             Date : 2003년 9월 4일 월요일

             Time : 오후 9:57:15
━━━━━━━━━━━━━━━━━━━━━━━━━━━━━━━━━━━━━━━━
        Procedure : frmInterface - Private Sub f_subGet_Setting()

     Error Source : MSComm

     Error Number : 8002

Error Description : 포트 번호가 잘못되었습니다.

             Date : 2003년 9월 4일 월요일

             Time : 오후 10:11:14
━━━━━━━━━━━━━━━━━━━━━━━━━━━━━━━━━━━━━━━━
        Procedure : frmInterface - Private Sub f_subGet_Setting()

     Error Source : MSComm

     Error Number : 8002

Error Description : 포트 번호가 잘못되었습니다.

             Date : 2003년 9월 4일 월요일

             Time : 오후 10:13:42
━━━━━━━━━━━━━━━━━━━━━━━━━━━━━━━━━━━━━━━━
        Procedure : frmInterface - Private Sub f_subGet_Setting()

     Error Source : MSComm

     Error Number : 8002

Error Description : 포트 번호가 잘못되었습니다.

             Date : 2003년 9월 4일 월요일

             Time : 오후 10:27:03
━━━━━━━━━━━━━━━━━━━━━━━━━━━━━━━━━━━━━━━━
        Procedure : frmInterface - Private Sub f_subGet_Setting()

     Error Source : MSComm

     Error Number : 8002

Error Description : 포트 번호가 잘못되었습니다.

             Date : 2003년 9월 4일 월요일

             Time : 오후 10:29:39
━━━━━━━━━━━━━━━━━━━━━━━━━━━━━━━━━━━━━━━━
        Procedure : frmInterface - Private Sub f_subGet_Setting()

     Error Source : MSComm

     Error Number : 8002

Error Description : 포트 번호가 잘못되었습니다.

             Date : 2003년 9월 4일 월요일

             Time : 오후 10:32:59
━━━━━━━━━━━━━━━━━━━━━━━━━━━━━━━━━━━━━━━━
        Procedure : frmInterface - Private Sub f_subGet_Setting()

     Error Source : MSComm

     Error Number : 8002

Error Description : 포트 번호가 잘못되었습니다.

             Date : 2003년 9월 4일 월요일

             Time : 오후 10:36:51
━━━━━━━━━━━━━━━━━━━━━━━━━━━━━━━━━━━━━━━━
        Procedure : frmInterface - Privete sub cmdWorkQuery_Click()

     Error Source : XE2100

     Error Number : 9

Error Description : 첨자 사용이 잘못되었습니다.

             Date : 2003년 9월 4일 월요일

             Time : 오후 10:36:57
━━━━━━━━━━━━━━━━━━━━━━━━━━━━━━━━━━━━━━━━
        Procedure : frmInterface - Private Sub f_subGet_Setting()

     Error Source : MSComm

     Error Number : 8002

Error Description : 포트 번호가 잘못되었습니다.

             Date : 2003년 9월 4일 월요일

             Time : 오후 10:37:24
━━━━━━━━━━━━━━━━━━━━━━━━━━━━━━━━━━━━━━━━
        Procedure : frmInterface - Privete sub cmdWorkQuery_Click()

     Error Source : XE2100

     Error Number : 9

Error Description : 첨자 사용이 잘못되었습니다.

             Date : 2003년 9월 4일 월요일

             Time : 오후 10:37:29
━━━━━━━━━━━━━━━━━━━━━━━━━━━━━━━━━━━━━━━━
