        Procedure : frmInterface - Private Sub f_subGet_Setting()

     Error Source : MSComm

     Error Number : 8002

Error Description : 포트 번호가 잘못되었습니다.

             Date : 2004년 3월 2일 월요일

             Time : 오전 10:28:20
━━━━━━━━━━━━━━━━━━━━━━━━━━━━━━━━━━━━━━━━
        Procedure : frmInterface - Private Sub f_subGet_Setting()

     Error Source : MSComm

     Error Number : 8002

Error Description : 포트 번호가 잘못되었습니다.

             Date : 2004년 3월 2일 월요일

             Time : 오전 10:28:54
━━━━━━━━━━━━━━━━━━━━━━━━━━━━━━━━━━━━━━━━
        Procedure : frmInterface - Private Sub f_subGet_Setting()

     Error Source : MSComm

     Error Number : 8002

Error Description : 포트 번호가 잘못되었습니다.

             Date : 2004년 3월 2일 월요일

             Time : 오전 10:30:15
━━━━━━━━━━━━━━━━━━━━━━━━━━━━━━━━━━━━━━━━
