106 행: cmdAction 컨트롤의 HSCotrol.CButton 클래스는 로드한 컨트롤 클래스가 아닙니다.
131 행: cmdAction 컨트롤의 HSCotrol.CButton 클래스는 로드한 컨트롤 클래스가 아닙니다.
156 행: cmdAction 컨트롤의 HSCotrol.CButton 클래스는 로드한 컨트롤 클래스가 아닙니다.
180 행: cmdAction 컨트롤의 HSCotrol.CButton 클래스는 로드한 컨트롤 클래스가 아닙니다.
205 행: CaptionBar1 컨트롤의 HSCotrol.CaptionBar 클래스는 로드한 컨트롤 클래스가 아닙니다.
282 행: cmdSerch 컨트롤의 HSCotrol.CButton 클래스는 로드한 컨트롤 클래스가 아닙니다.
115 행: cmdAction의 _ExtentX 속성 이름이 잘못되었습니다. 
116 행: cmdAction의 _ExtentY 속성 이름이 잘못되었습니다. 
117 행: cmdAction의 Caption 속성 이름이 잘못되었습니다. 
127 행: cmdAction의 MaskColor 속성 이름이 잘못되었습니다. 
129 행: cmdAction의 BorderColor 속성 이름이 잘못되었습니다. 
140 행: cmdAction의 _ExtentX 속성 이름이 잘못되었습니다. 
141 행: cmdAction의 _ExtentY 속성 이름이 잘못되었습니다. 
142 행: cmdAction의 Caption 속성 이름이 잘못되었습니다. 
152 행: cmdAction의 MaskColor 속성 이름이 잘못되었습니다. 
154 행: cmdAction의 BorderColor 속성 이름이 잘못되었습니다. 
164 행: cmdAction의 _ExtentX 속성 이름이 잘못되었습니다. 
165 행: cmdAction의 _ExtentY 속성 이름이 잘못되었습니다. 
166 행: cmdAction의 Caption 속성 이름이 잘못되었습니다. 
176 행: cmdAction의 MaskColor 속성 이름이 잘못되었습니다. 
178 행: cmdAction의 BorderColor 속성 이름이 잘못되었습니다. 
188 행: cmdAction의 _ExtentX 속성 이름이 잘못되었습니다. 
189 행: cmdAction의 _ExtentY 속성 이름이 잘못되었습니다. 
190 행: cmdAction의 Caption 속성 이름이 잘못되었습니다. 
200 행: cmdAction의 MaskColor 속성 이름이 잘못되었습니다. 
202 행: cmdAction의 BorderColor 속성 이름이 잘못되었습니다. 
212 행: CaptionBar1의 _ExtentX 속성 이름이 잘못되었습니다. 
213 행: CaptionBar1의 _ExtentY 속성 이름이 잘못되었습니다. 
214 행: CaptionBar1의 Border 속성 이름이 잘못되었습니다. 
215 행: CaptionBar1의 CaptionBackColor 속성 이름이 잘못되었습니다. 
217 행: CaptionBar1의 Caption 속성 이름이 잘못되었습니다. 
218 행: CaptionBar1의 SubCaption 속성 이름이 잘못되었습니다. 
236 행: CaptionBar1의 SubCaptionFont 속성 이름이 잘못되었습니다. 
205 행: CaptionBar1의 Picture 속성을 설정할 수 없습니다.
289 행: cmdSerch의 _ExtentX 속성 이름이 잘못되었습니다. 
290 행: cmdSerch의 _ExtentY 속성 이름이 잘못되었습니다. 
291 행: cmdSerch의 Caption 속성 이름이 잘못되었습니다. 
302 행: cmdSerch의 MaskColor 속성 이름이 잘못되었습니다. 
303 행: cmdSerch의 PicCapAlign 속성 이름이 잘못되었습니다. 
305 행: cmdSerch의 BorderColor 속성 이름이 잘못되었습니다. 
282 행: cmdSerch의 Picture 속성을 설정할 수 없습니다.
