오후 1:22:28 Your XML Document failed to loaddue the following error.
Error #: -1072896680: XML 문서에는 최상위 요소가 있어야 합니다.
Line #: 0
Line Position: 0
Position In File: 0
Source Text: 
Document URL: file:///C:/프로젝트/국립암센터/응급검사실/GeneXpert/XML/Res.xml
오후 1:22:30 Your XML Document failed to loaddue the following error.
Error #: -1072896680: XML 문서에는 최상위 요소가 있어야 합니다.
Line #: 0
Line Position: 0
Position In File: 0
Source Text: 
Document URL: file:///C:/프로젝트/국립암센터/응급검사실/GeneXpert/XML/Res.xml
오후 1:24:28 Your XML Document failed to loaddue the following error.
Error #: -1072896680: XML 문서에는 최상위 요소가 있어야 합니다.
Line #: 0
Line Position: 0
Position In File: 0
Source Text: 
Document URL: file:///C:/프로젝트/국립암센터/응급검사실/GeneXpert/XML/Res.xml
오후 1:24:32 Your XML Document failed to loaddue the following error.
Error #: -1072896680: XML 문서에는 최상위 요소가 있어야 합니다.
Line #: 0
Line Position: 0
Position In File: 0
Source Text: 
Document URL: file:///C:/프로젝트/국립암센터/응급검사실/GeneXpert/XML/Res.xml
