20 행: pnlFooter 컨트롤의 Threed.SSPanel 클래스는 로드한 컨트롤 클래스가 아닙니다.
40 행: fraTGbn 컨트롤의 Threed.SSFrame 클래스는 로드한 컨트롤 클래스가 아닙니다.
103 행: cmdExit 컨트롤의 Threed.SSCommand 클래스는 로드한 컨트롤 클래스가 아닙니다.
126 행: cmdSearch 컨트롤의 Threed.SSCommand 클래스는 로드한 컨트롤 클래스가 아닙니다.
149 행: cmdPrint 컨트롤의 Threed.SSCommand 클래스는 로드한 컨트롤 클래스가 아닙니다.
172 행: fraMain 컨트롤의 Threed.SSFrame 클래스는 로드한 컨트롤 클래스가 아닙니다.
191 행: fraDate 컨트롤의 Threed.SSFrame 클래스는 로드한 컨트롤 클래스가 아닙니다.
210 행: pnloptDate 컨트롤의 Threed.SSPanel 클래스는 로드한 컨트롤 클래스가 아닙니다.
333 행: dtpSLabDate 컨트롤의 MSComCtl2.DTPicker 클래스는 로드한 컨트롤 클래스가 아닙니다.
355 행: pnlLabDate 컨트롤의 Threed.SSPanel 클래스는 로드한 컨트롤 클래스가 아닙니다.
379 행: dtpELabDate 컨트롤의 MSComCtl2.DTPicker 클래스는 로드한 컨트롤 클래스가 아닙니다.
401 행: pnlLabTime 컨트롤의 Threed.SSPanel 클래스는 로드한 컨트롤 클래스가 아닙니다.
534 행: pnlPartCd 컨트롤의 Threed.SSPanel 클래스는 로드한 컨트롤 클래스가 아닙니다.
558 행: pnlSlipCd 컨트롤의 Threed.SSPanel 클래스는 로드한 컨트롤 클래스가 아닙니다.
582 행: cmdSliph 컨트롤의 Threed.SSCommand 클래스는 로드한 컨트롤 클래스가 아닙니다.
606 행: cmdParth 컨트롤의 Threed.SSCommand 클래스는 로드한 컨트롤 클래스가 아닙니다.
667 행: fraYear 컨트롤의 Threed.SSFrame 클래스는 로드한 컨트롤 클래스가 아닙니다.
686 행: spdYear 컨트롤의 FPSpread.vaSpread 클래스는 로드한 컨트롤 클래스가 아닙니다.
696 행: fraDay 컨트롤의 Threed.SSFrame 클래스는 로드한 컨트롤 클래스가 아닙니다.
715 행: spdDay 컨트롤의 FPSpread.vaSpread 클래스는 로드한 컨트롤 클래스가 아닙니다.
725 행: fraMonth 컨트롤의 Threed.SSFrame 클래스는 로드한 컨트롤 클래스가 아닙니다.
744 행: spdMonth 컨트롤의 FPSpread.vaSpread 클래스는 로드한 컨트롤 클래스가 아닙니다.
