31 행: pnlbottom 컨트롤의 Threed.SSPanel 클래스는 로드한 컨트롤 클래스가 아닙니다.
56 행: pnlMsg 컨트롤의 Threed.SSPanel 클래스는 로드한 컨트롤 클래스가 아닙니다.
81 행: pnlmain 컨트롤의 Threed.SSPanel 클래스는 로드한 컨트롤 클래스가 아닙니다.
104 행: SpdCode 컨트롤의 FPSpread.vaSpread 클래스는 로드한 컨트롤 클래스가 아닙니다.
129 행: CmdClk 컨트롤의 Threed.SSCommand 클래스는 로드한 컨트롤 클래스가 아닙니다.
151 행: CmdEsc 컨트롤의 Threed.SSCommand 클래스는 로드한 컨트롤 클래스가 아닙니다.
38 행: pnlbottom의 _Version 속성 이름이 잘못되었습니다. 
39 행: pnlbottom의 _ExtentX 속성 이름이 잘못되었습니다. 
40 행: pnlbottom의 _ExtentY 속성 이름이 잘못되었습니다. 
41 행: pnlbottom의 _StockProps 속성 이름이 잘못되었습니다. 
53 행: pnlbottom의 BorderWidth 속성 이름이 잘못되었습니다. 
54 행: pnlbottom의 Font3D 속성 이름이 잘못되었습니다. 
55 행: pnlbottom의 Alignment 속성 이름이 잘못되었습니다. 
62 행: pnlMsg의 _Version 속성 이름이 잘못되었습니다. 
63 행: pnlMsg의 _ExtentX 속성 이름이 잘못되었습니다. 
64 행: pnlMsg의 _ExtentY 속성 이름이 잘못되었습니다. 
65 행: pnlMsg의 _StockProps 속성 이름이 잘못되었습니다. 
77 행: pnlMsg의 BorderWidth 속성 이름이 잘못되었습니다. 
78 행: pnlMsg의 BevelOuter 속성 이름이 잘못되었습니다. 
88 행: pnlmain의 _Version 속성 이름이 잘못되었습니다. 
89 행: pnlmain의 _ExtentX 속성 이름이 잘못되었습니다. 
90 행: pnlmain의 _ExtentY 속성 이름이 잘못되었습니다. 
91 행: pnlmain의 _StockProps 속성 이름이 잘못되었습니다. 
102 행: pnlmain의 BorderWidth 속성 이름이 잘못되었습니다. 
103 행: pnlmain의 BevelInner 속성 이름이 잘못되었습니다. 
107 행: SpdCode의 OleObjectBlob 속성 이름이 잘못되었습니다. 
135 행: CmdClk의 _Version 속성 이름이 잘못되었습니다. 
136 행: CmdClk의 _ExtentX 속성 이름이 잘못되었습니다. 
137 행: CmdClk의 _ExtentY 속성 이름이 잘못되었습니다. 
138 행: CmdClk의 _StockProps 속성 이름이 잘못되었습니다. 
139 행: CmdClk의 Caption 속성 이름이 잘못되었습니다. 
152 행: CmdEsc의 Cancel 속성 이름이 잘못되었습니다. 
158 행: CmdEsc의 _Version 속성 이름이 잘못되었습니다. 
159 행: CmdEsc의 _ExtentX 속성 이름이 잘못되었습니다. 
160 행: CmdEsc의 _ExtentY 속성 이름이 잘못되었습니다. 
161 행: CmdEsc의 _StockProps 속성 이름이 잘못되었습니다. 
162 행: CmdEsc의 Caption 속성 이름이 잘못되었습니다. 
