        Procedure : frmInterface - Private Sub cmdRun()

     Error Source : MSComm

     Error Number : 8002

Error Description : 포트 번호가 잘못되었습니다.

             Date : 2014년 3월 10일 월요일

             Time : 오전 1:26:53
━━━━━━━━━━━━━━━━━━━━━━━━━━━━━━━━━━━━━━━━
    Procedure : clsCommon - Public Function Get_TestName() As ADODB.Recordset

 Error Number : -2147217865

  Description : Microsoft Jet 데이터베이스 엔진에서 입력 테이블이나 'LIMAS101' 쿼리를 찾을 수 없습니다. 테이블이나 쿼리가 있는지, 이름을 정확히 입력했는지를 확인하십시오.

       Source : Microsoft JET Database Engine

    SQL State : 3078

 Native Error : -524420377

   SQL String : SELECT LIMAS102.TESTCD AS TESTCD, LIMAS001.TestNm AS TESTNM, LIMAS001.PrintSeq FROM LIMAS101, LIMAS102, LIMAS001 WHERE (LIMAS101.ACCNO = LIMAS102.ACCNO) AND (LIMAS102.TESTCD = LIMAS001.TestCd) AND (LIMAS101.ACCDT BETWEEN '2014-03-10' AND '2014-03-10') GROUP BY LIMAS102.TESTCD, LIMAS001.TestNm,LIMAS001.PrintSeq ORDER BY LIMAS001.PrintSeq

         Date : 2014년 3월 10일 월요일

         Time : 오전 1:26:58
━━━━━━━━━━━━━━━━━━━━━━━━━━━━━━━━━━━━━━━━
        Procedure : frmInterface - Private Sub cmdRun()

     Error Source : MSComm

     Error Number : 8002

Error Description : 포트 번호가 잘못되었습니다.

             Date : 2014년 3월 10일 월요일

             Time : 오전 1:28:44
━━━━━━━━━━━━━━━━━━━━━━━━━━━━━━━━━━━━━━━━
    Procedure : clsCommon - Public Function Get_TestName() As ADODB.Recordset

 Error Number : -2147217865

  Description : Microsoft Jet 데이터베이스 엔진에서 입력 테이블이나 'LIMAS101' 쿼리를 찾을 수 없습니다. 테이블이나 쿼리가 있는지, 이름을 정확히 입력했는지를 확인하십시오.

       Source : Microsoft JET Database Engine

    SQL State : 3078

 Native Error : -524420377

   SQL String : SELECT LIMAS102.TESTCD AS TESTCD, LIMAS001.TestNm AS TESTNM, LIMAS001.PrintSeq FROM LIMAS101, LIMAS102, LIMAS001 WHERE (LIMAS101.ACCNO = LIMAS102.ACCNO) AND (LIMAS102.TESTCD = LIMAS001.TestCd) AND (LIMAS101.ACCDT BETWEEN '2014-03-10' AND '2014-03-10') GROUP BY LIMAS102.TESTCD, LIMAS001.TestNm,LIMAS001.PrintSeq ORDER BY LIMAS001.PrintSeq

         Date : 2014년 3월 10일 월요일

         Time : 오전 1:28:48
━━━━━━━━━━━━━━━━━━━━━━━━━━━━━━━━━━━━━━━━
        Procedure : frmInterface - Private Sub cmdRun()

     Error Source : MSComm

     Error Number : 8002

Error Description : 포트 번호가 잘못되었습니다.

             Date : 2014년 3월 10일 월요일

             Time : 오전 1:30:19
━━━━━━━━━━━━━━━━━━━━━━━━━━━━━━━━━━━━━━━━
    Procedure : clsCommon - Public Function Get_TestName() As ADODB.Recordset

 Error Number : -2147217865

  Description : Microsoft Jet 데이터베이스 엔진에서 입력 테이블이나 'LIMAS101' 쿼리를 찾을 수 없습니다. 테이블이나 쿼리가 있는지, 이름을 정확히 입력했는지를 확인하십시오.

       Source : Microsoft JET Database Engine

    SQL State : 3078

 Native Error : -524420377

   SQL String : SELECT LIMAS102.TESTCD AS TESTCD, LIMAS001.TestNm AS TESTNM, LIMAS001.PrintSeq FROM LIMAS101, LIMAS102, LIMAS001 WHERE (LIMAS101.ACCNO = LIMAS102.ACCNO) AND (LIMAS102.TESTCD = LIMAS001.TestCd) AND (LIMAS101.ACCDT BETWEEN '2014-03-10' AND '2014-03-10') GROUP BY LIMAS102.TESTCD, LIMAS001.TestNm,LIMAS001.PrintSeq ORDER BY LIMAS001.PrintSeq

         Date : 2014년 3월 10일 월요일

         Time : 오전 1:30:23
━━━━━━━━━━━━━━━━━━━━━━━━━━━━━━━━━━━━━━━━
        Procedure : frmInterface - Private Sub cmdRun()

     Error Source : MSComm

     Error Number : 8002

Error Description : 포트 번호가 잘못되었습니다.

             Date : 2014년 3월 10일 월요일

             Time : 오전 1:37:29
━━━━━━━━━━━━━━━━━━━━━━━━━━━━━━━━━━━━━━━━
        Procedure : frmInterface - Private Sub cmdRun()

     Error Source : MSComm

     Error Number : 8002

Error Description : 포트 번호가 잘못되었습니다.

             Date : 2014년 3월 10일 월요일

             Time : 오전 2:02:43
━━━━━━━━━━━━━━━━━━━━━━━━━━━━━━━━━━━━━━━━
        Procedure : frmInterface - Private Sub cmdRun()

     Error Source : MSComm

     Error Number : 8002

Error Description : 포트 번호가 잘못되었습니다.

             Date : 2014년 3월 10일 월요일

             Time : 오전 2:03:52
━━━━━━━━━━━━━━━━━━━━━━━━━━━━━━━━━━━━━━━━
