        Procedure : clsCommon - Public Function f_subSet_XMLWorkList() As ADODB.Recordset

     Error Source : BT1500

     Error Number : 53

Error Description : 파일을 찾을 수 없습니다.

             Date : 2020년 9월 25일 월요일

             Time : 오후 5:22:09
━━━━━━━━━━━━━━━━━━━━━━━━━━━━━━━━━━━━━━━━
        Procedure : clsCommon - Public Function f_subSet_XMLWorkList() As ADODB.Recordset

     Error Source : BT1500

     Error Number : 13

Error Description : 형식이 일치하지 않습니다.

             Date : 2020년 9월 25일 월요일

             Time : 오후 5:22:10
━━━━━━━━━━━━━━━━━━━━━━━━━━━━━━━━━━━━━━━━
        Procedure : clsCommon - Public Function f_subSet_XMLWorkList() As ADODB.Recordset

     Error Source : BT1500

     Error Number : 53

Error Description : 파일을 찾을 수 없습니다.

             Date : 2020년 9월 25일 월요일

             Time : 오후 6:18:42
━━━━━━━━━━━━━━━━━━━━━━━━━━━━━━━━━━━━━━━━
        Procedure : clsCommon - Public Function f_subSet_XMLWorkList() As ADODB.Recordset

     Error Source : BT1500

     Error Number : 13

Error Description : 형식이 일치하지 않습니다.

             Date : 2020년 9월 25일 월요일

             Time : 오후 6:18:45
━━━━━━━━━━━━━━━━━━━━━━━━━━━━━━━━━━━━━━━━
        Procedure : clsCommon - Public Function f_subSet_XMLWorkList() As ADODB.Recordset

     Error Source : BT1500

     Error Number : 53

Error Description : 파일을 찾을 수 없습니다.

             Date : 2020년 9월 25일 월요일

             Time : 오후 6:19:21
━━━━━━━━━━━━━━━━━━━━━━━━━━━━━━━━━━━━━━━━
        Procedure : clsCommon - Public Function f_subSet_XMLWorkList() As ADODB.Recordset

     Error Source : BT1500

     Error Number : 13

Error Description : 형식이 일치하지 않습니다.

             Date : 2020년 9월 25일 월요일

             Time : 오후 6:19:23
━━━━━━━━━━━━━━━━━━━━━━━━━━━━━━━━━━━━━━━━
        Procedure : clsCommon - Public Function f_subSet_XMLWorkList() As ADODB.Recordset

     Error Source : BT1500

     Error Number : 53

Error Description : 파일을 찾을 수 없습니다.

             Date : 2020년 9월 25일 월요일

             Time : 오후 6:20:30
━━━━━━━━━━━━━━━━━━━━━━━━━━━━━━━━━━━━━━━━
        Procedure : clsCommon - Public Function f_subSet_XMLWorkList() As ADODB.Recordset

     Error Source : BT1500

     Error Number : 13

Error Description : 형식이 일치하지 않습니다.

             Date : 2020년 9월 25일 월요일

             Time : 오후 6:20:32
━━━━━━━━━━━━━━━━━━━━━━━━━━━━━━━━━━━━━━━━
        Procedure : clsCommon - Public Function f_subSet_XMLWorkList() As ADODB.Recordset

     Error Source : BT1500

     Error Number : 53

Error Description : 파일을 찾을 수 없습니다.

             Date : 2020년 9월 25일 월요일

             Time : 오후 6:20:58
━━━━━━━━━━━━━━━━━━━━━━━━━━━━━━━━━━━━━━━━
