## IIS Version History ##

## 버  전: 1.0.0
## 작성일: 2003-12-08

## 버  전: 1.0.0
## 적용일: 2004-09-30
## 병  원: 동국대학교 경주병원

## 버  전: 1.0.1
## 수정일: 2004-11-05
## 내  용:
   1. 장비별 검사항목 설정폼: 검사명의 Max Length를 10에서 15로 수정
      - frmIIS611 Form Disign
## 병  원: 동국대학교 경주병원

## 버  전: 1.1.2
## 수정일: 2004-12-17
## 내  용:
   1. 검사대상 조회폼 추가
      - frmIIS204
## 병  원: 전주예수병원

## 버  전: 1.1.3
## 수정일: 2004-12-28
## 내  용:
   1. 검사대상폼에서 Spread에 순번표시, 전체조회개수 표시, 출력시 순번, 조회개수 표시
      - frmIIS204 - cmdQuery_Click, cmdPrint_Click
## 병  원: 전주예수병원

## 버  전: 1.1.3
## 적용일: 2005-01-28
## 병  원: 동국대 경주병원

## 버  전: 1.1.4
## 수정일: 2005-02-15
## 내  용:
   1. dtpPicker 컨트롤 컬러를 변경하여 달력이 표시되지 않는현상 수정
      - frmIIS609 Form Design

## 버  전: 1.1.5
## 수정일: 2005-03-07
## 내  용:
   1. Client Db 보관일수를 최대 999일까지 가능하도록 txtClient의 MaxLength속성 변경
      - frmIIS610 Form Design

## 버  전: 1.2.0
## 수정일: 2005-03-14
## 내  용:
   1. 병원별로 장비별 검사항목 입력폼을 설정할수 있도록 수정
      - frmIIS600 - ShowTreeItem
   2. 기존병원에서 사용할수 있는 장비별 검사항목 입력폼 생성
      - frmIIS718

## 버  전: 1.2.1
## 수정일: 2005-04-13
## 내  용:
   1. 레지의 장비키가 등록되지 않은경우 보여주지 않도록 수정
      - clsIISMenuInfo - GetToolbar

## 버  전: 1.2.2
## 수정일: 2005-05-11
## 내  용:
   1. 검사명, 장비기준 검사명 입력시 UI수정
      - frmIIS611 - txtIntNm_LostFocus

## 버  전: 1.2.2
## 적용일: 2005-05-25
## 병  원: 성모자애병원

## 버  전: 1.2.2
## 적용일: 2005-05-27
## 병  원: 동국대 경주병원

## 버  전: 1.2.2
## 적용일: 2005-05-30
## 병  원: 예수병원

## 버  전: 1.2.3
## 수정일: 2005-06-14
## 내  용:
   1. 검사대상 조회시 해당 검체의 처방도 조회하도록 수정
      - frmIIS204 - Spread Design, cmdQuery_Click, tblReady_TextTipFetch
## 병  원: 예수병원

## 버  전: 1.2.4
## 수정일: 2005-07-15
## 내  용:
   1. 장비별 검사항목 입력폼에서 검사명의 MaxLength를 15 -> 20으로 수정
      - frmIIS618 - Form Design

## 버  전: 1.2.5
## 수정일: 2005-07-20
## 내  용:
   1. 모니터의 해상도가 변경되도 항상 폼의 Scale에 맞도록 사이즈 조정
      - frmIIS600 - Form_Load
      - frmIIS609 - Form_Load
      - frmIIS610 - Form_Load
      - frmIIS611 - Form_Load
      - frmIIS612 - Form_Load
      - frmIIS618 - Form_Load

## 버  전: 1.2.5
## 적용일: 2005-07-25
## 병  원: 예수병원

## 버  전: 1.2.6
## 수정일: 2005-07-28
## 내  용:
   1. 자동재검 사용유무 옵션추가
      - frmIIS612 - cmdSave_Click, GetEqpList, 화면디자인

## 버  전: 1.2.6
## 적용일: 2005-07-30
## 병  원: 동국대 경주병원

## 버  전: 1.2.6
## 적용일: 2005-09-06
## 병  원: 단국대병원

## 버  전: 1.2.6
## 적용일: 2008-07-10
## 병  원: 안동성소병원
