 %% 이 파일을 수정하거나 삭제하지 마십시오! %% 
 %% 이 파일에는 응용 프로그램 설치에 관한 정보가 있습니다. %% 
 %% 실행하도록 선택하면 컴퓨터에서 모든 응용 프로그램 구성 요소를 자동으로 제거하는 데 사용됩니다. %% 


NOTE: 부트스트랩퍼 구역의 시작

*** 오류: 'C:'(이)라는 디렉터리를 만들 수 없습니다.
*** 작업 시 준수 사항: CreateDir: "C:"

CONFIG: Title: "Architect Interface"

ACTION: RegKey: "HKEY_LOCAL_MACHINE\SOFTWARE\Microsoft\Windows\CurrentVersion", "SharedDLLs"

ACTION: SystemFile: "C:\WINNT\SYSTEM32\VB6STKIT.DLL"
(디스크에 있는 파일은 이미 업데이트되었습니다.)

ACTION: SystemFile: "C:\WINNT\SYSTEM32\COMCAT.DLL"
(디스크에 있는 파일은 이미 업데이트되었습니다.)

ACTION: SystemFile: "C:\WINNT\SYSTEM32\VB6KO.DLL"
(디스크에 있는 파일은 이미 업데이트되었습니다.)

ACTION: SystemFile: "C:\WINNT\SYSTEM32\STDOLE2.TLB"
(디스크에 있는 파일은 이미 업데이트되었습니다.)

ACTION: SystemFile: "C:\WINNT\SYSTEM32\ASYCFILT.DLL"
(디스크에 있는 파일은 이미 업데이트되었습니다.)

ACTION: SystemFile: "C:\WINNT\SYSTEM32\OLEPRO32.DLL"
(디스크에 있는 파일은 이미 업데이트되었습니다.)

ACTION: SystemFile: "C:\WINNT\SYSTEM32\OLEAUT32.DLL"
(디스크에 있는 파일은 이미 업데이트되었습니다.)

*** 오류: 'C:'(이)라는 디렉터리를 만들 수 없습니다.
*** 작업 시 준수 사항: CreateDir: "C:"

*** 오류: 'C:'(이)라는 디렉터리를 만들 수 없습니다.
*** 작업 시 준수 사항: CreateDir: "C:"

ACTION: SystemFile: "C:\WINNT\system32\msvbvm60.dll"
(파일을 찾을 수 없거나 이전 버전입니다. 새 파일이 복사되었습니다.)

ACTION: DllSelfRegister: "C:\WINNT\SYSTEM32\COMCAT.DLL"

ACTION: TLBRegister: "C:\WINNT\SYSTEM32\STDOLE2.TLB"

ACTION: DllSelfRegister: "C:\WINNT\SYSTEM32\OLEPRO32.DLL"

ACTION: DllSelfRegister: "C:\WINNT\SYSTEM32\OLEAUT32.DLL"

ACTION: DllSelfRegister: "C:\WINNT\SYSTEM32\msvbvm60.dll"

NOTE: 부트스트랩퍼 구역의 끝

NOTE: Setup1.exe' 주 설치 프로그램을 만드는 중....

ACTION: PrivateFile: "C:\MediMate\TLA\Interface.mdb"
(디스크에 있는 파일은 이미 업데이트되었습니다.)

ACTION: PrivateFile: "C:\MediMate\TLA\interface.ini"
(디스크에 있는 파일은 이미 업데이트되었습니다.)

ACTION: SharedFile: "C:\WINNT\system32\TABCTKO.DLL"
(파일을 찾을 수 없거나 이전 버전입니다. 새 파일이 복사되었습니다.)

ACTION: SharedFile: "C:\WINNT\system32\TABCTL32.OCX"
(파일을 찾을 수 없거나 이전 버전입니다. 새 파일이 복사되었습니다.)

ACTION: SharedFile: "C:\WINNT\system32\MSCC2KO.DLL"
(파일을 찾을 수 없거나 이전 버전입니다. 새 파일이 복사되었습니다.)

ACTION: SharedFile: "C:\WINNT\system32\MSCOMCT2.OCX"
(파일을 찾을 수 없거나 이전 버전입니다. 새 파일이 복사되었습니다.)

ACTION: SharedFile: "C:\WINNT\system32\MSMSKKO.DLL"
(파일을 찾을 수 없거나 이전 버전입니다. 새 파일이 복사되었습니다.)

ACTION: SharedFile: "C:\WINNT\system32\MSMASK32.OCX"
(파일을 찾을 수 없거나 이전 버전입니다. 새 파일이 복사되었습니다.)

ACTION: SharedFile: "C:\WINNT\system32\CMDLGKO.DLL"
(파일을 찾을 수 없거나 이전 버전입니다. 새 파일이 복사되었습니다.)

ACTION: SharedFile: "C:\WINNT\system32\COMDLG32.OCX"
(파일을 찾을 수 없거나 이전 버전입니다. 새 파일이 복사되었습니다.)

ACTION: SharedFile: "C:\WINNT\system32\THREED32.OCX"
(파일을 찾을 수 없거나 이전 버전입니다. 새 파일이 복사되었습니다.)

ACTION: SharedFile: "C:\WINNT\system32\SPR32X60.ocx"
(파일을 찾을 수 없거나 이전 버전입니다. 새 파일이 복사되었습니다.)

ACTION: SharedFile: "C:\WINNT\system32\MSCOMKO.DLL"
(파일을 찾을 수 없거나 이전 버전입니다. 새 파일이 복사되었습니다.)

ACTION: SharedFile: "C:\WINNT\system32\MSCOMM32.OCX"
(디스크에 있는 파일은 이미 업데이트되었습니다.)

ACTION: PrivateFile: "C:\MediMate\TLA\IF_Architect.exe"
(파일을 찾을 수 없거나 이전 버전입니다. 새 파일이 복사되었습니다.)

ACTION: DllSelfRegister: "C:\WINNT\system32\TABCTL32.OCX"

ACTION: DllSelfRegister: "C:\WINNT\system32\MSCOMCT2.OCX"

ACTION: DllSelfRegister: "C:\WINNT\system32\MSMASK32.OCX"

ACTION: DllSelfRegister: "C:\WINNT\system32\COMDLG32.OCX"

ACTION: DllSelfRegister: "C:\WINNT\system32\THREED32.OCX"

ACTION: DllSelfRegister: "C:\WINNT\system32\SPR32X60.ocx"

ACTION: DllSelfRegister: "C:\WINNT\system32\MSCOMM32.OCX"

ACTION: RegKey: "HKEY_LOCAL_MACHINE\SOFTWARE\Microsoft\Windows\CurrentVersion", "App Paths\IF_Architect.exe"

ACTION: RegValue: "HKEY_LOCAL_MACHINE\SOFTWARE\Microsoft\Windows\CurrentVersion\App Paths\IF_Architect.exe", ""

