36 행: SSPanel2 컨트롤의 Threed.SSPanel 클래스는 로드한 컨트롤 클래스가 아닙니다.
143 행: panelOpd 컨트롤의 Threed.SSPanel 클래스는 로드한 컨트롤 클래스가 아닙니다.
178 행: ssOrder 컨트롤의 FPSpreadADO.fpSpread 클래스는 로드한 컨트롤 클래스가 아닙니다.
210 행: cmdLabel 컨트롤의 MSForms.CommandButton 클래스는 로드한 컨트롤 클래스가 아닙니다.
226 행: cmdPrint 컨트롤의 MSForms.CommandButton 클래스는 로드한 컨트롤 클래스가 아닙니다.
242 행: cmdAllEnrol 컨트롤의 MSForms.CommandButton 클래스는 로드한 컨트롤 클래스가 아닙니다.
258 행: cmdEnrolOk 컨트롤의 MSForms.CommandButton 클래스는 로드한 컨트롤 클래스가 아닙니다.
284 행: SSPanel3 컨트롤의 Threed.SSPanel 클래스는 로드한 컨트롤 클래스가 아닙니다.
309 행: cmdNULL 컨트롤의 Threed.SSCommand 클래스는 로드한 컨트롤 클래스가 아닙니다.
321 행: dtJeobsuDt 컨트롤의 MSComCtl2.DTPicker 클래스는 로드한 컨트롤 클래스가 아닙니다.
334 행: panelSub 컨트롤의 Threed.SSPanel 클래스는 로드한 컨트롤 클래스가 아닙니다.
356 행: sprLabno 컨트롤의 FPSpreadADO.fpSpread 클래스는 로드한 컨트롤 클래스가 아닙니다.
384 행: cmdLabno 컨트롤의 Threed.SSCommand 클래스는 로드한 컨트롤 클래스가 아닙니다.
398 행: ssEnrol 컨트롤의 FPSpreadADO.fpSpread 클래스는 로드한 컨트롤 클래스가 아닙니다.
428 행: cmdClear 컨트롤의 MSForms.CommandButton 클래스는 로드한 컨트롤 클래스가 아닙니다.
444 행: cmdQryOK 컨트롤의 MSForms.CommandButton 클래스는 로드한 컨트롤 클래스가 아닙니다.
42 행: SSPanel2의 _Version 속성 이름이 잘못되었습니다. 
43 행: SSPanel2의 _ExtentX 속성 이름이 잘못되었습니다. 
44 행: SSPanel2의 _ExtentY 속성 이름이 잘못되었습니다. 
45 행: SSPanel2의 _StockProps 속성 이름이 잘못되었습니다. 
56 행: SSPanel2의 BorderWidth 속성 이름이 잘못되었습니다. 
57 행: SSPanel2의 BevelInner 속성 이름이 잘못되었습니다. 
149 행: panelOpd의 _Version 속성 이름이 잘못되었습니다. 
150 행: panelOpd의 _ExtentX 속성 이름이 잘못되었습니다. 
151 행: panelOpd의 _ExtentY 속성 이름이 잘못되었습니다. 
152 행: panelOpd의 _StockProps 속성 이름이 잘못되었습니다. 
163 행: panelOpd의 BorderWidth 속성 이름이 잘못되었습니다. 
164 행: panelOpd의 BevelInner 속성 이름이 잘못되었습니다. 
165 행: panelOpd의 Alignment 속성 이름이 잘못되었습니다. 
184 행: ssOrder의 _Version 속성 이름이 잘못되었습니다. 
185 행: ssOrder의 _ExtentX 속성 이름이 잘못되었습니다. 
186 행: ssOrder의 _ExtentY 속성 이름이 잘못되었습니다. 
187 행: ssOrder의 _StockProps 속성 이름이 잘못되었습니다. 
188 행: ssOrder의 BackColorStyle 속성 이름이 잘못되었습니다. 
189 행: ssOrder의 ColsFrozen 속성 이름이 잘못되었습니다. 
190 행: ssOrder의 DisplayRowHeaders 속성 이름이 잘못되었습니다. 
200 행: ssOrder의 MaxCols 속성 이름이 잘못되었습니다. 
201 행: ssOrder의 ScrollBars 속성 이름이 잘못되었습니다. 
202 행: ssOrder의 ShadowColor 속성 이름이 잘못되었습니다. 
203 행: ssOrder의 ShadowDark 속성 이름이 잘못되었습니다. 
204 행: ssOrder의 ShadowText 속성 이름이 잘못되었습니다. 
205 행: ssOrder의 SpreadDesigner 속성 이름이 잘못되었습니다. 
207 행: ssOrder의 TextTip 속성 이름이 잘못되었습니다. 
208 행: ssOrder의 ScrollBarTrack 속성 이름이 잘못되었습니다. 
217 행: cmdLabel의 Caption 속성 이름이 잘못되었습니다. 
218 행: cmdLabel의 PicturePosition 속성 이름이 잘못되었습니다. 
219 행: cmdLabel의 Size 속성 이름이 잘못되었습니다. 
221 행: cmdLabel의 FontHeight 속성 이름이 잘못되었습니다. 
222 행: cmdLabel의 FontCharSet 속성 이름이 잘못되었습니다. 
223 행: cmdLabel의 FontPitchAndFamily 속성 이름이 잘못되었습니다. 
224 행: cmdLabel의 ParagraphAlign 속성 이름이 잘못되었습니다. 
232 행: cmdPrint의 Caption 속성 이름이 잘못되었습니다. 
233 행: cmdPrint의 PicturePosition 속성 이름이 잘못되었습니다. 
234 행: cmdPrint의 Size 속성 이름이 잘못되었습니다. 
237 행: cmdPrint의 FontHeight 속성 이름이 잘못되었습니다. 
238 행: cmdPrint의 FontCharSet 속성 이름이 잘못되었습니다. 
239 행: cmdPrint의 FontPitchAndFamily 속성 이름이 잘못되었습니다. 
240 행: cmdPrint의 ParagraphAlign 속성 이름이 잘못되었습니다. 
226 행: cmdPrint의 Picture 속성을 설정할 수 없습니다.
248 행: cmdAllEnrol의 Caption 속성 이름이 잘못되었습니다. 
249 행: cmdAllEnrol의 PicturePosition 속성 이름이 잘못되었습니다. 
250 행: cmdAllEnrol의 Size 속성 이름이 잘못되었습니다. 
253 행: cmdAllEnrol의 FontHeight 속성 이름이 잘못되었습니다. 
254 행: cmdAllEnrol의 FontCharSet 속성 이름이 잘못되었습니다. 
255 행: cmdAllEnrol의 FontPitchAndFamily 속성 이름이 잘못되었습니다. 
256 행: cmdAllEnrol의 ParagraphAlign 속성 이름이 잘못되었습니다. 
242 행: cmdAllEnrol의 Picture 속성을 설정할 수 없습니다.
264 행: cmdEnrolOk의 Caption 속성 이름이 잘못되었습니다. 
265 행: cmdEnrolOk의 PicturePosition 속성 이름이 잘못되었습니다. 
266 행: cmdEnrolOk의 Size 속성 이름이 잘못되었습니다. 
269 행: cmdEnrolOk의 FontHeight 속성 이름이 잘못되었습니다. 
270 행: cmdEnrolOk의 FontCharSet 속성 이름이 잘못되었습니다. 
271 행: cmdEnrolOk의 FontPitchAndFamily 속성 이름이 잘못되었습니다. 
272 행: cmdEnrolOk의 ParagraphAlign 속성 이름이 잘못되었습니다. 
258 행: cmdEnrolOk의 Picture 속성을 설정할 수 없습니다.
290 행: SSPanel3의 _Version 속성 이름이 잘못되었습니다. 
291 행: SSPanel3의 _ExtentX 속성 이름이 잘못되었습니다. 
292 행: SSPanel3의 _ExtentY 속성 이름이 잘못되었습니다. 
293 행: SSPanel3의 _StockProps 속성 이름이 잘못되었습니다. 
294 행: SSPanel3의 Caption 속성 이름이 잘못되었습니다. 
306 행: SSPanel3의 BorderWidth 속성 이름이 잘못되었습니다. 
307 행: SSPanel3의 BevelInner 속성 이름이 잘못되었습니다. 
315 행: cmdNULL의 _Version 속성 이름이 잘못되었습니다. 
316 행: cmdNULL의 _ExtentX 속성 이름이 잘못되었습니다. 
317 행: cmdNULL의 _ExtentY 속성 이름이 잘못되었습니다. 
318 행: cmdNULL의 _StockProps 속성 이름이 잘못되었습니다. 
319 행: cmdNULL의 Caption 속성 이름이 잘못되었습니다. 
327 행: dtJeobsuDt의 _ExtentX 속성 이름이 잘못되었습니다. 
328 행: dtJeobsuDt의 _ExtentY 속성 이름이 잘못되었습니다. 
329 행: dtJeobsuDt의 _Version 속성 이름이 잘못되었습니다. 
330 행: dtJeobsuDt의 CustomFormat 속성 이름이 잘못되었습니다. 
331 행: dtJeobsuDt의 Format 속성 이름이 잘못되었습니다. 
332 행: dtJeobsuDt의 CurrentDate 속성 이름이 잘못되었습니다. 
341 행: panelSub의 _Version 속성 이름이 잘못되었습니다. 
342 행: panelSub의 _ExtentX 속성 이름이 잘못되었습니다. 
343 행: panelSub의 _ExtentY 속성 이름이 잘못되었습니다. 
344 행: panelSub의 _StockProps 속성 이름이 잘못되었습니다. 
355 행: panelSub의 Alignment 속성 이름이 잘못되었습니다. 
362 행: sprLabno의 _Version 속성 이름이 잘못되었습니다. 
363 행: sprLabno의 _ExtentX 속성 이름이 잘못되었습니다. 
364 행: sprLabno의 _ExtentY 속성 이름이 잘못되었습니다. 
365 행: sprLabno의 _StockProps 속성 이름이 잘못되었습니다. 
366 행: sprLabno의 BackColorStyle 속성 이름이 잘못되었습니다. 
367 행: sprLabno의 DisplayColHeaders 속성 이름이 잘못되었습니다. 
368 행: sprLabno의 DisplayRowHeaders 속성 이름이 잘못되었습니다. 
378 행: sprLabno의 MaxCols 속성 이름이 잘못되었습니다. 
379 행: sprLabno의 MaxRows 속성 이름이 잘못되었습니다. 
380 행: sprLabno의 ScrollBars 속성 이름이 잘못되었습니다. 
381 행: sprLabno의 SpreadDesigner 속성 이름이 잘못되었습니다. 
390 행: cmdLabno의 _Version 속성 이름이 잘못되었습니다. 
391 행: cmdLabno의 _ExtentX 속성 이름이 잘못되었습니다. 
392 행: cmdLabno의 _ExtentY 속성 이름이 잘못되었습니다. 
393 행: cmdLabno의 _StockProps 속성 이름이 잘못되었습니다. 
394 행: cmdLabno의 Caption 속성 이름이 잘못되었습니다. 
395 행: cmdLabno의 BevelWidth 속성 이름이 잘못되었습니다. 
396 행: cmdLabno의 Outline 속성 이름이 잘못되었습니다. 
404 행: ssEnrol의 _Version 속성 이름이 잘못되었습니다. 
405 행: ssEnrol의 _ExtentX 속성 이름이 잘못되었습니다. 
406 행: ssEnrol의 _ExtentY 속성 이름이 잘못되었습니다. 
407 행: ssEnrol의 _StockProps 속성 이름이 잘못되었습니다. 
408 행: ssEnrol의 BackColorStyle 속성 이름이 잘못되었습니다. 
409 행: ssEnrol의 DisplayColHeaders 속성 이름이 잘못되었습니다. 
410 행: ssEnrol의 DisplayRowHeaders 속성 이름이 잘못되었습니다. 
420 행: ssEnrol의 MaxCols 속성 이름이 잘못되었습니다. 
421 행: ssEnrol의 ScrollBars 속성 이름이 잘못되었습니다. 
422 행: ssEnrol의 ShadowColor 속성 이름이 잘못되었습니다. 
423 행: ssEnrol의 SpreadDesigner 속성 이름이 잘못되었습니다. 
425 행: ssEnrol의 ScrollBarTrack 속성 이름이 잘못되었습니다. 
434 행: cmdClear의 Caption 속성 이름이 잘못되었습니다. 
435 행: cmdClear의 PicturePosition 속성 이름이 잘못되었습니다. 
436 행: cmdClear의 Size 속성 이름이 잘못되었습니다. 
439 행: cmdClear의 FontHeight 속성 이름이 잘못되었습니다. 
440 행: cmdClear의 FontCharSet 속성 이름이 잘못되었습니다. 
441 행: cmdClear의 FontPitchAndFamily 속성 이름이 잘못되었습니다. 
442 행: cmdClear의 ParagraphAlign 속성 이름이 잘못되었습니다. 
428 행: cmdClear의 Picture 속성을 설정할 수 없습니다.
450 행: cmdQryOK의 Caption 속성 이름이 잘못되었습니다. 
451 행: cmdQryOK의 PicturePosition 속성 이름이 잘못되었습니다. 
452 행: cmdQryOK의 Size 속성 이름이 잘못되었습니다. 
455 행: cmdQryOK의 FontHeight 속성 이름이 잘못되었습니다. 
456 행: cmdQryOK의 FontCharSet 속성 이름이 잘못되었습니다. 
457 행: cmdQryOK의 FontPitchAndFamily 속성 이름이 잘못되었습니다. 
458 행: cmdQryOK의 ParagraphAlign 속성 이름이 잘못되었습니다. 
444 행: cmdQryOK의 Picture 속성을 설정할 수 없습니다.
