











[Rx]H|humasis|HUBI-QUAN pro|HP00055|U
P|160905-0002|20160905185706|01013491|HUBI TROPONIN I|16-002
R1|TNI|0.00~0.40| 
R2|TNI|<0.05| ng/mL| |
L|1|N
[strSvrcData][TPEOS] 운용체제 오류입니다. Tmax 시스템이 기동되어있지 않았습니다.
클라이언트에서의 서버 접속 ip와 포트번호를 확인하세요[Rx]H|humasis|HUBI-QUAN pro|HP00055|U
P|160905-0002|20160905185706|01013491|HUBI TROPONIN I|16-002
R1|TNI|0.00~0.40| 
R2|TNI|<0.05| ng/mL| |
L|1|N
[strSvrcData][TPEOS] 운용체제 오류입니다. Tmax 시스템이 기동되어있지 않았습니다.
클라이언트에서의 서버 접속 ip와 포트번호를 확인하세요[Rx]H|humasis|HUBI-QUAN pro|HP00055|U
P|160905-0003|20160905185706|01013491|HUBI TROPONIN I|16-002
R1|TNI|0.00~0.40| 
R2|TNI|<0.05| ng/mL| |
L|1|N
[strSvrcData][TPEOS] 운용체제 오류입니다. Tmax 시스템이 기동되어있지 않았습니다.
클라이언트에서의 서버 접속 ip와 포트번호를 확인하세요[Rx]H|humasis|HUBI-QUAN pro|HP00055|U
P|160905-0003|20160905185706|01013492|HUBI TROPONIN I|16-002
R1|TNI|0.00~0.40| 
R2|TNI|<0.05| ng/mL| |
L|1|N
[strSvrcData][TPEOS] 운용체제 오류입니다. Tmax 시스템이 기동되어있지 않았습니다.
클라이언트에서의 서버 접속 ip와 포트번호를 확인하세요[Rx]H|humasis|HUBI-QUAN pro|HP00055|U
P|160905-0004|20160905185706|01013492|HUBI TROPONIN I|16-002
R1|TNI|0.00~0.40| 
R2|TNI|<0.05| ng/mL| |
L|1|N
[strSvrcData][TPEOS] 운용체제 오류입니다. Tmax 시스템이 기동되어있지 않았습니다.
클라이언트에서의 서버 접속 ip와 포트번호를 확인하세요

[strSvrcData][TPEOS] 운용체제 오류입니다. Tmax 시스템이 기동되어있지 않았습니다.
클라이언트에서의 서버 접속 ip와 포트번호를 확인하세요[strSvrcData][TPEOS] 운용체제 오류입니다. Tmax 시스템이 기동되어있지 않았습니다.
클라이언트에서의 서버 접속 ip와 포트번호를 확인하세요