2019-09-10 14:47:38
'D:\프로젝트\VB\__의사랑\양주주가람내과_의사랑\BS240\SANSOFT.MDB' 파일을 찾을 수 없습니다
[ Select Abbr, DispSeq From TB_CodeInfo Order By int(DispSeq) ]
2019-09-10 14:47:38
'D:\프로젝트\VB\__의사랑\양주주가람내과_의사랑\BS240\SANSOFT.MDB' 파일을 찾을 수 없습니다
[ Select ExamCode From TB_CodeInfo Order By DispSeq ]
2019-09-10 14:47:39
'D:\프로젝트\VB\__의사랑\양주주가람내과_의사랑\BS240\SANSOFT.MDB' 파일을 찾을 수 없습니다
[ Select * From TB_CodeInfo 
 Order By DispSeq, ExamCode ]
2019-09-10 14:47:39
'D:\프로젝트\VB\__의사랑\양주주가람내과_의사랑\BS240\SANSOFT.MDB' 파일을 찾을 수 없습니다 [Sql: Delete From TB_Result Where ExamDate <= '20190612' ]
2019-09-10 14:47:39
'D:\프로젝트\VB\__의사랑\양주주가람내과_의사랑\BS240\SANSOFT.MDB' 파일을 찾을 수 없습니다 [Sql: Delete From TB_Master Where ExamDate <= '20190612' ]
2019-09-10 14:47:46
'D:\프로젝트\VB\__의사랑\양주주가람내과_의사랑\BS240\SANSOFT.MDB' 파일을 찾을 수 없습니다
[ Select * From TB_CodeInfo  
 Order By DispSeq]
2019-09-10 14:47:48
'D:\프로젝트\VB\__의사랑\양주주가람내과_의사랑\BS240\SANSOFT.MDB' 파일을 찾을 수 없습니다
[ Select Abbr, DispSeq From TB_CodeInfo Order By int(DispSeq) ]
2019-09-10 14:47:48
'D:\프로젝트\VB\__의사랑\양주주가람내과_의사랑\BS240\SANSOFT.MDB' 파일을 찾을 수 없습니다
[ Select ExamCode From TB_CodeInfo Order By DispSeq ]
2019-09-10 14:47:48
'D:\프로젝트\VB\__의사랑\양주주가람내과_의사랑\BS240\SANSOFT.MDB' 파일을 찾을 수 없습니다
[ Select * From TB_CodeInfo 
 Order By DispSeq, ExamCode ]
2019-09-10 14:47:48
'D:\프로젝트\VB\__의사랑\양주주가람내과_의사랑\BS240\SANSOFT.MDB' 파일을 찾을 수 없습니다 [Sql: Delete From TB_Result Where ExamDate <= '20190612' ]
2019-09-10 14:47:48
'D:\프로젝트\VB\__의사랑\양주주가람내과_의사랑\BS240\SANSOFT.MDB' 파일을 찾을 수 없습니다 [Sql: Delete From TB_Master Where ExamDate <= '20190612' ]
