## RapidLab 860 Version History ##

## 버  전: 1.0.0
## 작성일: 2004-11-18

## 버  전: 1.0.0
## 적용일: 2004-12-14
## 병  원: 예수병원

## 버  전: 1.0.1
## 수정일: 2005-02-25
## 내  용:
   1. Alarm창이 닫힌후 txtBarNo로 포커스가 이동하도록 수정
      - frmIISABL555 - cmdAlarm_Click

## 버  전: 1.0.1
## 적용일: 2005-03-04
## 병  원: 예수병원

## 버  전: 1.0.2
## 수정일: 2005-05-27
## 내  용:
   1. txtWorkNo의 MaxLength를 9로 제한
      - Form Design

## 버  전: 1.0.2
## 적용일: 2005-05-30
## 병  원: 예수병원

## 버  전: 1.0.3
## 수정일: 2005-07-12
## 내  용:
   1. tblResult에 결과표시시 버그수정
      - frmIISRapidLab860 - tblComplete_Click
## 병  원: 예수병원
