25 행: frmInterface02의 Icon 속성에 잘못된 파일 참조가 있습니다.
87 행: cmdWorkSave의 TransparentPicture 속성에 잘못된 파일 참조가 있습니다.
112 행: cmdWorkLoad의 TransparentPicture 속성에 잘못된 파일 참조가 있습니다.
218 행: cmdBarFind의 TransparentPicture 속성에 잘못된 파일 참조가 있습니다.
243 행: cmdBarReg의 TransparentPicture 속성에 잘못된 파일 참조가 있습니다.
424 행: cmdSave의 Picture 속성에 잘못된 파일 참조가 있습니다.
425 행: cmdSave의 TransparentPicture 속성에 잘못된 파일 참조가 있습니다.
451 행: cmdClear의 Picture 속성에 잘못된 파일 참조가 있습니다.
452 행: cmdClear의 TransparentPicture 속성에 잘못된 파일 참조가 있습니다.
478 행: cmdView의 Picture 속성에 잘못된 파일 참조가 있습니다.
479 행: cmdView의 TransparentPicture 속성에 잘못된 파일 참조가 있습니다.
505 행: cmdBarcode의 TransparentPicture 속성에 잘못된 파일 참조가 있습니다.
530 행: cmdWorkList의 TransparentPicture 속성에 잘못된 파일 참조가 있습니다.
1188 행: spdResult의 SpreadDesigner 속성에 잘못된 파일 참조가 있습니다.
1263 행: cmdSearch의 TransparentPicture 속성에 잘못된 파일 참조가 있습니다.
1288 행: cmdAll의 TransparentPicture 속성에 잘못된 파일 참조가 있습니다.
1313 행: cmdMatch의 TransparentPicture 속성에 잘못된 파일 참조가 있습니다.
1410 행: ListImage1의 Picture 속성에 잘못된 파일 참조가 있습니다.
1414 행: ListImage2의 Picture 속성에 잘못된 파일 참조가 있습니다.
1418 행: ListImage3의 Picture 속성에 잘못된 파일 참조가 있습니다.
1422 행: ListImage4의 Picture 속성에 잘못된 파일 참조가 있습니다.
1426 행: ListImage5의 Picture 속성에 잘못된 파일 참조가 있습니다.
1430 행: ListImage6의 Picture 속성에 잘못된 파일 참조가 있습니다.
1434 행: ListImage7의 Picture 속성에 잘못된 파일 참조가 있습니다.
1438 행: ListImage8의 Picture 속성에 잘못된 파일 참조가 있습니다.
1443 행: ListImage9의 Picture 속성에 잘못된 파일 참조가 있습니다.
1451 행: imgOff의 Picture 속성에 잘못된 파일 참조가 있습니다.
1458 행: imgOn의 Picture 속성에 잘못된 파일 참조가 있습니다.
1490 행: imgPort의 Picture 속성에 잘못된 파일 참조가 있습니다.
1498 행: imgSend의 Picture 속성에 잘못된 파일 참조가 있습니다.
1505 행: imgReceive의 Picture 속성에 잘못된 파일 참조가 있습니다.
1572 행: imgNet1의 Picture 속성에 잘못된 파일 참조가 있습니다.
1579 행: imgNet2의 Picture 속성에 잘못된 파일 참조가 있습니다.
1586 행: imgNet3의 Picture 속성에 잘못된 파일 참조가 있습니다.
1673 행: spdOrder의 SpreadDesigner 속성에 잘못된 파일 참조가 있습니다.
1707 행: spdWork의 SpreadDesigner 속성에 잘못된 파일 참조가 있습니다.
25 행: frmInterface02의 Icon 속성에 잘못된 파일 참조가 있습니다.
87 행: cmdWorkSave의 TransparentPicture 속성에 잘못된 파일 참조가 있습니다.
112 행: cmdWorkLoad의 TransparentPicture 속성에 잘못된 파일 참조가 있습니다.
218 행: cmdBarFind의 TransparentPicture 속성에 잘못된 파일 참조가 있습니다.
243 행: cmdBarReg의 TransparentPicture 속성에 잘못된 파일 참조가 있습니다.
424 행: cmdSave의 Picture 속성에 잘못된 파일 참조가 있습니다.
425 행: cmdSave의 TransparentPicture 속성에 잘못된 파일 참조가 있습니다.
451 행: cmdClear의 Picture 속성에 잘못된 파일 참조가 있습니다.
452 행: cmdClear의 TransparentPicture 속성에 잘못된 파일 참조가 있습니다.
478 행: cmdView의 Picture 속성에 잘못된 파일 참조가 있습니다.
479 행: cmdView의 TransparentPicture 속성에 잘못된 파일 참조가 있습니다.
505 행: cmdBarcode의 TransparentPicture 속성에 잘못된 파일 참조가 있습니다.
530 행: cmdWorkList의 TransparentPicture 속성에 잘못된 파일 참조가 있습니다.
1188 행: spdResult의 SpreadDesigner 속성에 잘못된 파일 참조가 있습니다.
1263 행: cmdSearch의 TransparentPicture 속성에 잘못된 파일 참조가 있습니다.
1288 행: cmdAll의 TransparentPicture 속성에 잘못된 파일 참조가 있습니다.
1313 행: cmdMatch의 TransparentPicture 속성에 잘못된 파일 참조가 있습니다.
1410 행: ListImage1의 Picture 속성에 잘못된 파일 참조가 있습니다.
1414 행: ListImage2의 Picture 속성에 잘못된 파일 참조가 있습니다.
1418 행: ListImage3의 Picture 속성에 잘못된 파일 참조가 있습니다.
1422 행: ListImage4의 Picture 속성에 잘못된 파일 참조가 있습니다.
1426 행: ListImage5의 Picture 속성에 잘못된 파일 참조가 있습니다.
1430 행: ListImage6의 Picture 속성에 잘못된 파일 참조가 있습니다.
1434 행: ListImage7의 Picture 속성에 잘못된 파일 참조가 있습니다.
1438 행: ListImage8의 Picture 속성에 잘못된 파일 참조가 있습니다.
1443 행: ListImage9의 Picture 속성에 잘못된 파일 참조가 있습니다.
1451 행: imgOff의 Picture 속성에 잘못된 파일 참조가 있습니다.
1458 행: imgOn의 Picture 속성에 잘못된 파일 참조가 있습니다.
1490 행: imgPort의 Picture 속성에 잘못된 파일 참조가 있습니다.
1498 행: imgSend의 Picture 속성에 잘못된 파일 참조가 있습니다.
1505 행: imgReceive의 Picture 속성에 잘못된 파일 참조가 있습니다.
1572 행: imgNet1의 Picture 속성에 잘못된 파일 참조가 있습니다.
1579 행: imgNet2의 Picture 속성에 잘못된 파일 참조가 있습니다.
1586 행: imgNet3의 Picture 속성에 잘못된 파일 참조가 있습니다.
1673 행: spdOrder의 SpreadDesigner 속성에 잘못된 파일 참조가 있습니다.
1707 행: spdWork의 SpreadDesigner 속성에 잘못된 파일 참조가 있습니다.
