[2015-11-05 오전 11:38:24]
Project Name   : IISLibrary
Class Name     : clsIISInterface
Procedure Name : GetAccInfo
Description    : 바코드번호:321에 대한 접수내역이 없습니다.

[2015-11-05 오전 11:39:26]
Project Name   : IISLibrary
Class Name     : clsIISInterface
Procedure Name : GetAccInfo
Description    : 바코드번호:321에 대한 접수내역이 없습니다.

[2015-11-05 오후 12:00:52]
Project Name   : IISLibrary
Class Name     : clsIISInterface
Procedure Name : GetAccInfo
Description    : 바코드번호:321에 대한 접수내역이 없습니다.

[2015-11-05 오후 4:52:37]
Project Name   : IISLibrary
Class Name     : clsIISInterface
Procedure Name : GetAccInfo
Description    : 바코드번호:Z151105001에 대한 결과내역이 없습니다.

[2015-11-05 오후 4:55:07]
Project Name   : IISLibrary
Class Name     : clsIISInterface
Procedure Name : GetAccInfo
Description    : 바코드번호: Z151105001는 장비로 검사할 항목이 없습니다.

[2015-11-05 오후 4:56:17]
Project Name   : IISLibrary
Class Name     : clsIISInterface
Procedure Name : GetAccInfo
Description    : 바코드번호: Z151105001는 장비로 검사할 항목이 없습니다.

[2015-11-05 오후 5:04:19]
Project Name   : IISLibrary
Class Name     : clsIISInterface
Procedure Name : GetAccInfo
Description    : 바코드번호: Z151105001는 장비로 검사할 항목이 없습니다.

[2015-11-05 오후 5:47:16]
Project Name   : IISLibrary
Class Name     : clsIISInterface
Procedure Name : GetAccInfo
Description    : 바코드번호:C1500004551에 대한 결과내역이 없습니다.

[2015-11-05 오후 5:47:17]
Project Name   : IISLibrary
Class Name     : clsIISInterface
Procedure Name : GetAccInfo
Description    : 바코드번호:C1500004052에 대한 결과내역이 없습니다.

[2015-11-05 오후 5:47:18]
Project Name   : IISLibrary
Class Name     : clsIISInterface
Procedure Name : GetAccInfo
Description    : 바코드번호:C1500004321에 대한 결과내역이 없습니다.

[2015-11-05 오후 5:47:19]
Project Name   : IISLibrary
Class Name     : clsIISInterface
Procedure Name : GetAccInfo
Description    : 바코드번호:C1500004371에 대한 결과내역이 없습니다.

[2015-11-05 오후 5:47:20]
Project Name   : IISLibrary
Class Name     : clsIISInterface
Procedure Name : GetAccInfo
Description    : 바코드번호:C1500004531에 대한 결과내역이 없습니다.

[2015-11-05 오후 5:56:09]
Project Name   : IISLibrary
Class Name     : clsIISInterface
Procedure Name : GetAccInfo
Description    : 바코드번호:Z151105002에 대한 결과내역이 없습니다.

[2015-11-05 오후 5:59:32]
Project Name   : IISLibrary
Class Name     : clsIISInterface
Procedure Name : GetAccInfo
Description    : 바코드번호:Z151105002에 대한 결과내역이 없습니다.

[2015-11-05 오후 6:00:11]
Project Name   : IISLibrary
Class Name     : clsIISAccInfo
Procedure Name : GetResultInfo
Description    : 개체 변수 또는 With 문의 변수가 설정되어 있지 않습니다.

[2015-11-05 오후 6:00:12]
Project Name   : IISLibrary
Class Name     : clsIISInterface
Procedure Name : GetAccInfo
Description    : 바코드번호:Z151105002에 대한 결과내역이 없습니다.

[2015-11-05 오후 6:03:55]
Project Name   : IISLibrary
Class Name     : clsIISInterface
Procedure Name : GetAccInfo
Description    : 바코드번호: Z151105005는 장비로 검사할 항목이 없습니다.

[2015-11-05 오후 6:04:54]
Project Name   : IISLibrary
Class Name     : clsIISInterface
Procedure Name : GetAccInfo
Description    : 바코드번호: Z151105003는 장비로 검사할 항목이 없습니다.

[2015-11-05 오후 6:05:13]
Project Name   : IISLibrary
Class Name     : clsIISInterface
Procedure Name : GetAccInfo
Description    : 바코드번호: Z151105001는 장비로 검사할 항목이 없습니다.

[2015-11-05 오후 6:05:27]
Project Name   : IISLibrary
Class Name     : clsIISInterface
Procedure Name : GetAccInfo
Description    : 바코드번호:Z151105002에 대한 결과내역이 없습니다.

[2015-11-05 오후 6:05:46]
Project Name   : IISLibrary
Class Name     : clsIISInterface
Procedure Name : GetAccInfo
Description    : 바코드번호: Z151105003는 장비로 검사할 항목이 없습니다.

[2015-11-05 오후 6:21:11]
Project Name   : IISLibrary
Class Name     : clsIISInterface
Procedure Name : GetAccInfo
Description    : 바코드번호: Z151105005는 Worklist에 존재하는 검체입니다.

[2015-11-05 오후 6:23:25]
Project Name   : IISLibrary
Class Name     : clsIISInterface
Procedure Name : GetAccInfo
Description    : 바코드번호: Z151105005는 Worklist에 존재하는 검체입니다.

[2015-11-05 오후 7:47:25]
Project Name   : IISLibrary
Class Name     : clsIISInterface
Procedure Name : GetAccInfo
Description    : 바코드번호: Z151105005는 장비로 검사할 항목이 없습니다.

