10:23:27 : 프린터 상태를 확인하세요.:응답없음
   위치: IdifCommon.frmExcelPrintBase.PrintStart()
   위치: IdifCommon.frmExcelPrintBase.PrintStart()
   위치: IdifCommon.frmExcelPrintBase.cmdPrintStart_Click(Object sender, EventArgs e)

10:25:33 : 프린터 상태를 확인하세요.:응답없음
   위치: IdifCommon.frmExcelPrintBase.PrintStart()
   위치: IdifCommon.frmExcelPrintBase.PrintStart()
   위치: IdifCommon.frmExcelPrintBase.cmdPrintStart_Click(Object sender, EventArgs e)

10:35:43 : 프린터 상태를 확인하세요.:응답없음
   위치: IdifCommon.frmExcelPrintBase.PrintStart()
   위치: IdifCommon.frmExcelPrintBase.PrintStart()
   위치: IdifCommon.frmExcelPrintBase.cmdPrintStart_Click(Object sender, EventArgs e)

14:59:20 : 프린터 상태를 확인하세요.:응답없음
   위치: IdifCommon.frmExcelPrintBase.PrintStart()
   위치: IdifCommon.frmExcelPrintBase.PrintStart()
   위치: IdifCommon.frmExcelPrintBase.cmdPrintStart_Click(Object sender, EventArgs e)

15:31:39 : 프린터 상태를 확인하세요.:응답없음
   위치: IdifCommon.frmExcelPrintBase.PrintStart()
   위치: IdifCommon.frmExcelPrintBase.PrintStart()
   위치: IdifCommon.frmExcelPrintBase.cmdPrintStart_Click(Object sender, EventArgs e)

15:36:15 : 프린터 상태를 확인하세요.:응답없음
   위치: IdifCommon.frmExcelPrintBase.PrintStart()
   위치: IdifCommon.frmExcelPrintBase.PrintStart()
   위치: IdifCommon.frmExcelPrintBase.cmdPrintStart_Click(Object sender, EventArgs e)

15:36:47 : '(비 매 품)*0.001'의 토큰이 잘못되었습니다.((비 매 품)*0.001)
   위치: MS.Internal.Xml.XPath.XPathParser.CheckToken(LexKind t)
   위치: MS.Internal.Xml.XPath.XPathParser.ParsePrimaryExpr(AstNode qyInput)
   위치: MS.Internal.Xml.XPath.XPathParser.ParseFilterExpr(AstNode qyInput)
   위치: MS.Internal.Xml.XPath.XPathParser.ParsePathExpr(AstNode qyInput)
   위치: MS.Internal.Xml.XPath.XPathParser.ParseUnionExpr(AstNode qyInput)
   위치: MS.Internal.Xml.XPath.XPathParser.ParseUnaryExpr(AstNode qyInput)
   위치: MS.Internal.Xml.XPath.XPathParser.ParseMultiplicativeExpr(AstNode qyInput)
   위치: MS.Internal.Xml.XPath.XPathParser.ParseAdditiveExpr(AstNode qyInput)
   위치: MS.Internal.Xml.XPath.XPathParser.ParseRelationalExpr(AstNode qyInput)
   위치: MS.Internal.Xml.XPath.XPathParser.ParseEqualityExpr(AstNode qyInput)
   위치: MS.Internal.Xml.XPath.XPathParser.ParseAndExpr(AstNode qyInput)
   위치: MS.Internal.Xml.XPath.XPathParser.ParseOrExpr(AstNode qyInput)
   위치: MS.Internal.Xml.XPath.XPathParser.ParseXPathExpresion(String xpathExpresion)
   위치: System.Xml.XPath.XPathExpression.Compile(String xpath, IXmlNamespaceResolver nsResolver)
   위치: System.Xml.XPath.XPathNavigator.Evaluate(String xpath)
   위치: IdifCommon.clsCommon.Evaluate(String prmText)
   위치: IdifCommon.clsCommon.Evaluate(String prmText)
   위치: IdifCommon.clsLabel.MakePrintData(String prmTemplateData, Int32 prmHomeX, Int32 prmHomeY, SheetView prmSpreadSheet, Int32 prmRowIndex, Int32 prmPrintQty)
   위치: IdifCommon.clsLabel.MakePrintData(String prmTemplateData, Int32 prmHomeX, Int32 prmHomeY, SheetView prmSpreadSheet, Int32 prmRowIndex, Int32 prmPrintQty)
   위치: IdifCommon.frmExcelPrintBase.PrintStart()
   위치: IdifCommon.frmExcelPrintBase.PrintStart()
   위치: IdifCommon.frmExcelPrintBase.cmdPrintStart_Click(Object sender, EventArgs e)

15:38:08 : 프린터 상태를 확인하세요.:버퍼FULL
   위치: IdifCommon.frmExcelPrintBase.PrintStart()
   위치: IdifCommon.frmExcelPrintBase.PrintStart()
   위치: IdifCommon.frmExcelPrintBase.cmdPrintStart_Click(Object sender, EventArgs e)

15:38:34 : 프린터 상태를 확인하세요.:버퍼FULL
   위치: IdifCommon.frmExcelPrintBase.PrintStart()
   위치: IdifCommon.frmExcelPrintBase.PrintStart()
   위치: IdifCommon.frmExcelPrintBase.cmdPrintStart_Click(Object sender, EventArgs e)

16:50:06 : 프린터 상태를 확인하세요.:응답없음
   위치: IdifCommon.frmExcelPrintBase.PrintStart()
   위치: IdifCommon.frmExcelPrintBase.PrintStart()
   위치: IdifCommon.frmExcelPrintBase.cmdPrintStart_Click(Object sender, EventArgs e)

16:50:09 : 프린터 상태를 확인하세요.:버퍼FULL
   위치: IdifCommon.frmExcelPrintBase.PrintStart()
   위치: IdifCommon.frmExcelPrintBase.PrintStart()
   위치: IdifCommon.frmExcelPrintBase.cmdPrintStart_Click(Object sender, EventArgs e)

16:57:24 : 프린터 상태를 확인하세요.:응답없음
   위치: IdifCommon.frmExcelPrintBase.PrintStart()
   위치: IdifCommon.frmExcelPrintBase.PrintStart()
   위치: IdifCommon.frmExcelPrintBase.cmdPrintStart_Click(Object sender, EventArgs e)

16:57:27 : 프린터 상태를 확인하세요.:버퍼FULL
   위치: IdifCommon.frmExcelPrintBase.PrintStart()
   위치: IdifCommon.frmExcelPrintBase.PrintStart()
   위치: IdifCommon.frmExcelPrintBase.cmdPrintStart_Click(Object sender, EventArgs e)

17:20:38 : 프린터 상태를 확인하세요.:응답없음
   위치: IdifCommon.frmExcelPrintBase.PrintStart()
   위치: IdifCommon.frmExcelPrintBase.PrintStart()
   위치: IdifCommon.frmExcelPrintBase.cmdPrintStart_Click(Object sender, EventArgs e)

