        Procedure : frmTestEqp - Private Sub cmdSave()

     Error Source : ListItem

     Error Number : 380

Error Description : 속성값이 잘못되었습니다.

             Date : 2014년 5월 29일 월요일

             Time : 오후 2:50:15
━━━━━━━━━━━━━━━━━━━━━━━━━━━━━━━━━━━━━━━━
        Procedure : frmTestEqp - Private Sub cmdSave()

     Error Source : ListItem

     Error Number : 380

Error Description : 속성값이 잘못되었습니다.

             Date : 2014년 5월 29일 월요일

             Time : 오후 2:51:01
━━━━━━━━━━━━━━━━━━━━━━━━━━━━━━━━━━━━━━━━
        Procedure : frmTestEqp - Private Sub cmdSave()

     Error Source : ListItem

     Error Number : 380

Error Description : 속성값이 잘못되었습니다.

             Date : 2014년 5월 29일 월요일

             Time : 오후 3:20:02
━━━━━━━━━━━━━━━━━━━━━━━━━━━━━━━━━━━━━━━━
