        Procedure : clsCommon - Public Function Get_UserInfo(ByVal USERID As String) As ADODB.Recordset

     Error Source : Urisys2400

     Error Number : 400

Error Description : 폼이 이미 나타나 있으므로 모달로 표시할 수 없습니다.  

             Date : 2014년 6월 9일 월요일

             Time : 오후 6:10:03
━━━━━━━━━━━━━━━━━━━━━━━━━━━━━━━━━━━━━━━━
    Procedure : clsCommon - Public Function Get_UserInfo(ByVal USERID As String) As ADODB.Recordset

 Error Number : -2147467259

  Description : 지정되지 않은 오류입니다.

       Source : Microsoft OLE DB Provider for Oracle

    SQL State : 

 Native Error : 0

   SQL String : SELECT EMPNO,EMPNM,PASSWD FROM EMPMST WHERE EMPNO = '200011'

         Date : 2014년 6월 9일 월요일

         Time : 오후 6:10:03
━━━━━━━━━━━━━━━━━━━━━━━━━━━━━━━━━━━━━━━━
        Procedure : clsCommon - Public Function f_subSet_WorkList_Barcode() As ADODB.Recordset

     Error Source : Microsoft OLE DB Provider for Oracle

     Error Number : -2147467259

Error Description : ORA-03135: 접속이 끊겼습니다.


             Date : 2014년 6월 9일 월요일

             Time : 오후 6:13:23
━━━━━━━━━━━━━━━━━━━━━━━━━━━━━━━━━━━━━━━━
        Procedure : clsCommon - Public Function f_subSet_WorkList_Barcode() As ADODB.Recordset

     Error Source : Microsoft OLE DB Provider for Oracle

     Error Number : -2147467259

Error Description : ORA-03114: ORACLE에 연결되어 있지 않습니다


             Date : 2014년 6월 9일 월요일

             Time : 오후 7:04:37
━━━━━━━━━━━━━━━━━━━━━━━━━━━━━━━━━━━━━━━━
        Procedure : clsCommon - Public Function f_subSet_WorkList_Barcode() As ADODB.Recordset

     Error Source : Microsoft OLE DB Provider for Oracle

     Error Number : -2147467259

Error Description : ORA-03135: 접속이 끊겼습니다.


             Date : 2014년 6월 9일 월요일

             Time : 오후 7:08:58
━━━━━━━━━━━━━━━━━━━━━━━━━━━━━━━━━━━━━━━━
        Procedure : clsCommon - Public Function f_subSet_WorkList_Barcode() As ADODB.Recordset

     Error Source : Microsoft OLE DB Provider for Oracle

     Error Number : -2147467259

Error Description : ORA-03135: 접속이 끊겼습니다.


             Date : 2014년 6월 9일 월요일

             Time : 오후 7:42:26
━━━━━━━━━━━━━━━━━━━━━━━━━━━━━━━━━━━━━━━━
