        Procedure : frmInterface - Private Sub cmdRun()

     Error Source : MSComm

     Error Number : 8002

Error Description : んお 廓ㄟ 澀跤腎歷蝗棲棻.

             Date : 2014喇 3錯 11橾 錯蹂橾

             Time : 螃 4:51:45
收收收收收收收收收收收收收收收收收收收收收收收收收收收收收收收收收收收收收收收收
        Procedure : frmInterface - Private Sub cmdRun()

     Error Source : MSComm

     Error Number : 8002

Error Description : んお 廓ㄟ 澀跤腎歷蝗棲棻.

             Date : 2014喇 3錯 11橾 錯蹂橾

             Time : 螃 5:03:18
收收收收收收收收收收收收收收收收收收收收收收收收收收收收收收收收收收收收收收收收
        Procedure : frmInterface - Private Sub cmdRun()

     Error Source : MSComm

     Error Number : 8002

Error Description : んお 廓ㄟ 澀跤腎歷蝗棲棻.

             Date : 2014喇 3錯 11橾 錯蹂橾

             Time : 螃 5:07:35
收收收收收收收收收收收收收收收收收收收收收收收收收收收收收收收收收收收收收收收收
        Procedure : frmInterface - Private Sub cmdRun()

     Error Source : MSComm

     Error Number : 8002

Error Description : んお 廓ㄟ 澀跤腎歷蝗棲棻.

             Date : 2014喇 3錯 11橾 錯蹂橾

             Time : 螃 5:08:14
收收收收收收收收收收收收收收收收收收收收收收收收收收收收收收收收收收收收收收收收
        Procedure : frmInterface - Private Sub cmdRun()

     Error Source : MSComm

     Error Number : 8002

Error Description : んお 廓ㄟ 澀跤腎歷蝗棲棻.

             Date : 2014喇 3錯 11橾 錯蹂橾

             Time : 螃 5:08:25
收收收收收收收收收收收收收收收收收收收收收收收收收收收收收收收收收收收收收收收收
        Procedure : frmInterface - Private Sub cmdRun()

     Error Source : MSComm

     Error Number : 8002

Error Description : んお 廓ㄟ 澀跤腎歷蝗棲棻.

             Date : 2014喇 3錯 11橾 錯蹂橾

             Time : 螃 5:08:28
收收收收收收收收收收收收收收收收收收收收收收收收收收收收收收收收收收收收收收收收
        Procedure : frmInterface - Private Sub cmdRun()

     Error Source : MSComm

     Error Number : 8002

Error Description : んお 廓ㄟ 澀跤腎歷蝗棲棻.

             Date : 2014喇 3錯 11橾 錯蹂橾

             Time : 螃 5:08:30
收收收收收收收收收收收收收收收收收收收收收收收收收收收收收收收收收收收收收收收收
        Procedure : frmInterface - Private Sub cmdRun()

     Error Source : MSComm

     Error Number : 8002

Error Description : んお 廓ㄟ 澀跤腎歷蝗棲棻.

             Date : 2014喇 3錯 11橾 錯蹂橾

             Time : 螃 5:08:35
收收收收收收收收收收收收收收收收收收收收收收收收收收收收收收收收收收收收收收收收
        Procedure : frmInterface - Private Sub cmdRun()

     Error Source : MSComm

     Error Number : 8002

Error Description : んお 廓ㄟ 澀跤腎歷蝗棲棻.

             Date : 2014喇 3錯 11橾 錯蹂橾

             Time : 螃 5:08:38
收收收收收收收收收收收收收收收收收收收收收收收收收收收收收收收收收收收收收收收收
        Procedure : frmInterface - Private Sub cmdRun()

     Error Source : MSComm

     Error Number : 8002

Error Description : んお 廓ㄟ 澀跤腎歷蝗棲棻.

             Date : 2014喇 3錯 11橾 錯蹂橾

             Time : 螃 5:08:43
收收收收收收收收收收收收收收收收收收收收收收收收收收收收收收收收收收收收收收收收
        Procedure : frmInterface - Private Sub cmdRun()

     Error Source : MSComm

     Error Number : 8002

Error Description : んお 廓ㄟ 澀跤腎歷蝗棲棻.

             Date : 2014喇 3錯 11橾 錯蹂橾

             Time : 螃 5:12:08
收收收收收收收收收收收收收收收收收收收收收收收收收收收收收收收收收收收收收收收收
        Procedure : frmInterface - Private Sub cmdRun()

     Error Source : MSComm

     Error Number : 8002

Error Description : んお 廓ㄟ 澀跤腎歷蝗棲棻.

             Date : 2014喇 3錯 11橾 錯蹂橾

             Time : 螃 5:12:30
收收收收收收收收收收收收收收收收收收收收收收收收收收收收收收收收收收收收收收收收
        Procedure : frmInterface - Private Sub cmdRun()

     Error Source : MSComm

     Error Number : 8002

Error Description : んお 廓ㄟ 澀跤腎歷蝗棲棻.

             Date : 2014喇 3錯 11橾 錯蹂橾

             Time : 螃 5:17:35
收收收收收收收收收收收收收收收收收收收收收收收收收收收收收收收收收收收收收收收收
        Procedure : frmInterface - Private Sub cmdRun()

     Error Source : MSComm

     Error Number : 8002

Error Description : んお 廓ㄟ 澀跤腎歷蝗棲棻.

             Date : 2014喇 3錯 11橾 錯蹂橾

             Time : 螃 5:17:59
收收收收收收收收收收收收收收收收收收收收收收收收收收收收收收收收收收收收收收收收
        Procedure : frmInterface - Private Sub cmdRun()

     Error Source : MSComm

     Error Number : 8002

Error Description : んお 廓ㄟ 澀跤腎歷蝗棲棻.

             Date : 2014喇 3錯 11橾 錯蹂橾

             Time : 螃 5:20:06
收收收收收收收收收收收收收收收收收收收收收收收收收收收收收收收收收收收收收收收收
        Procedure : frmInterface - Private Sub cmdRun()

     Error Source : MSComm

     Error Number : 8002

Error Description : んお 廓ㄟ 澀跤腎歷蝗棲棻.

             Date : 2014喇 3錯 11橾 錯蹂橾

             Time : 螃 5:20:10
收收收收收收收收收收收收收收收收收收收收收收收收收收收收收收收收收收收收收收收收
        Procedure : frmInterface - Private Sub cmdRun()

     Error Source : MSComm

     Error Number : 8002

Error Description : んお 廓ㄟ 澀跤腎歷蝗棲棻.

             Date : 2014喇 3錯 11橾 錯蹂橾

             Time : 螃 5:24:46
收收收收收收收收收收收收收收收收收收收收收收收收收收收收收收收收收收收收收收收收
        Procedure : frmInterface - Private Sub cmdRun()

     Error Source : MSComm

     Error Number : 8002

Error Description : んお 廓ㄟ 澀跤腎歷蝗棲棻.

             Date : 2014喇 3錯 11橾 錯蹂橾

             Time : 螃 5:50:34
收收收收收收收收收收收收收收收收收收收收收收收收收收收收收收收收收收收收收收收收
        Procedure : frmInterface - Private Sub cmdRun()

     Error Source : MSComm

     Error Number : 8002

Error Description : んお 廓ㄟ 澀跤腎歷蝗棲棻.

             Date : 2014喇 3錯 11橾 錯蹂橾

             Time : 螃 5:51:49
收收收收收收收收收收收收收收收收收收收收收收收收收收收收收收收收收收收收收收收收
