        Procedure : frmInterface - Private Sub cmdRun()

     Error Source : MSComm

     Error Number : 8002

Error Description : んお 廓ㄟ 澀跤腎歷蝗棲棻.

             Date : 2014喇 6錯 10橾 錯蹂橾

             Time : 螃瞪 10:34:07
收收收收收收收收收收收收收收收收收收收收收收收收收收收收收收收收收收收收收收收收
        Procedure : frmInterface - Private Sub cmdRun()

     Error Source : MSComm

     Error Number : 8002

Error Description : んお 廓ㄟ 澀跤腎歷蝗棲棻.

             Date : 2014喇 6錯 10橾 錯蹂橾

             Time : 螃瞪 10:36:08
收收收收收收收收收收收收收收收收收收收收收收收收收收收收收收收收收收收收收收收收
        Procedure : frmInterface - Private Sub cmdRun()

     Error Source : MSComm

     Error Number : 8002

Error Description : んお 廓ㄟ 澀跤腎歷蝗棲棻.

             Date : 2014喇 6錯 10橾 錯蹂橾

             Time : 螃瞪 10:36:47
收收收收收收收收收收收收收收收收收收收收收收收收收收收收收收收收收收收收收收收收
        Procedure : frmInterface - Private Sub cmdRun()

     Error Source : MSComm

     Error Number : 8002

Error Description : んお 廓ㄟ 澀跤腎歷蝗棲棻.

             Date : 2014喇 6錯 10橾 錯蹂橾

             Time : 螃瞪 10:37:19
收收收收收收收收收收收收收收收收收收收收收收收收收收收收收收收收收收收收收收收收
        Procedure : frmInterface - Private Sub cmdRun()

     Error Source : MSComm

     Error Number : 8002

Error Description : んお 廓ㄟ 澀跤腎歷蝗棲棻.

             Date : 2014喇 6錯 10橾 錯蹂橾

             Time : 螃瞪 10:38:02
收收收收收收收收收收收收收收收收收收收收收收收收收收收收收收收收收收收收收收收收
        Procedure : frmInterface - Private Sub cmdRun()

     Error Source : MSComm

     Error Number : 8002

Error Description : んお 廓ㄟ 澀跤腎歷蝗棲棻.

             Date : 2014喇 6錯 10橾 錯蹂橾

             Time : 螃瞪 10:38:46
收收收收收收收收收收收收收收收收收收收收收收收收收收收收收收收收收收收收收收收收
        Procedure : frmInterface - Private Sub cmdRun()

     Error Source : MSComm

     Error Number : 8002

Error Description : んお 廓ㄟ 澀跤腎歷蝗棲棻.

             Date : 2014喇 6錯 10橾 錯蹂橾

             Time : 螃瞪 10:39:20
收收收收收收收收收收收收收收收收收收收收收收收收收收收收收收收收收收收收收收收收
        Procedure : frmInterface - Private Sub cmdRun()

     Error Source : MSComm

     Error Number : 8002

Error Description : んお 廓ㄟ 澀跤腎歷蝗棲棻.

             Date : 2014喇 6錯 10橾 錯蹂橾

             Time : 螃瞪 10:39:44
收收收收收收收收收收收收收收收收收收收收收收收收收收收收收收收收收收收收收收收收
        Procedure : clsCommon - Public Function f_subSet_WorkList_Barcode() As ADODB.Recordset

     Error Source : Microsoft OLE DB Provider for Oracle

     Error Number : -2147467259

Error Description : ORA-03114: ORACLE縑 翱唸腎橫 氈雖 彊蝗棲棻


             Date : 2014喇 6錯 10橾 錯蹂橾

             Time : 螃瞪 10:50:06
收收收收收收收收收收收收收收收收收收收收收收收收收收收收收收收收收收收收收收收收
        Procedure : clsCommon - Public Function f_subSet_WorkList_Barcode() As ADODB.Recordset

     Error Source : Microsoft OLE DB Provider for Oracle

     Error Number : -2147467259

Error Description : ORA-03114: ORACLE縑 翱唸腎橫 氈雖 彊蝗棲棻


             Date : 2014喇 6錯 10橾 錯蹂橾

             Time : 螃瞪 10:51:03
收收收收收收收收收收收收收收收收收收收收收收收收收收收收收收收收收收收收收收收收
        Procedure : clsCommon - Public Function f_subSet_WorkList_Barcode() As ADODB.Recordset

     Error Source : Microsoft OLE DB Provider for Oracle

     Error Number : -2147467259

Error Description : ORA-03114: ORACLE縑 翱唸腎橫 氈雖 彊蝗棲棻


             Date : 2014喇 6錯 10橾 錯蹂橾

             Time : 螃瞪 10:50:06
收收收收收收收收收收收收收收收收收收收收收收收收收收收收收收收收收收收收收收收收
        Procedure : clsCommon - Public Function f_subSet_WorkList_Barcode() As ADODB.Recordset

     Error Source : Microsoft OLE DB Provider for Oracle

     Error Number : -2147467259

Error Description : ORA-03114: ORACLE縑 翱唸腎橫 氈雖 彊蝗棲棻


             Date : 2014喇 6錯 10橾 錯蹂橾

             Time : 螃瞪 10:51:08
收收收收收收收收收收收收收收收收收收收收收收收收收收收收收收收收收收收收收收收收
        Procedure : clsCommon - Public Function f_subSet_WorkList_Barcode() As ADODB.Recordset

     Error Source : Microsoft OLE DB Provider for Oracle

     Error Number : -2147467259

Error Description : ORA-03114: ORACLE縑 翱唸腎橫 氈雖 彊蝗棲棻


             Date : 2014喇 6錯 10橾 錯蹂橾

             Time : 螃瞪 11:43:43
收收收收收收收收收收收收收收收收收收收收收收收收收收收收收收收收收收收收收收收收
        Procedure : clsCommon - Public Function f_subSet_WorkList_Barcode() As ADODB.Recordset

     Error Source : Microsoft OLE DB Provider for Oracle

     Error Number : -2147467259

Error Description : ORA-03114: ORACLE縑 翱唸腎橫 氈雖 彊蝗棲棻


             Date : 2014喇 6錯 10橾 錯蹂橾

             Time : 螃瞪 11:43:45
收收收收收收收收收收收收收收收收收收收收收收收收收收收收收收收收收收收收收收收收
        Procedure : clsCommon - Public Function f_subSet_WorkList_Barcode() As ADODB.Recordset

     Error Source : Microsoft OLE DB Provider for Oracle

     Error Number : -2147467259

Error Description : ORA-03114: ORACLE縑 翱唸腎橫 氈雖 彊蝗棲棻


             Date : 2014喇 6錯 10橾 錯蹂橾

             Time : 螃瞪 11:43:42
收收收收收收收收收收收收收收收收收收收收收收收收收收收收收收收收收收收收收收收收
        Procedure : clsCommon - Public Function f_subSet_WorkList_Barcode() As ADODB.Recordset

     Error Source : Microsoft OLE DB Provider for Oracle

     Error Number : -2147467259

Error Description : ORA-03114: ORACLE縑 翱唸腎橫 氈雖 彊蝗棲棻


             Date : 2014喇 6錯 10橾 錯蹂橾

             Time : 螃瞪 11:43:45
收收收收收收收收收收收收收收收收收收收收收收收收收收收收收收收收收收收收收收收收
        Procedure : clsCommon - Public Function f_subSet_WorkList_Barcode() As ADODB.Recordset

     Error Source : Microsoft OLE DB Provider for Oracle

     Error Number : -2147467259

Error Description : ORA-03114: ORACLE縑 翱唸腎橫 氈雖 彊蝗棲棻


             Date : 2014喇 6錯 10橾 錯蹂橾

             Time : 螃瞪 11:45:40
收收收收收收收收收收收收收收收收收收收收收收收收收收收收收收收收收收收收收收收收
        Procedure : clsCommon - Public Function f_subSet_WorkList_Barcode() As ADODB.Recordset

     Error Source : Microsoft OLE DB Provider for Oracle

     Error Number : -2147467259

Error Description : ORA-03114: ORACLE縑 翱唸腎橫 氈雖 彊蝗棲棻


             Date : 2014喇 6錯 10橾 錯蹂橾

             Time : 螃瞪 11:45:40
收收收收收收收收收收收收收收收收收收收收收收收收收收收收收收收收收收收收收收收收
        Procedure : frmInterface - Private Sub cmdRun()

     Error Source : MSComm

     Error Number : 8002

Error Description : んお 廓ㄟ 澀跤腎歷蝗棲棻.

             Date : 2014喇 6錯 10橾 錯蹂橾

             Time : 螃 3:07:01
收收收收收收收收收收收收收收收收收收收收收收收收收收收收收收收收收收收收收收收收
        Procedure : frmInterface - Private Sub cmdRun()

     Error Source : MSComm

     Error Number : 8002

Error Description : んお 廓ㄟ 澀跤腎歷蝗棲棻.

             Date : 2014喇 6錯 10橾 錯蹂橾

             Time : 螃 3:16:02
收收收收收收收收收收收收收收收收收收收收收收收收收收收收收收收收收收收收收收收收
        Procedure : Private Sub MDIForm_Tool()

     Error Source : Microsoft JET Database Engine

     Error Number : -2147467259

Error Description : 檜嘐 棻艇 餌辨濠陛 'INTERFACE003' 纔檜綰擊 欽絮 餌辨 賅萄煎 翮歷剪釭 餌辨濠 檣攪む檜蝶蒂 鱔ж罹 翮溥 氈戲嘎煎, Щ煎斜極瞳戲煎 褻濛й 熱 橈蝗棲棻.

             Date : 2014喇 6錯 10橾 錯蹂橾

             Time : 螃 3:34:26
收收收收收收收收收收收收收收收收收收收收收收收收收收收收收收收收收收收收收收收收
        Procedure : Private Sub MDIForm_Tool()

     Error Source : ADODB.Recordset

     Error Number : 3704

Error Description : 偃羹陛 殘⑵ 氈戲賊 濛機檜 ъ辨腎雖 彊蝗棲棻.

             Date : 2014喇 6錯 10橾 錯蹂橾

             Time : 螃 3:34:33
收收收收收收收收收收收收收收收收收收收收收收收收收收收收收收收收收收收收收收收收
        Procedure : Private Sub MDIForm_Tool()

     Error Source : ADODB.Recordset

     Error Number : 3704

Error Description : 偃羹陛 殘⑵ 氈戲賊 濛機檜 ъ辨腎雖 彊蝗棲棻.

             Date : 2014喇 6錯 10橾 錯蹂橾

             Time : 螃 3:34:35
收收收收收收收收收收收收收收收收收收收收收收收收收收收收收收收收收收收收收收收收
        Procedure : Private Sub MDIForm_Tool()

     Error Source : ADODB.Recordset

     Error Number : 3704

Error Description : 偃羹陛 殘⑵ 氈戲賊 濛機檜 ъ辨腎雖 彊蝗棲棻.

             Date : 2014喇 6錯 10橾 錯蹂橾

             Time : 螃 3:34:35
收收收收收收收收收收收收收收收收收收收收收收收收收收收收收收收收收收收收收收收收
        Procedure : Private Sub MDIForm_Tool()

     Error Source : ADODB.Field

     Error Number : 3704

Error Description : 偃羹陛 殘⑵ 氈戲賊 濛機檜 ъ辨腎雖 彊蝗棲棻.

             Date : 2014喇 6錯 10橾 錯蹂橾

             Time : 螃 3:34:36
收收收收收收收收收收收收收收收收收收收收收收收收收收收收收收收收收收收收收收收收
        Procedure : Private Sub MDIForm_Tool()

     Error Source : ADODB.Recordset

     Error Number : 3704

Error Description : 偃羹陛 殘⑵ 氈戲賊 濛機檜 ъ辨腎雖 彊蝗棲棻.

             Date : 2014喇 6錯 10橾 錯蹂橾

             Time : 螃 3:34:36
收收收收收收收收收收收收收收收收收收收收收收收收收收收收收收收收收收收收收收收收
