        Procedure : frmInterface - Private Sub cmdRun()

     Error Source : MSComm

     Error Number : 8005

Error Description : 포트가 이미 열려 있습니다.

             Date : 2014년 4월 12일 월요일

             Time : 오후 4:46:10
━━━━━━━━━━━━━━━━━━━━━━━━━━━━━━━━━━━━━━━━
        Procedure : frmInterface - Private Sub cmdRun()

     Error Source : MSComm

     Error Number : 8005

Error Description : 포트가 이미 열려 있습니다.

             Date : 2014년 4월 12일 월요일

             Time : 오후 4:47:44
━━━━━━━━━━━━━━━━━━━━━━━━━━━━━━━━━━━━━━━━
        Procedure : frmInterface - Private Sub cmdRun()

     Error Source : MSComm

     Error Number : 8002

Error Description : 포트 번호가 잘못되었습니다.

             Date : 2014년 4월 12일 월요일

             Time : 오후 5:17:27
━━━━━━━━━━━━━━━━━━━━━━━━━━━━━━━━━━━━━━━━
        Procedure : Private Sub MDIForm_Tool()

     Error Source : E170

     Error Number : 53

Error Description : 파일을 찾을 수 없습니다.

             Date : 2014년 4월 12일 월요일

             Time : 오후 5:45:51
━━━━━━━━━━━━━━━━━━━━━━━━━━━━━━━━━━━━━━━━
        Procedure : frmInterface - Private Sub cmdRun()

     Error Source : MSComm

     Error Number : 8002

Error Description : 포트 번호가 잘못되었습니다.

             Date : 2014년 4월 12일 월요일

             Time : 오후 9:54:45
━━━━━━━━━━━━━━━━━━━━━━━━━━━━━━━━━━━━━━━━
