        Procedure : clsCommon - Public Function f_subSet_WorkList_Barcode() As ADODB.Recordset

     Error Source : ADODB.Recordset

     Error Number : 3709

Error Description : 이 작업을 수행하는 데 연결을 사용할 수 없습니다. 이 컨텍스트에서 연결이 닫혀 있거나 잘못되었습니다.

             Date : 2014년 1월 23일 월요일

             Time : 오전 11:42:37
━━━━━━━━━━━━━━━━━━━━━━━━━━━━━━━━━━━━━━━━
        Procedure : clsCommon - Public Function f_subSet_WorkList_Barcode() As ADODB.Recordset

     Error Source : ADODB.Recordset

     Error Number : 3709

Error Description : 이 작업을 수행하는 데 연결을 사용할 수 없습니다. 이 컨텍스트에서 연결이 닫혀 있거나 잘못되었습니다.

             Date : 2014년 1월 23일 월요일

             Time : 오전 11:42:39
━━━━━━━━━━━━━━━━━━━━━━━━━━━━━━━━━━━━━━━━
        Procedure : clsCommon - Public Function f_subSet_WorkList_Barcode() As ADODB.Recordset

     Error Source : ADODB.Recordset

     Error Number : 3709

Error Description : 이 작업을 수행하는 데 연결을 사용할 수 없습니다. 이 컨텍스트에서 연결이 닫혀 있거나 잘못되었습니다.

             Date : 2014년 1월 23일 월요일

             Time : 오전 11:42:40
━━━━━━━━━━━━━━━━━━━━━━━━━━━━━━━━━━━━━━━━
        Procedure : clsCommon - Public Function f_subSet_WorkList_Barcode() As ADODB.Recordset

     Error Source : ADODB.Recordset

     Error Number : 3709

Error Description : 이 작업을 수행하는 데 연결을 사용할 수 없습니다. 이 컨텍스트에서 연결이 닫혀 있거나 잘못되었습니다.

             Date : 2014년 1월 23일 월요일

             Time : 오전 11:42:42
━━━━━━━━━━━━━━━━━━━━━━━━━━━━━━━━━━━━━━━━
        Procedure : clsCommon - Public Function f_subSet_WorkList_Barcode() As ADODB.Recordset

     Error Source : ADODB.Recordset

     Error Number : 3709

Error Description : 이 작업을 수행하는 데 연결을 사용할 수 없습니다. 이 컨텍스트에서 연결이 닫혀 있거나 잘못되었습니다.

             Date : 2014년 1월 23일 월요일

             Time : 오전 11:42:42
━━━━━━━━━━━━━━━━━━━━━━━━━━━━━━━━━━━━━━━━
        Procedure : clsCommon - Public Function f_subSet_WorkList_Barcode() As ADODB.Recordset

     Error Source : ADODB.Recordset

     Error Number : 3709

Error Description : 이 작업을 수행하는 데 연결을 사용할 수 없습니다. 이 컨텍스트에서 연결이 닫혀 있거나 잘못되었습니다.

             Date : 2014년 1월 23일 월요일

             Time : 오전 11:42:45
━━━━━━━━━━━━━━━━━━━━━━━━━━━━━━━━━━━━━━━━
        Procedure : clsCommon - Public Function f_subSet_WorkList_Barcode() As ADODB.Recordset

     Error Source : ADODB.Recordset

     Error Number : 3709

Error Description : 이 작업을 수행하는 데 연결을 사용할 수 없습니다. 이 컨텍스트에서 연결이 닫혀 있거나 잘못되었습니다.

             Date : 2014년 1월 23일 월요일

             Time : 오전 11:42:45
━━━━━━━━━━━━━━━━━━━━━━━━━━━━━━━━━━━━━━━━
        Procedure : clsCommon - Public Function f_subSet_WorkList_Barcode() As ADODB.Recordset

     Error Source : ADODB.Recordset

     Error Number : 3709

Error Description : 이 작업을 수행하는 데 연결을 사용할 수 없습니다. 이 컨텍스트에서 연결이 닫혀 있거나 잘못되었습니다.

             Date : 2014년 1월 23일 월요일

             Time : 오후 1:40:42
━━━━━━━━━━━━━━━━━━━━━━━━━━━━━━━━━━━━━━━━
        Procedure : clsCommon - Public Function f_subSet_WorkList_Barcode() As ADODB.Recordset

     Error Source : ADODB.Recordset

     Error Number : 3709

Error Description : 이 작업을 수행하는 데 연결을 사용할 수 없습니다. 이 컨텍스트에서 연결이 닫혀 있거나 잘못되었습니다.

             Date : 2014년 1월 23일 월요일

             Time : 오후 1:40:45
━━━━━━━━━━━━━━━━━━━━━━━━━━━━━━━━━━━━━━━━
        Procedure : clsCommon - Public Function f_subSet_WorkList_Barcode() As ADODB.Recordset

     Error Source : ADODB.Recordset

     Error Number : 3709

Error Description : 이 작업을 수행하는 데 연결을 사용할 수 없습니다. 이 컨텍스트에서 연결이 닫혀 있거나 잘못되었습니다.

             Date : 2014년 1월 23일 월요일

             Time : 오후 1:40:46
━━━━━━━━━━━━━━━━━━━━━━━━━━━━━━━━━━━━━━━━
        Procedure : clsCommon - Public Function f_subSet_WorkList_Barcode() As ADODB.Recordset

     Error Source : ADODB.Recordset

     Error Number : 3709

Error Description : 이 작업을 수행하는 데 연결을 사용할 수 없습니다. 이 컨텍스트에서 연결이 닫혀 있거나 잘못되었습니다.

             Date : 2014년 1월 23일 월요일

             Time : 오후 1:40:47
━━━━━━━━━━━━━━━━━━━━━━━━━━━━━━━━━━━━━━━━
        Procedure : clsCommon - Public Function f_subSet_WorkList_Barcode() As ADODB.Recordset

     Error Source : ADODB.Recordset

     Error Number : 3709

Error Description : 이 작업을 수행하는 데 연결을 사용할 수 없습니다. 이 컨텍스트에서 연결이 닫혀 있거나 잘못되었습니다.

             Date : 2014년 1월 23일 월요일

             Time : 오후 1:40:48
━━━━━━━━━━━━━━━━━━━━━━━━━━━━━━━━━━━━━━━━
        Procedure : clsCommon - Public Function f_subSet_WorkList_Barcode() As ADODB.Recordset

     Error Source : ADODB.Recordset

     Error Number : 3709

Error Description : 이 작업을 수행하는 데 연결을 사용할 수 없습니다. 이 컨텍스트에서 연결이 닫혀 있거나 잘못되었습니다.

             Date : 2014년 1월 23일 월요일

             Time : 오후 1:40:49
━━━━━━━━━━━━━━━━━━━━━━━━━━━━━━━━━━━━━━━━
        Procedure : frmTestEqp - Private Sub cmdSave()

     Error Source : Microsoft JET Database Engine

     Error Number : -2147467259

Error Description : 인덱스, 기본 키 또는 관계에서 중복된 값을 만들었기 때문에 테이블에 요청된 변경 사항이 적용되지 않았습니다. 필드의 데이터 또는 중복 데이터가 있는 필드를 변경하거나 인덱스를 제거하거나 중복이 가능한 인덱스로 다시 정의하여 다시 시도하십시오.

             Date : 2014년 1월 23일 월요일

             Time : 오후 3:47:53
━━━━━━━━━━━━━━━━━━━━━━━━━━━━━━━━━━━━━━━━
        Procedure : frmTestEqp - Private Sub cmdSave()

     Error Source : Microsoft JET Database Engine

     Error Number : -2147467259

Error Description : 인덱스, 기본 키 또는 관계에서 중복된 값을 만들었기 때문에 테이블에 요청된 변경 사항이 적용되지 않았습니다. 필드의 데이터 또는 중복 데이터가 있는 필드를 변경하거나 인덱스를 제거하거나 중복이 가능한 인덱스로 다시 정의하여 다시 시도하십시오.

             Date : 2014년 1월 23일 월요일

             Time : 오후 3:54:40
━━━━━━━━━━━━━━━━━━━━━━━━━━━━━━━━━━━━━━━━
        Procedure : frmTestEqp - Private Sub cmdSave()

     Error Source : Microsoft JET Database Engine

     Error Number : -2147467259

Error Description : 인덱스, 기본 키 또는 관계에서 중복된 값을 만들었기 때문에 테이블에 요청된 변경 사항이 적용되지 않았습니다. 필드의 데이터 또는 중복 데이터가 있는 필드를 변경하거나 인덱스를 제거하거나 중복이 가능한 인덱스로 다시 정의하여 다시 시도하십시오.

             Date : 2014년 1월 23일 월요일

             Time : 오후 3:55:02
━━━━━━━━━━━━━━━━━━━━━━━━━━━━━━━━━━━━━━━━
        Procedure : clsCommon - Public Function f_subSet_WorkList_Barcode() As ADODB.Recordset

     Error Source : ADODB.Recordset

     Error Number : 3709

Error Description : 이 작업을 수행하는 데 연결을 사용할 수 없습니다. 이 컨텍스트에서 연결이 닫혀 있거나 잘못되었습니다.

             Date : 2014년 1월 23일 월요일

             Time : 오후 5:11:39
━━━━━━━━━━━━━━━━━━━━━━━━━━━━━━━━━━━━━━━━
