        Procedure : frmInterface - Private Sub cmdRun()

     Error Source : MSComm

     Error Number : 8002

Error Description : 포트 번호가 잘못되었습니다.

             Date : 2014년 6월 11일 월요일

             Time : 오전 12:15:45
━━━━━━━━━━━━━━━━━━━━━━━━━━━━━━━━━━━━━━━━
        Procedure : clsCommon - Public Function Get_UserInfo(ByVal USERID As String) As ADODB.Recordset

     Error Source : Urisys2400

     Error Number : 400

Error Description : 폼이 이미 나타나 있으므로 모달로 표시할 수 없습니다.  

             Date : 2014년 6월 11일 월요일

             Time : 오전 7:53:10
━━━━━━━━━━━━━━━━━━━━━━━━━━━━━━━━━━━━━━━━
    Procedure : clsCommon - Public Function Get_UserInfo(ByVal USERID As String) As ADODB.Recordset

 Error Number : -2147467259

  Description : 지정되지 않은 오류입니다.

       Source : Microsoft OLE DB Provider for Oracle

    SQL State : 

 Native Error : 0

   SQL String : SELECT EMPNO,EMPNM,PASSWD FROM EMPMST WHERE EMPNO = '200011'

         Date : 2014년 6월 11일 월요일

         Time : 오전 7:53:10
━━━━━━━━━━━━━━━━━━━━━━━━━━━━━━━━━━━━━━━━
    Procedure : clsCommon - Public Function Get_UserInfo(ByVal USERID As String) As ADODB.Recordset

 Error Number : -2147467259

  Description : 지정되지 않은 오류입니다.

       Source : Microsoft OLE DB Provider for Oracle

    SQL State : 

 Native Error : 0

   SQL String : SELECT EMPNO,EMPNM,PASSWD FROM EMPMST WHERE EMPNO = '200011'

         Date : 2014년 6월 11일 월요일

         Time : 오전 7:53:18
━━━━━━━━━━━━━━━━━━━━━━━━━━━━━━━━━━━━━━━━
    Procedure : clsCommon - Public Function Get_UserInfo(ByVal USERID As String) As ADODB.Recordset

 Error Number : -2147467259

  Description : 지정되지 않은 오류입니다.

       Source : Microsoft OLE DB Provider for Oracle

    SQL State : 

 Native Error : 0

   SQL String : SELECT EMPNO,EMPNM,PASSWD FROM EMPMST WHERE EMPNO = '200011'

         Date : 2014년 6월 11일 월요일

         Time : 오전 7:53:24
━━━━━━━━━━━━━━━━━━━━━━━━━━━━━━━━━━━━━━━━
        Procedure : clsCommon - Public Function Get_UserInfo(ByVal USERID As String) As ADODB.Recordset

     Error Source : Urisys2400

     Error Number : 400

Error Description : 폼이 이미 나타나 있으므로 모달로 표시할 수 없습니다.  

             Date : 2014년 6월 11일 월요일

             Time : 오전 7:53:35
━━━━━━━━━━━━━━━━━━━━━━━━━━━━━━━━━━━━━━━━
    Procedure : clsCommon - Public Function Get_UserInfo(ByVal USERID As String) As ADODB.Recordset

 Error Number : -2147467259

  Description : 지정되지 않은 오류입니다.

       Source : Microsoft OLE DB Provider for Oracle

    SQL State : 

 Native Error : 0

   SQL String : SELECT EMPNO,EMPNM,PASSWD FROM EMPMST WHERE EMPNO = '200011'

         Date : 2014년 6월 11일 월요일

         Time : 오전 7:53:35
━━━━━━━━━━━━━━━━━━━━━━━━━━━━━━━━━━━━━━━━
        Procedure : clsCommon - Public Function Get_UserInfo(ByVal USERID As String) As ADODB.Recordset

     Error Source : Urisys2400

     Error Number : 400

Error Description : 폼이 이미 나타나 있으므로 모달로 표시할 수 없습니다.  

             Date : 2014년 6월 11일 월요일

             Time : 오전 8:05:52
━━━━━━━━━━━━━━━━━━━━━━━━━━━━━━━━━━━━━━━━
    Procedure : clsCommon - Public Function Get_UserInfo(ByVal USERID As String) As ADODB.Recordset

 Error Number : -2147467259

  Description : 지정되지 않은 오류입니다.

       Source : Microsoft OLE DB Provider for Oracle

    SQL State : 

 Native Error : 0

   SQL String : SELECT EMPNO,EMPNM,PASSWD FROM EMPMST WHERE EMPNO = '200011'

         Date : 2014년 6월 11일 월요일

         Time : 오전 8:05:52
━━━━━━━━━━━━━━━━━━━━━━━━━━━━━━━━━━━━━━━━
    Procedure : clsCommon - Public Function Get_UserInfo(ByVal USERID As String) As ADODB.Recordset

 Error Number : -2147467259

  Description : 지정되지 않은 오류입니다.

       Source : Microsoft OLE DB Provider for Oracle

    SQL State : 

 Native Error : 0

   SQL String : SELECT EMPNO,EMPNM,PASSWD FROM EMPMST WHERE EMPNO = '200011'

         Date : 2014년 6월 11일 월요일

         Time : 오전 8:06:11
━━━━━━━━━━━━━━━━━━━━━━━━━━━━━━━━━━━━━━━━
        Procedure : frmInterface - Private Sub cmdRun()

     Error Source : MSComm

     Error Number : 8002

Error Description : 포트 번호가 잘못되었습니다.

             Date : 2014년 6월 11일 월요일

             Time : 오후 2:13:21
━━━━━━━━━━━━━━━━━━━━━━━━━━━━━━━━━━━━━━━━
        Procedure : frmInterface - Private Sub cmdRun()

     Error Source : MSComm

     Error Number : 8002

Error Description : 포트 번호가 잘못되었습니다.

             Date : 2014년 6월 11일 월요일

             Time : 오후 10:33:01
━━━━━━━━━━━━━━━━━━━━━━━━━━━━━━━━━━━━━━━━
