        Procedure : clsCommon - Public Function f_subSet_WorkList_Barcode() As ADODB.Recordset

     Error Source : ADODB.Recordset

     Error Number : 3709

Error Description : 檜 濛機擊 熱чж朝 等 翱唸擊 餌辨й 熱 橈蝗棲棻. 檜 鐘臢蝶お縑憮 翱唸檜 殘⑵ 氈剪釭 澀跤腎歷蝗棲棻.

             Date : 2014喇 5錯 28橾 錯蹂橾

             Time : 螃 4:07:39
收收收收收收收收收收收收收收收收收收收收收收收收收收收收收收收收收收收收收收收收
        Procedure : clsCommon - Public Function f_subSet_WorkList_Barcode() As ADODB.Recordset

     Error Source : ADODB.Recordset

     Error Number : 3709

Error Description : 檜 濛機擊 熱чж朝 等 翱唸擊 餌辨й 熱 橈蝗棲棻. 檜 鐘臢蝶お縑憮 翱唸檜 殘⑵ 氈剪釭 澀跤腎歷蝗棲棻.

             Date : 2014喇 5錯 28橾 錯蹂橾

             Time : 螃 4:07:39
收收收收收收收收收收收收收收收收收收收收收收收收收收收收收收收收收收收收收收收收
        Procedure : clsCommon - Public Function f_subSet_WorkList_Barcode() As ADODB.Recordset

     Error Source : ADODB.Recordset

     Error Number : 3709

Error Description : 檜 濛機擊 熱чж朝 等 翱唸擊 餌辨й 熱 橈蝗棲棻. 檜 鐘臢蝶お縑憮 翱唸檜 殘⑵ 氈剪釭 澀跤腎歷蝗棲棻.

             Date : 2014喇 5錯 28橾 錯蹂橾

             Time : 螃 4:08:41
收收收收收收收收收收收收收收收收收收收收收收收收收收收收收收收收收收收收收收收收
        Procedure : clsCommon - Public Function f_subSet_WorkList_Barcode() As ADODB.Recordset

     Error Source : ADODB.Recordset

     Error Number : 3709

Error Description : 檜 濛機擊 熱чж朝 等 翱唸擊 餌辨й 熱 橈蝗棲棻. 檜 鐘臢蝶お縑憮 翱唸檜 殘⑵ 氈剪釭 澀跤腎歷蝗棲棻.

             Date : 2014喇 5錯 28橾 錯蹂橾

             Time : 螃 4:08:41
收收收收收收收收收收收收收收收收收收收收收收收收收收收收收收收收收收收收收收收收
        Procedure : clsCommon - Public Function f_subSet_WorkList_Barcode() As ADODB.Recordset

     Error Source : ADODB.Recordset

     Error Number : 3709

Error Description : 檜 濛機擊 熱чж朝 等 翱唸擊 餌辨й 熱 橈蝗棲棻. 檜 鐘臢蝶お縑憮 翱唸檜 殘⑵ 氈剪釭 澀跤腎歷蝗棲棻.

             Date : 2014喇 5錯 28橾 錯蹂橾

             Time : 螃 4:09:04
收收收收收收收收收收收收收收收收收收收收收收收收收收收收收收收收收收收收收收收收
        Procedure : clsCommon - Public Function f_subSet_WorkList_Barcode() As ADODB.Recordset

     Error Source : ADODB.Recordset

     Error Number : 3709

Error Description : 檜 濛機擊 熱чж朝 等 翱唸擊 餌辨й 熱 橈蝗棲棻. 檜 鐘臢蝶お縑憮 翱唸檜 殘⑵ 氈剪釭 澀跤腎歷蝗棲棻.

             Date : 2014喇 5錯 28橾 錯蹂橾

             Time : 螃 4:09:04
收收收收收收收收收收收收收收收收收收收收收收收收收收收收收收收收收收收收收收收收
        Procedure : clsCommon - Public Function f_subSet_WorkList_Barcode() As ADODB.Recordset

     Error Source : ADODB.Recordset

     Error Number : 3709

Error Description : 檜 濛機擊 熱чж朝 等 翱唸擊 餌辨й 熱 橈蝗棲棻. 檜 鐘臢蝶お縑憮 翱唸檜 殘⑵ 氈剪釭 澀跤腎歷蝗棲棻.

             Date : 2014喇 5錯 28橾 錯蹂橾

             Time : 螃 4:13:18
收收收收收收收收收收收收收收收收收收收收收收收收收收收收收收收收收收收收收收收收
        Procedure : clsCommon - Public Function f_subSet_WorkList_Barcode() As ADODB.Recordset

     Error Source : ADODB.Recordset

     Error Number : 3709

Error Description : 檜 濛機擊 熱чж朝 等 翱唸擊 餌辨й 熱 橈蝗棲棻. 檜 鐘臢蝶お縑憮 翱唸檜 殘⑵ 氈剪釭 澀跤腎歷蝗棲棻.

             Date : 2014喇 5錯 28橾 錯蹂橾

             Time : 螃 4:13:18
收收收收收收收收收收收收收收收收收收收收收收收收收收收收收收收收收收收收收收收收
        Procedure : clsCommon - Public Function f_subSet_WorkList_Barcode() As ADODB.Recordset

     Error Source : ADODB.Recordset

     Error Number : 3709

Error Description : 檜 濛機擊 熱чж朝 等 翱唸擊 餌辨й 熱 橈蝗棲棻. 檜 鐘臢蝶お縑憮 翱唸檜 殘⑵ 氈剪釭 澀跤腎歷蝗棲棻.

             Date : 2014喇 5錯 28橾 錯蹂橾

             Time : 螃 4:13:18
收收收收收收收收收收收收收收收收收收收收收收收收收收收收收收收收收收收收收收收收
        Procedure : clsCommon - Public Function f_subSet_WorkList_Barcode() As ADODB.Recordset

     Error Source : ADODB.Recordset

     Error Number : 3709

Error Description : 檜 濛機擊 熱чж朝 等 翱唸擊 餌辨й 熱 橈蝗棲棻. 檜 鐘臢蝶お縑憮 翱唸檜 殘⑵ 氈剪釭 澀跤腎歷蝗棲棻.

             Date : 2014喇 5錯 28橾 錯蹂橾

             Time : 螃 4:13:18
收收收收收收收收收收收收收收收收收收收收收收收收收收收收收收收收收收收收收收收收
        Procedure : clsCommon - Public Function f_subSet_WorkList_Barcode() As ADODB.Recordset

     Error Source : ADODB.Recordset

     Error Number : 3709

Error Description : 檜 濛機擊 熱чж朝 等 翱唸擊 餌辨й 熱 橈蝗棲棻. 檜 鐘臢蝶お縑憮 翱唸檜 殘⑵ 氈剪釭 澀跤腎歷蝗棲棻.

             Date : 2014喇 5錯 28橾 錯蹂橾

             Time : 螃 4:13:18
收收收收收收收收收收收收收收收收收收收收收收收收收收收收收收收收收收收收收收收收
        Procedure : clsCommon - Public Function f_subSet_WorkList_Barcode() As ADODB.Recordset

     Error Source : ADODB.Recordset

     Error Number : 3709

Error Description : 檜 濛機擊 熱чж朝 等 翱唸擊 餌辨й 熱 橈蝗棲棻. 檜 鐘臢蝶お縑憮 翱唸檜 殘⑵ 氈剪釭 澀跤腎歷蝗棲棻.

             Date : 2014喇 5錯 28橾 錯蹂橾

             Time : 螃 4:17:23
收收收收收收收收收收收收收收收收收收收收收收收收收收收收收收收收收收收收收收收收
        Procedure : clsCommon - Public Function f_subSet_WorkList_Barcode() As ADODB.Recordset

     Error Source : ADODB.Recordset

     Error Number : 3709

Error Description : 檜 濛機擊 熱чж朝 等 翱唸擊 餌辨й 熱 橈蝗棲棻. 檜 鐘臢蝶お縑憮 翱唸檜 殘⑵ 氈剪釭 澀跤腎歷蝗棲棻.

             Date : 2014喇 5錯 28橾 錯蹂橾

             Time : 螃 4:17:23
收收收收收收收收收收收收收收收收收收收收收收收收收收收收收收收收收收收收收收收收
        Procedure : clsCommon - Public Function f_subSet_WorkList_Barcode() As ADODB.Recordset

     Error Source : ADODB.Recordset

     Error Number : 3709

Error Description : 檜 濛機擊 熱чж朝 等 翱唸擊 餌辨й 熱 橈蝗棲棻. 檜 鐘臢蝶お縑憮 翱唸檜 殘⑵ 氈剪釭 澀跤腎歷蝗棲棻.

             Date : 2014喇 5錯 28橾 錯蹂橾

             Time : 螃 4:17:23
收收收收收收收收收收收收收收收收收收收收收收收收收收收收收收收收收收收收收收收收
        Procedure : clsCommon - Public Function f_subSet_WorkList_Barcode() As ADODB.Recordset

     Error Source : ADODB.Recordset

     Error Number : 3709

Error Description : 檜 濛機擊 熱чж朝 等 翱唸擊 餌辨й 熱 橈蝗棲棻. 檜 鐘臢蝶お縑憮 翱唸檜 殘⑵ 氈剪釭 澀跤腎歷蝗棲棻.

             Date : 2014喇 5錯 28橾 錯蹂橾

             Time : 螃 4:17:23
收收收收收收收收收收收收收收收收收收收收收收收收收收收收收收收收收收收收收收收收
        Procedure : clsCommon - Public Function f_subSet_WorkList_Barcode() As ADODB.Recordset

     Error Source : ADODB.Recordset

     Error Number : 3709

Error Description : 檜 濛機擊 熱чж朝 等 翱唸擊 餌辨й 熱 橈蝗棲棻. 檜 鐘臢蝶お縑憮 翱唸檜 殘⑵ 氈剪釭 澀跤腎歷蝗棲棻.

             Date : 2014喇 5錯 28橾 錯蹂橾

             Time : 螃 4:17:23
收收收收收收收收收收收收收收收收收收收收收收收收收收收收收收收收收收收收收收收收
        Procedure : clsCommon - Public Function f_subSet_WorkList_Barcode() As ADODB.Recordset

     Error Source : ADODB.Recordset

     Error Number : 3704

Error Description : 偃羹陛 殘⑵ 氈戲賊 濛機檜 ъ辨腎雖 彊蝗棲棻.

             Date : 2014喇 5錯 28橾 錯蹂橾

             Time : 螃 4:21:29
收收收收收收收收收收收收收收收收收收收收收收收收收收收收收收收收收收收收收收收收
