        Procedure : frmInterface - Private Sub cmdRun()

     Error Source : MSComm

     Error Number : 8002

Error Description : 포트 번호가 잘못되었습니다.

             Date : 2007년 3월 22일 월요일

             Time : 오후 4:42:29
━━━━━━━━━━━━━━━━━━━━━━━━━━━━━━━━━━━━━━━━
        Procedure : frmInterface - Private Sub cmdRun()

     Error Source : MSComm

     Error Number : 8002

Error Description : 포트 번호가 잘못되었습니다.

             Date : 2007년 3월 22일 월요일

             Time : 오후 4:42:35
━━━━━━━━━━━━━━━━━━━━━━━━━━━━━━━━━━━━━━━━
        Procedure : Private Sub MDIForm_Tool()

     Error Source : Sysmex_KX21

     Error Number : 53

Error Description : 파일을 찾을 수 없습니다.

             Date : 2007년 3월 22일 월요일

             Time : 오후 4:44:48
━━━━━━━━━━━━━━━━━━━━━━━━━━━━━━━━━━━━━━━━
        Procedure : frmInterface - Private Sub cmdRun()

     Error Source : MSComm

     Error Number : 8002

Error Description : 포트 번호가 잘못되었습니다.

             Date : 2007년 3월 22일 월요일

             Time : 오후 4:44:50
━━━━━━━━━━━━━━━━━━━━━━━━━━━━━━━━━━━━━━━━
        Procedure : frmInterface - Private Sub cmdRun()

     Error Source : MSComm

     Error Number : 8002

Error Description : 포트 번호가 잘못되었습니다.

             Date : 2007년 3월 22일 월요일

             Time : 오후 4:47:07
━━━━━━━━━━━━━━━━━━━━━━━━━━━━━━━━━━━━━━━━
        Procedure : frmInterface - Private Sub cmdRun()

     Error Source : MSComm

     Error Number : 8005

Error Description : 포트가 이미 열려 있습니다.

             Date : 2007년 3월 22일 월요일

             Time : 오후 5:24:29
━━━━━━━━━━━━━━━━━━━━━━━━━━━━━━━━━━━━━━━━
        Procedure : frmInterface - Private Sub cmdRun()

     Error Source : MSComm

     Error Number : 8002

Error Description : 포트 번호가 잘못되었습니다.

             Date : 2007년 3월 22일 월요일

             Time : 오후 5:28:30
━━━━━━━━━━━━━━━━━━━━━━━━━━━━━━━━━━━━━━━━
        Procedure : frmTestEqp - Private Sub cmdSave()

     Error Source : Sysmex_KX21

     Error Number : 9

Error Description : 첨자 사용이 잘못되었습니다.

             Date : 2007년 3월 22일 월요일

             Time : 오후 5:39:12
━━━━━━━━━━━━━━━━━━━━━━━━━━━━━━━━━━━━━━━━
        Procedure : frmTestEqp - Private Sub cmdSave()

     Error Source : Sysmex_KX21

     Error Number : 9

Error Description : 첨자 사용이 잘못되었습니다.

             Date : 2007년 3월 22일 월요일

             Time : 오후 5:40:55
━━━━━━━━━━━━━━━━━━━━━━━━━━━━━━━━━━━━━━━━
