[2020-11-09 오후 9:12:16]
Project Name   : IISLibrary
Class Name     : clsIISAccInfo
Procedure Name : IISSaveServerNoVfy
Description    : ORA-01401: 열에 입력한 값이 너무 큽니다


[2020-11-09 오후 9:12:16]
Project Name   : IISLibrary
Class Name     : clsIISAccInfo
Procedure Name : IISSaveServerNoVfy
Description    : SQL:  INSERT INTO s2lab306 (eqpcd, transdt, transtm, spcyy, spcno, transno) VALUES ('E081', '20201109', '211047',     '10', 2225691, '[Flag]: 48, Below normal(expected)range')

[2020-11-09 오후 9:12:16]
Project Name   : IISLibrary
Class Name     : clsIISInterface
Procedure Name : SaveResult
Description    : 바코드번호: 10002225691의 서버 결과저장에 실패했습니다.

[2020-11-09 오후 9:15:09]
Project Name   : IISLibrary
Class Name     : clsIISAccInfo
Procedure Name : IISSaveServerNoVfy
Description    : ORA-01401: 열에 입력한 값이 너무 큽니다


[2020-11-09 오후 9:15:09]
Project Name   : IISLibrary
Class Name     : clsIISAccInfo
Procedure Name : IISSaveServerNoVfy
Description    : SQL:  INSERT INTO s2lab306 (eqpcd, transdt, transtm, spcyy, spcno, transno) VALUES ('E081', '20201109', '211413',     '10', 2225691, '[Flag]: 211, ')

[2020-11-09 오후 9:15:09]
Project Name   : IISLibrary
Class Name     : clsIISInterface
Procedure Name : SaveResult
Description    : 바코드번호: 10002225691의 서버 결과저장에 실패했습니다.

