[2020-11-10 오전 10:42:07]
Project Name   : IISLibrary
Class Name     : clsIISInterface
Procedure Name : GetAccInfo
Description    : 바코드번호:17000388094는 접수상태가 아닙니다.

[2020-11-10 오전 11:21:00]
Project Name   : IISLibrary
Class Name     : clsIISInterface
Procedure Name : GetAccInfo
Description    : 바코드번호:10000223007에 대한 결과내역이 없습니다.

[2020-11-10 오전 11:23:00]
Project Name   : IISLibrary
Class Name     : clsIISInterface
Procedure Name : GetAccInfo
Description    : 바코드번호:10002230078에 대한 결과내역이 없습니다.

[2020-11-10 오전 11:24:54]
Project Name   : IISLibrary
Class Name     : clsIISInterface
Procedure Name : GetAccInfo
Description    : 바코드번호:10002230078에 대한 결과내역이 없습니다.

[2020-11-10 오후 12:19:19]
Project Name   : IISLibrary
Class Name     : clsIISInterface
Procedure Name : GetAccInfo
Description    : 바코드번호:10002230078에 대한 결과내역이 없습니다.

[2020-11-10 오후 1:04:35]
Project Name   : IISLibrary
Class Name     : clsIISInterface
Procedure Name : GetAccInfo
Description    : 바코드번호:10002230078에 대한 결과내역이 없습니다.

[2020-11-10 오후 1:14:55]
Project Name   : IISLibrary
Class Name     : clsIISInterface
Procedure Name : GetAccInfo
Description    : 바코드번호:10002230542에 대한 결과내역이 없습니다.

