69 행: LisLabel1 컨트롤의 MedControls1.LisLabel 클래스는 로드한 컨트롤 클래스가 아닙니다.
128 행: lblPtId 컨트롤의 MedControls1.LisLabel 클래스는 로드한 컨트롤 클래스가 아닙니다.
151 행: lblDoctNm 컨트롤의 MedControls1.LisLabel 클래스는 로드한 컨트롤 클래스가 아닙니다.
174 행: lblStatFg 컨트롤의 MedControls1.LisLabel 클래스는 로드한 컨트롤 클래스가 아닙니다.
197 행: lblName 컨트롤의 MedControls1.LisLabel 클래스는 로드한 컨트롤 클래스가 아닙니다.
220 행: lblDeptNm 컨트롤의 MedControls1.LisLabel 클래스는 로드한 컨트롤 클래스가 아닙니다.
243 행: lblSpcNm 컨트롤의 MedControls1.LisLabel 클래스는 로드한 컨트롤 클래스가 아닙니다.
266 행: lblSexAge 컨트롤의 MedControls1.LisLabel 클래스는 로드한 컨트롤 클래스가 아닙니다.
289 행: lblWardNm 컨트롤의 MedControls1.LisLabel 클래스는 로드한 컨트롤 클래스가 아닙니다.
470 행: MDIActiveX 컨트롤의 MDIControls.MDIActiveX 클래스는 로드한 컨트롤 클래스가 아닙니다.
476 행: LisLabel2 컨트롤의 MedControls1.LisLabel 클래스는 로드한 컨트롤 클래스가 아닙니다.
588 행: LisLabel3 컨트롤의 MedControls1.LisLabel 클래스는 로드한 컨트롤 클래스가 아닙니다.
76 행: LisLabel1의 _ExtentX 속성 이름이 잘못되었습니다. 
77 행: LisLabel1의 _ExtentY 속성 이름이 잘못되었습니다. 
88 행: LisLabel1의 Caption 속성 이름이 잘못되었습니다. 
134 행: lblPtId의 _ExtentX 속성 이름이 잘못되었습니다. 
135 행: lblPtId의 _ExtentY 속성 이름이 잘못되었습니다. 
147 행: lblPtId의 Alignment 속성 이름이 잘못되었습니다. 
148 행: lblPtId의 Caption 속성 이름이 잘못되었습니다. 
157 행: lblDoctNm의 _ExtentX 속성 이름이 잘못되었습니다. 
158 행: lblDoctNm의 _ExtentY 속성 이름이 잘못되었습니다. 
170 행: lblDoctNm의 Alignment 속성 이름이 잘못되었습니다. 
171 행: lblDoctNm의 Caption 속성 이름이 잘못되었습니다. 
180 행: lblStatFg의 _ExtentX 속성 이름이 잘못되었습니다. 
181 행: lblStatFg의 _ExtentY 속성 이름이 잘못되었습니다. 
193 행: lblStatFg의 Alignment 속성 이름이 잘못되었습니다. 
194 행: lblStatFg의 Caption 속성 이름이 잘못되었습니다. 
203 행: lblName의 _ExtentX 속성 이름이 잘못되었습니다. 
204 행: lblName의 _ExtentY 속성 이름이 잘못되었습니다. 
216 행: lblName의 Alignment 속성 이름이 잘못되었습니다. 
217 행: lblName의 Caption 속성 이름이 잘못되었습니다. 
226 행: lblDeptNm의 _ExtentX 속성 이름이 잘못되었습니다. 
227 행: lblDeptNm의 _ExtentY 속성 이름이 잘못되었습니다. 
239 행: lblDeptNm의 Alignment 속성 이름이 잘못되었습니다. 
240 행: lblDeptNm의 Caption 속성 이름이 잘못되었습니다. 
249 행: lblSpcNm의 _ExtentX 속성 이름이 잘못되었습니다. 
250 행: lblSpcNm의 _ExtentY 속성 이름이 잘못되었습니다. 
262 행: lblSpcNm의 Alignment 속성 이름이 잘못되었습니다. 
263 행: lblSpcNm의 Caption 속성 이름이 잘못되었습니다. 
272 행: lblSexAge의 _ExtentX 속성 이름이 잘못되었습니다. 
273 행: lblSexAge의 _ExtentY 속성 이름이 잘못되었습니다. 
285 행: lblSexAge의 Alignment 속성 이름이 잘못되었습니다. 
286 행: lblSexAge의 Caption 속성 이름이 잘못되었습니다. 
295 행: lblWardNm의 _ExtentX 속성 이름이 잘못되었습니다. 
296 행: lblWardNm의 _ExtentY 속성 이름이 잘못되었습니다. 
308 행: lblWardNm의 Alignment 속성 이름이 잘못되었습니다. 
309 행: lblWardNm의 Caption 속성 이름이 잘못되었습니다. 
473 행: MDIActiveX의 _ExtentX 속성 이름이 잘못되었습니다. 
474 행: MDIActiveX의 _ExtentY 속성 이름이 잘못되었습니다. 
483 행: LisLabel2의 _ExtentX 속성 이름이 잘못되었습니다. 
484 행: LisLabel2의 _ExtentY 속성 이름이 잘못되었습니다. 
495 행: LisLabel2의 Caption 속성 이름이 잘못되었습니다. 
595 행: LisLabel3의 _ExtentX 속성 이름이 잘못되었습니다. 
596 행: LisLabel3의 _ExtentY 속성 이름이 잘못되었습니다. 
607 행: LisLabel3의 Caption 속성 이름이 잘못되었습니다. 
