        Procedure : frmInterface - Privete sub f_subSet_Result()

     Error Source : K4500

     Error Number : 450

Error Description : 인수의 개수나 속성 지정이 잘못되었습니다.

             Date : 2003년 9월 4일 월요일

             Time : 오전 10:52:13
━━━━━━━━━━━━━━━━━━━━━━━━━━━━━━━━━━━━━━━━
        Procedure : frmInterface - Privete sub f_subSet_Result()

     Error Source : K4500

     Error Number : 450

Error Description : 인수의 개수나 속성 지정이 잘못되었습니다.

             Date : 2003년 9월 4일 월요일

             Time : 오전 10:52:17
━━━━━━━━━━━━━━━━━━━━━━━━━━━━━━━━━━━━━━━━
        Procedure : frmInterface - Privete sub f_subSet_Result()

     Error Source : K4500

     Error Number : 450

Error Description : 인수의 개수나 속성 지정이 잘못되었습니다.

             Date : 2003년 9월 4일 월요일

             Time : 오전 10:52:21
━━━━━━━━━━━━━━━━━━━━━━━━━━━━━━━━━━━━━━━━
        Procedure : frmInterface - Privete sub f_subSet_Result()

     Error Source : K4500

     Error Number : 450

Error Description : 인수의 개수나 속성 지정이 잘못되었습니다.

             Date : 2003년 9월 4일 월요일

             Time : 오전 10:52:26
━━━━━━━━━━━━━━━━━━━━━━━━━━━━━━━━━━━━━━━━
        Procedure : frmInterface - Privete sub f_subSet_Result()

     Error Source : K4500

     Error Number : 450

Error Description : 인수의 개수나 속성 지정이 잘못되었습니다.

             Date : 2003년 9월 4일 월요일

             Time : 오전 10:52:44
━━━━━━━━━━━━━━━━━━━━━━━━━━━━━━━━━━━━━━━━
        Procedure : frmInterface - Privete sub f_subSet_Result()

     Error Source : K4500

     Error Number : 450

Error Description : 인수의 개수나 속성 지정이 잘못되었습니다.

             Date : 2003년 9월 4일 월요일

             Time : 오전 10:53:57
━━━━━━━━━━━━━━━━━━━━━━━━━━━━━━━━━━━━━━━━
        Procedure : frmInterface - Privete sub cmdWorkQuery_Click()

     Error Source : K4500

     Error Number : 9

Error Description : 첨자 사용이 잘못되었습니다.

             Date : 2003년 9월 4일 월요일

             Time : 오전 11:45:23
━━━━━━━━━━━━━━━━━━━━━━━━━━━━━━━━━━━━━━━━
        Procedure : frmInterface - Privete sub cmdWorkQuery_Click()

     Error Source : K4500

     Error Number : 9

Error Description : 첨자 사용이 잘못되었습니다.

             Date : 2003년 9월 4일 월요일

             Time : 오전 11:45:27
━━━━━━━━━━━━━━━━━━━━━━━━━━━━━━━━━━━━━━━━
        Procedure : frmInterface - Privete sub cmdWorkQuery_Click()

     Error Source : K4500

     Error Number : 9

Error Description : 첨자 사용이 잘못되었습니다.

             Date : 2003년 9월 4일 월요일

             Time : 오전 11:45:56
━━━━━━━━━━━━━━━━━━━━━━━━━━━━━━━━━━━━━━━━
