        Procedure : clsCommon - Public Function Get_InstrumentList() As ADODB.Recordset

     Error Source : K4500

     Error Number : 91

Error Description : 偃羹 滲熱 傳朝 With 僥曖 滲熱陛 撲薑腎橫 氈雖 彊蝗棲棻.

             Date : 2003喇 7錯 19橾 錯蹂橾

             Time : 螃 1:29:07
收收收收收收收收收收收收收收收收收收收收收收收收收收收收收收收收收收收收收收收收
        Procedure : clsCommon - Public Function Get_InstrumentList() As ADODB.Recordset

     Error Source : K4500

     Error Number : 91

Error Description : 偃羹 滲熱 傳朝 With 僥曖 滲熱陛 撲薑腎橫 氈雖 彊蝗棲棻.

             Date : 2003喇 7錯 19橾 錯蹂橾

             Time : 螃 1:30:50
收收收收收收收收收收收收收收收收收收收收收收收收收收收收收收收收收收收收收收收收
        Procedure : clsCommon - Public Function Get_TestItem() As ADODB.Recordset

     Error Source : K4500

     Error Number : 91

Error Description : 偃羹 滲熱 傳朝 With 僥曖 滲熱陛 撲薑腎橫 氈雖 彊蝗棲棻.

             Date : 2003喇 7錯 19橾 錯蹂橾

             Time : 螃 1:45:18
收收收收收收收收收收收收收收收收收收收收收收收收收收收收收收收收收收收收收收收收
        Procedure : clsCommon - Public Function Get_TestItem() As ADODB.Recordset

     Error Source : K4500

     Error Number : 91

Error Description : 偃羹 滲熱 傳朝 With 僥曖 滲熱陛 撲薑腎橫 氈雖 彊蝗棲棻.

             Date : 2003喇 7錯 19橾 錯蹂橾

             Time : 螃 1:50:02
收收收收收收收收收收收收收收收收收收收收收收收收收收收收收收收收收收收收收收收收
        Procedure : clsCommon - Public Function Get_TestItem() As ADODB.Recordset

     Error Source : K4500

     Error Number : 91

Error Description : 偃羹 滲熱 傳朝 With 僥曖 滲熱陛 撲薑腎橫 氈雖 彊蝗棲棻.

             Date : 2003喇 7錯 19橾 錯蹂橾

             Time : 螃 1:53:40
收收收收收收收收收收收收收收收收收收收收收收收收收收收收收收收收收收收收收收收收
        Procedure : frmInterface - Private Sub f_subSet_ItemList()

     Error Source : ADODB.Fields

     Error Number : 3265

Error Description : 蹂羶и 檜葷 傳朝 憮熱縑 п渡ж朝 鏽滓暮縑憮 о跡擊 瓊擊 熱 橈蝗棲棻.

             Date : 2003喇 7錯 19橾 錯蹂橾

             Time : 螃 1:56:53
收收收收收收收收收收收收收收收收收收收收收收收收收收收收收收收收收收收收收收收收
        Procedure : frmInterface - Private Sub f_subSet_ItemList()

     Error Source : ADODB.Fields

     Error Number : 3265

Error Description : 蹂羶и 檜葷 傳朝 憮熱縑 п渡ж朝 鏽滓暮縑憮 о跡擊 瓊擊 熱 橈蝗棲棻.

             Date : 2003喇 7錯 19橾 錯蹂橾

             Time : 螃 1:58:26
收收收收收收收收收收收收收收收收收收收收收收收收收收收收收收收收收收收收收收收收
        Procedure : Private Sub MDIForm_Tool()

     Error Source : Microsoft JET Database Engine

     Error Number : -2147467259

Error Description : 'BALBALI' 衛蝶蠱縑憮 'Admin' 餌辨濠陛 'INTERFACE003' 纔檜綰擊 欽絮 餌辨 賅萄煎 濡捻蝗棲棻.

             Date : 2003喇 7錯 19橾 錯蹂橾

             Time : 螃 4:15:11
收收收收收收收收收收收收收收收收收收收收收收收收收收收收收收收收收收收收收收收收
        Procedure : Private Sub MDIForm_Tool()

     Error Source : ADODB.Recordset

     Error Number : 3704

Error Description : 偃羹陛 殘⑵氈戲賊 濛機檜 ъ辨腎雖 彊蝗棲棻.

             Date : 2003喇 7錯 19橾 錯蹂橾

             Time : 螃 4:15:16
收收收收收收收收收收收收收收收收收收收收收收收收收收收收收收收收收收收收收收收收
        Procedure : Private Sub MDIForm_Tool()

     Error Source : ADODB.Recordset

     Error Number : 3704

Error Description : 偃羹陛 殘⑵氈戲賊 濛機檜 ъ辨腎雖 彊蝗棲棻.

             Date : 2003喇 7錯 19橾 錯蹂橾

             Time : 螃 4:15:18
收收收收收收收收收收收收收收收收收收收收收收收收收收收收收收收收收收收收收收收收
        Procedure : frmInterface - Privete sub f_subSet_Result()

     Error Source : Microsoft JET Database Engine

     Error Number : -2147217900

Error Description : '''            '20030719'' 蘭葬衝曖 翱骯濠陛 橈朝 掘僥 螃盟殮棲棻.

             Date : 2003喇 7錯 19橾 錯蹂橾

             Time : 螃 4:17:59
收收收收收收收收收收收收收收收收收收收收收收收收收收收收收收收收收收收收收收收收
        Procedure : frmInterface - Privete sub f_subSet_Result()

     Error Source : Microsoft JET Database Engine

     Error Number : -2147217900

Error Description : '''            '20030719'' 蘭葬衝曖 翱骯濠陛 橈朝 掘僥 螃盟殮棲棻.

             Date : 2003喇 7錯 19橾 錯蹂橾

             Time : 螃 4:18:07
收收收收收收收收收收收收收收收收收收收收收收收收收收收收收收收收收收收收收收收收
        Procedure : frmInterface - Privete sub f_subSet_Result()

     Error Source : Microsoft JET Database Engine

     Error Number : -2147217900

Error Description : '''            '20030719'' 蘭葬衝曖 翱骯濠陛 橈朝 掘僥 螃盟殮棲棻.

             Date : 2003喇 7錯 19橾 錯蹂橾

             Time : 螃 4:18:09
收收收收收收收收收收收收收收收收收收收收收收收收收收收收收收收收收收收收收收收收
        Procedure : frmInterface - Privete sub f_subSet_Result()

     Error Source : Microsoft JET Database Engine

     Error Number : -2147217900

Error Description : '''            '20030719'' 蘭葬衝曖 翱骯濠陛 橈朝 掘僥 螃盟殮棲棻.

             Date : 2003喇 7錯 19橾 錯蹂橾

             Time : 螃 4:18:11
收收收收收收收收收收收收收收收收收收收收收收收收收收收收收收收收收收收收收收收收
        Procedure : frmInterface - Privete sub f_subSet_Result()

     Error Source : Microsoft JET Database Engine

     Error Number : -2147217900

Error Description : '''            '20030719'' 蘭葬衝曖 翱骯濠陛 橈朝 掘僥 螃盟殮棲棻.

             Date : 2003喇 7錯 19橾 錯蹂橾

             Time : 螃 4:18:11
收收收收收收收收收收收收收收收收收收收收收收收收收收收收收收收收收收收收收收收收
        Procedure : frmInterface - Privete sub f_subSet_Result()

     Error Source : Microsoft JET Database Engine

     Error Number : -2147217833

Error Description : в萄陛 傘鼠 濛嬴憮 蹺陛ж溥朝 等檜攪 曄擊 嫡嬴 菟橾 熱 橈蝗棲棻. 鳶殮ж剪釭 稱罹 厥擊 等檜攪 曄擊 還檜褊衛螃.

             Date : 2003喇 7錯 19橾 錯蹂橾

             Time : 螃 4:18:34
收收收收收收收收收收收收收收收收收收收收收收收收收收收收收收收收收收收收收收收收
        Procedure : frmInterface - Privete sub f_subSet_Result()

     Error Source : Microsoft JET Database Engine

     Error Number : -2147217833

Error Description : в萄陛 傘鼠 濛嬴憮 蹺陛ж溥朝 等檜攪 曄擊 嫡嬴 菟橾 熱 橈蝗棲棻. 鳶殮ж剪釭 稱罹 厥擊 等檜攪 曄擊 還檜褊衛螃.

             Date : 2003喇 7錯 19橾 錯蹂橾

             Time : 螃 4:18:44
收收收收收收收收收收收收收收收收收收收收收收收收收收收收收收收收收收收收收收收收
        Procedure : frmInterface - Privete sub f_subSet_Result()

     Error Source : Microsoft JET Database Engine

     Error Number : -2147217833

Error Description : в萄陛 傘鼠 濛嬴憮 蹺陛ж溥朝 等檜攪 曄擊 嫡嬴 菟橾 熱 橈蝗棲棻. 鳶殮ж剪釭 稱罹 厥擊 等檜攪 曄擊 還檜褊衛螃.

             Date : 2003喇 7錯 19橾 錯蹂橾

             Time : 螃 4:18:45
收收收收收收收收收收收收收收收收收收收收收收收收收收收收收收收收收收收收收收收收
        Procedure : frmInterface - Privete sub f_subSet_Result()

     Error Source : Microsoft JET Database Engine

     Error Number : -2147217833

Error Description : в萄陛 傘鼠 濛嬴憮 蹺陛ж溥朝 等檜攪 曄擊 嫡嬴 菟橾 熱 橈蝗棲棻. 鳶殮ж剪釭 稱罹 厥擊 等檜攪 曄擊 還檜褊衛螃.

             Date : 2003喇 7錯 19橾 錯蹂橾

             Time : 螃 4:18:45
收收收收收收收收收收收收收收收收收收收收收收收收收收收收收收收收收收收收收收收收
        Procedure : frmInterface - Privete sub f_subSet_Result()

     Error Source : Microsoft JET Database Engine

     Error Number : -2147217833

Error Description : в萄陛 傘鼠 濛嬴憮 蹺陛ж溥朝 等檜攪 曄擊 嫡嬴 菟橾 熱 橈蝗棲棻. 鳶殮ж剪釭 稱罹 厥擊 等檜攪 曄擊 還檜褊衛螃.

             Date : 2003喇 7錯 19橾 錯蹂橾

             Time : 螃 4:18:46
收收收收收收收收收收收收收收收收收收收收收收收收收收收收收收收收收收收收收收收收
        Procedure : frmInterface - Privete sub f_subSet_Result()

     Error Source : Microsoft JET Database Engine

     Error Number : -2147217833

Error Description : в萄陛 傘鼠 濛嬴憮 蹺陛ж溥朝 等檜攪 曄擊 嫡嬴 菟橾 熱 橈蝗棲棻. 鳶殮ж剪釭 稱罹 厥擊 等檜攪 曄擊 還檜褊衛螃.

             Date : 2003喇 7錯 19橾 錯蹂橾

             Time : 螃 4:19:41
收收收收收收收收收收收收收收收收收收收收收收收收收收收收收收收收收收收收收收收收
        Procedure : frmInterface - Privete sub f_subSet_Result()

     Error Source : Microsoft JET Database Engine

     Error Number : -2147217833

Error Description : в萄陛 傘鼠 濛嬴憮 蹺陛ж溥朝 等檜攪 曄擊 嫡嬴 菟橾 熱 橈蝗棲棻. 鳶殮ж剪釭 稱罹 厥擊 等檜攪 曄擊 還檜褊衛螃.

             Date : 2003喇 7錯 19橾 錯蹂橾

             Time : 螃 4:19:48
收收收收收收收收收收收收收收收收收收收收收收收收收收收收收收收收收收收收收收收收
