        Procedure : frmInterface - Privete sub f_subSet_Result()

     Error Source : K4500

     Error Number : 9

Error Description : 繩濠 餌辨檜 澀跤腎歷蝗棲棻.

             Date : 2003喇 7錯 28橾 錯蹂橾

             Time : 螃 1:42:42
收收收收收收收收收收收收收收收收收收收收收收收收收收收收收收收收收收收收收收收收
        Procedure : frmInterface - Privete sub f_subSet_Result()

     Error Source : K4500

     Error Number : 9

Error Description : 繩濠 餌辨檜 澀跤腎歷蝗棲棻.

             Date : 2003喇 7錯 28橾 錯蹂橾

             Time : 螃 1:43:20
收收收收收收收收收收收收收收收收收收收收收收收收收收收收收收收收收收收收收收收收
        Procedure : frmInterface - Privete sub txtBarCode_LostFocus()

     Error Source : K4500

     Error Number : 9

Error Description : 繩濠 餌辨檜 澀跤腎歷蝗棲棻.

             Date : 2003喇 7錯 28橾 錯蹂橾

             Time : 螃 1:43:59
收收收收收收收收收收收收收收收收收收收收收收收收收收收收收收收收收收收收收收收收
        Procedure : frmInterface - Privete sub txtBarCode_LostFocus()

     Error Source : K4500

     Error Number : 9

Error Description : 繩濠 餌辨檜 澀跤腎歷蝗棲棻.

             Date : 2003喇 7錯 28橾 錯蹂橾

             Time : 螃 1:44:34
收收收收收收收收收收收收收收收收收收收收收收收收收收收收收收收收收收收收收收收收
        Procedure : frmInterface - Privete sub f_subSet_Result()

     Error Source : Microsoft JET Database Engine

     Error Number : -2147467259

Error Description : 檣策蝶, 晦獄 酈 傳朝 婦啗縑憮 醞犒脹 高擊 虜菟歷晦 陽僥縑 纔檜綰縑 蹂羶脹 滲唳 餌о檜 瞳辨腎雖 彊懊蝗棲棻. в萄曖 等檜攪 傳朝 醞犒 等檜攪陛 氈朝 в萄蒂 滲唳ж剪釭 檣策蝶蒂 薯剪ж剪釭 醞犒檜 陛棟и 檣策蝶煎 棻衛 薑曖ж罹 棻衛 衛紫ж褊衛螃.

             Date : 2003喇 7錯 28橾 錯蹂橾

             Time : 螃 1:45:06
收收收收收收收收收收收收收收收收收收收收收收收收收收收收收收收收收收收收收收收收
        Procedure : frmInterface - Privete sub f_subSet_Result()

     Error Source : Microsoft JET Database Engine

     Error Number : -2147467259

Error Description : 檣策蝶, 晦獄 酈 傳朝 婦啗縑憮 醞犒脹 高擊 虜菟歷晦 陽僥縑 纔檜綰縑 蹂羶脹 滲唳 餌о檜 瞳辨腎雖 彊懊蝗棲棻. в萄曖 等檜攪 傳朝 醞犒 等檜攪陛 氈朝 в萄蒂 滲唳ж剪釭 檣策蝶蒂 薯剪ж剪釭 醞犒檜 陛棟и 檣策蝶煎 棻衛 薑曖ж罹 棻衛 衛紫ж褊衛螃.

             Date : 2003喇 7錯 28橾 錯蹂橾

             Time : 螃 1:45:09
收收收收收收收收收收收收收收收收收收收收收收收收收收收收收收收收收收收收收收收收
        Procedure : frmInterface - Privete sub txtBarCode_LostFocus()

     Error Source : K4500

     Error Number : 9

Error Description : 繩濠 餌辨檜 澀跤腎歷蝗棲棻.

             Date : 2003喇 7錯 28橾 錯蹂橾

             Time : 螃 1:46:01
收收收收收收收收收收收收收收收收收收收收收收收收收收收收收收收收收收收收收收收收
        Procedure : frmComm - Private Sub cmdAppend_Click()

     Error Source : K4500

     Error Number : 9

Error Description : 繩濠 餌辨檜 澀跤腎歷蝗棲棻.

             Date : 2003喇 7錯 28橾 錯蹂橾

             Time : 螃 4:37:16
收收收收收收收收收收收收收收收收收收收收收收收收收收收收收收收收收收收收收收收收
        Procedure : frmComm - Private Sub cmdAppend_Click()

     Error Source : K4500

     Error Number : 9

Error Description : 繩濠 餌辨檜 澀跤腎歷蝗棲棻.

             Date : 2003喇 7錯 28橾 錯蹂橾

             Time : 螃 4:38:06
收收收收收收收收收收收收收收收收收收收收收收收收收收收收收收收收收收收收收收收收
        Procedure : frmComm - Private Sub cmdAppend_Click()

     Error Source : K4500

     Error Number : 9

Error Description : 繩濠 餌辨檜 澀跤腎歷蝗棲棻.

             Date : 2003喇 7錯 28橾 錯蹂橾

             Time : 螃 4:38:31
收收收收收收收收收收收收收收收收收收收收收收收收收收收收收收收收收收收收收收收收
        Procedure : frmInterface - Privete sub f_subSet_Result()

     Error Source : Microsoft JET Database Engine

     Error Number : -2147467259

Error Description : 檣策蝶, 晦獄 酈 傳朝 婦啗縑憮 醞犒脹 高擊 虜菟歷晦 陽僥縑 纔檜綰縑 蹂羶脹 滲唳 餌о檜 瞳辨腎雖 彊懊蝗棲棻. в萄曖 等檜攪 傳朝 醞犒 等檜攪陛 氈朝 в萄蒂 滲唳ж剪釭 檣策蝶蒂 薯剪ж剪釭 醞犒檜 陛棟и 檣策蝶煎 棻衛 薑曖ж罹 棻衛 衛紫ж褊衛螃.

             Date : 2003喇 7錯 28橾 錯蹂橾

             Time : 螃 7:09:12
收收收收收收收收收收收收收收收收收收收收收收收收收收收收收收收收收收收收收收收收
        Procedure : frmInterface - Privete sub txtBarCode_LostFocus()

     Error Source : K4500

     Error Number : 9

Error Description : 繩濠 餌辨檜 澀跤腎歷蝗棲棻.

             Date : 2003喇 7錯 28橾 錯蹂橾

             Time : 螃 7:10:46
收收收收收收收收收收收收收收收收收收收收收收收收收收收收收收收收收收收收收收收收
        Procedure : frmInterface - Privete sub txtBarCode_LostFocus()

     Error Source : K4500

     Error Number : 9

Error Description : 繩濠 餌辨檜 澀跤腎歷蝗棲棻.

             Date : 2003喇 7錯 28橾 錯蹂橾

             Time : 螃 10:28:30
收收收收收收收收收收收收收收收收收收收收收收收收收收收收收收收收收收收收收收收收
        Procedure : frmInterface - Privete sub txtBarCode_LostFocus()

     Error Source : K4500

     Error Number : 9

Error Description : 繩濠 餌辨檜 澀跤腎歷蝗棲棻.

             Date : 2003喇 7錯 28橾 錯蹂橾

             Time : 螃 10:28:57
收收收收收收收收收收收收收收收收收收收收收收收收收收收收收收收收收收收收收收收收
        Procedure : frmInterface - Privete sub txtBarCode_LostFocus()

     Error Source : K4500

     Error Number : 9

Error Description : 繩濠 餌辨檜 澀跤腎歷蝗棲棻.

             Date : 2003喇 7錯 28橾 錯蹂橾

             Time : 螃 10:30:04
收收收收收收收收收收收收收收收收收收收收收收收收收收收收收收收收收收收收收收收收
