CNT
Streifennummer:    2,           ,     1,     0
                                   ROHCOUNTS
                  Messkopf 1           I              Messkopf 2            
      gruen       orange        rot    I    gruen       orange         rot  
   Dunkel Hell Dunkel Hell Dunkel Hell I Dunkel Hell Dunkel Hell Dunkel Hell
   ------------------------------------I------------------------------------
 0:  927  3149   937  3126   931  3140 I  889  3077   887  3065   887  3075 
 1:  931  3264   943  3253   936  3174 I  889  3304   887  3125   886  3243 
 2:  929  3047   940  3171   932  3193 I  888  3037   887  3083   885  3105 
 3:  931  3295   943  3285   936  3281 I  889  3268   887  3215   886  3314 
 4:  933  3299   947  3292   938  3303 I  889  3295   887  3242   887  3330 
 5:  932  2934   944  2931   937  2953 I  888  2867   889  2818   887  2981 
 6:  931  3558   942  3617   934  3573 I  889  3527   887  3476   887  3572 
 7:  932  3293   946  3241   938  3317 I  888  3297   887  3179   887  3339 
 8:  931  3400   942  3482   935  3439 I  889  3395   888  3357   887  3444 
 9:  930  3307   942  3339   935  3294 I  888  3283   887  3192   887  3285 
10:  931  2359   942  2541   935  2872 I  889  2345   887  2367   887  2710 
11:  929  1254   939  1205   931  1405 I  887  1242   887  1162   886  1346 
12:  929  3197   941  3052   933  3138 I  888  3062   887  3026   886  3069 


REM
Streifennummer:    2,           ,     1,     0
                               Remissionswerte 
                  Messkopf 1           I              Messkopf 2            
      gruen       orange        rot    I    gruen       orange         rot  
   ------------------------------------I------------------------------------
 0:    63.90      63.00      62.80     I     63.90      63.00      62.80  
 1:    64.51      64.04      61.48     I     67.49      62.71      64.97  
 2:    58.99      61.48      61.86     I     59.48      60.72      61.62  
 3:    65.23      64.20      63.68     I     65.85      64.23      66.67  
 4:    65.06      64.67      64.50     I     66.90      65.36      67.37  
 5:    55.40      55.09      54.99     I     54.88      53.78      57.59  
 6:    72.51      74.03      71.57     I     72.94      71.58      74.14  
 7:    66.03      63.60      65.03     I     66.64      63.53      68.12  
 8:    68.56      69.78      68.39     I     69.21      68.38      70.61  
 9:    66.93      66.40      64.94     I     66.54      64.01      67.03  
10:    39.49      44.24      52.63     I     40.64      40.95      50.12  
11:     8.99       7.37      12.90     I      9.88       7.59      12.74  
12:    64.75      65.80      61.76     I     67.83      63.10      66.20  
