Dong-Ku PHCC                    
19-JUL-2001  18:37

Sample  Number : 012         
Sample Type    : Normal    READY      
GLU            : 123.8   mg/dl                    N     
T-Cholesterol  : 160     mg/dl                          
Triglyceride   : 146     mg/dl                          
________________________________________________________________________________
Dong-Ku PHCC                    
19-JUL-2001  18:37

Sample  Number : 011         
Sample Type    : Normal    IN PROCESS 1
GLU            : REJECTED          #                   
T-Cholesterol  : *INFO*  mg/dl      #                   
Triglyceride   : *INFO*  mg/dl      #                   
________________________________________________________________________________
Dong-Ku PHCC                    
19-JUL-2001  18:37

Sample  Number : 013         
Sample Type    : Normal    READY      
GLU            : 122.3   mg/dl                    N     
T-Cholesterol  : 158     mg/dl                          
Triglyceride   : 145     mg/dl                          
________________________________________________________________________________
Dong-Ku PHCC                    
19-JUL-2001  18:41

Sample  Number : 011         
Sample Type    : Normal    IN PROCESS 1
GLU            : REJECTED          #                   
T-Cholesterol  : *INFO*  mg/dl      #                   
Triglyceride   : *INFO*  mg/dl      #                   
________________________________________________________________________________
4.1?7.8924.1?7.8921?7.89