138 행: cmdAction 컨트롤의 HSCotrol.CButton 클래스는 로드한 컨트롤 클래스가 아닙니다.
161 행: cmdAction 컨트롤의 HSCotrol.CButton 클래스는 로드한 컨트롤 클래스가 아닙니다.
184 행: cmdAction 컨트롤의 HSCotrol.CButton 클래스는 로드한 컨트롤 클래스가 아닙니다.
207 행: cmdAction 컨트롤의 HSCotrol.CButton 클래스는 로드한 컨트롤 클래스가 아닙니다.
268 행: CaptionBar1 컨트롤의 HSCotrol.CaptionBar 클래스는 로드한 컨트롤 클래스가 아닙니다.
454 행: cmdOrder 컨트롤의 HSCotrol.CButton 클래스는 로드한 컨트롤 클래스가 아닙니다.
540 행: cmdStartNo 컨트롤의 HSCotrol.CButton 클래스는 로드한 컨트롤 클래스가 아닙니다.
680 행: cmdAppend 컨트롤의 HSCotrol.CButton 클래스는 로드한 컨트롤 클래스가 아닙니다.
703 행: cmdRstQuery 컨트롤의 HSCotrol.CButton 클래스는 로드한 컨트롤 클래스가 아닙니다.
725 행: cmdAppend 컨트롤의 HSCotrol.CButton 클래스는 로드한 컨트롤 클래스가 아닙니다.
748 행: cmdWordQuery 컨트롤의 HSCotrol.CButton 클래스는 로드한 컨트롤 클래스가 아닙니다.
770 행: cmdWorkList 컨트롤의 HSCotrol.CButton 클래스는 로드한 컨트롤 클래스가 아닙니다.
863 행: pnlCom2 컨트롤의 HSCotrol.UserPanel 클래스는 로드한 컨트롤 클래스가 아닙니다.
894 행: cmdChksum 컨트롤의 HSCotrol.CButton 클래스는 로드한 컨트롤 클래스가 아닙니다.
916 행: cmdCOMOutput2 컨트롤의 HSCotrol.CButton 클래스는 로드한 컨트롤 클래스가 아닙니다.
938 행: cmdCOMClear2 컨트롤의 HSCotrol.CButton 클래스는 로드한 컨트롤 클래스가 아닙니다.
961 행: cmdCOMInput2 컨트롤의 HSCotrol.CButton 클래스는 로드한 컨트롤 클래스가 아닙니다.
983 행: cmdCOMLoad 컨트롤의 HSCotrol.CButton 클래스는 로드한 컨트롤 클래스가 아닙니다.
1006 행: cmdACK 컨트롤의 HSCotrol.CButton 클래스는 로드한 컨트롤 클래스가 아닙니다.
1028 행: cmdENQ 컨트롤의 HSCotrol.CButton 클래스는 로드한 컨트롤 클래스가 아닙니다.
1084 행: pnlCom 컨트롤의 HSCotrol.UserPanel 클래스는 로드한 컨트롤 클래스가 아닙니다.
1109 행: cmdCOMSave 컨트롤의 HSCotrol.CButton 클래스는 로드한 컨트롤 클래스가 아닙니다.
1132 행: cmdCOMOutput 컨트롤의 HSCotrol.CButton 클래스는 로드한 컨트롤 클래스가 아닙니다.
1154 행: cmdCOMClear 컨트롤의 HSCotrol.CButton 클래스는 로드한 컨트롤 클래스가 아닙니다.
1177 행: cmdCOMInput 컨트롤의 HSCotrol.CButton 클래스는 로드한 컨트롤 클래스가 아닙니다.
145 행: cmdAction의 _ExtentX 속성 이름이 잘못되었습니다. 
146 행: cmdAction의 _ExtentY 속성 이름이 잘못되었습니다. 
147 행: cmdAction의 Caption 속성 이름이 잘못되었습니다. 
157 행: cmdAction의 MaskColor 속성 이름이 잘못되었습니다. 
159 행: cmdAction의 BorderColor 속성 이름이 잘못되었습니다. 
168 행: cmdAction의 _ExtentX 속성 이름이 잘못되었습니다. 
169 행: cmdAction의 _ExtentY 속성 이름이 잘못되었습니다. 
170 행: cmdAction의 Caption 속성 이름이 잘못되었습니다. 
180 행: cmdAction의 MaskColor 속성 이름이 잘못되었습니다. 
182 행: cmdAction의 BorderColor 속성 이름이 잘못되었습니다. 
191 행: cmdAction의 _ExtentX 속성 이름이 잘못되었습니다. 
192 행: cmdAction의 _ExtentY 속성 이름이 잘못되었습니다. 
193 행: cmdAction의 Caption 속성 이름이 잘못되었습니다. 
203 행: cmdAction의 MaskColor 속성 이름이 잘못되었습니다. 
205 행: cmdAction의 BorderColor 속성 이름이 잘못되었습니다. 
214 행: cmdAction의 _ExtentX 속성 이름이 잘못되었습니다. 
215 행: cmdAction의 _ExtentY 속성 이름이 잘못되었습니다. 
216 행: cmdAction의 Caption 속성 이름이 잘못되었습니다. 
226 행: cmdAction의 MaskColor 속성 이름이 잘못되었습니다. 
228 행: cmdAction의 BorderColor 속성 이름이 잘못되었습니다. 
275 행: CaptionBar1의 _ExtentX 속성 이름이 잘못되었습니다. 
276 행: CaptionBar1의 _ExtentY 속성 이름이 잘못되었습니다. 
277 행: CaptionBar1의 Border 속성 이름이 잘못되었습니다. 
278 행: CaptionBar1의 CaptionBackColor 속성 이름이 잘못되었습니다. 
279 행: CaptionBar1의 Caption 속성 이름이 잘못되었습니다. 
280 행: CaptionBar1의 SubCaption 속성 이름이 잘못되었습니다. 
298 행: CaptionBar1의 SubCaptionFont 속성 이름이 잘못되었습니다. 
423 행: spdResult1 컨트롤을 로드할 수 없습니다. 사용 권한을 찾을 수 없습니다.
460 행: cmdOrder의 _ExtentX 속성 이름이 잘못되었습니다. 
461 행: cmdOrder의 _ExtentY 속성 이름이 잘못되었습니다. 
462 행: cmdOrder의 Caption 속성 이름이 잘못되었습니다. 
472 행: cmdOrder의 MaskColor 속성 이름이 잘못되었습니다. 
474 행: cmdOrder의 BorderColor 속성 이름이 잘못되었습니다. 
546 행: cmdStartNo의 _ExtentX 속성 이름이 잘못되었습니다. 
547 행: cmdStartNo의 _ExtentY 속성 이름이 잘못되었습니다. 
548 행: cmdStartNo의 Caption 속성 이름이 잘못되었습니다. 
558 행: cmdStartNo의 MaskColor 속성 이름이 잘못되었습니다. 
560 행: cmdStartNo의 BorderColor 속성 이름이 잘못되었습니다. 
687 행: cmdAppend의 _ExtentX 속성 이름이 잘못되었습니다. 
688 행: cmdAppend의 _ExtentY 속성 이름이 잘못되었습니다. 
689 행: cmdAppend의 Caption 속성 이름이 잘못되었습니다. 
699 행: cmdAppend의 MaskColor 속성 이름이 잘못되었습니다. 
701 행: cmdAppend의 BorderColor 속성 이름이 잘못되었습니다. 
709 행: cmdRstQuery의 _ExtentX 속성 이름이 잘못되었습니다. 
710 행: cmdRstQuery의 _ExtentY 속성 이름이 잘못되었습니다. 
711 행: cmdRstQuery의 Caption 속성 이름이 잘못되었습니다. 
721 행: cmdRstQuery의 MaskColor 속성 이름이 잘못되었습니다. 
723 행: cmdRstQuery의 BorderColor 속성 이름이 잘못되었습니다. 
732 행: cmdAppend의 _ExtentX 속성 이름이 잘못되었습니다. 
733 행: cmdAppend의 _ExtentY 속성 이름이 잘못되었습니다. 
734 행: cmdAppend의 Caption 속성 이름이 잘못되었습니다. 
744 행: cmdAppend의 MaskColor 속성 이름이 잘못되었습니다. 
746 행: cmdAppend의 BorderColor 속성 이름이 잘못되었습니다. 
754 행: cmdWordQuery의 _ExtentX 속성 이름이 잘못되었습니다. 
755 행: cmdWordQuery의 _ExtentY 속성 이름이 잘못되었습니다. 
756 행: cmdWordQuery의 Caption 속성 이름이 잘못되었습니다. 
766 행: cmdWordQuery의 MaskColor 속성 이름이 잘못되었습니다. 
768 행: cmdWordQuery의 BorderColor 속성 이름이 잘못되었습니다. 
776 행: cmdWorkList의 _ExtentX 속성 이름이 잘못되었습니다. 
777 행: cmdWorkList의 _ExtentY 속성 이름이 잘못되었습니다. 
778 행: cmdWorkList의 Caption 속성 이름이 잘못되었습니다. 
788 행: cmdWorkList의 MaskColor 속성 이름이 잘못되었습니다. 
790 행: cmdWorkList의 BorderColor 속성 이름이 잘못되었습니다. 
806 행: spdWorkList 컨트롤을 로드할 수 없습니다. 사용 권한을 찾을 수 없습니다.
870 행: pnlCom2의 _ExtentX 속성 이름이 잘못되었습니다. 
871 행: pnlCom2의 _ExtentY 속성 이름이 잘못되었습니다. 
900 행: cmdChksum의 _ExtentX 속성 이름이 잘못되었습니다. 
901 행: cmdChksum의 _ExtentY 속성 이름이 잘못되었습니다. 
902 행: cmdChksum의 Caption 속성 이름이 잘못되었습니다. 
912 행: cmdChksum의 MaskColor 속성 이름이 잘못되었습니다. 
914 행: cmdChksum의 BorderColor 속성 이름이 잘못되었습니다. 
922 행: cmdCOMOutput2의 _ExtentX 속성 이름이 잘못되었습니다. 
923 행: cmdCOMOutput2의 _ExtentY 속성 이름이 잘못되었습니다. 
924 행: cmdCOMOutput2의 Caption 속성 이름이 잘못되었습니다. 
934 행: cmdCOMOutput2의 MaskColor 속성 이름이 잘못되었습니다. 
936 행: cmdCOMOutput2의 BorderColor 속성 이름이 잘못되었습니다. 
945 행: cmdCOMClear2의 _ExtentX 속성 이름이 잘못되었습니다. 
946 행: cmdCOMClear2의 _ExtentY 속성 이름이 잘못되었습니다. 
947 행: cmdCOMClear2의 Caption 속성 이름이 잘못되었습니다. 
957 행: cmdCOMClear2의 MaskColor 속성 이름이 잘못되었습니다. 
959 행: cmdCOMClear2의 BorderColor 속성 이름이 잘못되었습니다. 
967 행: cmdCOMInput2의 _ExtentX 속성 이름이 잘못되었습니다. 
968 행: cmdCOMInput2의 _ExtentY 속성 이름이 잘못되었습니다. 
969 행: cmdCOMInput2의 Caption 속성 이름이 잘못되었습니다. 
979 행: cmdCOMInput2의 MaskColor 속성 이름이 잘못되었습니다. 
981 행: cmdCOMInput2의 BorderColor 속성 이름이 잘못되었습니다. 
990 행: cmdCOMLoad의 _ExtentX 속성 이름이 잘못되었습니다. 
991 행: cmdCOMLoad의 _ExtentY 속성 이름이 잘못되었습니다. 
992 행: cmdCOMLoad의 Caption 속성 이름이 잘못되었습니다. 
1002 행: cmdCOMLoad의 MaskColor 속성 이름이 잘못되었습니다. 
1004 행: cmdCOMLoad의 BorderColor 속성 이름이 잘못되었습니다. 
1012 행: cmdACK의 _ExtentX 속성 이름이 잘못되었습니다. 
1013 행: cmdACK의 _ExtentY 속성 이름이 잘못되었습니다. 
1014 행: cmdACK의 Caption 속성 이름이 잘못되었습니다. 
1024 행: cmdACK의 MaskColor 속성 이름이 잘못되었습니다. 
1026 행: cmdACK의 BorderColor 속성 이름이 잘못되었습니다. 
1034 행: cmdENQ의 _ExtentX 속성 이름이 잘못되었습니다. 
1035 행: cmdENQ의 _ExtentY 속성 이름이 잘못되었습니다. 
1036 행: cmdENQ의 Caption 속성 이름이 잘못되었습니다. 
1046 행: cmdENQ의 MaskColor 속성 이름이 잘못되었습니다. 
1048 행: cmdENQ의 BorderColor 속성 이름이 잘못되었습니다. 
1091 행: pnlCom의 _ExtentX 속성 이름이 잘못되었습니다. 
1092 행: pnlCom의 _ExtentY 속성 이름이 잘못되었습니다. 
1093 행: pnlCom의 CloseEnabled 속성 이름이 잘못되었습니다. 
1116 행: cmdCOMSave의 _ExtentX 속성 이름이 잘못되었습니다. 
1117 행: cmdCOMSave의 _ExtentY 속성 이름이 잘못되었습니다. 
1118 행: cmdCOMSave의 Caption 속성 이름이 잘못되었습니다. 
1128 행: cmdCOMSave의 MaskColor 속성 이름이 잘못되었습니다. 
1130 행: cmdCOMSave의 BorderColor 속성 이름이 잘못되었습니다. 
1138 행: cmdCOMOutput의 _ExtentX 속성 이름이 잘못되었습니다. 
1139 행: cmdCOMOutput의 _ExtentY 속성 이름이 잘못되었습니다. 
1140 행: cmdCOMOutput의 Caption 속성 이름이 잘못되었습니다. 
1150 행: cmdCOMOutput의 MaskColor 속성 이름이 잘못되었습니다. 
1152 행: cmdCOMOutput의 BorderColor 속성 이름이 잘못되었습니다. 
1161 행: cmdCOMClear의 _ExtentX 속성 이름이 잘못되었습니다. 
1162 행: cmdCOMClear의 _ExtentY 속성 이름이 잘못되었습니다. 
1163 행: cmdCOMClear의 Caption 속성 이름이 잘못되었습니다. 
1173 행: cmdCOMClear의 MaskColor 속성 이름이 잘못되었습니다. 
1175 행: cmdCOMClear의 BorderColor 속성 이름이 잘못되었습니다. 
1183 행: cmdCOMInput의 _ExtentX 속성 이름이 잘못되었습니다. 
1184 행: cmdCOMInput의 _ExtentY 속성 이름이 잘못되었습니다. 
1185 행: cmdCOMInput의 Caption 속성 이름이 잘못되었습니다. 
1195 행: cmdCOMInput의 MaskColor 속성 이름이 잘못되었습니다. 
1197 행: cmdCOMInput의 BorderColor 속성 이름이 잘못되었습니다. 
1219 행: spdResult2 컨트롤을 로드할 수 없습니다. 사용 권한을 찾을 수 없습니다.
