[2006-07-11 오후 5:04:59]
Project Name   : IISLibrary
Class Name     : clsIISInterface
Procedure Name : GetAccInfo
Description    : 바코드번호:1 16000421313에 대한 접수내역이 없습니다.

[2006-07-11 오후 5:09:12]
Project Name   : IISLibrary
Class Name     : clsIISInterface
Procedure Name : GetAccInfo
Description    : 바코드번호:16000421313는 접수상태가 아닙니다.

[2006-07-11 오후 5:09:49]
Project Name   : IISLibrary
Class Name     : clsIISInterface
Procedure Name : GetAccInfo
Description    : 바코드번호:16000421313는 접수상태가 아닙니다.

[2006-07-11 오후 5:13:33]
Project Name   : IISLibrary
Class Name     : clsIISInterface
Procedure Name : GetAccInfo
Description    : 바코드번호: 16000419746는 Worklist에 존재하는 검체입니다.

[2006-07-11 오후 5:14:03]
Project Name   : IISLibrary
Class Name     : clsIISInterface
Procedure Name : GetAccInfo
Description    : 바코드번호: 16000419746는 Worklist에 존재하는 검체입니다.

[2006-07-11 오후 5:14:39]
Project Name   : IISLibrary
Class Name     : clsIISInterface
Procedure Name : GetAccInfo
Description    : 바코드번호: 16000419746는 Worklist에 존재하는 검체입니다.

[2006-07-11 오후 5:29:35]
Project Name   : IISLibrary
Class Name     : clsIISInterface
Procedure Name : GetAccInfo
Description    : 바코드번호: 16000421521는 Worklist에 존재하는 검체입니다.

[2006-07-11 오후 5:30:17]
Project Name   : IISLibrary
Class Name     : clsIISInterface
Procedure Name : GetAccInfo
Description    : 바코드번호: 16000421521는 Worklist에 존재하는 검체입니다.

[2006-07-11 오후 5:30:38]
Project Name   : IISLibrary
Class Name     : clsIISInterface
Procedure Name : GetAccInfo
Description    : 바코드번호: 16000421521는 Worklist에 존재하는 검체입니다.

[2006-07-11 오후 5:41:12]
Project Name   : IISLibrary
Class Name     : clsIISInterface
Procedure Name : GetAccInfo
Description    : 바코드번호: 16000421812는 Worklist에 존재하는 검체입니다.

[2006-07-11 오후 6:27:34]
Project Name   : IISLibrary
Class Name     : clsIISInterface
Procedure Name : GetAccInfo
Description    : 바코드번호: 16000420708는 Worklist에 존재하는 검체입니다.

[2006-07-11 오후 6:28:10]
Project Name   : IISLibrary
Class Name     : clsIISInterface
Procedure Name : GetAccInfo
Description    : 바코드번호: 16000420708는 Worklist에 존재하는 검체입니다.

[2006-07-11 오후 6:35:16]
Project Name   : IISLibrary
Class Name     : clsIISInterface
Procedure Name : GetAccInfo
Description    : 바코드번호: 16000421856는 Worklist에 존재하는 검체입니다.

[2006-07-11 오후 6:40:45]
Project Name   : IISLibrary
Class Name     : clsIISInterface
Procedure Name : GetAccInfo
Description    : 바코드번호: 16000421856는 Worklist에 존재하는 검체입니다.

[2006-07-11 오후 6:41:05]
Project Name   : IISLibrary
Class Name     : clsIISInterface
Procedure Name : GetAccInfo
Description    : 바코드번호: 16000421856는 Worklist에 존재하는 검체입니다.

[2006-07-11 오후 6:41:35]
Project Name   : IISLibrary
Class Name     : clsIISInterface
Procedure Name : GetAccInfo
Description    : 바코드번호: 16000421856는 Worklist에 존재하는 검체입니다.

[2006-07-11 오후 6:58:49]
Project Name   : IISLibrary
Class Name     : clsIISInterface
Procedure Name : GetAccInfo
Description    : 바코드번호:349에 대한 접수내역이 없습니다.

