14:11:12 : 개체 참조가 개체의 인스턴스로 설정되지 않았습니다.
   위치: HanhuengPrint2008.frmExcelPrint.CalculatePrintQty()

18:18:23 : Invalid row index: 36 (must be between 0 and 35)
   위치: FarPoint.Win.Spread.Cells.get_Item(Int32 row, Int32 column)
   위치: HanhuengPrint2008.frmExcelPrint.CalculatePrintQty()

18:21:07 : '200'의 값은 'Value'에 사용할 수 없습니다. 'Value'은(는) 'minimum'에서 'maximum' 사이에 있어야 합니다.
매개 변수 이름: Value
   위치: System.Windows.Forms.ProgressBar.set_Value(Int32 value)
   위치: IdifCommon.frmExcelPrintBase.RefreshPrintProgress()
   위치: IdifCommon.frmExcelPrintBase.RefreshPrintProgress()
   위치: IdifCommon.frmExcelPrintBase.PrintStart()
   위치: IdifCommon.frmExcelPrintBase.PrintStart()
   위치: IdifCommon.frmExcelPrintBase.cmdPrintStart_Click(Object sender, EventArgs e)

18:21:56 : Invalid row index: 36 (must be between 0 and 35)
   위치: FarPoint.Win.Spread.Cells.get_Item(Int32 row, Int32 column)
   위치: HanhuengPrint2008.frmExcelPrint.CalculatePrintQty()

18:25:40 : Invalid row index: 36 (must be between 0 and 35)
   위치: FarPoint.Win.Spread.Cells.get_Item(Int32 row, Int32 column)
   위치: HanhuengPrint2008.frmExcelPrint.CalculatePrintQty()

18:26:16 : Invalid row index: 36 (must be between 0 and 35)
   위치: FarPoint.Win.Spread.Cells.get_Item(Int32 row, Int32 column)
   위치: HanhuengPrint2008.frmExcelPrint.CalculatePrintQty()

18:26:38 : Invalid row index: 36 (must be between 0 and 35)
   위치: FarPoint.Win.Spread.Cells.get_Item(Int32 row, Int32 column)
   위치: HanhuengPrint2008.frmExcelPrint.CalculatePrintQty()

18:27:05 : Invalid row index: 36 (must be between 0 and 35)
   위치: FarPoint.Win.Spread.Cells.get_Item(Int32 row, Int32 column)
   위치: HanhuengPrint2008.frmExcelPrint.CalculatePrintQty()

18:27:14 : Invalid row index: 36 (must be between 0 and 35)
   위치: FarPoint.Win.Spread.Cells.get_Item(Int32 row, Int32 column)
   위치: HanhuengPrint2008.frmExcelPrint.CalculatePrintQty()

18:29:17 : Invalid row index: 36 (must be between 0 and 35)
   위치: FarPoint.Win.Spread.Cells.get_Item(Int32 row, Int32 column)
   위치: HanhuengPrint2008.frmExcelPrint.CalculatePrintQty()

18:29:41 : Invalid row index: 36 (must be between 0 and 35)
   위치: FarPoint.Win.Spread.Cells.get_Item(Int32 row, Int32 column)
   위치: HanhuengPrint2008.frmExcelPrint.CalculatePrintQty()

18:30:25 : Invalid row index: 36 (must be between 0 and 35)
   위치: FarPoint.Win.Spread.Cells.get_Item(Int32 row, Int32 column)
   위치: HanhuengPrint2008.frmExcelPrint.CalculatePrintQty()

18:31:03 : Invalid row index: 36 (must be between 0 and 35)
   위치: FarPoint.Win.Spread.Cells.get_Item(Int32 row, Int32 column)
   위치: HanhuengPrint2008.frmExcelPrint.CalculatePrintQty()

18:39:03 : Invalid row index: 36 (must be between 0 and 35)
   위치: FarPoint.Win.Spread.Cells.get_Item(Int32 row, Int32 column)
   위치: HanhuengPrint2008.frmExcelPrint.CalculatePrintQty()

18:39:17 : Invalid row index: 36 (must be between 0 and 35)
   위치: FarPoint.Win.Spread.Cells.get_Item(Int32 row, Int32 column)
   위치: HanhuengPrint2008.frmExcelPrint.CalculatePrintQty()

