오후 2:10:55 Your XML Document failed to loaddue the following error.
Error #: -1072896680: XML 문서에는 최상위 요소가 있어야 합니다.
Line #: 0
Line Position: 0
Position In File: 0
Source Text: 
Document URL: 
오후 2:10:55 Your XML Document failed to loaddue the following error.
Error #: -1072896680: XML 문서에는 최상위 요소가 있어야 합니다.
Line #: 0
Line Position: 0
Position In File: 0
Source Text: 
Document URL: 
오후 2:10:55 Your XML Document failed to loaddue the following error.
Error #: -1072896680: XML 문서에는 최상위 요소가 있어야 합니다.
Line #: 0
Line Position: 0
Position In File: 0
Source Text: 
Document URL: 
오후 2:10:55 Your XML Document failed to loaddue the following error.
Error #: -1072896680: XML 문서에는 최상위 요소가 있어야 합니다.
Line #: 0
Line Position: 0
Position In File: 0
Source Text: 
Document URL: 
오후 2:10:55 Your XML Document failed to loaddue the following error.
Error #: -1072896680: XML 문서에는 최상위 요소가 있어야 합니다.
Line #: 0
Line Position: 0
Position In File: 0
Source Text: 
Document URL: 
오후 2:10:55 Your XML Document failed to loaddue the following error.
Error #: -1072896680: XML 문서에는 최상위 요소가 있어야 합니다.
Line #: 0
Line Position: 0
Position In File: 0
Source Text: 
Document URL: 
오후 2:10:56 Your XML Document failed to loaddue the following error.
Error #: -1072896680: XML 문서에는 최상위 요소가 있어야 합니다.
Line #: 0
Line Position: 0
Position In File: 0
Source Text: 
Document URL: 
오후 2:10:56 Your XML Document failed to loaddue the following error.
Error #: -1072896680: XML 문서에는 최상위 요소가 있어야 합니다.
Line #: 0
Line Position: 0
Position In File: 0
Source Text: 
Document URL: 
오후 2:10:56 Your XML Document failed to loaddue the following error.
Error #: -1072896680: XML 문서에는 최상위 요소가 있어야 합니다.
Line #: 0
Line Position: 0
Position In File: 0
Source Text: 
Document URL: 
오후 2:10:56 Your XML Document failed to loaddue the following error.
Error #: -1072896680: XML 문서에는 최상위 요소가 있어야 합니다.
Line #: 0
Line Position: 0
Position In File: 0
Source Text: 
Document URL: 
오후 2:10:56 Your XML Document failed to loaddue the following error.
Error #: -1072896680: XML 문서에는 최상위 요소가 있어야 합니다.
Line #: 0
Line Position: 0
Position In File: 0
Source Text: 
Document URL: 
오후 2:10:56 Your XML Document failed to loaddue the following error.
Error #: -1072896680: XML 문서에는 최상위 요소가 있어야 합니다.
Line #: 0
Line Position: 0
Position In File: 0
Source Text: 
Document URL: 
오후 2:10:56 Your XML Document failed to loaddue the following error.
Error #: -1072896680: XML 문서에는 최상위 요소가 있어야 합니다.
Line #: 0
Line Position: 0
Position In File: 0
Source Text: 
Document URL: 
오후 2:10:56 Your XML Document failed to loaddue the following error.
Error #: -1072896680: XML 문서에는 최상위 요소가 있어야 합니다.
Line #: 0
Line Position: 0
Position In File: 0
Source Text: 
Document URL: 
오후 2:10:56 Your XML Document failed to loaddue the following error.
Error #: -1072896680: XML 문서에는 최상위 요소가 있어야 합니다.
Line #: 0
Line Position: 0
Position In File: 0
Source Text: 
Document URL: 
오후 2:10:56 Your XML Document failed to loaddue the following error.
Error #: -1072896680: XML 문서에는 최상위 요소가 있어야 합니다.
Line #: 0
Line Position: 0
Position In File: 0
Source Text: 
Document URL: 
오후 2:10:56 Your XML Document failed to loaddue the following error.
Error #: -1072896680: XML 문서에는 최상위 요소가 있어야 합니다.
Line #: 0
Line Position: 0
Position In File: 0
Source Text: 
Document URL: 
오후 2:10:56 Your XML Document failed to loaddue the following error.
Error #: -1072896680: XML 문서에는 최상위 요소가 있어야 합니다.
Line #: 0
Line Position: 0
Position In File: 0
Source Text: 
Document URL: 
오후 2:10:56 Your XML Document failed to loaddue the following error.
Error #: -1072896680: XML 문서에는 최상위 요소가 있어야 합니다.
Line #: 0
Line Position: 0
Position In File: 0
Source Text: 
Document URL: 
오후 2:10:56 Your XML Document failed to loaddue the following error.
Error #: -1072896680: XML 문서에는 최상위 요소가 있어야 합니다.
Line #: 0
Line Position: 0
Position In File: 0
Source Text: 
Document URL: 
오후 2:10:56 Your XML Document failed to loaddue the following error.
Error #: -1072896680: XML 문서에는 최상위 요소가 있어야 합니다.
Line #: 0
Line Position: 0
Position In File: 0
Source Text: 
Document URL: 
오후 2:10:56 Your XML Document failed to loaddue the following error.
Error #: -1072896680: XML 문서에는 최상위 요소가 있어야 합니다.
Line #: 0
Line Position: 0
Position In File: 0
Source Text: 
Document URL: 
오후 2:11:08 Your XML Document failed to loaddue the following error.
Error #: -1072896680: XML 문서에는 최상위 요소가 있어야 합니다.
Line #: 0
Line Position: 0
Position In File: 0
Source Text: 
Document URL: 
오후 2:11:08 Your XML Document failed to loaddue the following error.
Error #: -1072896680: XML 문서에는 최상위 요소가 있어야 합니다.
Line #: 0
Line Position: 0
Position In File: 0
Source Text: 
Document URL: 
오후 2:11:08 Your XML Document failed to loaddue the following error.
Error #: -1072896680: XML 문서에는 최상위 요소가 있어야 합니다.
Line #: 0
Line Position: 0
Position In File: 0
Source Text: 
Document URL: 
오후 2:11:08 Your XML Document failed to loaddue the following error.
Error #: -1072896680: XML 문서에는 최상위 요소가 있어야 합니다.
Line #: 0
Line Position: 0
Position In File: 0
Source Text: 
Document URL: 
오후 2:11:08 Your XML Document failed to loaddue the following error.
Error #: -1072896680: XML 문서에는 최상위 요소가 있어야 합니다.
Line #: 0
Line Position: 0
Position In File: 0
Source Text: 
Document URL: 
오후 2:11:08 Your XML Document failed to loaddue the following error.
Error #: -1072896680: XML 문서에는 최상위 요소가 있어야 합니다.
Line #: 0
Line Position: 0
Position In File: 0
Source Text: 
Document URL: 
오후 2:11:08 Your XML Document failed to loaddue the following error.
Error #: -1072896680: XML 문서에는 최상위 요소가 있어야 합니다.
Line #: 0
Line Position: 0
Position In File: 0
Source Text: 
Document URL: 
오후 2:11:08 Your XML Document failed to loaddue the following error.
Error #: -1072896680: XML 문서에는 최상위 요소가 있어야 합니다.
Line #: 0
Line Position: 0
Position In File: 0
Source Text: 
Document URL: 
오후 2:11:08 Your XML Document failed to loaddue the following error.
Error #: -1072896680: XML 문서에는 최상위 요소가 있어야 합니다.
Line #: 0
Line Position: 0
Position In File: 0
Source Text: 
Document URL: 
오후 2:11:08 Your XML Document failed to loaddue the following error.
Error #: -1072896680: XML 문서에는 최상위 요소가 있어야 합니다.
Line #: 0
Line Position: 0
Position In File: 0
Source Text: 
Document URL: 
오후 2:11:08 Your XML Document failed to loaddue the following error.
Error #: -1072896680: XML 문서에는 최상위 요소가 있어야 합니다.
Line #: 0
Line Position: 0
Position In File: 0
Source Text: 
Document URL: 
오후 2:11:08 Your XML Document failed to loaddue the following error.
Error #: -1072896680: XML 문서에는 최상위 요소가 있어야 합니다.
Line #: 0
Line Position: 0
Position In File: 0
Source Text: 
Document URL: 
오후 2:11:08 Your XML Document failed to loaddue the following error.
Error #: -1072896680: XML 문서에는 최상위 요소가 있어야 합니다.
Line #: 0
Line Position: 0
Position In File: 0
Source Text: 
Document URL: 
오후 2:11:08 Your XML Document failed to loaddue the following error.
Error #: -1072896680: XML 문서에는 최상위 요소가 있어야 합니다.
Line #: 0
Line Position: 0
Position In File: 0
Source Text: 
Document URL: 
오후 2:11:08 Your XML Document failed to loaddue the following error.
Error #: -1072896680: XML 문서에는 최상위 요소가 있어야 합니다.
Line #: 0
Line Position: 0
Position In File: 0
Source Text: 
Document URL: 
오후 2:11:08 Your XML Document failed to loaddue the following error.
Error #: -1072896680: XML 문서에는 최상위 요소가 있어야 합니다.
Line #: 0
Line Position: 0
Position In File: 0
Source Text: 
Document URL: 
오후 2:11:08 Your XML Document failed to loaddue the following error.
Error #: -1072896680: XML 문서에는 최상위 요소가 있어야 합니다.
Line #: 0
Line Position: 0
Position In File: 0
Source Text: 
Document URL: 
오후 2:11:08 Your XML Document failed to loaddue the following error.
Error #: -1072896680: XML 문서에는 최상위 요소가 있어야 합니다.
Line #: 0
Line Position: 0
Position In File: 0
Source Text: 
Document URL: 
오후 2:11:08 Your XML Document failed to loaddue the following error.
Error #: -1072896680: XML 문서에는 최상위 요소가 있어야 합니다.
Line #: 0
Line Position: 0
Position In File: 0
Source Text: 
Document URL: 
오후 2:11:08 Your XML Document failed to loaddue the following error.
Error #: -1072896680: XML 문서에는 최상위 요소가 있어야 합니다.
Line #: 0
Line Position: 0
Position In File: 0
Source Text: 
Document URL: 
오후 2:11:08 Your XML Document failed to loaddue the following error.
Error #: -1072896680: XML 문서에는 최상위 요소가 있어야 합니다.
Line #: 0
Line Position: 0
Position In File: 0
Source Text: 
Document URL: 
오후 2:11:08 Your XML Document failed to loaddue the following error.
Error #: -1072896680: XML 문서에는 최상위 요소가 있어야 합니다.
Line #: 0
Line Position: 0
Position In File: 0
Source Text: 
Document URL: 
오후 2:11:40 Your XML Document failed to loaddue the following error.
Error #: -1072896680: XML 문서에는 최상위 요소가 있어야 합니다.
Line #: 0
Line Position: 0
Position In File: 0
Source Text: 
Document URL: 
오후 2:11:40 Your XML Document failed to loaddue the following error.
Error #: -1072896680: XML 문서에는 최상위 요소가 있어야 합니다.
Line #: 0
Line Position: 0
Position In File: 0
Source Text: 
Document URL: 
오후 2:11:40 Your XML Document failed to loaddue the following error.
Error #: -1072896680: XML 문서에는 최상위 요소가 있어야 합니다.
Line #: 0
Line Position: 0
Position In File: 0
Source Text: 
Document URL: 
오후 2:11:40 Your XML Document failed to loaddue the following error.
Error #: -1072896680: XML 문서에는 최상위 요소가 있어야 합니다.
Line #: 0
Line Position: 0
Position In File: 0
Source Text: 
Document URL: 
오후 2:11:40 Your XML Document failed to loaddue the following error.
Error #: -1072896680: XML 문서에는 최상위 요소가 있어야 합니다.
Line #: 0
Line Position: 0
Position In File: 0
Source Text: 
Document URL: 
오후 2:11:40 Your XML Document failed to loaddue the following error.
Error #: -1072896680: XML 문서에는 최상위 요소가 있어야 합니다.
Line #: 0
Line Position: 0
Position In File: 0
Source Text: 
Document URL: 
오후 2:11:40 Your XML Document failed to loaddue the following error.
Error #: -1072896680: XML 문서에는 최상위 요소가 있어야 합니다.
Line #: 0
Line Position: 0
Position In File: 0
Source Text: 
Document URL: 
오후 2:11:40 Your XML Document failed to loaddue the following error.
Error #: -1072896680: XML 문서에는 최상위 요소가 있어야 합니다.
Line #: 0
Line Position: 0
Position In File: 0
Source Text: 
Document URL: 
오후 2:11:40 Your XML Document failed to loaddue the following error.
Error #: -1072896680: XML 문서에는 최상위 요소가 있어야 합니다.
Line #: 0
Line Position: 0
Position In File: 0
Source Text: 
Document URL: 
오후 2:11:40 Your XML Document failed to loaddue the following error.
Error #: -1072896680: XML 문서에는 최상위 요소가 있어야 합니다.
Line #: 0
Line Position: 0
Position In File: 0
Source Text: 
Document URL: 
오후 2:11:40 Your XML Document failed to loaddue the following error.
Error #: -1072896680: XML 문서에는 최상위 요소가 있어야 합니다.
Line #: 0
Line Position: 0
Position In File: 0
Source Text: 
Document URL: 
오후 2:11:40 Your XML Document failed to loaddue the following error.
Error #: -1072896680: XML 문서에는 최상위 요소가 있어야 합니다.
Line #: 0
Line Position: 0
Position In File: 0
Source Text: 
Document URL: 
오후 2:11:40 Your XML Document failed to loaddue the following error.
Error #: -1072896680: XML 문서에는 최상위 요소가 있어야 합니다.
Line #: 0
Line Position: 0
Position In File: 0
Source Text: 
Document URL: 
오후 2:11:40 Your XML Document failed to loaddue the following error.
Error #: -1072896680: XML 문서에는 최상위 요소가 있어야 합니다.
Line #: 0
Line Position: 0
Position In File: 0
Source Text: 
Document URL: 
오후 2:11:40 Your XML Document failed to loaddue the following error.
Error #: -1072896680: XML 문서에는 최상위 요소가 있어야 합니다.
Line #: 0
Line Position: 0
Position In File: 0
Source Text: 
Document URL: 
오후 2:11:40 Your XML Document failed to loaddue the following error.
Error #: -1072896680: XML 문서에는 최상위 요소가 있어야 합니다.
Line #: 0
Line Position: 0
Position In File: 0
Source Text: 
Document URL: 
오후 2:11:40 Your XML Document failed to loaddue the following error.
Error #: -1072896680: XML 문서에는 최상위 요소가 있어야 합니다.
Line #: 0
Line Position: 0
Position In File: 0
Source Text: 
Document URL: 
오후 2:11:40 Your XML Document failed to loaddue the following error.
Error #: -1072896680: XML 문서에는 최상위 요소가 있어야 합니다.
Line #: 0
Line Position: 0
Position In File: 0
Source Text: 
Document URL: 
오후 2:11:40 Your XML Document failed to loaddue the following error.
Error #: -1072896680: XML 문서에는 최상위 요소가 있어야 합니다.
Line #: 0
Line Position: 0
Position In File: 0
Source Text: 
Document URL: 
오후 2:11:40 Your XML Document failed to loaddue the following error.
Error #: -1072896680: XML 문서에는 최상위 요소가 있어야 합니다.
Line #: 0
Line Position: 0
Position In File: 0
Source Text: 
Document URL: 
오후 2:11:40 Your XML Document failed to loaddue the following error.
Error #: -1072896680: XML 문서에는 최상위 요소가 있어야 합니다.
Line #: 0
Line Position: 0
Position In File: 0
Source Text: 
Document URL: 
오후 2:11:40 Your XML Document failed to loaddue the following error.
Error #: -1072896680: XML 문서에는 최상위 요소가 있어야 합니다.
Line #: 0
Line Position: 0
Position In File: 0
Source Text: 
Document URL: 
오후 2:16:52 Your XML Document failed to loaddue the following error.
Error #: -1072896680: XML 문서에는 최상위 요소가 있어야 합니다.
Line #: 0
Line Position: 0
Position In File: 0
Source Text: 
Document URL: 
오후 2:16:55 Your XML Document failed to loaddue the following error.
Error #: -1072896680: XML 문서에는 최상위 요소가 있어야 합니다.
Line #: 0
Line Position: 0
Position In File: 0
Source Text: 
Document URL: 
오후 2:16:57 Your XML Document failed to loaddue the following error.
Error #: -1072896680: XML 문서에는 최상위 요소가 있어야 합니다.
Line #: 0
Line Position: 0
Position In File: 0
Source Text: 
Document URL: 
오후 2:16:59 Your XML Document failed to loaddue the following error.
Error #: -1072896680: XML 문서에는 최상위 요소가 있어야 합니다.
Line #: 0
Line Position: 0
Position In File: 0
Source Text: 
Document URL: 
오후 2:17:02 Your XML Document failed to loaddue the following error.
Error #: -1072896680: XML 문서에는 최상위 요소가 있어야 합니다.
Line #: 0
Line Position: 0
Position In File: 0
Source Text: 
Document URL: 
오후 2:17:04 Your XML Document failed to loaddue the following error.
Error #: -1072896680: XML 문서에는 최상위 요소가 있어야 합니다.
Line #: 0
Line Position: 0
Position In File: 0
Source Text: 
Document URL: 
오후 2:17:06 Your XML Document failed to loaddue the following error.
Error #: -1072896680: XML 문서에는 최상위 요소가 있어야 합니다.
Line #: 0
Line Position: 0
Position In File: 0
Source Text: 
Document URL: 
오후 2:17:08 Your XML Document failed to loaddue the following error.
Error #: -1072896680: XML 문서에는 최상위 요소가 있어야 합니다.
Line #: 0
Line Position: 0
Position In File: 0
Source Text: 
Document URL: 
오후 2:17:11 Your XML Document failed to loaddue the following error.
Error #: -1072896680: XML 문서에는 최상위 요소가 있어야 합니다.
Line #: 0
Line Position: 0
Position In File: 0
Source Text: 
Document URL: 
오후 2:17:13 Your XML Document failed to loaddue the following error.
Error #: -1072896680: XML 문서에는 최상위 요소가 있어야 합니다.
Line #: 0
Line Position: 0
Position In File: 0
Source Text: 
Document URL: 
오후 2:17:15 Your XML Document failed to loaddue the following error.
Error #: -1072896680: XML 문서에는 최상위 요소가 있어야 합니다.
Line #: 0
Line Position: 0
Position In File: 0
Source Text: 
Document URL: 
오후 2:17:17 Your XML Document failed to loaddue the following error.
Error #: -1072896680: XML 문서에는 최상위 요소가 있어야 합니다.
Line #: 0
Line Position: 0
Position In File: 0
Source Text: 
Document URL: 
오후 2:17:20 Your XML Document failed to loaddue the following error.
Error #: -1072896680: XML 문서에는 최상위 요소가 있어야 합니다.
Line #: 0
Line Position: 0
Position In File: 0
Source Text: 
Document URL: 
오후 2:17:22 Your XML Document failed to loaddue the following error.
Error #: -1072896680: XML 문서에는 최상위 요소가 있어야 합니다.
Line #: 0
Line Position: 0
Position In File: 0
Source Text: 
Document URL: 
오후 2:17:24 Your XML Document failed to loaddue the following error.
Error #: -1072896680: XML 문서에는 최상위 요소가 있어야 합니다.
Line #: 0
Line Position: 0
Position In File: 0
Source Text: 
Document URL: 
오후 2:17:26 Your XML Document failed to loaddue the following error.
Error #: -1072896680: XML 문서에는 최상위 요소가 있어야 합니다.
Line #: 0
Line Position: 0
Position In File: 0
Source Text: 
Document URL: 
오후 2:17:29 Your XML Document failed to loaddue the following error.
Error #: -1072896680: XML 문서에는 최상위 요소가 있어야 합니다.
Line #: 0
Line Position: 0
Position In File: 0
Source Text: 
Document URL: 
오후 2:17:31 Your XML Document failed to loaddue the following error.
Error #: -1072896680: XML 문서에는 최상위 요소가 있어야 합니다.
Line #: 0
Line Position: 0
Position In File: 0
Source Text: 
Document URL: 
오후 2:17:33 Your XML Document failed to loaddue the following error.
Error #: -1072896680: XML 문서에는 최상위 요소가 있어야 합니다.
Line #: 0
Line Position: 0
Position In File: 0
Source Text: 
Document URL: 
오후 2:17:35 Your XML Document failed to loaddue the following error.
Error #: -1072896680: XML 문서에는 최상위 요소가 있어야 합니다.
Line #: 0
Line Position: 0
Position In File: 0
Source Text: 
Document URL: 
오후 2:17:38 Your XML Document failed to loaddue the following error.
Error #: -1072896680: XML 문서에는 최상위 요소가 있어야 합니다.
Line #: 0
Line Position: 0
Position In File: 0
Source Text: 
Document URL: 
오후 2:17:40 Your XML Document failed to loaddue the following error.
Error #: -1072896680: XML 문서에는 최상위 요소가 있어야 합니다.
Line #: 0
Line Position: 0
Position In File: 0
Source Text: 
Document URL: 
오후 2:18:47 Your XML Document failed to loaddue the following error.
Error #: -1072896680: XML 문서에는 최상위 요소가 있어야 합니다.
Line #: 0
Line Position: 0
Position In File: 0
Source Text: 
Document URL: 
오후 2:18:50 Your XML Document failed to loaddue the following error.
Error #: -1072896680: XML 문서에는 최상위 요소가 있어야 합니다.
Line #: 0
Line Position: 0
Position In File: 0
Source Text: 
Document URL: 
오후 2:18:52 Your XML Document failed to loaddue the following error.
Error #: -1072896680: XML 문서에는 최상위 요소가 있어야 합니다.
Line #: 0
Line Position: 0
Position In File: 0
Source Text: 
Document URL: 
오후 2:18:54 Your XML Document failed to loaddue the following error.
Error #: -1072896680: XML 문서에는 최상위 요소가 있어야 합니다.
Line #: 0
Line Position: 0
Position In File: 0
Source Text: 
Document URL: 
오후 2:18:56 Your XML Document failed to loaddue the following error.
Error #: -1072896680: XML 문서에는 최상위 요소가 있어야 합니다.
Line #: 0
Line Position: 0
Position In File: 0
Source Text: 
Document URL: 
오후 2:18:59 Your XML Document failed to loaddue the following error.
Error #: -1072896680: XML 문서에는 최상위 요소가 있어야 합니다.
Line #: 0
Line Position: 0
Position In File: 0
Source Text: 
Document URL: 
오후 2:19:01 Your XML Document failed to loaddue the following error.
Error #: -1072896680: XML 문서에는 최상위 요소가 있어야 합니다.
Line #: 0
Line Position: 0
Position In File: 0
Source Text: 
Document URL: 
오후 2:19:03 Your XML Document failed to loaddue the following error.
Error #: -1072896680: XML 문서에는 최상위 요소가 있어야 합니다.
Line #: 0
Line Position: 0
Position In File: 0
Source Text: 
Document URL: 
오후 2:19:05 Your XML Document failed to loaddue the following error.
Error #: -1072896680: XML 문서에는 최상위 요소가 있어야 합니다.
Line #: 0
Line Position: 0
Position In File: 0
Source Text: 
Document URL: 
오후 2:19:08 Your XML Document failed to loaddue the following error.
Error #: -1072896680: XML 문서에는 최상위 요소가 있어야 합니다.
Line #: 0
Line Position: 0
Position In File: 0
Source Text: 
Document URL: 
오후 2:19:10 Your XML Document failed to loaddue the following error.
Error #: -1072896680: XML 문서에는 최상위 요소가 있어야 합니다.
Line #: 0
Line Position: 0
Position In File: 0
Source Text: 
Document URL: 
오후 2:19:12 Your XML Document failed to loaddue the following error.
Error #: -1072896680: XML 문서에는 최상위 요소가 있어야 합니다.
Line #: 0
Line Position: 0
Position In File: 0
Source Text: 
Document URL: 
오후 2:19:14 Your XML Document failed to loaddue the following error.
Error #: -1072896680: XML 문서에는 최상위 요소가 있어야 합니다.
Line #: 0
Line Position: 0
Position In File: 0
Source Text: 
Document URL: 
오후 2:19:17 Your XML Document failed to loaddue the following error.
Error #: -1072896680: XML 문서에는 최상위 요소가 있어야 합니다.
Line #: 0
Line Position: 0
Position In File: 0
Source Text: 
Document URL: 
오후 2:19:19 Your XML Document failed to loaddue the following error.
Error #: -1072896680: XML 문서에는 최상위 요소가 있어야 합니다.
Line #: 0
Line Position: 0
Position In File: 0
Source Text: 
Document URL: 
오후 2:19:21 Your XML Document failed to loaddue the following error.
Error #: -1072896680: XML 문서에는 최상위 요소가 있어야 합니다.
Line #: 0
Line Position: 0
Position In File: 0
Source Text: 
Document URL: 
오후 2:19:24 Your XML Document failed to loaddue the following error.
Error #: -1072896680: XML 문서에는 최상위 요소가 있어야 합니다.
Line #: 0
Line Position: 0
Position In File: 0
Source Text: 
Document URL: 
오후 2:19:26 Your XML Document failed to loaddue the following error.
Error #: -1072896680: XML 문서에는 최상위 요소가 있어야 합니다.
Line #: 0
Line Position: 0
Position In File: 0
Source Text: 
Document URL: 
오후 2:19:28 Your XML Document failed to loaddue the following error.
Error #: -1072896680: XML 문서에는 최상위 요소가 있어야 합니다.
Line #: 0
Line Position: 0
Position In File: 0
Source Text: 
Document URL: 
오후 2:19:30 Your XML Document failed to loaddue the following error.
Error #: -1072896680: XML 문서에는 최상위 요소가 있어야 합니다.
Line #: 0
Line Position: 0
Position In File: 0
Source Text: 
Document URL: 
오후 2:19:33 Your XML Document failed to loaddue the following error.
Error #: -1072896680: XML 문서에는 최상위 요소가 있어야 합니다.
Line #: 0
Line Position: 0
Position In File: 0
Source Text: 
Document URL: 
오후 2:19:35 Your XML Document failed to loaddue the following error.
Error #: -1072896680: XML 문서에는 최상위 요소가 있어야 합니다.
Line #: 0
Line Position: 0
Position In File: 0
Source Text: 
Document URL: 
오후 2:20:00 Your XML Document failed to loaddue the following error.
Error #: -1072896680: XML 문서에는 최상위 요소가 있어야 합니다.
Line #: 0
Line Position: 0
Position In File: 0
Source Text: 
Document URL: 
오후 2:20:02 Your XML Document failed to loaddue the following error.
Error #: -1072896680: XML 문서에는 최상위 요소가 있어야 합니다.
Line #: 0
Line Position: 0
Position In File: 0
Source Text: 
Document URL: 
오후 2:20:05 Your XML Document failed to loaddue the following error.
Error #: -1072896680: XML 문서에는 최상위 요소가 있어야 합니다.
Line #: 0
Line Position: 0
Position In File: 0
Source Text: 
Document URL: 
오후 2:20:07 Your XML Document failed to loaddue the following error.
Error #: -1072896680: XML 문서에는 최상위 요소가 있어야 합니다.
Line #: 0
Line Position: 0
Position In File: 0
Source Text: 
Document URL: 
오후 2:20:09 Your XML Document failed to loaddue the following error.
Error #: -1072896680: XML 문서에는 최상위 요소가 있어야 합니다.
Line #: 0
Line Position: 0
Position In File: 0
Source Text: 
Document URL: 
오후 2:20:12 Your XML Document failed to loaddue the following error.
Error #: -1072896680: XML 문서에는 최상위 요소가 있어야 합니다.
Line #: 0
Line Position: 0
Position In File: 0
Source Text: 
Document URL: 
오후 2:20:14 Your XML Document failed to loaddue the following error.
Error #: -1072896680: XML 문서에는 최상위 요소가 있어야 합니다.
Line #: 0
Line Position: 0
Position In File: 0
Source Text: 
Document URL: 
오후 2:20:17 Your XML Document failed to loaddue the following error.
Error #: -1072896680: XML 문서에는 최상위 요소가 있어야 합니다.
Line #: 0
Line Position: 0
Position In File: 0
Source Text: 
Document URL: 
오후 2:20:19 Your XML Document failed to loaddue the following error.
Error #: -1072896680: XML 문서에는 최상위 요소가 있어야 합니다.
Line #: 0
Line Position: 0
Position In File: 0
Source Text: 
Document URL: 
오후 2:20:21 Your XML Document failed to loaddue the following error.
Error #: -1072896680: XML 문서에는 최상위 요소가 있어야 합니다.
Line #: 0
Line Position: 0
Position In File: 0
Source Text: 
Document URL: 
오후 2:20:24 Your XML Document failed to loaddue the following error.
Error #: -1072896680: XML 문서에는 최상위 요소가 있어야 합니다.
Line #: 0
Line Position: 0
Position In File: 0
Source Text: 
Document URL: 
오후 2:20:26 Your XML Document failed to loaddue the following error.
Error #: -1072896680: XML 문서에는 최상위 요소가 있어야 합니다.
Line #: 0
Line Position: 0
Position In File: 0
Source Text: 
Document URL: 
오후 2:20:28 Your XML Document failed to loaddue the following error.
Error #: -1072896680: XML 문서에는 최상위 요소가 있어야 합니다.
Line #: 0
Line Position: 0
Position In File: 0
Source Text: 
Document URL: 
오후 2:20:30 Your XML Document failed to loaddue the following error.
Error #: -1072896680: XML 문서에는 최상위 요소가 있어야 합니다.
Line #: 0
Line Position: 0
Position In File: 0
Source Text: 
Document URL: 
오후 2:20:33 Your XML Document failed to loaddue the following error.
Error #: -1072896680: XML 문서에는 최상위 요소가 있어야 합니다.
Line #: 0
Line Position: 0
Position In File: 0
Source Text: 
Document URL: 
오후 2:20:35 Your XML Document failed to loaddue the following error.
Error #: -1072896680: XML 문서에는 최상위 요소가 있어야 합니다.
Line #: 0
Line Position: 0
Position In File: 0
Source Text: 
Document URL: 
오후 2:20:37 Your XML Document failed to loaddue the following error.
Error #: -1072896680: XML 문서에는 최상위 요소가 있어야 합니다.
Line #: 0
Line Position: 0
Position In File: 0
Source Text: 
Document URL: 
오후 2:20:39 Your XML Document failed to loaddue the following error.
Error #: -1072896680: XML 문서에는 최상위 요소가 있어야 합니다.
Line #: 0
Line Position: 0
Position In File: 0
Source Text: 
Document URL: 
오후 2:20:42 Your XML Document failed to loaddue the following error.
Error #: -1072896680: XML 문서에는 최상위 요소가 있어야 합니다.
Line #: 0
Line Position: 0
Position In File: 0
Source Text: 
Document URL: 
오후 2:20:44 Your XML Document failed to loaddue the following error.
Error #: -1072896680: XML 문서에는 최상위 요소가 있어야 합니다.
Line #: 0
Line Position: 0
Position In File: 0
Source Text: 
Document URL: 
오후 2:20:46 Your XML Document failed to loaddue the following error.
Error #: -1072896680: XML 문서에는 최상위 요소가 있어야 합니다.
Line #: 0
Line Position: 0
Position In File: 0
Source Text: 
Document URL: 
오후 2:20:48 Your XML Document failed to loaddue the following error.
Error #: -1072896680: XML 문서에는 최상위 요소가 있어야 합니다.
Line #: 0
Line Position: 0
Position In File: 0
Source Text: 
Document URL: 
오후 2:27:19 Your XML Document failed to loaddue the following error.
Error #: -1072896680: XML 문서에는 최상위 요소가 있어야 합니다.
Line #: 0
Line Position: 0
Position In File: 0
Source Text: 
Document URL: 
오후 2:27:21 Your XML Document failed to loaddue the following error.
Error #: -1072896680: XML 문서에는 최상위 요소가 있어야 합니다.
Line #: 0
Line Position: 0
Position In File: 0
Source Text: 
Document URL: 
오후 2:27:24 Your XML Document failed to loaddue the following error.
Error #: -1072896680: XML 문서에는 최상위 요소가 있어야 합니다.
Line #: 0
Line Position: 0
Position In File: 0
Source Text: 
Document URL: 
오후 2:27:26 Your XML Document failed to loaddue the following error.
Error #: -1072896680: XML 문서에는 최상위 요소가 있어야 합니다.
Line #: 0
Line Position: 0
Position In File: 0
Source Text: 
Document URL: 
오후 2:27:28 Your XML Document failed to loaddue the following error.
Error #: -1072896680: XML 문서에는 최상위 요소가 있어야 합니다.
Line #: 0
Line Position: 0
Position In File: 0
Source Text: 
Document URL: 
오후 2:27:30 Your XML Document failed to loaddue the following error.
Error #: -1072896680: XML 문서에는 최상위 요소가 있어야 합니다.
Line #: 0
Line Position: 0
Position In File: 0
Source Text: 
Document URL: 
오후 2:27:33 Your XML Document failed to loaddue the following error.
Error #: -1072896680: XML 문서에는 최상위 요소가 있어야 합니다.
Line #: 0
Line Position: 0
Position In File: 0
Source Text: 
Document URL: 
오후 2:27:35 Your XML Document failed to loaddue the following error.
Error #: -1072896680: XML 문서에는 최상위 요소가 있어야 합니다.
Line #: 0
Line Position: 0
Position In File: 0
Source Text: 
Document URL: 
오후 2:27:37 Your XML Document failed to loaddue the following error.
Error #: -1072896680: XML 문서에는 최상위 요소가 있어야 합니다.
Line #: 0
Line Position: 0
Position In File: 0
Source Text: 
Document URL: 
오후 2:27:40 Your XML Document failed to loaddue the following error.
Error #: -1072896680: XML 문서에는 최상위 요소가 있어야 합니다.
Line #: 0
Line Position: 0
Position In File: 0
Source Text: 
Document URL: 
오후 2:27:42 Your XML Document failed to loaddue the following error.
Error #: -1072896680: XML 문서에는 최상위 요소가 있어야 합니다.
Line #: 0
Line Position: 0
Position In File: 0
Source Text: 
Document URL: 
오후 2:27:44 Your XML Document failed to loaddue the following error.
Error #: -1072896680: XML 문서에는 최상위 요소가 있어야 합니다.
Line #: 0
Line Position: 0
Position In File: 0
Source Text: 
Document URL: 
오후 2:27:46 Your XML Document failed to loaddue the following error.
Error #: -1072896680: XML 문서에는 최상위 요소가 있어야 합니다.
Line #: 0
Line Position: 0
Position In File: 0
Source Text: 
Document URL: 
오후 2:27:49 Your XML Document failed to loaddue the following error.
Error #: -1072896680: XML 문서에는 최상위 요소가 있어야 합니다.
Line #: 0
Line Position: 0
Position In File: 0
Source Text: 
Document URL: 
오후 2:27:51 Your XML Document failed to loaddue the following error.
Error #: -1072896680: XML 문서에는 최상위 요소가 있어야 합니다.
Line #: 0
Line Position: 0
Position In File: 0
Source Text: 
Document URL: 
오후 2:27:53 Your XML Document failed to loaddue the following error.
Error #: -1072896680: XML 문서에는 최상위 요소가 있어야 합니다.
Line #: 0
Line Position: 0
Position In File: 0
Source Text: 
Document URL: 
오후 2:27:55 Your XML Document failed to loaddue the following error.
Error #: -1072896680: XML 문서에는 최상위 요소가 있어야 합니다.
Line #: 0
Line Position: 0
Position In File: 0
Source Text: 
Document URL: 
오후 2:27:58 Your XML Document failed to loaddue the following error.
Error #: -1072896680: XML 문서에는 최상위 요소가 있어야 합니다.
Line #: 0
Line Position: 0
Position In File: 0
Source Text: 
Document URL: 
오후 2:28:00 Your XML Document failed to loaddue the following error.
Error #: -1072896680: XML 문서에는 최상위 요소가 있어야 합니다.
Line #: 0
Line Position: 0
Position In File: 0
Source Text: 
Document URL: 
오후 2:28:02 Your XML Document failed to loaddue the following error.
Error #: -1072896680: XML 문서에는 최상위 요소가 있어야 합니다.
Line #: 0
Line Position: 0
Position In File: 0
Source Text: 
Document URL: 
오후 2:28:04 Your XML Document failed to loaddue the following error.
Error #: -1072896680: XML 문서에는 최상위 요소가 있어야 합니다.
Line #: 0
Line Position: 0
Position In File: 0
Source Text: 
Document URL: 
오후 2:28:07 Your XML Document failed to loaddue the following error.
Error #: -1072896680: XML 문서에는 최상위 요소가 있어야 합니다.
Line #: 0
Line Position: 0
Position In File: 0
Source Text: 
Document URL: 
오후 4:14:04 Your XML Document failed to loaddue the following error.
Error #: -1072896680: XML 문서에는 최상위 요소가 있어야 합니다.
Line #: 0
Line Position: 0
Position In File: 0
Source Text: 
Document URL: 
오후 4:14:06 Your XML Document failed to loaddue the following error.
Error #: -1072896680: XML 문서에는 최상위 요소가 있어야 합니다.
Line #: 0
Line Position: 0
Position In File: 0
Source Text: 
Document URL: 
오후 4:14:08 Your XML Document failed to loaddue the following error.
Error #: -1072896680: XML 문서에는 최상위 요소가 있어야 합니다.
Line #: 0
Line Position: 0
Position In File: 0
Source Text: 
Document URL: 
오후 4:14:10 Your XML Document failed to loaddue the following error.
Error #: -1072896680: XML 문서에는 최상위 요소가 있어야 합니다.
Line #: 0
Line Position: 0
Position In File: 0
Source Text: 
Document URL: 
오후 4:14:13 Your XML Document failed to loaddue the following error.
Error #: -1072896680: XML 문서에는 최상위 요소가 있어야 합니다.
Line #: 0
Line Position: 0
Position In File: 0
Source Text: 
Document URL: 
오후 4:14:15 Your XML Document failed to loaddue the following error.
Error #: -1072896680: XML 문서에는 최상위 요소가 있어야 합니다.
Line #: 0
Line Position: 0
Position In File: 0
Source Text: 
Document URL: 
오후 4:14:17 Your XML Document failed to loaddue the following error.
Error #: -1072896680: XML 문서에는 최상위 요소가 있어야 합니다.
Line #: 0
Line Position: 0
Position In File: 0
Source Text: 
Document URL: 
오후 4:14:20 Your XML Document failed to loaddue the following error.
Error #: -1072896680: XML 문서에는 최상위 요소가 있어야 합니다.
Line #: 0
Line Position: 0
Position In File: 0
Source Text: 
Document URL: 
오후 4:14:22 Your XML Document failed to loaddue the following error.
Error #: -1072896680: XML 문서에는 최상위 요소가 있어야 합니다.
Line #: 0
Line Position: 0
Position In File: 0
Source Text: 
Document URL: 
오후 4:14:24 Your XML Document failed to loaddue the following error.
Error #: -1072896680: XML 문서에는 최상위 요소가 있어야 합니다.
Line #: 0
Line Position: 0
Position In File: 0
Source Text: 
Document URL: 
오후 4:14:26 Your XML Document failed to loaddue the following error.
Error #: -1072896680: XML 문서에는 최상위 요소가 있어야 합니다.
Line #: 0
Line Position: 0
Position In File: 0
Source Text: 
Document URL: 
오후 4:14:29 Your XML Document failed to loaddue the following error.
Error #: -1072896680: XML 문서에는 최상위 요소가 있어야 합니다.
Line #: 0
Line Position: 0
Position In File: 0
Source Text: 
Document URL: 
오후 4:14:31 Your XML Document failed to loaddue the following error.
Error #: -1072896680: XML 문서에는 최상위 요소가 있어야 합니다.
Line #: 0
Line Position: 0
Position In File: 0
Source Text: 
Document URL: 
오후 4:14:33 Your XML Document failed to loaddue the following error.
Error #: -1072896680: XML 문서에는 최상위 요소가 있어야 합니다.
Line #: 0
Line Position: 0
Position In File: 0
Source Text: 
Document URL: 
오후 4:14:35 Your XML Document failed to loaddue the following error.
Error #: -1072896680: XML 문서에는 최상위 요소가 있어야 합니다.
Line #: 0
Line Position: 0
Position In File: 0
Source Text: 
Document URL: 
오후 4:14:38 Your XML Document failed to loaddue the following error.
Error #: -1072896680: XML 문서에는 최상위 요소가 있어야 합니다.
Line #: 0
Line Position: 0
Position In File: 0
Source Text: 
Document URL: 
오후 4:14:40 Your XML Document failed to loaddue the following error.
Error #: -1072896680: XML 문서에는 최상위 요소가 있어야 합니다.
Line #: 0
Line Position: 0
Position In File: 0
Source Text: 
Document URL: 
오후 4:14:42 Your XML Document failed to loaddue the following error.
Error #: -1072896680: XML 문서에는 최상위 요소가 있어야 합니다.
Line #: 0
Line Position: 0
Position In File: 0
Source Text: 
Document URL: 
오후 4:14:44 Your XML Document failed to loaddue the following error.
Error #: -1072896680: XML 문서에는 최상위 요소가 있어야 합니다.
Line #: 0
Line Position: 0
Position In File: 0
Source Text: 
Document URL: 
오후 4:14:47 Your XML Document failed to loaddue the following error.
Error #: -1072896680: XML 문서에는 최상위 요소가 있어야 합니다.
Line #: 0
Line Position: 0
Position In File: 0
Source Text: 
Document URL: 
오후 4:14:49 Your XML Document failed to loaddue the following error.
Error #: -1072896680: XML 문서에는 최상위 요소가 있어야 합니다.
Line #: 0
Line Position: 0
Position In File: 0
Source Text: 
Document URL: 
오후 4:14:51 Your XML Document failed to loaddue the following error.
Error #: -1072896680: XML 문서에는 최상위 요소가 있어야 합니다.
Line #: 0
Line Position: 0
Position In File: 0
Source Text: 
Document URL: 
