오후 6:21:15 
오후 6:21:15 Your XML Document failed to loaddue the following error.
Error #: -1072896680: XML 문서에는 최상위 요소가 있어야 합니다.
Line #: 0
Line Position: 0
Position In File: 0
Source Text: 
Document URL: 
오후 6:21:17 
오후 6:21:17 Your XML Document failed to loaddue the following error.
Error #: -1072896680: XML 문서에는 최상위 요소가 있어야 합니다.
Line #: 0
Line Position: 0
Position In File: 0
Source Text: 
Document URL: 
오후 6:21:19 
오후 6:21:19 Your XML Document failed to loaddue the following error.
Error #: -1072896680: XML 문서에는 최상위 요소가 있어야 합니다.
Line #: 0
Line Position: 0
Position In File: 0
Source Text: 
Document URL: 
오후 6:21:21 
오후 6:21:21 Your XML Document failed to loaddue the following error.
Error #: -1072896680: XML 문서에는 최상위 요소가 있어야 합니다.
Line #: 0
Line Position: 0
Position In File: 0
Source Text: 
Document URL: 
오후 6:21:24 
오후 6:21:24 Your XML Document failed to loaddue the following error.
Error #: -1072896680: XML 문서에는 최상위 요소가 있어야 합니다.
Line #: 0
Line Position: 0
Position In File: 0
Source Text: 
Document URL: 
오후 6:21:26 
오후 6:21:26 Your XML Document failed to loaddue the following error.
Error #: -1072896680: XML 문서에는 최상위 요소가 있어야 합니다.
Line #: 0
Line Position: 0
Position In File: 0
Source Text: 
Document URL: 
오후 6:21:28 
오후 6:21:28 Your XML Document failed to loaddue the following error.
Error #: -1072896680: XML 문서에는 최상위 요소가 있어야 합니다.
Line #: 0
Line Position: 0
Position In File: 0
Source Text: 
Document URL: 
오후 6:21:35 
오후 6:21:35 Your XML Document failed to loaddue the following error.
Error #: -1072896680: XML 문서에는 최상위 요소가 있어야 합니다.
Line #: 0
Line Position: 0
Position In File: 0
Source Text: 
Document URL: 
오후 6:21:37 
오후 6:21:37 Your XML Document failed to loaddue the following error.
Error #: -1072896680: XML 문서에는 최상위 요소가 있어야 합니다.
Line #: 0
Line Position: 0
Position In File: 0
Source Text: 
Document URL: 
오후 6:21:40 
오후 6:21:40 Your XML Document failed to loaddue the following error.
Error #: -1072896680: XML 문서에는 최상위 요소가 있어야 합니다.
Line #: 0
Line Position: 0
Position In File: 0
Source Text: 
Document URL: 
오후 6:21:42 
오후 6:21:42 Your XML Document failed to loaddue the following error.
Error #: -1072896680: XML 문서에는 최상위 요소가 있어야 합니다.
Line #: 0
Line Position: 0
Position In File: 0
Source Text: 
Document URL: 
오후 6:21:44 
오후 6:21:44 Your XML Document failed to loaddue the following error.
Error #: -1072896680: XML 문서에는 최상위 요소가 있어야 합니다.
Line #: 0
Line Position: 0
Position In File: 0
Source Text: 
Document URL: 
오후 6:21:47 
오후 6:21:47 Your XML Document failed to loaddue the following error.
Error #: -1072896680: XML 문서에는 최상위 요소가 있어야 합니다.
Line #: 0
Line Position: 0
Position In File: 0
Source Text: 
Document URL: 
오후 6:21:49 
오후 6:21:49 Your XML Document failed to loaddue the following error.
Error #: -1072896680: XML 문서에는 최상위 요소가 있어야 합니다.
Line #: 0
Line Position: 0
Position In File: 0
Source Text: 
Document URL: 
오후 6:21:56 
오후 6:21:56 Your XML Document failed to loaddue the following error.
Error #: -1072896680: XML 문서에는 최상위 요소가 있어야 합니다.
Line #: 0
Line Position: 0
Position In File: 0
Source Text: 
Document URL: 
오후 6:21:58 
오후 6:21:58 Your XML Document failed to loaddue the following error.
Error #: -1072896680: XML 문서에는 최상위 요소가 있어야 합니다.
Line #: 0
Line Position: 0
Position In File: 0
Source Text: 
Document URL: 
오후 6:22:00 
오후 6:22:00 Your XML Document failed to loaddue the following error.
Error #: -1072896680: XML 문서에는 최상위 요소가 있어야 합니다.
Line #: 0
Line Position: 0
Position In File: 0
Source Text: 
Document URL: 
오후 6:22:02 
오후 6:22:02 Your XML Document failed to loaddue the following error.
Error #: -1072896680: XML 문서에는 최상위 요소가 있어야 합니다.
Line #: 0
Line Position: 0
Position In File: 0
Source Text: 
Document URL: 
오후 6:22:05 
오후 6:22:05 Your XML Document failed to loaddue the following error.
Error #: -1072896680: XML 문서에는 최상위 요소가 있어야 합니다.
Line #: 0
Line Position: 0
Position In File: 0
Source Text: 
Document URL: 
오후 6:22:07 
오후 6:22:07 Your XML Document failed to loaddue the following error.
Error #: -1072896680: XML 문서에는 최상위 요소가 있어야 합니다.
Line #: 0
Line Position: 0
Position In File: 0
Source Text: 
Document URL: 
오후 6:22:09 
오후 6:22:09 Your XML Document failed to loaddue the following error.
Error #: -1072896680: XML 문서에는 최상위 요소가 있어야 합니다.
Line #: 0
Line Position: 0
Position In File: 0
Source Text: 
Document URL: 
오후 6:22:16 
오후 6:22:16 Your XML Document failed to loaddue the following error.
Error #: -1072896680: XML 문서에는 최상위 요소가 있어야 합니다.
Line #: 0
Line Position: 0
Position In File: 0
Source Text: 
Document URL: 
오후 6:22:18 
오후 6:22:18 Your XML Document failed to loaddue the following error.
Error #: -1072896680: XML 문서에는 최상위 요소가 있어야 합니다.
Line #: 0
Line Position: 0
Position In File: 0
Source Text: 
Document URL: 
오후 6:22:21 
오후 6:22:21 Your XML Document failed to loaddue the following error.
Error #: -1072896680: XML 문서에는 최상위 요소가 있어야 합니다.
Line #: 0
Line Position: 0
Position In File: 0
Source Text: 
Document URL: 
오후 6:23:05 
오후 6:23:05 Your XML Document failed to loaddue the following error.
Error #: -1072896680: XML 문서에는 최상위 요소가 있어야 합니다.
Line #: 0
Line Position: 0
Position In File: 0
Source Text: 
Document URL: 
오후 6:23:07 
오후 6:23:07 Your XML Document failed to loaddue the following error.
Error #: -1072896680: XML 문서에는 최상위 요소가 있어야 합니다.
Line #: 0
Line Position: 0
Position In File: 0
Source Text: 
Document URL: 
오후 6:23:09 
오후 6:23:09 Your XML Document failed to loaddue the following error.
Error #: -1072896680: XML 문서에는 최상위 요소가 있어야 합니다.
Line #: 0
Line Position: 0
Position In File: 0
Source Text: 
Document URL: 
오후 6:23:12 
오후 6:23:12 Your XML Document failed to loaddue the following error.
Error #: -1072896680: XML 문서에는 최상위 요소가 있어야 합니다.
Line #: 0
Line Position: 0
Position In File: 0
Source Text: 
Document URL: 
오후 6:23:14 
오후 6:23:14 Your XML Document failed to loaddue the following error.
Error #: -1072896680: XML 문서에는 최상위 요소가 있어야 합니다.
Line #: 0
Line Position: 0
Position In File: 0
Source Text: 
Document URL: 
오후 6:23:16 
오후 6:23:16 Your XML Document failed to loaddue the following error.
Error #: -1072896680: XML 문서에는 최상위 요소가 있어야 합니다.
Line #: 0
Line Position: 0
Position In File: 0
Source Text: 
Document URL: 
오후 6:23:19 
오후 6:23:19 Your XML Document failed to loaddue the following error.
Error #: -1072896680: XML 문서에는 최상위 요소가 있어야 합니다.
Line #: 0
Line Position: 0
Position In File: 0
Source Text: 
Document URL: 
오후 6:43:52 
오후 6:43:52 Your XML Document failed to loaddue the following error.
Error #: -1072896680: XML 문서에는 최상위 요소가 있어야 합니다.
Line #: 0
Line Position: 0
Position In File: 0
Source Text: 
Document URL: 
오후 6:43:54 
오후 6:43:54 Your XML Document failed to loaddue the following error.
Error #: -1072896680: XML 문서에는 최상위 요소가 있어야 합니다.
Line #: 0
Line Position: 0
Position In File: 0
Source Text: 
Document URL: 
오후 6:44:12 
오후 6:44:12 Your XML Document failed to loaddue the following error.
Error #: -1072896680: XML 문서에는 최상위 요소가 있어야 합니다.
Line #: 0
Line Position: 0
Position In File: 0
Source Text: 
Document URL: 
오후 6:44:14 
오후 6:44:14 Your XML Document failed to loaddue the following error.
Error #: -1072896680: XML 문서에는 최상위 요소가 있어야 합니다.
Line #: 0
Line Position: 0
Position In File: 0
Source Text: 
Document URL: 
오후 6:44:23 
오후 6:44:23 Your XML Document failed to loaddue the following error.
Error #: -1072896680: XML 문서에는 최상위 요소가 있어야 합니다.
Line #: 0
Line Position: 0
Position In File: 0
Source Text: 
Document URL: 
오후 6:44:25 
오후 6:44:25 Your XML Document failed to loaddue the following error.
Error #: -1072896680: XML 문서에는 최상위 요소가 있어야 합니다.
Line #: 0
Line Position: 0
Position In File: 0
Source Text: 
Document URL: 
