오후 1:54:00 
오후 1:54:00 Your XML Document failed to loaddue the following error.
Error #: -1072896680: XML 문서에는 최상위 요소가 있어야 합니다.
Line #: 0
Line Position: 0
Position In File: 0
Source Text: 
Document URL: 
오후 1:54:02 
오후 1:54:02 Your XML Document failed to loaddue the following error.
Error #: -1072896680: XML 문서에는 최상위 요소가 있어야 합니다.
Line #: 0
Line Position: 0
Position In File: 0
Source Text: 
Document URL: 
오후 1:55:25 
오후 1:55:25 Your XML Document failed to loaddue the following error.
Error #: -1072896680: XML 문서에는 최상위 요소가 있어야 합니다.
Line #: 0
Line Position: 0
Position In File: 0
Source Text: 
Document URL: 
오후 1:55:28 
오후 1:55:28 Your XML Document failed to loaddue the following error.
Error #: -1072896680: XML 문서에는 최상위 요소가 있어야 합니다.
Line #: 0
Line Position: 0
Position In File: 0
Source Text: 
Document URL: 
오후 1:56:31 
오후 1:56:31 Your XML Document failed to loaddue the following error.
Error #: -1072896680: XML 문서에는 최상위 요소가 있어야 합니다.
Line #: 0
Line Position: 0
Position In File: 0
Source Text: 
Document URL: 
오후 1:57:04 
오후 1:57:04 Your XML Document failed to loaddue the following error.
Error #: -1072896680: XML 문서에는 최상위 요소가 있어야 합니다.
Line #: 0
Line Position: 0
Position In File: 0
Source Text: 
Document URL: 
오후 1:59:36 
오후 1:59:36 Your XML Document failed to loaddue the following error.
Error #: -1072896680: XML 문서에는 최상위 요소가 있어야 합니다.
Line #: 0
Line Position: 0
Position In File: 0
Source Text: 
Document URL: 
오후 1:59:38 
오후 1:59:38 Your XML Document failed to loaddue the following error.
Error #: -1072896680: XML 문서에는 최상위 요소가 있어야 합니다.
Line #: 0
Line Position: 0
Position In File: 0
Source Text: 
Document URL: 
오후 1:59:40 
오후 1:59:40 Your XML Document failed to loaddue the following error.
Error #: -1072896680: XML 문서에는 최상위 요소가 있어야 합니다.
Line #: 0
Line Position: 0
Position In File: 0
Source Text: 
Document URL: 
오후 1:59:43 
오후 1:59:43 Your XML Document failed to loaddue the following error.
Error #: -1072896680: XML 문서에는 최상위 요소가 있어야 합니다.
Line #: 0
Line Position: 0
Position In File: 0
Source Text: 
Document URL: 
오후 1:59:45 
오후 1:59:45 Your XML Document failed to loaddue the following error.
Error #: -1072896680: XML 문서에는 최상위 요소가 있어야 합니다.
Line #: 0
Line Position: 0
Position In File: 0
Source Text: 
Document URL: 
오후 1:59:47 
오후 1:59:47 Your XML Document failed to loaddue the following error.
Error #: -1072896680: XML 문서에는 최상위 요소가 있어야 합니다.
Line #: 0
Line Position: 0
Position In File: 0
Source Text: 
Document URL: 
오후 1:59:50 
오후 1:59:50 Your XML Document failed to loaddue the following error.
Error #: -1072896680: XML 문서에는 최상위 요소가 있어야 합니다.
Line #: 0
Line Position: 0
Position In File: 0
Source Text: 
Document URL: 
오후 1:59:56 
오후 1:59:56 Your XML Document failed to loaddue the following error.
Error #: -1072896680: XML 문서에는 최상위 요소가 있어야 합니다.
Line #: 0
Line Position: 0
Position In File: 0
Source Text: 
Document URL: 
오후 1:59:59 
오후 1:59:59 Your XML Document failed to loaddue the following error.
Error #: -1072896680: XML 문서에는 최상위 요소가 있어야 합니다.
Line #: 0
Line Position: 0
Position In File: 0
Source Text: 
Document URL: 
오후 2:00:01 
오후 2:00:01 Your XML Document failed to loaddue the following error.
Error #: -1072896680: XML 문서에는 최상위 요소가 있어야 합니다.
Line #: 0
Line Position: 0
Position In File: 0
Source Text: 
Document URL: 
오후 2:00:03 
오후 2:00:03 Your XML Document failed to loaddue the following error.
Error #: -1072896680: XML 문서에는 최상위 요소가 있어야 합니다.
Line #: 0
Line Position: 0
Position In File: 0
Source Text: 
Document URL: 
오후 2:00:06 
오후 2:00:06 Your XML Document failed to loaddue the following error.
Error #: -1072896680: XML 문서에는 최상위 요소가 있어야 합니다.
Line #: 0
Line Position: 0
Position In File: 0
Source Text: 
Document URL: 
오후 2:00:08 
오후 2:00:08 Your XML Document failed to loaddue the following error.
Error #: -1072896680: XML 문서에는 최상위 요소가 있어야 합니다.
Line #: 0
Line Position: 0
Position In File: 0
Source Text: 
Document URL: 
오후 2:00:10 
오후 2:00:10 Your XML Document failed to loaddue the following error.
Error #: -1072896680: XML 문서에는 최상위 요소가 있어야 합니다.
Line #: 0
Line Position: 0
Position In File: 0
Source Text: 
Document URL: 
오후 2:00:17 
오후 2:00:17 Your XML Document failed to loaddue the following error.
Error #: -1072896680: XML 문서에는 최상위 요소가 있어야 합니다.
Line #: 0
Line Position: 0
Position In File: 0
Source Text: 
Document URL: 
오후 2:00:19 
오후 2:00:19 Your XML Document failed to loaddue the following error.
Error #: -1072896680: XML 문서에는 최상위 요소가 있어야 합니다.
Line #: 0
Line Position: 0
Position In File: 0
Source Text: 
Document URL: 
오후 2:00:22 
오후 2:00:22 Your XML Document failed to loaddue the following error.
Error #: -1072896680: XML 문서에는 최상위 요소가 있어야 합니다.
Line #: 0
Line Position: 0
Position In File: 0
Source Text: 
Document URL: 
오후 2:00:24 
오후 2:00:24 Your XML Document failed to loaddue the following error.
Error #: -1072896680: XML 문서에는 최상위 요소가 있어야 합니다.
Line #: 0
Line Position: 0
Position In File: 0
Source Text: 
Document URL: 
오후 2:00:26 
오후 2:00:26 Your XML Document failed to loaddue the following error.
Error #: -1072896680: XML 문서에는 최상위 요소가 있어야 합니다.
Line #: 0
Line Position: 0
Position In File: 0
Source Text: 
Document URL: 
오후 2:00:28 
오후 2:00:28 Your XML Document failed to loaddue the following error.
Error #: -1072896680: XML 문서에는 최상위 요소가 있어야 합니다.
Line #: 0
Line Position: 0
Position In File: 0
Source Text: 
Document URL: 
오후 2:00:31 
오후 2:00:31 Your XML Document failed to loaddue the following error.
Error #: -1072896680: XML 문서에는 최상위 요소가 있어야 합니다.
Line #: 0
Line Position: 0
Position In File: 0
Source Text: 
Document URL: 
오후 2:01:44 
오후 2:01:44 Your XML Document failed to loaddue the following error.
Error #: -1072896680: XML 문서에는 최상위 요소가 있어야 합니다.
Line #: 0
Line Position: 0
Position In File: 0
Source Text: 
Document URL: 
오후 2:03:05 Your XML Document failed to loaddue the following error.
Error #: -2147024809: 매개 변수가 틀립니다.
Line #: 0
Line Position: 0
Position In File: 0
Source Text: 
Document URL: 
오후 10:00:25 [Save Error => Return]22:00:25[SOAP]WSDLReader:XML Parser failed at linenumber 0, lineposition 0, reason is: The server name or address could not be resolved

WSDLReader:XML Parser failed at linenumber 0, lineposition 0, reason is: The server name or address could not be resolved
 HRESULT=0x1: 잘못된 기능입니다.
 - WSDLReader:Loading of the WSDL file failed HRESULT=0x80070057: 매개 변수가 틀립니다.
 - Client:One of the parameters supplied is invalid. HRESULT=0x80070057: 매개 변수가 틀립니다.


오후 10:00:25 [Save Error => Return]22:00:25[ERROR]WSDLReader:XML Parser failed at linenumber 0, lineposition 0, reason is: The server name or address could not be resolved
 HRESULT=0x1: 잘못된 기능입니다.
 - WSDLReader:Loading of the WSDL file failed HRESULT=0x80070057: 매개 변수가 틀립니다.
 - Client:One of the parameters supplied is invalid. HRESULT=0x80070057: 매개 변수가 틀립니다.


