오후 4:02:46 Your XML Document failed to loaddue the following error.
Error #: -2147024809: 매개 변수가 틀립니다.
Line #: 0
Line Position: 0
Position In File: 0
Source Text: 
Document URL: 
오후 4:07:05 
오후 4:07:05 Your XML Document failed to loaddue the following error.
Error #: -1072896680: XML 문서에는 최상위 요소가 있어야 합니다.
Line #: 0
Line Position: 0
Position In File: 0
Source Text: 
Document URL: 
오후 4:09:04 
오후 4:09:04 Your XML Document failed to loaddue the following error.
Error #: -1072896680: XML 문서에는 최상위 요소가 있어야 합니다.
Line #: 0
Line Position: 0
Position In File: 0
Source Text: 
Document URL: 
