        Procedure : frmInterface - Private Sub cmdRun()

     Error Source : MSComm

     Error Number : 8002

Error Description : Invalid port number

             Date : 2012년 2월 22일 월요일

             Time : 오전 10:05:17
━━━━━━━━━━━━━━━━━━━━━━━━━━━━━━━━━━━━━━━━
        Procedure : frmInterface - Private Sub cmdRun()

     Error Source : MSComm

     Error Number : 8002

Error Description : Invalid port number

             Date : 2012년 2월 22일 월요일

             Time : 오전 10:05:25
━━━━━━━━━━━━━━━━━━━━━━━━━━━━━━━━━━━━━━━━
        Procedure : frmInterface - Private Sub cmdRun()

     Error Source : MSComm

     Error Number : 8002

Error Description : Invalid port number

             Date : 2012년 2월 22일 월요일

             Time : 오전 10:05:43
━━━━━━━━━━━━━━━━━━━━━━━━━━━━━━━━━━━━━━━━
        Procedure : frmInterface - Private Sub cmdRun()

     Error Source : MSComm

     Error Number : 8002

Error Description : Invalid port number

             Date : 2012년 2월 22일 월요일

             Time : 오전 10:05:57
━━━━━━━━━━━━━━━━━━━━━━━━━━━━━━━━━━━━━━━━
        Procedure : frmInterface - Private Sub cmdRun()

     Error Source : MSComm

     Error Number : 8002

Error Description : Invalid port number

             Date : 2012년 2월 22일 월요일

             Time : 오전 10:14:14
━━━━━━━━━━━━━━━━━━━━━━━━━━━━━━━━━━━━━━━━
        Procedure : frmInterface - Private Sub cmdRun()

     Error Source : MSComm

     Error Number : 8002

Error Description : Invalid port number

             Date : 2012년 2월 22일 월요일

             Time : 오전 10:22:42
━━━━━━━━━━━━━━━━━━━━━━━━━━━━━━━━━━━━━━━━
