        Procedure : frmInterface - Private Sub cmdRun()

     Error Source : MSComm

     Error Number : 8002

Error Description : んお 廓ㄟ 澀跤腎歷蝗棲棻.

             Date : 2004喇 11錯 13橾 錯蹂橾

             Time : 螃瞪 11:35:17
收收收收收收收收收收收收收收收收收收收收收收收收收收收收收收收收收收收收收收收收
        Procedure : frmInterface - Private Sub cmdRun()

     Error Source : MSComm

     Error Number : 8002

Error Description : んお 廓ㄟ 澀跤腎歷蝗棲棻.

             Date : 2004喇 11錯 13橾 錯蹂橾

             Time : 螃瞪 11:52:49
收收收收收收收收收收收收收收收收收收收收收收收收收收收收收收收收收收收收收收收收
        Procedure : frmInterface - Private Sub cmdRun()

     Error Source : MSComm

     Error Number : 8002

Error Description : んお 廓ㄟ 澀跤腎歷蝗棲棻.

             Date : 2004喇 11錯 13橾 錯蹂橾

             Time : 螃瞪 11:54:20
收收收收收收收收收收收收收收收收收收收收收收收收收收收收收收收收收收收收收收收收
        Procedure : frmInterface - Private Sub cmdRun()

     Error Source : MSComm

     Error Number : 8002

Error Description : んお 廓ㄟ 澀跤腎歷蝗棲棻.

             Date : 2004喇 11錯 13橾 錯蹂橾

             Time : 螃 12:00:43
收收收收收收收收收收收收收收收收收收收收收收收收收收收收收收收收收收收收收收收收
        Procedure : frmInterface - Private Sub cmdRun()

     Error Source : MSComm

     Error Number : 8005

Error Description : んお陛 檜嘐 翮溥 氈蝗棲棻.

             Date : 2004喇 11錯 13橾 錯蹂橾

             Time : 螃 12:54:51
收收收收收收收收收收收收收收收收收收收收收收收收收收收收收收收收收收收收收收收收
        Procedure : clsCommon - Public Function f_subSet_TestList() As ADODB.Recordset

     Error Source : Microsoft OLE DB Provider for Oracle

     Error Number : -2147217900

Error Description : ORA-00933: SQL ???? ???? ???? ?????


             Date : 2004喇 11錯 13橾 錯蹂橾

             Time : 螃 1:25:23
收收收收收收收收收收收收收收收收收收收收收收收收收收收收收收收收收收收收收收收收
        Procedure : clsCommon - Public Function f_subSet_TestList() As ADODB.Recordset

     Error Source : Microsoft OLE DB Provider for Oracle

     Error Number : -2147217900

Error Description : ORA-00907: ???? ????


             Date : 2004喇 11錯 13橾 錯蹂橾

             Time : 螃 1:52:34
收收收收收收收收收收收收收收收收收收收收收收收收收收收收收收收收收收收收收收收收
        Procedure : frmInterface - Private Sub cmdRun()

     Error Source : MSComm

     Error Number : 8005

Error Description : んお陛 檜嘐 翮溥 氈蝗棲棻.

             Date : 2004喇 11錯 13橾 錯蹂橾

             Time : 螃 2:29:57
收收收收收收收收收收收收收收收收收收收收收收收收收收收收收收收收收收收收收收收收
        Procedure : frmInterface - Private Sub cmdRun()

     Error Source : MSComm

     Error Number : 8005

Error Description : んお陛 檜嘐 翮溥 氈蝗棲棻.

             Date : 2004喇 11錯 13橾 錯蹂橾

             Time : 螃 2:33:32
收收收收收收收收收收收收收收收收收收收收收收收收收收收收收收收收收收收收收收收收
        Procedure : frmInterface - Private Sub cmdRun()

     Error Source : MSComm

     Error Number : 8005

Error Description : んお陛 檜嘐 翮溥 氈蝗棲棻.

             Date : 2004喇 11錯 13橾 錯蹂橾

             Time : 螃 2:42:54
收收收收收收收收收收收收收收收收收收收收收收收收收收收收收收收收收收收收收收收收
        Procedure : frmInterface - Private Sub cmdRun()

     Error Source : MSComm

     Error Number : 8005

Error Description : んお陛 檜嘐 翮溥 氈蝗棲棻.

             Date : 2004喇 11錯 13橾 錯蹂橾

             Time : 螃 2:48:53
收收收收收收收收收收收收收收收收收收收收收收收收收收收收收收收收收收收收收收收收
        Procedure : frmInterface - Private Sub cmdRun()

     Error Source : MSComm

     Error Number : 8005

Error Description : んお陛 檜嘐 翮溥 氈蝗棲棻.

             Date : 2004喇 11錯 13橾 錯蹂橾

             Time : 螃 3:03:32
收收收收收收收收收收收收收收收收收收收收收收收收收收收收收收收收收收收收收收收收
        Procedure : frmInterface - Private Sub cmdRun()

     Error Source : MSComm

     Error Number : 8005

Error Description : んお陛 檜嘐 翮溥 氈蝗棲棻.

             Date : 2004喇 11錯 13橾 錯蹂橾

             Time : 螃 3:08:44
收收收收收收收收收收收收收收收收收收收收收收收收收收收收收收收收收收收收收收收收
        Procedure : frmInterface - Private Sub cmdRun()

     Error Source : MSComm

     Error Number : 8005

Error Description : んお陛 檜嘐 翮溥 氈蝗棲棻.

             Date : 2004喇 11錯 13橾 錯蹂橾

             Time : 螃 3:09:17
收收收收收收收收收收收收收收收收收收收收收收收收收收收收收收收收收收收收收收收收
        Procedure : frmInterface - Private Sub cmdRun()

     Error Source : MSComm

     Error Number : 8005

Error Description : んお陛 檜嘐 翮溥 氈蝗棲棻.

             Date : 2004喇 11錯 13橾 錯蹂橾

             Time : 螃 3:09:36
收收收收收收收收收收收收收收收收收收收收收收收收收收收收收收收收收收收收收收收收
        Procedure : frmInterface - Private Sub cmdRun()

     Error Source : MSComm

     Error Number : 8005

Error Description : んお陛 檜嘐 翮溥 氈蝗棲棻.

             Date : 2004喇 11錯 13橾 錯蹂橾

             Time : 螃 3:11:19
收收收收收收收收收收收收收收收收收收收收收收收收收收收收收收收收收收收收收收收收
        Procedure : frmInterface - Private Sub cmdRun()

     Error Source : MSComm

     Error Number : 8005

Error Description : んお陛 檜嘐 翮溥 氈蝗棲棻.

             Date : 2004喇 11錯 13橾 錯蹂橾

             Time : 螃 3:13:45
收收收收收收收收收收收收收收收收收收收收收收收收收收收收收收收收收收收收收收收收
        Procedure : clsCommon - Public Function f_subSet_TestList() As ADODB.Recordset

     Error Source : Microsoft OLE DB Provider for Oracle

     Error Number : -2147168242

Error Description : 側 醞檣 お楠燮暮檜 橈蝗棲棻.

             Date : 2004喇 11錯 13橾 錯蹂橾

             Time : 螃 6:14:37
收收收收收收收收收收收收收收收收收收收收收收收收收收收收收收收收收收收收收收收收
        Procedure : clsCommon - Public Function f_subSet_TestList() As ADODB.Recordset

     Error Source : Prestige24

     Error Number : 91

Error Description : 偃羹 滲熱 傳朝 With 僥曖 滲熱陛 撲薑腎橫 氈雖 彊蝗棲棻.

             Date : 2004喇 11錯 13橾 錯蹂橾

             Time : 螃 7:05:01
收收收收收收收收收收收收收收收收收收收收收收收收收收收收收收收收收收收收收收收收
        Procedure : clsCommon - Public Function f_subSet_TestList() As ADODB.Recordset

     Error Source : Prestige24

     Error Number : 91

Error Description : 偃羹 滲熱 傳朝 With 僥曖 滲熱陛 撲薑腎橫 氈雖 彊蝗棲棻.

             Date : 2004喇 11錯 13橾 錯蹂橾

             Time : 螃 7:05:03
收收收收收收收收收收收收收收收收收收收收收收收收收收收收收收收收收收收收收收收收
        Procedure : Private Sub MDIForm_Tool()

     Error Source : ADODB.Recordset

     Error Number : 3709

Error Description : 檜 濛機擊 熱чж朝 等 翱唸擊 餌辨й 熱 橈蝗棲棻. 檜 鐘臢蝶お縑憮 翱唸檜 殘⑵ 氈剪釭 澀跤腎歷蝗棲棻.

             Date : 2004喇 11錯 13橾 錯蹂橾

             Time : 螃 7:23:53
收收收收收收收收收收收收收收收收收收收收收收收收收收收收收收收收收收收收收收收收
        Procedure : Private Sub MDIForm_Tool()

     Error Source : ADODB.Recordset

     Error Number : 3704

Error Description : 偃羹陛 殘⑵氈戲賊 濛機檜 ъ辨腎雖 彊蝗棲棻.

             Date : 2004喇 11錯 13橾 錯蹂橾

             Time : 螃 7:23:55
收收收收收收收收收收收收收收收收收收收收收收收收收收收收收收收收收收收收收收收收
        Procedure : Private Sub MDIForm_Tool()

     Error Source : ADODB.Recordset

     Error Number : 3704

Error Description : 偃羹陛 殘⑵氈戲賊 濛機檜 ъ辨腎雖 彊蝗棲棻.

             Date : 2004喇 11錯 13橾 錯蹂橾

             Time : 螃 7:23:56
收收收收收收收收收收收收收收收收收收收收收收收收收收收收收收收收收收收收收收收收
        Procedure : Private Sub MDIForm_Tool()

     Error Source : ADODB.Recordset

     Error Number : 3704

Error Description : 偃羹陛 殘⑵氈戲賊 濛機檜 ъ辨腎雖 彊蝗棲棻.

             Date : 2004喇 11錯 13橾 錯蹂橾

             Time : 螃 7:23:56
收收收收收收收收收收收收收收收收收收收收收收收收收收收收收收收收收收收收收收收收
        Procedure : Private Sub MDIForm_Tool()

     Error Source : ADODB.Fields

     Error Number : 3265

Error Description : 蹂羶и 檜葷 傳朝 憮熱縑 п渡ж朝 鏽滓暮縑憮 о跡擊 瓊擊 熱 橈蝗棲棻.

             Date : 2004喇 11錯 13橾 錯蹂橾

             Time : 螃 7:23:56
收收收收收收收收收收收收收收收收收收收收收收收收收收收收收收收收收收收收收收收收
        Procedure : Private Sub MDIForm_Tool()

     Error Source : ADODB.Recordset

     Error Number : 3704

Error Description : 偃羹陛 殘⑵氈戲賊 濛機檜 ъ辨腎雖 彊蝗棲棻.

             Date : 2004喇 11錯 13橾 錯蹂橾

             Time : 螃 7:23:57
收收收收收收收收收收收收收收收收收收收收收收收收收收收收收收收收收收收收收收收收
        Procedure : Private Sub MDIForm_Tool()

     Error Source : ADODB.Recordset

     Error Number : 3709

Error Description : 檜 濛機擊 熱чж朝 等 翱唸擊 餌辨й 熱 橈蝗棲棻. 檜 鐘臢蝶お縑憮 翱唸檜 殘⑵ 氈剪釭 澀跤腎歷蝗棲棻.

             Date : 2004喇 11錯 13橾 錯蹂橾

             Time : 螃 7:23:57
收收收收收收收收收收收收收收收收收收收收收收收收收收收收收收收收收收收收收收收收
        Procedure : Private Sub MDIForm_Tool()

     Error Source : ADODB.Recordset

     Error Number : 3704

Error Description : 偃羹陛 殘⑵氈戲賊 濛機檜 ъ辨腎雖 彊蝗棲棻.

             Date : 2004喇 11錯 13橾 錯蹂橾

             Time : 螃 7:23:57
收收收收收收收收收收收收收收收收收收收收收收收收收收收收收收收收收收收收收收收收
        Procedure : Private Sub MDIForm_Tool()

     Error Source : ADODB.Recordset

     Error Number : 3704

Error Description : 偃羹陛 殘⑵氈戲賊 濛機檜 ъ辨腎雖 彊蝗棲棻.

             Date : 2004喇 11錯 13橾 錯蹂橾

             Time : 螃 7:23:57
收收收收收收收收收收收收收收收收收收收收收收收收收收收收收收收收收收收收收收收收
        Procedure : Private Sub MDIForm_Tool()

     Error Source : ADODB.Recordset

     Error Number : 3704

Error Description : 偃羹陛 殘⑵氈戲賊 濛機檜 ъ辨腎雖 彊蝗棲棻.

             Date : 2004喇 11錯 13橾 錯蹂橾

             Time : 螃 7:23:57
收收收收收收收收收收收收收收收收收收收收收收收收收收收收收收收收收收收收收收收收
        Procedure : frmInterface - Private Sub cmdRun()

     Error Source : MSComm

     Error Number : 8002

Error Description : んお 廓ㄟ 澀跤腎歷蝗棲棻.

             Date : 2004喇 11錯 13橾 錯蹂橾

             Time : 螃 7:25:17
收收收收收收收收收收收收收收收收收收收收收收收收收收收收收收收收收收收收收收收收
        Procedure : frmInterface - Private Sub cmdRun()

     Error Source : MSComm

     Error Number : 8002

Error Description : んお 廓ㄟ 澀跤腎歷蝗棲棻.

             Date : 2004喇 11錯 13橾 錯蹂橾

             Time : 螃 7:39:24
收收收收收收收收收收收收收收收收收收收收收收收收收收收收收收收收收收收收收收收收
        Procedure : frmInterface - Private Sub cmdRun()

     Error Source : MSComm

     Error Number : 8002

Error Description : んお 廓ㄟ 澀跤腎歷蝗棲棻.

             Date : 2004喇 11錯 13橾 錯蹂橾

             Time : 螃 7:46:18
收收收收收收收收收收收收收收收收收收收收收收收收收收收收收收收收收收收收收收收收
