65 행: CaptionBar1 컨트롤의 HSCotrol.CaptionBar 클래스는 로드한 컨트롤 클래스가 아닙니다.
97 행: cmdSerch 컨트롤의 HSCotrol.CButton 클래스는 로드한 컨트롤 클래스가 아닙니다.
121 행: cmdOK 컨트롤의 HSCotrol.CButton 클래스는 로드한 컨트롤 클래스가 아닙니다.
144 행: cmdCancel 컨트롤의 HSCotrol.CButton 클래스는 로드한 컨트롤 클래스가 아닙니다.
72 행: CaptionBar1의 _ExtentX 속성 이름이 잘못되었습니다. 
73 행: CaptionBar1의 _ExtentY 속성 이름이 잘못되었습니다. 
75 행: CaptionBar1의 CaptionBackColor 속성 이름이 잘못되었습니다. 
77 행: CaptionBar1의 Caption 속성 이름이 잘못되었습니다. 
95 행: CaptionBar1의 SubCaptionFont 속성 이름이 잘못되었습니다. 
65 행: CaptionBar1의 Picture 속성을 설정할 수 없습니다.
103 행: cmdSerch의 _ExtentX 속성 이름이 잘못되었습니다. 
104 행: cmdSerch의 _ExtentY 속성 이름이 잘못되었습니다. 
105 행: cmdSerch의 Caption 속성 이름이 잘못되었습니다. 
116 행: cmdSerch의 MaskColor 속성 이름이 잘못되었습니다. 
117 행: cmdSerch의 PicCapAlign 속성 이름이 잘못되었습니다. 
119 행: cmdSerch의 BorderColor 속성 이름이 잘못되었습니다. 
97 행: cmdSerch의 Picture 속성을 설정할 수 없습니다.
128 행: cmdOK의 _ExtentX 속성 이름이 잘못되었습니다. 
129 행: cmdOK의 _ExtentY 속성 이름이 잘못되었습니다. 
130 행: cmdOK의 Caption 속성 이름이 잘못되었습니다. 
140 행: cmdOK의 MaskColor 속성 이름이 잘못되었습니다. 
142 행: cmdOK의 BorderColor 속성 이름이 잘못되었습니다. 
151 행: cmdCancel의 _ExtentX 속성 이름이 잘못되었습니다. 
152 행: cmdCancel의 _ExtentY 속성 이름이 잘못되었습니다. 
153 행: cmdCancel의 Caption 속성 이름이 잘못되었습니다. 
163 행: cmdCancel의 MaskColor 속성 이름이 잘못되었습니다. 
165 행: cmdCancel의 BorderColor 속성 이름이 잘못되었습니다. 
