        Procedure : frmInterface - Private Sub cmdRun()

     Error Source : MSComm

     Error Number : 8002

Error Description : 포트 번호가 잘못되었습니다.

             Date : 2013년 5월 6일 월요일

             Time : 오전 9:02:45
━━━━━━━━━━━━━━━━━━━━━━━━━━━━━━━━━━━━━━━━
        Procedure : frmInterface - Private Sub cmdRun()

     Error Source : MSComm

     Error Number : 8002

Error Description : 포트 번호가 잘못되었습니다.

             Date : 2013년 5월 6일 월요일

             Time : 오전 9:03:04
━━━━━━━━━━━━━━━━━━━━━━━━━━━━━━━━━━━━━━━━
        Procedure : frmInterface - Private Sub cmdRun()

     Error Source : MSComm

     Error Number : 8002

Error Description : 포트 번호가 잘못되었습니다.

             Date : 2013년 5월 6일 월요일

             Time : 오전 9:04:52
━━━━━━━━━━━━━━━━━━━━━━━━━━━━━━━━━━━━━━━━
        Procedure : frmInterface - Private Sub cmdRun()

     Error Source : MSComm

     Error Number : 8002

Error Description : 포트 번호가 잘못되었습니다.

             Date : 2013년 5월 6일 월요일

             Time : 오후 4:01:05
━━━━━━━━━━━━━━━━━━━━━━━━━━━━━━━━━━━━━━━━
        Procedure : frmInterface - Private Sub cmdRun()

     Error Source : MSComm

     Error Number : 8002

Error Description : 포트 번호가 잘못되었습니다.

             Date : 2013년 5월 6일 월요일

             Time : 오후 4:01:32
━━━━━━━━━━━━━━━━━━━━━━━━━━━━━━━━━━━━━━━━
        Procedure : frmComm - Private Sub cmdAppend_Click()

     Error Source : HumaSis

     Error Number : 49

Error Description : DLL 호출 규정이 잘못되었습니다.

             Date : 2013년 5월 6일 월요일

             Time : 오후 4:26:09
━━━━━━━━━━━━━━━━━━━━━━━━━━━━━━━━━━━━━━━━
