        Procedure : frmInterface - Private Sub cmdRun()

     Error Source : MSComm

     Error Number : 8002

Error Description : 포트 번호가 잘못되었습니다.

             Date : 2011년 6월 21일 월요일

             Time : 오후 12:59:41
━━━━━━━━━━━━━━━━━━━━━━━━━━━━━━━━━━━━━━━━
    Procedure : clsCommon - Public Function Get_EqpProperty(ByVal strEqpCd As String) As ADODB.Recordset

 Error Number : -2147217865

  Description : Microsoft Jet 데이터베이스 엔진에서 입력 테이블이나 'INTERFACE001' 쿼리를 찾을 수 없습니다. 테이블이나 쿼리가 있는지, 이름을 정확히 입력했는지를 확인하십시오.

       Source : Microsoft JET Database Engine

    SQL State : 3078

 Native Error : -524420377

   SQL String : SELECT EQP_CD, EQP_NM, CALL_ID, STATION, WORK_ST, SAVE_DT, BUY_DT, TMP_LH, VENDOR, CHARGE, BUY_TEL, PRODUCT, MODEL_NO, COM_PORT, COM_SPEED, COM_DATABIT, COM_PARITYBIT, COM_STOPBIT, COM_HANDSHAK, COM_INPUTMOD, COM_DTR, COM_EOF, COM_NULDIS, COM_RTS, COM_ECHO, COM_IBS, COM_INLEN, COM_OBS, COM_PTR, COM_RTH, COM_STH FROM INTERFACE001 WHERE EQP_CD = ''

         Date : 2011년 6월 21일 월요일

         Time : 오후 1:20:48
━━━━━━━━━━━━━━━━━━━━━━━━━━━━━━━━━━━━━━━━
    Procedure : clsCommon - Public Function Get_InstrumentList() As ADODB.Recordset

 Error Number : -2147217865

  Description : Microsoft Jet 데이터베이스 엔진에서 입력 테이블이나 'INTERFACE001' 쿼리를 찾을 수 없습니다. 테이블이나 쿼리가 있는지, 이름을 정확히 입력했는지를 확인하십시오.

       Source : Microsoft JET Database Engine

    SQL State : 3078

 Native Error : -524420377

   SQL String : SELECT * FROM INTERFACE001 ORDER BY EQP_CD, EQP_NM 

         Date : 2011년 6월 21일 월요일

         Time : 오후 1:20:52
━━━━━━━━━━━━━━━━━━━━━━━━━━━━━━━━━━━━━━━━
        Procedure : frmInterface - Private Sub cmdRun()

     Error Source : MSComm

     Error Number : 8002

Error Description : 포트 번호가 잘못되었습니다.

             Date : 2011년 6월 21일 월요일

             Time : 오후 1:21:28
━━━━━━━━━━━━━━━━━━━━━━━━━━━━━━━━━━━━━━━━
        Procedure : clsCommon - Public Function f_subSet_WorkList() As ADODB.Recordset

     Error Source : KX21

     Error Number : 9

Error Description : 첨자 사용이 잘못되었습니다.

             Date : 2011년 6월 21일 월요일

             Time : 오후 1:32:09
━━━━━━━━━━━━━━━━━━━━━━━━━━━━━━━━━━━━━━━━
        Procedure : clsCommon - Public Function f_subSet_WorkList() As ADODB.Recordset

     Error Source : KX21

     Error Number : 13

Error Description : 형식이 일치하지 않습니다.

             Date : 2011년 6월 21일 월요일

             Time : 오후 1:38:53
━━━━━━━━━━━━━━━━━━━━━━━━━━━━━━━━━━━━━━━━
        Procedure : clsCommon - Public Function f_subSet_WorkList() As ADODB.Recordset

     Error Source : KX21

     Error Number : 9

Error Description : 첨자 사용이 잘못되었습니다.

             Date : 2011년 6월 21일 월요일

             Time : 오후 1:44:10
━━━━━━━━━━━━━━━━━━━━━━━━━━━━━━━━━━━━━━━━
        Procedure : clsCommon - Public Function f_subSet_WorkList() As ADODB.Recordset

     Error Source : KX21

     Error Number : 9

Error Description : 첨자 사용이 잘못되었습니다.

             Date : 2011년 6월 21일 월요일

             Time : 오후 1:44:08
━━━━━━━━━━━━━━━━━━━━━━━━━━━━━━━━━━━━━━━━
        Procedure : clsCommon - Public Function f_subSet_WorkList() As ADODB.Recordset

     Error Source : KX21

     Error Number : 9

Error Description : 첨자 사용이 잘못되었습니다.

             Date : 2011년 6월 21일 월요일

             Time : 오후 1:49:06
━━━━━━━━━━━━━━━━━━━━━━━━━━━━━━━━━━━━━━━━
        Procedure : clsCommon - Public Function f_subSet_WorkList() As ADODB.Recordset

     Error Source : KX21

     Error Number : 9

Error Description : 첨자 사용이 잘못되었습니다.

             Date : 2011년 6월 21일 월요일

             Time : 오후 1:50:00
━━━━━━━━━━━━━━━━━━━━━━━━━━━━━━━━━━━━━━━━
        Procedure : clsCommon - Public Function f_subSet_WorkList() As ADODB.Recordset

     Error Source : KX21

     Error Number : 9

Error Description : 첨자 사용이 잘못되었습니다.

             Date : 2011년 6월 21일 월요일

             Time : 오후 1:49:59
━━━━━━━━━━━━━━━━━━━━━━━━━━━━━━━━━━━━━━━━
        Procedure : clsCommon - Public Function f_subSet_WorkList() As ADODB.Recordset

     Error Source : KX21

     Error Number : 9

Error Description : 첨자 사용이 잘못되었습니다.

             Date : 2011년 6월 21일 월요일

             Time : 오후 1:49:57
━━━━━━━━━━━━━━━━━━━━━━━━━━━━━━━━━━━━━━━━
        Procedure : clsCommon - Public Function f_subSet_WorkList() As ADODB.Recordset

     Error Source : KX21

     Error Number : 9

Error Description : 첨자 사용이 잘못되었습니다.

             Date : 2011년 6월 21일 월요일

             Time : 오후 1:49:56
━━━━━━━━━━━━━━━━━━━━━━━━━━━━━━━━━━━━━━━━
